<?xml version="1.0"?>
<spawns>
<spawn centerx="262" centery="219" centerz="0" radius="5">
<monster name="ArchAngel" direction="2" spawntime="60" x="-2" y="0"/>
<monster name="ArchAngel" direction="2" spawntime="60" x="1" y="0"/>
</spawn>
<spawn centerx="236" centery="228" centerz="0" radius="5">
<monster name="ArchAngel" direction="2" spawntime="60" x="2" y="0"/>
<monster name="ArchAngel" direction="2" spawntime="60" x="-1" y="1"/>
</spawn>
<spawn centerx="266" centery="228" centerz="0" radius="5">
<monster name="ArchAngel" direction="2" spawntime="60" x="-1" y="-1"/>
<monster name="ArchAngel" direction="2" spawntime="60" x="0" y="1"/>
</spawn>
<spawn centerx="252" centery="230" centerz="0" radius="5">
<monster name="God" direction="2" spawntime="60" x="0" y="-1"/>
</spawn>
<spawn centerx="282" centery="233" centerz="0" radius="5">
<monster name="Angel" direction="2" spawntime="60" x="-3" y="-2"/>
<monster name="ArchAngel" direction="2" spawntime="60" x="1" y="-2"/>
<monster name="Angel" direction="2" spawntime="60" x="1" y="3"/>
</spawn>
<spawn centerx="229" centery="238" centerz="0" radius="5">
<monster name="Angel" direction="2" spawntime="60" x="1" y="-3"/>
<monster name="ArchAngel" direction="2" spawntime="60" x="-1" y="-1"/>
<monster name="Angel" direction="2" spawntime="60" x="-3" y="1"/>
<monster name="Angel" direction="2" spawntime="60" x="2" y="5"/>
</spawn>
<spawn centerx="297" centery="240" centerz="0" radius="5">
<monster name="ArchAngel" direction="2" spawntime="60" x="1" y="-1"/>
<monster name="ArchAngel" direction="2" spawntime="60" x="1" y="2"/>
</spawn>
<spawn centerx="232" centery="246" centerz="0" radius="5">
<monster name="ArchAngel" direction="2" spawntime="60" x="-1" y="0"/>
<monster name="Angel" direction="2" spawntime="60" x="0" y="2"/>
</spawn>
<spawn centerx="283" centery="246" centerz="0" radius="5">
<monster name="Angel" direction="2" spawntime="60" x="1" y="-3"/>
<monster name="ArchAngel" direction="2" spawntime="60" x="-1" y="-2"/>
<monster name="Angel" direction="2" spawntime="60" x="-1" y="1"/>
<monster name="ArchAngel" direction="2" spawntime="60" x="1" y="1"/>
</spawn>
<spawn centerx="251" centery="248" centerz="0" radius="5">
<monster name="ArchAngel" direction="2" spawntime="60" x="-1" y="-1"/>
<monster name="ArchAngel" direction="2" spawntime="60" x="0" y="-1"/>
<monster name="ArchAngel" direction="2" spawntime="60" x="1" y="-1"/>
<monster name="ArchAngel" direction="2" spawntime="60" x="-2" y="0"/>
<monster name="ArchAngel" direction="2" spawntime="60" x="2" y="0"/>
<monster name="ArchAngel" direction="2" spawntime="60" x="-1" y="1"/>
<monster name="ArchAngel" direction="2" spawntime="60" x="0" y="1"/>
</spawn>
<spawn centerx="272" centery="251" centerz="0" radius="5">
<monster name="Angel" direction="2" spawntime="60" x="-2" y="-3"/>
<monster name="ArchAngel" direction="2" spawntime="60" x="0" y="-2"/>
<monster name="Angel" direction="2" spawntime="60" x="3" y="0"/>
<monster name="Angel" direction="2" spawntime="60" x="-1" y="3"/>
</spawn>
<spawn centerx="236" centery="254" centerz="0" radius="5">
<monster name="Angel" direction="2" spawntime="60" x="-2" y="-2"/>
<monster name="ArchAngel" direction="2" spawntime="60" x="-1" y="1"/>
<monster name="Angel" direction="2" spawntime="60" x="-3" y="4"/>
</spawn>
<spawn centerx="248" centery="257" centerz="0" radius="5">
<monster name="Angel" direction="2" spawntime="60" x="-3" y="-4"/>
<monster name="ArchAngel" direction="2" spawntime="60" x="-2" y="-1"/>
<monster name="Angel" direction="2" spawntime="60" x="2" y="0"/>
<monster name="Angel" direction="2" spawntime="60" x="-2" y="3"/>
</spawn>
<spawn centerx="260" centery="257" centerz="0" radius="5">
<monster name="Angel" direction="2" spawntime="60" x="3" y="-4"/>
<monster name="ArchAngel" direction="2" spawntime="60" x="2" y="-1"/>
<monster name="Angel" direction="2" spawntime="60" x="-3" y="0"/>
<monster name="Angel" direction="2" spawntime="60" x="2" y="3"/>
</spawn>
<spawn centerx="274" centery="260" centerz="0" radius="5">
<monster name="Angel" direction="2" spawntime="60" x="-3" y="-1"/>
<monster name="ArchAngel" direction="2" spawntime="60" x="2" y="0"/>
<monster name="Angel" direction="2" spawntime="60" x="2" y="3"/>
</spawn>
<spawn centerx="255" centery="266" centerz="0" radius="5">
<monster name="ArchAngel" direction="2" spawntime="60" x="-1" y="1"/>
<monster name="ArchAngel" direction="2" spawntime="60" x="2" y="1"/>
</spawn>
<spawn centerx="255" centery="279" centerz="0" radius="5">
<monster name="Monk" direction="2" spawntime="60" x="-2" y="-1"/>
<monster name="Monk" direction="2" spawntime="60" x="3" y="-1"/>
</spawn>
<spawn centerx="256" centery="288" centerz="1" radius="5">
<monster name="ArchAngel" direction="2" spawntime="60" x="0" y="-1"/>
<monster name="ArchAngel" direction="2" spawntime="60" x="-1" y="0"/>
</spawn>
<spawn centerx="246" centery="289" centerz="1" radius="5">
<monster name="ArchAngel" direction="2" spawntime="60" x="0" y="0"/>
</spawn>
<spawn centerx="265" centery="289" centerz="1" radius="5">
<monster name="ArchAngel" direction="2" spawntime="60" x="0" y="0"/>
</spawn>
<spawn centerx="256" centery="299" centerz="1" radius="5">
<monster name="ArchAngel" direction="2" spawntime="60" x="0" y="-1"/>
<monster name="ArchAngel" direction="2" spawntime="60" x="-1" y="0"/>
</spawn>
<spawn centerx="246" centery="304" centerz="1" radius="5">
<monster name="ArchAngel" direction="2" spawntime="60" x="0" y="0"/>
</spawn>
<spawn centerx="265" centery="304" centerz="1" radius="5">
<monster name="ArchAngel" direction="2" spawntime="60" x="0" y="0"/>
</spawn>
<spawn centerx="255" centery="309" centerz="1" radius="5">
<monster name="ArchAngel" direction="2" spawntime="60" x="0" y="-1"/>
<monster name="ArchAngel" direction="2" spawntime="60" x="0" y="1"/>
</spawn>
<spawn centerx="246" centery="318" centerz="1" radius="5">
<monster name="ArchAngel" direction="2" spawntime="60" x="0" y="0"/>
</spawn>
<spawn centerx="265" centery="318" centerz="1" radius="5">
<monster name="ArchAngel" direction="2" spawntime="60" x="0" y="0"/>
</spawn>
<spawn centerx="255" centery="320" centerz="1" radius="5">
<monster name="ArchAngel" direction="2" spawntime="60" x="0" y="-1"/>
<monster name="ArchAngel" direction="2" spawntime="60" x="0" y="1"/>
</spawn>
<spawn centerx="256" centery="335" centerz="1" radius="5">
<monster name="ArchAngel" direction="2" spawntime="60" x="0" y="1"/>
</spawn>
<spawn centerx="277" centery="335" centerz="1" radius="5">
<monster name="ArchAngel" direction="2" spawntime="60" x="-1" y="1"/>
</spawn>
<spawn centerx="241" centery="336" centerz="1" radius="5">
<monster name="ArchAngel" direction="2" spawntime="60" x="-1" y="0"/>
</spawn>
<spawn centerx="267" centery="336" centerz="1" radius="5">
<monster name="ArchAngel" direction="2" spawntime="60" x="-1" y="1"/>
</spawn>
<spawn centerx="228" centery="338" centerz="1" radius="5">
<monster name="ArchAngel" direction="2" spawntime="60" x="-1" y="0"/>
</spawn>
<spawn centerx="251" centery="344" centerz="1" radius="5">
<monster name="ArchAngel" direction="2" spawntime="60" x="0" y="1"/>
</spawn>
<spawn centerx="263" centery="345" centerz="1" radius="5">
<monster name="ArchAngel" direction="2" spawntime="60" x="-1" y="1"/>
</spawn>
<spawn centerx="273" centery="345" centerz="1" radius="5">
<monster name="ArchAngel" direction="2" spawntime="60" x="0" y="1"/>
</spawn>
<spawn centerx="241" centery="346" centerz="1" radius="5">
<monster name="ArchAngel" direction="2" spawntime="60" x="-1" y="1"/>
</spawn>
<spawn centerx="261" centery="366" centerz="1" radius="5">
<monster name="Angel" direction="2" spawntime="60" x="0" y="-3"/>
<monster name="Angel" direction="2" spawntime="60" x="-3" y="-2"/>
<monster name="Angel" direction="2" spawntime="60" x="2" y="0"/>
<monster name="Angel" direction="2" spawntime="60" x="-2" y="1"/>
<monster name="Angel" direction="2" spawntime="60" x="-2" y="3"/>
<monster name="Angel" direction="2" spawntime="60" x="3" y="3"/>
</spawn>
<spawn centerx="279" centery="367" centerz="1" radius="5">
<monster name="Angel" direction="2" spawntime="60" x="-1" y="1"/>
</spawn>
<spawn centerx="237" centery="372" centerz="1" radius="5">
<monster name="Angel" direction="2" spawntime="60" x="0" y="1"/>
</spawn>
<spawn centerx="255" centery="376" centerz="1" radius="5">
<monster name="Angel" direction="2" spawntime="60" x="-1" y="-2"/>
<monster name="Angel" direction="2" spawntime="60" x="-3" y="0"/>
<monster name="Angel" direction="2" spawntime="60" x="-2" y="0"/>
<monster name="Angel" direction="2" spawntime="60" x="1" y="0"/>
<monster name="Angel" direction="2" spawntime="60" x="-2" y="3"/>
<monster name="Angel" direction="2" spawntime="60" x="1" y="3"/>
</spawn>
<spawn centerx="267" centery="377" centerz="1" radius="5">
<monster name="Angel" direction="2" spawntime="60" x="1" y="-4"/>
<monster name="Angel" direction="2" spawntime="60" x="-4" y="-1"/>
<monster name="Angel" direction="2" spawntime="60" x="2" y="1"/>
<monster name="Angel" direction="2" spawntime="60" x="-1" y="3"/>
</spawn>
<spawn centerx="279" centery="380" centerz="1" radius="5">
<monster name="Angel" direction="2" spawntime="60" x="0" y="-3"/>
<monster name="Angel" direction="2" spawntime="60" x="3" y="0"/>
<monster name="Angel" direction="2" spawntime="60" x="-3" y="1"/>
<monster name="Angel" direction="2" spawntime="60" x="2" y="3"/>
<monster name="Angel" direction="2" spawntime="60" x="-1" y="4"/>
</spawn>
<spawn centerx="244" centery="382" centerz="1" radius="5">
<monster name="Angel" direction="2" spawntime="60" x="0" y="-5"/>
<monster name="Angel" direction="2" spawntime="60" x="-1" y="-1"/>
<monster name="Angel" direction="2" spawntime="60" x="2" y="0"/>
<monster name="Angel" direction="2" spawntime="60" x="-3" y="3"/>
<monster name="Angel" direction="2" spawntime="60" x="-2" y="4"/>
</spawn>
<spawn centerx="234" centery="383" centerz="1" radius="5">
<monster name="Angel" direction="2" spawntime="60" x="0" y="1"/>
</spawn>
<spawn centerx="292" centery="385" centerz="1" radius="5">
<monster name="Angel" direction="2" spawntime="60" x="-1" y="0"/>
</spawn>
<spawn centerx="256" centery="388" centerz="1" radius="5">
<monster name="Angel" direction="2" spawntime="60" x="0" y="-4"/>
<monster name="Angel" direction="2" spawntime="60" x="-2" y="0"/>
<monster name="Angel" direction="2" spawntime="60" x="1" y="1"/>
<monster name="Angel" direction="2" spawntime="60" x="3" y="1"/>
</spawn>
<spawn centerx="267" centery="389" centerz="1" radius="5">
<monster name="Angel" direction="2" spawntime="60" x="-1" y="-2"/>
<monster name="Angel" direction="2" spawntime="60" x="1" y="-1"/>
<monster name="Angel" direction="2" spawntime="60" x="-2" y="1"/>
<monster name="Angel" direction="2" spawntime="60" x="1" y="1"/>
</spawn>
<spawn centerx="243" centery="396" centerz="1" radius="5">
<monster name="Angel" direction="2" spawntime="60" x="0" y="0"/>
</spawn>
<spawn centerx="281" centery="399" centerz="1" radius="5">
<monster name="Angel" direction="2" spawntime="60" x="-1" y="-1"/>
</spawn>
<spawn centerx="105" centery="407" centerz="1" radius="5">
<monster name="Angel" direction="2" spawntime="60" x="0" y="-1"/>
<monster name="Angel" direction="2" spawntime="60" x="1" y="0"/>
</spawn>
<spawn centerx="113" centery="407" centerz="1" radius="5">
<monster name="Angel" direction="2" spawntime="60" x="0" y="-1"/>
<monster name="Angel" direction="2" spawntime="60" x="0" y="1"/>
</spawn>
<spawn centerx="121" centery="407" centerz="1" radius="5">
<monster name="Angel" direction="2" spawntime="60" x="0" y="-1"/>
<monster name="Angel" direction="2" spawntime="60" x="1" y="0"/>
<monster name="ArchAngel" direction="2" spawntime="60" x="4" y="5"/>
</spawn>
<spawn centerx="130" centery="407" centerz="1" radius="5">
<monster name="Angel" direction="2" spawntime="60" x="0" y="-1"/>
<monster name="Angel" direction="2" spawntime="60" x="-1" y="0"/>
</spawn>
<spawn centerx="140" centery="407" centerz="1" radius="5">
<monster name="Angel" direction="2" spawntime="60" x="1" y="0"/>
<monster name="Angel" direction="2" spawntime="60" x="1" y="1"/>
</spawn>
<spawn centerx="150" centery="407" centerz="1" radius="5">
<monster name="Angel" direction="2" spawntime="60" x="-1" y="0"/>
<monster name="Angel" direction="2" spawntime="60" x="1" y="0"/>
<monster name="ArchAngel" direction="2" spawntime="60" x="-1" y="5"/>
</spawn>
<spawn centerx="161" centery="407" centerz="1" radius="5">
<monster name="Angel" direction="2" spawntime="60" x="-1" y="-1"/>
<monster name="Angel" direction="2" spawntime="60" x="-1" y="0"/>
<monster name="Angel" direction="2" spawntime="60" x="2" y="5"/>
<monster name="Angel" direction="2" spawntime="60" x="3" y="5"/>
</spawn>
<spawn centerx="196" centery="410" centerz="1" radius="5">
<monster name="Angel" direction="2" spawntime="60" x="-1" y="0"/>
<monster name="Angel" direction="2" spawntime="60" x="1" y="0"/>
<monster name="Angel" direction="2" spawntime="60" x="0" y="4"/>
</spawn>
<spawn centerx="269" centery="411" centerz="1" radius="5">
<monster name="Angel" direction="2" spawntime="60" x="1" y="0"/>
<monster name="Angel" direction="2" spawntime="60" x="0" y="1"/>
</spawn>
<spawn centerx="113" centery="412" centerz="1" radius="5">
<monster name="ArchAngel" direction="2" spawntime="60" x="4" y="1"/>
<monster name="ArchAngel" direction="2" spawntime="60" x="-4" y="2"/>
<monster name="ArchAngel" direction="2" spawntime="60" x="-3" y="2"/>
<monster name="ArchAngel" direction="2" spawntime="60" x="0" y="2"/>
<monster name="ArchAngel" direction="2" spawntime="60" x="2" y="2"/>
<monster name="ArchAngel" direction="2" spawntime="60" x="5" y="2"/>
</spawn>
<spawn centerx="118" centery="412" centerz="1" radius="5">
<monster name="ArchAngel" direction="2" spawntime="60" x="3" y="1"/>
<monster name="ArchAngel" direction="2" spawntime="60" x="4" y="2"/>
</spawn>
<spawn centerx="123" centery="412" centerz="1" radius="5">
<monster name="ArchAngel" direction="2" spawntime="60" x="3" y="1"/>
</spawn>
<spawn centerx="127" centery="412" centerz="1" radius="5">
<monster name="ArchAngel" direction="2" spawntime="60" x="3" y="1"/>
<monster name="ArchAngel" direction="2" spawntime="60" x="4" y="1"/>
</spawn>
<spawn centerx="133" centery="412" centerz="1" radius="5">
<monster name="ArchAngel" direction="2" spawntime="60" x="1" y="1"/>
<monster name="ArchAngel" direction="2" spawntime="60" x="5" y="1"/>
<monster name="ArchAngel" direction="2" spawntime="60" x="2" y="2"/>
<monster name="ArchAngel" direction="2" spawntime="60" x="4" y="2"/>
</spawn>
<spawn centerx="138" centery="412" centerz="1" radius="5">
<monster name="ArchAngel" direction="2" spawntime="60" x="3" y="1"/>
<monster name="ArchAngel" direction="2" spawntime="60" x="4" y="1"/>
</spawn>
<spawn centerx="142" centery="412" centerz="1" radius="5">
<monster name="ArchAngel" direction="2" spawntime="60" x="3" y="2"/>
<monster name="ArchAngel" direction="2" spawntime="60" x="4" y="2"/>
</spawn>
<spawn centerx="146" centery="412" centerz="1" radius="5">
<monster name="ArchAngel" direction="2" spawntime="60" x="4" y="1"/>
</spawn>
<spawn centerx="150" centery="412" centerz="1" radius="5">
<monster name="ArchAngel" direction="2" spawntime="60" x="3" y="1"/>
<monster name="ArchAngel" direction="2" spawntime="60" x="4" y="1"/>
</spawn>
<spawn centerx="154" centery="412" centerz="1" radius="5">
<monster name="ArchAngel" direction="2" spawntime="60" x="3" y="1"/>
<monster name="ArchAngel" direction="2" spawntime="60" x="4" y="1"/>
</spawn>
<spawn centerx="187" centery="412" centerz="1" radius="5">
<monster name="Angel" direction="2" spawntime="60" x="-1" y="-1"/>
<monster name="Angel" direction="2" spawntime="60" x="1" y="-1"/>
<monster name="Angel" direction="2" spawntime="60" x="-1" y="1"/>
<monster name="Angel" direction="2" spawntime="60" x="1" y="1"/>
<monster name="Angel" direction="2" spawntime="60" x="1" y="5"/>
</spawn>
<spawn centerx="206" centery="412" centerz="1" radius="5">
<monster name="Angel" direction="2" spawntime="60" x="-1" y="0"/>
<monster name="Angel" direction="2" spawntime="60" x="1" y="0"/>
</spawn>
<spawn centerx="218" centery="412" centerz="1" radius="5">
<monster name="Angel" direction="2" spawntime="60" x="-1" y="0"/>
<monster name="Angel" direction="2" spawntime="60" x="1" y="0"/>
</spawn>
<spawn centerx="105" centery="413" centerz="1" radius="5">
<monster name="Angel" direction="2" spawntime="60" x="-1" y="0"/>
<monster name="Angel" direction="2" spawntime="60" x="1" y="0"/>
</spawn>
<spawn centerx="234" centery="413" centerz="1" radius="5">
<monster name="Angel" direction="2" spawntime="60" x="0" y="-1"/>
<monster name="Angel" direction="2" spawntime="60" x="1" y="0"/>
</spawn>
<spawn centerx="245" centery="413" centerz="1" radius="5">
<monster name="Angel" direction="2" spawntime="60" x="0" y="1"/>
</spawn>
<spawn centerx="257" centery="415" centerz="1" radius="5">
<monster name="Angel" direction="2" spawntime="60" x="-1" y="-1"/>
<monster name="Angel" direction="2" spawntime="60" x="0" y="1"/>
</spawn>
<spawn centerx="214" centery="419" centerz="1" radius="5">
<monster name="Angel" direction="2" spawntime="60" x="0" y="-1"/>
<monster name="Angel" direction="2" spawntime="60" x="-1" y="0"/>
</spawn>
<spawn centerx="225" centery="419" centerz="1" radius="5">
<monster name="Angel" direction="2" spawntime="60" x="0" y="-1"/>
<monster name="Angel" direction="2" spawntime="60" x="0" y="1"/>
</spawn>
<spawn centerx="163" centery="420" centerz="1" radius="5">
<monster name="Angel" direction="2" spawntime="60" x="-1" y="-1"/>
<monster name="Angel" direction="2" spawntime="60" x="1" y="-1"/>
</spawn>
<spawn centerx="196" centery="420" centerz="1" radius="5">
<monster name="Angel" direction="2" spawntime="60" x="-1" y="0"/>
<monster name="Angel" direction="2" spawntime="60" x="1" y="0"/>
</spawn>
<spawn centerx="207" centery="420" centerz="1" radius="5">
<monster name="Angel" direction="2" spawntime="60" x="-1" y="0"/>
<monster name="Angel" direction="2" spawntime="60" x="1" y="0"/>
</spawn>
<spawn centerx="187" centery="421" centerz="1" radius="5">
<monster name="Angel" direction="2" spawntime="60" x="-1" y="0"/>
<monster name="Angel" direction="2" spawntime="60" x="1" y="0"/>
<monster name="Angel" direction="2" spawntime="60" x="0" y="2"/>
</spawn>
<spawn centerx="112" centery="422" centerz="1" radius="5">
<monster name="Angel" direction="2" spawntime="60" x="0" y="-1"/>
<monster name="Angel" direction="2" spawntime="60" x="0" y="1"/>
</spawn>
<spawn centerx="119" centery="422" centerz="1" radius="5">
<monster name="Angel" direction="2" spawntime="60" x="0" y="-1"/>
<monster name="Angel" direction="2" spawntime="60" x="0" y="1"/>
</spawn>
<spawn centerx="127" centery="422" centerz="1" radius="5">
<monster name="Angel" direction="2" spawntime="60" x="0" y="-1"/>
<monster name="Angel" direction="2" spawntime="60" x="0" y="1"/>
</spawn>
<spawn centerx="134" centery="422" centerz="1" radius="5">
<monster name="Angel" direction="2" spawntime="60" x="0" y="-1"/>
<monster name="Angel" direction="2" spawntime="60" x="0" y="1"/>
</spawn>
<spawn centerx="142" centery="422" centerz="1" radius="5">
<monster name="Angel" direction="2" spawntime="60" x="0" y="-1"/>
<monster name="Angel" direction="2" spawntime="60" x="0" y="1"/>
</spawn>
<spawn centerx="149" centery="422" centerz="1" radius="5">
<monster name="Angel" direction="2" spawntime="60" x="1" y="-1"/>
<monster name="Angel" direction="2" spawntime="60" x="1" y="1"/>
</spawn>
<spawn centerx="155" centery="422" centerz="1" radius="5">
<monster name="Angel" direction="2" spawntime="60" x="0" y="-1"/>
<monster name="Angel" direction="2" spawntime="60" x="0" y="1"/>
</spawn>
<spawn centerx="244" centery="425" centerz="1" radius="5">
<monster name="Angel" direction="2" spawntime="60" x="-1" y="1"/>
</spawn>
<spawn centerx="218" centery="426" centerz="1" radius="5">
<monster name="Angel" direction="2" spawntime="60" x="0" y="-1"/>
<monster name="Angel" direction="2" spawntime="60" x="-1" y="0"/>
<monster name="Angel" direction="2" spawntime="60" x="0" y="1"/>
</spawn>
<spawn centerx="234" centery="426" centerz="1" radius="5">
<monster name="Angel" direction="2" spawntime="60" x="0" y="-1"/>
<monster name="Angel" direction="2" spawntime="60" x="0" y="1"/>
</spawn>
<spawn centerx="269" centery="426" centerz="1" radius="5">
<monster name="Angel" direction="2" spawntime="60" x="1" y="0"/>
<monster name="Angel" direction="2" spawntime="60" x="0" y="2"/>
</spawn>
<spawn centerx="257" centery="427" centerz="1" radius="5">
<monster name="Angel" direction="2" spawntime="60" x="0" y="1"/>
</spawn>
<spawn centerx="105" centery="428" centerz="1" radius="5">
<monster name="Angel" direction="2" spawntime="60" x="-1" y="0"/>
<monster name="Angel" direction="2" spawntime="60" x="1" y="0"/>
<monster name="ArchAngel" direction="2" spawntime="60" x="4" y="3"/>
<monster name="ArchAngel" direction="2" spawntime="60" x="5" y="3"/>
</spawn>
<spawn centerx="188" centery="429" centerz="1" radius="5">
<monster name="Angel" direction="2" spawntime="60" x="-2" y="0"/>
<monster name="Angel" direction="2" spawntime="60" x="4" y="0"/>
<monster name="Angel" direction="2" spawntime="60" x="0" y="3"/>
</spawn>
<spawn centerx="207" centery="429" centerz="1" radius="5">
<monster name="Angel" direction="2" spawntime="60" x="-1" y="0"/>
<monster name="Angel" direction="2" spawntime="60" x="0" y="1"/>
</spawn>
<spawn centerx="196" centery="430" centerz="1" radius="5">
<monster name="Angel" direction="2" spawntime="60" x="0" y="-4"/>
<monster name="Angel" direction="2" spawntime="60" x="-1" y="0"/>
<monster name="Angel" direction="2" spawntime="60" x="1" y="0"/>
</spawn>
<spawn centerx="110" centery="432" centerz="1" radius="5">
<monster name="ArchAngel" direction="2" spawntime="60" x="1" y="-1"/>
<monster name="ArchAngel" direction="2" spawntime="60" x="3" y="-1"/>
<monster name="ArchAngel" direction="2" spawntime="60" x="4" y="-1"/>
<monster name="ArchAngel" direction="2" spawntime="60" x="5" y="-1"/>
<monster name="Angel" direction="2" spawntime="60" x="-4" y="5"/>
</spawn>
<spawn centerx="115" centery="432" centerz="1" radius="5">
<monster name="ArchAngel" direction="2" spawntime="60" x="3" y="-2"/>
<monster name="ArchAngel" direction="2" spawntime="60" x="4" y="-2"/>
<monster name="ArchAngel" direction="2" spawntime="60" x="5" y="-2"/>
</spawn>
<spawn centerx="121" centery="432" centerz="1" radius="5">
<monster name="ArchAngel" direction="2" spawntime="60" x="2" y="-1"/>
<monster name="ArchAngel" direction="2" spawntime="60" x="3" y="-1"/>
<monster name="ArchAngel" direction="2" spawntime="60" x="4" y="-1"/>
</spawn>
<spawn centerx="126" centery="432" centerz="1" radius="5">
<monster name="ArchAngel" direction="2" spawntime="60" x="2" y="-1"/>
<monster name="ArchAngel" direction="2" spawntime="60" x="3" y="-1"/>
<monster name="ArchAngel" direction="2" spawntime="60" x="4" y="-1"/>
</spawn>
<spawn centerx="131" centery="432" centerz="1" radius="5">
<monster name="ArchAngel" direction="2" spawntime="60" x="3" y="-1"/>
<monster name="ArchAngel" direction="2" spawntime="60" x="4" y="-1"/>
<monster name="ArchAngel" direction="2" spawntime="60" x="4" y="0"/>
<monster name="Angel" direction="2" spawntime="60" x="3" y="5"/>
</spawn>
<spawn centerx="136" centery="432" centerz="1" radius="5">
<monster name="ArchAngel" direction="2" spawntime="60" x="2" y="-1"/>
<monster name="ArchAngel" direction="2" spawntime="60" x="3" y="-1"/>
<monster name="ArchAngel" direction="2" spawntime="60" x="4" y="-1"/>
</spawn>
<spawn centerx="141" centery="432" centerz="1" radius="5">
<monster name="ArchAngel" direction="2" spawntime="60" x="2" y="-2"/>
<monster name="ArchAngel" direction="2" spawntime="60" x="3" y="-2"/>
<monster name="ArchAngel" direction="2" spawntime="60" x="4" y="-2"/>
</spawn>
<spawn centerx="146" centery="432" centerz="1" radius="5">
<monster name="ArchAngel" direction="2" spawntime="60" x="2" y="-2"/>
<monster name="ArchAngel" direction="2" spawntime="60" x="3" y="-2"/>
<monster name="ArchAngel" direction="2" spawntime="60" x="4" y="-1"/>
</spawn>
<spawn centerx="151" centery="432" centerz="1" radius="5">
<monster name="ArchAngel" direction="2" spawntime="60" x="2" y="-1"/>
<monster name="ArchAngel" direction="2" spawntime="60" x="3" y="-1"/>
<monster name="ArchAngel" direction="2" spawntime="60" x="2" y="0"/>
<monster name="Angel" direction="2" spawntime="60" x="2" y="5"/>
</spawn>
<spawn centerx="155" centery="432" centerz="1" radius="5">
<monster name="ArchAngel" direction="2" spawntime="60" x="2" y="-2"/>
<monster name="ArchAngel" direction="2" spawntime="60" x="3" y="-2"/>
<monster name="ArchAngel" direction="2" spawntime="60" x="3" y="-1"/>
</spawn>
<spawn centerx="105" centery="437" centerz="1" radius="5">
<monster name="Angel" direction="2" spawntime="60" x="-1" y="0"/>
</spawn>
<spawn centerx="134" centery="438" centerz="1" radius="5">
<monster name="Angel" direction="2" spawntime="60" x="0" y="1"/>
</spawn>
<spawn centerx="153" centery="438" centerz="1" radius="5">
<monster name="Angel" direction="2" spawntime="60" x="0" y="1"/>
</spawn>
<spawn centerx="163" centery="438" centerz="1" radius="5">
<monster name="Angel" direction="2" spawntime="60" x="1" y="0"/>
<monster name="Angel" direction="2" spawntime="60" x="1" y="1"/>
</spawn>
<spawn centerx="112" centery="439" centerz="1" radius="5">
<monster name="Angel" direction="2" spawntime="60" x="-1" y="0"/>
<monster name="Angel" direction="2" spawntime="60" x="1" y="0"/>
</spawn>
<spawn centerx="118" centery="439" centerz="1" radius="5">
<monster name="Angel" direction="2" spawntime="60" x="0" y="-1"/>
<monster name="Angel" direction="2" spawntime="60" x="0" y="1"/>
</spawn>
<spawn centerx="126" centery="439" centerz="1" radius="5">
<monster name="Angel" direction="2" spawntime="60" x="0" y="-1"/>
<monster name="Angel" direction="2" spawntime="60" x="0" y="1"/>
</spawn>
<spawn centerx="142" centery="439" centerz="1" radius="5">
<monster name="Angel" direction="2" spawntime="60" x="0" y="-1"/>
<monster name="Angel" direction="2" spawntime="60" x="0" y="1"/>
</spawn>
<spawn centerx="120" centery="85" centerz="2" radius="5">
<monster name="chicken" direction="2" spawntime="60" x="-2" y="-2"/>
<monster name="chicken" direction="2" spawntime="60" x="-1" y="-2"/>
<monster name="chicken" direction="2" spawntime="60" x="0" y="-2"/>
<monster name="chicken" direction="2" spawntime="60" x="1" y="-2"/>
<monster name="chicken" direction="2" spawntime="60" x="2" y="-2"/>
<monster name="chicken" direction="2" spawntime="60" x="-2" y="-1"/>
<monster name="chicken" direction="2" spawntime="60" x="-1" y="-1"/>
<monster name="chicken" direction="2" spawntime="60" x="0" y="-1"/>
<monster name="chicken" direction="2" spawntime="60" x="1" y="-1"/>
<monster name="chicken" direction="2" spawntime="60" x="2" y="-1"/>
<monster name="chicken" direction="2" spawntime="60" x="-2" y="0"/>
<monster name="chicken" direction="2" spawntime="60" x="-1" y="0"/>
<monster name="chicken" direction="2" spawntime="60" x="2" y="0"/>
<monster name="chicken" direction="2" spawntime="60" x="-2" y="1"/>
<monster name="chicken" direction="2" spawntime="60" x="-1" y="1"/>
<monster name="chicken" direction="2" spawntime="60" x="0" y="1"/>
<monster name="chicken" direction="2" spawntime="60" x="1" y="1"/>
<monster name="chicken" direction="2" spawntime="60" x="2" y="1"/>
<monster name="chicken" direction="2" spawntime="60" x="-2" y="2"/>
<monster name="chicken" direction="2" spawntime="60" x="-1" y="2"/>
<monster name="chicken" direction="2" spawntime="60" x="0" y="2"/>
<monster name="chicken" direction="2" spawntime="60" x="1" y="2"/>
<monster name="chicken" direction="2" spawntime="60" x="2" y="2"/>
</spawn>
<spawn centerx="4935" centery="348" centerz="2" radius="5">
<monster name="Crypt Lord" direction="2" spawntime="25000" x="-1" y="0"/>
</spawn>
<spawn centerx="158" centery="49" centerz="3" radius="5">
<monster name="chicken" direction="2" spawntime="60" x="-3" y="-3"/>
<monster name="chicken" direction="2" spawntime="60" x="-2" y="-3"/>
<monster name="chicken" direction="2" spawntime="60" x="-1" y="-3"/>
<monster name="chicken" direction="2" spawntime="60" x="0" y="-3"/>
<monster name="chicken" direction="2" spawntime="60" x="1" y="-3"/>
<monster name="chicken" direction="2" spawntime="60" x="2" y="-3"/>
<monster name="chicken" direction="2" spawntime="60" x="5" y="-3"/>
<monster name="chicken" direction="2" spawntime="60" x="-3" y="-2"/>
<monster name="chicken" direction="2" spawntime="60" x="-2" y="-2"/>
<monster name="chicken" direction="2" spawntime="60" x="-1" y="-2"/>
<monster name="chicken" direction="2" spawntime="60" x="0" y="-2"/>
<monster name="chicken" direction="2" spawntime="60" x="1" y="-2"/>
<monster name="chicken" direction="2" spawntime="60" x="2" y="-2"/>
<monster name="chicken" direction="2" spawntime="60" x="5" y="-2"/>
<monster name="chicken" direction="2" spawntime="60" x="-3" y="-1"/>
<monster name="chicken" direction="2" spawntime="60" x="-2" y="-1"/>
<monster name="chicken" direction="2" spawntime="60" x="-1" y="-1"/>
<monster name="chicken" direction="2" spawntime="60" x="0" y="-1"/>
<monster name="chicken" direction="2" spawntime="60" x="1" y="-1"/>
<monster name="chicken" direction="2" spawntime="60" x="2" y="-1"/>
<monster name="chicken" direction="2" spawntime="60" x="5" y="-1"/>
<monster name="chicken" direction="2" spawntime="60" x="-3" y="0"/>
<monster name="chicken" direction="2" spawntime="60" x="0" y="0"/>
<monster name="chicken" direction="2" spawntime="60" x="1" y="0"/>
<monster name="chicken" direction="2" spawntime="60" x="2" y="0"/>
<monster name="chicken" direction="2" spawntime="60" x="5" y="0"/>
<monster name="chicken" direction="2" spawntime="60" x="-3" y="1"/>
<monster name="chicken" direction="2" spawntime="60" x="-2" y="1"/>
<monster name="chicken" direction="2" spawntime="60" x="-1" y="1"/>
<monster name="chicken" direction="2" spawntime="60" x="0" y="1"/>
<monster name="chicken" direction="2" spawntime="60" x="1" y="1"/>
<monster name="chicken" direction="2" spawntime="60" x="2" y="1"/>
<monster name="chicken" direction="2" spawntime="60" x="5" y="1"/>
<monster name="chicken" direction="2" spawntime="60" x="-4" y="2"/>
<monster name="chicken" direction="2" spawntime="60" x="-3" y="2"/>
<monster name="chicken" direction="2" spawntime="60" x="-2" y="2"/>
<monster name="chicken" direction="2" spawntime="60" x="-1" y="2"/>
<monster name="chicken" direction="2" spawntime="60" x="0" y="2"/>
<monster name="chicken" direction="2" spawntime="60" x="1" y="2"/>
<monster name="chicken" direction="2" spawntime="60" x="2" y="2"/>
<monster name="chicken" direction="2" spawntime="60" x="5" y="2"/>
<monster name="chicken" direction="2" spawntime="60" x="-3" y="3"/>
<monster name="chicken" direction="2" spawntime="60" x="-2" y="3"/>
<monster name="chicken" direction="2" spawntime="60" x="-1" y="3"/>
<monster name="chicken" direction="2" spawntime="60" x="0" y="3"/>
<monster name="chicken" direction="2" spawntime="60" x="1" y="3"/>
<monster name="chicken" direction="2" spawntime="60" x="2" y="3"/>
<monster name="chicken" direction="2" spawntime="60" x="5" y="3"/>
</spawn>
<spawn centerx="165" centery="49" centerz="3" radius="5">
<monster name="chicken" direction="2" spawntime="60" x="-1" y="-3"/>
<monster name="chicken" direction="2" spawntime="60" x="0" y="-3"/>
<monster name="chicken" direction="2" spawntime="60" x="1" y="-3"/>
<monster name="chicken" direction="2" spawntime="60" x="2" y="-3"/>
<monster name="chicken" direction="2" spawntime="60" x="3" y="-3"/>
<monster name="chicken" direction="2" spawntime="60" x="-1" y="-2"/>
<monster name="chicken" direction="2" spawntime="60" x="0" y="-2"/>
<monster name="chicken" direction="2" spawntime="60" x="1" y="-2"/>
<monster name="chicken" direction="2" spawntime="60" x="2" y="-2"/>
<monster name="chicken" direction="2" spawntime="60" x="3" y="-2"/>
<monster name="chicken" direction="2" spawntime="60" x="-1" y="-1"/>
<monster name="chicken" direction="2" spawntime="60" x="0" y="-1"/>
<monster name="chicken" direction="2" spawntime="60" x="1" y="-1"/>
<monster name="chicken" direction="2" spawntime="60" x="2" y="-1"/>
<monster name="chicken" direction="2" spawntime="60" x="3" y="-1"/>
<monster name="chicken" direction="2" spawntime="60" x="-1" y="0"/>
<monster name="chicken" direction="2" spawntime="60" x="0" y="0"/>
<monster name="chicken" direction="2" spawntime="60" x="3" y="0"/>
<monster name="chicken" direction="2" spawntime="60" x="-1" y="1"/>
<monster name="chicken" direction="2" spawntime="60" x="0" y="1"/>
<monster name="chicken" direction="2" spawntime="60" x="1" y="1"/>
<monster name="chicken" direction="2" spawntime="60" x="2" y="1"/>
<monster name="chicken" direction="2" spawntime="60" x="3" y="1"/>
<monster name="chicken" direction="2" spawntime="60" x="-1" y="2"/>
<monster name="chicken" direction="2" spawntime="60" x="0" y="2"/>
<monster name="chicken" direction="2" spawntime="60" x="1" y="2"/>
<monster name="chicken" direction="2" spawntime="60" x="2" y="2"/>
<monster name="chicken" direction="2" spawntime="60" x="3" y="2"/>
<monster name="chicken" direction="2" spawntime="60" x="-1" y="3"/>
<monster name="chicken" direction="2" spawntime="60" x="0" y="3"/>
<monster name="chicken" direction="2" spawntime="60" x="1" y="3"/>
<monster name="chicken" direction="2" spawntime="60" x="2" y="3"/>
<monster name="chicken" direction="2" spawntime="60" x="3" y="3"/>
</spawn>
<spawn centerx="184" centery="75" centerz="3" radius="4">
<monster name="chicken" direction="2" spawntime="60" x="-2" y="-2"/>
<monster name="chicken" direction="2" spawntime="60" x="-1" y="-2"/>
<monster name="chicken" direction="2" spawntime="60" x="0" y="-2"/>
<monster name="chicken" direction="2" spawntime="60" x="1" y="-2"/>
<monster name="chicken" direction="2" spawntime="60" x="-2" y="-1"/>
<monster name="chicken" direction="2" spawntime="60" x="-1" y="-1"/>
<monster name="chicken" direction="2" spawntime="60" x="0" y="-1"/>
<monster name="chicken" direction="2" spawntime="60" x="1" y="-1"/>
<monster name="chicken" direction="2" spawntime="60" x="-2" y="0"/>
<monster name="chicken" direction="2" spawntime="60" x="1" y="0"/>
<monster name="chicken" direction="2" spawntime="60" x="-2" y="1"/>
<monster name="chicken" direction="2" spawntime="60" x="-1" y="1"/>
<monster name="chicken" direction="2" spawntime="60" x="0" y="1"/>
<monster name="chicken" direction="2" spawntime="60" x="1" y="1"/>
<monster name="chicken" direction="2" spawntime="60" x="-2" y="2"/>
<monster name="chicken" direction="2" spawntime="60" x="-1" y="2"/>
<monster name="chicken" direction="2" spawntime="60" x="0" y="2"/>
<monster name="chicken" direction="2" spawntime="60" x="1" y="2"/>
</spawn>
<spawn centerx="153" centery="73" centerz="4" radius="2">
<monster name="Rat" direction="2" spawntime="60" x="-1" y="0"/>
<monster name="Rat" direction="2" spawntime="60" x="1" y="0"/>
</spawn>
<spawn centerx="629" centery="128" centerz="4" radius="5">
<monster name="Ghostly visage" direction="2" spawntime="60" x="-4" y="-1"/>
<monster name="Ghostly visage" direction="2" spawntime="60" x="-1" y="-1"/>
<monster name="Ghostly visage" direction="2" spawntime="60" x="2" y="-1"/>
<monster name="Ghostly visage" direction="2" spawntime="60" x="2" y="1"/>
</spawn>
<spawn centerx="140" centery="143" centerz="4" radius="15">
<monster name="Wild Warrior" direction="2" spawntime="60" x="-1" y="-1"/>
<monster name="Wild Warrior" direction="2" spawntime="60" x="-3" y="1"/>
<monster name="Wild Warrior" direction="2" spawntime="60" x="1" y="1"/>
</spawn>
<spawn centerx="124" centery="144" centerz="4" radius="15">
<monster name="Wild Warrior" direction="2" spawntime="60" x="-1" y="-2"/>
<monster name="Wild Warrior" direction="2" spawntime="60" x="-2" y="0"/>
</spawn>
<spawn centerx="4935" centery="348" centerz="4" radius="8">
<monster name="Doom Lord" direction="2" spawntime="60" x="-2" y="-6"/>
<monster name="Doom Lord" direction="2" spawntime="60" x="2" y="-6"/>
<monster name="Doom Lord" direction="2" spawntime="60" x="-4" y="-5"/>
<monster name="Doom Lord" direction="2" spawntime="60" x="0" y="-5"/>
<monster name="Doom Lord" direction="2" spawntime="60" x="3" y="-5"/>
<monster name="Doom Lord" direction="2" spawntime="60" x="5" y="-4"/>
<monster name="Doom Lord" direction="2" spawntime="60" x="-3" y="-3"/>
<monster name="Doom Lord" direction="2" spawntime="60" x="0" y="-3"/>
<monster name="Doom Lord" direction="2" spawntime="60" x="3" y="-3"/>
<monster name="Doom Lord" direction="2" spawntime="60" x="5" y="-2"/>
<monster name="Doom Lord" direction="2" spawntime="60" x="-5" y="-1"/>
<monster name="Doom Lord" direction="2" spawntime="60" x="2" y="-1"/>
<monster name="Doom Lord" direction="2" spawntime="60" x="-2" y="0"/>
<monster name="Doom Lord" direction="2" spawntime="60" x="4" y="1"/>
<monster name="Doom Lord" direction="2" spawntime="60" x="0" y="2"/>
<monster name="Doom Lord" direction="2" spawntime="60" x="-4" y="3"/>
<monster name="Doom Lord" direction="2" spawntime="60" x="0" y="4"/>
<monster name="Doom Lord" direction="2" spawntime="60" x="4" y="4"/>
<monster name="Doom Lord" direction="2" spawntime="60" x="-4" y="5"/>
<monster name="Doom Lord" direction="2" spawntime="60" x="2" y="6"/>
</spawn>
<spawn centerx="460" centery="455" centerz="4" radius="3">
<monster name="Tiger" direction="2" spawntime="60000" x="0" y="1"/>
</spawn>
<spawn centerx="193" centery="42" centerz="5" radius="5">
<monster name="Deathslicer" direction="2" spawntime="60" x="0" y="-5"/>
<monster name="Deathslicer" direction="2" spawntime="60" x="-2" y="-4"/>
<monster name="Deathslicer" direction="2" spawntime="60" x="2" y="-4"/>
</spawn>
<spawn centerx="629" centery="128" centerz="5" radius="5">
<monster name="Hell screamer" direction="2" spawntime="60" x="-4" y="-2"/>
<monster name="Hell screamer" direction="2" spawntime="60" x="3" y="-2"/>
<monster name="Hell screamer" direction="2" spawntime="60" x="0" y="1"/>
<monster name="Hell screamer" direction="2" spawntime="60" x="3" y="1"/>
</spawn>
<spawn centerx="203" centery="129" centerz="5" radius="5">
<monster name="Lizard Snakecharmer" direction="2" spawntime="60" x="1" y="-3"/>
</spawn>
<spawn centerx="203" centery="135" centerz="5" radius="5">
<monster name="Lizard Snakecharmer" direction="2" spawntime="60" x="4" y="0"/>
<monster name="Lizard Snakecharmer" direction="2" spawntime="60" x="-1" y="4"/>
</spawn>
<spawn centerx="123" centery="143" centerz="5" radius="5">
<monster name="Assassin" direction="2" spawntime="60" x="2" y="-1"/>
<monster name="Assassin" direction="2" spawntime="60" x="-2" y="1"/>
</spawn>
<spawn centerx="136" centery="143" centerz="5" radius="5">
<monster name="Assassin" direction="2" spawntime="60" x="0" y="-1"/>
<monster name="Assassin" direction="2" spawntime="60" x="4" y="-1"/>
<monster name="Assassin" direction="2" spawntime="60" x="-1" y="1"/>
</spawn>
<spawn centerx="141" centery="143" centerz="5" radius="5">
<monster name="Assassin" direction="2" spawntime="60" x="1" y="1"/>
</spawn>
<spawn centerx="4962" centery="152" centerz="5" radius="15">
<monster name="Warlock" direction="2" spawntime="20" x="-9" y="-4"/>
<monster name="Warlock" direction="2" spawntime="20" x="-3" y="-4"/>
<monster name="Warlock" direction="2" spawntime="20" x="2" y="-4"/>
<monster name="Warlock" direction="2" spawntime="20" x="9" y="-4"/>
<monster name="Warlock" direction="2" spawntime="20" x="11" y="-4"/>
<monster name="Warlock" direction="2" spawntime="20" x="13" y="-4"/>
<monster name="Warlock" direction="2" spawntime="20" x="-10" y="-3"/>
<monster name="Warlock" direction="2" spawntime="20" x="-7" y="-3"/>
<monster name="Warlock" direction="2" spawntime="20" x="-5" y="-3"/>
<monster name="Warlock" direction="2" spawntime="20" x="-2" y="-3"/>
<monster name="Warlock" direction="2" spawntime="20" x="0" y="-3"/>
<monster name="Warlock" direction="2" spawntime="20" x="3" y="-3"/>
<monster name="Warlock" direction="2" spawntime="20" x="5" y="-3"/>
<monster name="Warlock" direction="2" spawntime="20" x="6" y="-3"/>
<monster name="Warlock" direction="2" spawntime="20" x="-9" y="-1"/>
<monster name="Warlock" direction="2" spawntime="20" x="1" y="-1"/>
<monster name="Warlock" direction="2" spawntime="20" x="4" y="-1"/>
<monster name="Warlock" direction="2" spawntime="20" x="6" y="-1"/>
<monster name="Warlock" direction="2" spawntime="20" x="11" y="-1"/>
<monster name="Warlock" direction="2" spawntime="20" x="13" y="-1"/>
<monster name="Warlock" direction="2" spawntime="20" x="-10" y="0"/>
<monster name="Smuggler" direction="2" spawntime="60" x="-5" y="0"/>
<monster name="Warlock" direction="2" spawntime="20" x="2" y="0"/>
<monster name="Warlock" direction="2" spawntime="20" x="5" y="0"/>
<monster name="Warlock" direction="2" spawntime="20" x="9" y="0"/>
<monster name="Warlock" direction="2" spawntime="20" x="1" y="1"/>
<monster name="Warlock" direction="2" spawntime="20" x="3" y="1"/>
<monster name="Warlock" direction="2" spawntime="20" x="-9" y="2"/>
<monster name="Warlock" direction="2" spawntime="20" x="9" y="2"/>
<monster name="Warlock" direction="2" spawntime="20" x="11" y="2"/>
<monster name="Warlock" direction="2" spawntime="20" x="-10" y="4"/>
<monster name="Warlock" direction="2" spawntime="20" x="-8" y="4"/>
<monster name="Warlock" direction="2" spawntime="20" x="-5" y="4"/>
<monster name="Warlock" direction="2" spawntime="20" x="-2" y="4"/>
<monster name="Warlock" direction="2" spawntime="20" x="-1" y="4"/>
<monster name="Warlock" direction="2" spawntime="20" x="0" y="4"/>
<monster name="Warlock" direction="2" spawntime="20" x="1" y="4"/>
<monster name="Warlock" direction="2" spawntime="20" x="3" y="4"/>
<monster name="Warlock" direction="2" spawntime="20" x="5" y="4"/>
<monster name="Warlock" direction="2" spawntime="20" x="10" y="4"/>
<monster name="Warlock" direction="2" spawntime="20" x="11" y="4"/>
</spawn>
<spawn centerx="244" centery="155" centerz="5" radius="5">
<monster name="Lizard Snakecharmer" direction="2" spawntime="60" x="0" y="1"/>
<monster name="Lizard Snakecharmer" direction="2" spawntime="60" x="0" y="2"/>
</spawn>
<spawn centerx="237" centery="157" centerz="5" radius="5">
<monster name="Lizard Snakecharmer" direction="2" spawntime="60" x="-1" y="-3"/>
<monster name="Lizard Sentinel" direction="2" spawntime="60" x="0" y="-1"/>
</spawn>
<spawn centerx="140" centery="162" centerz="5" radius="15">
<monster name="orc berserker" direction="2" spawntime="10" x="1" y="0"/>
<monster name="orc berserker" direction="2" spawntime="10" x="1" y="1"/>
<monster name="orc warrior" direction="2" spawntime="10" x="2" y="1"/>
</spawn>
<spawn centerx="740" centery="184" centerz="5" radius="5">
<monster name="Vlad Tepes" direction="2" spawntime="60" x="0" y="-5"/>
<monster name="Vlad Tepes" direction="2" spawntime="60" x="0" y="-4"/>
<monster name="Vlad Tepes" direction="2" spawntime="60" x="-1" y="0"/>
<monster name="Vlad Tepes" direction="2" spawntime="60" x="1" y="0"/>
<monster name="Vlad Tepes" direction="2" spawntime="60" x="0" y="5"/>
</spawn>
<spawn centerx="740" centery="194" centerz="5" radius="5">
<monster name="Vlad Tepes" direction="2" spawntime="60" x="-1" y="0"/>
<monster name="Vlad Tepes" direction="2" spawntime="60" x="1" y="0"/>
<monster name="Vlad Tepes" direction="2" spawntime="60" x="0" y="5"/>
</spawn>
<spawn centerx="740" centery="204" centerz="5" radius="5">
<monster name="Vlad Tepes" direction="2" spawntime="60" x="-1" y="0"/>
<monster name="Vlad Tepes" direction="2" spawntime="60" x="1" y="0"/>
<monster name="Vlad Tepes" direction="2" spawntime="60" x="0" y="5"/>
</spawn>
<spawn centerx="740" centery="214" centerz="5" radius="5">
<monster name="Vlad Tepes" direction="2" spawntime="60" x="-1" y="0"/>
<monster name="Vlad Tepes" direction="2" spawntime="60" x="1" y="0"/>
<monster name="Vlad Tepes" direction="2" spawntime="60" x="0" y="5"/>
</spawn>
<spawn centerx="4930" centery="343" centerz="5" radius="5">
<monster name="Souls Servent" direction="2" spawntime="60" x="-2" y="-2"/>
<monster name="Juggernaught" direction="2" spawntime="60" x="-1" y="0"/>
<monster name="Juggernaught" direction="2" spawntime="60" x="1" y="0"/>
<monster name="Juggernaught" direction="2" spawntime="60" x="0" y="1"/>
<monster name="Souls Servent" direction="2" spawntime="60" x="-3" y="4"/>
<monster name="Souls Servent" direction="2" spawntime="60" x="3" y="4"/>
<monster name="Souls Servent" direction="2" spawntime="60" x="-3" y="5"/>
</spawn>
<spawn centerx="4940" centery="343" centerz="5" radius="5">
<monster name="Souls Servent" direction="2" spawntime="60" x="1" y="-2"/>
<monster name="Juggernaught" direction="2" spawntime="60" x="-2" y="0"/>
<monster name="Juggernaught" direction="2" spawntime="60" x="1" y="0"/>
<monster name="Juggernaught" direction="2" spawntime="60" x="0" y="1"/>
<monster name="Souls Servent" direction="2" spawntime="60" x="-3" y="4"/>
</spawn>
<spawn centerx="4930" centery="352" centerz="5" radius="5">
<monster name="Juggernaught" direction="2" spawntime="60" x="-1" y="0"/>
<monster name="Juggernaught" direction="2" spawntime="60" x="1" y="0"/>
<monster name="Juggernaught" direction="2" spawntime="60" x="0" y="1"/>
<monster name="Souls Servent" direction="2" spawntime="60" x="-2" y="2"/>
</spawn>
<spawn centerx="4940" centery="352" centerz="5" radius="5">
<monster name="Juggernaught" direction="2" spawntime="60" x="-1" y="0"/>
<monster name="Juggernaught" direction="2" spawntime="60" x="1" y="0"/>
<monster name="Juggernaught" direction="2" spawntime="60" x="0" y="1"/>
<monster name="Souls Servent" direction="2" spawntime="60" x="1" y="2"/>
</spawn>
<spawn centerx="88" centery="785" centerz="5" radius="5">
<monster name="Lizard Templar" direction="2" spawntime="60" x="-3" y="-2"/>
<monster name="Lizard Sentinel" direction="2" spawntime="60" x="-1" y="-2"/>
<monster name="Lizard Snakecharmer" direction="2" spawntime="60" x="3" y="-2"/>
<monster name="Lizard Sentinel" direction="2" spawntime="60" x="1" y="-1"/>
<monster name="Lizard Templar" direction="2" spawntime="60" x="4" y="0"/>
<monster name="Lizard Snakecharmer" direction="2" spawntime="60" x="-3" y="1"/>
<monster name="Lizard Templar" direction="2" spawntime="60" x="0" y="2"/>
<monster name="Lizard King" direction="2" spawntime="60" x="-3" y="4"/>
</spawn>
<spawn centerx="253" centery="36" centerz="6" radius="7">
<monster name="Yeti" direction="2" spawntime="60" x="4" y="-3"/>
<monster name="Yeti" direction="2" spawntime="60" x="3" y="5"/>
</spawn>
<spawn centerx="59" centery="59" centerz="6" radius="5">
<monster name="Bat" direction="2" spawntime="60" x="0" y="-2"/>
<monster name="Vampire" direction="2" spawntime="60" x="-1" y="2"/>
</spawn>
<spawn centerx="4974" centery="97" centerz="6" radius="5">
<monster name="Assassin" direction="2" spawntime="60" x="-2" y="-4"/>
<monster name="Assassin" direction="2" spawntime="60" x="2" y="-4"/>
<monster name="Assassin" direction="2" spawntime="60" x="4" y="-3"/>
<monster name="Assassin" direction="2" spawntime="60" x="0" y="-2"/>
<monster name="Assassin" direction="2" spawntime="60" x="-1" y="-1"/>
<monster name="Assassin" direction="2" spawntime="60" x="3" y="-1"/>
<monster name="Assassin" direction="2" spawntime="60" x="-3" y="0"/>
<monster name="Assassin" direction="2" spawntime="60" x="3" y="0"/>
<monster name="Assassin" direction="2" spawntime="60" x="1" y="1"/>
<monster name="Assassin" direction="2" spawntime="60" x="-2" y="3"/>
<monster name="Assassin" direction="2" spawntime="60" x="3" y="3"/>
<monster name="Assassin" direction="2" spawntime="60" x="-1" y="4"/>
</spawn>
<spawn centerx="4975" centery="105" centerz="6" radius="5">
<monster name="Assassin" direction="2" spawntime="60" x="1" y="-1"/>
<monster name="Assassin" direction="2" spawntime="60" x="-3" y="0"/>
<monster name="Assassin" direction="2" spawntime="60" x="-2" y="1"/>
<monster name="Assassin" direction="2" spawntime="60" x="0" y="3"/>
<monster name="Assassin" direction="2" spawntime="60" x="1" y="3"/>
<monster name="Assassin" direction="2" spawntime="60" x="-3" y="4"/>
<monster name="Assassin" direction="2" spawntime="60" x="0" y="5"/>
</spawn>
<spawn centerx="4974" centery="113" centerz="6" radius="5">
<monster name="Assassin" direction="2" spawntime="60" x="-2" y="-1"/>
<monster name="Assassin" direction="2" spawntime="60" x="-1" y="-1"/>
<monster name="Assassin" direction="2" spawntime="60" x="-4" y="0"/>
<monster name="Assassin" direction="2" spawntime="60" x="-1" y="0"/>
<monster name="Assassin" direction="2" spawntime="60" x="2" y="0"/>
<monster name="Assassin" direction="2" spawntime="60" x="0" y="1"/>
<monster name="Assassin" direction="2" spawntime="60" x="-1" y="2"/>
<monster name="Assassin" direction="2" spawntime="60" x="-1" y="3"/>
<monster name="Assassin" direction="2" spawntime="60" x="4" y="3"/>
<monster name="Assassin" direction="2" spawntime="60" x="2" y="4"/>
<monster name="Assassin" direction="2" spawntime="60" x="-1" y="5"/>
</spawn>
<spawn centerx="4975" centery="121" centerz="6" radius="5">
<monster name="Assassin" direction="2" spawntime="60" x="2" y="-2"/>
<monster name="Assassin" direction="2" spawntime="60" x="-3" y="-1"/>
<monster name="Assassin" direction="2" spawntime="60" x="1" y="-1"/>
<monster name="Assassin" direction="2" spawntime="60" x="-2" y="0"/>
<monster name="Assassin" direction="2" spawntime="60" x="1" y="1"/>
<monster name="Assassin" direction="2" spawntime="60" x="4" y="1"/>
<monster name="Assassin" direction="2" spawntime="60" x="-1" y="2"/>
<monster name="Assassin" direction="2" spawntime="60" x="-3" y="4"/>
</spawn>
<spawn centerx="4930" centery="125" centerz="6" radius="5">
<monster name="Fallen Angel" direction="2" spawntime="60" x="-1" y="0"/>
<monster name="Fallen Angel" direction="2" spawntime="60" x="1" y="0"/>
</spawn>
<spawn centerx="4939" centery="125" centerz="6" radius="5">
<monster name="Fallen Angel" direction="2" spawntime="60" x="-1" y="0"/>
<monster name="Fallen Angel" direction="2" spawntime="60" x="0" y="1"/>
</spawn>
<spawn centerx="4949" centery="125" centerz="6" radius="5">
<monster name="Fallen Angel" direction="2" spawntime="60" x="0" y="-1"/>
<monster name="Fallen Angel" direction="2" spawntime="60" x="0" y="1"/>
</spawn>
<spawn centerx="4959" centery="125" centerz="6" radius="5">
<monster name="Agent Smith" direction="2" spawntime="60" x="1" y="0"/>
</spawn>
<spawn centerx="204" centery="126" centerz="6" radius="5">
<monster name="Lizard Snakecharmer" direction="2" spawntime="60" x="0" y="-1"/>
</spawn>
<spawn centerx="626" centery="128" centerz="6" radius="5">
<monster name="fire storm" direction="2" spawntime="60" x="-1" y="-1"/>
<monster name="fire storm" direction="2" spawntime="60" x="5" y="-1"/>
<monster name="fire storm" direction="2" spawntime="60" x="-1" y="1"/>
<monster name="fire storm" direction="2" spawntime="60" x="5" y="1"/>
</spawn>
<spawn centerx="4975" centery="129" centerz="6" radius="5">
<monster name="Assassin" direction="2" spawntime="60" x="3" y="-2"/>
<monster name="Assassin" direction="2" spawntime="60" x="-3" y="-1"/>
<monster name="Assassin" direction="2" spawntime="60" x="3" y="-1"/>
<monster name="Assassin" direction="2" spawntime="60" x="-2" y="1"/>
<monster name="Assassin" direction="2" spawntime="60" x="2" y="1"/>
</spawn>
<spawn centerx="201" centery="132" centerz="6" radius="5">
<monster name="Lizard Snakecharmer" direction="2" spawntime="60" x="4" y="2"/>
<monster name="Lizard Snakecharmer" direction="2" spawntime="60" x="0" y="4"/>
</spawn>
<spawn centerx="116" centery="136" centerz="6" radius="20">
<monster name="Hero" direction="2" spawntime="60" x="15" y="-4"/>
<monster name="Hero" direction="2" spawntime="60" x="16" y="-4"/>
<monster name="Black Knight" direction="2" spawntime="60" x="15" y="-2"/>
<monster name="Hero" direction="2" spawntime="60" x="-1" y="-1"/>
<monster name="Hero" direction="2" spawntime="60" x="1" y="-1"/>
<monster name="Hero" direction="2" spawntime="60" x="5" y="-1"/>
<monster name="Black Knight" direction="2" spawntime="60" x="9" y="-1"/>
<monster name="Hero" direction="2" spawntime="60" x="5" y="1"/>
<monster name="Hero" direction="2" spawntime="60" x="9" y="1"/>
<monster name="Hero" direction="2" spawntime="60" x="20" y="1"/>
<monster name="Black Knight" direction="2" spawntime="60" x="0" y="3"/>
<monster name="Black Knight" direction="2" spawntime="60" x="5" y="6"/>
<monster name="Black Knight" direction="2" spawntime="60" x="8" y="6"/>
<monster name="Black Knight" direction="2" spawntime="60" x="10" y="7"/>
<monster name="Hero" direction="2" spawntime="60" x="-1" y="8"/>
<monster name="Black Knight" direction="2" spawntime="60" x="5" y="8"/>
<monster name="Black Knight" direction="2" spawntime="60" x="8" y="8"/>
<monster name="Hero" direction="2" spawntime="60" x="15" y="10"/>
<monster name="Black Knight" direction="2" spawntime="60" x="5" y="13"/>
<monster name="Black Knight" direction="2" spawntime="60" x="-1" y="14"/>
<monster name="Hero" direction="2" spawntime="60" x="7" y="15"/>
<monster name="Black Knight" direction="2" spawntime="60" x="9" y="15"/>
<monster name="Black Knight" direction="2" spawntime="60" x="20" y="16"/>
<monster name="Hero" direction="2" spawntime="60" x="1" y="17"/>
<monster name="Hero" direction="2" spawntime="60" x="0" y="19"/>
<monster name="Black Knight" direction="2" spawntime="60" x="6" y="19"/>
<monster name="Hero" direction="2" spawntime="60" x="11" y="19"/>
<monster name="Hero" direction="2" spawntime="60" x="18" y="19"/>
</spawn>
<spawn centerx="148" centery="136" centerz="6" radius="15">
<monster name="Black Knight" direction="2" spawntime="60" x="0" y="-2"/>
<monster name="Hero" direction="2" spawntime="60" x="-1" y="0"/>
<monster name="Hero" direction="2" spawntime="60" x="-6" y="1"/>
<monster name="Black Knight" direction="2" spawntime="60" x="-7" y="5"/>
<monster name="Hero" direction="2" spawntime="60" x="0" y="5"/>
<monster name="Black Knight" direction="2" spawntime="60" x="-9" y="7"/>
<monster name="Black Knight" direction="2" spawntime="60" x="-7" y="7"/>
<monster name="Black Knight" direction="2" spawntime="60" x="-5" y="7"/>
<monster name="Black Knight" direction="2" spawntime="60" x="0" y="8"/>
<monster name="Black Knight" direction="2" spawntime="60" x="-7" y="9"/>
<monster name="Hero" direction="2" spawntime="60" x="0" y="11"/>
<monster name="Black Knight" direction="2" spawntime="60" x="-8" y="14"/>
<monster name="Hero" direction="2" spawntime="60" x="-7" y="15"/>
</spawn>
<spawn centerx="170" centery="137" centerz="6" radius="5">
<monster name="chicken" direction="2" spawntime="60" x="-3" y="-2"/>
<monster name="chicken" direction="2" spawntime="60" x="-2" y="-2"/>
<monster name="chicken" direction="2" spawntime="60" x="-1" y="-2"/>
<monster name="chicken" direction="2" spawntime="60" x="1" y="-2"/>
<monster name="chicken" direction="2" spawntime="60" x="2" y="-2"/>
<monster name="chicken" direction="2" spawntime="60" x="3" y="-2"/>
<monster name="chicken" direction="2" spawntime="60" x="4" y="-2"/>
<monster name="chicken" direction="2" spawntime="60" x="-3" y="-1"/>
<monster name="chicken" direction="2" spawntime="60" x="-2" y="-1"/>
<monster name="chicken" direction="2" spawntime="60" x="-1" y="-1"/>
<monster name="chicken" direction="2" spawntime="60" x="1" y="-1"/>
<monster name="chicken" direction="2" spawntime="60" x="2" y="-1"/>
<monster name="chicken" direction="2" spawntime="60" x="3" y="-1"/>
<monster name="chicken" direction="2" spawntime="60" x="4" y="-1"/>
<monster name="chicken" direction="2" spawntime="60" x="-3" y="0"/>
<monster name="chicken" direction="2" spawntime="60" x="-2" y="0"/>
<monster name="chicken" direction="2" spawntime="60" x="-1" y="0"/>
<monster name="chicken" direction="2" spawntime="60" x="0" y="0"/>
<monster name="chicken" direction="2" spawntime="60" x="1" y="0"/>
<monster name="chicken" direction="2" spawntime="60" x="2" y="0"/>
<monster name="chicken" direction="2" spawntime="60" x="3" y="0"/>
<monster name="chicken" direction="2" spawntime="60" x="4" y="0"/>
<monster name="chicken" direction="2" spawntime="60" x="-3" y="1"/>
<monster name="chicken" direction="2" spawntime="60" x="-2" y="1"/>
<monster name="chicken" direction="2" spawntime="60" x="-1" y="1"/>
<monster name="chicken" direction="2" spawntime="60" x="0" y="1"/>
<monster name="chicken" direction="2" spawntime="60" x="1" y="1"/>
<monster name="chicken" direction="2" spawntime="60" x="2" y="1"/>
<monster name="chicken" direction="2" spawntime="60" x="3" y="1"/>
<monster name="chicken" direction="2" spawntime="60" x="4" y="1"/>
</spawn>
<spawn centerx="602" centery="137" centerz="6" radius="5">
<monster name="Doom Lord" direction="2" spawntime="60" x="-2" y="-2"/>
<monster name="Doom Lord" direction="2" spawntime="60" x="1" y="-2"/>
<monster name="Doom Lord" direction="2" spawntime="60" x="-2" y="1"/>
<monster name="Doom Lord" direction="2" spawntime="60" x="1" y="1"/>
</spawn>
<spawn centerx="4963" centery="143" centerz="6" radius="5">
<monster name="Black Knight" direction="2" spawntime="20" x="-1" y="-2"/>
<monster name="Black Knight" direction="2" spawntime="20" x="1" y="-2"/>
<monster name="Black Knight" direction="2" spawntime="20" x="-3" y="-1"/>
<monster name="Black Knight" direction="2" spawntime="20" x="3" y="0"/>
<monster name="Black Knight" direction="2" spawntime="20" x="-3" y="1"/>
<monster name="Black Knight" direction="2" spawntime="20" x="3" y="1"/>
</spawn>
<spawn centerx="740" centery="150" centerz="6" radius="5">
<monster name="Ghostly visage" direction="2" spawntime="60" x="-1" y="0"/>
<monster name="Ghostly visage" direction="2" spawntime="60" x="1" y="0"/>
</spawn>
<spawn centerx="31" centery="151" centerz="6" radius="8">
<monster name="Mutalisk" direction="2" spawntime="60" x="-2" y="1"/>
<monster name="Mutalisk" direction="2" spawntime="60" x="5" y="4"/>
</spawn>
<spawn centerx="45" centery="151" centerz="6" radius="7">
<monster name="Mutalisk" direction="2" spawntime="60" x="2" y="-3"/>
<monster name="Mutalisk" direction="2" spawntime="60" x="-1" y="6"/>
</spawn>
<spawn centerx="59" centery="152" centerz="6" radius="6">
<monster name="Mutalisk" direction="2" spawntime="60" x="-2" y="-5"/>
<monster name="Mutalisk" direction="2" spawntime="60" x="1" y="2"/>
</spawn>
<spawn centerx="4957" centery="153" centerz="6" radius="8">
<monster name="Black Knight" direction="2" spawntime="20" x="-1" y="-4"/>
<monster name="Black Knight" direction="2" spawntime="20" x="1" y="-4"/>
<monster name="Black Knight" direction="2" spawntime="20" x="3" y="-4"/>
<monster name="Black Knight" direction="2" spawntime="20" x="7" y="-4"/>
<monster name="Black Knight" direction="2" spawntime="20" x="-4" y="-3"/>
<monster name="Black Knight" direction="2" spawntime="20" x="3" y="-2"/>
<monster name="Black Knight" direction="2" spawntime="20" x="7" y="-2"/>
<monster name="Black Knight" direction="2" spawntime="20" x="-2" y="-1"/>
<monster name="Black Knight" direction="2" spawntime="20" x="-4" y="0"/>
<monster name="Black Knight" direction="2" spawntime="20" x="2" y="0"/>
<monster name="Black Knight" direction="2" spawntime="20" x="4" y="0"/>
<monster name="Black Knight" direction="2" spawntime="20" x="8" y="0"/>
<monster name="Black Knight" direction="2" spawntime="20" x="-1" y="2"/>
<monster name="Black Knight" direction="2" spawntime="20" x="4" y="2"/>
<monster name="Black Knight" direction="2" spawntime="20" x="7" y="2"/>
<monster name="Black Knight" direction="2" spawntime="20" x="-2" y="3"/>
<monster name="Black Knight" direction="2" spawntime="20" x="1" y="3"/>
<monster name="Black Knight" direction="2" spawntime="20" x="8" y="3"/>
<monster name="Black Knight" direction="2" spawntime="20" x="-4" y="4"/>
<monster name="Black Knight" direction="2" spawntime="20" x="4" y="4"/>
</spawn>
<spawn centerx="4969" centery="153" centerz="6" radius="9">
<monster name="Black Knight" direction="2" spawntime="20" x="-3" y="-4"/>
<monster name="Merlkin" direction="2" spawntime="60" x="5" y="-4"/>
<monster name="Black Knight" direction="2" spawntime="20" x="-3" y="-2"/>
<monster name="Black Knight" direction="2" spawntime="20" x="-3" y="0"/>
<monster name="Black Knight" direction="2" spawntime="20" x="-2" y="0"/>
<monster name="Black Knight" direction="2" spawntime="20" x="1" y="0"/>
<monster name="Black Knight" direction="2" spawntime="20" x="-1" y="1"/>
<monster name="Black Knight" direction="2" spawntime="20" x="-3" y="3"/>
<monster name="Black Knight" direction="2" spawntime="20" x="0" y="3"/>
</spawn>
<spawn centerx="148" centery="154" centerz="6" radius="15">
<monster name="Black Knight" direction="2" spawntime="60" x="1" y="-2"/>
<monster name="Hero" direction="2" spawntime="60" x="-1" y="-1"/>
<monster name="Black Knight" direction="2" spawntime="60" x="-11" y="1"/>
<monster name="Hero" direction="2" spawntime="60" x="-4" y="1"/>
<monster name="Hero" direction="2" spawntime="60" x="0" y="1"/>
</spawn>
<spawn centerx="237" centery="156" centerz="6" radius="5">
<monster name="Lizard Snakecharmer" direction="2" spawntime="60" x="3" y="-2"/>
<monster name="Lizard Sentinel" direction="2" spawntime="60" x="-2" y="0"/>
<monster name="Lizard Sentinel" direction="2" spawntime="60" x="-1" y="2"/>
</spawn>
<spawn centerx="246" centery="156" centerz="6" radius="5">
<monster name="Lizard Sentinel" direction="2" spawntime="60" x="-1" y="-1"/>
<monster name="Lizard Sentinel" direction="2" spawntime="60" x="0" y="1"/>
</spawn>
<spawn centerx="72" centery="158" centerz="6" radius="8">
<monster name="Mutalisk" direction="2" spawntime="60" x="-3" y="0"/>
<monster name="Mutalisk" direction="2" spawntime="60" x="-8" y="6"/>
<monster name="Mutalisk" direction="2" spawntime="60" x="6" y="6"/>
</spawn>
<spawn centerx="740" centery="160" centerz="6" radius="5">
<monster name="Ghostly visage" direction="2" spawntime="60" x="-1" y="0"/>
<monster name="Ghostly visage" direction="2" spawntime="60" x="1" y="0"/>
</spawn>
<spawn centerx="41" centery="162" centerz="6" radius="6">
<monster name="Mutalisk" direction="2" spawntime="60" x="-1" y="3"/>
</spawn>
<spawn centerx="29" centery="164" centerz="6" radius="7">
<monster name="Mutalisk" direction="2" spawntime="60" x="1" y="2"/>
</spawn>
<spawn centerx="621" centery="164" centerz="6" radius="5">
<monster name="Doom Lord" direction="2" spawntime="60" x="-1" y="0"/>
<monster name="Doom Lord" direction="2" spawntime="60" x="1" y="0"/>
<monster name="Doom Lord" direction="2" spawntime="60" x="-1" y="2"/>
<monster name="Doom Lord" direction="2" spawntime="60" x="1" y="2"/>
</spawn>
<spawn centerx="740" centery="170" centerz="6" radius="5">
<monster name="Ghostly visage" direction="2" spawntime="60" x="-1" y="0"/>
<monster name="Ghostly visage" direction="2" spawntime="60" x="1" y="0"/>
</spawn>
<spawn centerx="75" centery="171" centerz="6" radius="8">
<monster name="Mutalisk" direction="2" spawntime="60" x="-2" y="-1"/>
<monster name="Mutalisk" direction="2" spawntime="60" x="-8" y="5"/>
<monster name="Mutalisk" direction="2" spawntime="60" x="3" y="5"/>
</spawn>
<spawn centerx="621" centery="172" centerz="6" radius="5">
<monster name="Doom Lord" direction="2" spawntime="60" x="-1" y="-2"/>
<monster name="Doom Lord" direction="2" spawntime="60" x="1" y="-2"/>
<monster name="Doom Lord" direction="2" spawntime="60" x="-1" y="0"/>
<monster name="Doom Lord" direction="2" spawntime="60" x="1" y="0"/>
</spawn>
<spawn centerx="50" centery="173" centerz="6" radius="5">
<monster name="Mutalisk" direction="2" spawntime="60" x="2" y="-4"/>
<monster name="Mutalisk" direction="2" spawntime="60" x="0" y="4"/>
</spawn>
<spawn centerx="29" centery="175" centerz="6" radius="8">
<monster name="Mutalisk" direction="2" spawntime="60" x="-2" y="0"/>
<monster name="Mutalisk" direction="2" spawntime="60" x="7" y="3"/>
</spawn>
<spawn centerx="62" centery="178" centerz="6" radius="7">
<monster name="Mutalisk" direction="2" spawntime="60" x="-4" y="4"/>
</spawn>
<spawn centerx="740" centery="180" centerz="6" radius="5">
<monster name="Ghostly visage" direction="2" spawntime="60" x="-1" y="0"/>
<monster name="Ghostly visage" direction="2" spawntime="60" x="1" y="0"/>
</spawn>
<spawn centerx="50" centery="184" centerz="6" radius="8">
<monster name="Mutalisk" direction="2" spawntime="60" x="-3" y="5"/>
</spawn>
<spawn centerx="36" centery="185" centerz="6" radius="8">
<monster name="Mutalisk" direction="2" spawntime="60" x="-2" y="1"/>
</spawn>
<spawn centerx="530" centery="187" centerz="6" radius="3">
<monster name="chicken" direction="2" spawntime="60" x="-2" y="-1"/>
<monster name="chicken" direction="2" spawntime="60" x="-1" y="-1"/>
<monster name="chicken" direction="2" spawntime="60" x="0" y="-1"/>
<monster name="chicken" direction="2" spawntime="60" x="1" y="-1"/>
<monster name="chicken" direction="2" spawntime="60" x="2" y="-1"/>
<monster name="chicken" direction="2" spawntime="60" x="-2" y="0"/>
<monster name="chicken" direction="2" spawntime="60" x="-1" y="0"/>
<monster name="chicken" direction="2" spawntime="60" x="1" y="0"/>
<monster name="chicken" direction="2" spawntime="60" x="2" y="0"/>
<monster name="chicken" direction="2" spawntime="60" x="-2" y="1"/>
<monster name="chicken" direction="2" spawntime="60" x="-1" y="1"/>
<monster name="chicken" direction="2" spawntime="60" x="1" y="1"/>
<monster name="chicken" direction="2" spawntime="60" x="2" y="1"/>
</spawn>
<spawn centerx="740" centery="189" centerz="6" radius="5">
<monster name="Ghostly visage" direction="2" spawntime="60" x="-1" y="0"/>
<monster name="Ghostly visage" direction="2" spawntime="60" x="1" y="0"/>
</spawn>
<spawn centerx="90" centery="194" centerz="6" radius="5">
<monster name="Wolf" direction="2" spawntime="60" x="-1" y="-2"/>
<monster name="Wolf" direction="2" spawntime="60" x="3" y="2"/>
</spawn>
<spawn centerx="740" centery="199" centerz="6" radius="5">
<monster name="Ghostly visage" direction="2" spawntime="60" x="-1" y="0"/>
<monster name="Ghostly visage" direction="2" spawntime="60" x="1" y="0"/>
</spawn>
<spawn centerx="91" centery="202" centerz="6" radius="5">
<monster name="Wolf" direction="2" spawntime="60" x="-2" y="-2"/>
</spawn>
<spawn centerx="740" centery="209" centerz="6" radius="5">
<monster name="Ghostly visage" direction="2" spawntime="60" x="-1" y="0"/>
<monster name="Ghostly visage" direction="2" spawntime="60" x="1" y="0"/>
</spawn>
<spawn centerx="634" centery="210" centerz="6" radius="5">
<monster name="fire storm" direction="2" spawntime="60" x="0" y="-1"/>
<monster name="fire storm" direction="2" spawntime="60" x="0" y="1"/>
</spawn>
<spawn centerx="644" centery="210" centerz="6" radius="5">
<monster name="fire storm" direction="2" spawntime="60" x="0" y="-1"/>
<monster name="fire storm" direction="2" spawntime="60" x="0" y="1"/>
</spawn>
<spawn centerx="654" centery="210" centerz="6" radius="5">
<monster name="fire storm" direction="2" spawntime="60" x="0" y="-1"/>
<monster name="fire storm" direction="2" spawntime="60" x="0" y="1"/>
<monster name="fire storm" direction="2" spawntime="60" x="5" y="4"/>
</spawn>
<spawn centerx="660" centery="214" centerz="6" radius="5">
<monster name="fire storm" direction="2" spawntime="60" x="1" y="0"/>
</spawn>
<spawn centerx="740" centery="218" centerz="6" radius="5">
<monster name="Ghostly visage" direction="2" spawntime="60" x="-1" y="0"/>
<monster name="Ghostly visage" direction="2" spawntime="60" x="1" y="0"/>
</spawn>
<spawn centerx="660" centery="224" centerz="6" radius="5">
<monster name="fire storm" direction="2" spawntime="60" x="-1" y="0"/>
<monster name="fire storm" direction="2" spawntime="60" x="1" y="0"/>
</spawn>
<spawn centerx="740" centery="228" centerz="6" radius="5">
<monster name="Ghostly visage" direction="2" spawntime="60" x="-1" y="0"/>
<monster name="Ghostly visage" direction="2" spawntime="60" x="1" y="0"/>
</spawn>
<spawn centerx="660" centery="235" centerz="6" radius="5">
<monster name="fire storm" direction="2" spawntime="60" x="-1" y="0"/>
<monster name="fire storm" direction="2" spawntime="60" x="1" y="0"/>
</spawn>
<spawn centerx="740" centery="236" centerz="6" radius="5">
<monster name="Ghostly visage" direction="2" spawntime="60" x="-1" y="0"/>
<monster name="Ghostly visage" direction="2" spawntime="60" x="1" y="0"/>
</spawn>
<spawn centerx="660" centery="243" centerz="6" radius="5">
<monster name="fire storm" direction="2" spawntime="60" x="0" y="-1"/>
<monster name="fire storm" direction="2" spawntime="60" x="-1" y="0"/>
<monster name="fire storm" direction="2" spawntime="60" x="1" y="0"/>
<monster name="fire storm" direction="2" spawntime="60" x="0" y="1"/>
</spawn>
<spawn centerx="740" centery="244" centerz="6" radius="5">
<monster name="Ghostly visage" direction="2" spawntime="60" x="-1" y="0"/>
<monster name="Ghostly visage" direction="2" spawntime="60" x="1" y="0"/>
</spawn>
<spawn centerx="4934" centery="268" centerz="6" radius="5">
<monster name="Amazonian" direction="2" spawntime="20" x="-3" y="-1"/>
<monster name="Amazonian" direction="2" spawntime="20" x="-1" y="-1"/>
<monster name="Amazonian" direction="2" spawntime="20" x="1" y="-1"/>
<monster name="Amazonian" direction="2" spawntime="20" x="3" y="0"/>
<monster name="Amazonian" direction="2" spawntime="20" x="5" y="0"/>
<monster name="Amazonian" direction="2" spawntime="20" x="-3" y="1"/>
<monster name="Amazonian" direction="2" spawntime="20" x="-1" y="1"/>
<monster name="Amazonian" direction="2" spawntime="20" x="1" y="1"/>
<monster name="Amazonian" direction="2" spawntime="20" x="-3" y="3"/>
<monster name="Amazonian" direction="2" spawntime="20" x="-3" y="5"/>
</spawn>
<spawn centerx="4944" centery="268" centerz="6" radius="5">
<monster name="Amazonian" direction="2" spawntime="20" x="-3" y="-2"/>
<monster name="Amazonian" direction="2" spawntime="20" x="-1" y="-2"/>
<monster name="Amazonian" direction="2" spawntime="20" x="1" y="-2"/>
<monster name="Amazonian" direction="2" spawntime="20" x="3" y="-2"/>
<monster name="Amazonian" direction="2" spawntime="20" x="-3" y="0"/>
<monster name="Amazonian" direction="2" spawntime="20" x="-1" y="0"/>
<monster name="Amazonian" direction="2" spawntime="20" x="1" y="0"/>
<monster name="Amazonian" direction="2" spawntime="20" x="3" y="0"/>
<monster name="Amazonian" direction="2" spawntime="20" x="5" y="0"/>
<monster name="Amazonian" direction="2" spawntime="20" x="-3" y="2"/>
<monster name="Amazonian" direction="2" spawntime="20" x="-1" y="2"/>
<monster name="Amazonian" direction="2" spawntime="20" x="1" y="2"/>
<monster name="Amazonian" direction="2" spawntime="20" x="3" y="2"/>
<monster name="Amazonian" direction="2" spawntime="20" x="-3" y="4"/>
</spawn>
<spawn centerx="4954" centery="268" centerz="6" radius="5">
<monster name="Amazonian" direction="2" spawntime="20" x="-3" y="-2"/>
<monster name="Amazonian" direction="2" spawntime="20" x="-1" y="-2"/>
<monster name="Amazonian" direction="2" spawntime="20" x="1" y="-2"/>
<monster name="Amazonian" direction="2" spawntime="20" x="3" y="-2"/>
<monster name="Amazonian" direction="2" spawntime="20" x="-3" y="0"/>
<monster name="Amazonian" direction="2" spawntime="20" x="-1" y="0"/>
<monster name="Amazonian" direction="2" spawntime="20" x="1" y="0"/>
<monster name="Amazonian" direction="2" spawntime="20" x="3" y="0"/>
<monster name="Amazonian" direction="2" spawntime="20" x="5" y="0"/>
<monster name="Amazonian" direction="2" spawntime="20" x="-3" y="2"/>
<monster name="Amazonian" direction="2" spawntime="20" x="-1" y="2"/>
<monster name="Amazonian" direction="2" spawntime="20" x="1" y="2"/>
<monster name="Amazonian" direction="2" spawntime="20" x="3" y="2"/>
<monster name="Amazonian" direction="2" spawntime="20" x="3" y="4"/>
</spawn>
<spawn centerx="4963" centery="268" centerz="6" radius="6">
<monster name="Amazonian" direction="2" spawntime="20" x="-2" y="-2"/>
<monster name="Amazonian" direction="2" spawntime="20" x="0" y="-2"/>
<monster name="Amazonian" direction="2" spawntime="20" x="2" y="-2"/>
<monster name="Amazonian" direction="2" spawntime="20" x="4" y="-2"/>
<monster name="Amazonian" direction="2" spawntime="20" x="-2" y="0"/>
<monster name="Amazonian" direction="2" spawntime="20" x="0" y="0"/>
<monster name="Amazonian" direction="2" spawntime="20" x="2" y="0"/>
<monster name="Amazonian" direction="2" spawntime="20" x="4" y="0"/>
<monster name="Amazonian" direction="2" spawntime="20" x="-2" y="2"/>
<monster name="Amazonian" direction="2" spawntime="20" x="0" y="2"/>
<monster name="Amazonian" direction="2" spawntime="20" x="2" y="2"/>
<monster name="Amazonian" direction="2" spawntime="20" x="4" y="2"/>
<monster name="Amazonian" direction="2" spawntime="20" x="1" y="4"/>
</spawn>
<spawn centerx="4931" centery="274" centerz="6" radius="1">
<monster name="Amazonian" direction="2" spawntime="20" x="0" y="1"/>
</spawn>
<spawn centerx="4976" centery="278" centerz="6" radius="5">
<monster name="Amazonian" direction="2" spawntime="20" x="-1" y="-3"/>
<monster name="Amazonian" direction="2" spawntime="20" x="1" y="-3"/>
<monster name="Amazonian" direction="2" spawntime="20" x="-1" y="-1"/>
<monster name="Amazonian" direction="2" spawntime="20" x="1" y="-1"/>
<monster name="Amazonian" direction="2" spawntime="20" x="-1" y="1"/>
<monster name="Amazonian" direction="2" spawntime="20" x="1" y="1"/>
<monster name="Amazonian" direction="2" spawntime="20" x="-1" y="3"/>
<monster name="Amazonian" direction="2" spawntime="20" x="1" y="3"/>
<monster name="Amazonian" direction="2" spawntime="20" x="0" y="5"/>
</spawn>
<spawn centerx="4930" centery="279" centerz="6" radius="5">
<monster name="valkyrie commander" direction="2" spawntime="20" x="-2" y="-2"/>
<monster name="valkyrie commander" direction="2" spawntime="20" x="2" y="-2"/>
<monster name="valkyrie commander" direction="2" spawntime="20" x="-1" y="-1"/>
<monster name="valkyrie commander" direction="2" spawntime="20" x="2" y="0"/>
<monster name="valkyrie commander" direction="2" spawntime="20" x="-1" y="2"/>
<monster name="valkyrie commander" direction="2" spawntime="20" x="1" y="2"/>
<monster name="valkyrie commander" direction="2" spawntime="20" x="4" y="3"/>
<monster name="valkyrie commander" direction="2" spawntime="20" x="2" y="4"/>
<monster name="valkyrie commander" direction="2" spawntime="20" x="0" y="5"/>
</spawn>
<spawn centerx="4942" centery="279" centerz="6" radius="7">
<monster name="Amazonian" direction="2" spawntime="20" x="-1" y="-5"/>
<monster name="valkyrie commander" direction="2" spawntime="20" x="-4" y="-3"/>
<monster name="Amazonian" direction="2" spawntime="20" x="-1" y="-3"/>
<monster name="valkyrie commander" direction="2" spawntime="20" x="0" y="-3"/>
<monster name="valkyrie commander" direction="2" spawntime="20" x="-2" y="-2"/>
<monster name="valkyrie commander" direction="2" spawntime="20" x="-4" y="-1"/>
<monster name="valkyrie commander" direction="2" spawntime="20" x="-2" y="0"/>
<monster name="valkyrie commander" direction="2" spawntime="20" x="0" y="0"/>
<monster name="valkyrie commander" direction="2" spawntime="20" x="2" y="0"/>
<monster name="valkyrie commander" direction="2" spawntime="20" x="4" y="0"/>
<monster name="valkyrie commander" direction="2" spawntime="20" x="7" y="0"/>
<monster name="valkyrie commander" direction="2" spawntime="20" x="-4" y="1"/>
<monster name="valkyrie commander" direction="2" spawntime="20" x="-2" y="2"/>
<monster name="valkyrie commander" direction="2" spawntime="20" x="0" y="2"/>
<monster name="valkyrie commander" direction="2" spawntime="20" x="-6" y="3"/>
<monster name="valkyrie commander" direction="2" spawntime="20" x="-4" y="3"/>
<monster name="valkyrie commander" direction="2" spawntime="20" x="-2" y="4"/>
<monster name="valkyrie commander" direction="2" spawntime="20" x="0" y="4"/>
</spawn>
<spawn centerx="4956" centery="279" centerz="6" radius="5">
<monster name="Amazonian" direction="2" spawntime="20" x="1" y="-4"/>
<monster name="valkyrie commander" direction="2" spawntime="20" x="-1" y="-3"/>
<monster name="valkyrie commander" direction="2" spawntime="20" x="0" y="-3"/>
<monster name="valkyrie commander" direction="2" spawntime="20" x="3" y="-3"/>
<monster name="valkyrie commander" direction="2" spawntime="20" x="5" y="-3"/>
<monster name="valkyrie commander" direction="2" spawntime="20" x="-1" y="-1"/>
<monster name="valkyrie commander" direction="2" spawntime="20" x="1" y="-1"/>
<monster name="valkyrie commander" direction="2" spawntime="20" x="3" y="-1"/>
<monster name="valkyrie commander" direction="2" spawntime="20" x="5" y="-1"/>
<monster name="valkyrie commander" direction="2" spawntime="20" x="-4" y="0"/>
<monster name="valkyrie commander" direction="2" spawntime="20" x="-3" y="0"/>
<monster name="valkyrie commander" direction="2" spawntime="20" x="-1" y="1"/>
<monster name="valkyrie commander" direction="2" spawntime="20" x="1" y="1"/>
<monster name="valkyrie commander" direction="2" spawntime="20" x="3" y="1"/>
<monster name="valkyrie commander" direction="2" spawntime="20" x="5" y="1"/>
<monster name="valkyrie commander" direction="2" spawntime="20" x="-1" y="3"/>
<monster name="valkyrie commander" direction="2" spawntime="20" x="1" y="3"/>
<monster name="valkyrie commander" direction="2" spawntime="20" x="3" y="3"/>
<monster name="valkyrie commander" direction="2" spawntime="20" x="5" y="3"/>
</spawn>
<spawn centerx="4963" centery="279" centerz="6" radius="5">
<monster name="Amazonian" direction="2" spawntime="20" x="1" y="-4"/>
<monster name="valkyrie commander" direction="2" spawntime="20" x="0" y="-3"/>
<monster name="valkyrie commander" direction="2" spawntime="20" x="2" y="-3"/>
<monster name="valkyrie commander" direction="2" spawntime="20" x="4" y="-3"/>
<monster name="valkyrie commander" direction="2" spawntime="20" x="0" y="-1"/>
<monster name="valkyrie commander" direction="2" spawntime="20" x="2" y="-1"/>
<monster name="valkyrie commander" direction="2" spawntime="20" x="4" y="-1"/>
<monster name="valkyrie commander" direction="2" spawntime="20" x="0" y="1"/>
<monster name="valkyrie commander" direction="2" spawntime="20" x="2" y="1"/>
<monster name="valkyrie commander" direction="2" spawntime="20" x="4" y="1"/>
<monster name="valkyrie commander" direction="2" spawntime="20" x="0" y="3"/>
<monster name="valkyrie commander" direction="2" spawntime="20" x="2" y="3"/>
<monster name="valkyrie commander" direction="2" spawntime="20" x="4" y="3"/>
<monster name="valkyrie commander" direction="2" spawntime="20" x="0" y="5"/>
<monster name="valkyrie commander" direction="2" spawntime="20" x="2" y="5"/>
<monster name="valkyrie commander" direction="2" spawntime="20" x="4" y="5"/>
</spawn>
<spawn centerx="4969" centery="281" centerz="6" radius="5">
<monster name="valkyrie commander" direction="2" spawntime="20" x="0" y="-5"/>
<monster name="valkyrie commander" direction="2" spawntime="20" x="0" y="-3"/>
<monster name="valkyrie commander" direction="2" spawntime="20" x="0" y="-1"/>
<monster name="valkyrie commander" direction="2" spawntime="20" x="0" y="1"/>
<monster name="valkyrie commander" direction="2" spawntime="20" x="0" y="3"/>
</spawn>
<spawn centerx="546" centery="289" centerz="6" radius="3">
<monster name="Skeletor" direction="2" spawntime="60" x="-1" y="0"/>
<monster name="Crypt Lord" direction="2" spawntime="60" x="-1" y="3"/>
</spawn>
<spawn centerx="551" centery="289" centerz="6" radius="2">
<monster name="Nefarious Acolyte" direction="2" spawntime="60" x="-1" y="0"/>
</spawn>
<spawn centerx="4977" centery="289" centerz="6" radius="5">
<monster name="Amazonian" direction="2" spawntime="20" x="0" y="-5"/>
<monster name="valkyrie commander" direction="2" spawntime="20" x="-1" y="1"/>
<monster name="valkyrie commander" direction="2" spawntime="20" x="1" y="1"/>
<monster name="valkyrie commander" direction="2" spawntime="20" x="-1" y="2"/>
<monster name="valkyrie commander" direction="2" spawntime="20" x="1" y="2"/>
<monster name="valkyrie commander" direction="2" spawntime="20" x="-1" y="4"/>
<monster name="valkyrie commander" direction="2" spawntime="20" x="1" y="4"/>
</spawn>
<spawn centerx="4953" centery="291" centerz="6" radius="5">
<monster name="valkyrie commander" direction="2" spawntime="20" x="-2" y="-1"/>
<monster name="valkyrie commander" direction="2" spawntime="20" x="0" y="-1"/>
<monster name="valkyrie commander" direction="2" spawntime="20" x="2" y="-1"/>
<monster name="valkyrie commander" direction="2" spawntime="20" x="-3" y="1"/>
<monster name="valkyrie commander" direction="2" spawntime="20" x="-1" y="1"/>
<monster name="valkyrie commander" direction="2" spawntime="20" x="1" y="1"/>
<monster name="valkyrie commander" direction="2" spawntime="20" x="3" y="1"/>
<monster name="valkyrie commander" direction="2" spawntime="20" x="-2" y="3"/>
<monster name="valkyrie commander" direction="2" spawntime="20" x="0" y="3"/>
<monster name="valkyrie commander" direction="2" spawntime="20" x="2" y="3"/>
<monster name="valkyrie commander" direction="2" spawntime="20" x="-3" y="5"/>
<monster name="valkyrie commander" direction="2" spawntime="20" x="-1" y="5"/>
<monster name="valkyrie commander" direction="2" spawntime="20" x="1" y="5"/>
<monster name="valkyrie commander" direction="2" spawntime="20" x="3" y="5"/>
</spawn>
<spawn centerx="4966" centery="291" centerz="6" radius="5">
<monster name="valkyrie commander" direction="2" spawntime="20" x="-3" y="-1"/>
<monster name="valkyrie commander" direction="2" spawntime="20" x="-1" y="-1"/>
<monster name="valkyrie commander" direction="2" spawntime="20" x="1" y="-1"/>
<monster name="valkyrie commander" direction="2" spawntime="20" x="-3" y="1"/>
<monster name="valkyrie commander" direction="2" spawntime="20" x="-2" y="1"/>
<monster name="valkyrie commander" direction="2" spawntime="20" x="1" y="1"/>
<monster name="valkyrie commander" direction="2" spawntime="20" x="3" y="1"/>
<monster name="valkyrie commander" direction="2" spawntime="20" x="-2" y="3"/>
<monster name="valkyrie commander" direction="2" spawntime="20" x="-1" y="3"/>
<monster name="valkyrie commander" direction="2" spawntime="20" x="1" y="3"/>
<monster name="valkyrie commander" direction="2" spawntime="20" x="2" y="3"/>
<monster name="valkyrie commander" direction="2" spawntime="20" x="-3" y="4"/>
<monster name="valkyrie commander" direction="2" spawntime="20" x="-1" y="5"/>
<monster name="valkyrie commander" direction="2" spawntime="20" x="1" y="5"/>
</spawn>
<spawn centerx="557" centery="292" centerz="6" radius="2">
<monster name="Vlad Tepes" direction="2" spawntime="60" x="-2" y="0"/>
<monster name="Ghostly visage" direction="2" spawntime="60" x="2" y="0"/>
<monster name="Hell screamer" direction="2" spawntime="60" x="0" y="1"/>
</spawn>
<spawn centerx="4930" centery="292" centerz="6" radius="5">
<monster name="valkyrie commander" direction="2" spawntime="20" x="0" y="-5"/>
<monster name="valkyrie commander" direction="2" spawntime="20" x="-2" y="-2"/>
<monster name="valkyrie commander" direction="2" spawntime="20" x="1" y="-2"/>
<monster name="valkyrie commander" direction="2" spawntime="20" x="-2" y="1"/>
<monster name="valkyrie commander" direction="2" spawntime="20" x="-1" y="1"/>
<monster name="valkyrie commander" direction="2" spawntime="20" x="-1" y="4"/>
<monster name="valkyrie commander" direction="2" spawntime="20" x="1" y="4"/>
<monster name="valkyrie commander" direction="2" spawntime="20" x="-2" y="5"/>
</spawn>
<spawn centerx="4941" centery="293" centerz="6" radius="5">
<monster name="valkyrie commander" direction="2" spawntime="20" x="-2" y="-3"/>
<monster name="valkyrie commander" direction="2" spawntime="20" x="0" y="-3"/>
<monster name="valkyrie commander" direction="2" spawntime="20" x="2" y="-3"/>
<monster name="valkyrie commander" direction="2" spawntime="20" x="-3" y="-1"/>
<monster name="valkyrie commander" direction="2" spawntime="20" x="-1" y="-1"/>
<monster name="valkyrie commander" direction="2" spawntime="20" x="1" y="-1"/>
<monster name="valkyrie commander" direction="2" spawntime="20" x="3" y="-1"/>
<monster name="valkyrie commander" direction="2" spawntime="20" x="-2" y="1"/>
<monster name="valkyrie commander" direction="2" spawntime="20" x="0" y="1"/>
<monster name="valkyrie commander" direction="2" spawntime="20" x="2" y="1"/>
<monster name="valkyrie commander" direction="2" spawntime="20" x="-3" y="3"/>
<monster name="valkyrie commander" direction="2" spawntime="20" x="-1" y="3"/>
<monster name="valkyrie commander" direction="2" spawntime="20" x="1" y="3"/>
<monster name="valkyrie commander" direction="2" spawntime="20" x="3" y="3"/>
<monster name="valkyrie commander" direction="2" spawntime="20" x="-2" y="5"/>
<monster name="valkyrie commander" direction="2" spawntime="20" x="0" y="5"/>
<monster name="valkyrie commander" direction="2" spawntime="20" x="2" y="5"/>
</spawn>
<spawn centerx="545" centery="294" centerz="6" radius="2">
<monster name="Crypt Lord" direction="2" spawntime="60" x="-1" y="0"/>
</spawn>
<spawn centerx="564" centery="294" centerz="6" radius="3">
<monster name="Vlad Tepes" direction="2" spawntime="60" x="-1" y="-2"/>
<monster name="Flesh Fiend" direction="2" spawntime="60" x="-2" y="0"/>
<monster name="Petrified Hell Hound" direction="2" spawntime="60" x="1" y="0"/>
<monster name="Demonic Summoner" direction="2" spawntime="60" x="-1" y="2"/>
<monster name="Plague Spitter" direction="2" spawntime="60" x="1" y="2"/>
</spawn>
<spawn centerx="4977" centery="297" centerz="6" radius="5">
<monster name="valkyrie commander" direction="2" spawntime="20" x="-1" y="-2"/>
<monster name="valkyrie commander" direction="2" spawntime="20" x="1" y="-2"/>
<monster name="valkyrie commander" direction="2" spawntime="20" x="-2" y="0"/>
<monster name="valkyrie commander" direction="2" spawntime="20" x="1" y="0"/>
<monster name="valkyrie commander" direction="2" spawntime="20" x="-1" y="2"/>
<monster name="valkyrie commander" direction="2" spawntime="20" x="1" y="2"/>
<monster name="valkyrie commander" direction="2" spawntime="20" x="2" y="3"/>
</spawn>
<spawn centerx="4966" centery="298" centerz="6" radius="5">
<monster name="valkyrie commander" direction="2" spawntime="20" x="-3" y="0"/>
<monster name="valkyrie commander" direction="2" spawntime="20" x="2" y="1"/>
<monster name="valkyrie commander" direction="2" spawntime="20" x="-2" y="2"/>
<monster name="valkyrie commander" direction="2" spawntime="20" x="1" y="2"/>
</spawn>
<spawn centerx="4930" centery="299" centerz="6" radius="5">
<monster name="valkyrie commander" direction="2" spawntime="20" x="-1" y="-1"/>
<monster name="valkyrie commander" direction="2" spawntime="20" x="-2" y="1"/>
<monster name="valkyrie commander" direction="2" spawntime="20" x="1" y="2"/>
</spawn>
<spawn centerx="4953" centery="299" centerz="6" radius="5">
<monster name="valkyrie commander" direction="2" spawntime="20" x="-2" y="-1"/>
<monster name="valkyrie commander" direction="2" spawntime="20" x="0" y="-1"/>
<monster name="valkyrie commander" direction="2" spawntime="20" x="2" y="-1"/>
<monster name="valkyrie commander" direction="2" spawntime="20" x="-3" y="1"/>
<monster name="valkyrie commander" direction="2" spawntime="20" x="-1" y="1"/>
<monster name="valkyrie commander" direction="2" spawntime="20" x="1" y="1"/>
<monster name="valkyrie commander" direction="2" spawntime="20" x="3" y="1"/>
<monster name="valkyrie commander" direction="2" spawntime="20" x="-2" y="3"/>
<monster name="valkyrie commander" direction="2" spawntime="20" x="0" y="3"/>
<monster name="valkyrie commander" direction="2" spawntime="20" x="2" y="3"/>
</spawn>
<spawn centerx="548" centery="300" centerz="6" radius="2">
<monster name="Ancient Necropharus" direction="2" spawntime="60" x="0" y="-2"/>
<monster name="Demonic Summoner" direction="2" spawntime="60" x="0" y="1"/>
</spawn>
<spawn centerx="559" centery="300" centerz="6" radius="3">
<monster name="Plague Spitter" direction="2" spawntime="60" x="2" y="-2"/>
<monster name="Petrified Hell Hound" direction="2" spawntime="60" x="-1" y="-1"/>
<monster name="Flesh Fiend" direction="2" spawntime="60" x="-2" y="0"/>
<monster name="Petrified Hell Hound" direction="2" spawntime="60" x="1" y="0"/>
</spawn>
<spawn centerx="4941" centery="300" centerz="6" radius="5">
<monster name="valkyrie commander" direction="2" spawntime="20" x="-3" y="0"/>
<monster name="valkyrie commander" direction="2" spawntime="20" x="-1" y="0"/>
<monster name="valkyrie commander" direction="2" spawntime="20" x="1" y="0"/>
<monster name="valkyrie commander" direction="2" spawntime="20" x="3" y="0"/>
<monster name="valkyrie commander" direction="2" spawntime="20" x="-2" y="2"/>
<monster name="valkyrie commander" direction="2" spawntime="20" x="0" y="2"/>
<monster name="valkyrie commander" direction="2" spawntime="20" x="2" y="2"/>
</spawn>
<spawn centerx="4929" centery="342" centerz="6" radius="6">
<monster name="ultralisk" direction="2" spawntime="60" x="-3" y="-3"/>
<monster name="ultralisk" direction="2" spawntime="60" x="0" y="-3"/>
<monster name="ultralisk" direction="2" spawntime="60" x="3" y="-3"/>
<monster name="Orshabaal" direction="2" spawntime="60" x="0" y="-1"/>
<monster name="Orshabaal" direction="2" spawntime="60" x="-1" y="0"/>
<monster name="Orshabaal" direction="2" spawntime="60" x="1" y="0"/>
<monster name="Orshabaal" direction="2" spawntime="60" x="0" y="1"/>
<monster name="ultralisk" direction="2" spawntime="60" x="-3" y="3"/>
<monster name="ultralisk" direction="2" spawntime="60" x="0" y="3"/>
<monster name="ultralisk" direction="2" spawntime="60" x="3" y="3"/>
</spawn>
<spawn centerx="4941" centery="342" centerz="6" radius="6">
<monster name="ultralisk" direction="2" spawntime="60" x="-3" y="-3"/>
<monster name="ultralisk" direction="2" spawntime="60" x="0" y="-3"/>
<monster name="ultralisk" direction="2" spawntime="60" x="3" y="-3"/>
<monster name="Orshabaal" direction="2" spawntime="60" x="0" y="-1"/>
<monster name="Orshabaal" direction="2" spawntime="60" x="-1" y="0"/>
<monster name="Orshabaal" direction="2" spawntime="60" x="1" y="0"/>
<monster name="Orshabaal" direction="2" spawntime="60" x="0" y="1"/>
<monster name="ultralisk" direction="2" spawntime="60" x="-3" y="3"/>
<monster name="ultralisk" direction="2" spawntime="60" x="0" y="3"/>
<monster name="ultralisk" direction="2" spawntime="60" x="3" y="3"/>
</spawn>
<spawn centerx="4929" centery="354" centerz="6" radius="6">
<monster name="ultralisk" direction="2" spawntime="60" x="-3" y="-3"/>
<monster name="ultralisk" direction="2" spawntime="60" x="0" y="-3"/>
<monster name="ultralisk" direction="2" spawntime="60" x="3" y="-3"/>
<monster name="Orshabaal" direction="2" spawntime="60" x="0" y="-1"/>
<monster name="Orshabaal" direction="2" spawntime="60" x="-1" y="0"/>
<monster name="Orshabaal" direction="2" spawntime="60" x="1" y="0"/>
<monster name="Orshabaal" direction="2" spawntime="60" x="0" y="1"/>
<monster name="ultralisk" direction="2" spawntime="60" x="-2" y="2"/>
<monster name="ultralisk" direction="2" spawntime="60" x="3" y="2"/>
<monster name="ultralisk" direction="2" spawntime="60" x="1" y="3"/>
</spawn>
<spawn centerx="4940" centery="354" centerz="6" radius="6">
<monster name="ultralisk" direction="2" spawntime="60" x="-2" y="-3"/>
<monster name="ultralisk" direction="2" spawntime="60" x="1" y="-3"/>
<monster name="ultralisk" direction="2" spawntime="60" x="4" y="-3"/>
<monster name="Orshabaal" direction="2" spawntime="60" x="0" y="-1"/>
<monster name="Orshabaal" direction="2" spawntime="60" x="-1" y="0"/>
<monster name="Orshabaal" direction="2" spawntime="60" x="1" y="0"/>
<monster name="Orshabaal" direction="2" spawntime="60" x="0" y="1"/>
<monster name="ultralisk" direction="2" spawntime="60" x="-2" y="2"/>
<monster name="ultralisk" direction="2" spawntime="60" x="4" y="2"/>
<monster name="ultralisk" direction="2" spawntime="60" x="1" y="3"/>
</spawn>
<spawn centerx="4962" centery="480" centerz="6" radius="5">
<monster name="Doom Lord" direction="2" spawntime="60" x="-1" y="0"/>
<monster name="fire storm" direction="2" spawntime="60" x="0" y="1"/>
<monster name="Doom Lord" direction="2" spawntime="60" x="2" y="1"/>
<monster name="Doom Lord" direction="2" spawntime="60" x="-4" y="3"/>
<monster name="Doom Lord" direction="2" spawntime="60" x="-3" y="4"/>
</spawn>
<spawn centerx="4892" centery="481" centerz="6" radius="5">
<monster name="Doom Lord" direction="2" spawntime="60" x="2" y="-1"/>
<monster name="fire storm" direction="2" spawntime="60" x="3" y="-1"/>
<monster name="Doom Lord" direction="2" spawntime="60" x="3" y="1"/>
</spawn>
<spawn centerx="4903" centery="481" centerz="6" radius="5">
<monster name="Doom Lord" direction="2" spawntime="60" x="1" y="-1"/>
<monster name="fire storm" direction="2" spawntime="60" x="2" y="1"/>
</spawn>
<spawn centerx="4914" centery="481" centerz="6" radius="5">
<monster name="fire storm" direction="2" spawntime="60" x="-2" y="-1"/>
<monster name="Doom Lord" direction="2" spawntime="60" x="-1" y="1"/>
<monster name="fire storm" direction="2" spawntime="60" x="0" y="2"/>
</spawn>
<spawn centerx="4938" centery="482" centerz="6" radius="5">
<monster name="Doom Lord" direction="2" spawntime="60" x="-1" y="-2"/>
<monster name="Doom Lord" direction="2" spawntime="60" x="0" y="-1"/>
<monster name="Doom Lord" direction="2" spawntime="60" x="-2" y="0"/>
<monster name="Doom Lord" direction="2" spawntime="60" x="-1" y="1"/>
</spawn>
<spawn centerx="4927" centery="485" centerz="6" radius="5">
<monster name="Doom Lord" direction="2" spawntime="60" x="0" y="-3"/>
<monster name="Doom Lord" direction="2" spawntime="60" x="-2" y="-2"/>
<monster name="Doom Lord" direction="2" spawntime="60" x="1" y="-2"/>
</spawn>
<spawn centerx="4967" centery="487" centerz="6" radius="5">
<monster name="Doom Lord" direction="2" spawntime="60" x="-1" y="0"/>
<monster name="fire storm" direction="2" spawntime="60" x="0" y="1"/>
<monster name="Doom Lord" direction="2" spawntime="60" x="1" y="1"/>
</spawn>
<spawn centerx="4942" centery="489" centerz="6" radius="5">
<monster name="fire storm" direction="2" spawntime="60" x="1" y="1"/>
<monster name="Doom Lord" direction="2" spawntime="60" x="2" y="1"/>
<monster name="Doom Lord" direction="2" spawntime="60" x="1" y="2"/>
<monster name="fire storm" direction="2" spawntime="60" x="4" y="3"/>
<monster name="Doom Lord" direction="2" spawntime="60" x="5" y="3"/>
</spawn>
<spawn centerx="4951" centery="490" centerz="6" radius="5">
<monster name="fire storm" direction="2" spawntime="60" x="0" y="1"/>
<monster name="Doom Lord" direction="2" spawntime="60" x="3" y="1"/>
<monster name="Doom Lord" direction="2" spawntime="60" x="-3" y="2"/>
</spawn>
<spawn centerx="4887" centery="491" centerz="6" radius="5">
<monster name="Doom Lord" direction="2" spawntime="60" x="1" y="-4"/>
<monster name="fire storm" direction="2" spawntime="60" x="2" y="-4"/>
<monster name="Doom Lord" direction="2" spawntime="60" x="3" y="-4"/>
<monster name="Doom Lord" direction="2" spawntime="60" x="0" y="3"/>
<monster name="fire storm" direction="2" spawntime="60" x="0" y="4"/>
<monster name="Doom Lord" direction="2" spawntime="60" x="1" y="4"/>
</spawn>
<spawn centerx="4934" centery="491" centerz="6" radius="5">
<monster name="fire storm" direction="2" spawntime="60" x="-1" y="-1"/>
<monster name="Doom Lord" direction="2" spawntime="60" x="0" y="-1"/>
<monster name="Doom Lord" direction="2" spawntime="60" x="-1" y="0"/>
</spawn>
<spawn centerx="4895" centery="494" centerz="6" radius="5">
<monster name="fire storm" direction="2" spawntime="60" x="4" y="0"/>
<monster name="Doom Lord" direction="2" spawntime="60" x="4" y="1"/>
</spawn>
<spawn centerx="4905" centery="494" centerz="6" radius="5">
<monster name="Doom Lord" direction="2" spawntime="60" x="3" y="0"/>
<monster name="Doom Lord" direction="2" spawntime="60" x="2" y="1"/>
<monster name="fire storm" direction="2" spawntime="60" x="-4" y="2"/>
</spawn>
<spawn centerx="4958" centery="494" centerz="6" radius="5">
<monster name="Doom Lord" direction="2" spawntime="60" x="0" y="-4"/>
<monster name="fire storm" direction="2" spawntime="60" x="0" y="-2"/>
<monster name="Doom Lord" direction="2" spawntime="60" x="-1" y="1"/>
</spawn>
<spawn centerx="4916" centery="495" centerz="6" radius="5">
<monster name="Doom Lord" direction="2" spawntime="60" x="0" y="-1"/>
<monster name="fire storm" direction="2" spawntime="60" x="-2" y="0"/>
<monster name="Doom Lord" direction="2" spawntime="60" x="-2" y="1"/>
</spawn>
<spawn centerx="4927" centery="495" centerz="6" radius="5">
<monster name="Doom Lord" direction="2" spawntime="60" x="-3" y="-4"/>
<monster name="Doom Lord" direction="2" spawntime="60" x="-1" y="-4"/>
<monster name="fire storm" direction="2" spawntime="60" x="-1" y="-3"/>
<monster name="Doom Lord" direction="2" spawntime="60" x="-2" y="-2"/>
<monster name="Doom Lord" direction="2" spawntime="60" x="-1" y="4"/>
<monster name="Doom Lord" direction="2" spawntime="60" x="1" y="4"/>
</spawn>
<spawn centerx="4943" centery="497" centerz="6" radius="5">
<monster name="fire storm" direction="2" spawntime="60" x="-1" y="0"/>
</spawn>
<spawn centerx="4968" centery="499" centerz="6" radius="5">
<monster name="Doom Lord" direction="2" spawntime="60" x="-2" y="0"/>
<monster name="fire storm" direction="2" spawntime="60" x="-2" y="1"/>
<monster name="Doom Lord" direction="2" spawntime="60" x="-1" y="1"/>
</spawn>
<spawn centerx="4901" centery="504" centerz="6" radius="5">
<monster name="Doom Lord" direction="2" spawntime="60" x="-1" y="-1"/>
<monster name="fire storm" direction="2" spawntime="60" x="0" y="-1"/>
<monster name="Doom Lord" direction="2" spawntime="60" x="1" y="-1"/>
</spawn>
<spawn centerx="4927" centery="506" centerz="6" radius="5">
<monster name="fire storm" direction="2" spawntime="60" x="1" y="0"/>
<monster name="Doom Lord" direction="2" spawntime="60" x="-1" y="1"/>
<monster name="Doom Lord" direction="2" spawntime="60" x="1" y="2"/>
<monster name="Doom Lord" direction="2" spawntime="60" x="2" y="2"/>
</spawn>
<spawn centerx="4943" centery="507" centerz="6" radius="5">
<monster name="Doom Lord" direction="2" spawntime="60" x="-2" y="-1"/>
<monster name="fire storm" direction="2" spawntime="60" x="-1" y="-1"/>
<monster name="Doom Lord" direction="2" spawntime="60" x="0" y="-1"/>
</spawn>
<spawn centerx="4958" centery="509" centerz="6" radius="5">
<monster name="Doom Lord" direction="2" spawntime="60" x="0" y="-5"/>
<monster name="Doom Lord" direction="2" spawntime="60" x="-2" y="-4"/>
<monster name="fire storm" direction="2" spawntime="60" x="-1" y="-4"/>
<monster name="Doom Lord" direction="2" spawntime="60" x="1" y="2"/>
<monster name="fire storm" direction="2" spawntime="60" x="1" y="3"/>
<monster name="Doom Lord" direction="2" spawntime="60" x="3" y="3"/>
<monster name="Doom Lord" direction="2" spawntime="60" x="2" y="4"/>
</spawn>
<spawn centerx="4966" centery="511" centerz="6" radius="5">
<monster name="Doom Lord" direction="2" spawntime="60" x="1" y="-3"/>
<monster name="fire storm" direction="2" spawntime="60" x="1" y="-2"/>
<monster name="Doom Lord" direction="2" spawntime="60" x="2" y="-1"/>
</spawn>
<spawn centerx="4901" centery="515" centerz="6" radius="5">
<monster name="Doom Lord" direction="2" spawntime="60" x="-1" y="-4"/>
<monster name="fire storm" direction="2" spawntime="60" x="0" y="-4"/>
<monster name="Doom Lord" direction="2" spawntime="60" x="1" y="-4"/>
<monster name="Doom Lord" direction="2" spawntime="60" x="-1" y="3"/>
<monster name="fire storm" direction="2" spawntime="60" x="0" y="3"/>
<monster name="Doom Lord" direction="2" spawntime="60" x="1" y="3"/>
</spawn>
<spawn centerx="4927" centery="516" centerz="6" radius="5">
<monster name="Doom Lord" direction="2" spawntime="60" x="-1" y="-1"/>
<monster name="Doom Lord" direction="2" spawntime="60" x="1" y="1"/>
<monster name="Doom Lord" direction="2" spawntime="60" x="-1" y="4"/>
</spawn>
<spawn centerx="4943" centery="518" centerz="6" radius="5">
<monster name="Doom Lord" direction="2" spawntime="60" x="1" y="-4"/>
<monster name="Doom Lord" direction="2" spawntime="60" x="-1" y="-3"/>
<monster name="fire storm" direction="2" spawntime="60" x="-1" y="2"/>
<monster name="Doom Lord" direction="2" spawntime="60" x="-1" y="3"/>
<monster name="fire storm" direction="2" spawntime="60" x="0" y="3"/>
</spawn>
<spawn centerx="4928" centery="525" centerz="6" radius="5">
<monster name="Doom Lord" direction="2" spawntime="60" x="0" y="-3"/>
<monster name="Doom Lord" direction="2" spawntime="60" x="0" y="2"/>
<monster name="fire storm" direction="2" spawntime="60" x="-1" y="3"/>
<monster name="Doom Lord" direction="2" spawntime="60" x="0" y="3"/>
</spawn>
<spawn centerx="4939" centery="527" centerz="6" radius="5">
<monster name="Doom Lord" direction="2" spawntime="60" x="-4" y="0"/>
<monster name="fire storm" direction="2" spawntime="60" x="-3" y="0"/>
<monster name="Doom Lord" direction="2" spawntime="60" x="-3" y="1"/>
</spawn>
<spawn centerx="4901" centery="528" centerz="6" radius="5">
<monster name="Doom Lord" direction="2" spawntime="60" x="1" y="0"/>
<monster name="Doom Lord" direction="2" spawntime="60" x="-1" y="1"/>
<monster name="fire storm" direction="2" spawntime="60" x="0" y="1"/>
</spawn>
<spawn centerx="4954" centery="528" centerz="6" radius="5">
<monster name="fire storm" direction="2" spawntime="60" x="1" y="-2"/>
<monster name="fire storm" direction="2" spawntime="60" x="-1" y="-1"/>
<monster name="fire storm" direction="2" spawntime="60" x="-1" y="2"/>
</spawn>
<spawn centerx="4892" centery="530" centerz="6" radius="5">
<monster name="Doom Lord" direction="2" spawntime="60" x="-1" y="-1"/>
<monster name="Doom Lord" direction="2" spawntime="60" x="-2" y="0"/>
<monster name="Doom Lord" direction="2" spawntime="60" x="-1" y="0"/>
</spawn>
<spawn centerx="4910" centery="530" centerz="6" radius="5">
<monster name="Doom Lord" direction="2" spawntime="60" x="0" y="-1"/>
<monster name="fire storm" direction="2" spawntime="60" x="-1" y="0"/>
<monster name="Doom Lord" direction="2" spawntime="60" x="1" y="1"/>
</spawn>
<spawn centerx="4920" centery="531" centerz="6" radius="5">
<monster name="fire storm" direction="2" spawntime="60" x="0" y="-1"/>
<monster name="fire storm" direction="2" spawntime="60" x="1" y="0"/>
<monster name="Doom Lord" direction="2" spawntime="60" x="0" y="1"/>
</spawn>
<spawn centerx="4943" centery="535" centerz="6" radius="5">
<monster name="Doom Lord" direction="2" spawntime="60" x="0" y="-2"/>
<monster name="fire storm" direction="2" spawntime="60" x="-1" y="-1"/>
<monster name="Doom Lord" direction="2" spawntime="60" x="-2" y="0"/>
</spawn>
<spawn centerx="4928" centery="537" centerz="6" radius="5">
<monster name="Doom Lord" direction="2" spawntime="60" x="1" y="-1"/>
<monster name="Doom Lord" direction="2" spawntime="60" x="-1" y="1"/>
</spawn>
<spawn centerx="4891" centery="539" centerz="6" radius="5">
<monster name="Doom Lord" direction="2" spawntime="60" x="0" y="-1"/>
<monster name="Doom Lord" direction="2" spawntime="60" x="1" y="-1"/>
<monster name="Doom Lord" direction="2" spawntime="60" x="2" y="-1"/>
<monster name="fire storm" direction="2" spawntime="60" x="1" y="0"/>
</spawn>
<spawn centerx="4944" centery="545" centerz="6" radius="5">
<monster name="Doom Lord" direction="2" spawntime="60" x="0" y="-1"/>
<monster name="fire storm" direction="2" spawntime="60" x="-1" y="0"/>
<monster name="Doom Lord" direction="2" spawntime="60" x="-1" y="1"/>
</spawn>
<spawn centerx="4955" centery="545" centerz="6" radius="5">
<monster name="fire storm" direction="2" spawntime="60" x="-1" y="-1"/>
<monster name="fire storm" direction="2" spawntime="60" x="-2" y="0"/>
</spawn>
<spawn centerx="4933" centery="546" centerz="6" radius="5">
<monster name="Doom Lord" direction="2" spawntime="60" x="1" y="-1"/>
<monster name="fire storm" direction="2" spawntime="60" x="1" y="0"/>
<monster name="Doom Lord" direction="2" spawntime="60" x="1" y="1"/>
</spawn>
<spawn centerx="4913" centery="547" centerz="6" radius="5">
<monster name="Doom Lord" direction="2" spawntime="60" x="0" y="1"/>
<monster name="fire storm" direction="2" spawntime="60" x="0" y="2"/>
<monster name="Doom Lord" direction="2" spawntime="60" x="1" y="2"/>
</spawn>
<spawn centerx="4902" centery="548" centerz="6" radius="5">
<monster name="Doom Lord" direction="2" spawntime="60" x="0" y="-2"/>
<monster name="fire storm" direction="2" spawntime="60" x="0" y="-1"/>
<monster name="Doom Lord" direction="2" spawntime="60" x="-1" y="0"/>
</spawn>
<spawn centerx="4925" centery="548" centerz="6" radius="5">
<monster name="Doom Lord" direction="2" spawntime="60" x="-1" y="-1"/>
<monster name="fire storm" direction="2" spawntime="60" x="-1" y="0"/>
<monster name="Doom Lord" direction="2" spawntime="60" x="0" y="1"/>
</spawn>
<spawn centerx="4892" centery="549" centerz="6" radius="5">
<monster name="fire storm" direction="2" spawntime="60" x="-1" y="-3"/>
<monster name="Doom Lord" direction="2" spawntime="60" x="-1" y="-1"/>
<monster name="Doom Lord" direction="2" spawntime="60" x="1" y="-1"/>
<monster name="fire storm" direction="2" spawntime="60" x="2" y="0"/>
</spawn>
<spawn centerx="4961" centery="552" centerz="6" radius="5">
<monster name="fire storm" direction="2" spawntime="60" x="-1" y="-1"/>
<monster name="Doom Lord" direction="2" spawntime="60" x="-1" y="0"/>
</spawn>
<spawn centerx="4892" centery="559" centerz="6" radius="5">
<monster name="fire storm" direction="2" spawntime="60" x="-1" y="-3"/>
<monster name="Doom Lord" direction="2" spawntime="60" x="-2" y="-2"/>
<monster name="fire storm" direction="2" spawntime="60" x="0" y="-2"/>
<monster name="fire storm" direction="2" spawntime="60" x="-5" y="5"/>
</spawn>
<spawn centerx="4927" centery="559" centerz="6" radius="5">
<monster name="Doom Lord" direction="2" spawntime="60" x="0" y="-1"/>
<monster name="fire storm" direction="2" spawntime="60" x="-1" y="0"/>
<monster name="fire storm" direction="2" spawntime="60" x="1" y="1"/>
</spawn>
<spawn centerx="4959" centery="563" centerz="6" radius="5">
<monster name="Doom Lord" direction="2" spawntime="60" x="1" y="-2"/>
<monster name="Doom Lord" direction="2" spawntime="60" x="0" y="-1"/>
<monster name="fire storm" direction="2" spawntime="60" x="1" y="-1"/>
</spawn>
<spawn centerx="4886" centery="564" centerz="6" radius="5">
<monster name="Doom Lord" direction="2" spawntime="60" x="2" y="1"/>
</spawn>
<spawn centerx="4966" centery="569" centerz="6" radius="5">
<monster name="Doom Lord" direction="2" spawntime="60" x="1" y="0"/>
<monster name="fire storm" direction="2" spawntime="60" x="2" y="0"/>
<monster name="Doom Lord" direction="2" spawntime="60" x="3" y="1"/>
<monster name="Doom Lord" direction="2" spawntime="60" x="-5" y="3"/>
<monster name="fire storm" direction="2" spawntime="60" x="-5" y="4"/>
<monster name="Doom Lord" direction="2" spawntime="60" x="-4" y="4"/>
</spawn>
<spawn centerx="4892" centery="570" centerz="6" radius="5">
<monster name="Doom Lord" direction="2" spawntime="60" x="0" y="1"/>
</spawn>
<spawn centerx="4927" centery="570" centerz="6" radius="5">
<monster name="Doom Lord" direction="2" spawntime="60" x="1" y="-3"/>
<monster name="Doom Lord" direction="2" spawntime="60" x="0" y="1"/>
<monster name="Doom Lord" direction="2" spawntime="60" x="-1" y="3"/>
</spawn>
<spawn centerx="4975" centery="570" centerz="6" radius="5">
<monster name="Doom Lord" direction="2" spawntime="60" x="1" y="-2"/>
<monster name="Doom Lord" direction="2" spawntime="60" x="0" y="-1"/>
<monster name="fire storm" direction="2" spawntime="60" x="1" y="-1"/>
</spawn>
<spawn centerx="4882" centery="572" centerz="6" radius="5">
<monster name="fire storm" direction="2" spawntime="60" x="-1" y="0"/>
<monster name="Doom Lord" direction="2" spawntime="60" x="1" y="0"/>
<monster name="fire storm" direction="2" spawntime="60" x="0" y="1"/>
</spawn>
<spawn centerx="4912" centery="573" centerz="6" radius="5">
<monster name="fire storm" direction="2" spawntime="60" x="0" y="1"/>
<monster name="Doom Lord" direction="2" spawntime="60" x="0" y="2"/>
</spawn>
<spawn centerx="4954" centery="578" centerz="6" radius="5">
<monster name="fire storm" direction="2" spawntime="60" x="-1" y="0"/>
<monster name="Doom Lord" direction="2" spawntime="60" x="1" y="0"/>
<monster name="Doom Lord" direction="2" spawntime="60" x="0" y="1"/>
</spawn>
<spawn centerx="4899" centery="580" centerz="6" radius="5">
<monster name="Doom Lord" direction="2" spawntime="60" x="-2" y="0"/>
<monster name="fire storm" direction="2" spawntime="60" x="0" y="0"/>
<monster name="fire storm" direction="2" spawntime="60" x="-3" y="1"/>
<monster name="Doom Lord" direction="2" spawntime="60" x="-3" y="2"/>
</spawn>
<spawn centerx="4927" centery="580" centerz="6" radius="5">
<monster name="Doom Lord" direction="2" spawntime="60" x="-1" y="1"/>
<monster name="fire storm" direction="2" spawntime="60" x="0" y="2"/>
<monster name="Doom Lord" direction="2" spawntime="60" x="1" y="2"/>
</spawn>
<spawn centerx="4891" centery="581" centerz="6" radius="5">
<monster name="Doom Lord" direction="2" spawntime="60" x="-2" y="3"/>
<monster name="fire storm" direction="2" spawntime="60" x="-2" y="4"/>
</spawn>
<spawn centerx="4909" centery="581" centerz="6" radius="5">
<monster name="fire storm" direction="2" spawntime="60" x="-3" y="-1"/>
<monster name="Doom Lord" direction="2" spawntime="60" x="-2" y="-1"/>
<monster name="Doom Lord" direction="2" spawntime="60" x="-3" y="0"/>
</spawn>
<spawn centerx="4917" centery="581" centerz="6" radius="5">
<monster name="Doom Lord" direction="2" spawntime="60" x="1" y="-1"/>
<monster name="fire storm" direction="2" spawntime="60" x="2" y="-1"/>
<monster name="Doom Lord" direction="2" spawntime="60" x="2" y="0"/>
</spawn>
<spawn centerx="4882" centery="583" centerz="6" radius="5">
<monster name="Doom Lord" direction="2" spawntime="60" x="0" y="-1"/>
<monster name="fire storm" direction="2" spawntime="60" x="-1" y="0"/>
<monster name="Doom Lord" direction="2" spawntime="60" x="-1" y="1"/>
</spawn>
<spawn centerx="4953" centery="585" centerz="6" radius="5">
<monster name="Doom Lord" direction="2" spawntime="60" x="-3" y="1"/>
<monster name="fire storm" direction="2" spawntime="60" x="-3" y="2"/>
<monster name="Doom Lord" direction="2" spawntime="60" x="-2" y="2"/>
</spawn>
<spawn centerx="4961" centery="585" centerz="6" radius="5">
<monster name="fire storm" direction="2" spawntime="60" x="0" y="-1"/>
<monster name="Doom Lord" direction="2" spawntime="60" x="-1" y="0"/>
<monster name="Doom Lord" direction="2" spawntime="60" x="1" y="0"/>
</spawn>
<spawn centerx="4913" centery="588" centerz="6" radius="5">
<monster name="fire storm" direction="2" spawntime="60" x="-1" y="-1"/>
<monster name="Doom Lord" direction="2" spawntime="60" x="0" y="-1"/>
<monster name="fire storm" direction="2" spawntime="60" x="-1" y="0"/>
</spawn>
<spawn centerx="4891" centery="594" centerz="6" radius="5">
<monster name="Doom Lord" direction="2" spawntime="60" x="-1" y="-1"/>
<monster name="fire storm" direction="2" spawntime="60" x="-1" y="1"/>
<monster name="Doom Lord" direction="2" spawntime="60" x="1" y="2"/>
</spawn>
<spawn centerx="4927" centery="594" centerz="6" radius="5">
<monster name="Doom Lord" direction="2" spawntime="60" x="-1" y="2"/>
<monster name="fire storm" direction="2" spawntime="60" x="0" y="2"/>
<monster name="Doom Lord" direction="2" spawntime="60" x="1" y="4"/>
</spawn>
<spawn centerx="4883" centery="596" centerz="6" radius="5">
<monster name="Doom Lord" direction="2" spawntime="60" x="-1" y="-4"/>
<monster name="Doom Lord" direction="2" spawntime="60" x="1" y="1"/>
<monster name="Doom Lord" direction="2" spawntime="60" x="2" y="2"/>
</spawn>
<spawn centerx="4961" centery="596" centerz="6" radius="5">
<monster name="fire storm" direction="2" spawntime="60" x="0" y="-1"/>
<monster name="Doom Lord" direction="2" spawntime="60" x="-1" y="0"/>
<monster name="Doom Lord" direction="2" spawntime="60" x="0" y="1"/>
</spawn>
<spawn centerx="4891" centery="603" centerz="6" radius="5">
<monster name="fire storm" direction="2" spawntime="60" x="0" y="1"/>
</spawn>
<spawn centerx="4927" centery="605" centerz="6" radius="5">
<monster name="fire storm" direction="2" spawntime="60" x="0" y="-1"/>
<monster name="fire storm" direction="2" spawntime="60" x="-1" y="0"/>
<monster name="fire storm" direction="2" spawntime="60" x="0" y="0"/>
<monster name="Doom Lord" direction="2" spawntime="60" x="1" y="0"/>
</spawn>
<spawn centerx="4965" centery="606" centerz="6" radius="5">
<monster name="Doom Lord" direction="2" spawntime="60" x="-2" y="1"/>
<monster name="fire storm" direction="2" spawntime="60" x="-1" y="1"/>
<monster name="Doom Lord" direction="2" spawntime="60" x="-2" y="2"/>
</spawn>
<spawn centerx="4951" centery="607" centerz="6" radius="5">
<monster name="Doom Lord" direction="2" spawntime="60" x="1" y="0"/>
<monster name="Doom Lord" direction="2" spawntime="60" x="0" y="1"/>
<monster name="fire storm" direction="2" spawntime="60" x="1" y="1"/>
</spawn>
<spawn centerx="4914" centery="608" centerz="6" radius="5">
<monster name="Doom Lord" direction="2" spawntime="60" x="-2" y="1"/>
<monster name="fire storm" direction="2" spawntime="60" x="-1" y="1"/>
<monster name="Doom Lord" direction="2" spawntime="60" x="-1" y="2"/>
</spawn>
<spawn centerx="4959" centery="614" centerz="6" radius="5">
<monster name="Doom Lord" direction="2" spawntime="60" x="1" y="1"/>
<monster name="Doom Lord" direction="2" spawntime="60" x="0" y="2"/>
<monster name="fire storm" direction="2" spawntime="60" x="1" y="2"/>
<monster name="Doom Lord" direction="2" spawntime="60" x="-1" y="3"/>
</spawn>
<spawn centerx="4895" centery="615" centerz="6" radius="5">
<monster name="Doom Lord" direction="2" spawntime="60" x="1" y="-4"/>
<monster name="Doom Lord" direction="2" spawntime="60" x="-2" y="-1"/>
<monster name="fire storm" direction="2" spawntime="60" x="-2" y="0"/>
<monster name="Doom Lord" direction="2" spawntime="60" x="-2" y="1"/>
</spawn>
<spawn centerx="4906" centery="615" centerz="6" radius="5">
<monster name="Doom Lord" direction="2" spawntime="60" x="-2" y="-1"/>
<monster name="fire storm" direction="2" spawntime="60" x="-2" y="0"/>
<monster name="Doom Lord" direction="2" spawntime="60" x="-2" y="1"/>
</spawn>
<spawn centerx="4927" centery="616" centerz="6" radius="5">
<monster name="Doom Lord" direction="2" spawntime="60" x="2" y="-1"/>
<monster name="fire storm" direction="2" spawntime="60" x="2" y="0"/>
<monster name="Doom Lord" direction="2" spawntime="60" x="2" y="1"/>
</spawn>
<spawn centerx="4938" centery="616" centerz="6" radius="5">
<monster name="Doom Lord" direction="2" spawntime="60" x="1" y="-1"/>
<monster name="fire storm" direction="2" spawntime="60" x="2" y="0"/>
<monster name="Doom Lord" direction="2" spawntime="60" x="1" y="1"/>
</spawn>
<spawn centerx="4949" centery="616" centerz="6" radius="5">
<monster name="fire storm" direction="2" spawntime="60" x="0" y="-1"/>
<monster name="Doom Lord" direction="2" spawntime="60" x="-1" y="0"/>
<monster name="Doom Lord" direction="2" spawntime="60" x="0" y="1"/>
</spawn>
<spawn centerx="4916" centery="617" centerz="6" radius="5">
<monster name="Doom Lord" direction="2" spawntime="60" x="3" y="-1"/>
<monster name="Doom Lord" direction="2" spawntime="60" x="2" y="0"/>
<monster name="fire storm" direction="2" spawntime="60" x="3" y="0"/>
</spawn>
<spawn centerx="4892" centery="649" centerz="6" radius="5">
<monster name="Ghostly visage" direction="2" spawntime="20" x="0" y="-1"/>
<monster name="Ghostly visage" direction="2" spawntime="20" x="-1" y="0"/>
<monster name="Demonic Summoner" direction="2" spawntime="20" x="0" y="1"/>
<monster name="Ghostly visage" direction="2" spawntime="20" x="1" y="1"/>
</spawn>
<spawn centerx="4957" centery="651" centerz="6" radius="5">
<monster name="Ghostly visage" direction="2" spawntime="20" x="0" y="-1"/>
<monster name="Ghostly visage" direction="2" spawntime="20" x="-1" y="0"/>
<monster name="Ghostly visage" direction="2" spawntime="20" x="1" y="0"/>
<monster name="Demonic Summoner" direction="2" spawntime="20" x="0" y="1"/>
</spawn>
<spawn centerx="4926" centery="652" centerz="6" radius="5">
<monster name="Ghostly visage" direction="2" spawntime="20" x="-1" y="-1"/>
<monster name="Ghostly visage" direction="2" spawntime="20" x="1" y="-1"/>
<monster name="Ghostly visage" direction="2" spawntime="20" x="0" y="1"/>
<monster name="Demonic Summoner" direction="2" spawntime="20" x="1" y="1"/>
</spawn>
<spawn centerx="4897" centery="657" centerz="6" radius="5">
<monster name="Demonic Summoner" direction="2" spawntime="20" x="0" y="-1"/>
<monster name="Ghostly visage" direction="2" spawntime="20" x="-1" y="0"/>
<monster name="Ghostly visage" direction="2" spawntime="20" x="1" y="0"/>
<monster name="Ghostly visage" direction="2" spawntime="20" x="-1" y="1"/>
</spawn>
<spawn centerx="4952" centery="658" centerz="6" radius="5">
<monster name="Ghostly visage" direction="2" spawntime="20" x="-1" y="-1"/>
<monster name="Ghostly visage" direction="2" spawntime="20" x="-1" y="0"/>
<monster name="Demonic Summoner" direction="2" spawntime="20" x="0" y="1"/>
<monster name="Ghostly visage" direction="2" spawntime="20" x="1" y="1"/>
</spawn>
<spawn centerx="4926" centery="660" centerz="6" radius="5">
<monster name="Ghostly visage" direction="2" spawntime="20" x="-1" y="0"/>
<monster name="Ghostly visage" direction="2" spawntime="20" x="-1" y="1"/>
<monster name="Demonic Summoner" direction="2" spawntime="20" x="0" y="1"/>
<monster name="Ghostly visage" direction="2" spawntime="20" x="1" y="1"/>
</spawn>
<spawn centerx="4947" centery="665" centerz="6" radius="5">
<monster name="Ghostly visage" direction="2" spawntime="20" x="-1" y="-1"/>
<monster name="Ghostly visage" direction="2" spawntime="20" x="0" y="-1"/>
<monster name="Demonic Summoner" direction="2" spawntime="20" x="-1" y="0"/>
<monster name="Ghostly visage" direction="2" spawntime="20" x="1" y="1"/>
</spawn>
<spawn centerx="4902" centery="666" centerz="6" radius="5">
<monster name="Demonic Summoner" direction="2" spawntime="20" x="-1" y="-1"/>
<monster name="Ghostly visage" direction="2" spawntime="20" x="0" y="-1"/>
<monster name="Ghostly visage" direction="2" spawntime="20" x="1" y="-1"/>
<monster name="Ghostly visage" direction="2" spawntime="20" x="-1" y="0"/>
</spawn>
<spawn centerx="4927" centery="670" centerz="6" radius="5">
<monster name="Demonic Summoner" direction="2" spawntime="20" x="-1" y="1"/>
<monster name="Ghostly visage" direction="2" spawntime="20" x="0" y="1"/>
<monster name="Ghostly visage" direction="2" spawntime="20" x="-1" y="2"/>
<monster name="Ghostly visage" direction="2" spawntime="20" x="1" y="2"/>
</spawn>
<spawn centerx="4941" centery="672" centerz="6" radius="5">
<monster name="Ghostly visage" direction="2" spawntime="20" x="-2" y="0"/>
<monster name="Ghostly visage" direction="2" spawntime="20" x="-1" y="1"/>
<monster name="Demonic Summoner" direction="2" spawntime="20" x="0" y="1"/>
<monster name="Ghostly visage" direction="2" spawntime="20" x="0" y="2"/>
</spawn>
<spawn centerx="4909" centery="673" centerz="6" radius="5">
<monster name="Demonic Summoner" direction="2" spawntime="20" x="-1" y="0"/>
<monster name="Ghostly visage" direction="2" spawntime="20" x="1" y="1"/>
<monster name="Ghostly visage" direction="2" spawntime="20" x="0" y="2"/>
<monster name="Ghostly visage" direction="2" spawntime="20" x="2" y="2"/>
</spawn>
<spawn centerx="4870" centery="676" centerz="6" radius="5">
<monster name="Ghostly visage" direction="2" spawntime="20" x="-1" y="-1"/>
<monster name="Ghostly visage" direction="2" spawntime="20" x="-1" y="0"/>
<monster name="Demonic Summoner" direction="2" spawntime="20" x="-1" y="1"/>
<monster name="Ghostly visage" direction="2" spawntime="20" x="0" y="1"/>
</spawn>
<spawn centerx="4883" centery="679" centerz="6" radius="5">
<monster name="Demonic Summoner" direction="2" spawntime="20" x="0" y="-1"/>
<monster name="Ghostly visage" direction="2" spawntime="20" x="1" y="-1"/>
<monster name="Ghostly visage" direction="2" spawntime="20" x="1" y="1"/>
<monster name="Ghostly visage" direction="2" spawntime="20" x="0" y="2"/>
</spawn>
<spawn centerx="4965" centery="681" centerz="6" radius="5">
<monster name="Ghostly visage" direction="2" spawntime="20" x="0" y="-1"/>
<monster name="Ghostly visage" direction="2" spawntime="20" x="1" y="0"/>
<monster name="Ghostly visage" direction="2" spawntime="20" x="0" y="1"/>
<monster name="Demonic Summoner" direction="2" spawntime="20" x="1" y="2"/>
</spawn>
<spawn centerx="4956" centery="682" centerz="6" radius="5">
<monster name="Ghostly visage" direction="2" spawntime="20" x="-1" y="-1"/>
<monster name="Ghostly visage" direction="2" spawntime="20" x="1" y="0"/>
<monster name="Ghostly visage" direction="2" spawntime="20" x="-1" y="1"/>
<monster name="Demonic Summoner" direction="2" spawntime="20" x="0" y="2"/>
</spawn>
<spawn centerx="4905" centery="683" centerz="6" radius="5">
<monster name="Ghostly visage" direction="2" spawntime="20" x="1" y="-1"/>
<monster name="Ghostly visage" direction="2" spawntime="20" x="1" y="0"/>
<monster name="Demonic Summoner" direction="2" spawntime="20" x="1" y="1"/>
<monster name="Ghostly visage" direction="2" spawntime="20" x="2" y="1"/>
</spawn>
<spawn centerx="4946" centery="683" centerz="6" radius="5">
<monster name="Ghostly visage" direction="2" spawntime="20" x="-1" y="-1"/>
<monster name="Ghostly visage" direction="2" spawntime="20" x="1" y="-1"/>
<monster name="Demonic Summoner" direction="2" spawntime="20" x="2" y="0"/>
<monster name="Ghostly visage" direction="2" spawntime="20" x="1" y="1"/>
</spawn>
<spawn centerx="4894" centery="684" centerz="6" radius="5">
<monster name="Ghostly visage" direction="2" spawntime="20" x="-1" y="-1"/>
<monster name="Demonic Summoner" direction="2" spawntime="20" x="0" y="-1"/>
<monster name="Ghostly visage" direction="2" spawntime="20" x="1" y="-1"/>
<monster name="Ghostly visage" direction="2" spawntime="20" x="1" y="1"/>
</spawn>
<spawn centerx="4973" centery="684" centerz="6" radius="5">
<monster name="Ghostly visage" direction="2" spawntime="20" x="0" y="-1"/>
<monster name="Ghostly visage" direction="2" spawntime="20" x="-1" y="0"/>
<monster name="Ghostly visage" direction="2" spawntime="20" x="0" y="1"/>
<monster name="Demonic Summoner" direction="2" spawntime="20" x="0" y="2"/>
</spawn>
<spawn centerx="4926" centery="686" centerz="6" radius="5">
<monster name="Crypt Lord" direction="2" spawntime="60" x="0" y="-1"/>
<monster name="Crypt Lord" direction="2" spawntime="60" x="-1" y="0"/>
<monster name="Crypt Lord" direction="2" spawntime="60" x="1" y="0"/>
</spawn>
<spawn centerx="4912" centery="694" centerz="6" radius="5">
<monster name="Ghostly visage" direction="2" spawntime="20" x="0" y="-2"/>
<monster name="Demonic Summoner" direction="2" spawntime="20" x="0" y="-1"/>
<monster name="Ghostly visage" direction="2" spawntime="20" x="2" y="-1"/>
<monster name="Ghostly visage" direction="2" spawntime="20" x="1" y="0"/>
</spawn>
<spawn centerx="4902" centery="698" centerz="6" radius="5">
<monster name="Ghostly visage" direction="2" spawntime="20" x="-1" y="-2"/>
<monster name="Ghostly visage" direction="2" spawntime="20" x="1" y="-2"/>
<monster name="Demonic Summoner" direction="2" spawntime="20" x="-1" y="-1"/>
<monster name="Ghostly visage" direction="2" spawntime="20" x="0" y="-1"/>
</spawn>
<spawn centerx="4922" centery="698" centerz="6" radius="5">
<monster name="Ghostly visage" direction="2" spawntime="20" x="-1" y="0"/>
<monster name="Ghostly visage" direction="2" spawntime="20" x="1" y="0"/>
<monster name="Ghostly visage" direction="2" spawntime="20" x="1" y="1"/>
</spawn>
<spawn centerx="4943" centery="698" centerz="6" radius="5">
<monster name="Ghostly visage" direction="2" spawntime="20" x="-1" y="-1"/>
<monster name="Ghostly visage" direction="2" spawntime="20" x="0" y="-1"/>
<monster name="Ghostly visage" direction="2" spawntime="20" x="1" y="0"/>
<monster name="Demonic Summoner" direction="2" spawntime="20" x="-1" y="1"/>
</spawn>
<spawn centerx="4934" centery="699" centerz="6" radius="5">
<monster name="Ghostly visage" direction="2" spawntime="20" x="-1" y="-1"/>
<monster name="Ghostly visage" direction="2" spawntime="20" x="1" y="0"/>
<monster name="Ghostly visage" direction="2" spawntime="20" x="0" y="1"/>
<monster name="Demonic Summoner" direction="2" spawntime="20" x="1" y="1"/>
</spawn>
<spawn centerx="4893" centery="703" centerz="6" radius="5">
<monster name="Ghostly visage" direction="2" spawntime="20" x="-2" y="-1"/>
<monster name="Demonic Summoner" direction="2" spawntime="20" x="-1" y="-1"/>
<monster name="Ghostly visage" direction="2" spawntime="20" x="0" y="-1"/>
<monster name="Ghostly visage" direction="2" spawntime="20" x="-1" y="0"/>
</spawn>
<spawn centerx="4920" centery="706" centerz="6" radius="5">
<monster name="Ghostly visage" direction="2" spawntime="20" x="-1" y="-1"/>
<monster name="Ghostly visage" direction="2" spawntime="20" x="-1" y="0"/>
<monster name="Ghostly visage" direction="2" spawntime="20" x="1" y="0"/>
<monster name="Demonic Summoner" direction="2" spawntime="20" x="0" y="1"/>
</spawn>
<spawn centerx="4951" centery="708" centerz="6" radius="5">
<monster name="Demonic Summoner" direction="2" spawntime="20" x="-1" y="-1"/>
<monster name="Ghostly visage" direction="2" spawntime="20" x="0" y="-1"/>
<monster name="Ghostly visage" direction="2" spawntime="20" x="-1" y="0"/>
<monster name="Ghostly visage" direction="2" spawntime="20" x="1" y="0"/>
</spawn>
<spawn centerx="4935" centery="710" centerz="6" radius="5">
<monster name="Ghostly visage" direction="2" spawntime="20" x="0" y="-1"/>
<monster name="Demonic Summoner" direction="2" spawntime="20" x="1" y="-1"/>
<monster name="Ghostly visage" direction="2" spawntime="20" x="2" y="-1"/>
<monster name="Ghostly visage" direction="2" spawntime="20" x="1" y="0"/>
</spawn>
<spawn centerx="4888" centery="712" centerz="6" radius="5">
<monster name="Ghostly visage" direction="2" spawntime="20" x="0" y="-1"/>
<monster name="Ghostly visage" direction="2" spawntime="20" x="1" y="-1"/>
<monster name="Demonic Summoner" direction="2" spawntime="20" x="-1" y="0"/>
<monster name="Ghostly visage" direction="2" spawntime="20" x="1" y="0"/>
</spawn>
<spawn centerx="4878" centery="717" centerz="6" radius="5">
<monster name="Ghostly visage" direction="2" spawntime="20" x="-1" y="-1"/>
<monster name="Ghostly visage" direction="2" spawntime="20" x="0" y="-1"/>
<monster name="Demonic Summoner" direction="2" spawntime="20" x="-1" y="0"/>
<monster name="Ghostly visage" direction="2" spawntime="20" x="-1" y="1"/>
</spawn>
<spawn centerx="4919" centery="717" centerz="6" radius="5">
<monster name="Ghostly visage" direction="2" spawntime="20" x="-1" y="-1"/>
<monster name="Ghostly visage" direction="2" spawntime="20" x="0" y="-1"/>
<monster name="Ghostly visage" direction="2" spawntime="20" x="-1" y="0"/>
<monster name="Demonic Summoner" direction="2" spawntime="20" x="0" y="1"/>
</spawn>
<spawn centerx="4956" centery="718" centerz="6" radius="5">
<monster name="Ghostly visage" direction="2" spawntime="20" x="-1" y="-1"/>
<monster name="Ghostly visage" direction="2" spawntime="20" x="-2" y="0"/>
<monster name="Demonic Summoner" direction="2" spawntime="20" x="-1" y="0"/>
<monster name="Ghostly visage" direction="2" spawntime="20" x="1" y="1"/>
</spawn>
<spawn centerx="4934" centery="720" centerz="6" radius="5">
<monster name="Ghostly visage" direction="2" spawntime="20" x="1" y="-1"/>
<monster name="Ghostly visage" direction="2" spawntime="20" x="-1" y="0"/>
<monster name="Ghostly visage" direction="2" spawntime="20" x="-1" y="1"/>
<monster name="Demonic Summoner" direction="2" spawntime="20" x="0" y="1"/>
</spawn>
<spawn centerx="4912" centery="725" centerz="6" radius="5">
<monster name="Ghostly visage" direction="2" spawntime="20" x="-1" y="0"/>
<monster name="Ghostly visage" direction="2" spawntime="20" x="1" y="0"/>
<monster name="Ghostly visage" direction="2" spawntime="20" x="0" y="1"/>
<monster name="Demonic Summoner" direction="2" spawntime="20" x="1" y="1"/>
</spawn>
<spawn centerx="4961" centery="729" centerz="6" radius="5">
<monster name="Ghostly visage" direction="2" spawntime="20" x="-1" y="-1"/>
<monster name="Demonic Summoner" direction="2" spawntime="20" x="-1" y="0"/>
<monster name="Ghostly visage" direction="2" spawntime="20" x="-1" y="1"/>
<monster name="Ghostly visage" direction="2" spawntime="20" x="1" y="1"/>
</spawn>
<spawn centerx="4937" centery="730" centerz="6" radius="5">
<monster name="Ghostly visage" direction="2" spawntime="20" x="-1" y="0"/>
<monster name="Demonic Summoner" direction="2" spawntime="20" x="-1" y="1"/>
<monster name="Ghostly visage" direction="2" spawntime="20" x="0" y="1"/>
<monster name="Ghostly visage" direction="2" spawntime="20" x="-1" y="2"/>
</spawn>
<spawn centerx="4909" centery="735" centerz="6" radius="5">
<monster name="Ghostly visage" direction="2" spawntime="20" x="1" y="-2"/>
<monster name="Ghostly visage" direction="2" spawntime="20" x="-1" y="-1"/>
<monster name="Demonic Summoner" direction="2" spawntime="20" x="1" y="-1"/>
<monster name="Ghostly visage" direction="2" spawntime="20" x="1" y="0"/>
</spawn>
<spawn centerx="4970" centery="737" centerz="6" radius="5">
<monster name="Ghostly visage" direction="2" spawntime="20" x="-1" y="-1"/>
<monster name="Ghostly visage" direction="2" spawntime="20" x="-1" y="1"/>
<monster name="Demonic Summoner" direction="2" spawntime="20" x="0" y="1"/>
<monster name="Ghostly visage" direction="2" spawntime="20" x="1" y="1"/>
</spawn>
<spawn centerx="4939" centery="740" centerz="6" radius="5">
<monster name="Ghostly visage" direction="2" spawntime="20" x="1" y="-1"/>
<monster name="Demonic Summoner" direction="2" spawntime="20" x="1" y="0"/>
<monster name="Ghostly visage" direction="2" spawntime="20" x="-1" y="1"/>
<monster name="Ghostly visage" direction="2" spawntime="20" x="2" y="3"/>
</spawn>
<spawn centerx="88" centery="784" centerz="6" radius="5">
<monster name="Lizard Snakecharmer" direction="2" spawntime="60" x="-3" y="-1"/>
<monster name="Lizard Templar" direction="2" spawntime="60" x="0" y="-1"/>
<monster name="Lizard Templar" direction="2" spawntime="60" x="2" y="1"/>
<monster name="Lizard Templar" direction="2" spawntime="60" x="4" y="1"/>
<monster name="Lizard Templar" direction="2" spawntime="60" x="-3" y="2"/>
<monster name="Lizard Snakecharmer" direction="2" spawntime="60" x="-1" y="3"/>
</spawn>
<spawn centerx="107" centery="789" centerz="6" radius="5">
<monster name="Lizard Snakecharmer" direction="2" spawntime="60" x="-2" y="0"/>
<monster name="Lizard Snakecharmer" direction="2" spawntime="60" x="-1" y="0"/>
<monster name="Lizard Snakecharmer" direction="2" spawntime="60" x="0" y="0"/>
<monster name="Lizard Snakecharmer" direction="2" spawntime="60" x="1" y="0"/>
<monster name="Lizard Snakecharmer" direction="2" spawntime="60" x="2" y="0"/>
<monster name="Lizard Snakecharmer" direction="2" spawntime="60" x="3" y="0"/>
</spawn>
<spawn centerx="4895" centery="22" centerz="7" radius="5">
<monster name="orc rider" direction="2" spawntime="60" x="-2" y="-1"/>
<monster name="orc rider" direction="2" spawntime="60" x="-1" y="-1"/>
<monster name="orc rider" direction="2" spawntime="60" x="-3" y="0"/>
<monster name="orc rider" direction="2" spawntime="60" x="1" y="0"/>
<monster name="orc rider" direction="2" spawntime="60" x="-1" y="1"/>
<monster name="orc rider" direction="2" spawntime="60" x="2" y="1"/>
<monster name="orc warlord" direction="2" spawntime="60" x="0" y="4"/>
<monster name="orc warlord" direction="2" spawntime="60" x="0" y="5"/>
</spawn>
<spawn centerx="4958" centery="22" centerz="7" radius="5">
<monster name="orc spearman" direction="2" spawntime="60" x="-1" y="-1"/>
<monster name="orc warrior" direction="2" spawntime="60" x="1" y="-1"/>
<monster name="Swamp Troll" direction="2" spawntime="60" x="3" y="-1"/>
<monster name="orc spearman" direction="2" spawntime="60" x="-1" y="0"/>
<monster name="orc warrior" direction="2" spawntime="60" x="2" y="0"/>
<monster name="Swamp Troll" direction="2" spawntime="60" x="4" y="0"/>
<monster name="orc shaman" direction="2" spawntime="60" x="0" y="1"/>
<monster name="orc warrior" direction="2" spawntime="60" x="2" y="1"/>
<monster name="Swamp Troll" direction="2" spawntime="60" x="3" y="1"/>
<monster name="orc shaman" direction="2" spawntime="60" x="-3" y="2"/>
<monster name="orc shaman" direction="2" spawntime="60" x="-4" y="4"/>
<monster name="Beholder" direction="2" spawntime="60" x="3" y="5"/>
</spawn>
<spawn centerx="290" centery="23" centerz="7" radius="5">
<monster name="Winter Wolf" direction="2" spawntime="60" x="-3" y="0"/>
<monster name="Winter Wolf" direction="2" spawntime="60" x="0" y="2"/>
</spawn>
<spawn centerx="832" centery="23" centerz="7" radius="5">
<monster name="Vlad Tepes" direction="2" spawntime="60" x="-3" y="-2"/>
<monster name="Hell screamer" direction="2" spawntime="60" x="-2" y="-1"/>
<monster name="Ghostly visage" direction="2" spawntime="60" x="-2" y="0"/>
<monster name="fire storm" direction="2" spawntime="60" x="-1" y="0"/>
<monster name="Ghostly visage" direction="2" spawntime="60" x="1" y="0"/>
<monster name="Doom Lord" direction="2" spawntime="60" x="0" y="1"/>
<monster name="Leprechaun" direction="2" spawntime="60" x="1" y="1"/>
<monster name="Demonic Summoner" direction="2" spawntime="60" x="2" y="1"/>
<monster name="Ancient Necropharus" direction="2" spawntime="60" x="2" y="2"/>
</spawn>
<spawn centerx="4934" centery="23" centerz="7" radius="5">
<monster name="orc berserker" direction="2" spawntime="60" x="-3" y="-2"/>
<monster name="orc berserker" direction="2" spawntime="60" x="-1" y="-1"/>
<monster name="orc berserker" direction="2" spawntime="60" x="2" y="0"/>
<monster name="orc berserker" direction="2" spawntime="60" x="-2" y="1"/>
<monster name="orc berserker" direction="2" spawntime="60" x="-4" y="2"/>
<monster name="orc berserker" direction="2" spawntime="60" x="1" y="2"/>
<monster name="orc berserker" direction="2" spawntime="60" x="-2" y="3"/>
<monster name="orc spearman" direction="2" spawntime="60" x="5" y="3"/>
</spawn>
<spawn centerx="4947" centery="23" centerz="7" radius="5">
<monster name="orc spearman" direction="2" spawntime="60" x="-3" y="-1"/>
<monster name="orc spearman" direction="2" spawntime="60" x="2" y="-1"/>
<monster name="orc warrior" direction="2" spawntime="60" x="-1" y="0"/>
<monster name="orc shaman" direction="2" spawntime="60" x="-4" y="1"/>
<monster name="orc spearman" direction="2" spawntime="60" x="4" y="1"/>
<monster name="orc spearman" direction="2" spawntime="60" x="-4" y="2"/>
<monster name="orc shaman" direction="2" spawntime="60" x="0" y="2"/>
<monster name="orc warrior" direction="2" spawntime="60" x="-5" y="3"/>
<monster name="orc warrior" direction="2" spawntime="60" x="-1" y="3"/>
<monster name="orc spearman" direction="2" spawntime="60" x="2" y="3"/>
<monster name="orc shaman" direction="2" spawntime="60" x="5" y="3"/>
<monster name="orc shaman" direction="2" spawntime="60" x="-5" y="5"/>
<monster name="orc warrior" direction="2" spawntime="60" x="-3" y="5"/>
<monster name="orc spearman" direction="2" spawntime="60" x="1" y="5"/>
<monster name="orc warrior" direction="2" spawntime="60" x="3" y="5"/>
</spawn>
<spawn centerx="4968" centery="26" centerz="7" radius="5">
<monster name="Swamp Troll" direction="2" spawntime="60" x="-1" y="-4"/>
<monster name="Swamp Troll" direction="2" spawntime="60" x="0" y="-4"/>
<monster name="Swamp Troll" direction="2" spawntime="60" x="2" y="-4"/>
<monster name="Swamp Troll" direction="2" spawntime="60" x="-2" y="-3"/>
<monster name="Swamp Troll" direction="2" spawntime="60" x="0" y="-3"/>
<monster name="Swamp Troll" direction="2" spawntime="60" x="2" y="-3"/>
<monster name="Beholder" direction="2" spawntime="60" x="1" y="1"/>
<monster name="Beholder" direction="2" spawntime="60" x="2" y="1"/>
<monster name="Beholder" direction="2" spawntime="60" x="3" y="1"/>
<monster name="Beholder" direction="2" spawntime="60" x="-5" y="3"/>
<monster name="Beholder" direction="2" spawntime="60" x="5" y="4"/>
<monster name="Beholder" direction="2" spawntime="60" x="2" y="5"/>
<monster name="Beholder" direction="2" spawntime="60" x="3" y="5"/>
</spawn>
<spawn centerx="4894" centery="27" centerz="7" radius="5">
<monster name="orc warlord" direction="2" spawntime="60" x="1" y="1"/>
<monster name="orc rider" direction="2" spawntime="60" x="0" y="5"/>
<monster name="orc rider" direction="2" spawntime="60" x="1" y="5"/>
<monster name="orc rider" direction="2" spawntime="60" x="3" y="5"/>
</spawn>
<spawn centerx="4927" centery="27" centerz="7" radius="5">
<monster name="orc berserker" direction="2" spawntime="60" x="0" y="-3"/>
<monster name="orc berserker" direction="2" spawntime="60" x="1" y="-3"/>
<monster name="orc berserker" direction="2" spawntime="60" x="1" y="-1"/>
<monster name="orc leader" direction="2" spawntime="60" x="-3" y="0"/>
<monster name="orc leader" direction="2" spawntime="60" x="-2" y="0"/>
<monster name="orc leader" direction="2" spawntime="60" x="-3" y="1"/>
<monster name="orc leader" direction="2" spawntime="60" x="-2" y="1"/>
<monster name="orc berserker" direction="2" spawntime="60" x="0" y="2"/>
<monster name="orc berserker" direction="2" spawntime="60" x="1" y="2"/>
</spawn>
<spawn centerx="4905" centery="28" centerz="7" radius="5">
<monster name="orc rider" direction="2" spawntime="60" x="-3" y="-1"/>
<monster name="orc rider" direction="2" spawntime="60" x="-2" y="-1"/>
<monster name="orc leader" direction="2" spawntime="60" x="-1" y="-1"/>
<monster name="orc leader" direction="2" spawntime="60" x="0" y="-1"/>
<monster name="orc leader" direction="2" spawntime="60" x="1" y="-1"/>
<monster name="orc leader" direction="2" spawntime="60" x="3" y="-1"/>
<monster name="orc leader" direction="2" spawntime="60" x="4" y="-1"/>
<monster name="orc rider" direction="2" spawntime="60" x="-3" y="0"/>
<monster name="orc rider" direction="2" spawntime="60" x="-2" y="0"/>
<monster name="orc leader" direction="2" spawntime="60" x="-1" y="0"/>
<monster name="orc leader" direction="2" spawntime="60" x="0" y="0"/>
<monster name="orc leader" direction="2" spawntime="60" x="1" y="0"/>
<monster name="orc leader" direction="2" spawntime="60" x="3" y="0"/>
<monster name="orc leader" direction="2" spawntime="60" x="4" y="0"/>
</spawn>
<spawn centerx="4915" centery="28" centerz="7" radius="5">
<monster name="orc leader" direction="2" spawntime="60" x="-4" y="-1"/>
<monster name="orc leader" direction="2" spawntime="60" x="-3" y="-1"/>
<monster name="orc leader" direction="2" spawntime="60" x="-2" y="-1"/>
<monster name="orc leader" direction="2" spawntime="60" x="1" y="-1"/>
<monster name="orc leader" direction="2" spawntime="60" x="2" y="-1"/>
<monster name="orc leader" direction="2" spawntime="60" x="3" y="-1"/>
<monster name="orc leader" direction="2" spawntime="60" x="-4" y="0"/>
<monster name="orc leader" direction="2" spawntime="60" x="-3" y="0"/>
<monster name="orc leader" direction="2" spawntime="60" x="-2" y="0"/>
<monster name="orc leader" direction="2" spawntime="60" x="1" y="0"/>
<monster name="orc leader" direction="2" spawntime="60" x="2" y="0"/>
<monster name="orc leader" direction="2" spawntime="60" x="3" y="0"/>
</spawn>
<spawn centerx="4961" centery="28" centerz="7" radius="5">
<monster name="Beholder" direction="2" spawntime="60" x="-1" y="1"/>
<monster name="Beholder" direction="2" spawntime="60" x="3" y="4"/>
</spawn>
<spawn centerx="4942" centery="29" centerz="7" radius="5">
<monster name="orc warrior" direction="2" spawntime="60" x="-2" y="-2"/>
<monster name="orc warrior" direction="2" spawntime="60" x="-2" y="0"/>
<monster name="orc spearman" direction="2" spawntime="60" x="1" y="1"/>
<monster name="orc spearman" direction="2" spawntime="60" x="3" y="1"/>
<monster name="orc warrior" direction="2" spawntime="60" x="-2" y="2"/>
<monster name="orc spearman" direction="2" spawntime="60" x="0" y="2"/>
<monster name="orc warrior" direction="2" spawntime="60" x="2" y="2"/>
</spawn>
<spawn centerx="4952" centery="29" centerz="7" radius="5">
<monster name="orc spearman" direction="2" spawntime="60" x="1" y="-1"/>
<monster name="orc spearman" direction="2" spawntime="60" x="0" y="1"/>
<monster name="orc shaman" direction="2" spawntime="60" x="-2" y="2"/>
<monster name="orc warrior" direction="2" spawntime="60" x="2" y="2"/>
<monster name="orc warrior" direction="2" spawntime="60" x="-1" y="3"/>
<monster name="orc warrior" direction="2" spawntime="60" x="0" y="3"/>
</spawn>
<spawn centerx="920" centery="32" centerz="7" radius="5">
<monster name="Skeletor" direction="2" spawntime="60" x="0" y="1"/>
</spawn>
<spawn centerx="4895" centery="34" centerz="7" radius="5">
<monster name="orc rider" direction="2" spawntime="60" x="3" y="-1"/>
<monster name="orc rider" direction="2" spawntime="60" x="0" y="1"/>
<monster name="orc rider" direction="2" spawntime="60" x="1" y="1"/>
<monster name="orc rider" direction="2" spawntime="60" x="-3" y="2"/>
<monster name="orc rider" direction="2" spawntime="60" x="0" y="2"/>
<monster name="orc rider" direction="2" spawntime="60" x="3" y="2"/>
</spawn>
<spawn centerx="4932" centery="34" centerz="7" radius="5">
<monster name="orc leader" direction="2" spawntime="60" x="-2" y="-1"/>
<monster name="orc leader" direction="2" spawntime="60" x="-1" y="-1"/>
<monster name="orc leader" direction="2" spawntime="60" x="-2" y="0"/>
<monster name="orc leader" direction="2" spawntime="60" x="-1" y="0"/>
<monster name="orc berserker" direction="2" spawntime="60" x="-2" y="1"/>
<monster name="orc berserker" direction="2" spawntime="60" x="-1" y="1"/>
<monster name="orc leader" direction="2" spawntime="60" x="2" y="1"/>
<monster name="orc shaman" direction="2" spawntime="60" x="-2" y="2"/>
<monster name="orc shaman" direction="2" spawntime="60" x="-1" y="2"/>
<monster name="orc leader" direction="2" spawntime="60" x="2" y="2"/>
<monster name="orc leader" direction="2" spawntime="60" x="2" y="3"/>
<monster name="orc warlord" direction="2" spawntime="60" x="-1" y="4"/>
</spawn>
<spawn centerx="838" centery="35" centerz="7" radius="5">
<monster name="Demonic Summoner" direction="2" spawntime="60" x="1" y="-1"/>
<monster name="Demonic Summoner" direction="2" spawntime="60" x="1" y="0"/>
<monster name="Ancient Necropharus" direction="2" spawntime="60" x="0" y="1"/>
<monster name="Demonic Summoner" direction="2" spawntime="60" x="1" y="1"/>
<monster name="Ancient Necropharus" direction="2" spawntime="60" x="0" y="2"/>
<monster name="Ancient Necropharus" direction="2" spawntime="60" x="1" y="2"/>
</spawn>
<spawn centerx="4806" centery="35" centerz="7" radius="5">
<monster name="Spit Nettle" direction="2" spawntime="60" x="1" y="1"/>
<monster name="Spit Nettle" direction="2" spawntime="60" x="2" y="3"/>
</spawn>
<spawn centerx="4819" centery="35" centerz="7" radius="5">
<monster name="Spit Nettle" direction="2" spawntime="60" x="5" y="4"/>
</spawn>
<spawn centerx="823" centery="36" centerz="7" radius="5">
<monster name="Petrified Hell Hound" direction="2" spawntime="60" x="-1" y="-1"/>
<monster name="Ancient Necropharus" direction="2" spawntime="60" x="0" y="-1"/>
<monster name="Petrified Hell Hound" direction="2" spawntime="60" x="1" y="-1"/>
<monster name="Ancient Necropharus" direction="2" spawntime="60" x="-1" y="0"/>
<monster name="Petrified Hell Hound" direction="2" spawntime="60" x="-1" y="1"/>
<monster name="Petrified Hell Hound" direction="2" spawntime="60" x="-2" y="2"/>
<monster name="Petrified Hell Hound" direction="2" spawntime="60" x="-2" y="3"/>
</spawn>
<spawn centerx="898" centery="36" centerz="7" radius="5">
<monster name="Plague Spitter" direction="2" spawntime="60" x="2" y="-3"/>
<monster name="Plague Spitter" direction="2" spawntime="60" x="0" y="-2"/>
<monster name="Plague Spitter" direction="2" spawntime="60" x="3" y="-2"/>
<monster name="Plague Spitter" direction="2" spawntime="60" x="-3" y="-1"/>
<monster name="Plague Spitter" direction="2" spawntime="60" x="1" y="-1"/>
<monster name="Plague Spitter" direction="2" spawntime="60" x="3" y="-1"/>
<monster name="Plague Spitter" direction="2" spawntime="60" x="-4" y="0"/>
<monster name="Plague Spitter" direction="2" spawntime="60" x="-1" y="0"/>
<monster name="Plague Spitter" direction="2" spawntime="60" x="2" y="0"/>
<monster name="Plague Spitter" direction="2" spawntime="60" x="-3" y="1"/>
<monster name="Plague Spitter" direction="2" spawntime="60" x="-1" y="1"/>
<monster name="Plague Spitter" direction="2" spawntime="60" x="0" y="1"/>
<monster name="Plague Spitter" direction="2" spawntime="60" x="-4" y="2"/>
</spawn>
<spawn centerx="944" centery="36" centerz="7" radius="5">
<monster name="Ghostly visage" direction="2" spawntime="60" x="-3" y="-2"/>
<monster name="Plague Spitter" direction="2" spawntime="60" x="-3" y="-1"/>
<monster name="Plague Spitter" direction="2" spawntime="60" x="0" y="-1"/>
<monster name="Plague Spitter" direction="2" spawntime="60" x="3" y="-1"/>
<monster name="Ghostly visage" direction="2" spawntime="60" x="-3" y="0"/>
<monster name="Ghostly visage" direction="2" spawntime="60" x="-1" y="0"/>
<monster name="Leprechaun" direction="2" spawntime="60" x="0" y="0"/>
<monster name="Ghostly visage" direction="2" spawntime="60" x="1" y="0"/>
<monster name="Ghostly visage" direction="2" spawntime="60" x="2" y="0"/>
<monster name="Ghostly visage" direction="2" spawntime="60" x="-2" y="1"/>
<monster name="Leprechaun" direction="2" spawntime="60" x="0" y="1"/>
<monster name="Plague Spitter" direction="2" spawntime="60" x="3" y="1"/>
<monster name="Ghostly visage" direction="2" spawntime="60" x="-3" y="2"/>
<monster name="Ghostly visage" direction="2" spawntime="60" x="1" y="2"/>
<monster name="Ghostly visage" direction="2" spawntime="60" x="2" y="2"/>
</spawn>
<spawn centerx="1145" centery="36" centerz="7" radius="5">
<monster name="Soul Destroyer" direction="2" spawntime="60" x="-2" y="-1"/>
<monster name="Soul Destroyer" direction="2" spawntime="60" x="2" y="-1"/>
<monster name="Soul Destroyer" direction="2" spawntime="60" x="-2" y="3"/>
<monster name="Soul Destroyer" direction="2" spawntime="60" x="2" y="3"/>
</spawn>
<spawn centerx="4825" centery="39" centerz="7" radius="5">
<monster name="Spit Nettle" direction="2" spawntime="60" x="-1" y="4"/>
</spawn>
<spawn centerx="4943" centery="39" centerz="7" radius="5">
<monster name="Beholder" direction="2" spawntime="60" x="-2" y="-1"/>
<monster name="Beholder" direction="2" spawntime="60" x="1" y="-1"/>
<monster name="Beholder" direction="2" spawntime="60" x="-2" y="0"/>
<monster name="Beholder" direction="2" spawntime="60" x="2" y="0"/>
<monster name="Beholder" direction="2" spawntime="60" x="-5" y="2"/>
<monster name="Beholder" direction="2" spawntime="60" x="-2" y="2"/>
<monster name="Beholder" direction="2" spawntime="60" x="3" y="2"/>
<monster name="Beholder" direction="2" spawntime="60" x="-4" y="4"/>
<monster name="Beholder" direction="2" spawntime="60" x="-5" y="5"/>
</spawn>
<spawn centerx="4953" centery="39" centerz="7" radius="5">
<monster name="Beholder" direction="2" spawntime="60" x="-3" y="-1"/>
<monster name="Beholder" direction="2" spawntime="60" x="0" y="-1"/>
<monster name="Beholder" direction="2" spawntime="60" x="2" y="-1"/>
<monster name="Beholder" direction="2" spawntime="60" x="-1" y="1"/>
<monster name="Beholder" direction="2" spawntime="60" x="1" y="1"/>
</spawn>
<spawn centerx="4964" centery="39" centerz="7" radius="5">
<monster name="Beholder" direction="2" spawntime="60" x="0" y="-2"/>
<monster name="Beholder" direction="2" spawntime="60" x="-2" y="-1"/>
<monster name="Beholder" direction="2" spawntime="60" x="2" y="-1"/>
<monster name="Beholder" direction="2" spawntime="60" x="-1" y="1"/>
<monster name="Beholder" direction="2" spawntime="60" x="2" y="2"/>
</spawn>
<spawn centerx="4973" centery="39" centerz="7" radius="5">
<monster name="Beholder" direction="2" spawntime="60" x="0" y="-2"/>
<monster name="Beholder" direction="2" spawntime="60" x="-1" y="-1"/>
<monster name="Beholder" direction="2" spawntime="60" x="-2" y="0"/>
<monster name="Beholder" direction="2" spawntime="60" x="-2" y="2"/>
<monster name="Beholder" direction="2" spawntime="60" x="1" y="2"/>
</spawn>
<spawn centerx="968" centery="40" centerz="7" radius="5">
<monster name="Flesh Fiend" direction="2" spawntime="60" x="-3" y="-2"/>
<monster name="Flesh Fiend" direction="2" spawntime="60" x="-2" y="-2"/>
<monster name="Flesh Fiend" direction="2" spawntime="60" x="-1" y="-2"/>
<monster name="Flesh Fiend" direction="2" spawntime="60" x="1" y="-1"/>
<monster name="Flesh Fiend" direction="2" spawntime="60" x="-3" y="0"/>
<monster name="Flesh Fiend" direction="2" spawntime="60" x="-2" y="0"/>
<monster name="Flesh Fiend" direction="2" spawntime="60" x="0" y="0"/>
<monster name="Flesh Fiend" direction="2" spawntime="60" x="2" y="0"/>
<monster name="Flesh Fiend" direction="2" spawntime="60" x="3" y="0"/>
<monster name="Flesh Fiend" direction="2" spawntime="60" x="-3" y="1"/>
<monster name="Flesh Fiend" direction="2" spawntime="60" x="-1" y="1"/>
<monster name="Flesh Fiend" direction="2" spawntime="60" x="1" y="1"/>
<monster name="Flesh Fiend" direction="2" spawntime="60" x="2" y="1"/>
<monster name="Flesh Fiend" direction="2" spawntime="60" x="-1" y="2"/>
<monster name="Flesh Fiend" direction="2" spawntime="60" x="1" y="2"/>
</spawn>
<spawn centerx="1145" centery="41" centerz="7" radius="5">
<monster name="Soul Destroyer" direction="2" spawntime="60" x="-2" y="2"/>
<monster name="Soul Destroyer" direction="2" spawntime="60" x="2" y="2"/>
</spawn>
<spawn centerx="4939" centery="45" centerz="7" radius="5">
<monster name="Beholder" direction="2" spawntime="60" x="0" y="2"/>
</spawn>
<spawn centerx="714" centery="46" centerz="7" radius="5">
<monster name="oblivion dragon" direction="2" spawntime="60" x="2" y="1"/>
</spawn>
<spawn centerx="808" centery="46" centerz="7" radius="5">
<monster name="Flesh Fiend" direction="2" spawntime="60" x="1" y="-2"/>
<monster name="Flesh Fiend" direction="2" spawntime="60" x="3" y="-2"/>
<monster name="Flesh Fiend" direction="2" spawntime="60" x="0" y="-1"/>
<monster name="Flesh Fiend" direction="2" spawntime="60" x="-2" y="0"/>
<monster name="Flesh Fiend" direction="2" spawntime="60" x="-3" y="1"/>
<monster name="Flesh Fiend" direction="2" spawntime="60" x="-3" y="2"/>
</spawn>
<spawn centerx="877" centery="46" centerz="7" radius="5">
<monster name="Ghostly visage" direction="2" spawntime="60" x="1" y="-4"/>
<monster name="Ghostly visage" direction="2" spawntime="60" x="3" y="-4"/>
<monster name="Ghostly visage" direction="2" spawntime="60" x="2" y="-3"/>
<monster name="Ghostly visage" direction="2" spawntime="60" x="1" y="-2"/>
<monster name="Ghostly visage" direction="2" spawntime="60" x="3" y="-2"/>
<monster name="Ghostly visage" direction="2" spawntime="60" x="-2" y="-1"/>
<monster name="Ghostly visage" direction="2" spawntime="60" x="0" y="-1"/>
<monster name="Ghostly visage" direction="2" spawntime="60" x="2" y="-1"/>
<monster name="Ghostly visage" direction="2" spawntime="60" x="-3" y="0"/>
<monster name="Ghostly visage" direction="2" spawntime="60" x="-1" y="0"/>
<monster name="Ghostly visage" direction="2" spawntime="60" x="1" y="0"/>
<monster name="Ghostly visage" direction="2" spawntime="60" x="2" y="0"/>
<monster name="Ghostly visage" direction="2" spawntime="60" x="-3" y="1"/>
<monster name="Ghostly visage" direction="2" spawntime="60" x="-1" y="1"/>
<monster name="Ghostly visage" direction="2" spawntime="60" x="-3" y="2"/>
<monster name="Ghostly visage" direction="2" spawntime="60" x="-2" y="2"/>
<monster name="Ghostly visage" direction="2" spawntime="60" x="1" y="2"/>
<monster name="Ghostly visage" direction="2" spawntime="60" x="-1" y="3"/>
</spawn>
<spawn centerx="493" centery="48" centerz="7" radius="5">
<monster name="Petrified Hell Hound" direction="2" spawntime="60" x="0" y="-3"/>
<monster name="Flesh Fiend" direction="2" spawntime="60" x="1" y="-2"/>
<monster name="Plague Spitter" direction="2" spawntime="60" x="-2" y="-1"/>
<monster name="Petrified Hell Hound" direction="2" spawntime="60" x="2" y="0"/>
<monster name="Flesh Fiend" direction="2" spawntime="60" x="-2" y="2"/>
<monster name="Plague Spitter" direction="2" spawntime="60" x="0" y="2"/>
</spawn>
<spawn centerx="841" centery="48" centerz="7" radius="5">
<monster name="oblivion minion" direction="2" spawntime="60" x="1" y="0"/>
</spawn>
<spawn centerx="1145" centery="49" centerz="7" radius="5">
<monster name="Soul Destroyer" direction="2" spawntime="60" x="-2" y="-2"/>
<monster name="Soul Destroyer" direction="2" spawntime="60" x="2" y="-2"/>
<monster name="Soul Destroyer" direction="2" spawntime="60" x="-2" y="2"/>
<monster name="Soul Destroyer" direction="2" spawntime="60" x="2" y="2"/>
</spawn>
<spawn centerx="465" centery="50" centerz="7" radius="5">
<monster name="Nefarious Acolyte" direction="2" spawntime="60" x="-3" y="-1"/>
<monster name="Demonic Acolyte" direction="2" spawntime="60" x="2" y="-1"/>
</spawn>
<spawn centerx="987" centery="50" centerz="7" radius="5">
<monster name="Vlad Tepes" direction="2" spawntime="60" x="-3" y="-3"/>
<monster name="Vlad Tepes" direction="2" spawntime="60" x="-1" y="-3"/>
<monster name="Vlad Tepes" direction="2" spawntime="60" x="0" y="-3"/>
<monster name="Vlad Tepes" direction="2" spawntime="60" x="1" y="-3"/>
<monster name="Vlad Tepes" direction="2" spawntime="60" x="-2" y="-2"/>
<monster name="Vlad Tepes" direction="2" spawntime="60" x="0" y="-2"/>
<monster name="Vlad Tepes" direction="2" spawntime="60" x="-1" y="-1"/>
<monster name="Vlad Tepes" direction="2" spawntime="60" x="1" y="-1"/>
<monster name="Vlad Tepes" direction="2" spawntime="60" x="2" y="-1"/>
<monster name="Vlad Tepes" direction="2" spawntime="60" x="0" y="1"/>
<monster name="Vlad Tepes" direction="2" spawntime="60" x="2" y="1"/>
<monster name="Vlad Tepes" direction="2" spawntime="60" x="1" y="2"/>
<monster name="Vlad Tepes" direction="2" spawntime="60" x="0" y="3"/>
</spawn>
<spawn centerx="4812" centery="50" centerz="7" radius="5">
<monster name="Spit Nettle" direction="2" spawntime="60" x="1" y="1"/>
</spawn>
<spawn centerx="435" centery="51" centerz="7" radius="7">
<monster name="Captain Jack" direction="2" spawntime="60" x="-3" y="-2"/>
<monster name="Captain Jack" direction="2" spawntime="60" x="-3" y="2"/>
<monster name="Oblivion Chicken" direction="2" spawntime="60" x="4" y="-3"/>
<monster name="Sunspot" direction="2" spawntime="60" x="4" y="1"/>
</spawn>
<spawn centerx="756" centery="51" centerz="7" radius="5">
<monster name="Ancient Necropharus" direction="2" spawntime="60" x="0" y="-3"/>
<monster name="Ancient Necropharus" direction="2" spawntime="60" x="0" y="-2"/>
<monster name="Ancient Necropharus" direction="2" spawntime="60" x="-1" y="-1"/>
<monster name="Ancient Necropharus" direction="2" spawntime="60" x="1" y="0"/>
<monster name="Ancient Necropharus" direction="2" spawntime="60" x="-1" y="1"/>
</spawn>
<spawn centerx="4802" centery="51" centerz="7" radius="5">
<monster name="Spit Nettle" direction="2" spawntime="60" x="-3" y="-2"/>
</spawn>
<spawn centerx="508" centery="52" centerz="7" radius="10">
<monster name="Doom Lord" direction="2" spawntime="60" x="-2" y="-5"/>
<monster name="Flesh Fiend" direction="2" spawntime="60" x="-5" y="-4"/>
<monster name="Petrified Hell Hound" direction="2" spawntime="60" x="-4" y="-4"/>
<monster name="Doom Lord" direction="2" spawntime="60" x="2" y="-4"/>
<monster name="Petrified Hell Hound" direction="2" spawntime="60" x="3" y="-4"/>
<monster name="Plague Spitter" direction="2" spawntime="60" x="-5" y="-2"/>
<monster name="fire storm" direction="2" spawntime="60" x="-4" y="-2"/>
<monster name="Flesh Fiend" direction="2" spawntime="60" x="2" y="-2"/>
<monster name="Plague Spitter" direction="2" spawntime="60" x="4" y="-2"/>
<monster name="fire storm" direction="2" spawntime="60" x="3" y="-1"/>
<monster name="Plague Spitter" direction="2" spawntime="60" x="-4" y="3"/>
<monster name="Doom Lord" direction="2" spawntime="60" x="-2" y="3"/>
<monster name="Flesh Fiend" direction="2" spawntime="60" x="2" y="3"/>
<monster name="Doom Lord" direction="2" spawntime="60" x="4" y="3"/>
<monster name="Petrified Hell Hound" direction="2" spawntime="60" x="-3" y="4"/>
<monster name="fire storm" direction="2" spawntime="60" x="1" y="4"/>
<monster name="Petrified Hell Hound" direction="2" spawntime="60" x="3" y="4"/>
<monster name="Plague Spitter" direction="2" spawntime="60" x="4" y="4"/>
<monster name="Flesh Fiend" direction="2" spawntime="60" x="-4" y="5"/>
<monster name="fire storm" direction="2" spawntime="60" x="-2" y="5"/>
</spawn>
<spawn centerx="774" centery="52" centerz="7" radius="5">
<monster name="Demonic Summoner" direction="2" spawntime="60" x="-2" y="-1"/>
<monster name="Demonic Summoner" direction="2" spawntime="60" x="0" y="-1"/>
<monster name="Demonic Summoner" direction="2" spawntime="60" x="-3" y="0"/>
<monster name="Demonic Summoner" direction="2" spawntime="60" x="3" y="0"/>
<monster name="Demonic Summoner" direction="2" spawntime="60" x="1" y="1"/>
<monster name="Demonic Summoner" direction="2" spawntime="60" x="4" y="1"/>
</spawn>
<spawn centerx="451" centery="54" centerz="7" radius="9">
<monster name="Petrified Hell Hound" direction="2" spawntime="60" x="0" y="-6"/>
<monster name="Petrified Hell Hound" direction="2" spawntime="60" x="-1" y="-4"/>
<monster name="Plague Spitter" direction="2" spawntime="60" x="-3" y="-1"/>
<monster name="Flesh Fiend" direction="2" spawntime="60" x="3" y="0"/>
<monster name="Plague Spitter" direction="2" spawntime="60" x="-3" y="4"/>
<monster name="Plague Spitter" direction="2" spawntime="60" x="0" y="4"/>
<monster name="Plague Spitter" direction="2" spawntime="60" x="3" y="4"/>
<monster name="Petrified Hell Hound" direction="2" spawntime="60" x="-1" y="5"/>
<monster name="Flesh Fiend" direction="2" spawntime="60" x="2" y="5"/>
<monster name="Flesh Fiend" direction="2" spawntime="60" x="-2" y="6"/>
<monster name="Flesh Fiend" direction="2" spawntime="60" x="0" y="7"/>
</spawn>
<spawn centerx="4932" centery="54" centerz="7" radius="5">
<monster name="Beholder" direction="2" spawntime="60" x="1" y="-3"/>
<monster name="Beholder" direction="2" spawntime="60" x="0" y="-2"/>
<monster name="Beholder" direction="2" spawntime="60" x="1" y="-1"/>
<monster name="Beholder" direction="2" spawntime="60" x="-1" y="0"/>
<monster name="Beholder" direction="2" spawntime="60" x="0" y="3"/>
<monster name="Beholder" direction="2" spawntime="60" x="1" y="4"/>
</spawn>
<spawn centerx="527" centery="55" centerz="7" radius="9">
<monster name="Nefarious Acolyte" direction="2" spawntime="60" x="3" y="-3"/>
<monster name="Skeletor" direction="2" spawntime="60" x="-3" y="-2"/>
<monster name="Demonic Acolyte" direction="2" spawntime="60" x="-2" y="2"/>
<monster name="Crypt Lord" direction="2" spawntime="60" x="3" y="2"/>
</spawn>
<spawn centerx="4949" centery="55" centerz="7" radius="5">
<monster name="Beholder" direction="2" spawntime="60" x="-2" y="-3"/>
<monster name="Beholder" direction="2" spawntime="60" x="0" y="-3"/>
<monster name="Beholder" direction="2" spawntime="60" x="1" y="-3"/>
<monster name="Beholder" direction="2" spawntime="60" x="-1" y="-1"/>
<monster name="Beholder" direction="2" spawntime="60" x="-2" y="2"/>
<monster name="Beholder" direction="2" spawntime="60" x="0" y="2"/>
<monster name="Beholder" direction="2" spawntime="60" x="-1" y="3"/>
</spawn>
<spawn centerx="725" centery="56" centerz="7" radius="5">
<monster name="Vlad Tepes" direction="2" spawntime="60" x="0" y="-3"/>
<monster name="Vlad Tepes" direction="2" spawntime="60" x="-2" y="-2"/>
<monster name="Vlad Tepes" direction="2" spawntime="60" x="-1" y="-2"/>
<monster name="Vlad Tepes" direction="2" spawntime="60" x="0" y="-2"/>
<monster name="Vlad Tepes" direction="2" spawntime="60" x="-1" y="0"/>
<monster name="Vlad Tepes" direction="2" spawntime="60" x="1" y="0"/>
<monster name="Vlad Tepes" direction="2" spawntime="60" x="-2" y="2"/>
<monster name="Vlad Tepes" direction="2" spawntime="60" x="0" y="2"/>
<monster name="Vlad Tepes" direction="2" spawntime="60" x="2" y="2"/>
<monster name="Vlad Tepes" direction="2" spawntime="60" x="1" y="3"/>
<monster name="Vlad Tepes" direction="2" spawntime="60" x="0" y="4"/>
</spawn>
<spawn centerx="4797" centery="56" centerz="7" radius="5">
<monster name="Spit Nettle" direction="2" spawntime="60" x="1" y="1"/>
</spawn>
<spawn centerx="4810" centery="56" centerz="7" radius="5">
<monster name="Spit Nettle" direction="2" spawntime="60" x="1" y="0"/>
</spawn>
<spawn centerx="4822" centery="56" centerz="7" radius="5">
<monster name="Spit Nettle" direction="2" spawntime="60" x="-1" y="0"/>
<monster name="Spit Nettle" direction="2" spawntime="60" x="2" y="0"/>
<monster name="Spit Nettle" direction="2" spawntime="60" x="4" y="0"/>
</spawn>
<spawn centerx="4940" centery="56" centerz="7" radius="5">
<monster name="The Evil Eye" direction="2" spawntime="60" x="-1" y="0"/>
</spawn>
<spawn centerx="465" centery="57" centerz="7" radius="5">
<monster name="Flesh Fiend" direction="2" spawntime="60" x="1" y="0"/>
<monster name="Ancient Necropharus" direction="2" spawntime="60" x="2" y="0"/>
<monster name="Ancient Necropharus" direction="2" spawntime="60" x="-3" y="2"/>
<monster name="Flesh Fiend" direction="2" spawntime="60" x="-2" y="2"/>
<monster name="Flesh Fiend" direction="2" spawntime="60" x="2" y="2"/>
<monster name="Flesh Fiend" direction="2" spawntime="60" x="-4" y="3"/>
<monster name="Ancient Necropharus" direction="2" spawntime="60" x="1" y="3"/>
<monster name="Ancient Necropharus" direction="2" spawntime="60" x="-2" y="4"/>
</spawn>
<spawn centerx="493" centery="57" centerz="7" radius="5">
<monster name="Plague Spitter" direction="2" spawntime="60" x="-1" y="-1"/>
<monster name="Petrified Hell Hound" direction="2" spawntime="60" x="1" y="-1"/>
<monster name="Flesh Fiend" direction="2" spawntime="60" x="3" y="-1"/>
<monster name="Plague Spitter" direction="2" spawntime="60" x="0" y="0"/>
<monster name="Flesh Fiend" direction="2" spawntime="60" x="-1" y="1"/>
<monster name="Flesh Fiend" direction="2" spawntime="60" x="1" y="2"/>
</spawn>
<spawn centerx="862" centery="57" centerz="7" radius="5">
<monster name="Demonic Summoner" direction="2" spawntime="60" x="3" y="-3"/>
<monster name="Demonic Summoner" direction="2" spawntime="60" x="-1" y="-1"/>
<monster name="Demonic Summoner" direction="2" spawntime="60" x="1" y="-1"/>
<monster name="Demonic Summoner" direction="2" spawntime="60" x="3" y="-1"/>
<monster name="Demonic Summoner" direction="2" spawntime="60" x="-3" y="0"/>
<monster name="Demonic Summoner" direction="2" spawntime="60" x="2" y="1"/>
<monster name="Demonic Summoner" direction="2" spawntime="60" x="-3" y="2"/>
<monster name="Demonic Summoner" direction="2" spawntime="60" x="0" y="2"/>
<monster name="Demonic Summoner" direction="2" spawntime="60" x="-2" y="3"/>
</spawn>
<spawn centerx="1145" centery="57" centerz="7" radius="5">
<monster name="Soul Destroyer" direction="2" spawntime="60" x="-2" y="-2"/>
<monster name="Soul Destroyer" direction="2" spawntime="60" x="2" y="-2"/>
<monster name="Soul Destroyer" direction="2" spawntime="60" x="-2" y="2"/>
<monster name="Soul Destroyer" direction="2" spawntime="60" x="2" y="2"/>
</spawn>
<spawn centerx="790" centery="58" centerz="7" radius="5">
<monster name="Skeletor" direction="2" spawntime="60" x="0" y="1"/>
</spawn>
<spawn centerx="54" centery="59" centerz="7" radius="5">
<monster name="Demon Skeleton" direction="2" spawntime="60" x="-3" y="0"/>
<monster name="Ghoul" direction="2" spawntime="60" x="1" y="1"/>
<monster name="Ghoul" direction="2" spawntime="60" x="5" y="1"/>
<monster name="Ghoul" direction="2" spawntime="60" x="-3" y="2"/>
<monster name="Demon Skeleton" direction="2" spawntime="60" x="-1" y="3"/>
</spawn>
<spawn centerx="421" centery="59" centerz="7" radius="3">
<monster name="Soul Destroyer" direction="2" spawntime="60" x="1" y="1"/>
</spawn>
<spawn centerx="61" centery="61" centerz="7" radius="5">
<monster name="Demon Skeleton" direction="2" spawntime="60" x="0" y="-2"/>
<monster name="Demon Skeleton" direction="2" spawntime="60" x="-1" y="-1"/>
<monster name="Ghoul" direction="2" spawntime="60" x="1" y="-1"/>
</spawn>
<spawn centerx="71" centery="63" centerz="7" radius="5">
<monster name="Skeleton" direction="2" spawntime="60" x="-2" y="-4"/>
<monster name="Demon Skeleton" direction="2" spawntime="60" x="-3" y="-3"/>
<monster name="Ghoul" direction="2" spawntime="60" x="-2" y="-2"/>
<monster name="Demon Skeleton" direction="2" spawntime="60" x="0" y="-2"/>
<monster name="Bat" direction="2" spawntime="60" x="-4" y="0"/>
<monster name="Skeleton" direction="2" spawntime="60" x="3" y="1"/>
<monster name="Skeleton" direction="2" spawntime="60" x="-3" y="2"/>
<monster name="Ghoul" direction="2" spawntime="60" x="3" y="2"/>
</spawn>
<spawn centerx="434" centery="64" centerz="7" radius="8">
<monster name="Vlad Tepes" direction="2" spawntime="60" x="-1" y="2"/>
<monster name="Vlad Tepes" direction="2" spawntime="60" x="-1" y="0"/>
<monster name="Vlad Tepes" direction="2" spawntime="60" x="2" y="3"/>
<monster name="Vlad Tepes" direction="2" spawntime="60" x="1" y="4"/>
<monster name="Vlad Tepes" direction="2" spawntime="60" x="-1" y="4"/>
<monster name="Vlad Tepes" direction="2" spawntime="60" x="3" y="0"/>
<monster name="Vlad Tepes" direction="2" spawntime="60" x="3" y="4"/>
<monster name="Vlad Tepes" direction="2" spawntime="60" x="-6" y="3"/>
<monster name="Vlad Tepes" direction="2" spawntime="60" x="0" y="3"/>
<monster name="Vlad Tepes" direction="2" spawntime="60" x="3" y="2"/>
<monster name="Vlad Tepes" direction="2" spawntime="60" x="-5" y="2"/>
<monster name="Vlad Tepes" direction="2" spawntime="60" x="-3" y="2"/>
<monster name="Vlad Tepes" direction="2" spawntime="60" x="-6" y="1"/>
<monster name="Vlad Tepes" direction="2" spawntime="60" x="-5" y="0"/>
<monster name="Vlad Tepes" direction="2" spawntime="60" x="4" y="1"/>
<monster name="Vlad Tepes" direction="2" spawntime="60" x="2" y="-1"/>
<monster name="Vlad Tepes" direction="2" spawntime="60" x="0" y="-1"/>
<monster name="Vlad Tepes" direction="2" spawntime="60" x="-2" y="-1"/>
<monster name="Vlad Tepes" direction="2" spawntime="60" x="-6" y="-1"/>
<monster name="Vlad Tepes" direction="2" spawntime="60" x="5" y="-2"/>
<monster name="Vlad Tepes" direction="2" spawntime="60" x="-5" y="-2"/>
<monster name="Vlad Tepes" direction="2" spawntime="60" x="-4" y="-3"/>
<monster name="Vlad Tepes" direction="2" spawntime="60" x="-2" y="-3"/>
<monster name="Vlad Tepes" direction="2" spawntime="60" x="2" y="-3"/>
<monster name="Vlad Tepes" direction="2" spawntime="60" x="2" y="5"/>
<monster name="Vlad Tepes" direction="2" spawntime="60" x="3" y="5"/>
<monster name="Vlad Tepes" direction="2" spawntime="60" x="5" y="4"/>
<monster name="Vlad Tepes" direction="2" spawntime="60" x="3" y="1"/>
<monster name="Vlad Tepes" direction="2" spawntime="60" x="4" y="-2"/>
<monster name="Vlad Tepes" direction="2" spawntime="60" x="-1" y="-3"/>
<monster name="Vlad Tepes" direction="2" spawntime="60" x="-3" y="-2"/>
<monster name="Vlad Tepes" direction="2" spawntime="60" x="-3" y="0"/>
<monster name="Vlad Tepes" direction="2" spawntime="60" x="-4" y="-1"/>
<monster name="Vlad Tepes" direction="2" spawntime="60" x="3" y="-3"/>
<monster name="Vlad Tepes" direction="2" spawntime="60" x="1" y="1"/>
<monster name="Vlad Tepes" direction="2" spawntime="60" x="-2" y="1"/>
<monster name="Vlad Tepes" direction="2" spawntime="60" x="-2" y="3"/>
<monster name="Vlad Tepes" direction="2" spawntime="60" x="1" y="0"/>
<monster name="Vlad Tepes" direction="2" spawntime="60" x="4" y="3"/>
<monster name="Vlad Tepes" direction="2" spawntime="60" x="-1" y="5"/>
<monster name="Vlad Tepes" direction="2" spawntime="60" x="-1" y="-2"/>
<monster name="Vlad Tepes" direction="2" spawntime="60" x="1" y="-3"/>
<monster name="Vlad Tepes" direction="2" spawntime="60" x="2" y="2"/>
<monster name="Vlad Tepes" direction="2" spawntime="60" x="2" y="-2"/>
<monster name="Vlad Tepes" direction="2" spawntime="60" x="-3" y="-3"/>
<monster name="Vlad Tepes" direction="2" spawntime="60" x="0" y="-2"/>
<monster name="Vlad Tepes" direction="2" spawntime="60" x="1" y="-1"/>
<monster name="Vlad Tepes" direction="2" spawntime="60" x="3" y="-1"/>
<monster name="Vlad Tepes" direction="2" spawntime="60" x="5" y="-1"/>
<monster name="Vlad Tepes" direction="2" spawntime="60" x="5" y="-3"/>
<monster name="Vlad Tepes" direction="2" spawntime="60" x="5" y="1"/>
<monster name="Vlad Tepes" direction="2" spawntime="60" x="0" y="1"/>
<monster name="Vlad Tepes" direction="2" spawntime="60" x="2" y="4"/>
<monster name="Vlad Tepes" direction="2" spawntime="60" x="0" y="4"/>
<monster name="Vlad Tepes" direction="2" spawntime="60" x="-3" y="4"/>
<monster name="Vlad Tepes" direction="2" spawntime="60" x="-5" y="3"/>
<monster name="Vlad Tepes" direction="2" spawntime="60" x="4" y="5"/>
<monster name="Vlad Tepes" direction="2" spawntime="60" x="-6" y="5"/>
<monster name="Vlad Tepes" direction="2" spawntime="60" x="-5" y="4"/>
</spawn>
<spawn centerx="979" centery="64" centerz="7" radius="5">
<monster name="The Soul" direction="2" spawntime="60" x="2" y="-3"/>
<monster name="The Soul" direction="2" spawntime="60" x="-2" y="-2"/>
<monster name="The Soul" direction="2" spawntime="60" x="1" y="-2"/>
<monster name="The Soul" direction="2" spawntime="60" x="3" y="-1"/>
<monster name="The Soul" direction="2" spawntime="60" x="-2" y="0"/>
<monster name="The Soul" direction="2" spawntime="60" x="0" y="0"/>
<monster name="The Soul" direction="2" spawntime="60" x="1" y="0"/>
<monster name="The Soul" direction="2" spawntime="60" x="-2" y="2"/>
<monster name="The Soul" direction="2" spawntime="60" x="0" y="2"/>
<monster name="The Soul" direction="2" spawntime="60" x="1" y="2"/>
<monster name="The Soul" direction="2" spawntime="60" x="1" y="3"/>
<monster name="The Soul" direction="2" spawntime="60" x="0" y="4"/>
</spawn>
<spawn centerx="1145" centery="64" centerz="7" radius="5">
<monster name="Soul Destroyer" direction="2" spawntime="60" x="-2" y="-1"/>
<monster name="Soul Destroyer" direction="2" spawntime="60" x="2" y="-1"/>
<monster name="Soul Destroyer" direction="2" spawntime="60" x="-2" y="3"/>
<monster name="Soul Destroyer" direction="2" spawntime="60" x="2" y="3"/>
</spawn>
<spawn centerx="421" centery="66" centerz="7" radius="3">
<monster name="Plague Spitter" direction="2" spawntime="60" x="0" y="-1"/>
<monster name="Flesh Fiend" direction="2" spawntime="60" x="1" y="2"/>
</spawn>
<spawn centerx="312" centery="67" centerz="7" radius="5">
<monster name="Giant Spider" direction="2" spawntime="60" x="-1" y="-2"/>
<monster name="Old Widow" direction="2" spawntime="60" x="1" y="-2"/>
<monster name="Old Widow" direction="2" spawntime="60" x="-1" y="1"/>
<monster name="Old Widow" direction="2" spawntime="60" x="0" y="3"/>
<monster name="Giant Spider" direction="2" spawntime="60" x="3" y="3"/>
</spawn>
<spawn centerx="925" centery="68" centerz="7" radius="5">
<monster name="oblivion minion" direction="2" spawntime="60" x="0" y="2"/>
</spawn>
<spawn centerx="350" centery="69" centerz="7" radius="5">
<monster name="ultralisk" direction="2" spawntime="20" x="-1" y="0"/>
<monster name="ultralisk" direction="2" spawntime="20" x="1" y="0"/>
</spawn>
<spawn centerx="359" centery="69" centerz="7" radius="5">
<monster name="ultralisk" direction="2" spawntime="20" x="-1" y="0"/>
<monster name="ultralisk" direction="2" spawntime="20" x="1" y="0"/>
</spawn>
<spawn centerx="63" centery="70" centerz="7" radius="5">
<monster name="Ghoul" direction="2" spawntime="60" x="1" y="2"/>
</spawn>
<spawn centerx="852" centery="70" centerz="7" radius="5">
<monster name="Oblivion Tiger" direction="2" spawntime="60" x="0" y="0"/>
</spawn>
<spawn centerx="966" centery="70" centerz="7" radius="5">
<monster name="The Creator" direction="2" spawntime="60" x="1" y="-3"/>
<monster name="The Creator" direction="2" spawntime="60" x="2" y="-3"/>
<monster name="The Creator" direction="2" spawntime="60" x="3" y="-3"/>
<monster name="The Creator" direction="2" spawntime="60" x="-1" y="-2"/>
<monster name="The Creator" direction="2" spawntime="60" x="0" y="-2"/>
<monster name="The Creator" direction="2" spawntime="60" x="1" y="-2"/>
<monster name="The Creator" direction="2" spawntime="60" x="2" y="-2"/>
<monster name="The Creator" direction="2" spawntime="60" x="3" y="-2"/>
<monster name="The Creator" direction="2" spawntime="60" x="0" y="-1"/>
<monster name="The Creator" direction="2" spawntime="60" x="2" y="-1"/>
<monster name="The Creator" direction="2" spawntime="60" x="3" y="-1"/>
<monster name="The Creator" direction="2" spawntime="60" x="-3" y="0"/>
<monster name="The Creator" direction="2" spawntime="60" x="-1" y="0"/>
<monster name="The Creator" direction="2" spawntime="60" x="2" y="0"/>
<monster name="The Creator" direction="2" spawntime="60" x="-3" y="1"/>
<monster name="The Creator" direction="2" spawntime="60" x="-2" y="1"/>
<monster name="The Creator" direction="2" spawntime="60" x="1" y="1"/>
<monster name="The Creator" direction="2" spawntime="60" x="-3" y="2"/>
<monster name="The Creator" direction="2" spawntime="60" x="-1" y="2"/>
</spawn>
<spawn centerx="328" centery="71" centerz="7" radius="5">
<monster name="Giant Spider" direction="2" spawntime="60" x="2" y="-3"/>
<monster name="Old Widow" direction="2" spawntime="60" x="1" y="0"/>
<monster name="Giant Spider" direction="2" spawntime="60" x="-3" y="2"/>
</spawn>
<spawn centerx="740" centery="71" centerz="7" radius="5">
<monster name="Ghostly visage" direction="2" spawntime="60" x="-3" y="-3"/>
<monster name="Ghostly visage" direction="2" spawntime="60" x="-1" y="-2"/>
<monster name="Ghostly visage" direction="2" spawntime="60" x="-4" y="-1"/>
<monster name="Ghostly visage" direction="2" spawntime="60" x="-2" y="-1"/>
<monster name="Ghostly visage" direction="2" spawntime="60" x="1" y="-1"/>
<monster name="Ghostly visage" direction="2" spawntime="60" x="2" y="0"/>
<monster name="Ghostly visage" direction="2" spawntime="60" x="4" y="0"/>
<monster name="Ghostly visage" direction="2" spawntime="60" x="-3" y="1"/>
<monster name="Ghostly visage" direction="2" spawntime="60" x="-1" y="1"/>
<monster name="Ghostly visage" direction="2" spawntime="60" x="1" y="1"/>
<monster name="Ghostly visage" direction="2" spawntime="60" x="2" y="2"/>
</spawn>
<spawn centerx="1145" centery="71" centerz="7" radius="5">
<monster name="Soul Destroyer" direction="2" spawntime="60" x="-2" y="0"/>
<monster name="Soul Destroyer" direction="2" spawntime="60" x="2" y="0"/>
<monster name="Soul Destroyer" direction="2" spawntime="60" x="-2" y="4"/>
<monster name="Soul Destroyer" direction="2" spawntime="60" x="2" y="4"/>
</spawn>
<spawn centerx="272" centery="72" centerz="7" radius="5">
<monster name="Giant Spider" direction="2" spawntime="60" x="-1" y="0"/>
<monster name="Giant Spider" direction="2" spawntime="60" x="1" y="0"/>
<monster name="Old Widow" direction="2" spawntime="60" x="0" y="3"/>
<monster name="Old Widow" direction="2" spawntime="60" x="2" y="3"/>
</spawn>
<spawn centerx="782" centery="72" centerz="7" radius="5">
<monster name="Vlad Tepes" direction="2" spawntime="60" x="-3" y="-2"/>
<monster name="Vlad Tepes" direction="2" spawntime="60" x="-2" y="-2"/>
<monster name="Vlad Tepes" direction="2" spawntime="60" x="0" y="-2"/>
<monster name="Vlad Tepes" direction="2" spawntime="60" x="3" y="-2"/>
<monster name="Vlad Tepes" direction="2" spawntime="60" x="-1" y="-1"/>
<monster name="Vlad Tepes" direction="2" spawntime="60" x="2" y="-1"/>
<monster name="Vlad Tepes" direction="2" spawntime="60" x="-2" y="0"/>
<monster name="Vlad Tepes" direction="2" spawntime="60" x="3" y="0"/>
<monster name="Vlad Tepes" direction="2" spawntime="60" x="-4" y="1"/>
<monster name="Vlad Tepes" direction="2" spawntime="60" x="0" y="1"/>
<monster name="Vlad Tepes" direction="2" spawntime="60" x="2" y="1"/>
<monster name="Vlad Tepes" direction="2" spawntime="60" x="4" y="1"/>
</spawn>
<spawn centerx="74" centery="73" centerz="7" radius="5">
<monster name="Demon Skeleton" direction="2" spawntime="60" x="-2" y="-3"/>
<monster name="Skeleton" direction="2" spawntime="60" x="-2" y="-2"/>
<monster name="Demon Skeleton" direction="2" spawntime="60" x="1" y="-2"/>
<monster name="Ghoul" direction="2" spawntime="60" x="0" y="-1"/>
<monster name="Skeleton" direction="2" spawntime="60" x="3" y="0"/>
<monster name="Bat" direction="2" spawntime="60" x="1" y="1"/>
<monster name="Skeleton" direction="2" spawntime="60" x="-3" y="2"/>
</spawn>
<spawn centerx="528" centery="73" centerz="7" radius="10">
<monster name="The Creator" direction="2" spawntime="60" x="3" y="-7"/>
<monster name="The Creator" direction="2" spawntime="60" x="-1" y="-5"/>
<monster name="The Creator" direction="2" spawntime="60" x="-3" y="-3"/>
<monster name="The Soul" direction="2" spawntime="60" x="3" y="0"/>
<monster name="The Soul" direction="2" spawntime="60" x="-4" y="2"/>
<monster name="The Creator" direction="2" spawntime="60" x="-5" y="5"/>
<monster name="The Creator" direction="2" spawntime="60" x="3" y="6"/>
</spawn>
<spawn centerx="769" centery="73" centerz="7" radius="5">
<monster name="Hell screamer" direction="2" spawntime="60" x="2" y="-2"/>
<monster name="Hell screamer" direction="2" spawntime="60" x="-2" y="-1"/>
<monster name="Hell screamer" direction="2" spawntime="60" x="0" y="-1"/>
<monster name="Hell screamer" direction="2" spawntime="60" x="2" y="-1"/>
<monster name="Hell screamer" direction="2" spawntime="60" x="-3" y="0"/>
<monster name="Hell screamer" direction="2" spawntime="60" x="1" y="0"/>
<monster name="Hell screamer" direction="2" spawntime="60" x="-2" y="1"/>
<monster name="Hell screamer" direction="2" spawntime="60" x="2" y="1"/>
<monster name="Hell screamer" direction="2" spawntime="60" x="-4" y="2"/>
<monster name="Hell screamer" direction="2" spawntime="60" x="-3" y="2"/>
<monster name="Hell screamer" direction="2" spawntime="60" x="0" y="2"/>
</spawn>
<spawn centerx="53" centery="74" centerz="7" radius="5">
<monster name="Demon Skeleton" direction="2" spawntime="60" x="-1" y="-3"/>
<monster name="Bat" direction="2" spawntime="60" x="0" y="-2"/>
<monster name="Skeleton" direction="2" spawntime="60" x="-3" y="-1"/>
<monster name="Ghoul" direction="2" spawntime="60" x="-1" y="-1"/>
<monster name="Demon Skeleton" direction="2" spawntime="60" x="3" y="-1"/>
<monster name="Ghoul" direction="2" spawntime="60" x="2" y="0"/>
<monster name="Skeleton" direction="2" spawntime="60" x="1" y="1"/>
</spawn>
<spawn centerx="296" centery="74" centerz="7" radius="5">
<monster name="Giant Spider" direction="2" spawntime="60" x="-1" y="-1"/>
<monster name="Giant Spider" direction="2" spawntime="60" x="2" y="-1"/>
<monster name="Old Widow" direction="2" spawntime="60" x="0" y="1"/>
<monster name="Old Widow" direction="2" spawntime="60" x="-2" y="3"/>
<monster name="Old Widow" direction="2" spawntime="60" x="1" y="3"/>
</spawn>
<spawn centerx="755" centery="74" centerz="7" radius="5">
<monster name="Plague Spitter" direction="2" spawntime="60" x="-2" y="-2"/>
<monster name="Plague Spitter" direction="2" spawntime="60" x="0" y="-2"/>
<monster name="Flesh Fiend" direction="2" spawntime="60" x="2" y="-2"/>
<monster name="Flesh Fiend" direction="2" spawntime="60" x="-3" y="-1"/>
<monster name="Flesh Fiend" direction="2" spawntime="60" x="1" y="-1"/>
<monster name="Plague Spitter" direction="2" spawntime="60" x="-2" y="0"/>
<monster name="Plague Spitter" direction="2" spawntime="60" x="2" y="0"/>
<monster name="Flesh Fiend" direction="2" spawntime="60" x="4" y="0"/>
<monster name="Flesh Fiend" direction="2" spawntime="60" x="1" y="1"/>
<monster name="Flesh Fiend" direction="2" spawntime="60" x="3" y="1"/>
</spawn>
<spawn centerx="345" centery="76" centerz="7" radius="5">
<monster name="ultralisk" direction="2" spawntime="20" x="-1" y="0"/>
<monster name="ultralisk" direction="2" spawntime="20" x="1" y="0"/>
</spawn>
<spawn centerx="242" centery="78" centerz="7" radius="6">
<monster name="Lion" direction="2" spawntime="60" x="-2" y="-4"/>
<monster name="Wasp" direction="2" spawntime="60" x="0" y="-4"/>
<monster name="Cobra" direction="2" spawntime="60" x="-1" y="-2"/>
<monster name="Hyaena" direction="2" spawntime="60" x="3" y="-1"/>
<monster name="Ancient Scarab" direction="2" spawntime="60" x="1" y="3"/>
<monster name="Lion" direction="2" spawntime="60" x="-3" y="4"/>
<monster name="Wasp" direction="2" spawntime="60" x="2" y="5"/>
</spawn>
<spawn centerx="793" centery="78" centerz="7" radius="5">
<monster name="Petrified Hell Hound" direction="2" spawntime="60" x="0" y="-3"/>
<monster name="Petrified Hell Hound" direction="2" spawntime="60" x="1" y="-3"/>
<monster name="Petrified Hell Hound" direction="2" spawntime="60" x="0" y="-2"/>
<monster name="Petrified Hell Hound" direction="2" spawntime="60" x="0" y="-1"/>
<monster name="Petrified Hell Hound" direction="2" spawntime="60" x="1" y="-1"/>
<monster name="Petrified Hell Hound" direction="2" spawntime="60" x="0" y="1"/>
<monster name="Petrified Hell Hound" direction="2" spawntime="60" x="1" y="1"/>
<monster name="Petrified Hell Hound" direction="2" spawntime="60" x="2" y="2"/>
<monster name="Petrified Hell Hound" direction="2" spawntime="60" x="1" y="3"/>
</spawn>
<spawn centerx="1145" centery="79" centerz="7" radius="5">
<monster name="Soul Destroyer" direction="2" spawntime="60" x="-2" y="0"/>
<monster name="Soul Destroyer" direction="2" spawntime="60" x="2" y="0"/>
<monster name="Soul Destroyer" direction="2" spawntime="60" x="-2" y="4"/>
<monster name="Soul Destroyer" direction="2" spawntime="60" x="2" y="4"/>
</spawn>
<spawn centerx="354" centery="80" centerz="7" radius="5">
<monster name="ultralisk" direction="2" spawntime="20" x="0" y="-5"/>
<monster name="ultralisk" direction="2" spawntime="20" x="1" y="0"/>
<monster name="ultralisk" direction="2" spawntime="20" x="0" y="1"/>
</spawn>
<spawn centerx="366" centery="80" centerz="7" radius="5">
<monster name="ultralisk" direction="2" spawntime="20" x="-1" y="0"/>
<monster name="ultralisk" direction="2" spawntime="20" x="1" y="0"/>
</spawn>
<spawn centerx="374" centery="80" centerz="7" radius="5">
<monster name="ultralisk" direction="2" spawntime="20" x="-1" y="0"/>
<monster name="ultralisk" direction="2" spawntime="20" x="1" y="0"/>
</spawn>
<spawn centerx="951" centery="80" centerz="7" radius="5">
<monster name="Petrified Hell Hound" direction="2" spawntime="60" x="1" y="-2"/>
<monster name="Plague Spitter" direction="2" spawntime="60" x="-2" y="-1"/>
<monster name="Ancient Necropharus" direction="2" spawntime="60" x="-1" y="-1"/>
<monster name="Petrified Hell Hound" direction="2" spawntime="60" x="2" y="-1"/>
<monster name="Plague Spitter" direction="2" spawntime="60" x="1" y="0"/>
<monster name="Plague Spitter" direction="2" spawntime="60" x="-4" y="1"/>
<monster name="Plague Spitter" direction="2" spawntime="60" x="-2" y="1"/>
<monster name="Demonic Summoner" direction="2" spawntime="60" x="0" y="1"/>
<monster name="Petrified Hell Hound" direction="2" spawntime="60" x="2" y="1"/>
<monster name="Plague Spitter" direction="2" spawntime="60" x="-2" y="2"/>
<monster name="Plague Spitter" direction="2" spawntime="60" x="-1" y="3"/>
</spawn>
<spawn centerx="989" centery="81" centerz="7" radius="5">
<monster name="Petrified Hell Hound" direction="2" spawntime="60" x="-2" y="-3"/>
<monster name="Plague Spitter" direction="2" spawntime="60" x="-3" y="-2"/>
<monster name="Petrified Hell Hound" direction="2" spawntime="60" x="0" y="-2"/>
<monster name="Plague Spitter" direction="2" spawntime="60" x="-2" y="-1"/>
<monster name="Plague Spitter" direction="2" spawntime="60" x="3" y="-1"/>
<monster name="Ancient Necropharus" direction="2" spawntime="60" x="1" y="0"/>
<monster name="Petrified Hell Hound" direction="2" spawntime="60" x="-1" y="1"/>
<monster name="Plague Spitter" direction="2" spawntime="60" x="1" y="2"/>
<monster name="Plague Spitter" direction="2" spawntime="60" x="3" y="2"/>
</spawn>
<spawn centerx="310" centery="82" centerz="7" radius="5">
<monster name="Giant Spider" direction="2" spawntime="60" x="0" y="-3"/>
<monster name="Old Widow" direction="2" spawntime="60" x="1" y="-1"/>
<monster name="Old Widow" direction="2" spawntime="60" x="-1" y="0"/>
<monster name="Giant Spider" direction="2" spawntime="60" x="0" y="3"/>
</spawn>
<spawn centerx="820" centery="84" centerz="7" radius="5">
<monster name="Crypt Lord" direction="2" spawntime="60" x="-2" y="-3"/>
<monster name="Nefarious Acolyte" direction="2" spawntime="60" x="0" y="-3"/>
<monster name="Demonic Acolyte" direction="2" spawntime="60" x="2" y="-3"/>
<monster name="Skeletor" direction="2" spawntime="60" x="0" y="-1"/>
</spawn>
<spawn centerx="285" centery="85" centerz="7" radius="5">
<monster name="Giant Spider" direction="2" spawntime="60" x="-2" y="-3"/>
<monster name="Old Widow" direction="2" spawntime="60" x="2" y="-2"/>
<monster name="Old Widow" direction="2" spawntime="60" x="0" y="-1"/>
<monster name="Old Widow" direction="2" spawntime="60" x="-3" y="3"/>
<monster name="Giant Spider" direction="2" spawntime="60" x="2" y="3"/>
</spawn>
<spawn centerx="343" centery="85" centerz="7" radius="5">
<monster name="ultralisk" direction="2" spawntime="20" x="-1" y="0"/>
<monster name="ultralisk" direction="2" spawntime="20" x="1" y="0"/>
</spawn>
<spawn centerx="326" centery="86" centerz="7" radius="5">
<monster name="Giant Spider" direction="2" spawntime="60" x="1" y="-4"/>
<monster name="Old Widow" direction="2" spawntime="60" x="-1" y="-1"/>
<monster name="Giant Spider" direction="2" spawntime="60" x="0" y="3"/>
</spawn>
<spawn centerx="1147" centery="87" centerz="7" radius="7">
<monster name="Soul Destroyer" direction="2" spawntime="60" x="-4" y="0"/>
<monster name="Soul Destroyer" direction="2" spawntime="60" x="0" y="0"/>
<monster name="Soul Destroyer" direction="2" spawntime="60" x="-4" y="4"/>
<monster name="Soul Destroyer" direction="2" spawntime="60" x="0" y="4"/>
</spawn>
<spawn centerx="475" centery="89" centerz="7" radius="5">
<monster name="Ghostly visage" direction="2" spawntime="60" x="-2" y="0"/>
<monster name="Ghostly visage" direction="2" spawntime="60" x="1" y="0"/>
</spawn>
<spawn centerx="858" centery="89" centerz="7" radius="5">
<monster name="Oblivion Chicken" direction="2" spawntime="60" x="0" y="-1"/>
</spawn>
<spawn centerx="372" centery="90" centerz="7" radius="5">
<monster name="ultralisk" direction="2" spawntime="20" x="0" y="-1"/>
<monster name="ultralisk" direction="2" spawntime="20" x="1" y="0"/>
<monster name="ultralisk" direction="2" spawntime="20" x="0" y="4"/>
</spawn>
<spawn centerx="541" centery="90" centerz="7" radius="3">
<monster name="Captain Jack" direction="2" spawntime="60" x="-1" y="0"/>
<monster name="Captain Jack" direction="2" spawntime="60" x="1" y="0"/>
</spawn>
<spawn centerx="352" centery="91" centerz="7" radius="5">
<monster name="ultralisk" direction="2" spawntime="20" x="0" y="-1"/>
</spawn>
<spawn centerx="933" centery="92" centerz="7" radius="5">
<monster name="Plague Spitter" direction="2" spawntime="60" x="-3" y="-3"/>
<monster name="Plague Spitter" direction="2" spawntime="60" x="-2" y="-3"/>
<monster name="Plague Spitter" direction="2" spawntime="60" x="0" y="-3"/>
<monster name="Plague Spitter" direction="2" spawntime="60" x="1" y="-3"/>
<monster name="Plague Spitter" direction="2" spawntime="60" x="-3" y="-2"/>
<monster name="Plague Spitter" direction="2" spawntime="60" x="-1" y="-2"/>
<monster name="Plague Spitter" direction="2" spawntime="60" x="1" y="-2"/>
<monster name="Plague Spitter" direction="2" spawntime="60" x="3" y="-2"/>
<monster name="Plague Spitter" direction="2" spawntime="60" x="-2" y="-1"/>
<monster name="Plague Spitter" direction="2" spawntime="60" x="-1" y="-1"/>
<monster name="Plague Spitter" direction="2" spawntime="60" x="2" y="-1"/>
<monster name="Plague Spitter" direction="2" spawntime="60" x="-2" y="0"/>
<monster name="Plague Spitter" direction="2" spawntime="60" x="1" y="0"/>
<monster name="Plague Spitter" direction="2" spawntime="60" x="2" y="0"/>
<monster name="Plague Spitter" direction="2" spawntime="60" x="3" y="0"/>
<monster name="Plague Spitter" direction="2" spawntime="60" x="-1" y="1"/>
<monster name="Plague Spitter" direction="2" spawntime="60" x="1" y="1"/>
<monster name="Plague Spitter" direction="2" spawntime="60" x="3" y="1"/>
<monster name="Plague Spitter" direction="2" spawntime="60" x="-1" y="2"/>
<monster name="Plague Spitter" direction="2" spawntime="60" x="0" y="2"/>
<monster name="Plague Spitter" direction="2" spawntime="60" x="3" y="2"/>
<monster name="Plague Spitter" direction="2" spawntime="60" x="1" y="3"/>
<monster name="Plague Spitter" direction="2" spawntime="60" x="0" y="4"/>
</spawn>
<spawn centerx="4917" centery="92" centerz="7" radius="5">
<monster name="Dragon Lord" direction="2" spawntime="60" x="2" y="0"/>
<monster name="Dragon Lord" direction="2" spawntime="60" x="-3" y="1"/>
<monster name="Dragon Lord" direction="2" spawntime="60" x="-3" y="4"/>
<monster name="Dragon Lord" direction="2" spawntime="60" x="2" y="4"/>
<monster name="Dragon Lord" direction="2" spawntime="60" x="5" y="5"/>
</spawn>
<spawn centerx="429" centery="93" centerz="7" radius="5">
<monster name="Ancient Necropharus" direction="2" spawntime="60" x="-3" y="0"/>
<monster name="Ancient Necropharus" direction="2" spawntime="60" x="2" y="0"/>
</spawn>
<spawn centerx="815" centery="93" centerz="7" radius="5">
<monster name="Plague Spitter" direction="2" spawntime="60" x="1" y="-3"/>
<monster name="Plague Spitter" direction="2" spawntime="60" x="3" y="-3"/>
<monster name="Plague Spitter" direction="2" spawntime="60" x="2" y="-2"/>
<monster name="Plague Spitter" direction="2" spawntime="60" x="0" y="-1"/>
<monster name="Plague Spitter" direction="2" spawntime="60" x="1" y="-1"/>
<monster name="Plague Spitter" direction="2" spawntime="60" x="-1" y="0"/>
<monster name="Plague Spitter" direction="2" spawntime="60" x="2" y="0"/>
<monster name="Plague Spitter" direction="2" spawntime="60" x="-3" y="1"/>
<monster name="Plague Spitter" direction="2" spawntime="60" x="-1" y="1"/>
<monster name="Plague Spitter" direction="2" spawntime="60" x="1" y="1"/>
<monster name="Plague Spitter" direction="2" spawntime="60" x="-3" y="2"/>
<monster name="Plague Spitter" direction="2" spawntime="60" x="-1" y="2"/>
<monster name="Plague Spitter" direction="2" spawntime="60" x="-3" y="3"/>
</spawn>
<spawn centerx="915" centery="93" centerz="7" radius="5">
<monster name="Ghostly visage" direction="2" spawntime="60" x="1" y="-3"/>
<monster name="Ghostly visage" direction="2" spawntime="60" x="3" y="-2"/>
<monster name="Ghostly visage" direction="2" spawntime="60" x="-1" y="-1"/>
<monster name="Ghostly visage" direction="2" spawntime="60" x="0" y="-1"/>
<monster name="Ghostly visage" direction="2" spawntime="60" x="-3" y="1"/>
<monster name="Ghostly visage" direction="2" spawntime="60" x="-2" y="1"/>
<monster name="Ghostly visage" direction="2" spawntime="60" x="0" y="1"/>
<monster name="Ghostly visage" direction="2" spawntime="60" x="2" y="1"/>
<monster name="Ghostly visage" direction="2" spawntime="60" x="-2" y="2"/>
<monster name="Ghostly visage" direction="2" spawntime="60" x="0" y="2"/>
<monster name="Ghostly visage" direction="2" spawntime="60" x="1" y="2"/>
<monster name="Ghostly visage" direction="2" spawntime="60" x="-2" y="3"/>
<monster name="Ghostly visage" direction="2" spawntime="60" x="-1" y="3"/>
</spawn>
<spawn centerx="1008" centery="93" centerz="7" radius="5">
<monster name="Flesh Fiend" direction="2" spawntime="60" x="-2" y="-3"/>
<monster name="Flesh Fiend" direction="2" spawntime="60" x="0" y="-2"/>
<monster name="Flesh Fiend" direction="2" spawntime="60" x="-2" y="-1"/>
<monster name="Flesh Fiend" direction="2" spawntime="60" x="2" y="-1"/>
<monster name="Flesh Fiend" direction="2" spawntime="60" x="-3" y="0"/>
<monster name="Flesh Fiend" direction="2" spawntime="60" x="-1" y="1"/>
<monster name="Flesh Fiend" direction="2" spawntime="60" x="1" y="1"/>
<monster name="Flesh Fiend" direction="2" spawntime="60" x="2" y="1"/>
<monster name="Flesh Fiend" direction="2" spawntime="60" x="3" y="2"/>
<monster name="Flesh Fiend" direction="2" spawntime="60" x="2" y="3"/>
</spawn>
<spawn centerx="803" centery="94" centerz="7" radius="5">
<monster name="Flesh Fiend" direction="2" spawntime="60" x="-2" y="-3"/>
<monster name="Flesh Fiend" direction="2" spawntime="60" x="-3" y="-2"/>
<monster name="Flesh Fiend" direction="2" spawntime="60" x="-3" y="-1"/>
<monster name="Flesh Fiend" direction="2" spawntime="60" x="-1" y="-1"/>
<monster name="Flesh Fiend" direction="2" spawntime="60" x="-1" y="0"/>
<monster name="Flesh Fiend" direction="2" spawntime="60" x="1" y="1"/>
<monster name="Flesh Fiend" direction="2" spawntime="60" x="2" y="1"/>
<monster name="Flesh Fiend" direction="2" spawntime="60" x="1" y="2"/>
<monster name="Flesh Fiend" direction="2" spawntime="60" x="2" y="2"/>
</spawn>
<spawn centerx="4964" centery="94" centerz="7" radius="5">
<monster name="Demon" direction="2" spawntime="60" x="-3" y="-2"/>
<monster name="Demon" direction="2" spawntime="60" x="1" y="-2"/>
<monster name="Demon" direction="2" spawntime="60" x="-2" y="2"/>
</spawn>
<spawn centerx="4975" centery="94" centerz="7" radius="5">
<monster name="Archdemon Kalius" direction="2" spawntime="60" x="-2" y="0"/>
<monster name="Archdemon Kalius" direction="2" spawntime="60" x="2" y="0"/>
<monster name="Archdemon Kalius" direction="2" spawntime="60" x="0" y="2"/>
</spawn>
<spawn centerx="72" centery="95" centerz="7" radius="5">
<monster name="Beholder" direction="2" spawntime="60" x="1" y="-1"/>
<monster name="Gazer" direction="2" spawntime="60" x="-2" y="2"/>
<monster name="Slime" direction="2" spawntime="60" x="-3" y="3"/>
</spawn>
<spawn centerx="416" centery="95" centerz="7" radius="5">
<monster name="Flesh Fiend" direction="2" spawntime="60" x="-2" y="-3"/>
<monster name="Flesh Fiend" direction="2" spawntime="60" x="-2" y="2"/>
</spawn>
<spawn centerx="541" centery="95" centerz="7" radius="3">
<monster name="Lizard King" direction="2" spawntime="60" x="0" y="1"/>
<monster name="Lizard King" direction="2" spawntime="60" x="1" y="1"/>
</spawn>
<spawn centerx="4930" centery="95" centerz="7" radius="5">
<monster name="Behemoth" direction="2" spawntime="60" x="-1" y="-3"/>
<monster name="Behemoth" direction="2" spawntime="60" x="3" y="-3"/>
<monster name="Behemoth" direction="2" spawntime="60" x="-2" y="-2"/>
<monster name="Behemoth" direction="2" spawntime="60" x="-4" y="0"/>
<monster name="Behemoth" direction="2" spawntime="60" x="3" y="0"/>
<monster name="Behemoth" direction="2" spawntime="60" x="5" y="0"/>
<monster name="Behemoth" direction="2" spawntime="60" x="-2" y="1"/>
<monster name="Behemoth" direction="2" spawntime="60" x="3" y="3"/>
<monster name="Behemoth" direction="2" spawntime="60" x="-5" y="5"/>
</spawn>
<spawn centerx="4938" centery="95" centerz="7" radius="5">
<monster name="Behemoth" direction="2" spawntime="60" x="-1" y="-3"/>
<monster name="Behemoth" direction="2" spawntime="60" x="-1" y="0"/>
<monster name="Demon" direction="2" spawntime="60" x="3" y="0"/>
<monster name="Behemoth" direction="2" spawntime="60" x="0" y="4"/>
</spawn>
<spawn centerx="4948" centery="95" centerz="7" radius="5">
<monster name="Demon" direction="2" spawntime="60" x="5" y="-3"/>
<monster name="Demon" direction="2" spawntime="60" x="-1" y="-2"/>
<monster name="Demon" direction="2" spawntime="60" x="5" y="0"/>
<monster name="Demon" direction="2" spawntime="60" x="2" y="1"/>
<monster name="Demon" direction="2" spawntime="60" x="-1" y="2"/>
</spawn>
<spawn centerx="4957" centery="95" centerz="7" radius="5">
<monster name="Demon" direction="2" spawntime="60" x="1" y="-3"/>
<monster name="Demon" direction="2" spawntime="60" x="0" y="2"/>
</spawn>
<spawn centerx="306" centery="96" centerz="7" radius="5">
<monster name="Giant Spider" direction="2" spawntime="60" x="0" y="-3"/>
<monster name="Old Widow" direction="2" spawntime="60" x="-1" y="0"/>
<monster name="Old Widow" direction="2" spawntime="60" x="2" y="0"/>
<monster name="Giant Spider" direction="2" spawntime="60" x="0" y="3"/>
</spawn>
<spawn centerx="82" centery="97" centerz="7" radius="5">
<monster name="Gazer" direction="2" spawntime="60" x="-1" y="-3"/>
<monster name="Beholder" direction="2" spawntime="60" x="0" y="2"/>
<monster name="Gazer" direction="2" spawntime="60" x="2" y="2"/>
<monster name="Slime" direction="2" spawntime="60" x="1" y="3"/>
</spawn>
<spawn centerx="4915" centery="98" centerz="7" radius="5">
<monster name="Dragon Lord" direction="2" spawntime="60" x="2" y="0"/>
<monster name="Dragon Lord" direction="2" spawntime="60" x="-2" y="1"/>
<monster name="Dragon Lord" direction="2" spawntime="60" x="4" y="1"/>
<monster name="Dragon Lord" direction="2" spawntime="60" x="2" y="4"/>
<monster name="Dragon Lord" direction="2" spawntime="60" x="4" y="5"/>
</spawn>
<spawn centerx="4922" centery="98" centerz="7" radius="5">
<monster name="Dragon Lord" direction="2" spawntime="60" x="2" y="-3"/>
<monster name="Behemoth" direction="2" spawntime="60" x="2" y="-1"/>
<monster name="Behemoth" direction="2" spawntime="60" x="0" y="3"/>
<monster name="Behemoth" direction="2" spawntime="60" x="3" y="3"/>
</spawn>
<spawn centerx="247" centery="99" centerz="7" radius="10">
<monster name="Scarab" direction="2" spawntime="60" x="0" y="-10"/>
<monster name="Scorpion" direction="2" spawntime="60" x="-3" y="-9"/>
<monster name="Lion" direction="2" spawntime="60" x="-6" y="-8"/>
<monster name="Ancient Scarab" direction="2" spawntime="60" x="1" y="-7"/>
<monster name="Scarab" direction="2" spawntime="60" x="4" y="-6"/>
<monster name="Wasp" direction="2" spawntime="60" x="-6" y="-5"/>
<monster name="Scarab" direction="2" spawntime="60" x="-6" y="-4"/>
<monster name="Hyaena" direction="2" spawntime="60" x="-1" y="-4"/>
<monster name="Wasp" direction="2" spawntime="60" x="5" y="-4"/>
<monster name="Hyaena" direction="2" spawntime="60" x="7" y="-2"/>
<monster name="Ancient Scarab" direction="2" spawntime="60" x="-5" y="-1"/>
<monster name="Scarab" direction="2" spawntime="60" x="-1" y="-1"/>
<monster name="Scarab" direction="2" spawntime="60" x="-10" y="0"/>
<monster name="Scorpion" direction="2" spawntime="60" x="-8" y="0"/>
<monster name="Wasp" direction="2" spawntime="60" x="0" y="1"/>
<monster name="Scarab" direction="2" spawntime="60" x="8" y="1"/>
<monster name="Scorpion" direction="2" spawntime="60" x="1" y="2"/>
<monster name="Scarab" direction="2" spawntime="60" x="-7" y="3"/>
<monster name="Lion" direction="2" spawntime="60" x="5" y="5"/>
<monster name="Hyaena" direction="2" spawntime="60" x="-4" y="6"/>
<monster name="Scarab" direction="2" spawntime="60" x="1" y="7"/>
<monster name="Scorpion" direction="2" spawntime="60" x="-4" y="8"/>
</spawn>
<spawn centerx="370" centery="99" centerz="7" radius="5">
<monster name="ultralisk" direction="2" spawntime="20" x="-1" y="0"/>
<monster name="ultralisk" direction="2" spawntime="20" x="1" y="0"/>
<monster name="ultralisk" direction="2" spawntime="20" x="-1" y="5"/>
</spawn>
<spawn centerx="541" centery="101" centerz="7" radius="3">
<monster name="Captain Jack" direction="2" spawntime="60" x="-1" y="1"/>
<monster name="Captain Jack" direction="2" spawntime="60" x="0" y="1"/>
</spawn>
<spawn centerx="4975" centery="101" centerz="7" radius="5">
<monster name="Archdemon Kalius" direction="2" spawntime="60" x="-1" y="-1"/>
<monster name="Archdemon Kalius" direction="2" spawntime="60" x="2" y="-1"/>
<monster name="Archdemon Kalius" direction="2" spawntime="60" x="0" y="2"/>
</spawn>
<spawn centerx="456" centery="102" centerz="7" radius="7">
<monster name="Ghostly visage" direction="2" spawntime="60" x="0" y="-4"/>
<monster name="Plague Spitter" direction="2" spawntime="60" x="-2" y="-3"/>
<monster name="Ghostly visage" direction="2" spawntime="60" x="5" y="-3"/>
<monster name="Flesh Fiend" direction="2" spawntime="60" x="-6" y="-2"/>
<monster name="Ghostly visage" direction="2" spawntime="60" x="-5" y="-2"/>
<monster name="Demonic Summoner" direction="2" spawntime="60" x="0" y="-2"/>
<monster name="Lucifer" direction="2" spawntime="60" x="4" y="-2"/>
<monster name="Flesh Fiend" direction="2" spawntime="60" x="5" y="-2"/>
<monster name="Lucifer" direction="2" spawntime="60" x="-5" y="-1"/>
<monster name="Lucifer" direction="2" spawntime="60" x="-1" y="-1"/>
<monster name="Demonic Summoner" direction="2" spawntime="60" x="5" y="0"/>
<monster name="Lucifer" direction="2" spawntime="60" x="-6" y="1"/>
<monster name="Ancient Necropharus" direction="2" spawntime="60" x="-5" y="1"/>
<monster name="Ghostly visage" direction="2" spawntime="60" x="-2" y="1"/>
<monster name="Lucifer" direction="2" spawntime="60" x="0" y="1"/>
<monster name="Lucifer" direction="2" spawntime="60" x="4" y="1"/>
</spawn>
<spawn centerx="504" centery="102" centerz="7" radius="5">
<monster name="Demonic Summoner" direction="2" spawntime="60" x="-3" y="-2"/>
<monster name="Demonic Summoner" direction="2" spawntime="60" x="3" y="-2"/>
<monster name="Demonic Summoner" direction="2" spawntime="60" x="-3" y="0"/>
<monster name="Demonic Summoner" direction="2" spawntime="60" x="3" y="0"/>
</spawn>
<spawn centerx="518" centery="102" centerz="7" radius="5">
<monster name="Demonic Summoner" direction="2" spawntime="60" x="0" y="1"/>
<monster name="Demonic Summoner" direction="2" spawntime="60" x="5" y="1"/>
</spawn>
<spawn centerx="524" centery="102" centerz="7" radius="5">
<monster name="Demonic Summoner" direction="2" spawntime="60" x="1" y="1"/>
<monster name="Demonic Summoner" direction="2" spawntime="60" x="5" y="1"/>
</spawn>
<spawn centerx="531" centery="102" centerz="7" radius="5">
<monster name="Demonic Summoner" direction="2" spawntime="60" x="0" y="1"/>
<monster name="Demonic Summoner" direction="2" spawntime="60" x="2" y="1"/>
</spawn>
<spawn centerx="4957" centery="102" centerz="7" radius="5">
<monster name="Demon" direction="2" spawntime="60" x="-1" y="-1"/>
<monster name="Demon" direction="2" spawntime="60" x="4" y="-1"/>
<monster name="Demon" direction="2" spawntime="60" x="-5" y="2"/>
<monster name="Demon" direction="2" spawntime="60" x="-1" y="4"/>
</spawn>
<spawn centerx="4965" centery="103" centerz="7" radius="5">
<monster name="Demon" direction="2" spawntime="60" x="-1" y="-3"/>
<monster name="Demon" direction="2" spawntime="60" x="-2" y="2"/>
<monster name="Demon" direction="2" spawntime="60" x="1" y="5"/>
</spawn>
<spawn centerx="4918" centery="104" centerz="7" radius="5">
<monster name="Dragon Lord" direction="2" spawntime="60" x="-2" y="2"/>
<monster name="Dragon Lord" direction="2" spawntime="60" x="2" y="2"/>
<monster name="Dragon Lord" direction="2" spawntime="60" x="1" y="5"/>
</spawn>
<spawn centerx="4938" centery="104" centerz="7" radius="5">
<monster name="Behemoth" direction="2" spawntime="60" x="-2" y="-3"/>
<monster name="Behemoth" direction="2" spawntime="60" x="0" y="-2"/>
<monster name="Behemoth" direction="2" spawntime="60" x="-5" y="-1"/>
<monster name="Demon" direction="2" spawntime="60" x="4" y="0"/>
<monster name="Behemoth" direction="2" spawntime="60" x="-3" y="1"/>
<monster name="Behemoth" direction="2" spawntime="60" x="0" y="2"/>
<monster name="Behemoth" direction="2" spawntime="60" x="3" y="2"/>
</spawn>
<spawn centerx="4948" centery="104" centerz="7" radius="5">
<monster name="Demon" direction="2" spawntime="60" x="0" y="-2"/>
<monster name="Behemoth" direction="2" spawntime="60" x="-1" y="3"/>
<monster name="Demon" direction="2" spawntime="60" x="-1" y="5"/>
</spawn>
<spawn centerx="4930" centery="105" centerz="7" radius="5">
<monster name="Behemoth" direction="2" spawntime="60" x="-2" y="-1"/>
<monster name="Behemoth" direction="2" spawntime="60" x="0" y="1"/>
<monster name="Behemoth" direction="2" spawntime="60" x="-3" y="2"/>
<monster name="Behemoth" direction="2" spawntime="60" x="-2" y="3"/>
<monster name="Behemoth" direction="2" spawntime="60" x="-2" y="4"/>
<monster name="Behemoth" direction="2" spawntime="60" x="1" y="5"/>
<monster name="Behemoth" direction="2" spawntime="60" x="3" y="5"/>
</spawn>
<spawn centerx="233" centery="106" centerz="7" radius="5">
<monster name="Wasp" direction="2" spawntime="60" x="0" y="-5"/>
<monster name="Hyaena" direction="2" spawntime="60" x="-2" y="-1"/>
<monster name="Scarab" direction="2" spawntime="60" x="1" y="-1"/>
<monster name="Lion" direction="2" spawntime="60" x="2" y="1"/>
<monster name="Ancient Scarab" direction="2" spawntime="60" x="-1" y="2"/>
<monster name="Scorpion" direction="2" spawntime="60" x="1" y="4"/>
</spawn>
<spawn centerx="810" centery="106" centerz="7" radius="5">
<monster name="Vlad Tepes" direction="2" spawntime="60" x="0" y="-4"/>
<monster name="Vlad Tepes" direction="2" spawntime="60" x="1" y="-4"/>
<monster name="Vlad Tepes" direction="2" spawntime="60" x="0" y="-3"/>
<monster name="Vlad Tepes" direction="2" spawntime="60" x="0" y="-2"/>
<monster name="Vlad Tepes" direction="2" spawntime="60" x="1" y="-1"/>
<monster name="Vlad Tepes" direction="2" spawntime="60" x="-5" y="0"/>
<monster name="Vlad Tepes" direction="2" spawntime="60" x="-3" y="0"/>
<monster name="Vlad Tepes" direction="2" spawntime="60" x="-1" y="0"/>
<monster name="Vlad Tepes" direction="2" spawntime="60" x="2" y="0"/>
<monster name="Vlad Tepes" direction="2" spawntime="60" x="4" y="0"/>
<monster name="Vlad Tepes" direction="2" spawntime="60" x="-4" y="1"/>
<monster name="Vlad Tepes" direction="2" spawntime="60" x="0" y="1"/>
<monster name="Vlad Tepes" direction="2" spawntime="60" x="3" y="1"/>
<monster name="Vlad Tepes" direction="2" spawntime="60" x="0" y="3"/>
</spawn>
<spawn centerx="35" centery="107" centerz="7" radius="5">
<monster name="The Evil Eye" direction="2" spawntime="60" x="1" y="0"/>
</spawn>
<spawn centerx="70" centery="107" centerz="7" radius="5">
<monster name="Gazer" direction="2" spawntime="60" x="0" y="-3"/>
<monster name="Slime" direction="2" spawntime="60" x="2" y="0"/>
<monster name="Beholder" direction="2" spawntime="60" x="4" y="0"/>
<monster name="Beholder" direction="2" spawntime="60" x="-1" y="1"/>
<monster name="Gazer" direction="2" spawntime="60" x="0" y="2"/>
</spawn>
<spawn centerx="826" centery="107" centerz="7" radius="5">
<monster name="Flesh Fiend" direction="2" spawntime="60" x="-3" y="-1"/>
<monster name="Flesh Fiend" direction="2" spawntime="60" x="-2" y="-1"/>
<monster name="Flesh Fiend" direction="2" spawntime="60" x="-1" y="-1"/>
<monster name="Flesh Fiend" direction="2" spawntime="60" x="1" y="-1"/>
<monster name="Flesh Fiend" direction="2" spawntime="60" x="3" y="-1"/>
<monster name="Flesh Fiend" direction="2" spawntime="60" x="-3" y="0"/>
<monster name="Flesh Fiend" direction="2" spawntime="60" x="-1" y="0"/>
<monster name="Flesh Fiend" direction="2" spawntime="60" x="1" y="0"/>
<monster name="Flesh Fiend" direction="2" spawntime="60" x="4" y="0"/>
</spawn>
<spawn centerx="82" centery="108" centerz="7" radius="5">
<monster name="Gazer" direction="2" spawntime="60" x="1" y="-3"/>
<monster name="Gazer" direction="2" spawntime="60" x="-4" y="-2"/>
<monster name="Beholder" direction="2" spawntime="60" x="-3" y="0"/>
<monster name="Swamp Troll" direction="2" spawntime="60" x="1" y="0"/>
<monster name="Slime" direction="2" spawntime="60" x="-1" y="1"/>
<monster name="Beholder" direction="2" spawntime="60" x="4" y="2"/>
</spawn>
<spawn centerx="278" centery="108" centerz="7" radius="5">
<monster name="Old Widow" direction="2" spawntime="60" x="2" y="-3"/>
<monster name="Giant Spider" direction="2" spawntime="60" x="-3" y="-1"/>
<monster name="Old Widow" direction="2" spawntime="60" x="0" y="1"/>
<monster name="Old Widow" direction="2" spawntime="60" x="-2" y="2"/>
<monster name="Giant Spider" direction="2" spawntime="60" x="4" y="2"/>
</spawn>
<spawn centerx="368" centery="108" centerz="7" radius="5">
<monster name="ultralisk" direction="2" spawntime="20" x="-1" y="0"/>
<monster name="ultralisk" direction="2" spawntime="20" x="1" y="0"/>
</spawn>
<spawn centerx="297" centery="109" centerz="7" radius="5">
<monster name="Old Widow" direction="2" spawntime="60" x="0" y="-4"/>
<monster name="Giant Spider" direction="2" spawntime="60" x="-3" y="0"/>
<monster name="Giant Spider" direction="2" spawntime="60" x="3" y="0"/>
<monster name="Old Widow" direction="2" spawntime="60" x="0" y="1"/>
<monster name="Old Widow" direction="2" spawntime="60" x="0" y="4"/>
</spawn>
<spawn centerx="863" centery="109" centerz="7" radius="5">
<monster name="Hell screamer" direction="2" spawntime="60" x="-1" y="-1"/>
<monster name="Hell screamer" direction="2" spawntime="60" x="0" y="-1"/>
<monster name="Hell screamer" direction="2" spawntime="60" x="3" y="0"/>
<monster name="Hell screamer" direction="2" spawntime="60" x="5" y="0"/>
<monster name="Hell screamer" direction="2" spawntime="60" x="-2" y="1"/>
<monster name="Hell screamer" direction="2" spawntime="60" x="-1" y="1"/>
<monster name="Hell screamer" direction="2" spawntime="60" x="3" y="1"/>
<monster name="Hell screamer" direction="2" spawntime="60" x="-2" y="2"/>
<monster name="Hell screamer" direction="2" spawntime="60" x="-1" y="2"/>
<monster name="Hell screamer" direction="2" spawntime="60" x="-2" y="3"/>
</spawn>
<spawn centerx="839" centery="110" centerz="7" radius="5">
<monster name="Captain Jack" direction="2" spawntime="60" x="1" y="0"/>
</spawn>
<spawn centerx="4918" centery="110" centerz="7" radius="5">
<monster name="Dragon Lord" direction="2" spawntime="60" x="-2" y="1"/>
<monster name="Dragon Lord" direction="2" spawntime="60" x="2" y="1"/>
<monster name="Dragon Lord" direction="2" spawntime="60" x="0" y="2"/>
</spawn>
<spawn centerx="1019" centery="111" centerz="7" radius="5">
<monster name="fire storm" direction="2" spawntime="60" x="-2" y="-4"/>
<monster name="fire storm" direction="2" spawntime="60" x="-1" y="-4"/>
<monster name="fire storm" direction="2" spawntime="60" x="0" y="-4"/>
<monster name="fire storm" direction="2" spawntime="60" x="1" y="-4"/>
<monster name="fire storm" direction="2" spawntime="60" x="2" y="-4"/>
<monster name="fire storm" direction="2" spawntime="60" x="-1" y="-3"/>
<monster name="fire storm" direction="2" spawntime="60" x="1" y="-3"/>
<monster name="fire storm" direction="2" spawntime="60" x="-1" y="-2"/>
<monster name="fire storm" direction="2" spawntime="60" x="1" y="-2"/>
<monster name="fire storm" direction="2" spawntime="60" x="0" y="-1"/>
<monster name="fire storm" direction="2" spawntime="60" x="-1" y="0"/>
<monster name="fire storm" direction="2" spawntime="60" x="1" y="0"/>
<monster name="fire storm" direction="2" spawntime="60" x="1" y="1"/>
<monster name="fire storm" direction="2" spawntime="60" x="0" y="2"/>
<monster name="fire storm" direction="2" spawntime="60" x="-1" y="3"/>
<monster name="fire storm" direction="2" spawntime="60" x="1" y="4"/>
</spawn>
<spawn centerx="4930" centery="111" centerz="7" radius="5">
<monster name="Behemoth" direction="2" spawntime="60" x="-3" y="1"/>
<monster name="Behemoth" direction="2" spawntime="60" x="2" y="2"/>
<monster name="Behemoth" direction="2" spawntime="60" x="-2" y="3"/>
<monster name="Behemoth" direction="2" spawntime="60" x="0" y="3"/>
</spawn>
<spawn centerx="4938" centery="111" centerz="7" radius="5">
<monster name="Behemoth" direction="2" spawntime="60" x="0" y="-1"/>
<monster name="Behemoth" direction="2" spawntime="60" x="3" y="0"/>
<monster name="Demon" direction="2" spawntime="60" x="4" y="0"/>
<monster name="Behemoth" direction="2" spawntime="60" x="0" y="2"/>
</spawn>
<spawn centerx="4948" centery="111" centerz="7" radius="5">
<monster name="Demon" direction="2" spawntime="60" x="1" y="-1"/>
<monster name="Demon" direction="2" spawntime="60" x="2" y="-1"/>
<monster name="Demon" direction="2" spawntime="60" x="5" y="-1"/>
<monster name="Behemoth" direction="2" spawntime="60" x="-3" y="0"/>
<monster name="Demon" direction="2" spawntime="60" x="4" y="2"/>
</spawn>
<spawn centerx="4957" centery="111" centerz="7" radius="5">
<monster name="Demon" direction="2" spawntime="60" x="1" y="-2"/>
<monster name="Demon" direction="2" spawntime="60" x="-2" y="0"/>
<monster name="Demon" direction="2" spawntime="60" x="5" y="2"/>
<monster name="Demon" direction="2" spawntime="60" x="1" y="3"/>
</spawn>
<spawn centerx="4975" centery="111" centerz="7" radius="5">
<monster name="Assassin" direction="2" spawntime="60" x="-3" y="-4"/>
<monster name="Assassin" direction="2" spawntime="60" x="3" y="-4"/>
<monster name="Assassin" direction="2" spawntime="60" x="-3" y="-1"/>
<monster name="Assassin" direction="2" spawntime="60" x="0" y="-1"/>
<monster name="Assassin" direction="2" spawntime="60" x="3" y="-1"/>
<monster name="Assassin" direction="2" spawntime="60" x="-3" y="2"/>
<monster name="Assassin" direction="2" spawntime="60" x="0" y="2"/>
<monster name="Assassin" direction="2" spawntime="60" x="3" y="2"/>
<monster name="Archdemon Kalius" direction="2" spawntime="60" x="-1" y="4"/>
<monster name="Assassin" direction="2" spawntime="60" x="-3" y="5"/>
<monster name="Assassin" direction="2" spawntime="60" x="0" y="5"/>
<monster name="Assassin" direction="2" spawntime="60" x="3" y="5"/>
</spawn>
<spawn centerx="314" centery="112" centerz="7" radius="5">
<monster name="Giant Spider" direction="2" spawntime="60" x="0" y="-4"/>
<monster name="Old Widow" direction="2" spawntime="60" x="-2" y="-1"/>
<monster name="Old Widow" direction="2" spawntime="60" x="1" y="0"/>
<monster name="Giant Spider" direction="2" spawntime="60" x="-2" y="3"/>
</spawn>
<spawn centerx="4965" centery="112" centerz="7" radius="5">
<monster name="Demon" direction="2" spawntime="60" x="-2" y="-2"/>
<monster name="Demon" direction="2" spawntime="60" x="1" y="2"/>
</spawn>
<spawn centerx="88" centery="113" centerz="7" radius="5">
<monster name="Swamp Troll" direction="2" spawntime="60" x="4" y="-1"/>
<monster name="Slime" direction="2" spawntime="60" x="-1" y="1"/>
<monster name="Gazer" direction="2" spawntime="60" x="2" y="3"/>
<monster name="Slime" direction="2" spawntime="60" x="-3" y="4"/>
</spawn>
<spawn centerx="541" centery="113" centerz="7" radius="5">
<monster name="Crypt Lord" direction="2" spawntime="60" x="0" y="-2"/>
<monster name="Demonic Acolyte" direction="2" spawntime="60" x="0" y="3"/>
</spawn>
<spawn centerx="903" centery="113" centerz="7" radius="5">
<monster name="Lizard King" direction="2" spawntime="60" x="0" y="-1"/>
<monster name="Lizard King" direction="2" spawntime="60" x="-1" y="0"/>
<monster name="Lizard King" direction="2" spawntime="60" x="1" y="0"/>
<monster name="Lizard King" direction="2" spawntime="60" x="-4" y="1"/>
<monster name="Lizard King" direction="2" spawntime="60" x="0" y="1"/>
</spawn>
<spawn centerx="416" centery="114" centerz="7" radius="3">
<monster name="Flesh Fiend" direction="2" spawntime="60" x="-1" y="0"/>
<monster name="Ancient Necropharus" direction="2" spawntime="60" x="0" y="1"/>
</spawn>
<spawn centerx="29" centery="115" centerz="7" radius="5">
<monster name="Swamp Troll" direction="2" spawntime="60" x="0" y="-4"/>
<monster name="Swamp Troll" direction="2" spawntime="60" x="-1" y="-2"/>
<monster name="Swamp Troll" direction="2" spawntime="60" x="1" y="-2"/>
<monster name="Beholder" direction="2" spawntime="60" x="-1" y="2"/>
<monster name="Beholder" direction="2" spawntime="60" x="3" y="2"/>
<monster name="Gazer" direction="2" spawntime="60" x="2" y="4"/>
</spawn>
<spawn centerx="71" centery="115" centerz="7" radius="5">
<monster name="Beholder" direction="2" spawntime="60" x="1" y="-2"/>
<monster name="Gazer" direction="2" spawntime="60" x="-5" y="0"/>
<monster name="Swamp Troll" direction="2" spawntime="60" x="-4" y="0"/>
<monster name="Swamp Troll" direction="2" spawntime="60" x="2" y="0"/>
<monster name="Gazer" direction="2" spawntime="60" x="4" y="0"/>
<monster name="Slime" direction="2" spawntime="60" x="1" y="1"/>
</spawn>
<spawn centerx="748" centery="115" centerz="7" radius="5">
<monster name="Ancient Necropharus" direction="2" spawntime="60" x="-1" y="0"/>
<monster name="Plague Spitter" direction="2" spawntime="60" x="-5" y="4"/>
</spawn>
<spawn centerx="919" centery="115" centerz="7" radius="5">
<monster name="Vlad Tepes" direction="2" spawntime="60" x="-4" y="-2"/>
<monster name="Vlad Tepes" direction="2" spawntime="60" x="-3" y="-2"/>
<monster name="Vlad Tepes" direction="2" spawntime="60" x="-2" y="-2"/>
<monster name="Vlad Tepes" direction="2" spawntime="60" x="-1" y="-2"/>
<monster name="Vlad Tepes" direction="2" spawntime="60" x="0" y="-2"/>
<monster name="Vlad Tepes" direction="2" spawntime="60" x="-4" y="-1"/>
<monster name="Vlad Tepes" direction="2" spawntime="60" x="-2" y="-1"/>
<monster name="Vlad Tepes" direction="2" spawntime="60" x="0" y="-1"/>
<monster name="Vlad Tepes" direction="2" spawntime="60" x="2" y="-1"/>
<monster name="Vlad Tepes" direction="2" spawntime="60" x="3" y="-1"/>
<monster name="Vlad Tepes" direction="2" spawntime="60" x="-3" y="0"/>
<monster name="Vlad Tepes" direction="2" spawntime="60" x="-1" y="0"/>
<monster name="Vlad Tepes" direction="2" spawntime="60" x="2" y="0"/>
<monster name="Vlad Tepes" direction="2" spawntime="60" x="-3" y="1"/>
<monster name="Vlad Tepes" direction="2" spawntime="60" x="-2" y="1"/>
<monster name="Vlad Tepes" direction="2" spawntime="60" x="0" y="1"/>
<monster name="Vlad Tepes" direction="2" spawntime="60" x="1" y="1"/>
<monster name="Vlad Tepes" direction="2" spawntime="60" x="2" y="1"/>
<monster name="Vlad Tepes" direction="2" spawntime="60" x="3" y="1"/>
</spawn>
<spawn centerx="935" centery="115" centerz="7" radius="5">
<monster name="Captain Jack" direction="2" spawntime="60" x="0" y="-1"/>
<monster name="Captain Jack" direction="2" spawntime="60" x="0" y="1"/>
</spawn>
<spawn centerx="58" centery="116" centerz="7" radius="5">
<monster name="Gazer" direction="2" spawntime="60" x="-4" y="0"/>
<monster name="Beholder" direction="2" spawntime="60" x="2" y="0"/>
<monster name="Slime" direction="2" spawntime="60" x="-2" y="1"/>
<monster name="Swamp Troll" direction="2" spawntime="60" x="0" y="2"/>
<monster name="Beholder" direction="2" spawntime="60" x="-5" y="4"/>
<monster name="Beholder" direction="2" spawntime="60" x="1" y="5"/>
</spawn>
<spawn centerx="83" centery="116" centerz="7" radius="5">
<monster name="Beholder" direction="2" spawntime="60" x="-3" y="0"/>
<monster name="Swamp Troll" direction="2" spawntime="60" x="-1" y="2"/>
<monster name="Gazer" direction="2" spawntime="60" x="-2" y="5"/>
</spawn>
<spawn centerx="247" centery="116" centerz="7" radius="5">
<monster name="Hyaena" direction="2" spawntime="60" x="3" y="-4"/>
<monster name="Wasp" direction="2" spawntime="60" x="-3" y="-2"/>
<monster name="Ancient Scarab" direction="2" spawntime="60" x="0" y="-2"/>
<monster name="Scarab" direction="2" spawntime="60" x="2" y="0"/>
<monster name="Scorpion" direction="2" spawntime="60" x="-4" y="1"/>
<monster name="Lion" direction="2" spawntime="60" x="-1" y="3"/>
<monster name="Scorpion" direction="2" spawntime="60" x="1" y="4"/>
</spawn>
<spawn centerx="504" centery="116" centerz="7" radius="6">
<monster name="Grorlam" direction="2" spawntime="60" x="2" y="-3"/>
<monster name="Grorlam" direction="2" spawntime="60" x="-4" y="-2"/>
<monster name="Grorlam" direction="2" spawntime="60" x="4" y="-2"/>
<monster name="Grorlam" direction="2" spawntime="60" x="-3" y="0"/>
<monster name="Grorlam" direction="2" spawntime="60" x="3" y="0"/>
<monster name="Grorlam" direction="2" spawntime="60" x="-2" y="2"/>
<monster name="Grorlam" direction="2" spawntime="60" x="2" y="2"/>
</spawn>
<spawn centerx="521" centery="116" centerz="7" radius="5">
<monster name="The Creator" direction="2" spawntime="60" x="-3" y="-2"/>
<monster name="Juggernaught" direction="2" spawntime="60" x="3" y="-2"/>
<monster name="The Creator" direction="2" spawntime="60" x="-4" y="2"/>
<monster name="Juggernaught" direction="2" spawntime="60" x="3" y="3"/>
<monster name="The Creator" direction="2" spawntime="60" x="-2" y="4"/>
</spawn>
<spawn centerx="528" centery="116" centerz="7" radius="5">
<monster name="Juggernaught" direction="2" spawntime="60" x="-1" y="-2"/>
<monster name="The Soul" direction="2" spawntime="60" x="2" y="-2"/>
<monster name="The Soul" direction="2" spawntime="60" x="5" y="1"/>
<monster name="The Soul" direction="2" spawntime="60" x="3" y="2"/>
</spawn>
<spawn centerx="740" centery="116" centerz="7" radius="5">
<monster name="Ancient Necropharus" direction="2" spawntime="60" x="0" y="-1"/>
</spawn>
<spawn centerx="341" centery="117" centerz="7" radius="5">
<monster name="ultralisk" direction="2" spawntime="20" x="2" y="-1"/>
<monster name="ultralisk" direction="2" spawntime="20" x="0" y="2"/>
</spawn>
<spawn centerx="350" centery="117" centerz="7" radius="5">
<monster name="ultralisk" direction="2" spawntime="20" x="-3" y="-2"/>
<monster name="ultralisk" direction="2" spawntime="20" x="3" y="-2"/>
<monster name="ultralisk" direction="2" spawntime="20" x="-1" y="3"/>
</spawn>
<spawn centerx="360" centery="117" centerz="7" radius="5">
<monster name="ultralisk" direction="2" spawntime="20" x="1" y="0"/>
<monster name="ultralisk" direction="2" spawntime="20" x="5" y="0"/>
<monster name="ultralisk" direction="2" spawntime="20" x="-3" y="2"/>
</spawn>
<spawn centerx="369" centery="117" centerz="7" radius="5">
<monster name="ultralisk" direction="2" spawntime="20" x="0" y="-1"/>
<monster name="ultralisk" direction="2" spawntime="20" x="0" y="1"/>
</spawn>
<spawn centerx="455" centery="117" centerz="7" radius="5">
<monster name="Ghostly visage" direction="2" spawntime="60" x="0" y="-3"/>
<monster name="Ghostly visage" direction="2" spawntime="60" x="-3" y="-2"/>
<monster name="Ghostly visage" direction="2" spawntime="60" x="2" y="-2"/>
<monster name="Ghostly visage" direction="2" spawntime="60" x="4" y="-2"/>
<monster name="Ghostly visage" direction="2" spawntime="60" x="-4" y="-1"/>
<monster name="Ghostly visage" direction="2" spawntime="60" x="0" y="-1"/>
<monster name="Ghostly visage" direction="2" spawntime="60" x="4" y="0"/>
<monster name="Ghostly visage" direction="2" spawntime="60" x="5" y="0"/>
<monster name="Ghostly visage" direction="2" spawntime="60" x="1" y="1"/>
<monster name="Ghostly visage" direction="2" spawntime="60" x="-4" y="2"/>
<monster name="Ghostly visage" direction="2" spawntime="60" x="0" y="2"/>
<monster name="Ghostly visage" direction="2" spawntime="60" x="4" y="2"/>
</spawn>
<spawn centerx="960" centery="117" centerz="7" radius="5">
<monster name="Plague Spitter" direction="2" spawntime="60" x="-3" y="-3"/>
<monster name="Plague Spitter" direction="2" spawntime="60" x="-1" y="-2"/>
<monster name="Plague Spitter" direction="2" spawntime="60" x="-4" y="-1"/>
<monster name="Plague Spitter" direction="2" spawntime="60" x="-2" y="-1"/>
<monster name="Plague Spitter" direction="2" spawntime="60" x="1" y="-1"/>
<monster name="Plague Spitter" direction="2" spawntime="60" x="-1" y="0"/>
<monster name="Plague Spitter" direction="2" spawntime="60" x="1" y="0"/>
<monster name="Plague Spitter" direction="2" spawntime="60" x="3" y="0"/>
<monster name="Plague Spitter" direction="2" spawntime="60" x="-2" y="1"/>
<monster name="Plague Spitter" direction="2" spawntime="60" x="2" y="1"/>
<monster name="Plague Spitter" direction="2" spawntime="60" x="0" y="2"/>
<monster name="Plague Spitter" direction="2" spawntime="60" x="2" y="3"/>
</spawn>
<spawn centerx="794" centery="119" centerz="7" radius="5">
<monster name="Ancient Necropharus" direction="2" spawntime="60" x="3" y="-4"/>
<monster name="Ancient Necropharus" direction="2" spawntime="60" x="2" y="-3"/>
<monster name="Leprechaun" direction="2" spawntime="60" x="0" y="1"/>
<monster name="Vlad Tepes" direction="2" spawntime="60" x="1" y="3"/>
<monster name="Vlad Tepes" direction="2" spawntime="60" x="2" y="3"/>
<monster name="Vlad Tepes" direction="2" spawntime="60" x="2" y="4"/>
<monster name="Vlad Tepes" direction="2" spawntime="60" x="3" y="4"/>
</spawn>
<spawn centerx="822" centery="119" centerz="7" radius="5">
<monster name="fire storm" direction="2" spawntime="60" x="-3" y="-4"/>
<monster name="fire storm" direction="2" spawntime="60" x="-4" y="-3"/>
<monster name="fire storm" direction="2" spawntime="60" x="-3" y="-3"/>
<monster name="fire storm" direction="2" spawntime="60" x="-2" y="-3"/>
<monster name="fire storm" direction="2" spawntime="60" x="-1" y="-3"/>
<monster name="fire storm" direction="2" spawntime="60" x="-3" y="-2"/>
<monster name="fire storm" direction="2" spawntime="60" x="-2" y="-2"/>
<monster name="fire storm" direction="2" spawntime="60" x="-1" y="-2"/>
<monster name="fire storm" direction="2" spawntime="60" x="0" y="-2"/>
<monster name="fire storm" direction="2" spawntime="60" x="-2" y="-1"/>
<monster name="fire storm" direction="2" spawntime="60" x="-1" y="-1"/>
<monster name="fire storm" direction="2" spawntime="60" x="0" y="-1"/>
<monster name="fire storm" direction="2" spawntime="60" x="1" y="-1"/>
<monster name="fire storm" direction="2" spawntime="60" x="0" y="0"/>
<monster name="fire storm" direction="2" spawntime="60" x="1" y="0"/>
<monster name="fire storm" direction="2" spawntime="60" x="1" y="1"/>
<monster name="fire storm" direction="2" spawntime="60" x="1" y="2"/>
<monster name="fire storm" direction="2" spawntime="60" x="1" y="3"/>
<monster name="fire storm" direction="2" spawntime="60" x="1" y="4"/>
</spawn>
<spawn centerx="4913" centery="120" centerz="7" radius="5">
<monster name="Dragon Lord" direction="2" spawntime="60" x="0" y="-1"/>
<monster name="Dragon Lord" direction="2" spawntime="60" x="-1" y="2"/>
<monster name="Dragon Lord" direction="2" spawntime="60" x="1" y="2"/>
</spawn>
<spawn centerx="4975" centery="120" centerz="7" radius="5">
<monster name="Archdemon Kalius" direction="2" spawntime="60" x="-2" y="-2"/>
<monster name="Archdemon Kalius" direction="2" spawntime="60" x="1" y="-2"/>
<monster name="Assassin" direction="2" spawntime="60" x="-4" y="-1"/>
<monster name="Assassin" direction="2" spawntime="60" x="-1" y="-1"/>
<monster name="Assassin" direction="2" spawntime="60" x="2" y="-1"/>
<monster name="Archdemon Kalius" direction="2" spawntime="60" x="-2" y="1"/>
<monster name="Assassin" direction="2" spawntime="60" x="-4" y="2"/>
<monster name="Assassin" direction="2" spawntime="60" x="-1" y="2"/>
<monster name="Assassin" direction="2" spawntime="60" x="3" y="2"/>
<monster name="Archdemon Kalius" direction="2" spawntime="60" x="1" y="3"/>
</spawn>
<spawn centerx="77" centery="121" centerz="7" radius="5">
<monster name="Swamp Troll" direction="2" spawntime="60" x="-3" y="1"/>
<monster name="Beholder" direction="2" spawntime="60" x="-1" y="2"/>
<monster name="Slime" direction="2" spawntime="60" x="0" y="2"/>
</spawn>
<spawn centerx="4928" centery="121" centerz="7" radius="5">
<monster name="Archdemon Kalius" direction="2" spawntime="60" x="0" y="-1"/>
<monster name="Archdemon Kalius" direction="2" spawntime="60" x="-1" y="0"/>
</spawn>
<spawn centerx="4936" centery="121" centerz="7" radius="5">
<monster name="Archdemon Kalius" direction="2" spawntime="60" x="0" y="-1"/>
<monster name="Archdemon Kalius" direction="2" spawntime="60" x="1" y="1"/>
</spawn>
<spawn centerx="4944" centery="121" centerz="7" radius="5">
<monster name="Archdemon Kalius" direction="2" spawntime="60" x="0" y="-1"/>
<monster name="Archdemon Kalius" direction="2" spawntime="60" x="0" y="1"/>
</spawn>
<spawn centerx="4953" centery="121" centerz="7" radius="5">
<monster name="Archdemon Kalius" direction="2" spawntime="60" x="0" y="-1"/>
<monster name="Archdemon Kalius" direction="2" spawntime="60" x="0" y="2"/>
</spawn>
<spawn centerx="4962" centery="121" centerz="7" radius="5">
<monster name="Archdemon Kalius" direction="2" spawntime="60" x="-1" y="-1"/>
<monster name="Archdemon Kalius" direction="2" spawntime="60" x="-1" y="2"/>
</spawn>
<spawn centerx="49" centery="122" centerz="7" radius="5">
<monster name="Swamp Troll" direction="2" spawntime="60" x="4" y="1"/>
<monster name="Gazer" direction="2" spawntime="60" x="0" y="2"/>
<monster name="Gazer" direction="2" spawntime="60" x="-4" y="5"/>
</spawn>
<spawn centerx="66" centery="122" centerz="7" radius="5">
<monster name="Gazer" direction="2" spawntime="60" x="4" y="2"/>
<monster name="Beholder" direction="2" spawntime="60" x="3" y="4"/>
</spawn>
<spawn centerx="323" centery="122" centerz="7" radius="5">
<monster name="Giant Spider" direction="2" spawntime="60" x="-3" y="-3"/>
<monster name="Old Widow" direction="2" spawntime="60" x="2" y="-2"/>
<monster name="Old Widow" direction="2" spawntime="60" x="-1" y="0"/>
<monster name="Giant Spider" direction="2" spawntime="60" x="3" y="3"/>
</spawn>
<spawn centerx="4921" centery="122" centerz="7" radius="5">
<monster name="Archdemon Kalius" direction="2" spawntime="60" x="-1" y="-1"/>
<monster name="Archdemon Kalius" direction="2" spawntime="60" x="0" y="1"/>
<monster name="Archdemon Kalius" direction="2" spawntime="60" x="0" y="5"/>
</spawn>
<spawn centerx="89" centery="123" centerz="7" radius="5">
<monster name="Gazer" direction="2" spawntime="60" x="2" y="-3"/>
<monster name="Beholder" direction="2" spawntime="60" x="2" y="1"/>
<monster name="Swamp Troll" direction="2" spawntime="60" x="2" y="2"/>
</spawn>
<spawn centerx="275" centery="124" centerz="7" radius="5">
<monster name="Giant Spider" direction="2" spawntime="60" x="0" y="-4"/>
<monster name="Old Widow" direction="2" spawntime="60" x="1" y="0"/>
<monster name="Old Widow" direction="2" spawntime="60" x="2" y="3"/>
<monster name="Giant Spider" direction="2" spawntime="60" x="0" y="4"/>
</spawn>
<spawn centerx="416" centery="124" centerz="7" radius="4">
<monster name="Petrified Hell Hound" direction="2" spawntime="60" x="-1" y="-2"/>
<monster name="Petrified Hell Hound" direction="2" spawntime="60" x="1" y="1"/>
<monster name="Petrified Hell Hound" direction="2" spawntime="60" x="-1" y="2"/>
</spawn>
<spawn centerx="743" centery="124" centerz="7" radius="5">
<monster name="Ancient Necropharus" direction="2" spawntime="60" x="0" y="-1"/>
</spawn>
<spawn centerx="35" centery="125" centerz="7" radius="5">
<monster name="Swamp Troll" direction="2" spawntime="60" x="-2" y="-4"/>
<monster name="Beholder" direction="2" spawntime="60" x="0" y="-4"/>
<monster name="Slime" direction="2" spawntime="60" x="-1" y="-2"/>
<monster name="Gazer" direction="2" spawntime="60" x="0" y="1"/>
<monster name="Beholder" direction="2" spawntime="60" x="4" y="1"/>
<monster name="Beholder" direction="2" spawntime="60" x="-3" y="2"/>
<monster name="Swamp Troll" direction="2" spawntime="60" x="3" y="3"/>
<monster name="Gazer" direction="2" spawntime="60" x="-3" y="4"/>
</spawn>
<spawn centerx="56" centery="125" centerz="7" radius="5">
<monster name="Slime" direction="2" spawntime="60" x="0" y="-2"/>
<monster name="Gazer" direction="2" spawntime="60" x="4" y="-2"/>
<monster name="Beholder" direction="2" spawntime="60" x="-1" y="2"/>
<monster name="Swamp Troll" direction="2" spawntime="60" x="0" y="2"/>
</spawn>
<spawn centerx="888" centery="125" centerz="7" radius="5">
<monster name="Petrified Hell Hound" direction="2" spawntime="60" x="2" y="0"/>
<monster name="Petrified Hell Hound" direction="2" spawntime="60" x="3" y="0"/>
<monster name="Petrified Hell Hound" direction="2" spawntime="60" x="-2" y="1"/>
<monster name="Ancient Necropharus" direction="2" spawntime="60" x="1" y="1"/>
<monster name="Petrified Hell Hound" direction="2" spawntime="60" x="4" y="1"/>
<monster name="Petrified Hell Hound" direction="2" spawntime="60" x="-3" y="2"/>
<monster name="Petrified Hell Hound" direction="2" spawntime="60" x="-1" y="2"/>
</spawn>
<spawn centerx="615" centery="127" centerz="7" radius="5">
<monster name="Doom Lord" direction="2" spawntime="60" x="-1" y="-1"/>
<monster name="Doom Lord" direction="2" spawntime="60" x="1" y="1"/>
</spawn>
<spawn centerx="289" centery="128" centerz="7" radius="5">
<monster name="Giant Spider" direction="2" spawntime="60" x="-2" y="0"/>
<monster name="Old Widow" direction="2" spawntime="60" x="1" y="0"/>
<monster name="Giant Spider" direction="2" spawntime="60" x="4" y="0"/>
<monster name="Old Widow" direction="2" spawntime="60" x="0" y="2"/>
</spawn>
<spawn centerx="341" centery="128" centerz="7" radius="5">
<monster name="ultralisk" direction="2" spawntime="20" x="-2" y="-2"/>
<monster name="ultralisk" direction="2" spawntime="20" x="4" y="-1"/>
<monster name="ultralisk" direction="2" spawntime="20" x="0" y="2"/>
</spawn>
<spawn centerx="350" centery="128" centerz="7" radius="5">
<monster name="ultralisk" direction="2" spawntime="20" x="3" y="-2"/>
<monster name="ultralisk" direction="2" spawntime="20" x="0" y="2"/>
</spawn>
<spawn centerx="360" centery="128" centerz="7" radius="5">
<monster name="ultralisk" direction="2" spawntime="20" x="-2" y="-2"/>
<monster name="ultralisk" direction="2" spawntime="20" x="3" y="-1"/>
<monster name="ultralisk" direction="2" spawntime="20" x="0" y="3"/>
</spawn>
<spawn centerx="369" centery="128" centerz="7" radius="5">
<monster name="ultralisk" direction="2" spawntime="20" x="-1" y="-2"/>
<monster name="ultralisk" direction="2" spawntime="20" x="2" y="1"/>
</spawn>
<spawn centerx="626" centery="128" centerz="7" radius="5">
<monster name="Doom Lord" direction="2" spawntime="60" x="0" y="-1"/>
</spawn>
<spawn centerx="632" centery="128" centerz="7" radius="5">
<monster name="Doom Lord" direction="2" spawntime="60" x="0" y="-1"/>
</spawn>
<spawn centerx="4921" centery="128" centerz="7" radius="5">
<monster name="Archdemon Kalius" direction="2" spawntime="60" x="0" y="2"/>
</spawn>
<spawn centerx="4928" centery="128" centerz="7" radius="5">
<monster name="Archdemon Kalius" direction="2" spawntime="60" x="-1" y="-1"/>
<monster name="Archdemon Kalius" direction="2" spawntime="60" x="0" y="1"/>
</spawn>
<spawn centerx="4936" centery="128" centerz="7" radius="5">
<monster name="Archdemon Kalius" direction="2" spawntime="60" x="1" y="0"/>
<monster name="Archdemon Kalius" direction="2" spawntime="60" x="-1" y="1"/>
</spawn>
<spawn centerx="305" centery="129" centerz="7" radius="5">
<monster name="Giant Spider" direction="2" spawntime="60" x="-3" y="-3"/>
<monster name="Old Widow" direction="2" spawntime="60" x="1" y="0"/>
<monster name="Old Widow" direction="2" spawntime="60" x="-2" y="2"/>
<monster name="Giant Spider" direction="2" spawntime="60" x="2" y="3"/>
</spawn>
<spawn centerx="836" centery="129" centerz="7" radius="5">
<monster name="Plague Spitter" direction="2" spawntime="60" x="-3" y="-1"/>
<monster name="Plague Spitter" direction="2" spawntime="60" x="-1" y="-1"/>
<monster name="Plague Spitter" direction="2" spawntime="60" x="1" y="-1"/>
<monster name="Plague Spitter" direction="2" spawntime="60" x="3" y="-1"/>
<monster name="Plague Spitter" direction="2" spawntime="60" x="-4" y="0"/>
<monster name="Plague Spitter" direction="2" spawntime="60" x="-2" y="0"/>
<monster name="Plague Spitter" direction="2" spawntime="60" x="-1" y="0"/>
<monster name="Plague Spitter" direction="2" spawntime="60" x="2" y="0"/>
<monster name="Plague Spitter" direction="2" spawntime="60" x="3" y="0"/>
<monster name="Plague Spitter" direction="2" spawntime="60" x="-3" y="1"/>
</spawn>
<spawn centerx="931" centery="129" centerz="7" radius="5">
<monster name="Plague Spitter" direction="2" spawntime="60" x="0" y="-5"/>
<monster name="Plague Spitter" direction="2" spawntime="60" x="0" y="-3"/>
<monster name="Plague Spitter" direction="2" spawntime="60" x="2" y="-3"/>
<monster name="Plague Spitter" direction="2" spawntime="60" x="3" y="-3"/>
<monster name="Plague Spitter" direction="2" spawntime="60" x="0" y="-2"/>
<monster name="Plague Spitter" direction="2" spawntime="60" x="2" y="-2"/>
<monster name="Plague Spitter" direction="2" spawntime="60" x="-1" y="-1"/>
<monster name="Plague Spitter" direction="2" spawntime="60" x="1" y="-1"/>
<monster name="Plague Spitter" direction="2" spawntime="60" x="-3" y="0"/>
<monster name="Plague Spitter" direction="2" spawntime="60" x="-1" y="0"/>
<monster name="Plague Spitter" direction="2" spawntime="60" x="2" y="0"/>
<monster name="Plague Spitter" direction="2" spawntime="60" x="-3" y="2"/>
<monster name="Plague Spitter" direction="2" spawntime="60" x="-1" y="2"/>
<monster name="Plague Spitter" direction="2" spawntime="60" x="0" y="2"/>
<monster name="Plague Spitter" direction="2" spawntime="60" x="-2" y="3"/>
</spawn>
<spawn centerx="4944" centery="129" centerz="7" radius="5">
<monster name="Archdemon Kalius" direction="2" spawntime="60" x="0" y="-1"/>
<monster name="Archdemon Kalius" direction="2" spawntime="60" x="0" y="1"/>
</spawn>
<spawn centerx="4953" centery="129" centerz="7" radius="5">
<monster name="Archdemon Kalius" direction="2" spawntime="60" x="0" y="-1"/>
<monster name="Archdemon Kalius" direction="2" spawntime="60" x="0" y="2"/>
</spawn>
<spawn centerx="4962" centery="129" centerz="7" radius="5">
<monster name="Archdemon Kalius" direction="2" spawntime="60" x="-1" y="-1"/>
<monster name="Archdemon Kalius" direction="2" spawntime="60" x="-1" y="2"/>
</spawn>
<spawn centerx="4975" centery="129" centerz="7" radius="5">
<monster name="Archdemon Kalius" direction="2" spawntime="60" x="-3" y="-3"/>
<monster name="Assassin" direction="2" spawntime="60" x="-4" y="-2"/>
<monster name="Assassin" direction="2" spawntime="60" x="3" y="-2"/>
<monster name="Assassin" direction="2" spawntime="60" x="-3" y="1"/>
<monster name="Assassin" direction="2" spawntime="60" x="0" y="1"/>
<monster name="Assassin" direction="2" spawntime="60" x="3" y="1"/>
</spawn>
<spawn centerx="46" centery="130" centerz="7" radius="5">
<monster name="Beholder" direction="2" spawntime="60" x="-3" y="-3"/>
<monster name="Swamp Troll" direction="2" spawntime="60" x="-1" y="-2"/>
<monster name="Beholder" direction="2" spawntime="60" x="2" y="-1"/>
<monster name="Beholder" direction="2" spawntime="60" x="-2" y="1"/>
<monster name="Slime" direction="2" spawntime="60" x="0" y="1"/>
<monster name="Swamp Troll" direction="2" spawntime="60" x="5" y="3"/>
<monster name="Beholder" direction="2" spawntime="60" x="3" y="4"/>
</spawn>
<spawn centerx="72" centery="130" centerz="7" radius="5">
<monster name="Gazer" direction="2" spawntime="60" x="-3" y="1"/>
<monster name="Slime" direction="2" spawntime="60" x="-2" y="1"/>
<monster name="Gazer" direction="2" spawntime="60" x="4" y="1"/>
<monster name="Swamp Troll" direction="2" spawntime="60" x="1" y="2"/>
<monster name="Beholder" direction="2" spawntime="60" x="-1" y="4"/>
</spawn>
<spawn centerx="433" centery="130" centerz="7" radius="5">
<monster name="Doom Lord" direction="2" spawntime="60" x="-1" y="-2"/>
<monster name="Doom Lord" direction="2" spawntime="60" x="1" y="-2"/>
<monster name="Doom Lord" direction="2" spawntime="60" x="-1" y="2"/>
</spawn>
<spawn centerx="858" centery="130" centerz="7" radius="5">
<monster name="Crypt Lord" direction="2" spawntime="60" x="1" y="0"/>
</spawn>
<spawn centerx="207" centery="131" centerz="7" radius="5">
<monster name="Lizard Sentinel" direction="2" spawntime="60" x="0" y="-2"/>
<monster name="Lizard Sentinel" direction="2" spawntime="60" x="0" y="1"/>
<monster name="Merlkin" direction="2" spawntime="60" x="1" y="2"/>
</spawn>
<spawn centerx="528" centery="131" centerz="7" radius="7">
<monster name="Ghostly visage" direction="2" spawntime="60" x="2" y="-5"/>
<monster name="Ghostly visage" direction="2" spawntime="60" x="-1" y="-4"/>
<monster name="Ghostly visage" direction="2" spawntime="60" x="-4" y="-3"/>
<monster name="Ghostly visage" direction="2" spawntime="60" x="0" y="-3"/>
<monster name="Ghostly visage" direction="2" spawntime="60" x="2" y="-3"/>
<monster name="Ghostly visage" direction="2" spawntime="60" x="4" y="-3"/>
<monster name="Ghostly visage" direction="2" spawntime="60" x="3" y="0"/>
<monster name="Ghostly visage" direction="2" spawntime="60" x="-4" y="1"/>
<monster name="Ghostly visage" direction="2" spawntime="60" x="1" y="1"/>
<monster name="Ghostly visage" direction="2" spawntime="60" x="4" y="1"/>
<monster name="Ghostly visage" direction="2" spawntime="60" x="-4" y="2"/>
<monster name="Ghostly visage" direction="2" spawntime="60" x="-1" y="2"/>
<monster name="Ghostly visage" direction="2" spawntime="60" x="2" y="2"/>
<monster name="Ghostly visage" direction="2" spawntime="60" x="-3" y="5"/>
<monster name="Ghostly visage" direction="2" spawntime="60" x="-1" y="6"/>
<monster name="Ghostly visage" direction="2" spawntime="60" x="1" y="6"/>
<monster name="Ghostly visage" direction="2" spawntime="60" x="4" y="6"/>
<monster name="Ghostly visage" direction="2" spawntime="60" x="-4" y="7"/>
<monster name="Ghostly visage" direction="2" spawntime="60" x="-2" y="7"/>
<monster name="Ghostly visage" direction="2" spawntime="60" x="4" y="7"/>
</spawn>
<spawn centerx="64" centery="132" centerz="7" radius="5">
<monster name="Swamp Troll" direction="2" spawntime="60" x="-1" y="-3"/>
<monster name="Beholder" direction="2" spawntime="60" x="2" y="-2"/>
<monster name="Slime" direction="2" spawntime="60" x="2" y="0"/>
<monster name="Beholder" direction="2" spawntime="60" x="-1" y="1"/>
<monster name="Gazer" direction="2" spawntime="60" x="2" y="2"/>
</spawn>
<spawn centerx="81" centery="132" centerz="7" radius="5">
<monster name="Slime" direction="2" spawntime="60" x="1" y="0"/>
<monster name="Beholder" direction="2" spawntime="60" x="-2" y="1"/>
</spawn>
<spawn centerx="1018" centery="132" centerz="7" radius="5">
<monster name="Plague Spitter" direction="2" spawntime="60" x="-1" y="-4"/>
<monster name="Plague Spitter" direction="2" spawntime="60" x="1" y="-4"/>
<monster name="Plague Spitter" direction="2" spawntime="60" x="2" y="-4"/>
<monster name="Plague Spitter" direction="2" spawntime="60" x="-1" y="-3"/>
<monster name="Plague Spitter" direction="2" spawntime="60" x="0" y="-3"/>
<monster name="Plague Spitter" direction="2" spawntime="60" x="2" y="-3"/>
<monster name="Plague Spitter" direction="2" spawntime="60" x="1" y="-2"/>
<monster name="Plague Spitter" direction="2" spawntime="60" x="-1" y="-1"/>
<monster name="Plague Spitter" direction="2" spawntime="60" x="0" y="-1"/>
<monster name="Plague Spitter" direction="2" spawntime="60" x="2" y="0"/>
<monster name="Plague Spitter" direction="2" spawntime="60" x="0" y="2"/>
<monster name="Plague Spitter" direction="2" spawntime="60" x="-1" y="3"/>
<monster name="Plague Spitter" direction="2" spawntime="60" x="1" y="3"/>
</spawn>
<spawn centerx="817" centery="133" centerz="7" radius="5">
<monster name="Oblivion Chicken" direction="2" spawntime="60" x="-2" y="-1"/>
</spawn>
<spawn centerx="965" centery="135" centerz="7" radius="5">
<monster name="Flesh Fiend" direction="2" spawntime="60" x="1" y="-4"/>
<monster name="Flesh Fiend" direction="2" spawntime="60" x="3" y="-3"/>
<monster name="Flesh Fiend" direction="2" spawntime="60" x="1" y="-2"/>
<monster name="Flesh Fiend" direction="2" spawntime="60" x="-1" y="-1"/>
<monster name="Flesh Fiend" direction="2" spawntime="60" x="2" y="-1"/>
<monster name="Flesh Fiend" direction="2" spawntime="60" x="1" y="0"/>
<monster name="Flesh Fiend" direction="2" spawntime="60" x="-1" y="1"/>
<monster name="Flesh Fiend" direction="2" spawntime="60" x="-2" y="2"/>
<monster name="Flesh Fiend" direction="2" spawntime="60" x="1" y="2"/>
<monster name="Flesh Fiend" direction="2" spawntime="60" x="-2" y="3"/>
<monster name="Flesh Fiend" direction="2" spawntime="60" x="-1" y="3"/>
</spawn>
<spawn centerx="51" centery="136" centerz="7" radius="5">
<monster name="Gazer" direction="2" spawntime="60" x="3" y="-3"/>
<monster name="Swamp Troll" direction="2" spawntime="60" x="2" y="-1"/>
<monster name="Slime" direction="2" spawntime="60" x="-1" y="0"/>
<monster name="Gazer" direction="2" spawntime="60" x="-2" y="2"/>
<monster name="Beholder" direction="2" spawntime="60" x="0" y="2"/>
</spawn>
<spawn centerx="799" centery="136" centerz="7" radius="5">
<monster name="Nefarious Acolyte" direction="2" spawntime="60" x="0" y="-1"/>
</spawn>
<spawn centerx="1147" centery="136" centerz="7" radius="5">
<monster name="Keeper Of The Abyss" direction="2" spawntime="60" x="0" y="-1"/>
</spawn>
<spawn centerx="192" centery="137" centerz="7" radius="5">
<monster name="Lizard Sentinel" direction="2" spawntime="60" x="-2" y="-1"/>
<monster name="Merlkin" direction="2" spawntime="60" x="2" y="-1"/>
<monster name="Merlkin" direction="2" spawntime="60" x="-2" y="1"/>
<monster name="Lizard Sentinel" direction="2" spawntime="60" x="2" y="1"/>
</spawn>
<spawn centerx="619" centery="137" centerz="7" radius="5">
<monster name="Doom Lord" direction="2" spawntime="60" x="0" y="-1"/>
<monster name="Doom Lord" direction="2" spawntime="60" x="0" y="1"/>
</spawn>
<spawn centerx="630" centery="137" centerz="7" radius="5">
<monster name="Doom Lord" direction="2" spawntime="60" x="0" y="-1"/>
<monster name="Doom Lord" direction="2" spawntime="60" x="0" y="1"/>
</spawn>
<spawn centerx="746" centery="137" centerz="7" radius="8">
<monster name="Ghostly visage" direction="2" spawntime="60" x="-1" y="-4"/>
<monster name="Vlad Tepes" direction="2" spawntime="60" x="3" y="-3"/>
<monster name="Hell screamer" direction="2" spawntime="60" x="-1" y="-2"/>
<monster name="Vlad Tepes" direction="2" spawntime="60" x="-4" y="-1"/>
<monster name="Demonic Summoner" direction="2" spawntime="60" x="-1" y="0"/>
<monster name="fire storm" direction="2" spawntime="60" x="1" y="0"/>
<monster name="Ghostly visage" direction="2" spawntime="60" x="5" y="1"/>
<monster name="Hell screamer" direction="2" spawntime="60" x="2" y="2"/>
<monster name="Vlad Tepes" direction="2" spawntime="60" x="4" y="2"/>
<monster name="Ghostly visage" direction="2" spawntime="60" x="-2" y="3"/>
<monster name="fire storm" direction="2" spawntime="60" x="-3" y="4"/>
<monster name="Vlad Tepes" direction="2" spawntime="60" x="0" y="5"/>
</spawn>
<spawn centerx="479" centery="138" centerz="7" radius="5">
<monster name="Doom Lord" direction="2" spawntime="60" x="0" y="-2"/>
<monster name="Hell screamer" direction="2" spawntime="60" x="2" y="-2"/>
<monster name="Plague Spitter" direction="2" spawntime="60" x="-2" y="-1"/>
<monster name="Plague Spitter" direction="2" spawntime="60" x="1" y="-1"/>
<monster name="Plague Spitter" direction="2" spawntime="60" x="1" y="2"/>
<monster name="Plague Spitter" direction="2" spawntime="60" x="-2" y="3"/>
<monster name="Doom Lord" direction="2" spawntime="60" x="-1" y="3"/>
<monster name="Hell screamer" direction="2" spawntime="60" x="1" y="4"/>
</spawn>
<spawn centerx="528" centery="138" centerz="7" radius="7">
<monster name="Ghostly visage" direction="2" spawntime="60" x="2" y="1"/>
<monster name="Ghostly visage" direction="2" spawntime="60" x="-4" y="4"/>
<monster name="Ghostly visage" direction="2" spawntime="60" x="-1" y="4"/>
<monster name="Ghostly visage" direction="2" spawntime="60" x="1" y="4"/>
<monster name="Ghostly visage" direction="2" spawntime="60" x="2" y="4"/>
<monster name="Ghostly visage" direction="2" spawntime="60" x="-1" y="5"/>
<monster name="Ghostly visage" direction="2" spawntime="60" x="0" y="5"/>
<monster name="Ghostly visage" direction="2" spawntime="60" x="1" y="5"/>
</spawn>
<spawn centerx="874" centery="138" centerz="7" radius="5">
<monster name="Crypt Lord" direction="2" spawntime="60" x="0" y="-1"/>
</spawn>
<spawn centerx="321" centery="139" centerz="7" radius="5">
<monster name="Old Widow" direction="2" spawntime="60" x="1" y="-4"/>
<monster name="Giant Spider" direction="2" spawntime="60" x="-3" y="-2"/>
<monster name="Old Widow" direction="2" spawntime="60" x="-1" y="0"/>
<monster name="Old Widow" direction="2" spawntime="60" x="2" y="1"/>
<monster name="Old Widow" direction="2" spawntime="60" x="0" y="2"/>
<monster name="Giant Spider" direction="2" spawntime="60" x="3" y="3"/>
</spawn>
<spawn centerx="340" centery="139" centerz="7" radius="5">
<monster name="ultralisk" direction="2" spawntime="20" x="-1" y="0"/>
<monster name="ultralisk" direction="2" spawntime="20" x="1" y="0"/>
<monster name="ultralisk" direction="2" spawntime="20" x="5" y="1"/>
</spawn>
<spawn centerx="349" centery="139" centerz="7" radius="5">
<monster name="ultralisk" direction="2" spawntime="20" x="2" y="0"/>
</spawn>
<spawn centerx="360" centery="139" centerz="7" radius="5">
<monster name="ultralisk" direction="2" spawntime="20" x="-1" y="-1"/>
<monster name="ultralisk" direction="2" spawntime="20" x="1" y="1"/>
</spawn>
<spawn centerx="369" centery="139" centerz="7" radius="5">
<monster name="ultralisk" direction="2" spawntime="20" x="-2" y="-2"/>
<monster name="ultralisk" direction="2" spawntime="20" x="1" y="2"/>
</spawn>
<spawn centerx="420" centery="139" centerz="7" radius="7">
<monster name="Petrified Hell Hound" direction="2" spawntime="60" x="-4" y="-4"/>
<monster name="Plague Spitter" direction="2" spawntime="60" x="-2" y="-4"/>
<monster name="Plague Spitter" direction="2" spawntime="60" x="3" y="-4"/>
<monster name="Petrified Hell Hound" direction="2" spawntime="60" x="1" y="-3"/>
<monster name="Petrified Hell Hound" direction="2" spawntime="60" x="-3" y="-2"/>
<monster name="Demonic Summoner" direction="2" spawntime="60" x="2" y="-2"/>
<monster name="Demonic Summoner" direction="2" spawntime="60" x="-5" y="-1"/>
<monster name="Petrified Hell Hound" direction="2" spawntime="60" x="3" y="-1"/>
<monster name="Plague Spitter" direction="2" spawntime="60" x="-2" y="1"/>
<monster name="Demonic Summoner" direction="2" spawntime="60" x="4" y="1"/>
<monster name="Petrified Hell Hound" direction="2" spawntime="60" x="-5" y="2"/>
<monster name="Demonic Summoner" direction="2" spawntime="60" x="-2" y="3"/>
<monster name="Plague Spitter" direction="2" spawntime="60" x="2" y="3"/>
<monster name="Petrified Hell Hound" direction="2" spawntime="60" x="3" y="3"/>
</spawn>
<spawn centerx="212" centery="140" centerz="7" radius="5">
<monster name="Merlkin" direction="2" spawntime="60" x="2" y="-2"/>
<monster name="Lizard Sentinel" direction="2" spawntime="60" x="1" y="-1"/>
<monster name="Lizard Sentinel" direction="2" spawntime="60" x="-2" y="0"/>
<monster name="Merlkin" direction="2" spawntime="60" x="-2" y="2"/>
</spawn>
<spawn centerx="541" centery="140" centerz="7" radius="5">
<monster name="Plague Spitter" direction="2" spawntime="60" x="-1" y="-3"/>
<monster name="Plague Spitter" direction="2" spawntime="60" x="1" y="-3"/>
<monster name="Plague Spitter" direction="2" spawntime="60" x="0" y="-2"/>
<monster name="Plague Spitter" direction="2" spawntime="60" x="-2" y="-1"/>
<monster name="Plague Spitter" direction="2" spawntime="60" x="1" y="-1"/>
<monster name="Plague Spitter" direction="2" spawntime="60" x="-2" y="2"/>
<monster name="Plague Spitter" direction="2" spawntime="60" x="1" y="2"/>
<monster name="Plague Spitter" direction="2" spawntime="60" x="0" y="3"/>
<monster name="Plague Spitter" direction="2" spawntime="60" x="-2" y="4"/>
<monster name="Plague Spitter" direction="2" spawntime="60" x="1" y="4"/>
</spawn>
<spawn centerx="433" centery="141" centerz="7" radius="5">
<monster name="Doom Lord" direction="2" spawntime="60" x="1" y="-2"/>
<monster name="Doom Lord" direction="2" spawntime="60" x="-1" y="0"/>
<monster name="Doom Lord" direction="2" spawntime="60" x="0" y="3"/>
</spawn>
<spawn centerx="810" centery="141" centerz="7" radius="5">
<monster name="Flesh Fiend" direction="2" spawntime="60" x="-2" y="-3"/>
<monster name="Flesh Fiend" direction="2" spawntime="60" x="-1" y="-2"/>
<monster name="Flesh Fiend" direction="2" spawntime="60" x="-2" y="-1"/>
<monster name="Flesh Fiend" direction="2" spawntime="60" x="1" y="1"/>
<monster name="Flesh Fiend" direction="2" spawntime="60" x="1" y="2"/>
<monster name="Flesh Fiend" direction="2" spawntime="60" x="2" y="2"/>
</spawn>
<spawn centerx="839" centery="141" centerz="7" radius="5">
<monster name="Petrified Hell Hound" direction="2" spawntime="60" x="-3" y="-1"/>
<monster name="Petrified Hell Hound" direction="2" spawntime="60" x="-1" y="-1"/>
<monster name="Petrified Hell Hound" direction="2" spawntime="60" x="1" y="-1"/>
<monster name="Petrified Hell Hound" direction="2" spawntime="60" x="-3" y="0"/>
<monster name="Petrified Hell Hound" direction="2" spawntime="60" x="-1" y="0"/>
<monster name="Petrified Hell Hound" direction="2" spawntime="60" x="1" y="0"/>
<monster name="Petrified Hell Hound" direction="2" spawntime="60" x="2" y="0"/>
<monster name="Petrified Hell Hound" direction="2" spawntime="60" x="4" y="0"/>
<monster name="Petrified Hell Hound" direction="2" spawntime="60" x="2" y="1"/>
</spawn>
<spawn centerx="857" centery="141" centerz="7" radius="5">
<monster name="Plague Spitter" direction="2" spawntime="60" x="2" y="-1"/>
<monster name="Flesh Fiend" direction="2" spawntime="60" x="3" y="-1"/>
<monster name="Plague Spitter" direction="2" spawntime="60" x="4" y="-1"/>
<monster name="Plague Spitter" direction="2" spawntime="60" x="-3" y="0"/>
<monster name="Flesh Fiend" direction="2" spawntime="60" x="-1" y="0"/>
<monster name="Flesh Fiend" direction="2" spawntime="60" x="2" y="0"/>
<monster name="Plague Spitter" direction="2" spawntime="60" x="3" y="0"/>
<monster name="Flesh Fiend" direction="2" spawntime="60" x="4" y="0"/>
<monster name="Plague Spitter" direction="2" spawntime="60" x="-3" y="1"/>
<monster name="Plague Spitter" direction="2" spawntime="60" x="-2" y="1"/>
<monster name="Flesh Fiend" direction="2" spawntime="60" x="0" y="1"/>
<monster name="Flesh Fiend" direction="2" spawntime="60" x="-3" y="2"/>
</spawn>
<spawn centerx="275" centery="142" centerz="7" radius="5">
<monster name="Giant Spider" direction="2" spawntime="60" x="0" y="-4"/>
<monster name="Old Widow" direction="2" spawntime="60" x="1" y="0"/>
<monster name="Old Widow" direction="2" spawntime="60" x="-1" y="2"/>
<monster name="Old Widow" direction="2" spawntime="60" x="2" y="2"/>
<monster name="Giant Spider" direction="2" spawntime="60" x="0" y="4"/>
</spawn>
<spawn centerx="232" centery="144" centerz="7" radius="5">
<monster name="Merlkin" direction="2" spawntime="60" x="-2" y="0"/>
<monster name="Lizard Sentinel" direction="2" spawntime="60" x="1" y="0"/>
<monster name="Merlkin" direction="2" spawntime="60" x="3" y="0"/>
</spawn>
<spawn centerx="247" centery="144" centerz="7" radius="5">
<monster name="Merlkin" direction="2" spawntime="60" x="2" y="-1"/>
<monster name="Lizard Sentinel" direction="2" spawntime="60" x="-1" y="0"/>
</spawn>
<spawn centerx="787" centery="144" centerz="7" radius="5">
<monster name="Oblivion Badger" direction="2" spawntime="60" x="-1" y="1"/>
</spawn>
<spawn centerx="201" centery="146" centerz="7" radius="5">
<monster name="Lizard Sentinel" direction="2" spawntime="60" x="-1" y="-1"/>
<monster name="Merlkin" direction="2" spawntime="60" x="-1" y="1"/>
<monster name="Lizard Sentinel" direction="2" spawntime="60" x="1" y="2"/>
</spawn>
<spawn centerx="1016" centery="146" centerz="7" radius="5">
<monster name="Ghostly visage" direction="2" spawntime="60" x="1" y="-3"/>
<monster name="Ghostly visage" direction="2" spawntime="60" x="2" y="-3"/>
<monster name="Ghostly visage" direction="2" spawntime="60" x="-1" y="-2"/>
<monster name="Ghostly visage" direction="2" spawntime="60" x="0" y="-2"/>
<monster name="Ghostly visage" direction="2" spawntime="60" x="2" y="-2"/>
<monster name="Ghostly visage" direction="2" spawntime="60" x="-1" y="-1"/>
<monster name="Ghostly visage" direction="2" spawntime="60" x="1" y="-1"/>
<monster name="Ghostly visage" direction="2" spawntime="60" x="-2" y="0"/>
<monster name="Ghostly visage" direction="2" spawntime="60" x="0" y="0"/>
<monster name="Ghostly visage" direction="2" spawntime="60" x="-2" y="1"/>
<monster name="Ghostly visage" direction="2" spawntime="60" x="1" y="2"/>
<monster name="Ghostly visage" direction="2" spawntime="60" x="-2" y="3"/>
<monster name="Ghostly visage" direction="2" spawntime="60" x="0" y="3"/>
<monster name="Ghostly visage" direction="2" spawntime="60" x="1" y="3"/>
</spawn>
<spawn centerx="129" centery="147" centerz="7" radius="12">
<monster name="Demon" direction="2" spawntime="60" x="1" y="-7"/>
<monster name="Demon" direction="2" spawntime="60" x="-3" y="-6"/>
<monster name="Demon" direction="2" spawntime="60" x="6" y="-4"/>
<monster name="Demon" direction="2" spawntime="60" x="-2" y="-1"/>
<monster name="Demon" direction="2" spawntime="60" x="6" y="4"/>
<monster name="Demon" direction="2" spawntime="60" x="-9" y="5"/>
<monster name="Demon" direction="2" spawntime="60" x="3" y="6"/>
<monster name="Demon" direction="2" spawntime="60" x="-6" y="7"/>
<monster name="Demon" direction="2" spawntime="60" x="-1" y="8"/>
</spawn>
<spawn centerx="340" centery="147" centerz="7" radius="5">
<monster name="ultralisk" direction="2" spawntime="20" x="4" y="-1"/>
<monster name="ultralisk" direction="2" spawntime="20" x="-1" y="0"/>
<monster name="ultralisk" direction="2" spawntime="20" x="1" y="0"/>
</spawn>
<spawn centerx="349" centery="147" centerz="7" radius="5">
<monster name="ultralisk" direction="2" spawntime="20" x="2" y="0"/>
</spawn>
<spawn centerx="360" centery="147" centerz="7" radius="5">
<monster name="ultralisk" direction="2" spawntime="20" x="2" y="0"/>
</spawn>
<spawn centerx="624" centery="147" centerz="7" radius="5">
<monster name="Doom Lord" direction="2" spawntime="60" x="1" y="0"/>
</spawn>
<spawn centerx="636" centery="147" centerz="7" radius="5">
<monster name="Doom Lord" direction="2" spawntime="60" x="-1" y="0"/>
</spawn>
<spawn centerx="890" centery="147" centerz="7" radius="5">
<monster name="Demonic Summoner" direction="2" spawntime="60" x="-1" y="-2"/>
<monster name="Demonic Summoner" direction="2" spawntime="60" x="-2" y="-1"/>
<monster name="Demonic Summoner" direction="2" spawntime="60" x="0" y="-1"/>
<monster name="Demonic Summoner" direction="2" spawntime="60" x="4" y="-1"/>
<monster name="Demonic Summoner" direction="2" spawntime="60" x="-2" y="0"/>
<monster name="Demonic Summoner" direction="2" spawntime="60" x="1" y="0"/>
<monster name="Demonic Summoner" direction="2" spawntime="60" x="3" y="0"/>
<monster name="Demonic Summoner" direction="2" spawntime="60" x="-1" y="1"/>
<monster name="Demonic Summoner" direction="2" spawntime="60" x="1" y="1"/>
<monster name="Demonic Summoner" direction="2" spawntime="60" x="3" y="2"/>
</spawn>
<spawn centerx="369" centery="148" centerz="7" radius="5">
<monster name="ultralisk" direction="2" spawntime="20" x="0" y="-1"/>
<monster name="ultralisk" direction="2" spawntime="20" x="3" y="4"/>
</spawn>
<spawn centerx="825" centery="148" centerz="7" radius="5">
<monster name="Skeletor" direction="2" spawntime="60" x="-1" y="-1"/>
</spawn>
<spawn centerx="4974" centery="148" centerz="7" radius="5">
<monster name="Hero" direction="2" spawntime="20" x="-3" y="-2"/>
<monster name="Hero" direction="2" spawntime="20" x="-1" y="-2"/>
<monster name="Hero" direction="2" spawntime="20" x="0" y="-2"/>
<monster name="Hero" direction="2" spawntime="20" x="2" y="-2"/>
<monster name="Hero" direction="2" spawntime="20" x="3" y="-1"/>
<monster name="Hero" direction="2" spawntime="20" x="-4" y="0"/>
<monster name="Hero" direction="2" spawntime="20" x="3" y="0"/>
<monster name="Hero" direction="2" spawntime="20" x="-3" y="1"/>
<monster name="Hero" direction="2" spawntime="20" x="-2" y="1"/>
<monster name="Hero" direction="2" spawntime="20" x="-1" y="1"/>
<monster name="Hero" direction="2" spawntime="20" x="3" y="1"/>
<monster name="Hero" direction="2" spawntime="20" x="0" y="2"/>
<monster name="Hero" direction="2" spawntime="20" x="3" y="2"/>
<monster name="Hero" direction="2" spawntime="20" x="3" y="3"/>
<monster name="Hero" direction="2" spawntime="20" x="3" y="5"/>
</spawn>
<spawn centerx="291" centery="149" centerz="7" radius="5">
<monster name="Giant Spider" direction="2" spawntime="60" x="-2" y="-3"/>
<monster name="Old Widow" direction="2" spawntime="60" x="-1" y="0"/>
<monster name="Old Widow" direction="2" spawntime="60" x="2" y="1"/>
<monster name="Giant Spider" direction="2" spawntime="60" x="0" y="4"/>
</spawn>
<spawn centerx="310" centery="149" centerz="7" radius="5">
<monster name="Giant Spider" direction="2" spawntime="60" x="-3" y="0"/>
<monster name="Old Widow" direction="2" spawntime="60" x="-1" y="0"/>
<monster name="Giant Spider" direction="2" spawntime="60" x="4" y="0"/>
<monster name="Old Widow" direction="2" spawntime="60" x="0" y="3"/>
</spawn>
<spawn centerx="4952" centery="149" centerz="7" radius="5">
<monster name="Hero" direction="2" spawntime="20" x="-4" y="-3"/>
<monster name="Hero" direction="2" spawntime="20" x="0" y="-3"/>
<monster name="Hero" direction="2" spawntime="20" x="3" y="-3"/>
<monster name="Hero" direction="2" spawntime="20" x="-3" y="-2"/>
<monster name="Hero" direction="2" spawntime="20" x="-3" y="0"/>
<monster name="Hero" direction="2" spawntime="20" x="2" y="0"/>
<monster name="Hero" direction="2" spawntime="20" x="3" y="0"/>
<monster name="Hero" direction="2" spawntime="20" x="-4" y="1"/>
<monster name="Hero" direction="2" spawntime="20" x="1" y="1"/>
<monster name="Hero" direction="2" spawntime="20" x="2" y="1"/>
<monster name="Hero" direction="2" spawntime="20" x="-3" y="2"/>
<monster name="Hero" direction="2" spawntime="20" x="-3" y="4"/>
<monster name="Hero" direction="2" spawntime="20" x="0" y="5"/>
<monster name="Hero" direction="2" spawntime="20" x="2" y="5"/>
</spawn>
<spawn centerx="960" centery="150" centerz="7" radius="5">
<monster name="Petrified Hell Hound" direction="2" spawntime="60" x="-1" y="-2"/>
<monster name="Flesh Fiend" direction="2" spawntime="60" x="0" y="-2"/>
<monster name="Petrified Hell Hound" direction="2" spawntime="60" x="1" y="-2"/>
<monster name="Flesh Fiend" direction="2" spawntime="60" x="-1" y="0"/>
<monster name="Flesh Fiend" direction="2" spawntime="60" x="1" y="0"/>
<monster name="Demonic Summoner" direction="2" spawntime="60" x="-2" y="1"/>
<monster name="Petrified Hell Hound" direction="2" spawntime="60" x="-1" y="2"/>
<monster name="Demonic Summoner" direction="2" spawntime="60" x="0" y="2"/>
<monster name="Petrified Hell Hound" direction="2" spawntime="60" x="1" y="2"/>
</spawn>
<spawn centerx="4963" centery="150" centerz="7" radius="5">
<monster name="Hero" direction="2" spawntime="20" x="-2" y="-4"/>
<monster name="Hero" direction="2" spawntime="20" x="0" y="-4"/>
<monster name="Hero" direction="2" spawntime="20" x="2" y="-4"/>
<monster name="Hero" direction="2" spawntime="20" x="-3" y="-1"/>
<monster name="Hero" direction="2" spawntime="20" x="0" y="-1"/>
<monster name="Hero" direction="2" spawntime="20" x="2" y="-1"/>
<monster name="Hero" direction="2" spawntime="20" x="2" y="0"/>
<monster name="Hero" direction="2" spawntime="20" x="-3" y="1"/>
<monster name="Hero" direction="2" spawntime="20" x="-2" y="2"/>
<monster name="Hero" direction="2" spawntime="20" x="0" y="2"/>
<monster name="Hero" direction="2" spawntime="20" x="2" y="2"/>
<monster name="Hero" direction="2" spawntime="20" x="-2" y="4"/>
<monster name="Hero" direction="2" spawntime="20" x="-1" y="4"/>
<monster name="Hero" direction="2" spawntime="20" x="2" y="4"/>
</spawn>
<spawn centerx="799" centery="151" centerz="7" radius="5">
<monster name="Petrified Hell Hound" direction="2" spawntime="60" x="0" y="-4"/>
<monster name="Petrified Hell Hound" direction="2" spawntime="60" x="1" y="-4"/>
<monster name="Petrified Hell Hound" direction="2" spawntime="60" x="0" y="-3"/>
<monster name="Petrified Hell Hound" direction="2" spawntime="60" x="0" y="-2"/>
<monster name="Petrified Hell Hound" direction="2" spawntime="60" x="1" y="-2"/>
<monster name="Petrified Hell Hound" direction="2" spawntime="60" x="0" y="-1"/>
<monster name="Petrified Hell Hound" direction="2" spawntime="60" x="1" y="-1"/>
<monster name="Petrified Hell Hound" direction="2" spawntime="60" x="0" y="0"/>
<monster name="Petrified Hell Hound" direction="2" spawntime="60" x="0" y="1"/>
<monster name="Petrified Hell Hound" direction="2" spawntime="60" x="1" y="1"/>
<monster name="Petrified Hell Hound" direction="2" spawntime="60" x="0" y="2"/>
<monster name="Petrified Hell Hound" direction="2" spawntime="60" x="1" y="2"/>
</spawn>
<spawn centerx="28" centery="152" centerz="7" radius="5">
<monster name="Hydra" direction="2" spawntime="60" x="-2" y="-3"/>
<monster name="Hydra" direction="2" spawntime="60" x="-3" y="-1"/>
<monster name="Hydra" direction="2" spawntime="60" x="4" y="-1"/>
<monster name="Hydra" direction="2" spawntime="60" x="-1" y="0"/>
</spawn>
<spawn centerx="37" centery="152" centerz="7" radius="5">
<monster name="Hydra" direction="2" spawntime="60" x="5" y="-1"/>
<monster name="Hydra" direction="2" spawntime="60" x="-2" y="0"/>
<monster name="Hydra" direction="2" spawntime="60" x="0" y="1"/>
<monster name="Hydra" direction="2" spawntime="60" x="-2" y="2"/>
<monster name="Hydra" direction="2" spawntime="60" x="3" y="2"/>
<monster name="Hydra" direction="2" spawntime="60" x="5" y="3"/>
</spawn>
<spawn centerx="45" centery="152" centerz="7" radius="5">
<monster name="Hydra" direction="2" spawntime="60" x="-2" y="-1"/>
<monster name="Hydra" direction="2" spawntime="60" x="1" y="1"/>
<monster name="Hydra" direction="2" spawntime="60" x="4" y="1"/>
<monster name="Hydra" direction="2" spawntime="60" x="2" y="2"/>
</spawn>
<spawn centerx="257" centery="152" centerz="7" radius="5">
<monster name="Lizard Sentinel" direction="2" spawntime="60" x="-1" y="1"/>
<monster name="Lizard Sentinel" direction="2" spawntime="60" x="1" y="1"/>
<monster name="Merlkin" direction="2" spawntime="60" x="2" y="1"/>
</spawn>
<spawn centerx="470" centery="152" centerz="7" radius="5">
<monster name="Petrified Hell Hound" direction="2" spawntime="60" x="-1" y="-2"/>
<monster name="Petrified Hell Hound" direction="2" spawntime="60" x="0" y="-2"/>
<monster name="Petrified Hell Hound" direction="2" spawntime="60" x="2" y="-2"/>
<monster name="Petrified Hell Hound" direction="2" spawntime="60" x="-2" y="2"/>
<monster name="Petrified Hell Hound" direction="2" spawntime="60" x="2" y="2"/>
<monster name="Petrified Hell Hound" direction="2" spawntime="60" x="0" y="3"/>
</spawn>
<spawn centerx="486" centery="152" centerz="7" radius="5">
<monster name="Plague Spitter" direction="2" spawntime="60" x="-3" y="-3"/>
<monster name="Plague Spitter" direction="2" spawntime="60" x="1" y="-3"/>
<monster name="Plague Spitter" direction="2" spawntime="60" x="-2" y="2"/>
<monster name="Plague Spitter" direction="2" spawntime="60" x="1" y="2"/>
</spawn>
<spawn centerx="843" centery="152" centerz="7" radius="5">
<monster name="Petrified Hell Hound" direction="2" spawntime="60" x="-4" y="0"/>
<monster name="Petrified Hell Hound" direction="2" spawntime="60" x="-2" y="0"/>
<monster name="Petrified Hell Hound" direction="2" spawntime="60" x="0" y="0"/>
<monster name="Petrified Hell Hound" direction="2" spawntime="60" x="2" y="0"/>
<monster name="Petrified Hell Hound" direction="2" spawntime="60" x="3" y="0"/>
<monster name="Petrified Hell Hound" direction="2" spawntime="60" x="4" y="0"/>
<monster name="Petrified Hell Hound" direction="2" spawntime="60" x="-3" y="1"/>
<monster name="Petrified Hell Hound" direction="2" spawntime="60" x="-1" y="1"/>
<monster name="Petrified Hell Hound" direction="2" spawntime="60" x="0" y="1"/>
<monster name="Petrified Hell Hound" direction="2" spawntime="60" x="1" y="1"/>
<monster name="Petrified Hell Hound" direction="2" spawntime="60" x="3" y="1"/>
</spawn>
<spawn centerx="915" centery="152" centerz="7" radius="5">
<monster name="Ancient Necropharus" direction="2" spawntime="60" x="-1" y="-1"/>
<monster name="Ancient Necropharus" direction="2" spawntime="60" x="0" y="-1"/>
<monster name="Ancient Necropharus" direction="2" spawntime="60" x="1" y="-1"/>
<monster name="Ancient Necropharus" direction="2" spawntime="60" x="0" y="1"/>
</spawn>
<spawn centerx="341" centery="153" centerz="7" radius="5">
<monster name="ultralisk" direction="2" spawntime="20" x="-1" y="0"/>
<monster name="ultralisk" direction="2" spawntime="20" x="-2" y="2"/>
</spawn>
<spawn centerx="541" centery="153" centerz="7" radius="5">
<monster name="Petrified Hell Hound" direction="2" spawntime="60" x="-1" y="-3"/>
<monster name="Petrified Hell Hound" direction="2" spawntime="60" x="1" y="-2"/>
<monster name="Petrified Hell Hound" direction="2" spawntime="60" x="-1" y="-1"/>
<monster name="Flesh Fiend" direction="2" spawntime="60" x="0" y="3"/>
<monster name="Flesh Fiend" direction="2" spawntime="60" x="-1" y="4"/>
<monster name="Flesh Fiend" direction="2" spawntime="60" x="1" y="4"/>
</spawn>
<spawn centerx="616" centery="153" centerz="7" radius="5">
<monster name="Doom Lord" direction="2" spawntime="60" x="1" y="0"/>
</spawn>
<spawn centerx="222" centery="154" centerz="7" radius="5">
<monster name="Merlkin" direction="2" spawntime="60" x="-2" y="-2"/>
<monster name="Lizard Sentinel" direction="2" spawntime="60" x="1" y="-1"/>
<monster name="Lizard Sentinel" direction="2" spawntime="60" x="-1" y="1"/>
<monster name="Merlkin" direction="2" spawntime="60" x="1" y="2"/>
</spawn>
<spawn centerx="372" centery="154" centerz="7" radius="5">
<monster name="ultralisk" direction="2" spawntime="20" x="-1" y="1"/>
</spawn>
<spawn centerx="420" centery="154" centerz="7" radius="6">
<monster name="Plague Spitter" direction="2" spawntime="60" x="-3" y="-4"/>
<monster name="Vlad Tepes" direction="2" spawntime="60" x="-1" y="-4"/>
<monster name="Hell screamer" direction="2" spawntime="60" x="0" y="-3"/>
<monster name="Ghostly visage" direction="2" spawntime="60" x="-1" y="-2"/>
<monster name="Plague Spitter" direction="2" spawntime="60" x="2" y="-2"/>
<monster name="Plague Spitter" direction="2" spawntime="60" x="-3" y="2"/>
<monster name="Hell screamer" direction="2" spawntime="60" x="0" y="2"/>
<monster name="Vlad Tepes" direction="2" spawntime="60" x="-2" y="3"/>
<monster name="Ghostly visage" direction="2" spawntime="60" x="1" y="3"/>
<monster name="Plague Spitter" direction="2" spawntime="60" x="3" y="3"/>
</spawn>
<spawn centerx="983" centery="154" centerz="7" radius="5">
<monster name="oblivion dragon" direction="2" spawntime="60" x="1" y="1"/>
</spawn>
<spawn centerx="207" centery="155" centerz="7" radius="5">
<monster name="Lizard Sentinel" direction="2" spawntime="60" x="1" y="-2"/>
<monster name="Lizard Sentinel" direction="2" spawntime="60" x="-1" y="0"/>
<monster name="Merlkin" direction="2" spawntime="60" x="1" y="2"/>
</spawn>
<spawn centerx="236" centery="155" centerz="7" radius="5">
<monster name="Lizard Sentinel" direction="2" spawntime="60" x="5" y="-2"/>
<monster name="Lizard Sentinel" direction="2" spawntime="60" x="-1" y="-1"/>
<monster name="Lizard Sentinel" direction="2" spawntime="60" x="0" y="1"/>
</spawn>
<spawn centerx="245" centery="155" centerz="7" radius="5">
<monster name="Lizard Sentinel" direction="2" spawntime="60" x="-1" y="-1"/>
<monster name="Lizard Sentinel" direction="2" spawntime="60" x="1" y="1"/>
</spawn>
<spawn centerx="630" centery="155" centerz="7" radius="5">
<monster name="Doom Lord" direction="2" spawntime="60" x="-1" y="-1"/>
<monster name="Doom Lord" direction="2" spawntime="60" x="1" y="-1"/>
</spawn>
<spawn centerx="817" centery="157" centerz="7" radius="5">
<monster name="Flesh Fiend" direction="2" spawntime="60" x="2" y="-4"/>
<monster name="Flesh Fiend" direction="2" spawntime="60" x="1" y="-3"/>
<monster name="Flesh Fiend" direction="2" spawntime="60" x="0" y="-1"/>
<monster name="Flesh Fiend" direction="2" spawntime="60" x="0" y="1"/>
<monster name="Flesh Fiend" direction="2" spawntime="60" x="0" y="2"/>
<monster name="Flesh Fiend" direction="2" spawntime="60" x="1" y="3"/>
<monster name="Flesh Fiend" direction="2" spawntime="60" x="0" y="4"/>
</spawn>
<spawn centerx="4952" centery="157" centerz="7" radius="5">
<monster name="Hero" direction="2" spawntime="20" x="-3" y="-2"/>
<monster name="Hero" direction="2" spawntime="20" x="1" y="-1"/>
<monster name="Hero" direction="2" spawntime="20" x="3" y="-1"/>
<monster name="Hero" direction="2" spawntime="20" x="-3" y="0"/>
<monster name="Hero" direction="2" spawntime="20" x="-3" y="1"/>
<monster name="Hero" direction="2" spawntime="20" x="3" y="2"/>
<monster name="Hero" direction="2" spawntime="20" x="4" y="2"/>
<monster name="Hero" direction="2" spawntime="20" x="-3" y="3"/>
<monster name="Hero" direction="2" spawntime="20" x="-1" y="3"/>
<monster name="Hero" direction="2" spawntime="20" x="1" y="3"/>
</spawn>
<spawn centerx="4975" centery="157" centerz="7" radius="5">
<monster name="Hero" direction="2" spawntime="20" x="-1" y="-3"/>
<monster name="Hero" direction="2" spawntime="20" x="2" y="-2"/>
<monster name="Hero" direction="2" spawntime="20" x="-1" y="-1"/>
<monster name="Hero" direction="2" spawntime="20" x="-3" y="0"/>
<monster name="Hero" direction="2" spawntime="20" x="2" y="0"/>
<monster name="Hero" direction="2" spawntime="20" x="-2" y="2"/>
<monster name="Hero" direction="2" spawntime="20" x="2" y="2"/>
<monster name="Hero" direction="2" spawntime="20" x="-1" y="3"/>
<monster name="Hero" direction="2" spawntime="20" x="1" y="3"/>
<monster name="Hero" direction="2" spawntime="20" x="0" y="4"/>
</spawn>
<spawn centerx="24" centery="159" centerz="7" radius="5">
<monster name="Hydra" direction="2" spawntime="60" x="0" y="-1"/>
<monster name="Hydra" direction="2" spawntime="60" x="1" y="-1"/>
</spawn>
<spawn centerx="4963" centery="159" centerz="7" radius="5">
<monster name="Hero" direction="2" spawntime="20" x="-2" y="-3"/>
<monster name="Hero" direction="2" spawntime="20" x="0" y="-3"/>
<monster name="Hero" direction="2" spawntime="20" x="2" y="-3"/>
<monster name="Hero" direction="2" spawntime="20" x="4" y="0"/>
<monster name="Hero" direction="2" spawntime="20" x="3" y="1"/>
<monster name="Hero" direction="2" spawntime="20" x="-3" y="2"/>
<monster name="Hero" direction="2" spawntime="20" x="0" y="2"/>
<monster name="Hero" direction="2" spawntime="60" x="4" y="5"/>
</spawn>
<spawn centerx="905" centery="160" centerz="7" radius="5">
<monster name="Plague Spitter" direction="2" spawntime="60" x="-2" y="-3"/>
<monster name="Plague Spitter" direction="2" spawntime="60" x="0" y="-3"/>
<monster name="Plague Spitter" direction="2" spawntime="60" x="1" y="-2"/>
<monster name="Plague Spitter" direction="2" spawntime="60" x="-2" y="-1"/>
<monster name="Plague Spitter" direction="2" spawntime="60" x="0" y="-1"/>
<monster name="Plague Spitter" direction="2" spawntime="60" x="-2" y="1"/>
<monster name="Plague Spitter" direction="2" spawntime="60" x="0" y="1"/>
<monster name="Plague Spitter" direction="2" spawntime="60" x="1" y="1"/>
<monster name="Plague Spitter" direction="2" spawntime="60" x="0" y="3"/>
<monster name="Plague Spitter" direction="2" spawntime="60" x="1" y="3"/>
</spawn>
<spawn centerx="793" centery="161" centerz="7" radius="5">
<monster name="Plague Spitter" direction="2" spawntime="60" x="2" y="-3"/>
<monster name="Plague Spitter" direction="2" spawntime="60" x="3" y="-3"/>
<monster name="Demonic Summoner" direction="2" spawntime="60" x="1" y="-2"/>
<monster name="Plague Spitter" direction="2" spawntime="60" x="3" y="-2"/>
<monster name="Plague Spitter" direction="2" spawntime="60" x="1" y="-1"/>
<monster name="Plague Spitter" direction="2" spawntime="60" x="2" y="-1"/>
<monster name="Demonic Summoner" direction="2" spawntime="60" x="-1" y="0"/>
<monster name="Plague Spitter" direction="2" spawntime="60" x="-1" y="1"/>
<monster name="Demonic Summoner" direction="2" spawntime="60" x="0" y="1"/>
<monster name="Demonic Summoner" direction="2" spawntime="60" x="-2" y="2"/>
<monster name="Plague Spitter" direction="2" spawntime="60" x="-3" y="3"/>
</spawn>
<spawn centerx="867" centery="163" centerz="7" radius="5">
<monster name="Demonic Acolyte" direction="2" spawntime="60" x="-1" y="0"/>
</spawn>
<spawn centerx="53" centery="164" centerz="7" radius="5">
<monster name="Hydra" direction="2" spawntime="60" x="-1" y="-1"/>
<monster name="Hydra" direction="2" spawntime="60" x="1" y="1"/>
<monster name="Hydra" direction="2" spawntime="60" x="-1" y="2"/>
</spawn>
<spawn centerx="256" centery="164" centerz="7" radius="5">
<monster name="Merlkin" direction="2" spawntime="60" x="-1" y="-2"/>
<monster name="Lizard Sentinel" direction="2" spawntime="60" x="1" y="1"/>
<monster name="Lizard Sentinel" direction="2" spawntime="60" x="0" y="2"/>
</spawn>
<spawn centerx="933" centery="164" centerz="7" radius="5">
<monster name="Flesh Fiend" direction="2" spawntime="60" x="-4" y="-2"/>
<monster name="Flesh Fiend" direction="2" spawntime="60" x="-3" y="-1"/>
<monster name="Flesh Fiend" direction="2" spawntime="60" x="-2" y="-1"/>
<monster name="Flesh Fiend" direction="2" spawntime="60" x="1" y="-1"/>
<monster name="Flesh Fiend" direction="2" spawntime="60" x="-2" y="0"/>
<monster name="Flesh Fiend" direction="2" spawntime="60" x="2" y="0"/>
<monster name="Flesh Fiend" direction="2" spawntime="60" x="-4" y="1"/>
<monster name="Flesh Fiend" direction="2" spawntime="60" x="-2" y="1"/>
<monster name="Flesh Fiend" direction="2" spawntime="60" x="0" y="1"/>
<monster name="Flesh Fiend" direction="2" spawntime="60" x="1" y="1"/>
<monster name="Flesh Fiend" direction="2" spawntime="60" x="3" y="1"/>
<monster name="Flesh Fiend" direction="2" spawntime="60" x="1" y="2"/>
<monster name="Flesh Fiend" direction="2" spawntime="60" x="3" y="3"/>
</spawn>
<spawn centerx="4956" centery="164" centerz="7" radius="5">
<monster name="Hero" direction="2" spawntime="60" x="0" y="0"/>
</spawn>
<spawn centerx="220" centery="165" centerz="7" radius="5">
<monster name="Lizard Sentinel" direction="2" spawntime="60" x="-2" y="-2"/>
<monster name="Merlkin" direction="2" spawntime="60" x="-1" y="-1"/>
<monster name="Lizard Sentinel" direction="2" spawntime="60" x="-2" y="2"/>
<monster name="Lizard Sentinel" direction="2" spawntime="60" x="3" y="2"/>
</spawn>
<spawn centerx="430" centery="165" centerz="7" radius="6">
<monster name="Petrified Hell Hound" direction="2" spawntime="60" x="0" y="-2"/>
<monster name="Petrified Hell Hound" direction="2" spawntime="60" x="1" y="1"/>
<monster name="Petrified Hell Hound" direction="2" spawntime="60" x="5" y="2"/>
<monster name="Petrified Hell Hound" direction="2" spawntime="60" x="6" y="3"/>
<monster name="Petrified Hell Hound" direction="2" spawntime="60" x="-2" y="3"/>
<monster name="Petrified Hell Hound" direction="2" spawntime="60" x="1" y="4"/>
</spawn>
<spawn centerx="499" centery="165" centerz="7" radius="5">
<monster name="fire storm" direction="2" spawntime="60" x="-3" y="-4"/>
<monster name="fire storm" direction="2" spawntime="60" x="1" y="-4"/>
<monster name="fire storm" direction="2" spawntime="60" x="-3" y="-3"/>
<monster name="fire storm" direction="2" spawntime="60" x="1" y="-3"/>
<monster name="fire storm" direction="2" spawntime="60" x="-3" y="-2"/>
<monster name="fire storm" direction="2" spawntime="60" x="1" y="-2"/>
<monster name="fire storm" direction="2" spawntime="60" x="-3" y="-1"/>
<monster name="fire storm" direction="2" spawntime="60" x="1" y="-1"/>
<monster name="fire storm" direction="2" spawntime="60" x="-3" y="0"/>
<monster name="fire storm" direction="2" spawntime="60" x="1" y="0"/>
<monster name="fire storm" direction="2" spawntime="60" x="0" y="1"/>
</spawn>
<spawn centerx="504" centery="165" centerz="7" radius="5">
<monster name="Doom Lord" direction="2" spawntime="60" x="2" y="-2"/>
<monster name="Doom Lord" direction="2" spawntime="60" x="4" y="0"/>
<monster name="fire storm" direction="2" spawntime="60" x="1" y="1"/>
<monster name="Doom Lord" direction="2" spawntime="60" x="3" y="2"/>
</spawn>
<spawn centerx="513" centery="165" centerz="7" radius="5">
<monster name="Doom Lord" direction="2" spawntime="60" x="2" y="-2"/>
<monster name="fire storm" direction="2" spawntime="60" x="3" y="-2"/>
<monster name="Doom Lord" direction="2" spawntime="60" x="3" y="0"/>
<monster name="fire storm" direction="2" spawntime="60" x="2" y="1"/>
<monster name="fire storm" direction="2" spawntime="60" x="-2" y="2"/>
<monster name="Doom Lord" direction="2" spawntime="60" x="3" y="3"/>
</spawn>
<spawn centerx="528" centery="165" centerz="7" radius="5">
<monster name="Vlad Tepes" direction="2" spawntime="60" x="-2" y="-3"/>
<monster name="Vlad Tepes" direction="2" spawntime="60" x="-3" y="-2"/>
<monster name="Vlad Tepes" direction="2" spawntime="60" x="2" y="-2"/>
<monster name="Vlad Tepes" direction="2" spawntime="60" x="3" y="-1"/>
<monster name="Vlad Tepes" direction="2" spawntime="60" x="-3" y="0"/>
<monster name="Vlad Tepes" direction="2" spawntime="60" x="-2" y="0"/>
<monster name="Vlad Tepes" direction="2" spawntime="60" x="1" y="0"/>
<monster name="Vlad Tepes" direction="2" spawntime="60" x="-4" y="1"/>
<monster name="Vlad Tepes" direction="2" spawntime="60" x="3" y="1"/>
<monster name="Vlad Tepes" direction="2" spawntime="60" x="4" y="1"/>
<monster name="Vlad Tepes" direction="2" spawntime="60" x="-2" y="2"/>
<monster name="Vlad Tepes" direction="2" spawntime="60" x="2" y="2"/>
<monster name="Vlad Tepes" direction="2" spawntime="60" x="-3" y="3"/>
<monster name="Vlad Tepes" direction="2" spawntime="60" x="1" y="3"/>
</spawn>
<spawn centerx="25" centery="166" centerz="7" radius="5">
<monster name="Hydra" direction="2" spawntime="60" x="0" y="-1"/>
<monster name="Hydra" direction="2" spawntime="60" x="-1" y="0"/>
</spawn>
<spawn centerx="42" centery="166" centerz="7" radius="5">
<monster name="Hydra" direction="2" spawntime="60" x="0" y="-2"/>
<monster name="Hydra" direction="2" spawntime="60" x="-1" y="0"/>
<monster name="Hydra" direction="2" spawntime="60" x="1" y="0"/>
<monster name="Hydra" direction="2" spawntime="60" x="0" y="1"/>
</spawn>
<spawn centerx="208" centery="166" centerz="7" radius="5">
<monster name="Lizard Sentinel" direction="2" spawntime="60" x="-3" y="-3"/>
<monster name="Lizard Sentinel" direction="2" spawntime="60" x="-2" y="-1"/>
<monster name="Merlkin" direction="2" spawntime="60" x="-2" y="1"/>
<monster name="Merlkin" direction="2" spawntime="60" x="2" y="3"/>
</spawn>
<spawn centerx="232" centery="166" centerz="7" radius="5">
<monster name="Lizard Sentinel" direction="2" spawntime="60" x="-3" y="-2"/>
<monster name="Merlkin" direction="2" spawntime="60" x="1" y="-1"/>
<monster name="Merlkin" direction="2" spawntime="60" x="-1" y="1"/>
<monster name="Lizard Sentinel" direction="2" spawntime="60" x="1" y="3"/>
</spawn>
<spawn centerx="244" centery="166" centerz="7" radius="5">
<monster name="Merlkin" direction="2" spawntime="60" x="2" y="-2"/>
<monster name="Lizard Sentinel" direction="2" spawntime="60" x="-2" y="1"/>
<monster name="Lizard Sentinel" direction="2" spawntime="60" x="1" y="2"/>
<monster name="Merlkin" direction="2" spawntime="60" x="3" y="2"/>
</spawn>
<spawn centerx="438" centery="166" centerz="7" radius="5">
<monster name="Petrified Hell Hound" direction="2" spawntime="60" x="1" y="-1"/>
<monster name="Petrified Hell Hound" direction="2" spawntime="60" x="5" y="-1"/>
</spawn>
<spawn centerx="445" centery="166" centerz="7" radius="5">
<monster name="Petrified Hell Hound" direction="2" spawntime="60" x="0" y="0"/>
</spawn>
<spawn centerx="455" centery="166" centerz="7" radius="5">
<monster name="Flesh Fiend" direction="2" spawntime="60" x="-2" y="-3"/>
<monster name="Flesh Fiend" direction="2" spawntime="60" x="-1" y="2"/>
</spawn>
<spawn centerx="464" centery="166" centerz="7" radius="5">
<monster name="Plague Spitter" direction="2" spawntime="60" x="-1" y="-2"/>
<monster name="Plague Spitter" direction="2" spawntime="60" x="1" y="-2"/>
<monster name="Plague Spitter" direction="2" spawntime="60" x="1" y="1"/>
<monster name="Plague Spitter" direction="2" spawntime="60" x="-1" y="1"/>
<monster name="Plague Spitter" direction="2" spawntime="60" x="3" y="2"/>
<monster name="Plague Spitter" direction="2" spawntime="60" x="-3" y="2"/>
<monster name="Plague Spitter" direction="2" spawntime="60" x="-3" y="-1"/>
<monster name="Plague Spitter" direction="2" spawntime="60" x="3" y="-1"/>
<monster name="Plague Spitter" direction="2" spawntime="60" x="1" y="3"/>
<monster name="Plague Spitter" direction="2" spawntime="60" x="-1" y="3"/>
<monster name="Plague Spitter" direction="2" spawntime="60" x="3" y="-4"/>
<monster name="Plague Spitter" direction="2" spawntime="60" x="-3" y="-4"/>
</spawn>
<spawn centerx="473" centery="166" centerz="7" radius="5">
<monster name="Plague Spitter" direction="2" spawntime="60" x="-2" y="-2"/>
<monster name="Plague Spitter" direction="2" spawntime="60" x="1" y="-2"/>
<monster name="Nefarious Acolyte" direction="2" spawntime="60" x="0" y="-1"/>
<monster name="Plague Spitter" direction="2" spawntime="60" x="1" y="0"/>
<monster name="Plague Spitter" direction="2" spawntime="60" x="-2" y="1"/>
<monster name="Plague Spitter" direction="2" spawntime="60" x="1" y="2"/>
<monster name="Plague Spitter" direction="2" spawntime="60" x="-2" y="3"/>
<monster name="Plague Spitter" direction="2" spawntime="60" x="-1" y="3"/>
<monster name="Plague Spitter" direction="2" spawntime="60" x="2" y="3"/>
</spawn>
<spawn centerx="959" centery="166" centerz="7" radius="5">
<monster name="Skeletor" direction="2" spawntime="60" x="0" y="0"/>
</spawn>
<spawn centerx="887" centery="168" centerz="7" radius="10">
<monster name="Petrified Hell Hound" direction="2" spawntime="60" x="-8" y="-1"/>
<monster name="Petrified Hell Hound" direction="2" spawntime="60" x="-7" y="-1"/>
<monster name="Petrified Hell Hound" direction="2" spawntime="60" x="-5" y="-1"/>
<monster name="Flesh Fiend" direction="2" spawntime="60" x="-1" y="-1"/>
<monster name="Petrified Hell Hound" direction="2" spawntime="60" x="1" y="-1"/>
<monster name="Flesh Fiend" direction="2" spawntime="60" x="2" y="-1"/>
<monster name="Plague Spitter" direction="2" spawntime="60" x="3" y="-1"/>
<monster name="Petrified Hell Hound" direction="2" spawntime="60" x="5" y="-1"/>
<monster name="Plague Spitter" direction="2" spawntime="60" x="6" y="-1"/>
<monster name="Petrified Hell Hound" direction="2" spawntime="60" x="7" y="-1"/>
<monster name="Flesh Fiend" direction="2" spawntime="60" x="-6" y="0"/>
<monster name="Plague Spitter" direction="2" spawntime="60" x="-5" y="0"/>
<monster name="Petrified Hell Hound" direction="2" spawntime="60" x="-4" y="0"/>
<monster name="Flesh Fiend" direction="2" spawntime="60" x="-3" y="0"/>
<monster name="Petrified Hell Hound" direction="2" spawntime="60" x="-2" y="0"/>
<monster name="Captain Jack" direction="2" spawntime="60" x="0" y="0"/>
<monster name="Petrified Hell Hound" direction="2" spawntime="60" x="-8" y="1"/>
<monster name="Petrified Hell Hound" direction="2" spawntime="60" x="-7" y="1"/>
<monster name="Petrified Hell Hound" direction="2" spawntime="60" x="-4" y="1"/>
<monster name="Petrified Hell Hound" direction="2" spawntime="60" x="-2" y="1"/>
<monster name="Plague Spitter" direction="2" spawntime="60" x="-1" y="1"/>
<monster name="Flesh Fiend" direction="2" spawntime="60" x="0" y="1"/>
<monster name="Petrified Hell Hound" direction="2" spawntime="60" x="1" y="1"/>
<monster name="Plague Spitter" direction="2" spawntime="60" x="2" y="1"/>
<monster name="Petrified Hell Hound" direction="2" spawntime="60" x="3" y="1"/>
<monster name="Petrified Hell Hound" direction="2" spawntime="60" x="4" y="1"/>
<monster name="Flesh Fiend" direction="2" spawntime="60" x="5" y="1"/>
<monster name="Petrified Hell Hound" direction="2" spawntime="60" x="6" y="1"/>
<monster name="Petrified Hell Hound" direction="2" spawntime="60" x="8" y="1"/>
<monster name="Flesh Fiend" direction="2" spawntime="60" x="-6" y="2"/>
<monster name="Petrified Hell Hound" direction="2" spawntime="60" x="-5" y="2"/>
<monster name="Petrified Hell Hound" direction="2" spawntime="60" x="4" y="2"/>
<monster name="Plague Spitter" direction="2" spawntime="60" x="7" y="2"/>
</spawn>
<spawn centerx="1024" centery="170" centerz="7" radius="5">
<monster name="Demonic Summoner" direction="2" spawntime="60" x="-2" y="-2"/>
<monster name="Demonic Summoner" direction="2" spawntime="60" x="0" y="-2"/>
<monster name="Demonic Summoner" direction="2" spawntime="60" x="1" y="-2"/>
<monster name="Demonic Summoner" direction="2" spawntime="60" x="-1" y="-1"/>
<monster name="Demonic Summoner" direction="2" spawntime="60" x="1" y="0"/>
<monster name="Demonic Summoner" direction="2" spawntime="60" x="1" y="1"/>
<monster name="Demonic Summoner" direction="2" spawntime="60" x="-1" y="2"/>
<monster name="Demonic Summoner" direction="2" spawntime="60" x="0" y="3"/>
</spawn>
<spawn centerx="830" centery="172" centerz="7" radius="5">
<monster name="Hell screamer" direction="2" spawntime="60" x="-3" y="-4"/>
<monster name="Hell screamer" direction="2" spawntime="60" x="-1" y="-3"/>
<monster name="Hell screamer" direction="2" spawntime="60" x="-1" y="-2"/>
<monster name="Flesh Fiend" direction="2" spawntime="60" x="0" y="-1"/>
<monster name="Ancient Necropharus" direction="2" spawntime="60" x="-1" y="0"/>
<monster name="Doom Lord" direction="2" spawntime="60" x="-1" y="1"/>
<monster name="Flesh Fiend" direction="2" spawntime="60" x="0" y="1"/>
<monster name="Flesh Fiend" direction="2" spawntime="60" x="1" y="2"/>
<monster name="Flesh Fiend" direction="2" spawntime="60" x="0" y="3"/>
<monster name="Flesh Fiend" direction="2" spawntime="60" x="0" y="5"/>
</spawn>
<spawn centerx="849" centery="172" centerz="7" radius="5">
<monster name="Plague Spitter" direction="2" spawntime="60" x="0" y="-3"/>
<monster name="Plague Spitter" direction="2" spawntime="60" x="1" y="-3"/>
<monster name="Plague Spitter" direction="2" spawntime="60" x="2" y="-3"/>
<monster name="Plague Spitter" direction="2" spawntime="60" x="3" y="-3"/>
<monster name="Plague Spitter" direction="2" spawntime="60" x="1" y="-2"/>
<monster name="Plague Spitter" direction="2" spawntime="60" x="0" y="-1"/>
<monster name="Plague Spitter" direction="2" spawntime="60" x="2" y="-1"/>
<monster name="Plague Spitter" direction="2" spawntime="60" x="-1" y="0"/>
<monster name="Plague Spitter" direction="2" spawntime="60" x="1" y="0"/>
<monster name="Plague Spitter" direction="2" spawntime="60" x="-1" y="1"/>
<monster name="Plague Spitter" direction="2" spawntime="60" x="1" y="1"/>
<monster name="Plague Spitter" direction="2" spawntime="60" x="-2" y="2"/>
<monster name="Plague Spitter" direction="2" spawntime="60" x="0" y="2"/>
<monster name="Plague Spitter" direction="2" spawntime="60" x="-2" y="3"/>
<monster name="Plague Spitter" direction="2" spawntime="60" x="0" y="3"/>
<monster name="Plague Spitter" direction="2" spawntime="60" x="-2" y="4"/>
<monster name="Plague Spitter" direction="2" spawntime="60" x="0" y="4"/>
</spawn>
<spawn centerx="25" centery="174" centerz="7" radius="5">
<monster name="Hydra" direction="2" spawntime="60" x="-1" y="-1"/>
<monster name="Hydra" direction="2" spawntime="60" x="-4" y="0"/>
<monster name="Hydra" direction="2" spawntime="60" x="-1" y="1"/>
</spawn>
<spawn centerx="48" centery="175" centerz="7" radius="5">
<monster name="Hydra" direction="2" spawntime="60" x="-1" y="-1"/>
<monster name="Hydra" direction="2" spawntime="60" x="3" y="0"/>
<monster name="Hydra" direction="2" spawntime="60" x="1" y="1"/>
</spawn>
<spawn centerx="34" centery="177" centerz="7" radius="5">
<monster name="Hydra" direction="2" spawntime="60" x="-2" y="1"/>
<monster name="Hydra" direction="2" spawntime="60" x="-3" y="2"/>
<monster name="Hydra" direction="2" spawntime="60" x="-2" y="2"/>
</spawn>
<spawn centerx="945" centery="177" centerz="7" radius="5">
<monster name="Petrified Hell Hound" direction="2" spawntime="60" x="-2" y="-4"/>
<monster name="Petrified Hell Hound" direction="2" spawntime="60" x="-1" y="-3"/>
<monster name="Petrified Hell Hound" direction="2" spawntime="60" x="1" y="-3"/>
<monster name="Petrified Hell Hound" direction="2" spawntime="60" x="-1" y="-2"/>
<monster name="Petrified Hell Hound" direction="2" spawntime="60" x="0" y="-2"/>
<monster name="Petrified Hell Hound" direction="2" spawntime="60" x="-2" y="-1"/>
<monster name="Petrified Hell Hound" direction="2" spawntime="60" x="1" y="-1"/>
<monster name="Petrified Hell Hound" direction="2" spawntime="60" x="-1" y="0"/>
<monster name="Petrified Hell Hound" direction="2" spawntime="60" x="1" y="1"/>
<monster name="Petrified Hell Hound" direction="2" spawntime="60" x="0" y="2"/>
<monster name="Petrified Hell Hound" direction="2" spawntime="60" x="1" y="2"/>
<monster name="Petrified Hell Hound" direction="2" spawntime="60" x="1" y="3"/>
<monster name="Petrified Hell Hound" direction="2" spawntime="60" x="-1" y="4"/>
<monster name="Petrified Hell Hound" direction="2" spawntime="60" x="0" y="4"/>
</spawn>
<spawn centerx="791" centery="178" centerz="7" radius="5">
<monster name="Ghostly visage" direction="2" spawntime="60" x="-3" y="-4"/>
<monster name="Ghostly visage" direction="2" spawntime="60" x="-4" y="-3"/>
<monster name="Ghostly visage" direction="2" spawntime="60" x="-3" y="-3"/>
<monster name="Ghostly visage" direction="2" spawntime="60" x="-4" y="-2"/>
<monster name="Ghostly visage" direction="2" spawntime="60" x="-3" y="-2"/>
<monster name="Ghostly visage" direction="2" spawntime="60" x="-1" y="-2"/>
<monster name="Ghostly visage" direction="2" spawntime="60" x="0" y="-2"/>
<monster name="Ghostly visage" direction="2" spawntime="60" x="-2" y="-1"/>
<monster name="Ancient Necropharus" direction="2" spawntime="60" x="-1" y="-1"/>
<monster name="Ghostly visage" direction="2" spawntime="60" x="0" y="-1"/>
<monster name="Ghostly visage" direction="2" spawntime="60" x="1" y="-1"/>
<monster name="Ancient Necropharus" direction="2" spawntime="60" x="1" y="0"/>
<monster name="Ghostly visage" direction="2" spawntime="60" x="1" y="1"/>
<monster name="Ghostly visage" direction="2" spawntime="60" x="2" y="1"/>
<monster name="Ghostly visage" direction="2" spawntime="60" x="3" y="1"/>
<monster name="Ghostly visage" direction="2" spawntime="60" x="4" y="1"/>
<monster name="Ghostly visage" direction="2" spawntime="60" x="2" y="2"/>
<monster name="Ghostly visage" direction="2" spawntime="60" x="3" y="2"/>
<monster name="Ghostly visage" direction="2" spawntime="60" x="4" y="3"/>
</spawn>
<spawn centerx="866" centery="178" centerz="7" radius="5">
<monster name="Oblivion Badger" direction="2" spawntime="60" x="-1" y="0"/>
</spawn>
<spawn centerx="621" centery="180" centerz="7" radius="5">
<monster name="fire storm" direction="2" spawntime="60" x="-4" y="-3"/>
<monster name="fire storm" direction="2" spawntime="60" x="-3" y="0"/>
<monster name="fire storm" direction="2" spawntime="60" x="3" y="0"/>
</spawn>
<spawn centerx="977" centery="182" centerz="7" radius="5">
<monster name="Plague Spitter" direction="2" spawntime="60" x="-1" y="-4"/>
<monster name="Plague Spitter" direction="2" spawntime="60" x="0" y="-4"/>
<monster name="Plague Spitter" direction="2" spawntime="60" x="1" y="-3"/>
<monster name="Plague Spitter" direction="2" spawntime="60" x="-1" y="-2"/>
<monster name="Plague Spitter" direction="2" spawntime="60" x="0" y="-2"/>
<monster name="Plague Spitter" direction="2" spawntime="60" x="0" y="-1"/>
<monster name="Plague Spitter" direction="2" spawntime="60" x="1" y="-1"/>
<monster name="Plague Spitter" direction="2" spawntime="60" x="-1" y="1"/>
<monster name="Plague Spitter" direction="2" spawntime="60" x="1" y="1"/>
<monster name="Plague Spitter" direction="2" spawntime="60" x="0" y="3"/>
<monster name="Plague Spitter" direction="2" spawntime="60" x="1" y="3"/>
<monster name="Plague Spitter" direction="2" spawntime="60" x="-1" y="4"/>
</spawn>
<spawn centerx="809" centery="183" centerz="7" radius="5">
<monster name="Captain Jack" direction="2" spawntime="60" x="-2" y="-1"/>
<monster name="Leprechaun" direction="2" spawntime="60" x="-1" y="-1"/>
<monster name="Captain Jack" direction="2" spawntime="60" x="0" y="-1"/>
<monster name="Leprechaun" direction="2" spawntime="60" x="1" y="0"/>
<monster name="Leprechaun" direction="2" spawntime="60" x="2" y="0"/>
</spawn>
<spawn centerx="823" centery="183" centerz="7" radius="5">
<monster name="Oblivion Slug" direction="2" spawntime="60" x="1" y="1"/>
</spawn>
<spawn centerx="844" centery="187" centerz="7" radius="5">
<monster name="Flesh Fiend" direction="2" spawntime="60" x="0" y="-4"/>
<monster name="Flesh Fiend" direction="2" spawntime="60" x="2" y="-4"/>
<monster name="Flesh Fiend" direction="2" spawntime="60" x="0" y="-3"/>
<monster name="Flesh Fiend" direction="2" spawntime="60" x="1" y="-2"/>
<monster name="Flesh Fiend" direction="2" spawntime="60" x="-1" y="-1"/>
<monster name="Flesh Fiend" direction="2" spawntime="60" x="-2" y="0"/>
<monster name="Flesh Fiend" direction="2" spawntime="60" x="1" y="0"/>
<monster name="Flesh Fiend" direction="2" spawntime="60" x="-1" y="1"/>
<monster name="Flesh Fiend" direction="2" spawntime="60" x="0" y="1"/>
<monster name="Flesh Fiend" direction="2" spawntime="60" x="2" y="1"/>
<monster name="Flesh Fiend" direction="2" spawntime="60" x="-2" y="3"/>
<monster name="Flesh Fiend" direction="2" spawntime="60" x="1" y="3"/>
</spawn>
<spawn centerx="432" centery="189" centerz="7" radius="5">
<monster name="Skeletor" direction="2" spawntime="60" x="-2" y="1"/>
<monster name="Nefarious Acolyte" direction="2" spawntime="60" x="1" y="1"/>
</spawn>
<spawn centerx="449" centery="189" centerz="7" radius="5">
<monster name="Crypt Lord" direction="2" spawntime="60" x="-2" y="0"/>
<monster name="Demonic Acolyte" direction="2" spawntime="60" x="2" y="0"/>
</spawn>
<spawn centerx="617" centery="189" centerz="7" radius="5">
<monster name="fire storm" direction="2" spawntime="60" x="-1" y="0"/>
<monster name="fire storm" direction="2" spawntime="60" x="1" y="1"/>
</spawn>
<spawn centerx="1015" centery="189" centerz="7" radius="5">
<monster name="Plague Spitter" direction="2" spawntime="60" x="2" y="-3"/>
<monster name="Plague Spitter" direction="2" spawntime="60" x="-1" y="-1"/>
<monster name="Plague Spitter" direction="2" spawntime="60" x="2" y="-1"/>
<monster name="Plague Spitter" direction="2" spawntime="60" x="0" y="0"/>
<monster name="Plague Spitter" direction="2" spawntime="60" x="2" y="0"/>
<monster name="Plague Spitter" direction="2" spawntime="60" x="-2" y="1"/>
<monster name="Plague Spitter" direction="2" spawntime="60" x="0" y="2"/>
<monster name="Plague Spitter" direction="2" spawntime="60" x="-2" y="3"/>
<monster name="Plague Spitter" direction="2" spawntime="60" x="0" y="3"/>
</spawn>
<spawn centerx="829" centery="190" centerz="7" radius="5">
<monster name="fire storm" direction="2" spawntime="60" x="0" y="-3"/>
<monster name="fire storm" direction="2" spawntime="60" x="1" y="-3"/>
<monster name="fire storm" direction="2" spawntime="60" x="0" y="-2"/>
<monster name="fire storm" direction="2" spawntime="60" x="1" y="-2"/>
<monster name="fire storm" direction="2" spawntime="60" x="0" y="-1"/>
<monster name="fire storm" direction="2" spawntime="60" x="1" y="-1"/>
<monster name="Demonic Summoner" direction="2" spawntime="60" x="0" y="1"/>
<monster name="fire storm" direction="2" spawntime="60" x="1" y="1"/>
<monster name="Demonic Summoner" direction="2" spawntime="60" x="0" y="2"/>
</spawn>
<spawn centerx="943" centery="193" centerz="7" radius="5">
<monster name="Plague Spitter" direction="2" spawntime="60" x="-1" y="-4"/>
<monster name="Plague Spitter" direction="2" spawntime="60" x="1" y="-4"/>
<monster name="Plague Spitter" direction="2" spawntime="60" x="2" y="-4"/>
<monster name="Plague Spitter" direction="2" spawntime="60" x="-1" y="-3"/>
<monster name="Plague Spitter" direction="2" spawntime="60" x="1" y="-3"/>
<monster name="Plague Spitter" direction="2" spawntime="60" x="0" y="-2"/>
<monster name="Plague Spitter" direction="2" spawntime="60" x="2" y="-2"/>
<monster name="Plague Spitter" direction="2" spawntime="60" x="0" y="-1"/>
<monster name="Plague Spitter" direction="2" spawntime="60" x="1" y="1"/>
<monster name="Plague Spitter" direction="2" spawntime="60" x="0" y="2"/>
<monster name="Plague Spitter" direction="2" spawntime="60" x="0" y="3"/>
<monster name="Plague Spitter" direction="2" spawntime="60" x="1" y="3"/>
</spawn>
<spawn centerx="625" centery="195" centerz="7" radius="5">
<monster name="fire storm" direction="2" spawntime="60" x="0" y="1"/>
<monster name="fire storm" direction="2" spawntime="60" x="2" y="1"/>
</spawn>
<spawn centerx="4955" centery="196" centerz="7" radius="7">
<monster name="ArchAngel" direction="2" spawntime="20" x="-4" y="-3"/>
<monster name="ArchAngel" direction="2" spawntime="20" x="-4" y="-2"/>
<monster name="Angel" direction="2" spawntime="20" x="0" y="-2"/>
<monster name="ArchAngel" direction="2" spawntime="20" x="-4" y="-1"/>
<monster name="Angel" direction="2" spawntime="20" x="3" y="-1"/>
<monster name="Angel" direction="2" spawntime="20" x="5" y="0"/>
<monster name="Angel" direction="2" spawntime="20" x="2" y="1"/>
<monster name="Angel" direction="2" spawntime="20" x="5" y="2"/>
<monster name="Angel" direction="2" spawntime="20" x="-3" y="3"/>
<monster name="Angel" direction="2" spawntime="20" x="0" y="4"/>
<monster name="Angel" direction="2" spawntime="20" x="-2" y="5"/>
<monster name="ArchAngel" direction="2" spawntime="20" x="3" y="5"/>
<monster name="Angel" direction="2" spawntime="20" x="-4" y="6"/>
<monster name="Angel" direction="2" spawntime="20" x="-3" y="6"/>
<monster name="ArchAngel" direction="2" spawntime="20" x="4" y="6"/>
<monster name="ArchAngel" direction="2" spawntime="20" x="5" y="7"/>
</spawn>
<spawn centerx="4973" centery="197" centerz="7" radius="7">
<monster name="Izual" direction="2" spawntime="20" x="5" y="-4"/>
<monster name="Izual" direction="2" spawntime="20" x="4" y="-3"/>
<monster name="Izual" direction="2" spawntime="20" x="5" y="-3"/>
<monster name="Fallen Angel" direction="2" spawntime="20" x="-4" y="-2"/>
<monster name="Fallen Angel" direction="2" spawntime="20" x="-2" y="-2"/>
<monster name="Fallen Angel" direction="2" spawntime="20" x="0" y="-2"/>
<monster name="Fallen Angel" direction="2" spawntime="20" x="-4" y="1"/>
<monster name="Fallen Angel" direction="2" spawntime="20" x="-4" y="2"/>
<monster name="Fallen Angel" direction="2" spawntime="20" x="0" y="2"/>
<monster name="Fallen Angel" direction="2" spawntime="20" x="3" y="2"/>
<monster name="Fallen Angel" direction="2" spawntime="20" x="0" y="4"/>
<monster name="Izual" direction="2" spawntime="20" x="-5" y="5"/>
<monster name="Fallen Angel" direction="2" spawntime="20" x="3" y="5"/>
<monster name="Izual" direction="2" spawntime="20" x="-4" y="6"/>
<monster name="Fallen Angel" direction="2" spawntime="20" x="1" y="6"/>
<monster name="Izual" direction="2" spawntime="20" x="-5" y="7"/>
<monster name="Fallen Angel" direction="2" spawntime="20" x="0" y="7"/>
</spawn>
<spawn centerx="812" centery="198" centerz="7" radius="5">
<monster name="Plague Spitter" direction="2" spawntime="60" x="1" y="-1"/>
<monster name="Plague Spitter" direction="2" spawntime="60" x="2" y="-1"/>
<monster name="Plague Spitter" direction="2" spawntime="60" x="3" y="-1"/>
<monster name="Plague Spitter" direction="2" spawntime="60" x="-4" y="0"/>
<monster name="Plague Spitter" direction="2" spawntime="60" x="-2" y="0"/>
<monster name="Ancient Necropharus" direction="2" spawntime="60" x="-1" y="0"/>
<monster name="Plague Spitter" direction="2" spawntime="60" x="2" y="0"/>
<monster name="Plague Spitter" direction="2" spawntime="60" x="4" y="0"/>
<monster name="Plague Spitter" direction="2" spawntime="60" x="-4" y="1"/>
<monster name="Plague Spitter" direction="2" spawntime="60" x="-2" y="1"/>
<monster name="Plague Spitter" direction="2" spawntime="60" x="0" y="1"/>
</spawn>
<spawn centerx="617" centery="200" centerz="7" radius="5">
<monster name="fire storm" direction="2" spawntime="60" x="-1" y="1"/>
<monster name="fire storm" direction="2" spawntime="60" x="-1" y="3"/>
</spawn>
<spawn centerx="977" centery="200" centerz="7" radius="5">
<monster name="Ghostly visage" direction="2" spawntime="60" x="0" y="-4"/>
<monster name="Ghostly visage" direction="2" spawntime="60" x="1" y="-4"/>
<monster name="Ghostly visage" direction="2" spawntime="60" x="2" y="-3"/>
<monster name="Ghostly visage" direction="2" spawntime="60" x="0" y="-2"/>
<monster name="Ghostly visage" direction="2" spawntime="60" x="2" y="-2"/>
<monster name="Ghostly visage" direction="2" spawntime="60" x="-1" y="-1"/>
<monster name="Ghostly visage" direction="2" spawntime="60" x="1" y="-1"/>
<monster name="Ghostly visage" direction="2" spawntime="60" x="-1" y="1"/>
<monster name="Ghostly visage" direction="2" spawntime="60" x="1" y="1"/>
<monster name="Ghostly visage" direction="2" spawntime="60" x="0" y="2"/>
<monster name="Ghostly visage" direction="2" spawntime="60" x="-2" y="3"/>
<monster name="Ghostly visage" direction="2" spawntime="60" x="-1" y="3"/>
<monster name="Ghostly visage" direction="2" spawntime="60" x="1" y="3"/>
<monster name="Ghostly visage" direction="2" spawntime="60" x="0" y="4"/>
</spawn>
<spawn centerx="625" centery="205" centerz="7" radius="5">
<monster name="fire storm" direction="2" spawntime="60" x="0" y="2"/>
</spawn>
<spawn centerx="4955" centery="205" centerz="7" radius="7">
<monster name="ArchAngel" direction="2" spawntime="20" x="4" y="-1"/>
<monster name="Angel" direction="2" spawntime="20" x="-4" y="0"/>
<monster name="Angel" direction="2" spawntime="20" x="-2" y="0"/>
<monster name="Angel" direction="2" spawntime="20" x="-1" y="2"/>
<monster name="Angel" direction="2" spawntime="20" x="3" y="3"/>
<monster name="ArchAngel" direction="2" spawntime="20" x="-4" y="4"/>
<monster name="ArchAngel" direction="2" spawntime="20" x="-4" y="5"/>
<monster name="Angel" direction="2" spawntime="20" x="1" y="5"/>
<monster name="ArchAngel" direction="2" spawntime="20" x="-5" y="6"/>
<monster name="ArchAngel" direction="2" spawntime="20" x="-4" y="6"/>
<monster name="Angel" direction="2" spawntime="20" x="0" y="7"/>
</spawn>
<spawn centerx="846" centery="206" centerz="7" radius="5">
<monster name="Ghostly visage" direction="2" spawntime="60" x="-1" y="-4"/>
<monster name="Ghostly visage" direction="2" spawntime="60" x="-3" y="-3"/>
<monster name="Ghostly visage" direction="2" spawntime="60" x="-2" y="-3"/>
<monster name="Ghostly visage" direction="2" spawntime="60" x="0" y="-3"/>
<monster name="Ghostly visage" direction="2" spawntime="60" x="-3" y="-2"/>
<monster name="Ghostly visage" direction="2" spawntime="60" x="0" y="-2"/>
<monster name="Ghostly visage" direction="2" spawntime="60" x="-2" y="-1"/>
<monster name="Ghostly visage" direction="2" spawntime="60" x="-1" y="-1"/>
<monster name="Ghostly visage" direction="2" spawntime="60" x="1" y="-1"/>
<monster name="Ghostly visage" direction="2" spawntime="60" x="-1" y="0"/>
<monster name="Ghostly visage" direction="2" spawntime="60" x="2" y="0"/>
<monster name="Ghostly visage" direction="2" spawntime="60" x="0" y="1"/>
<monster name="Ghostly visage" direction="2" spawntime="60" x="1" y="1"/>
<monster name="Ghostly visage" direction="2" spawntime="60" x="-1" y="2"/>
<monster name="Ghostly visage" direction="2" spawntime="60" x="1" y="2"/>
<monster name="Ghostly visage" direction="2" spawntime="60" x="2" y="2"/>
<monster name="Ghostly visage" direction="2" spawntime="60" x="0" y="3"/>
<monster name="Ghostly visage" direction="2" spawntime="60" x="2" y="3"/>
<monster name="Ghostly visage" direction="2" spawntime="60" x="0" y="4"/>
</spawn>
<spawn centerx="4973" centery="206" centerz="7" radius="7">
<monster name="Fallen Angel" direction="2" spawntime="20" x="1" y="0"/>
<monster name="Fallen Angel" direction="2" spawntime="20" x="4" y="0"/>
<monster name="Fallen Angel" direction="2" spawntime="20" x="-4" y="2"/>
<monster name="Fallen Angel" direction="2" spawntime="20" x="-2" y="2"/>
<monster name="Izual" direction="2" spawntime="20" x="5" y="3"/>
<monster name="Fallen Angel" direction="2" spawntime="20" x="-2" y="4"/>
<monster name="Izual" direction="2" spawntime="20" x="4" y="4"/>
<monster name="Izual" direction="2" spawntime="20" x="4" y="5"/>
<monster name="Fallen Angel" direction="2" spawntime="20" x="-4" y="6"/>
<monster name="Fallen Angel" direction="2" spawntime="20" x="-2" y="7"/>
</spawn>
<spawn centerx="1006" centery="209" centerz="7" radius="5">
<monster name="Flesh Fiend" direction="2" spawntime="60" x="-1" y="-3"/>
<monster name="Flesh Fiend" direction="2" spawntime="60" x="0" y="-3"/>
<monster name="Flesh Fiend" direction="2" spawntime="60" x="2" y="-3"/>
<monster name="Flesh Fiend" direction="2" spawntime="60" x="-1" y="-1"/>
<monster name="Flesh Fiend" direction="2" spawntime="60" x="1" y="-1"/>
<monster name="Flesh Fiend" direction="2" spawntime="60" x="0" y="1"/>
<monster name="Flesh Fiend" direction="2" spawntime="60" x="2" y="1"/>
<monster name="Flesh Fiend" direction="2" spawntime="60" x="-1" y="2"/>
<monster name="Flesh Fiend" direction="2" spawntime="60" x="-3" y="3"/>
<monster name="Flesh Fiend" direction="2" spawntime="60" x="0" y="4"/>
</spawn>
<spawn centerx="617" centery="210" centerz="7" radius="5">
<monster name="fire storm" direction="2" spawntime="60" x="2" y="0"/>
<monster name="fire storm" direction="2" spawntime="60" x="1" y="3"/>
</spawn>
<spawn centerx="798" centery="210" centerz="7" radius="5">
<monster name="Oblivion Tiger" direction="2" spawntime="60" x="0" y="1"/>
</spawn>
<spawn centerx="897" centery="210" centerz="7" radius="5">
<monster name="Flesh Fiend" direction="2" spawntime="60" x="1" y="-2"/>
<monster name="Flesh Fiend" direction="2" spawntime="60" x="0" y="-1"/>
<monster name="Flesh Fiend" direction="2" spawntime="60" x="2" y="-1"/>
<monster name="Flesh Fiend" direction="2" spawntime="60" x="-2" y="0"/>
<monster name="Flesh Fiend" direction="2" spawntime="60" x="-1" y="0"/>
<monster name="Flesh Fiend" direction="2" spawntime="60" x="1" y="0"/>
<monster name="Flesh Fiend" direction="2" spawntime="60" x="3" y="0"/>
<monster name="Flesh Fiend" direction="2" spawntime="60" x="-3" y="1"/>
<monster name="Flesh Fiend" direction="2" spawntime="60" x="1" y="1"/>
<monster name="Flesh Fiend" direction="2" spawntime="60" x="-2" y="2"/>
<monster name="Flesh Fiend" direction="2" spawntime="60" x="-1" y="2"/>
</spawn>
<spawn centerx="914" centery="211" centerz="7" radius="5">
<monster name="oblivion minion" direction="2" spawntime="60" x="-1" y="-2"/>
</spawn>
<spawn centerx="947" centery="212" centerz="7" radius="5">
<monster name="Demonic Summoner" direction="2" spawntime="60" x="0" y="-4"/>
<monster name="Demonic Summoner" direction="2" spawntime="60" x="2" y="-4"/>
<monster name="Demonic Summoner" direction="2" spawntime="60" x="1" y="-2"/>
<monster name="Demonic Summoner" direction="2" spawntime="60" x="0" y="-1"/>
<monster name="Demonic Summoner" direction="2" spawntime="60" x="3" y="-1"/>
<monster name="Demonic Summoner" direction="2" spawntime="60" x="1" y="1"/>
<monster name="Demonic Summoner" direction="2" spawntime="60" x="2" y="1"/>
<monster name="Demonic Summoner" direction="2" spawntime="60" x="-1" y="2"/>
<monster name="Demonic Summoner" direction="2" spawntime="60" x="1" y="3"/>
</spawn>
<spawn centerx="931" centery="213" centerz="7" radius="5">
<monster name="Oblivion Slug" direction="2" spawntime="60" x="-2" y="0"/>
</spawn>
<spawn centerx="624" centery="214" centerz="7" radius="5">
<monster name="fire storm" direction="2" spawntime="60" x="-1" y="-3"/>
<monster name="fire storm" direction="2" spawntime="60" x="1" y="-1"/>
</spawn>
<spawn centerx="4973" centery="214" centerz="7" radius="7">
<monster name="Izual" direction="2" spawntime="20" x="-5" y="2"/>
<monster name="Fallen Angel" direction="2" spawntime="20" x="0" y="2"/>
<monster name="Izual" direction="2" spawntime="20" x="-4" y="3"/>
<monster name="Fallen Angel" direction="2" spawntime="20" x="4" y="3"/>
<monster name="Izual" direction="2" spawntime="20" x="-4" y="4"/>
<monster name="Fallen Angel" direction="2" spawntime="20" x="1" y="4"/>
<monster name="Fallen Angel" direction="2" spawntime="20" x="3" y="5"/>
<monster name="Fallen Angel" direction="2" spawntime="20" x="-1" y="7"/>
<monster name="Fallen Angel" direction="2" spawntime="20" x="3" y="7"/>
</spawn>
<spawn centerx="4955" centery="215" centerz="7" radius="7">
<monster name="Angel" direction="2" spawntime="20" x="3" y="-2"/>
<monster name="Angel" direction="2" spawntime="20" x="5" y="-1"/>
<monster name="Angel" direction="2" spawntime="20" x="-1" y="0"/>
<monster name="Angel" direction="2" spawntime="20" x="-4" y="1"/>
<monster name="ArchAngel" direction="2" spawntime="20" x="4" y="2"/>
<monster name="Angel" direction="2" spawntime="20" x="-1" y="3"/>
<monster name="ArchAngel" direction="2" spawntime="20" x="4" y="3"/>
<monster name="ArchAngel" direction="2" spawntime="20" x="5" y="3"/>
<monster name="ArchAngel" direction="2" spawntime="20" x="4" y="4"/>
<monster name="Angel" direction="2" spawntime="20" x="-4" y="5"/>
<monster name="Angel" direction="2" spawntime="20" x="-1" y="6"/>
<monster name="Angel" direction="2" spawntime="20" x="5" y="7"/>
</spawn>
<spawn centerx="79" centery="220" centerz="7" radius="5">
<monster name="Sheep" direction="2" spawntime="60" x="-2" y="-1"/>
<monster name="Sheep" direction="2" spawntime="60" x="1" y="-1"/>
<monster name="Pig" direction="2" spawntime="60" x="-4" y="0"/>
<monster name="Pig" direction="2" spawntime="60" x="-1" y="1"/>
<monster name="Pig" direction="2" spawntime="60" x="-4" y="4"/>
<monster name="Pig" direction="2" spawntime="60" x="-2" y="5"/>
</spawn>
<spawn centerx="975" centery="220" centerz="7" radius="5">
<monster name="Vlad Tepes" direction="2" spawntime="60" x="-1" y="-4"/>
<monster name="Vlad Tepes" direction="2" spawntime="60" x="1" y="-4"/>
<monster name="Vlad Tepes" direction="2" spawntime="60" x="3" y="-4"/>
<monster name="Vlad Tepes" direction="2" spawntime="60" x="-1" y="-2"/>
<monster name="Vlad Tepes" direction="2" spawntime="60" x="1" y="-2"/>
<monster name="Vlad Tepes" direction="2" spawntime="60" x="1" y="-1"/>
<monster name="Vlad Tepes" direction="2" spawntime="60" x="-1" y="0"/>
<monster name="Vlad Tepes" direction="2" spawntime="60" x="-2" y="1"/>
<monster name="Vlad Tepes" direction="2" spawntime="60" x="0" y="1"/>
<monster name="Vlad Tepes" direction="2" spawntime="60" x="-2" y="2"/>
<monster name="Vlad Tepes" direction="2" spawntime="60" x="0" y="2"/>
<monster name="Vlad Tepes" direction="2" spawntime="60" x="-3" y="4"/>
<monster name="Vlad Tepes" direction="2" spawntime="60" x="-1" y="4"/>
</spawn>
<spawn centerx="860" centery="221" centerz="7" radius="5">
<monster name="Plague Spitter" direction="2" spawntime="60" x="-2" y="-3"/>
<monster name="Flesh Fiend" direction="2" spawntime="60" x="-1" y="-3"/>
<monster name="Flesh Fiend" direction="2" spawntime="60" x="-2" y="-2"/>
<monster name="Plague Spitter" direction="2" spawntime="60" x="0" y="-2"/>
<monster name="Plague Spitter" direction="2" spawntime="60" x="-3" y="-1"/>
<monster name="Flesh Fiend" direction="2" spawntime="60" x="1" y="-1"/>
<monster name="Plague Spitter" direction="2" spawntime="60" x="-3" y="0"/>
<monster name="Flesh Fiend" direction="2" spawntime="60" x="-1" y="0"/>
<monster name="Plague Spitter" direction="2" spawntime="60" x="0" y="0"/>
<monster name="Plague Spitter" direction="2" spawntime="60" x="2" y="0"/>
<monster name="Plague Spitter" direction="2" spawntime="60" x="-2" y="1"/>
<monster name="Ancient Necropharus" direction="2" spawntime="60" x="2" y="1"/>
<monster name="Flesh Fiend" direction="2" spawntime="60" x="0" y="2"/>
<monster name="Ancient Necropharus" direction="2" spawntime="60" x="1" y="2"/>
</spawn>
<spawn centerx="880" centery="221" centerz="7" radius="5">
<monster name="Skeletor" direction="2" spawntime="60" x="0" y="-1"/>
</spawn>
<spawn centerx="75" centery="222" centerz="7" radius="5">
<monster name="Skunk" direction="2" spawntime="60" x="-3" y="-3"/>
<monster name="Sheep" direction="2" spawntime="60" x="-2" y="-1"/>
<monster name="Pig" direction="2" spawntime="60" x="-3" y="1"/>
<monster name="Sheep" direction="2" spawntime="60" x="-2" y="3"/>
</spawn>
<spawn centerx="4973" centery="222" centerz="7" radius="7">
<monster name="Fallen Angel" direction="2" spawntime="20" x="-3" y="1"/>
<monster name="Fallen Angel" direction="2" spawntime="20" x="0" y="1"/>
<monster name="Izual" direction="2" spawntime="20" x="5" y="2"/>
<monster name="Fallen Angel" direction="2" spawntime="20" x="-3" y="3"/>
<monster name="Izual" direction="2" spawntime="20" x="5" y="3"/>
<monster name="Fallen Angel" direction="2" spawntime="20" x="-4" y="4"/>
<monster name="Izual" direction="2" spawntime="20" x="5" y="4"/>
<monster name="Fallen Angel" direction="2" spawntime="20" x="1" y="5"/>
<monster name="Fallen Angel" direction="2" spawntime="20" x="-3" y="6"/>
<monster name="Fallen Angel" direction="2" spawntime="20" x="0" y="7"/>
</spawn>
<spawn centerx="816" centery="223" centerz="7" radius="5">
<monster name="Demonic Summoner" direction="2" spawntime="60" x="-2" y="-2"/>
<monster name="Demonic Summoner" direction="2" spawntime="60" x="0" y="-1"/>
<monster name="Demonic Summoner" direction="2" spawntime="60" x="1" y="-1"/>
<monster name="Demonic Summoner" direction="2" spawntime="60" x="-3" y="0"/>
<monster name="Demonic Summoner" direction="2" spawntime="60" x="2" y="1"/>
<monster name="Demonic Summoner" direction="2" spawntime="60" x="4" y="1"/>
</spawn>
<spawn centerx="913" centery="224" centerz="7" radius="5">
<monster name="oblivion minion" direction="2" spawntime="60" x="0" y="-1"/>
</spawn>
<spawn centerx="4955" centery="224" centerz="7" radius="7">
<monster name="Angel" direction="2" spawntime="20" x="2" y="-1"/>
<monster name="ArchAngel" direction="2" spawntime="20" x="-4" y="0"/>
<monster name="ArchAngel" direction="2" spawntime="20" x="-5" y="1"/>
<monster name="ArchAngel" direction="2" spawntime="20" x="-3" y="2"/>
<monster name="Angel" direction="2" spawntime="20" x="4" y="2"/>
<monster name="Angel" direction="2" spawntime="20" x="2" y="3"/>
<monster name="Angel" direction="2" spawntime="20" x="-1" y="5"/>
<monster name="Angel" direction="2" spawntime="20" x="2" y="5"/>
<monster name="Angel" direction="2" spawntime="20" x="-1" y="7"/>
</spawn>
<spawn centerx="999" centery="227" centerz="7" radius="5">
<monster name="Petrified Hell Hound" direction="2" spawntime="60" x="-1" y="-3"/>
<monster name="Petrified Hell Hound" direction="2" spawntime="60" x="1" y="-2"/>
<monster name="Petrified Hell Hound" direction="2" spawntime="60" x="-1" y="-1"/>
<monster name="Petrified Hell Hound" direction="2" spawntime="60" x="-2" y="0"/>
<monster name="Petrified Hell Hound" direction="2" spawntime="60" x="1" y="0"/>
<monster name="Petrified Hell Hound" direction="2" spawntime="60" x="2" y="0"/>
<monster name="Petrified Hell Hound" direction="2" spawntime="60" x="-1" y="2"/>
<monster name="Petrified Hell Hound" direction="2" spawntime="60" x="1" y="3"/>
</spawn>
<spawn centerx="945" centery="231" centerz="7" radius="5">
<monster name="Flesh Fiend" direction="2" spawntime="60" x="1" y="-4"/>
<monster name="Flesh Fiend" direction="2" spawntime="60" x="-1" y="-3"/>
<monster name="Flesh Fiend" direction="2" spawntime="60" x="0" y="-3"/>
<monster name="Flesh Fiend" direction="2" spawntime="60" x="1" y="-2"/>
<monster name="Flesh Fiend" direction="2" spawntime="60" x="0" y="-1"/>
<monster name="Flesh Fiend" direction="2" spawntime="60" x="-1" y="0"/>
<monster name="Flesh Fiend" direction="2" spawntime="60" x="1" y="0"/>
<monster name="Flesh Fiend" direction="2" spawntime="60" x="1" y="2"/>
<monster name="Flesh Fiend" direction="2" spawntime="60" x="-1" y="3"/>
<monster name="Flesh Fiend" direction="2" spawntime="60" x="0" y="3"/>
</spawn>
<spawn centerx="4974" centery="231" centerz="7" radius="8">
<monster name="Izual" direction="2" spawntime="20" x="-6" y="0"/>
<monster name="Fallen Angel" direction="2" spawntime="20" x="-1" y="0"/>
<monster name="Fallen Angel" direction="2" spawntime="20" x="2" y="0"/>
<monster name="Fallen Angel" direction="2" spawntime="20" x="3" y="0"/>
<monster name="Izual" direction="2" spawntime="20" x="-5" y="1"/>
<monster name="Izual" direction="2" spawntime="20" x="-5" y="2"/>
<monster name="Fallen Angel" direction="2" spawntime="20" x="-1" y="2"/>
<monster name="Fallen Angel" direction="2" spawntime="20" x="3" y="3"/>
<monster name="Fallen Angel" direction="2" spawntime="20" x="-3" y="5"/>
<monster name="Fallen Angel" direction="2" spawntime="20" x="-1" y="5"/>
<monster name="Fallen Angel" direction="2" spawntime="20" x="2" y="6"/>
</spawn>
<spawn centerx="4955" centery="233" centerz="7" radius="8">
<monster name="ArchAngel" direction="2" spawntime="20" x="5" y="-1"/>
<monster name="Angel" direction="2" spawntime="20" x="-4" y="0"/>
<monster name="ArchAngel" direction="2" spawntime="20" x="5" y="0"/>
<monster name="ArchAngel" direction="2" spawntime="20" x="6" y="0"/>
<monster name="Angel" direction="2" spawntime="20" x="-3" y="2"/>
<monster name="Angel" direction="2" spawntime="20" x="0" y="3"/>
<monster name="Angel" direction="2" spawntime="20" x="-2" y="4"/>
<monster name="Angel" direction="2" spawntime="20" x="3" y="4"/>
</spawn>
<spawn centerx="972" centery="234" centerz="7" radius="5">
<monster name="Oblivion Slug" direction="2" spawntime="60" x="-1" y="0"/>
</spawn>
<spawn centerx="81" centery="236" centerz="7" radius="7">
<monster name="Valkyrie" direction="2" spawntime="60" x="-3" y="0"/>
<monster name="Amazon" direction="2" spawntime="60" x="6" y="0"/>
<monster name="Valkyrie" direction="2" spawntime="60" x="-6" y="1"/>
<monster name="Valkyrie" direction="2" spawntime="60" x="2" y="1"/>
<monster name="Amazon" direction="2" spawntime="60" x="-3" y="3"/>
<monster name="Valkyrie" direction="2" spawntime="60" x="4" y="3"/>
<monster name="Amazon" direction="2" spawntime="60" x="4" y="5"/>
<monster name="Valkyrie" direction="2" spawntime="60" x="-4" y="6"/>
<monster name="Amazon" direction="2" spawntime="60" x="-6" y="7"/>
</spawn>
<spawn centerx="913" centery="237" centerz="7" radius="5">
<monster name="Lizard King" direction="2" spawntime="60" x="0" y="-1"/>
<monster name="Lizard King" direction="2" spawntime="60" x="1" y="0"/>
</spawn>
<spawn centerx="877" centery="240" centerz="7" radius="5">
<monster name="Vlad Tepes" direction="2" spawntime="60" x="3" y="-4"/>
<monster name="Vlad Tepes" direction="2" spawntime="60" x="3" y="-3"/>
<monster name="Vlad Tepes" direction="2" spawntime="60" x="4" y="-3"/>
<monster name="Vlad Tepes" direction="2" spawntime="60" x="3" y="-2"/>
<monster name="Vlad Tepes" direction="2" spawntime="60" x="4" y="-2"/>
<monster name="Vlad Tepes" direction="2" spawntime="60" x="-1" y="-1"/>
<monster name="Vlad Tepes" direction="2" spawntime="60" x="0" y="-1"/>
<monster name="Vlad Tepes" direction="2" spawntime="60" x="1" y="-1"/>
<monster name="Vlad Tepes" direction="2" spawntime="60" x="2" y="-1"/>
<monster name="Vlad Tepes" direction="2" spawntime="60" x="3" y="-1"/>
<monster name="Vlad Tepes" direction="2" spawntime="60" x="4" y="-1"/>
<monster name="Vlad Tepes" direction="2" spawntime="60" x="-4" y="0"/>
<monster name="Vlad Tepes" direction="2" spawntime="60" x="-1" y="0"/>
<monster name="Vlad Tepes" direction="2" spawntime="60" x="2" y="0"/>
<monster name="Vlad Tepes" direction="2" spawntime="60" x="-3" y="1"/>
<monster name="Vlad Tepes" direction="2" spawntime="60" x="-2" y="1"/>
<monster name="Vlad Tepes" direction="2" spawntime="60" x="-1" y="1"/>
</spawn>
<spawn centerx="834" centery="243" centerz="7" radius="5">
<monster name="Skeletor" direction="2" spawntime="60" x="-1" y="0"/>
</spawn>
<spawn centerx="90" centery="246" centerz="7" radius="10">
<monster name="Amazon" direction="2" spawntime="60" x="1" y="-8"/>
<monster name="Amazon" direction="2" spawntime="60" x="5" y="-6"/>
<monster name="Valkyrie" direction="2" spawntime="60" x="1" y="-4"/>
<monster name="Amazon" direction="2" spawntime="60" x="0" y="-2"/>
<monster name="Valkyrie" direction="2" spawntime="60" x="-8" y="-1"/>
<monster name="Amazon" direction="2" spawntime="60" x="7" y="0"/>
<monster name="Valkyrie" direction="2" spawntime="60" x="-3" y="1"/>
<monster name="Valkyrie" direction="2" spawntime="60" x="1" y="1"/>
<monster name="Amazon" direction="2" spawntime="60" x="5" y="4"/>
<monster name="Amazon" direction="2" spawntime="60" x="1" y="5"/>
<monster name="Valkyrie" direction="2" spawntime="60" x="4" y="7"/>
<monster name="Amazon" direction="2" spawntime="60" x="-5" y="10"/>
<monster name="Amazon" direction="2" spawntime="60" x="5" y="10"/>
<monster name="Valkyrie" direction="2" spawntime="60" x="8" y="10"/>
</spawn>
<spawn centerx="74" centery="250" centerz="7" radius="10">
<monster name="Amazon" direction="2" spawntime="60" x="-3" y="-8"/>
<monster name="Valkyrie" direction="2" spawntime="60" x="-2" y="-3"/>
<monster name="Valkyrie" direction="2" spawntime="60" x="1" y="-2"/>
<monster name="Amazon" direction="2" spawntime="60" x="4" y="-2"/>
<monster name="Valkyrie" direction="2" spawntime="60" x="5" y="-1"/>
<monster name="Amazon" direction="2" spawntime="60" x="-7" y="2"/>
<monster name="Amazon" direction="2" spawntime="60" x="-3" y="2"/>
<monster name="Amazon" direction="2" spawntime="60" x="0" y="5"/>
<monster name="Amazon" direction="2" spawntime="60" x="-6" y="6"/>
<monster name="Valkyrie" direction="2" spawntime="60" x="4" y="6"/>
<monster name="Valkyrie" direction="2" spawntime="60" x="0" y="8"/>
<monster name="Valkyrie" direction="2" spawntime="60" x="7" y="8"/>
<monster name="Amazon" direction="2" spawntime="60" x="5" y="10"/>
<monster name="Valkyrie" direction="2" spawntime="60" x="10" y="10"/>
</spawn>
<spawn centerx="656" centery="250" centerz="7" radius="5">
<monster name="Hell screamer" direction="2" spawntime="60" x="-2" y="-3"/>
<monster name="Hell screamer" direction="2" spawntime="60" x="-2" y="3"/>
</spawn>
<spawn centerx="664" centery="250" centerz="7" radius="5">
<monster name="Hell screamer" direction="2" spawntime="60" x="0" y="-3"/>
<monster name="Hell screamer" direction="2" spawntime="60" x="-1" y="0"/>
<monster name="Hell screamer" direction="2" spawntime="60" x="0" y="3"/>
</spawn>
<spawn centerx="811" centery="253" centerz="7" radius="5">
<monster name="Ghostly visage" direction="2" spawntime="60" x="0" y="-3"/>
<monster name="Ghostly visage" direction="2" spawntime="60" x="2" y="-3"/>
<monster name="Ghostly visage" direction="2" spawntime="60" x="3" y="-3"/>
<monster name="Ghostly visage" direction="2" spawntime="60" x="1" y="-2"/>
<monster name="Ghostly visage" direction="2" spawntime="60" x="4" y="-2"/>
<monster name="Ghostly visage" direction="2" spawntime="60" x="-3" y="-1"/>
<monster name="Ghostly visage" direction="2" spawntime="60" x="-1" y="-1"/>
<monster name="Ghostly visage" direction="2" spawntime="60" x="0" y="-1"/>
<monster name="Ghostly visage" direction="2" spawntime="60" x="1" y="-1"/>
<monster name="Ghostly visage" direction="2" spawntime="60" x="2" y="-1"/>
<monster name="Ghostly visage" direction="2" spawntime="60" x="3" y="-1"/>
<monster name="Ghostly visage" direction="2" spawntime="60" x="-4" y="0"/>
<monster name="Ghostly visage" direction="2" spawntime="60" x="-2" y="0"/>
<monster name="Ghostly visage" direction="2" spawntime="60" x="-2" y="1"/>
<monster name="Ghostly visage" direction="2" spawntime="60" x="-1" y="1"/>
<monster name="Ghostly visage" direction="2" spawntime="60" x="0" y="1"/>
<monster name="Ghostly visage" direction="2" spawntime="60" x="-3" y="2"/>
<monster name="Ghostly visage" direction="2" spawntime="60" x="-1" y="2"/>
<monster name="Ghostly visage" direction="2" spawntime="60" x="-3" y="3"/>
</spawn>
<spawn centerx="740" centery="254" centerz="7" radius="7">
<monster name="Ghostly visage" direction="2" spawntime="60" x="-5" y="-3"/>
<monster name="Ghostly visage" direction="2" spawntime="60" x="5" y="-3"/>
<monster name="Ghostly visage" direction="2" spawntime="60" x="-4" y="5"/>
<monster name="Ghostly visage" direction="2" spawntime="60" x="4" y="5"/>
<monster name="Ghostly visage" direction="2" spawntime="60" x="0" y="6"/>
</spawn>
<spawn centerx="964" centery="254" centerz="7" radius="5">
<monster name="Oblivion Badger" direction="2" spawntime="60" x="0" y="1"/>
</spawn>
<spawn centerx="991" centery="254" centerz="7" radius="5">
<monster name="Oblivion Chicken" direction="2" spawntime="60" x="-1" y="-1"/>
<monster name="Oblivion Chicken" direction="2" spawntime="60" x="1" y="1"/>
</spawn>
<spawn centerx="854" centery="255" centerz="7" radius="5">
<monster name="oblivion dragon" direction="2" spawntime="60" x="0" y="0"/>
</spawn>
<spawn centerx="100" centery="256" centerz="7" radius="5">
<monster name="Amazon" direction="2" spawntime="60" x="1" y="2"/>
</spawn>
<spawn centerx="906" centery="256" centerz="7" radius="5">
<monster name="The Soul" direction="2" spawntime="60" x="-1" y="-1"/>
<monster name="The Soul" direction="2" spawntime="60" x="1" y="-1"/>
<monster name="The Creator" direction="2" spawntime="60" x="-1" y="1"/>
<monster name="The Soul" direction="2" spawntime="60" x="-1" y="3"/>
</spawn>
<spawn centerx="92" centery="258" centerz="7" radius="5">
<monster name="Valkyrie" direction="2" spawntime="60" x="-3" y="3"/>
<monster name="Amazon" direction="2" spawntime="60" x="4" y="4"/>
<monster name="Valkyrie" direction="2" spawntime="60" x="2" y="5"/>
</spawn>
<spawn centerx="82" centery="260" centerz="7" radius="5">
<monster name="Valkyrie" direction="2" spawntime="60" x="-1" y="3"/>
<monster name="Valkyrie" direction="2" spawntime="60" x="4" y="5"/>
</spawn>
<spawn centerx="107" centery="264" centerz="7" radius="5">
<monster name="Amazon" direction="2" spawntime="60" x="-1" y="0"/>
<monster name="Valkyrie" direction="2" spawntime="60" x="3" y="0"/>
<monster name="Valkyrie" direction="2" spawntime="60" x="-1" y="1"/>
<monster name="Valkyrie" direction="2" spawntime="60" x="4" y="3"/>
<monster name="Amazon" direction="2" spawntime="60" x="-4" y="5"/>
<monster name="Amazon" direction="2" spawntime="60" x="-3" y="5"/>
</spawn>
<spawn centerx="4935" centery="264" centerz="7" radius="5">
<monster name="Valkyrie" direction="2" spawntime="20" x="-3" y="3"/>
<monster name="Valkyrie" direction="2" spawntime="20" x="-1" y="3"/>
<monster name="Valkyrie" direction="2" spawntime="20" x="-2" y="4"/>
</spawn>
<spawn centerx="4943" centery="264" centerz="7" radius="5">
<monster name="Valkyrie" direction="2" spawntime="20" x="-2" y="2"/>
<monster name="Valkyrie" direction="2" spawntime="20" x="2" y="2"/>
<monster name="Valkyrie" direction="2" spawntime="20" x="0" y="3"/>
<monster name="Valkyrie" direction="2" spawntime="20" x="1" y="5"/>
</spawn>
<spawn centerx="4956" centery="264" centerz="7" radius="5">
<monster name="Valkyrie" direction="2" spawntime="20" x="-4" y="2"/>
<monster name="Valkyrie" direction="2" spawntime="20" x="-1" y="2"/>
<monster name="Valkyrie" direction="2" spawntime="20" x="-2" y="4"/>
<monster name="Valkyrie" direction="2" spawntime="20" x="-4" y="5"/>
<monster name="Valkyrie" direction="2" spawntime="20" x="0" y="5"/>
</spawn>
<spawn centerx="74" centery="265" centerz="7" radius="5">
<monster name="Amazon" direction="2" spawntime="60" x="-2" y="-3"/>
<monster name="Valkyrie" direction="2" spawntime="60" x="1" y="-1"/>
<monster name="Amazon" direction="2" spawntime="60" x="-1" y="0"/>
<monster name="Valkyrie" direction="2" spawntime="60" x="-2" y="5"/>
<monster name="Valkyrie" direction="2" spawntime="60" x="4" y="5"/>
</spawn>
<spawn centerx="98" centery="266" centerz="7" radius="5">
<monster name="Valkyrie" direction="2" spawntime="60" x="2" y="-4"/>
<monster name="Amazon" direction="2" spawntime="60" x="3" y="1"/>
<monster name="Amazon" direction="2" spawntime="60" x="-3" y="3"/>
<monster name="Valkyrie" direction="2" spawntime="60" x="-2" y="3"/>
</spawn>
<spawn centerx="900" centery="266" centerz="7" radius="5">
<monster name="The Soul" direction="2" spawntime="60" x="2" y="-3"/>
<monster name="The Soul" direction="2" spawntime="60" x="0" y="-1"/>
<monster name="The Soul" direction="2" spawntime="60" x="1" y="-1"/>
<monster name="The Creator" direction="2" spawntime="60" x="-2" y="0"/>
<monster name="The Creator" direction="2" spawntime="60" x="1" y="0"/>
<monster name="The Creator" direction="2" spawntime="60" x="-2" y="2"/>
<monster name="The Soul" direction="2" spawntime="60" x="-2" y="3"/>
<monster name="The Creator" direction="2" spawntime="60" x="-4" y="4"/>
</spawn>
<spawn centerx="4966" centery="267" centerz="7" radius="5">
<monster name="Valkyrie" direction="2" spawntime="20" x="-3" y="-1"/>
<monster name="Valkyrie" direction="2" spawntime="20" x="1" y="-1"/>
<monster name="Valkyrie" direction="2" spawntime="20" x="-4" y="0"/>
<monster name="Valkyrie" direction="2" spawntime="20" x="-2" y="0"/>
<monster name="Valkyrie" direction="2" spawntime="20" x="0" y="1"/>
<monster name="Valkyrie" direction="2" spawntime="20" x="-4" y="2"/>
</spawn>
<spawn centerx="4972" centery="267" centerz="7" radius="5">
<monster name="Valkyrie" direction="2" spawntime="20" x="4" y="1"/>
<monster name="Valkyrie" direction="2" spawntime="20" x="4" y="2"/>
</spawn>
<spawn centerx="81" centery="269" centerz="7" radius="5">
<monster name="Amazon" direction="2" spawntime="60" x="-4" y="4"/>
<monster name="Valkyrie" direction="2" spawntime="60" x="-3" y="5"/>
</spawn>
<spawn centerx="799" centery="269" centerz="7" radius="5">
<monster name="Plague Spitter" direction="2" spawntime="60" x="-3" y="-2"/>
<monster name="Plague Spitter" direction="2" spawntime="60" x="-1" y="-2"/>
<monster name="Plague Spitter" direction="2" spawntime="60" x="2" y="-2"/>
<monster name="Plague Spitter" direction="2" spawntime="60" x="-1" y="0"/>
<monster name="Crypt Lord" direction="2" spawntime="60" x="0" y="0"/>
<monster name="Plague Spitter" direction="2" spawntime="60" x="2" y="0"/>
<monster name="Plague Spitter" direction="2" spawntime="60" x="-2" y="1"/>
<monster name="Plague Spitter" direction="2" spawntime="60" x="1" y="1"/>
<monster name="Plague Spitter" direction="2" spawntime="60" x="2" y="2"/>
<monster name="Plague Spitter" direction="2" spawntime="60" x="-2" y="3"/>
</spawn>
<spawn centerx="539" centery="270" centerz="7" radius="5">
<monster name="Skeleton" direction="2" spawntime="60" x="3" y="-3"/>
<monster name="Ghoul" direction="2" spawntime="60" x="1" y="-1"/>
<monster name="Demon Skeleton" direction="2" spawntime="60" x="2" y="1"/>
<monster name="Skeleton" direction="2" spawntime="60" x="-3" y="4"/>
<monster name="Crypt Shambler" direction="2" spawntime="60" x="4" y="4"/>
</spawn>
<spawn centerx="107" centery="272" centerz="7" radius="5">
<monster name="Amazon" direction="2" spawntime="60" x="1" y="-1"/>
<monster name="Valkyrie" direction="2" spawntime="60" x="3" y="1"/>
</spawn>
<spawn centerx="4937" centery="272" centerz="7" radius="5">
<monster name="Valkyrie" direction="2" spawntime="20" x="3" y="4"/>
<monster name="Valkyrie" direction="2" spawntime="20" x="1" y="5"/>
</spawn>
<spawn centerx="4954" centery="272" centerz="7" radius="5">
<monster name="Valkyrie" direction="2" spawntime="20" x="0" y="5"/>
<monster name="Valkyrie" direction="2" spawntime="20" x="2" y="5"/>
<monster name="Valkyrie" direction="2" spawntime="20" x="4" y="5"/>
</spawn>
<spawn centerx="92" centery="273" centerz="7" radius="5">
<monster name="Valkyrie" direction="2" spawntime="60" x="2" y="-1"/>
<monster name="Amazon" direction="2" spawntime="60" x="2" y="0"/>
<monster name="Valkyrie" direction="2" spawntime="60" x="-3" y="1"/>
<monster name="Valkyrie" direction="2" spawntime="60" x="2" y="2"/>
<monster name="Amazon" direction="2" spawntime="60" x="-5" y="3"/>
<monster name="Valkyrie" direction="2" spawntime="60" x="4" y="3"/>
</spawn>
<spawn centerx="554" centery="273" centerz="7" radius="5">
<monster name="Ghost" direction="2" spawntime="60" x="0" y="-5"/>
<monster name="Crypt Shambler" direction="2" spawntime="60" x="3" y="-4"/>
<monster name="Ghoul" direction="2" spawntime="60" x="-4" y="-3"/>
<monster name="Skeleton" direction="2" spawntime="60" x="-1" y="-3"/>
<monster name="Demon Skeleton" direction="2" spawntime="60" x="-3" y="1"/>
<monster name="Cave Rat" direction="2" spawntime="60" x="-1" y="1"/>
<monster name="Crypt Shambler" direction="2" spawntime="60" x="3" y="4"/>
<monster name="Skeleton" direction="2" spawntime="60" x="-4" y="5"/>
</spawn>
<spawn centerx="894" centery="273" centerz="7" radius="5">
<monster name="The Creator" direction="2" spawntime="60" x="-1" y="-1"/>
<monster name="The Soul" direction="2" spawntime="60" x="1" y="-1"/>
<monster name="The Creator" direction="2" spawntime="60" x="2" y="0"/>
<monster name="The Soul" direction="2" spawntime="60" x="-3" y="2"/>
<monster name="The Creator" direction="2" spawntime="60" x="-2" y="2"/>
<monster name="The Creator" direction="2" spawntime="60" x="-4" y="4"/>
<monster name="The Creator" direction="2" spawntime="60" x="-4" y="5"/>
</spawn>
<spawn centerx="74" centery="274" centerz="7" radius="5">
<monster name="Amazon" direction="2" spawntime="60" x="-1" y="-3"/>
<monster name="Valkyrie" direction="2" spawntime="60" x="-1" y="0"/>
<monster name="Amazon" direction="2" spawntime="60" x="1" y="4"/>
</spawn>
<spawn centerx="85" centery="278" centerz="7" radius="5">
<monster name="Valkyrie" direction="2" spawntime="60" x="0" y="-3"/>
<monster name="Valkyrie" direction="2" spawntime="60" x="-1" y="-2"/>
<monster name="Amazon" direction="2" spawntime="60" x="-2" y="-1"/>
<monster name="Valkyrie" direction="2" spawntime="60" x="0" y="0"/>
<monster name="Amazon" direction="2" spawntime="60" x="1" y="2"/>
<monster name="Valkyrie" direction="2" spawntime="60" x="3" y="3"/>
<monster name="Valkyrie" direction="2" spawntime="60" x="1" y="4"/>
</spawn>
<spawn centerx="101" centery="278" centerz="7" radius="5">
<monster name="Valkyrie" direction="2" spawntime="60" x="-3" y="0"/>
<monster name="Valkyrie" direction="2" spawntime="60" x="3" y="2"/>
<monster name="Valkyrie" direction="2" spawntime="60" x="-3" y="5"/>
</spawn>
<spawn centerx="122" centery="278" centerz="7" radius="5">
<monster name="Valkyrie" direction="2" spawntime="60" x="-4" y="-3"/>
<monster name="Valkyrie" direction="2" spawntime="60" x="1" y="-2"/>
<monster name="Amazon" direction="2" spawntime="60" x="-5" y="1"/>
<monster name="Amazon" direction="2" spawntime="60" x="-2" y="3"/>
</spawn>
<spawn centerx="546" centery="278" centerz="7" radius="5">
<monster name="Mummy" direction="2" spawntime="60" x="-4" y="-2"/>
<monster name="Skeleton" direction="2" spawntime="60" x="0" y="-2"/>
<monster name="Demon Skeleton" direction="2" spawntime="60" x="-3" y="2"/>
<monster name="Ghost" direction="2" spawntime="60" x="-1" y="3"/>
<monster name="Ghoul" direction="2" spawntime="60" x="1" y="3"/>
</spawn>
<spawn centerx="113" centery="279" centerz="7" radius="5">
<monster name="Valkyrie" direction="2" spawntime="60" x="0" y="-3"/>
<monster name="Amazon" direction="2" spawntime="60" x="0" y="1"/>
</spawn>
<spawn centerx="4925" centery="279" centerz="7" radius="10">
<monster name="Valkyrie" direction="2" spawntime="20" x="5" y="-3"/>
<monster name="Valkyrie" direction="2" spawntime="20" x="3" y="-1"/>
<monster name="Valkyrie" direction="2" spawntime="20" x="6" y="0"/>
<monster name="Valkyrie" direction="2" spawntime="20" x="3" y="1"/>
<monster name="Valkyrie" direction="2" spawntime="20" x="5" y="3"/>
<monster name="Valkyrie" direction="2" spawntime="20" x="4" y="10"/>
</spawn>
<spawn centerx="4938" centery="279" centerz="7" radius="5">
<monster name="Valkyrie" direction="2" spawntime="20" x="3" y="-1"/>
<monster name="Valkyrie" direction="2" spawntime="20" x="0" y="2"/>
<monster name="Valkyrie" direction="2" spawntime="20" x="2" y="3"/>
</spawn>
<spawn centerx="4954" centery="279" centerz="7" radius="5">
<monster name="Valkyrie" direction="2" spawntime="20" x="3" y="1"/>
<monster name="Valkyrie" direction="2" spawntime="20" x="1" y="2"/>
<monster name="Valkyrie" direction="2" spawntime="20" x="3" y="3"/>
</spawn>
<spawn centerx="4964" centery="279" centerz="7" radius="5">
<monster name="Valkyrie" direction="2" spawntime="20" x="-4" y="-2"/>
<monster name="Valkyrie" direction="2" spawntime="20" x="-2" y="-2"/>
<monster name="Valkyrie" direction="2" spawntime="20" x="0" y="-2"/>
<monster name="Valkyrie" direction="2" spawntime="20" x="2" y="-2"/>
<monster name="Valkyrie" direction="2" spawntime="20" x="4" y="-2"/>
<monster name="Valkyrie" direction="2" spawntime="20" x="-2" y="1"/>
<monster name="Valkyrie" direction="2" spawntime="20" x="3" y="1"/>
<monster name="Valkyrie" direction="2" spawntime="20" x="0" y="2"/>
<monster name="Valkyrie" direction="2" spawntime="20" x="1" y="2"/>
<monster name="Valkyrie" direction="2" spawntime="20" x="3" y="3"/>
</spawn>
<spawn centerx="4974" centery="279" centerz="7" radius="5">
<monster name="Valkyrie" direction="2" spawntime="20" x="2" y="-3"/>
<monster name="Valkyrie" direction="2" spawntime="20" x="2" y="-2"/>
<monster name="Valkyrie" direction="2" spawntime="20" x="2" y="0"/>
<monster name="Valkyrie" direction="2" spawntime="20" x="2" y="1"/>
<monster name="Valkyrie" direction="2" spawntime="20" x="2" y="3"/>
</spawn>
<spawn centerx="819" centery="280" centerz="7" radius="5">
<monster name="Petrified Hell Hound" direction="2" spawntime="60" x="-3" y="-2"/>
<monster name="Petrified Hell Hound" direction="2" spawntime="60" x="-2" y="-2"/>
<monster name="Petrified Hell Hound" direction="2" spawntime="60" x="-1" y="-2"/>
<monster name="Petrified Hell Hound" direction="2" spawntime="60" x="-3" y="0"/>
<monster name="Petrified Hell Hound" direction="2" spawntime="60" x="0" y="0"/>
<monster name="Petrified Hell Hound" direction="2" spawntime="60" x="1" y="0"/>
<monster name="Petrified Hell Hound" direction="2" spawntime="60" x="-3" y="1"/>
<monster name="Petrified Hell Hound" direction="2" spawntime="60" x="-2" y="1"/>
<monster name="Petrified Hell Hound" direction="2" spawntime="60" x="0" y="1"/>
<monster name="Petrified Hell Hound" direction="2" spawntime="60" x="3" y="1"/>
<monster name="Petrified Hell Hound" direction="2" spawntime="60" x="1" y="2"/>
<monster name="Petrified Hell Hound" direction="2" spawntime="60" x="0" y="3"/>
<monster name="Petrified Hell Hound" direction="2" spawntime="60" x="2" y="3"/>
<monster name="Petrified Hell Hound" direction="2" spawntime="60" x="3" y="3"/>
</spawn>
<spawn centerx="887" centery="280" centerz="7" radius="5">
<monster name="The Creator" direction="2" spawntime="60" x="1" y="-3"/>
<monster name="The Creator" direction="2" spawntime="60" x="0" y="-2"/>
<monster name="The Creator" direction="2" spawntime="60" x="-2" y="-1"/>
<monster name="The Soul" direction="2" spawntime="60" x="0" y="-1"/>
<monster name="The Creator" direction="2" spawntime="60" x="2" y="-1"/>
<monster name="The Creator" direction="2" spawntime="60" x="-2" y="1"/>
<monster name="The Creator" direction="2" spawntime="60" x="1" y="1"/>
<monster name="The Creator" direction="2" spawntime="60" x="-3" y="2"/>
<monster name="The Creator" direction="2" spawntime="60" x="0" y="2"/>
</spawn>
<spawn centerx="842" centery="284" centerz="7" radius="5">
<monster name="Flesh Fiend" direction="2" spawntime="60" x="-3" y="-1"/>
<monster name="Flesh Fiend" direction="2" spawntime="60" x="0" y="-1"/>
<monster name="Flesh Fiend" direction="2" spawntime="60" x="2" y="-1"/>
<monster name="Flesh Fiend" direction="2" spawntime="60" x="-4" y="0"/>
<monster name="Flesh Fiend" direction="2" spawntime="60" x="-2" y="0"/>
<monster name="Flesh Fiend" direction="2" spawntime="60" x="1" y="0"/>
<monster name="Flesh Fiend" direction="2" spawntime="60" x="3" y="0"/>
<monster name="Flesh Fiend" direction="2" spawntime="60" x="5" y="0"/>
<monster name="Flesh Fiend" direction="2" spawntime="60" x="-3" y="1"/>
<monster name="Flesh Fiend" direction="2" spawntime="60" x="-1" y="1"/>
<monster name="Flesh Fiend" direction="2" spawntime="60" x="2" y="1"/>
<monster name="Flesh Fiend" direction="2" spawntime="60" x="-4" y="2"/>
</spawn>
<spawn centerx="867" centery="284" centerz="7" radius="5">
<monster name="Ghostly visage" direction="2" spawntime="60" x="-3" y="-1"/>
<monster name="Ghostly visage" direction="2" spawntime="60" x="-2" y="-1"/>
<monster name="Ghostly visage" direction="2" spawntime="60" x="0" y="-1"/>
<monster name="Ghostly visage" direction="2" spawntime="60" x="2" y="-1"/>
<monster name="Ghostly visage" direction="2" spawntime="60" x="3" y="-1"/>
<monster name="Ghostly visage" direction="2" spawntime="60" x="-5" y="0"/>
<monster name="Ghostly visage" direction="2" spawntime="60" x="-3" y="0"/>
<monster name="Ghostly visage" direction="2" spawntime="60" x="-1" y="0"/>
<monster name="Ghostly visage" direction="2" spawntime="60" x="2" y="0"/>
<monster name="Ghostly visage" direction="2" spawntime="60" x="4" y="0"/>
<monster name="Ghostly visage" direction="2" spawntime="60" x="-3" y="1"/>
<monster name="Ghostly visage" direction="2" spawntime="60" x="-2" y="1"/>
<monster name="Ghostly visage" direction="2" spawntime="60" x="1" y="1"/>
<monster name="Ghostly visage" direction="2" spawntime="60" x="3" y="1"/>
<monster name="Ghostly visage" direction="2" spawntime="60" x="-1" y="2"/>
</spawn>
<spawn centerx="102" centery="286" centerz="7" radius="5">
<monster name="Valkyrie" direction="2" spawntime="60" x="4" y="-2"/>
</spawn>
<spawn centerx="110" centery="286" centerz="7" radius="5">
<monster name="Amazon" direction="2" spawntime="60" x="-2" y="-1"/>
<monster name="Valkyrie" direction="2" spawntime="60" x="2" y="-1"/>
<monster name="Valkyrie" direction="2" spawntime="60" x="2" y="5"/>
</spawn>
<spawn centerx="121" centery="286" centerz="7" radius="5">
<monster name="Valkyrie" direction="2" spawntime="60" x="0" y="-2"/>
<monster name="Amazon" direction="2" spawntime="60" x="-3" y="3"/>
<monster name="Amazon" direction="2" spawntime="60" x="3" y="3"/>
</spawn>
<spawn centerx="545" centery="289" centerz="7" radius="2">
<monster name="Flesh Fiend" direction="2" spawntime="60" x="-1" y="-1"/>
<monster name="Hell screamer" direction="2" spawntime="60" x="1" y="0"/>
</spawn>
<spawn centerx="551" centery="289" centerz="7" radius="2">
<monster name="Petrified Hell Hound" direction="2" spawntime="60" x="-1" y="0"/>
<monster name="Plague Spitter" direction="2" spawntime="60" x="1" y="1"/>
</spawn>
<spawn centerx="4940" centery="289" centerz="7" radius="5">
<monster name="Valkyrie" direction="2" spawntime="20" x="1" y="0"/>
<monster name="Valkyrie" direction="2" spawntime="20" x="3" y="0"/>
<monster name="Valkyrie" direction="2" spawntime="20" x="-2" y="1"/>
<monster name="Valkyrie" direction="2" spawntime="20" x="-2" y="2"/>
<monster name="Valkyrie" direction="2" spawntime="20" x="2" y="3"/>
<monster name="Valkyrie" direction="2" spawntime="20" x="-1" y="5"/>
<monster name="Valkyrie" direction="2" spawntime="20" x="3" y="5"/>
</spawn>
<spawn centerx="4947" centery="289" centerz="7" radius="5">
<monster name="Valkyrie" direction="2" spawntime="20" x="5" y="0"/>
<monster name="Valkyrie" direction="2" spawntime="20" x="3" y="1"/>
<monster name="Valkyrie" direction="2" spawntime="20" x="3" y="3"/>
<monster name="Valkyrie" direction="2" spawntime="20" x="5" y="3"/>
<monster name="Valkyrie" direction="2" spawntime="20" x="5" y="4"/>
</spawn>
<spawn centerx="4965" centery="289" centerz="7" radius="5">
<monster name="Valkyrie" direction="2" spawntime="20" x="-1" y="0"/>
<monster name="Valkyrie" direction="2" spawntime="20" x="3" y="0"/>
<monster name="Valkyrie" direction="2" spawntime="20" x="-3" y="1"/>
<monster name="Valkyrie" direction="2" spawntime="20" x="-2" y="1"/>
<monster name="Valkyrie" direction="2" spawntime="20" x="3" y="2"/>
<monster name="Valkyrie" direction="2" spawntime="20" x="0" y="4"/>
<monster name="Valkyrie" direction="2" spawntime="20" x="3" y="4"/>
<monster name="Valkyrie" direction="2" spawntime="20" x="-2" y="5"/>
</spawn>
<spawn centerx="4977" centery="289" centerz="7" radius="5">
<monster name="Valkyrie" direction="2" spawntime="20" x="1" y="0"/>
<monster name="Valkyrie" direction="2" spawntime="20" x="-2" y="1"/>
<monster name="Valkyrie" direction="2" spawntime="20" x="-1" y="1"/>
<monster name="Valkyrie" direction="2" spawntime="20" x="-1" y="5"/>
</spawn>
<spawn centerx="115" centery="291" centerz="7" radius="5">
<monster name="Amazon" direction="2" spawntime="60" x="0" y="2"/>
<monster name="Valkyrie" direction="2" spawntime="60" x="3" y="3"/>
</spawn>
<spawn centerx="4931" centery="293" centerz="7" radius="5">
<monster name="Valkyrie" direction="2" spawntime="20" x="-4" y="-3"/>
<monster name="Valkyrie" direction="2" spawntime="20" x="0" y="-2"/>
<monster name="Valkyrie" direction="2" spawntime="20" x="-3" y="-1"/>
<monster name="Valkyrie" direction="2" spawntime="20" x="-2" y="2"/>
<monster name="Valkyrie" direction="2" spawntime="20" x="-2" y="5"/>
</spawn>
<spawn centerx="564" centery="294" centerz="7" radius="3">
<monster name="Ghostly visage" direction="2" spawntime="60" x="-2" y="-2"/>
<monster name="Ancient Necropharus" direction="2" spawntime="60" x="1" y="-1"/>
<monster name="Vlad Tepes" direction="2" spawntime="60" x="-1" y="1"/>
</spawn>
<spawn centerx="4924" centery="294" centerz="7" radius="5">
<monster name="Valkyrie" direction="2" spawntime="20" x="3" y="5"/>
</spawn>
<spawn centerx="4940" centery="297" centerz="7" radius="5">
<monster name="Valkyrie" direction="2" spawntime="20" x="1" y="-1"/>
<monster name="Valkyrie" direction="2" spawntime="20" x="2" y="1"/>
<monster name="Valkyrie" direction="2" spawntime="20" x="0" y="2"/>
<monster name="Valkyrie" direction="2" spawntime="20" x="-2" y="3"/>
<monster name="Valkyrie" direction="2" spawntime="20" x="-2" y="4"/>
<monster name="Valkyrie" direction="2" spawntime="20" x="2" y="4"/>
</spawn>
<spawn centerx="4947" centery="297" centerz="7" radius="5">
<monster name="Valkyrie" direction="2" spawntime="20" x="3" y="1"/>
<monster name="Valkyrie" direction="2" spawntime="20" x="5" y="2"/>
<monster name="Valkyrie" direction="2" spawntime="20" x="3" y="3"/>
<monster name="Valkyrie" direction="2" spawntime="20" x="3" y="4"/>
<monster name="Valkyrie" direction="2" spawntime="20" x="5" y="4"/>
</spawn>
<spawn centerx="4955" centery="297" centerz="7" radius="5">
<monster name="Valkyrie" direction="2" spawntime="20" x="-1" y="-2"/>
<monster name="Valkyrie" direction="2" spawntime="20" x="-2" y="-1"/>
<monster name="Valkyrie" direction="2" spawntime="20" x="-1" y="3"/>
</spawn>
<spawn centerx="4963" centery="297" centerz="7" radius="5">
<monster name="Valkyrie" direction="2" spawntime="20" x="2" y="0"/>
<monster name="Valkyrie" direction="2" spawntime="20" x="4" y="1"/>
<monster name="Valkyrie" direction="2" spawntime="20" x="-1" y="3"/>
<monster name="Valkyrie" direction="2" spawntime="20" x="2" y="3"/>
<monster name="Valkyrie" direction="2" spawntime="20" x="-1" y="4"/>
<monster name="Valkyrie" direction="2" spawntime="20" x="4" y="4"/>
</spawn>
<spawn centerx="4971" centery="297" centerz="7" radius="5">
<monster name="Valkyrie" direction="2" spawntime="20" x="4" y="-2"/>
<monster name="Valkyrie" direction="2" spawntime="20" x="4" y="0"/>
<monster name="Valkyrie" direction="2" spawntime="20" x="4" y="2"/>
</spawn>
<spawn centerx="4977" centery="297" centerz="7" radius="5">
<monster name="Valkyrie" direction="2" spawntime="20" x="1" y="-2"/>
<monster name="Valkyrie" direction="2" spawntime="20" x="1" y="0"/>
</spawn>
<spawn centerx="559" centery="300" centerz="7" radius="3">
<monster name="Vlad Tepes" direction="2" spawntime="60" x="-2" y="-2"/>
<monster name="Ghostly visage" direction="2" spawntime="60" x="0" y="-1"/>
<monster name="Vlad Tepes" direction="2" spawntime="60" x="2" y="0"/>
<monster name="Demonic Summoner" direction="2" spawntime="60" x="-1" y="1"/>
</spawn>
<spawn centerx="4929" centery="300" centerz="7" radius="5">
<monster name="Valkyrie" direction="2" spawntime="20" x="1" y="-1"/>
</spawn>
<spawn centerx="100" centery="316" centerz="7" radius="5">
<monster name="Amazonian" direction="2" spawntime="20" x="-3" y="-2"/>
<monster name="Amazonian" direction="2" spawntime="20" x="0" y="-2"/>
<monster name="Amazonian" direction="2" spawntime="20" x="5" y="-1"/>
<monster name="Amazonian" direction="2" spawntime="20" x="-3" y="1"/>
<monster name="Amazonian" direction="2" spawntime="20" x="3" y="1"/>
<monster name="Amazonian" direction="2" spawntime="20" x="1" y="2"/>
<monster name="Amazonian" direction="2" spawntime="20" x="5" y="2"/>
<monster name="Amazonian" direction="2" spawntime="20" x="-1" y="4"/>
</spawn>
<spawn centerx="107" centery="317" centerz="7" radius="5">
<monster name="Amazonian" direction="2" spawntime="20" x="2" y="-2"/>
<monster name="Amazonian" direction="2" spawntime="20" x="2" y="1"/>
<monster name="Amazonian" direction="2" spawntime="20" x="-2" y="5"/>
<monster name="Amazonian" direction="2" spawntime="20" x="1" y="5"/>
</spawn>
<spawn centerx="114" centery="317" centerz="7" radius="5">
<monster name="Amazonian" direction="2" spawntime="20" x="-1" y="-2"/>
<monster name="Amazonian" direction="2" spawntime="20" x="1" y="-2"/>
<monster name="Amazonian" direction="2" spawntime="20" x="1" y="0"/>
<monster name="Amazonian" direction="2" spawntime="20" x="1" y="4"/>
</spawn>
<spawn centerx="125" centery="317" centerz="7" radius="5">
<monster name="Amazonian" direction="2" spawntime="60" x="0" y="-3"/>
<monster name="Amazonian" direction="2" spawntime="20" x="-1" y="-1"/>
<monster name="Amazonian" direction="2" spawntime="20" x="2" y="-1"/>
<monster name="Amazonian" direction="2" spawntime="20" x="-3" y="0"/>
<monster name="Amazonian" direction="2" spawntime="20" x="3" y="1"/>
<monster name="Amazonian" direction="2" spawntime="20" x="0" y="3"/>
<monster name="Amazonian" direction="2" spawntime="20" x="4" y="4"/>
</spawn>
<spawn centerx="133" centery="322" centerz="7" radius="5">
<monster name="Amazonian" direction="2" spawntime="20" x="-2" y="-2"/>
<monster name="Amazonian" direction="2" spawntime="20" x="2" y="-1"/>
<monster name="Amazonian" direction="2" spawntime="20" x="-5" y="1"/>
<monster name="Amazonian" direction="2" spawntime="20" x="-3" y="3"/>
<monster name="Amazonian" direction="2" spawntime="20" x="0" y="3"/>
<monster name="Amazonian" direction="2" spawntime="20" x="3" y="3"/>
<monster name="Amazonian" direction="2" spawntime="60" x="-5" y="4"/>
</spawn>
<spawn centerx="100" centery="325" centerz="7" radius="5">
<monster name="Amazonian" direction="2" spawntime="20" x="-1" y="-3"/>
<monster name="Amazonian" direction="2" spawntime="20" x="-4" y="-2"/>
<monster name="Amazonian" direction="2" spawntime="20" x="2" y="-2"/>
<monster name="Amazonian" direction="2" spawntime="20" x="4" y="-1"/>
<monster name="Amazonian" direction="2" spawntime="20" x="4" y="1"/>
<monster name="Amazonian" direction="2" spawntime="20" x="-1" y="3"/>
<monster name="Amazonian" direction="2" spawntime="20" x="3" y="3"/>
</spawn>
<spawn centerx="108" centery="326" centerz="7" radius="5">
<monster name="Amazonian" direction="2" spawntime="20" x="2" y="-1"/>
<monster name="Amazonian" direction="2" spawntime="20" x="-1" y="3"/>
<monster name="Amazonian" direction="2" spawntime="20" x="2" y="3"/>
<monster name="Amazonian" direction="2" spawntime="20" x="0" y="5"/>
<monster name="Amazonian" direction="2" spawntime="20" x="5" y="5"/>
</spawn>
<spawn centerx="116" centery="326" centerz="7" radius="5">
<monster name="Amazonian" direction="2" spawntime="60" x="2" y="-3"/>
<monster name="Amazonian" direction="2" spawntime="20" x="-2" y="-2"/>
<monster name="Amazonian" direction="2" spawntime="60" x="2" y="0"/>
<monster name="Amazonian" direction="2" spawntime="20" x="4" y="1"/>
<monster name="Amazonian" direction="2" spawntime="20" x="-1" y="3"/>
</spawn>
<spawn centerx="124" centery="326" centerz="7" radius="5">
<monster name="Amazonian" direction="2" spawntime="20" x="0" y="-3"/>
<monster name="Amazonian" direction="2" spawntime="20" x="-2" y="-1"/>
<monster name="Amazonian" direction="2" spawntime="20" x="1" y="1"/>
</spawn>
<spawn centerx="143" centery="326" centerz="7" radius="5">
<monster name="Amazonian" direction="2" spawntime="60" x="-1" y="-3"/>
<monster name="Amazonian" direction="2" spawntime="20" x="-4" y="-2"/>
<monster name="Amazonian" direction="2" spawntime="20" x="0" y="-1"/>
<monster name="Amazonian" direction="2" spawntime="20" x="-3" y="1"/>
<monster name="Amazonian" direction="2" spawntime="20" x="2" y="1"/>
<monster name="Amazonian" direction="2" spawntime="20" x="-1" y="2"/>
<monster name="Amazonian" direction="2" spawntime="20" x="-5" y="3"/>
<monster name="Amazonian" direction="2" spawntime="20" x="2" y="4"/>
<monster name="Amazonian" direction="2" spawntime="20" x="0" y="5"/>
<monster name="Amazonian" direction="2" spawntime="20" x="5" y="5"/>
</spawn>
<spawn centerx="932" centery="328" centerz="7" radius="5">
<monster name="Relic The Seeker" direction="2" spawntime="60" x="-1" y="0"/>
</spawn>
<spawn centerx="4907" centery="329" centerz="7" radius="5">
<monster name="ultralisk" direction="2" spawntime="20" x="-1" y="-2"/>
<monster name="ultralisk" direction="2" spawntime="20" x="2" y="-2"/>
<monster name="ultralisk" direction="2" spawntime="20" x="5" y="-1"/>
<monster name="ultralisk" direction="2" spawntime="20" x="-3" y="0"/>
<monster name="ultralisk" direction="2" spawntime="20" x="1" y="2"/>
<monster name="ultralisk" direction="2" spawntime="20" x="-3" y="3"/>
</spawn>
<spawn centerx="4915" centery="329" centerz="7" radius="5">
<monster name="ultralisk" direction="2" spawntime="20" x="2" y="-2"/>
<monster name="ultralisk" direction="2" spawntime="20" x="2" y="0"/>
<monster name="ultralisk" direction="2" spawntime="20" x="-1" y="2"/>
<monster name="ultralisk" direction="2" spawntime="20" x="0" y="5"/>
</spawn>
<spawn centerx="4922" centery="329" centerz="7" radius="5">
<monster name="ultralisk" direction="2" spawntime="20" x="-1" y="-2"/>
<monster name="ultralisk" direction="2" spawntime="20" x="3" y="-2"/>
<monster name="ultralisk" direction="2" spawntime="20" x="-1" y="2"/>
<monster name="ultralisk" direction="2" spawntime="20" x="2" y="2"/>
</spawn>
<spawn centerx="4930" centery="329" centerz="7" radius="5">
<monster name="ultralisk" direction="2" spawntime="20" x="-1" y="-2"/>
<monster name="ultralisk" direction="2" spawntime="20" x="3" y="-2"/>
<monster name="ultralisk" direction="2" spawntime="20" x="-1" y="1"/>
<monster name="ultralisk" direction="2" spawntime="20" x="4" y="1"/>
</spawn>
<spawn centerx="4938" centery="329" centerz="7" radius="5">
<monster name="ultralisk" direction="2" spawntime="20" x="1" y="-2"/>
<monster name="ultralisk" direction="2" spawntime="20" x="5" y="-2"/>
<monster name="ultralisk" direction="2" spawntime="20" x="-2" y="-1"/>
<monster name="ultralisk" direction="2" spawntime="20" x="3" y="1"/>
<monster name="ultralisk" direction="2" spawntime="20" x="0" y="2"/>
</spawn>
<spawn centerx="4946" centery="329" centerz="7" radius="5">
<monster name="ultralisk" direction="2" spawntime="20" x="2" y="-2"/>
<monster name="ultralisk" direction="2" spawntime="20" x="0" y="0"/>
<monster name="ultralisk" direction="2" spawntime="20" x="5" y="1"/>
<monster name="ultralisk" direction="2" spawntime="20" x="0" y="2"/>
</spawn>
<spawn centerx="4954" centery="329" centerz="7" radius="5">
<monster name="ultralisk" direction="2" spawntime="20" x="0" y="-2"/>
<monster name="ultralisk" direction="2" spawntime="20" x="4" y="-1"/>
<monster name="ultralisk" direction="2" spawntime="20" x="-1" y="3"/>
<monster name="ultralisk" direction="2" spawntime="20" x="2" y="5"/>
</spawn>
<spawn centerx="4962" centery="329" centerz="7" radius="5">
<monster name="ultralisk" direction="2" spawntime="20" x="0" y="-2"/>
<monster name="Souls Servent" direction="2" spawntime="20" x="4" y="1"/>
<monster name="ultralisk" direction="2" spawntime="20" x="-2" y="4"/>
</spawn>
<spawn centerx="4971" centery="329" centerz="7" radius="5">
<monster name="ultralisk" direction="2" spawntime="20" x="1" y="-2"/>
<monster name="ultralisk" direction="2" spawntime="20" x="1" y="1"/>
<monster name="ultralisk" direction="2" spawntime="20" x="1" y="3"/>
</spawn>
<spawn centerx="1003" centery="330" centerz="7" radius="5">
<monster name="Oblivination" direction="2" spawntime="60" x="0" y="-2"/>
</spawn>
<spawn centerx="1020" centery="331" centerz="7" radius="5">
<monster name="Ice Cyclops" direction="2" spawntime="60" x="0" y="-3"/>
</spawn>
<spawn centerx="1037" centery="331" centerz="7" radius="5">
<monster name="Sunspot" direction="2" spawntime="60" x="0" y="-3"/>
</spawn>
<spawn centerx="1053" centery="331" centerz="7" radius="5">
<monster name="Evil" direction="2" spawntime="60" x="0" y="-3"/>
</spawn>
<spawn centerx="1071" centery="331" centerz="7" radius="5">
<monster name="Enraged Skeletor" direction="2" spawntime="60" x="0" y="-3"/>
</spawn>
<spawn centerx="1089" centery="331" centerz="7" radius="5">
<monster name="Soul Destroyer" direction="2" spawntime="60" x="0" y="-3"/>
</spawn>
<spawn centerx="137" centery="332" centerz="7" radius="5">
<monster name="Amazonian" direction="2" spawntime="20" x="-1" y="-3"/>
<monster name="Amazonian" direction="2" spawntime="60" x="-4" y="-2"/>
<monster name="Amazonian" direction="2" spawntime="20" x="-2" y="0"/>
<monster name="Amazonian" direction="2" spawntime="20" x="2" y="0"/>
<monster name="Amazonian" direction="2" spawntime="20" x="-2" y="2"/>
<monster name="Amazonian" direction="2" spawntime="20" x="3" y="2"/>
<monster name="Amazonian" direction="2" spawntime="60" x="1" y="4"/>
</spawn>
<spawn centerx="111" centery="333" centerz="7" radius="5">
<monster name="Amazonian" direction="2" spawntime="60" x="5" y="0"/>
<monster name="Amazonian" direction="2" spawntime="20" x="1" y="2"/>
<monster name="Amazonian" direction="2" spawntime="20" x="4" y="2"/>
<monster name="Amazonian" direction="2" spawntime="20" x="-2" y="3"/>
<monster name="Amazonian" direction="2" spawntime="20" x="-5" y="5"/>
<monster name="Amazonian" direction="2" spawntime="20" x="0" y="5"/>
</spawn>
<spawn centerx="146" centery="333" centerz="7" radius="5">
<monster name="Amazonian" direction="2" spawntime="20" x="2" y="0"/>
<monster name="Amazonian" direction="2" spawntime="20" x="-3" y="1"/>
<monster name="Amazonian" direction="2" spawntime="20" x="-2" y="3"/>
</spawn>
<spawn centerx="100" centery="334" centerz="7" radius="5">
<monster name="Amazonian" direction="2" spawntime="20" x="0" y="-3"/>
<monster name="Amazonian" direction="2" spawntime="20" x="-3" y="-2"/>
<monster name="Amazonian" direction="2" spawntime="20" x="4" y="-1"/>
<monster name="Amazonian" direction="2" spawntime="20" x="-2" y="1"/>
<monster name="Amazonian" direction="2" spawntime="20" x="2" y="1"/>
<monster name="Amazonian" direction="2" spawntime="20" x="-2" y="4"/>
</spawn>
<spawn centerx="4907" centery="337" centerz="7" radius="5">
<monster name="ultralisk" direction="2" spawntime="20" x="-2" y="-1"/>
<monster name="ultralisk" direction="2" spawntime="20" x="1" y="-1"/>
<monster name="ultralisk" direction="2" spawntime="20" x="5" y="0"/>
</spawn>
<spawn centerx="4915" centery="337" centerz="7" radius="5">
<monster name="ultralisk" direction="2" spawntime="20" x="1" y="1"/>
<monster name="ultralisk" direction="2" spawntime="20" x="1" y="5"/>
</spawn>
<spawn centerx="4957" centery="337" centerz="7" radius="7">
<monster name="ultralisk" direction="2" spawntime="20" x="2" y="0"/>
<monster name="ultralisk" direction="2" spawntime="20" x="-3" y="1"/>
<monster name="ultralisk" direction="2" spawntime="20" x="0" y="2"/>
<monster name="ultralisk" direction="2" spawntime="20" x="-2" y="5"/>
<monster name="ultralisk" direction="2" spawntime="20" x="3" y="5"/>
</spawn>
<spawn centerx="4969" centery="337" centerz="7" radius="5">
<monster name="ultralisk" direction="2" spawntime="20" x="3" y="-2"/>
<monster name="ultralisk" direction="2" spawntime="20" x="-1" y="0"/>
<monster name="ultralisk" direction="2" spawntime="20" x="2" y="0"/>
</spawn>
<spawn centerx="108" centery="340" centerz="7" radius="5">
<monster name="Amazonian" direction="2" spawntime="60" x="5" y="1"/>
<monster name="valkyrie commander" direction="2" spawntime="20" x="-1" y="2"/>
</spawn>
<spawn centerx="4927" centery="340" centerz="7" radius="5">
<monster name="Morguthis" direction="2" spawntime="60" x="1" y="-4"/>
<monster name="Morguthis" direction="2" spawntime="60" x="-3" y="-3"/>
<monster name="ultralisk" direction="2" spawntime="20" x="-1" y="0"/>
<monster name="ultralisk" direction="2" spawntime="20" x="2" y="0"/>
<monster name="ultralisk" direction="2" spawntime="20" x="4" y="0"/>
<monster name="Morguthis" direction="2" spawntime="60" x="-4" y="1"/>
<monster name="ultralisk" direction="2" spawntime="20" x="-1" y="3"/>
<monster name="ultralisk" direction="2" spawntime="20" x="2" y="3"/>
<monster name="ultralisk" direction="2" spawntime="20" x="5" y="3"/>
</spawn>
<spawn centerx="4935" centery="340" centerz="7" radius="5">
<monster name="Morguthis" direction="2" spawntime="60" x="-2" y="-4"/>
<monster name="Morguthis" direction="2" spawntime="60" x="2" y="-4"/>
<monster name="ultralisk" direction="2" spawntime="20" x="-1" y="0"/>
<monster name="ultralisk" direction="2" spawntime="20" x="3" y="0"/>
<monster name="ultralisk" direction="2" spawntime="20" x="0" y="3"/>
<monster name="ultralisk" direction="2" spawntime="20" x="4" y="3"/>
</spawn>
<spawn centerx="4943" centery="340" centerz="7" radius="5">
<monster name="Morguthis" direction="2" spawntime="60" x="-1" y="-4"/>
<monster name="Morguthis" direction="2" spawntime="60" x="2" y="-4"/>
<monster name="ultralisk" direction="2" spawntime="20" x="-2" y="0"/>
<monster name="ultralisk" direction="2" spawntime="20" x="2" y="0"/>
<monster name="ultralisk" direction="2" spawntime="20" x="-1" y="3"/>
<monster name="ultralisk" direction="2" spawntime="20" x="2" y="3"/>
</spawn>
<spawn centerx="95" centery="341" centerz="7" radius="5">
<monster name="Amazonian" direction="2" spawntime="20" x="-3" y="-2"/>
<monster name="Amazonian" direction="2" spawntime="20" x="-1" y="-2"/>
<monster name="Amazonian" direction="2" spawntime="20" x="1" y="-1"/>
<monster name="Amazonian" direction="2" spawntime="20" x="-3" y="0"/>
<monster name="Amazonian" direction="2" spawntime="20" x="2" y="1"/>
<monster name="Amazonian" direction="2" spawntime="60" x="-1" y="3"/>
<monster name="Amazonian" direction="2" spawntime="60" x="4" y="5"/>
</spawn>
<spawn centerx="125" centery="342" centerz="7" radius="5">
<monster name="valkyrie commander" direction="2" spawntime="60" x="-3" y="-1"/>
<monster name="valkyrie commander" direction="2" spawntime="60" x="3" y="-1"/>
<monster name="valkyrie commander" direction="2" spawntime="60" x="-3" y="2"/>
<monster name="valkyrie commander" direction="2" spawntime="60" x="-1" y="2"/>
<monster name="valkyrie commander" direction="2" spawntime="60" x="3" y="2"/>
<monster name="Amazonian" direction="2" spawntime="60" x="-1" y="4"/>
<monster name="Amazonian" direction="2" spawntime="60" x="1" y="5"/>
</spawn>
<spawn centerx="138" centery="342" centerz="7" radius="5">
<monster name="valkyrie commander" direction="2" spawntime="20" x="-2" y="-1"/>
<monster name="Amazonian" direction="2" spawntime="60" x="2" y="0"/>
<monster name="valkyrie commander" direction="2" spawntime="20" x="5" y="0"/>
<monster name="valkyrie commander" direction="2" spawntime="20" x="0" y="3"/>
<monster name="valkyrie commander" direction="2" spawntime="20" x="-4" y="5"/>
</spawn>
<spawn centerx="115" centery="343" centerz="7" radius="5">
<monster name="Amazonian" direction="2" spawntime="60" x="3" y="-1"/>
<monster name="Amazonian" direction="2" spawntime="60" x="1" y="2"/>
<monster name="valkyrie commander" direction="2" spawntime="20" x="-3" y="3"/>
<monster name="valkyrie commander" direction="2" spawntime="20" x="0" y="3"/>
</spawn>
<spawn centerx="146" centery="343" centerz="7" radius="5">
<monster name="Amazonian" direction="2" spawntime="60" x="0" y="-2"/>
<monster name="valkyrie commander" direction="2" spawntime="20" x="2" y="-2"/>
<monster name="valkyrie commander" direction="2" spawntime="20" x="-2" y="1"/>
<monster name="valkyrie commander" direction="2" spawntime="20" x="2" y="3"/>
<monster name="valkyrie commander" direction="2" spawntime="20" x="-1" y="4"/>
</spawn>
<spawn centerx="4907" centery="344" centerz="7" radius="5">
<monster name="ultralisk" direction="2" spawntime="20" x="4" y="0"/>
<monster name="ultralisk" direction="2" spawntime="20" x="0" y="3"/>
<monster name="ultralisk" direction="2" spawntime="20" x="-2" y="5"/>
</spawn>
<spawn centerx="4915" centery="344" centerz="7" radius="5">
<monster name="ultralisk" direction="2" spawntime="20" x="0" y="2"/>
<monster name="ultralisk" direction="2" spawntime="20" x="2" y="4"/>
</spawn>
<spawn centerx="4957" centery="346" centerz="7" radius="7">
<monster name="ultralisk" direction="2" spawntime="20" x="-3" y="0"/>
<monster name="ultralisk" direction="2" spawntime="20" x="3" y="1"/>
<monster name="ultralisk" direction="2" spawntime="20" x="-1" y="4"/>
<monster name="ultralisk" direction="2" spawntime="20" x="3" y="4"/>
</spawn>
<spawn centerx="81" centery="347" centerz="7" radius="5">
<monster name="valkyrie commander" direction="2" spawntime="20" x="1" y="-2"/>
<monster name="valkyrie commander" direction="2" spawntime="20" x="4" y="0"/>
<monster name="valkyrie commander" direction="2" spawntime="20" x="2" y="3"/>
<monster name="valkyrie commander" direction="2" spawntime="20" x="0" y="4"/>
<monster name="valkyrie commander" direction="2" spawntime="20" x="4" y="5"/>
</spawn>
<spawn centerx="99" centery="348" centerz="7" radius="5">
<monster name="Amazonian" direction="2" spawntime="60" x="3" y="-4"/>
<monster name="valkyrie commander" direction="2" spawntime="20" x="2" y="-2"/>
<monster name="valkyrie commander" direction="2" spawntime="20" x="-2" y="-1"/>
<monster name="valkyrie commander" direction="2" spawntime="20" x="-3" y="2"/>
<monster name="valkyrie commander" direction="2" spawntime="20" x="2" y="3"/>
<monster name="valkyrie commander" direction="2" spawntime="20" x="1" y="5"/>
</spawn>
<spawn centerx="132" centery="348" centerz="7" radius="5">
<monster name="valkyrie commander" direction="2" spawntime="20" x="0" y="-2"/>
<monster name="Amazonian" direction="2" spawntime="60" x="-1" y="-1"/>
<monster name="Amazonian" direction="2" spawntime="60" x="-2" y="1"/>
<monster name="valkyrie commander" direction="2" spawntime="20" x="-5" y="2"/>
<monster name="valkyrie commander" direction="2" spawntime="20" x="-1" y="2"/>
<monster name="valkyrie commander" direction="2" spawntime="20" x="2" y="2"/>
<monster name="Amazonian" direction="2" spawntime="60" x="-4" y="4"/>
</spawn>
<spawn centerx="4927" centery="348" centerz="7" radius="5">
<monster name="Morguthis" direction="2" spawntime="60" x="-4" y="-2"/>
<monster name="ultralisk" direction="2" spawntime="20" x="-1" y="-2"/>
<monster name="ultralisk" direction="2" spawntime="20" x="2" y="-2"/>
<monster name="ultralisk" direction="2" spawntime="20" x="5" y="-2"/>
<monster name="ultralisk" direction="2" spawntime="20" x="-1" y="1"/>
<monster name="ultralisk" direction="2" spawntime="20" x="2" y="1"/>
<monster name="ultralisk" direction="2" spawntime="20" x="5" y="1"/>
<monster name="Morguthis" direction="2" spawntime="60" x="-4" y="2"/>
<monster name="ultralisk" direction="2" spawntime="20" x="-1" y="4"/>
<monster name="ultralisk" direction="2" spawntime="20" x="2" y="4"/>
</spawn>
<spawn centerx="4935" centery="348" centerz="7" radius="5">
<monster name="ultralisk" direction="2" spawntime="20" x="1" y="-2"/>
<monster name="ultralisk" direction="2" spawntime="20" x="5" y="-2"/>
<monster name="ultralisk" direction="2" spawntime="20" x="0" y="1"/>
<monster name="ultralisk" direction="2" spawntime="20" x="3" y="1"/>
<monster name="ultralisk" direction="2" spawntime="20" x="-2" y="4"/>
<monster name="ultralisk" direction="2" spawntime="20" x="1" y="4"/>
<monster name="ultralisk" direction="2" spawntime="20" x="5" y="4"/>
</spawn>
<spawn centerx="4943" centery="348" centerz="7" radius="5">
<monster name="ultralisk" direction="2" spawntime="20" x="0" y="-2"/>
<monster name="ultralisk" direction="2" spawntime="20" x="3" y="-2"/>
<monster name="ultralisk" direction="2" spawntime="20" x="-2" y="1"/>
<monster name="ultralisk" direction="2" spawntime="20" x="3" y="1"/>
<monster name="ultralisk" direction="2" spawntime="20" x="0" y="4"/>
<monster name="ultralisk" direction="2" spawntime="20" x="3" y="4"/>
</spawn>
<spawn centerx="107" centery="349" centerz="7" radius="5">
<monster name="valkyrie commander" direction="2" spawntime="20" x="0" y="-2"/>
<monster name="valkyrie commander" direction="2" spawntime="20" x="1" y="2"/>
<monster name="valkyrie commander" direction="2" spawntime="20" x="0" y="3"/>
<monster name="valkyrie commander" direction="2" spawntime="20" x="0" y="5"/>
</spawn>
<spawn centerx="89" centery="350" centerz="7" radius="5">
<monster name="valkyrie commander" direction="2" spawntime="20" x="2" y="-3"/>
<monster name="valkyrie commander" direction="2" spawntime="20" x="-1" y="-2"/>
<monster name="Amazonian" direction="2" spawntime="60" x="3" y="1"/>
<monster name="valkyrie commander" direction="2" spawntime="20" x="1" y="4"/>
<monster name="valkyrie commander" direction="2" spawntime="20" x="-3" y="5"/>
</spawn>
<spawn centerx="116" centery="350" centerz="7" radius="5">
<monster name="valkyrie commander" direction="2" spawntime="20" x="-2" y="0"/>
<monster name="Amazonian" direction="2" spawntime="60" x="2" y="0"/>
<monster name="valkyrie commander" direction="2" spawntime="20" x="5" y="0"/>
<monster name="valkyrie commander" direction="2" spawntime="20" x="3" y="2"/>
<monster name="valkyrie commander" direction="2" spawntime="20" x="-2" y="3"/>
<monster name="valkyrie commander" direction="2" spawntime="20" x="-4" y="5"/>
<monster name="valkyrie commander" direction="2" spawntime="20" x="3" y="5"/>
</spawn>
<spawn centerx="124" centery="350" centerz="7" radius="5">
<monster name="valkyrie commander" direction="2" spawntime="20" x="2" y="-2"/>
<monster name="valkyrie commander" direction="2" spawntime="20" x="-1" y="4"/>
<monster name="valkyrie commander" direction="2" spawntime="20" x="3" y="4"/>
</spawn>
<spawn centerx="142" centery="350" centerz="7" radius="5">
<monster name="valkyrie commander" direction="2" spawntime="20" x="-1" y="-1"/>
<monster name="Amazonian" direction="2" spawntime="60" x="0" y="2"/>
<monster name="valkyrie commander" direction="2" spawntime="20" x="-1" y="4"/>
<monster name="valkyrie commander" direction="2" spawntime="20" x="-4" y="5"/>
</spawn>
<spawn centerx="4907" centery="352" centerz="7" radius="5">
<monster name="ultralisk" direction="2" spawntime="20" x="5" y="-2"/>
<monster name="ultralisk" direction="2" spawntime="20" x="5" y="1"/>
</spawn>
<spawn centerx="4915" centery="352" centerz="7" radius="5">
<monster name="ultralisk" direction="2" spawntime="20" x="0" y="2"/>
<monster name="ultralisk" direction="2" spawntime="20" x="2" y="5"/>
</spawn>
<spawn centerx="83" centery="356" centerz="7" radius="5">
<monster name="valkyrie commander" direction="2" spawntime="20" x="2" y="1"/>
<monster name="valkyrie commander" direction="2" spawntime="20" x="0" y="3"/>
<monster name="valkyrie commander" direction="2" spawntime="20" x="4" y="4"/>
</spawn>
<spawn centerx="99" centery="356" centerz="7" radius="5">
<monster name="valkyrie commander" direction="2" spawntime="20" x="-2" y="-2"/>
<monster name="valkyrie commander" direction="2" spawntime="20" x="3" y="-1"/>
<monster name="valkyrie commander" direction="2" spawntime="20" x="1" y="3"/>
<monster name="valkyrie commander" direction="2" spawntime="20" x="-3" y="4"/>
</spawn>
<spawn centerx="109" centery="356" centerz="7" radius="5">
<monster name="Amazonian" direction="2" spawntime="60" x="2" y="2"/>
<monster name="valkyrie commander" direction="2" spawntime="20" x="-2" y="3"/>
<monster name="valkyrie commander" direction="2" spawntime="20" x="2" y="3"/>
<monster name="valkyrie commander" direction="2" spawntime="20" x="-4" y="5"/>
</spawn>
<spawn centerx="120" centery="356" centerz="7" radius="5">
<monster name="valkyrie commander" direction="2" spawntime="20" x="-3" y="2"/>
<monster name="valkyrie commander" direction="2" spawntime="20" x="3" y="2"/>
<monster name="valkyrie commander" direction="2" spawntime="20" x="3" y="4"/>
</spawn>
<spawn centerx="4927" centery="356" centerz="7" radius="5">
<monster name="Morguthis" direction="2" spawntime="60" x="-4" y="-1"/>
<monster name="ultralisk" direction="2" spawntime="20" x="-1" y="-1"/>
<monster name="ultralisk" direction="2" spawntime="20" x="2" y="-1"/>
<monster name="ultralisk" direction="2" spawntime="20" x="5" y="-1"/>
<monster name="ultralisk" direction="2" spawntime="20" x="-1" y="2"/>
<monster name="ultralisk" direction="2" spawntime="20" x="3" y="2"/>
<monster name="Morguthis" direction="2" spawntime="60" x="-2" y="4"/>
<monster name="Morguthis" direction="2" spawntime="60" x="1" y="4"/>
</spawn>
<spawn centerx="4935" centery="356" centerz="7" radius="5">
<monster name="ultralisk" direction="2" spawntime="20" x="0" y="-1"/>
<monster name="ultralisk" direction="2" spawntime="20" x="4" y="-1"/>
<monster name="ultralisk" direction="2" spawntime="20" x="0" y="2"/>
<monster name="ultralisk" direction="2" spawntime="20" x="4" y="2"/>
<monster name="Morguthis" direction="2" spawntime="60" x="-2" y="4"/>
<monster name="Morguthis" direction="2" spawntime="60" x="2" y="4"/>
</spawn>
<spawn centerx="4943" centery="356" centerz="7" radius="5">
<monster name="ultralisk" direction="2" spawntime="20" x="-1" y="-1"/>
<monster name="ultralisk" direction="2" spawntime="20" x="2" y="-1"/>
<monster name="ultralisk" direction="2" spawntime="20" x="-1" y="2"/>
<monster name="ultralisk" direction="2" spawntime="20" x="3" y="2"/>
<monster name="Morguthis" direction="2" spawntime="60" x="-1" y="4"/>
<monster name="Morguthis" direction="2" spawntime="60" x="2" y="4"/>
</spawn>
<spawn centerx="4958" centery="356" centerz="7" radius="7">
<monster name="ultralisk" direction="2" spawntime="20" x="-2" y="-2"/>
<monster name="ultralisk" direction="2" spawntime="20" x="0" y="-2"/>
<monster name="ultralisk" direction="2" spawntime="20" x="3" y="0"/>
<monster name="ultralisk" direction="2" spawntime="20" x="-2" y="3"/>
<monster name="ultralisk" direction="2" spawntime="20" x="1" y="4"/>
<monster name="ultralisk" direction="2" spawntime="20" x="-3" y="7"/>
</spawn>
<spawn centerx="4969" centery="356" centerz="7" radius="5">
<monster name="ultralisk" direction="2" spawntime="20" x="0" y="-4"/>
<monster name="ultralisk" direction="2" spawntime="20" x="-2" y="0"/>
<monster name="ultralisk" direction="2" spawntime="20" x="2" y="0"/>
<monster name="ultralisk" direction="2" spawntime="20" x="0" y="3"/>
</spawn>
<spawn centerx="138" centery="357" centerz="7" radius="5">
<monster name="valkyrie commander" direction="2" spawntime="20" x="-4" y="-1"/>
<monster name="valkyrie commander" direction="2" spawntime="20" x="3" y="0"/>
<monster name="valkyrie commander" direction="2" spawntime="20" x="-3" y="2"/>
<monster name="valkyrie commander" direction="2" spawntime="20" x="2" y="2"/>
</spawn>
<spawn centerx="89" centery="358" centerz="7" radius="5">
<monster name="valkyrie commander" direction="2" spawntime="20" x="0" y="-2"/>
<monster name="valkyrie commander" direction="2" spawntime="20" x="2" y="-1"/>
<monster name="valkyrie commander" direction="2" spawntime="20" x="2" y="2"/>
<monster name="Amazonian" direction="2" spawntime="60" x="4" y="2"/>
<monster name="valkyrie commander" direction="2" spawntime="20" x="1" y="4"/>
<monster name="valkyrie commander" direction="2" spawntime="20" x="3" y="4"/>
</spawn>
<spawn centerx="130" centery="358" centerz="7" radius="5">
<monster name="valkyrie commander" direction="2" spawntime="20" x="0" y="-3"/>
<monster name="valkyrie commander" direction="2" spawntime="20" x="-2" y="-1"/>
<monster name="valkyrie commander" direction="2" spawntime="20" x="-2" y="1"/>
<monster name="valkyrie commander" direction="2" spawntime="20" x="2" y="1"/>
<monster name="valkyrie commander" direction="2" spawntime="20" x="-3" y="4"/>
</spawn>
<spawn centerx="4907" centery="360" centerz="7" radius="5">
<monster name="ultralisk" direction="2" spawntime="20" x="-3" y="-1"/>
<monster name="ultralisk" direction="2" spawntime="20" x="4" y="-1"/>
<monster name="ultralisk" direction="2" spawntime="20" x="0" y="2"/>
<monster name="ultralisk" direction="2" spawntime="20" x="-3" y="4"/>
<monster name="ultralisk" direction="2" spawntime="20" x="2" y="5"/>
</spawn>
<spawn centerx="4915" centery="360" centerz="7" radius="5">
<monster name="ultralisk" direction="2" spawntime="20" x="-1" y="-2"/>
<monster name="ultralisk" direction="2" spawntime="20" x="1" y="3"/>
<monster name="ultralisk" direction="2" spawntime="20" x="-1" y="5"/>
<monster name="ultralisk" direction="2" spawntime="20" x="2" y="5"/>
</spawn>
<spawn centerx="94" centery="364" centerz="7" radius="5">
<monster name="valkyrie commander" direction="2" spawntime="20" x="2" y="1"/>
</spawn>
<spawn centerx="102" centery="364" centerz="7" radius="5">
<monster name="valkyrie commander" direction="2" spawntime="20" x="0" y="-2"/>
<monster name="valkyrie commander" direction="2" spawntime="20" x="2" y="0"/>
<monster name="valkyrie commander" direction="2" spawntime="20" x="5" y="1"/>
</spawn>
<spawn centerx="109" centery="364" centerz="7" radius="5">
<monster name="valkyrie commander" direction="2" spawntime="20" x="4" y="-2"/>
<monster name="valkyrie commander" direction="2" spawntime="20" x="5" y="-1"/>
<monster name="valkyrie commander" direction="2" spawntime="20" x="3" y="1"/>
<monster name="valkyrie commander" direction="2" spawntime="20" x="5" y="2"/>
</spawn>
<spawn centerx="116" centery="364" centerz="7" radius="5">
<monster name="valkyrie commander" direction="2" spawntime="20" x="0" y="-2"/>
<monster name="valkyrie commander" direction="2" spawntime="20" x="2" y="-1"/>
<monster name="valkyrie commander" direction="2" spawntime="20" x="4" y="1"/>
<monster name="valkyrie commander" direction="2" spawntime="20" x="2" y="2"/>
</spawn>
<spawn centerx="125" centery="364" centerz="7" radius="5">
<monster name="valkyrie commander" direction="2" spawntime="20" x="-2" y="-1"/>
<monster name="valkyrie commander" direction="2" spawntime="20" x="3" y="0"/>
<monster name="valkyrie commander" direction="2" spawntime="20" x="-1" y="1"/>
</spawn>
<spawn centerx="4971" centery="365" centerz="7" radius="5">
<monster name="ultralisk" direction="2" spawntime="20" x="1" y="-3"/>
<monster name="Souls Servent" direction="2" spawntime="20" x="-5" y="0"/>
<monster name="Souls Servent" direction="2" spawntime="20" x="-4" y="0"/>
<monster name="ultralisk" direction="2" spawntime="20" x="2" y="0"/>
<monster name="ultralisk" direction="2" spawntime="20" x="1" y="2"/>
</spawn>
<spawn centerx="4907" centery="366" centerz="7" radius="5">
<monster name="ultralisk" direction="2" spawntime="20" x="-2" y="2"/>
<monster name="ultralisk" direction="2" spawntime="20" x="2" y="2"/>
<monster name="ultralisk" direction="2" spawntime="20" x="5" y="2"/>
</spawn>
<spawn centerx="4915" centery="366" centerz="7" radius="5">
<monster name="ultralisk" direction="2" spawntime="20" x="4" y="1"/>
</spawn>
<spawn centerx="4923" centery="366" centerz="7" radius="5">
<monster name="ultralisk" direction="2" spawntime="20" x="1" y="0"/>
<monster name="ultralisk" direction="2" spawntime="20" x="3" y="1"/>
<monster name="ultralisk" direction="2" spawntime="20" x="-1" y="2"/>
</spawn>
<spawn centerx="4932" centery="366" centerz="7" radius="5">
<monster name="ultralisk" direction="2" spawntime="20" x="1" y="-2"/>
<monster name="ultralisk" direction="2" spawntime="20" x="-3" y="-1"/>
<monster name="ultralisk" direction="2" spawntime="20" x="-1" y="1"/>
<monster name="ultralisk" direction="2" spawntime="20" x="2" y="1"/>
</spawn>
<spawn centerx="4941" centery="366" centerz="7" radius="5">
<monster name="ultralisk" direction="2" spawntime="20" x="-3" y="-2"/>
<monster name="ultralisk" direction="2" spawntime="20" x="1" y="-1"/>
<monster name="ultralisk" direction="2" spawntime="20" x="4" y="-1"/>
<monster name="ultralisk" direction="2" spawntime="20" x="-2" y="1"/>
<monster name="ultralisk" direction="2" spawntime="20" x="2" y="1"/>
</spawn>
<spawn centerx="4950" centery="366" centerz="7" radius="5">
<monster name="ultralisk" direction="2" spawntime="20" x="-1" y="0"/>
<monster name="ultralisk" direction="2" spawntime="20" x="-3" y="1"/>
<monster name="ultralisk" direction="2" spawntime="20" x="1" y="1"/>
</spawn>
<spawn centerx="4958" centery="366" centerz="7" radius="5">
<monster name="ultralisk" direction="2" spawntime="20" x="1" y="-1"/>
<monster name="ultralisk" direction="2" spawntime="20" x="-2" y="0"/>
<monster name="ultralisk" direction="2" spawntime="20" x="3" y="1"/>
</spawn>
<spawn centerx="4874" centery="398" centerz="7" radius="7">
<monster name="Plague Spitter" direction="2" spawntime="60" x="4" y="-3"/>
<monster name="Plague Spitter" direction="2" spawntime="60" x="-1" y="-2"/>
<monster name="Plague Spitter" direction="2" spawntime="60" x="-4" y="-1"/>
<monster name="Plague Spitter" direction="2" spawntime="60" x="2" y="-1"/>
<monster name="Plague Spitter" direction="2" spawntime="60" x="5" y="0"/>
<monster name="Plague Spitter" direction="2" spawntime="60" x="-3" y="2"/>
<monster name="Plague Spitter" direction="2" spawntime="60" x="3" y="2"/>
<monster name="Plague Spitter" direction="2" spawntime="60" x="-2" y="5"/>
<monster name="Plague Spitter" direction="2" spawntime="60" x="1" y="5"/>
<monster name="Plague Spitter" direction="2" spawntime="60" x="4" y="6"/>
</spawn>
<spawn centerx="4961" centery="398" centerz="7" radius="8">
<monster name="Vlad Tepes" direction="2" spawntime="20" x="-5" y="-3"/>
<monster name="Vlad Tepes" direction="2" spawntime="20" x="-4" y="-3"/>
<monster name="Vlad Tepes" direction="2" spawntime="60" x="-3" y="-3"/>
<monster name="Vlad Tepes" direction="2" spawntime="60" x="2" y="-3"/>
<monster name="Vlad Tepes" direction="2" spawntime="20" x="4" y="-3"/>
<monster name="Vlad Tepes" direction="2" spawntime="20" x="5" y="-3"/>
<monster name="Vlad Tepes" direction="2" spawntime="20" x="-5" y="-2"/>
<monster name="Vlad Tepes" direction="2" spawntime="60" x="-4" y="-2"/>
<monster name="Vlad Tepes" direction="2" spawntime="60" x="0" y="-2"/>
<monster name="Vlad Tepes" direction="2" spawntime="60" x="4" y="-2"/>
<monster name="Vlad Tepes" direction="2" spawntime="20" x="5" y="-2"/>
<monster name="Vlad Tepes" direction="2" spawntime="60" x="-1" y="-1"/>
<monster name="Vlad Tepes" direction="2" spawntime="60" x="-1" y="0"/>
<monster name="Vlad Tepes" direction="2" spawntime="60" x="0" y="1"/>
<monster name="Vlad Tepes" direction="2" spawntime="20" x="-5" y="5"/>
<monster name="Vlad Tepes" direction="2" spawntime="60" x="-4" y="5"/>
<monster name="Vlad Tepes" direction="2" spawntime="60" x="4" y="5"/>
<monster name="Vlad Tepes" direction="2" spawntime="20" x="5" y="5"/>
<monster name="Vlad Tepes" direction="2" spawntime="60" x="6" y="5"/>
<monster name="Vlad Tepes" direction="2" spawntime="20" x="-5" y="6"/>
<monster name="Vlad Tepes" direction="2" spawntime="20" x="-4" y="6"/>
<monster name="Vlad Tepes" direction="2" spawntime="60" x="-3" y="6"/>
<monster name="Vlad Tepes" direction="2" spawntime="20" x="4" y="6"/>
<monster name="Vlad Tepes" direction="2" spawntime="20" x="5" y="6"/>
</spawn>
<spawn centerx="4913" centery="399" centerz="7" radius="8">
<monster name="Vlad Tepes" direction="2" spawntime="60" x="-4" y="-4"/>
<monster name="Vlad Tepes" direction="2" spawntime="60" x="-2" y="-4"/>
<monster name="Vlad Tepes" direction="2" spawntime="60" x="0" y="-4"/>
<monster name="Vlad Tepes" direction="2" spawntime="60" x="2" y="-4"/>
<monster name="Vlad Tepes" direction="2" spawntime="60" x="4" y="-4"/>
<monster name="Vlad Tepes" direction="2" spawntime="20" x="0" y="-2"/>
<monster name="Vlad Tepes" direction="2" spawntime="20" x="-1" y="-1"/>
<monster name="Vlad Tepes" direction="2" spawntime="60" x="0" y="-1"/>
<monster name="Vlad Tepes" direction="2" spawntime="20" x="1" y="-1"/>
<monster name="Vlad Tepes" direction="2" spawntime="20" x="-2" y="0"/>
<monster name="Vlad Tepes" direction="2" spawntime="60" x="-1" y="0"/>
<monster name="Vlad Tepes" direction="2" spawntime="60" x="1" y="0"/>
<monster name="Vlad Tepes" direction="2" spawntime="20" x="2" y="0"/>
<monster name="Vlad Tepes" direction="2" spawntime="60" x="-2" y="1"/>
<monster name="Vlad Tepes" direction="2" spawntime="20" x="-1" y="1"/>
<monster name="Vlad Tepes" direction="2" spawntime="60" x="0" y="1"/>
<monster name="Vlad Tepes" direction="2" spawntime="20" x="1" y="1"/>
<monster name="Vlad Tepes" direction="2" spawntime="60" x="2" y="1"/>
<monster name="Vlad Tepes" direction="2" spawntime="60" x="-1" y="2"/>
<monster name="Vlad Tepes" direction="2" spawntime="20" x="0" y="2"/>
<monster name="Vlad Tepes" direction="2" spawntime="60" x="1" y="2"/>
<monster name="Vlad Tepes" direction="2" spawntime="60" x="0" y="3"/>
</spawn>
<spawn centerx="4826" centery="400" centerz="7" radius="9">
<monster name="Plague Spitter" direction="2" spawntime="60" x="-4" y="-5"/>
<monster name="Plague Spitter" direction="2" spawntime="60" x="5" y="-5"/>
<monster name="Plague Spitter" direction="2" spawntime="60" x="-4" y="-3"/>
<monster name="Plague Spitter" direction="2" spawntime="60" x="0" y="-3"/>
<monster name="Plague Spitter" direction="2" spawntime="60" x="3" y="-3"/>
<monster name="Plague Spitter" direction="2" spawntime="60" x="5" y="0"/>
<monster name="Plague Spitter" direction="2" spawntime="60" x="-4" y="1"/>
<monster name="Plague Spitter" direction="2" spawntime="60" x="-1" y="1"/>
<monster name="Plague Spitter" direction="2" spawntime="60" x="2" y="1"/>
<monster name="Plague Spitter" direction="2" spawntime="60" x="-5" y="4"/>
<monster name="Plague Spitter" direction="2" spawntime="60" x="4" y="4"/>
<monster name="Plague Spitter" direction="2" spawntime="60" x="-1" y="5"/>
<monster name="Plague Spitter" direction="2" spawntime="60" x="-3" y="6"/>
<monster name="Plague Spitter" direction="2" spawntime="60" x="1" y="9"/>
<monster name="Plague Spitter" direction="2" spawntime="60" x="7" y="9"/>
</spawn>
<spawn centerx="4874" centery="407" centerz="7" radius="7">
<monster name="Plague Spitter" direction="2" spawntime="60" x="-2" y="-1"/>
<monster name="Plague Spitter" direction="2" spawntime="60" x="2" y="0"/>
<monster name="Plague Spitter" direction="2" spawntime="60" x="-3" y="1"/>
<monster name="Plague Spitter" direction="2" spawntime="60" x="0" y="2"/>
<monster name="Plague Spitter" direction="2" spawntime="60" x="0" y="5"/>
<monster name="Plague Spitter" direction="2" spawntime="60" x="-1" y="7"/>
</spawn>
<spawn centerx="4910" centery="411" centerz="7" radius="5">
<monster name="Vlad Tepes" direction="2" spawntime="60" x="-1" y="-1"/>
<monster name="Vlad Tepes" direction="2" spawntime="20" x="0" y="-1"/>
<monster name="Vlad Tepes" direction="2" spawntime="20" x="-1" y="0"/>
<monster name="Vlad Tepes" direction="2" spawntime="60" x="1" y="0"/>
<monster name="Vlad Tepes" direction="2" spawntime="60" x="-1" y="1"/>
<monster name="Vlad Tepes" direction="2" spawntime="20" x="0" y="1"/>
</spawn>
<spawn centerx="4917" centery="411" centerz="7" radius="5">
<monster name="Vlad Tepes" direction="2" spawntime="60" x="-1" y="-1"/>
<monster name="Vlad Tepes" direction="2" spawntime="20" x="0" y="-1"/>
<monster name="Vlad Tepes" direction="2" spawntime="60" x="1" y="-1"/>
<monster name="Vlad Tepes" direction="2" spawntime="20" x="1" y="0"/>
<monster name="Vlad Tepes" direction="2" spawntime="60" x="-1" y="1"/>
<monster name="Vlad Tepes" direction="2" spawntime="20" x="0" y="1"/>
</spawn>
<spawn centerx="4926" centery="411" centerz="7" radius="5">
<monster name="Vlad Tepes" direction="2" spawntime="60" x="-1" y="-1"/>
<monster name="Vlad Tepes" direction="2" spawntime="20" x="0" y="-1"/>
<monster name="Vlad Tepes" direction="2" spawntime="60" x="-1" y="0"/>
<monster name="Vlad Tepes" direction="2" spawntime="20" x="1" y="0"/>
<monster name="Vlad Tepes" direction="2" spawntime="60" x="-1" y="1"/>
<monster name="Vlad Tepes" direction="2" spawntime="20" x="0" y="1"/>
</spawn>
<spawn centerx="4825" centery="412" centerz="7" radius="5">
<monster name="Plague Spitter" direction="2" spawntime="60" x="-3" y="-2"/>
<monster name="Plague Spitter" direction="2" spawntime="60" x="-1" y="-2"/>
<monster name="Plague Spitter" direction="2" spawntime="60" x="-1" y="0"/>
<monster name="Plague Spitter" direction="2" spawntime="60" x="2" y="1"/>
<monster name="Plague Spitter" direction="2" spawntime="60" x="-3" y="3"/>
<monster name="Plague Spitter" direction="2" spawntime="60" x="1" y="3"/>
<monster name="Plague Spitter" direction="2" spawntime="60" x="-1" y="5"/>
<monster name="Plague Spitter" direction="2" spawntime="60" x="5" y="5"/>
</spawn>
<spawn centerx="4836" centery="412" centerz="7" radius="5">
<monster name="Plague Spitter" direction="2" spawntime="60" x="1" y="-2"/>
<monster name="Plague Spitter" direction="2" spawntime="60" x="3" y="-2"/>
<monster name="Plague Spitter" direction="2" spawntime="60" x="-2" y="-1"/>
<monster name="Plague Spitter" direction="2" spawntime="60" x="1" y="0"/>
<monster name="Plague Spitter" direction="2" spawntime="60" x="-3" y="1"/>
<monster name="Plague Spitter" direction="2" spawntime="60" x="-1" y="2"/>
<monster name="Plague Spitter" direction="2" spawntime="60" x="2" y="2"/>
</spawn>
<spawn centerx="4952" centery="412" centerz="7" radius="5">
<monster name="Vlad Tepes" direction="2" spawntime="20" x="-1" y="-2"/>
<monster name="Vlad Tepes" direction="2" spawntime="20" x="0" y="-2"/>
<monster name="Vlad Tepes" direction="2" spawntime="20" x="-1" y="-1"/>
<monster name="Vlad Tepes" direction="2" spawntime="60" x="0" y="-1"/>
</spawn>
<spawn centerx="4961" centery="412" centerz="7" radius="7">
<monster name="Vlad Tepes" direction="2" spawntime="60" x="-1" y="-3"/>
<monster name="Vlad Tepes" direction="2" spawntime="20" x="-2" y="-2"/>
<monster name="Vlad Tepes" direction="2" spawntime="20" x="-1" y="-2"/>
<monster name="Vlad Tepes" direction="2" spawntime="20" x="0" y="-2"/>
<monster name="Vlad Tepes" direction="2" spawntime="60" x="-2" y="-1"/>
<monster name="Vlad Tepes" direction="2" spawntime="60" x="-1" y="-1"/>
<monster name="Vlad Tepes" direction="2" spawntime="60" x="0" y="-1"/>
<monster name="Vlad Tepes" direction="2" spawntime="20" x="5" y="0"/>
<monster name="Vlad Tepes" direction="2" spawntime="60" x="4" y="1"/>
<monster name="Vlad Tepes" direction="2" spawntime="20" x="5" y="1"/>
<monster name="Vlad Tepes" direction="2" spawntime="20" x="5" y="2"/>
<monster name="Vlad Tepes" direction="2" spawntime="60" x="-2" y="5"/>
<monster name="Vlad Tepes" direction="2" spawntime="20" x="-1" y="5"/>
<monster name="Vlad Tepes" direction="2" spawntime="20" x="-2" y="6"/>
<monster name="Vlad Tepes" direction="2" spawntime="20" x="-1" y="6"/>
</spawn>
<spawn centerx="4863" centery="413" centerz="7" radius="5">
<monster name="Plague Spitter" direction="2" spawntime="60" x="1" y="-3"/>
<monster name="Plague Spitter" direction="2" spawntime="60" x="2" y="1"/>
</spawn>
<spawn centerx="4874" centery="420" centerz="7" radius="8">
<monster name="Plague Spitter" direction="2" spawntime="60" x="-4" y="-4"/>
<monster name="Plague Spitter" direction="2" spawntime="60" x="2" y="-4"/>
<monster name="Plague Spitter" direction="2" spawntime="60" x="-3" y="-2"/>
<monster name="Plague Spitter" direction="2" spawntime="60" x="-5" y="1"/>
<monster name="Plague Spitter" direction="2" spawntime="60" x="-1" y="1"/>
<monster name="Plague Spitter" direction="2" spawntime="60" x="1" y="3"/>
<monster name="Plague Spitter" direction="2" spawntime="60" x="-5" y="6"/>
<monster name="Plague Spitter" direction="2" spawntime="60" x="-7" y="8"/>
<monster name="Plague Spitter" direction="2" spawntime="60" x="-3" y="8"/>
</spawn>
<spawn centerx="4909" centery="420" centerz="7" radius="5">
<monster name="Vlad Tepes" direction="2" spawntime="60" x="-1" y="-2"/>
<monster name="Vlad Tepes" direction="2" spawntime="20" x="-1" y="-1"/>
<monster name="Vlad Tepes" direction="2" spawntime="60" x="1" y="-1"/>
<monster name="Vlad Tepes" direction="2" spawntime="20" x="-1" y="0"/>
<monster name="Vlad Tepes" direction="2" spawntime="20" x="1" y="0"/>
<monster name="Vlad Tepes" direction="2" spawntime="60" x="0" y="1"/>
<monster name="Vlad Tepes" direction="2" spawntime="60" x="2" y="1"/>
</spawn>
<spawn centerx="4917" centery="420" centerz="7" radius="5">
<monster name="Vlad Tepes" direction="2" spawntime="20" x="-1" y="-1"/>
<monster name="Vlad Tepes" direction="2" spawntime="60" x="0" y="-1"/>
<monster name="Vlad Tepes" direction="2" spawntime="60" x="1" y="-1"/>
<monster name="Vlad Tepes" direction="2" spawntime="20" x="-1" y="0"/>
<monster name="Vlad Tepes" direction="2" spawntime="20" x="1" y="0"/>
<monster name="Vlad Tepes" direction="2" spawntime="60" x="0" y="1"/>
</spawn>
<spawn centerx="4927" centery="420" centerz="7" radius="5">
<monster name="Vlad Tepes" direction="2" spawntime="60" x="-1" y="-1"/>
<monster name="Vlad Tepes" direction="2" spawntime="20" x="0" y="-1"/>
<monster name="Vlad Tepes" direction="2" spawntime="20" x="-1" y="0"/>
<monster name="Vlad Tepes" direction="2" spawntime="20" x="1" y="0"/>
<monster name="Vlad Tepes" direction="2" spawntime="60" x="-2" y="1"/>
<monster name="Vlad Tepes" direction="2" spawntime="60" x="0" y="1"/>
</spawn>
<spawn centerx="4937" centery="420" centerz="7" radius="5">
<monster name="Vlad Tepes" direction="2" spawntime="60" x="-1" y="-2"/>
<monster name="Vlad Tepes" direction="2" spawntime="60" x="-1" y="-1"/>
<monster name="Vlad Tepes" direction="2" spawntime="20" x="0" y="-1"/>
<monster name="Vlad Tepes" direction="2" spawntime="60" x="1" y="-1"/>
<monster name="Vlad Tepes" direction="2" spawntime="20" x="-1" y="0"/>
<monster name="Vlad Tepes" direction="2" spawntime="20" x="1" y="0"/>
</spawn>
<spawn centerx="4947" centery="420" centerz="7" radius="5">
<monster name="Vlad Tepes" direction="2" spawntime="20" x="0" y="-1"/>
<monster name="Vlad Tepes" direction="2" spawntime="60" x="1" y="-1"/>
<monster name="Vlad Tepes" direction="2" spawntime="20" x="-1" y="0"/>
<monster name="Vlad Tepes" direction="2" spawntime="20" x="1" y="0"/>
<monster name="Vlad Tepes" direction="2" spawntime="60" x="0" y="1"/>
<monster name="Vlad Tepes" direction="2" spawntime="60" x="1" y="4"/>
</spawn>
<spawn centerx="4821" centery="421" centerz="7" radius="5">
<monster name="Plague Spitter" direction="2" spawntime="60" x="0" y="-2"/>
<monster name="Plague Spitter" direction="2" spawntime="60" x="2" y="-2"/>
<monster name="Plague Spitter" direction="2" spawntime="60" x="4" y="0"/>
<monster name="Plague Spitter" direction="2" spawntime="60" x="1" y="2"/>
</spawn>
<spawn centerx="4830" centery="421" centerz="7" radius="5">
<monster name="Plague Spitter" direction="2" spawntime="60" x="-2" y="-2"/>
<monster name="Plague Spitter" direction="2" spawntime="60" x="3" y="-2"/>
<monster name="Plague Spitter" direction="2" spawntime="60" x="1" y="-1"/>
<monster name="Plague Spitter" direction="2" spawntime="60" x="1" y="1"/>
<monster name="Plague Spitter" direction="2" spawntime="60" x="-2" y="2"/>
</spawn>
<spawn centerx="4841" centery="421" centerz="7" radius="5">
<monster name="Plague Spitter" direction="2" spawntime="60" x="-2" y="-2"/>
<monster name="Plague Spitter" direction="2" spawntime="60" x="1" y="-1"/>
<monster name="Plague Spitter" direction="2" spawntime="60" x="-2" y="0"/>
<monster name="Plague Spitter" direction="2" spawntime="60" x="-2" y="1"/>
<monster name="Plague Spitter" direction="2" spawntime="60" x="2" y="1"/>
<monster name="Plague Spitter" direction="2" spawntime="60" x="-1" y="2"/>
</spawn>
<spawn centerx="4850" centery="421" centerz="7" radius="5">
<monster name="Plague Spitter" direction="2" spawntime="60" x="-3" y="-2"/>
<monster name="Plague Spitter" direction="2" spawntime="60" x="3" y="-2"/>
<monster name="Plague Spitter" direction="2" spawntime="60" x="-2" y="0"/>
<monster name="Plague Spitter" direction="2" spawntime="60" x="0" y="1"/>
<monster name="Plague Spitter" direction="2" spawntime="60" x="-3" y="2"/>
<monster name="Plague Spitter" direction="2" spawntime="60" x="2" y="2"/>
</spawn>
<spawn centerx="4861" centery="422" centerz="7" radius="5">
<monster name="Plague Spitter" direction="2" spawntime="60" x="1" y="-3"/>
<monster name="Plague Spitter" direction="2" spawntime="60" x="-2" y="-2"/>
<monster name="Plague Spitter" direction="2" spawntime="60" x="-2" y="0"/>
<monster name="Plague Spitter" direction="2" spawntime="60" x="2" y="0"/>
<monster name="Plague Spitter" direction="2" spawntime="60" x="-1" y="3"/>
<monster name="Plague Spitter" direction="2" spawntime="60" x="-5" y="5"/>
</spawn>
<spawn centerx="4961" centery="424" centerz="7" radius="9">
<monster name="Vlad Tepes" direction="2" spawntime="60" x="0" y="-1"/>
<monster name="Vlad Tepes" direction="2" spawntime="20" x="1" y="-1"/>
<monster name="Plague Spitter" direction="2" spawntime="20" x="0" y="0"/>
<monster name="Vlad Tepes" direction="2" spawntime="20" x="1" y="0"/>
<monster name="Vlad Tepes" direction="2" spawntime="60" x="-1" y="1"/>
<monster name="Vlad Tepes" direction="2" spawntime="20" x="0" y="1"/>
<monster name="Vlad Tepes" direction="2" spawntime="60" x="1" y="2"/>
<monster name="Vlad Tepes" direction="2" spawntime="60" x="-3" y="3"/>
<monster name="Vlad Tepes" direction="2" spawntime="60" x="-1" y="7"/>
<monster name="Vlad Tepes" direction="2" spawntime="20" x="-3" y="8"/>
<monster name="Vlad Tepes" direction="2" spawntime="20" x="-2" y="8"/>
<monster name="Vlad Tepes" direction="2" spawntime="60" x="-8" y="9"/>
<monster name="Vlad Tepes" direction="2" spawntime="20" x="-3" y="9"/>
</spawn>
<spawn centerx="4948" centery="428" centerz="7" radius="5">
<monster name="Vlad Tepes" direction="2" spawntime="20" x="0" y="-1"/>
<monster name="Vlad Tepes" direction="2" spawntime="20" x="-1" y="0"/>
<monster name="Vlad Tepes" direction="2" spawntime="20" x="1" y="0"/>
<monster name="Vlad Tepes" direction="2" spawntime="60" x="0" y="1"/>
<monster name="Vlad Tepes" direction="2" spawntime="60" x="1" y="2"/>
</spawn>
<spawn centerx="4912" centery="429" centerz="7" radius="5">
<monster name="Vlad Tepes" direction="2" spawntime="60" x="0" y="-1"/>
<monster name="Vlad Tepes" direction="2" spawntime="60" x="-1" y="0"/>
<monster name="Vlad Tepes" direction="2" spawntime="20" x="-1" y="1"/>
<monster name="Vlad Tepes" direction="2" spawntime="60" x="1" y="1"/>
<monster name="Vlad Tepes" direction="2" spawntime="20" x="-1" y="2"/>
<monster name="Vlad Tepes" direction="2" spawntime="20" x="0" y="2"/>
</spawn>
<spawn centerx="4922" centery="429" centerz="7" radius="5">
<monster name="Vlad Tepes" direction="2" spawntime="60" x="-1" y="-1"/>
<monster name="Vlad Tepes" direction="2" spawntime="20" x="-1" y="0"/>
<monster name="Vlad Tepes" direction="2" spawntime="20" x="1" y="0"/>
<monster name="Vlad Tepes" direction="2" spawntime="60" x="-1" y="1"/>
<monster name="Vlad Tepes" direction="2" spawntime="20" x="0" y="1"/>
<monster name="Vlad Tepes" direction="2" spawntime="60" x="1" y="1"/>
</spawn>
<spawn centerx="4931" centery="429" centerz="7" radius="5">
<monster name="Vlad Tepes" direction="2" spawntime="60" x="0" y="-1"/>
<monster name="Vlad Tepes" direction="2" spawntime="20" x="-1" y="0"/>
<monster name="Vlad Tepes" direction="2" spawntime="20" x="1" y="0"/>
<monster name="Vlad Tepes" direction="2" spawntime="60" x="-1" y="1"/>
<monster name="Vlad Tepes" direction="2" spawntime="20" x="0" y="1"/>
<monster name="Vlad Tepes" direction="2" spawntime="60" x="1" y="1"/>
</spawn>
<spawn centerx="4836" centery="430" centerz="7" radius="5">
<monster name="Plague Spitter" direction="2" spawntime="60" x="2" y="-3"/>
<monster name="Plague Spitter" direction="2" spawntime="60" x="-1" y="-2"/>
<monster name="Plague Spitter" direction="2" spawntime="60" x="3" y="-1"/>
<monster name="Plague Spitter" direction="2" spawntime="60" x="-2" y="0"/>
<monster name="Plague Spitter" direction="2" spawntime="60" x="-3" y="2"/>
<monster name="Plague Spitter" direction="2" spawntime="60" x="2" y="2"/>
<monster name="Plague Spitter" direction="2" spawntime="60" x="-1" y="3"/>
</spawn>
<spawn centerx="4847" centery="430" centerz="7" radius="5">
<monster name="Plague Spitter" direction="2" spawntime="60" x="2" y="-3"/>
<monster name="Plague Spitter" direction="2" spawntime="60" x="-1" y="-2"/>
<monster name="Plague Spitter" direction="2" spawntime="60" x="-2" y="0"/>
<monster name="Plague Spitter" direction="2" spawntime="60" x="1" y="2"/>
<monster name="Plague Spitter" direction="2" spawntime="60" x="-3" y="3"/>
</spawn>
<spawn centerx="4857" centery="430" centerz="7" radius="5">
<monster name="Plague Spitter" direction="2" spawntime="60" x="1" y="-1"/>
<monster name="Plague Spitter" direction="2" spawntime="60" x="4" y="0"/>
<monster name="Plague Spitter" direction="2" spawntime="60" x="-2" y="1"/>
<monster name="Plague Spitter" direction="2" spawntime="60" x="3" y="2"/>
<monster name="Plague Spitter" direction="2" spawntime="60" x="0" y="3"/>
</spawn>
<spawn centerx="4869" centery="430" centerz="7" radius="7">
<monster name="Plague Spitter" direction="2" spawntime="60" x="4" y="1"/>
<monster name="Plague Spitter" direction="2" spawntime="60" x="-2" y="2"/>
<monster name="Plague Spitter" direction="2" spawntime="60" x="1" y="2"/>
<monster name="Plague Spitter" direction="2" spawntime="60" x="-6" y="6"/>
</spawn>
<spawn centerx="4940" centery="430" centerz="7" radius="5">
<monster name="Vlad Tepes" direction="2" spawntime="60" x="0" y="-1"/>
<monster name="Vlad Tepes" direction="2" spawntime="20" x="-1" y="0"/>
<monster name="Vlad Tepes" direction="2" spawntime="20" x="0" y="0"/>
<monster name="Vlad Tepes" direction="2" spawntime="20" x="1" y="0"/>
<monster name="Vlad Tepes" direction="2" spawntime="60" x="0" y="1"/>
<monster name="Vlad Tepes" direction="2" spawntime="60" x="1" y="1"/>
</spawn>
<spawn centerx="4825" centery="431" centerz="7" radius="5">
<monster name="Plague Spitter" direction="2" spawntime="60" x="-2" y="-3"/>
<monster name="Plague Spitter" direction="2" spawntime="60" x="1" y="-3"/>
<monster name="Plague Spitter" direction="2" spawntime="60" x="1" y="-1"/>
<monster name="Plague Spitter" direction="2" spawntime="60" x="3" y="-1"/>
<monster name="Plague Spitter" direction="2" spawntime="60" x="-2" y="0"/>
<monster name="Plague Spitter" direction="2" spawntime="60" x="1" y="2"/>
<monster name="Plague Spitter" direction="2" spawntime="60" x="5" y="4"/>
</spawn>
<spawn centerx="4954" centery="436" centerz="7" radius="5">
<monster name="Vlad Tepes" direction="2" spawntime="60" x="3" y="-2"/>
<monster name="Vlad Tepes" direction="2" spawntime="60" x="-2" y="-1"/>
<monster name="Vlad Tepes" direction="2" spawntime="20" x="0" y="-1"/>
<monster name="Vlad Tepes" direction="2" spawntime="60" x="-1" y="0"/>
<monster name="Vlad Tepes" direction="2" spawntime="20" x="-1" y="1"/>
<monster name="Vlad Tepes" direction="2" spawntime="60" x="0" y="1"/>
<monster name="Vlad Tepes" direction="2" spawntime="20" x="1" y="1"/>
</spawn>
<spawn centerx="4832" centery="438" centerz="7" radius="5">
<monster name="Plague Spitter" direction="2" spawntime="60" x="0" y="-2"/>
<monster name="Plague Spitter" direction="2" spawntime="60" x="3" y="-2"/>
<monster name="Plague Spitter" direction="2" spawntime="60" x="-2" y="1"/>
<monster name="Plague Spitter" direction="2" spawntime="60" x="2" y="1"/>
</spawn>
<spawn centerx="4841" centery="438" centerz="7" radius="5">
<monster name="Plague Spitter" direction="2" spawntime="60" x="1" y="-2"/>
<monster name="Plague Spitter" direction="2" spawntime="60" x="-2" y="-1"/>
<monster name="Plague Spitter" direction="2" spawntime="60" x="2" y="1"/>
<monster name="Plague Spitter" direction="2" spawntime="60" x="-1" y="2"/>
</spawn>
<spawn centerx="4851" centery="438" centerz="7" radius="5">
<monster name="Plague Spitter" direction="2" spawntime="60" x="-2" y="-2"/>
<monster name="Plague Spitter" direction="2" spawntime="60" x="0" y="-2"/>
<monster name="Plague Spitter" direction="2" spawntime="60" x="0" y="-1"/>
<monster name="Plague Spitter" direction="2" spawntime="60" x="2" y="-1"/>
<monster name="Plague Spitter" direction="2" spawntime="60" x="2" y="1"/>
<monster name="Plague Spitter" direction="2" spawntime="60" x="-2" y="2"/>
</spawn>
<spawn centerx="4861" centery="438" centerz="7" radius="5">
<monster name="Plague Spitter" direction="2" spawntime="60" x="-1" y="-2"/>
<monster name="Plague Spitter" direction="2" spawntime="60" x="2" y="0"/>
<monster name="Plague Spitter" direction="2" spawntime="60" x="-2" y="1"/>
</spawn>
<spawn centerx="4916" centery="438" centerz="7" radius="5">
<monster name="Vlad Tepes" direction="2" spawntime="60" x="0" y="-1"/>
<monster name="Vlad Tepes" direction="2" spawntime="20" x="-1" y="0"/>
<monster name="Vlad Tepes" direction="2" spawntime="60" x="1" y="0"/>
<monster name="Vlad Tepes" direction="2" spawntime="20" x="0" y="1"/>
<monster name="Vlad Tepes" direction="2" spawntime="20" x="1" y="1"/>
</spawn>
<spawn centerx="4925" centery="438" centerz="7" radius="5">
<monster name="Vlad Tepes" direction="2" spawntime="60" x="-1" y="-1"/>
<monster name="Vlad Tepes" direction="2" spawntime="60" x="0" y="-1"/>
<monster name="Vlad Tepes" direction="2" spawntime="20" x="-1" y="0"/>
<monster name="Vlad Tepes" direction="2" spawntime="20" x="0" y="0"/>
<monster name="Vlad Tepes" direction="2" spawntime="20" x="1" y="0"/>
<monster name="Vlad Tepes" direction="2" spawntime="60" x="0" y="1"/>
<monster name="Vlad Tepes" direction="2" spawntime="60" x="1" y="1"/>
</spawn>
<spawn centerx="4934" centery="438" centerz="7" radius="5">
<monster name="Vlad Tepes" direction="2" spawntime="60" x="-2" y="-1"/>
<monster name="Vlad Tepes" direction="2" spawntime="60" x="0" y="-1"/>
<monster name="Vlad Tepes" direction="2" spawntime="20" x="-1" y="0"/>
<monster name="Vlad Tepes" direction="2" spawntime="20" x="1" y="0"/>
<monster name="Vlad Tepes" direction="2" spawntime="20" x="0" y="1"/>
<monster name="Vlad Tepes" direction="2" spawntime="60" x="1" y="1"/>
</spawn>
<spawn centerx="4945" centery="438" centerz="7" radius="5">
<monster name="Vlad Tepes" direction="2" spawntime="60" x="-1" y="-1"/>
<monster name="Vlad Tepes" direction="2" spawntime="20" x="0" y="-1"/>
<monster name="Vlad Tepes" direction="2" spawntime="60" x="1" y="-1"/>
<monster name="Vlad Tepes" direction="2" spawntime="20" x="-1" y="0"/>
<monster name="Vlad Tepes" direction="2" spawntime="20" x="1" y="0"/>
<monster name="Vlad Tepes" direction="2" spawntime="60" x="0" y="1"/>
</spawn>
<spawn centerx="4913" centery="482" centerz="7" radius="30">
<monster name="Soul Destroyer" direction="2" spawntime="60" x="0" y="-6"/>
<monster name="Soul Destroyer" direction="2" spawntime="60" x="1" y="-6"/>
<monster name="Soul Destroyer" direction="2" spawntime="60" x="-5" y="-1"/>
<monster name="Soul Destroyer" direction="2" spawntime="60" x="6" y="-1"/>
<monster name="Soul Destroyer" direction="2" spawntime="60" x="-5" y="0"/>
<monster name="Soul Destroyer" direction="2" spawntime="60" x="6" y="0"/>
<monster name="Soul Destroyer" direction="2" spawntime="60" x="0" y="5"/>
<monster name="Soul Destroyer" direction="2" spawntime="60" x="1" y="5"/>
</spawn>
<spawn centerx="4962" centery="491" centerz="7" radius="5">
<monster name="Doom Lord" direction="2" spawntime="60" x="-1" y="0"/>
<monster name="fire storm" direction="2" spawntime="60" x="1" y="0"/>
<monster name="Doom Lord" direction="2" spawntime="60" x="3" y="0"/>
<monster name="Doom Lord" direction="2" spawntime="60" x="-3" y="1"/>
<monster name="fire storm" direction="2" spawntime="60" x="-1" y="1"/>
<monster name="Doom Lord" direction="2" spawntime="60" x="1" y="1"/>
</spawn>
<spawn centerx="4961" centery="501" centerz="7" radius="5">
<monster name="Doom Lord" direction="2" spawntime="60" x="1" y="-1"/>
<monster name="Doom Lord" direction="2" spawntime="60" x="-1" y="0"/>
<monster name="Doom Lord" direction="2" spawntime="60" x="1" y="0"/>
<monster name="Doom Lord" direction="2" spawntime="60" x="3" y="0"/>
</spawn>
<spawn centerx="4963" centery="509" centerz="7" radius="5">
<monster name="Doom Lord" direction="2" spawntime="60" x="-2" y="1"/>
<monster name="fire storm" direction="2" spawntime="60" x="-4" y="3"/>
<monster name="fire storm" direction="2" spawntime="60" x="0" y="3"/>
</spawn>
<spawn centerx="4942" centery="516" centerz="7" radius="5">
<monster name="Leprechaun" direction="2" spawntime="60" x="1" y="1"/>
</spawn>
<spawn centerx="4953" centery="528" centerz="7" radius="5">
<monster name="Agent Smith" direction="2" spawntime="60" x="1" y="0"/>
</spawn>
<spawn centerx="4899" centery="530" centerz="7" radius="5">
<monster name="fire storm" direction="2" spawntime="60" x="-1" y="1"/>
<monster name="fire storm" direction="2" spawntime="60" x="2" y="1"/>
</spawn>
<spawn centerx="4891" centery="531" centerz="7" radius="5">
<monster name="Juggernaught" direction="2" spawntime="60" x="-1" y="-2"/>
<monster name="Juggernaught" direction="2" spawntime="60" x="-1" y="0"/>
</spawn>
<spawn centerx="4910" centery="531" centerz="7" radius="5">
<monster name="The Soul" direction="2" spawntime="60" x="2" y="0"/>
</spawn>
<spawn centerx="4943" centery="535" centerz="7" radius="5">
<monster name="Ancient Necropharus" direction="2" spawntime="60" x="-1" y="1"/>
</spawn>
<spawn centerx="4894" centery="547" centerz="7" radius="5">
<monster name="Captain Jack" direction="2" spawntime="60" x="0" y="-1"/>
<monster name="Captain Jack" direction="2" spawntime="60" x="-1" y="0"/>
</spawn>
<spawn centerx="4893" centery="565" centerz="7" radius="5">
<monster name="Orshabaal" direction="2" spawntime="60" x="-2" y="0"/>
<monster name="Orshabaal" direction="2" spawntime="60" x="-4" y="1"/>
</spawn>
<spawn centerx="4884" centery="567" centerz="7" radius="5">
<monster name="Orshabaal" direction="2" spawntime="60" x="1" y="-2"/>
<monster name="Orshabaal" direction="2" spawntime="60" x="-2" y="-1"/>
<monster name="Orshabaal" direction="2" spawntime="60" x="-2" y="3"/>
<monster name="Orshabaal" direction="2" spawntime="60" x="3" y="5"/>
</spawn>
<spawn centerx="4973" centery="569" centerz="7" radius="5">
<monster name="The Creator" direction="2" spawntime="60" x="1" y="1"/>
</spawn>
<spawn centerx="4890" centery="575" centerz="7" radius="5">
<monster name="Orshabaal" direction="2" spawntime="60" x="1" y="-3"/>
<monster name="Orshabaal" direction="2" spawntime="60" x="1" y="0"/>
<monster name="Orshabaal" direction="2" spawntime="60" x="1" y="2"/>
<monster name="Orshabaal" direction="2" spawntime="60" x="-5" y="3"/>
</spawn>
<spawn centerx="4910" centery="575" centerz="7" radius="5">
<monster name="Juggernaught" direction="2" spawntime="60" x="2" y="-1"/>
<monster name="Juggernaught" direction="2" spawntime="60" x="-1" y="0"/>
</spawn>
<spawn centerx="4959" centery="579" centerz="7" radius="5">
<monster name="fire storm" direction="2" spawntime="60" x="1" y="-1"/>
<monster name="fire storm" direction="2" spawntime="60" x="-3" y="0"/>
<monster name="fire storm" direction="2" spawntime="60" x="-1" y="1"/>
<monster name="fire storm" direction="2" spawntime="60" x="-5" y="2"/>
<monster name="Behemoth" direction="2" spawntime="60" x="-5" y="3"/>
<monster name="Behemoth" direction="2" spawntime="60" x="-5" y="4"/>
<monster name="Behemoth" direction="2" spawntime="60" x="-5" y="5"/>
</spawn>
<spawn centerx="4882" centery="580" centerz="7" radius="5">
<monster name="Orshabaal" direction="2" spawntime="60" x="0" y="2"/>
<monster name="Orshabaal" direction="2" spawntime="60" x="4" y="3"/>
</spawn>
<spawn centerx="4914" centery="584" centerz="7" radius="5">
<monster name="Juggernaught" direction="2" spawntime="60" x="2" y="2"/>
<monster name="Juggernaught" direction="2" spawntime="60" x="0" y="3"/>
</spawn>
<spawn centerx="4952" centery="585" centerz="7" radius="5">
<monster name="Behemoth" direction="2" spawntime="60" x="0" y="-3"/>
<monster name="Behemoth" direction="2" spawntime="60" x="1" y="-3"/>
<monster name="Behemoth" direction="2" spawntime="60" x="0" y="-2"/>
<monster name="Behemoth" direction="2" spawntime="60" x="1" y="-2"/>
<monster name="Behemoth" direction="2" spawntime="60" x="0" y="-1"/>
<monster name="Behemoth" direction="2" spawntime="60" x="1" y="-1"/>
</spawn>
<spawn centerx="4890" centery="587" centerz="7" radius="5">
<monster name="Orshabaal" direction="2" spawntime="60" x="0" y="-2"/>
<monster name="Necropharus" direction="2" spawntime="60" x="-3" y="-1"/>
<monster name="Orshabaal" direction="2" spawntime="60" x="-2" y="3"/>
<monster name="Orshabaal" direction="2" spawntime="60" x="2" y="4"/>
</spawn>
<spawn centerx="4880" centery="588" centerz="7" radius="5">
<monster name="Orshabaal" direction="2" spawntime="60" x="3" y="0"/>
<monster name="Orshabaal" direction="2" spawntime="60" x="2" y="4"/>
</spawn>
<spawn centerx="4927" centery="589" centerz="7" radius="5">
<monster name="Lucifer" direction="2" spawntime="60" x="0" y="2"/>
</spawn>
<spawn centerx="4884" centery="596" centerz="7" radius="5">
<monster name="Orshabaal" direction="2" spawntime="60" x="1" y="0"/>
<monster name="Orshabaal" direction="2" spawntime="60" x="4" y="2"/>
</spawn>
<spawn centerx="4893" centery="598" centerz="7" radius="5">
<monster name="Orshabaal" direction="2" spawntime="60" x="-1" y="-3"/>
<monster name="Orshabaal" direction="2" spawntime="60" x="-1" y="3"/>
</spawn>
<spawn centerx="4951" centery="611" centerz="7" radius="5">
<monster name="fire storm" direction="2" spawntime="60" x="3" y="-4"/>
<monster name="Doom Lord" direction="2" spawntime="60" x="-1" y="-3"/>
<monster name="Doom Lord" direction="2" spawntime="60" x="-3" y="-1"/>
<monster name="Doom Lord" direction="2" spawntime="60" x="-1" y="-1"/>
<monster name="Doom Lord" direction="2" spawntime="60" x="4" y="0"/>
<monster name="fire storm" direction="2" spawntime="60" x="-3" y="4"/>
<monster name="Doom Lord" direction="2" spawntime="60" x="0" y="5"/>
</spawn>
<spawn centerx="4961" centery="611" centerz="7" radius="5">
<monster name="fire storm" direction="2" spawntime="60" x="0" y="-5"/>
<monster name="Doom Lord" direction="2" spawntime="60" x="-1" y="-3"/>
<monster name="Doom Lord" direction="2" spawntime="60" x="3" y="-3"/>
<monster name="Doom Lord" direction="2" spawntime="60" x="-4" y="0"/>
<monster name="Doom Lord" direction="2" spawntime="60" x="3" y="1"/>
<monster name="Doom Lord" direction="2" spawntime="60" x="0" y="4"/>
<monster name="fire storm" direction="2" spawntime="60" x="3" y="4"/>
</spawn>
<spawn centerx="4910" centery="613" centerz="7" radius="5">
<monster name="Juggernaught" direction="2" spawntime="60" x="2" y="0"/>
<monster name="Juggernaught" direction="2" spawntime="60" x="-1" y="2"/>
</spawn>
<spawn centerx="4888" centery="644" centerz="7" radius="5">
<monster name="The Creator" direction="2" spawntime="60" x="1" y="2"/>
</spawn>
<spawn centerx="4925" centery="646" centerz="7" radius="5">
<monster name="The Creator" direction="2" spawntime="60" x="0" y="1"/>
</spawn>
<spawn centerx="4958" centery="649" centerz="7" radius="5">
<monster name="The Creator" direction="2" spawntime="60" x="1" y="0"/>
</spawn>
<spawn centerx="4896" centery="655" centerz="7" radius="5">
<monster name="Ghostly visage" direction="2" spawntime="20" x="1" y="-1"/>
<monster name="Demonic Summoner" direction="2" spawntime="20" x="1" y="0"/>
<monster name="Ghostly visage" direction="2" spawntime="20" x="0" y="1"/>
<monster name="Ghostly visage" direction="2" spawntime="20" x="1" y="1"/>
</spawn>
<spawn centerx="4925" centery="656" centerz="7" radius="5">
<monster name="Ghostly visage" direction="2" spawntime="20" x="-1" y="0"/>
<monster name="Ghostly visage" direction="2" spawntime="20" x="1" y="0"/>
<monster name="Ghostly visage" direction="2" spawntime="20" x="0" y="1"/>
<monster name="Demonic Summoner" direction="2" spawntime="20" x="1" y="1"/>
</spawn>
<spawn centerx="4950" centery="659" centerz="7" radius="5">
<monster name="Ghostly visage" direction="2" spawntime="20" x="0" y="-1"/>
<monster name="Ghostly visage" direction="2" spawntime="20" x="-1" y="0"/>
<monster name="Ghostly visage" direction="2" spawntime="20" x="1" y="0"/>
<monster name="Demonic Summoner" direction="2" spawntime="20" x="0" y="1"/>
</spawn>
<spawn centerx="4901" centery="664" centerz="7" radius="5">
<monster name="Demonic Summoner" direction="2" spawntime="20" x="-1" y="-1"/>
<monster name="Ghostly visage" direction="2" spawntime="20" x="0" y="-1"/>
<monster name="Ghostly visage" direction="2" spawntime="20" x="-1" y="0"/>
<monster name="Ghostly visage" direction="2" spawntime="20" x="1" y="0"/>
</spawn>
<spawn centerx="4926" centery="664" centerz="7" radius="5">
<monster name="Ghostly visage" direction="2" spawntime="20" x="-1" y="-1"/>
<monster name="Demonic Summoner" direction="2" spawntime="20" x="0" y="-1"/>
<monster name="Ghostly visage" direction="2" spawntime="20" x="-1" y="0"/>
<monster name="Ghostly visage" direction="2" spawntime="20" x="0" y="2"/>
</spawn>
<spawn centerx="4945" centery="668" centerz="7" radius="5">
<monster name="Ghostly visage" direction="2" spawntime="20" x="-1" y="-1"/>
<monster name="Ghostly visage" direction="2" spawntime="20" x="0" y="-1"/>
<monster name="Demonic Summoner" direction="2" spawntime="20" x="1" y="-1"/>
<monster name="Ghostly visage" direction="2" spawntime="20" x="1" y="0"/>
</spawn>
<spawn centerx="4908" centery="672" centerz="7" radius="5">
<monster name="Demonic Summoner" direction="2" spawntime="20" x="-1" y="-1"/>
<monster name="Ghostly visage" direction="2" spawntime="20" x="0" y="-1"/>
<monster name="Ghostly visage" direction="2" spawntime="20" x="-1" y="0"/>
<monster name="Ghostly visage" direction="2" spawntime="20" x="1" y="0"/>
</spawn>
<spawn centerx="4925" centery="673" centerz="7" radius="5">
<monster name="Demonic Summoner" direction="2" spawntime="20" x="-1" y="-1"/>
<monster name="Ghostly visage" direction="2" spawntime="20" x="0" y="-1"/>
<monster name="Ghostly visage" direction="2" spawntime="20" x="-1" y="0"/>
<monster name="Ghostly visage" direction="2" spawntime="20" x="0" y="1"/>
</spawn>
<spawn centerx="4936" centery="675" centerz="7" radius="5">
<monster name="Ghostly visage" direction="2" spawntime="20" x="-1" y="-1"/>
<monster name="Ghostly visage" direction="2" spawntime="20" x="0" y="-1"/>
<monster name="Demonic Summoner" direction="2" spawntime="20" x="1" y="-1"/>
<monster name="Ghostly visage" direction="2" spawntime="20" x="1" y="0"/>
</spawn>
<spawn centerx="4867" centery="676" centerz="7" radius="5">
<monster name="The Creator" direction="2" spawntime="60" x="0" y="-1"/>
</spawn>
<spawn centerx="4879" centery="679" centerz="7" radius="5">
<monster name="Ghostly visage" direction="2" spawntime="20" x="-1" y="-1"/>
<monster name="Demonic Summoner" direction="2" spawntime="20" x="-1" y="0"/>
<monster name="Ghostly visage" direction="2" spawntime="20" x="-1" y="1"/>
<monster name="Ghostly visage" direction="2" spawntime="20" x="1" y="1"/>
</spawn>
<spawn centerx="4915" centery="679" centerz="7" radius="5">
<monster name="Demonic Summoner" direction="2" spawntime="20" x="-1" y="-1"/>
<monster name="Ghostly visage" direction="2" spawntime="20" x="0" y="-1"/>
<monster name="Ghostly visage" direction="2" spawntime="20" x="-1" y="0"/>
<monster name="Ghostly visage" direction="2" spawntime="20" x="1" y="0"/>
</spawn>
<spawn centerx="4963" centery="680" centerz="7" radius="5">
<monster name="Ghostly visage" direction="2" spawntime="20" x="-1" y="-1"/>
<monster name="Ghostly visage" direction="2" spawntime="20" x="1" y="0"/>
<monster name="Ghostly visage" direction="2" spawntime="20" x="-1" y="1"/>
<monster name="Demonic Summoner" direction="2" spawntime="20" x="0" y="1"/>
</spawn>
<spawn centerx="4944" centery="681" centerz="7" radius="5">
<monster name="Ghostly visage" direction="2" spawntime="20" x="0" y="-1"/>
<monster name="Ghostly visage" direction="2" spawntime="20" x="-1" y="1"/>
<monster name="Demonic Summoner" direction="2" spawntime="20" x="0" y="1"/>
<monster name="Ghostly visage" direction="2" spawntime="20" x="1" y="1"/>
</spawn>
<spawn centerx="4889" centery="682" centerz="7" radius="5">
<monster name="Ghostly visage" direction="2" spawntime="20" x="-1" y="-1"/>
<monster name="Demonic Summoner" direction="2" spawntime="20" x="-1" y="0"/>
<monster name="Ghostly visage" direction="2" spawntime="20" x="-1" y="1"/>
<monster name="Ghostly visage" direction="2" spawntime="20" x="1" y="1"/>
</spawn>
<spawn centerx="4899" centery="682" centerz="7" radius="5">
<monster name="Ghostly visage" direction="2" spawntime="20" x="-1" y="-1"/>
<monster name="Ghostly visage" direction="2" spawntime="20" x="0" y="-1"/>
<monster name="Demonic Summoner" direction="2" spawntime="20" x="-1" y="0"/>
<monster name="Ghostly visage" direction="2" spawntime="20" x="-1" y="1"/>
</spawn>
<spawn centerx="4954" centery="682" centerz="7" radius="5">
<monster name="Ghostly visage" direction="2" spawntime="20" x="0" y="-1"/>
<monster name="Ghostly visage" direction="2" spawntime="20" x="-1" y="0"/>
<monster name="Ghostly visage" direction="2" spawntime="20" x="0" y="1"/>
<monster name="Demonic Summoner" direction="2" spawntime="20" x="1" y="1"/>
</spawn>
<spawn centerx="4974" centery="682" centerz="7" radius="5">
<monster name="The Creator" direction="2" spawntime="60" x="-1" y="-1"/>
</spawn>
<spawn centerx="4908" centery="684" centerz="7" radius="5">
<monster name="Ghostly visage" direction="2" spawntime="20" x="-1" y="-1"/>
<monster name="Demonic Summoner" direction="2" spawntime="20" x="-1" y="0"/>
<monster name="Ghostly visage" direction="2" spawntime="20" x="-1" y="1"/>
<monster name="Ghostly visage" direction="2" spawntime="20" x="1" y="1"/>
<monster name="Ghostly visage" direction="2" spawntime="20" x="3" y="4"/>
</spawn>
<spawn centerx="4934" centery="684" centerz="7" radius="5">
<monster name="Ghostly visage" direction="2" spawntime="20" x="-1" y="-2"/>
<monster name="Ghostly visage" direction="2" spawntime="20" x="1" y="-2"/>
<monster name="Demonic Summoner" direction="2" spawntime="20" x="0" y="-1"/>
<monster name="Ghostly visage" direction="2" spawntime="20" x="-1" y="1"/>
</spawn>
<spawn centerx="4914" centery="691" centerz="7" radius="5">
<monster name="Ghostly visage" direction="2" spawntime="20" x="-1" y="-1"/>
<monster name="Ghostly visage" direction="2" spawntime="20" x="1" y="-1"/>
<monster name="Demonic Summoner" direction="2" spawntime="20" x="-1" y="0"/>
<monster name="Ghostly visage" direction="2" spawntime="20" x="0" y="1"/>
</spawn>
<spawn centerx="4927" centery="691" centerz="7" radius="5">
<monster name="Demonic Summoner" direction="2" spawntime="20" x="1" y="0"/>
<monster name="Ghostly visage" direction="2" spawntime="20" x="-1" y="1"/>
<monster name="Ghostly visage" direction="2" spawntime="20" x="0" y="1"/>
<monster name="Ghostly visage" direction="2" spawntime="20" x="1" y="1"/>
</spawn>
<spawn centerx="4941" centery="691" centerz="7" radius="5">
<monster name="Ghostly visage" direction="2" spawntime="20" x="-1" y="0"/>
<monster name="Ghostly visage" direction="2" spawntime="20" x="1" y="0"/>
<monster name="Ghostly visage" direction="2" spawntime="20" x="0" y="1"/>
<monster name="Demonic Summoner" direction="2" spawntime="20" x="1" y="1"/>
</spawn>
<spawn centerx="4903" centery="696" centerz="7" radius="5">
<monster name="Ghostly visage" direction="2" spawntime="20" x="0" y="-1"/>
<monster name="Ghostly visage" direction="2" spawntime="20" x="1" y="0"/>
<monster name="Ghostly visage" direction="2" spawntime="20" x="0" y="1"/>
<monster name="Demonic Summoner" direction="2" spawntime="20" x="1" y="1"/>
</spawn>
<spawn centerx="4922" centery="697" centerz="7" radius="5">
<monster name="Ghostly visage" direction="2" spawntime="20" x="-1" y="0"/>
<monster name="Demonic Summoner" direction="2" spawntime="20" x="-1" y="1"/>
<monster name="Ghostly visage" direction="2" spawntime="20" x="0" y="1"/>
<monster name="Ghostly visage" direction="2" spawntime="20" x="1" y="1"/>
</spawn>
<spawn centerx="4933" centery="698" centerz="7" radius="5">
<monster name="Ghostly visage" direction="2" spawntime="20" x="-1" y="0"/>
<monster name="Demonic Summoner" direction="2" spawntime="20" x="1" y="0"/>
<monster name="Ghostly visage" direction="2" spawntime="20" x="0" y="1"/>
<monster name="Ghostly visage" direction="2" spawntime="20" x="1" y="1"/>
</spawn>
<spawn centerx="4893" centery="699" centerz="7" radius="5">
<monster name="Ghostly visage" direction="2" spawntime="20" x="-1" y="-1"/>
<monster name="Demonic Summoner" direction="2" spawntime="20" x="-1" y="0"/>
<monster name="Ghostly visage" direction="2" spawntime="20" x="-1" y="1"/>
<monster name="Ghostly visage" direction="2" spawntime="20" x="1" y="1"/>
</spawn>
<spawn centerx="4947" centery="699" centerz="7" radius="5">
<monster name="Ghostly visage" direction="2" spawntime="20" x="-1" y="1"/>
<monster name="Ghostly visage" direction="2" spawntime="20" x="0" y="1"/>
<monster name="Demonic Summoner" direction="2" spawntime="20" x="1" y="1"/>
<monster name="Ghostly visage" direction="2" spawntime="20" x="1" y="2"/>
</spawn>
<spawn centerx="4919" centery="705" centerz="7" radius="5">
<monster name="Ghostly visage" direction="2" spawntime="20" x="-1" y="0"/>
<monster name="Ghostly visage" direction="2" spawntime="20" x="1" y="0"/>
<monster name="Ghostly visage" direction="2" spawntime="20" x="-1" y="1"/>
<monster name="Demonic Summoner" direction="2" spawntime="20" x="0" y="1"/>
</spawn>
<spawn centerx="4935" centery="707" centerz="7" radius="5">
<monster name="Ghostly visage" direction="2" spawntime="20" x="-1" y="-1"/>
<monster name="Ghostly visage" direction="2" spawntime="20" x="1" y="-1"/>
<monster name="Ghostly visage" direction="2" spawntime="20" x="-1" y="1"/>
<monster name="Demonic Summoner" direction="2" spawntime="20" x="0" y="1"/>
</spawn>
<spawn centerx="4890" centery="708" centerz="7" radius="5">
<monster name="Demonic Summoner" direction="2" spawntime="20" x="0" y="-1"/>
<monster name="Ghostly visage" direction="2" spawntime="20" x="1" y="-1"/>
<monster name="Ghostly visage" direction="2" spawntime="20" x="-1" y="0"/>
<monster name="Ghostly visage" direction="2" spawntime="20" x="1" y="1"/>
<monster name="Ghostly visage" direction="2" spawntime="20" x="-5" y="5"/>
</spawn>
<spawn centerx="4953" centery="708" centerz="7" radius="5">
<monster name="Ghostly visage" direction="2" spawntime="20" x="-1" y="-1"/>
<monster name="Demonic Summoner" direction="2" spawntime="20" x="-1" y="0"/>
<monster name="Ghostly visage" direction="2" spawntime="20" x="-1" y="1"/>
<monster name="Ghostly visage" direction="2" spawntime="20" x="1" y="1"/>
</spawn>
<spawn centerx="4885" centery="714" centerz="7" radius="5">
<monster name="Demonic Summoner" direction="2" spawntime="20" x="-1" y="-1"/>
<monster name="Ghostly visage" direction="2" spawntime="20" x="-1" y="0"/>
<monster name="Ghostly visage" direction="2" spawntime="20" x="2" y="0"/>
</spawn>
<spawn centerx="4918" centery="715" centerz="7" radius="5">
<monster name="Ghostly visage" direction="2" spawntime="20" x="-1" y="-1"/>
<monster name="Demonic Summoner" direction="2" spawntime="20" x="-1" y="0"/>
<monster name="Ghostly visage" direction="2" spawntime="20" x="0" y="1"/>
<monster name="Ghostly visage" direction="2" spawntime="20" x="1" y="1"/>
</spawn>
<spawn centerx="4957" centery="716" centerz="7" radius="5">
<monster name="Demonic Summoner" direction="2" spawntime="20" x="-1" y="-1"/>
<monster name="Ghostly visage" direction="2" spawntime="20" x="0" y="-1"/>
<monster name="Ghostly visage" direction="2" spawntime="20" x="-1" y="0"/>
<monster name="Ghostly visage" direction="2" spawntime="20" x="1" y="0"/>
</spawn>
<spawn centerx="4873" centery="717" centerz="7" radius="5">
<monster name="The Creator" direction="2" spawntime="60" x="1" y="-1"/>
</spawn>
<spawn centerx="4932" centery="717" centerz="7" radius="5">
<monster name="Ghostly visage" direction="2" spawntime="20" x="-1" y="-1"/>
<monster name="Ghostly visage" direction="2" spawntime="20" x="1" y="0"/>
<monster name="Ghostly visage" direction="2" spawntime="20" x="-1" y="1"/>
<monster name="Demonic Summoner" direction="2" spawntime="20" x="1" y="1"/>
</spawn>
<spawn centerx="4912" centery="724" centerz="7" radius="5">
<monster name="Ghostly visage" direction="2" spawntime="20" x="-1" y="-1"/>
<monster name="Demonic Summoner" direction="2" spawntime="20" x="-1" y="0"/>
<monster name="Ghostly visage" direction="2" spawntime="20" x="1" y="0"/>
<monster name="Ghostly visage" direction="2" spawntime="20" x="1" y="1"/>
</spawn>
<spawn centerx="4958" centery="725" centerz="7" radius="5">
<monster name="Ghostly visage" direction="2" spawntime="20" x="-1" y="-1"/>
<monster name="Ghostly visage" direction="2" spawntime="20" x="-1" y="1"/>
<monster name="Demonic Summoner" direction="2" spawntime="20" x="0" y="1"/>
<monster name="Ghostly visage" direction="2" spawntime="20" x="1" y="1"/>
</spawn>
<spawn centerx="4934" centery="727" centerz="7" radius="5">
<monster name="Ghostly visage" direction="2" spawntime="20" x="-1" y="0"/>
<monster name="Ghostly visage" direction="2" spawntime="20" x="1" y="0"/>
<monster name="Ghostly visage" direction="2" spawntime="20" x="-1" y="1"/>
<monster name="Demonic Summoner" direction="2" spawntime="20" x="0" y="1"/>
</spawn>
<spawn centerx="4965" centery="731" centerz="7" radius="5">
<monster name="Ghostly visage" direction="2" spawntime="20" x="3" y="1"/>
<monster name="Demonic Summoner" direction="2" spawntime="20" x="2" y="2"/>
<monster name="Ghostly visage" direction="2" spawntime="20" x="2" y="3"/>
<monster name="Ghostly visage" direction="2" spawntime="20" x="3" y="3"/>
</spawn>
<spawn centerx="4907" centery="734" centerz="7" radius="5">
<monster name="The Creator" direction="2" spawntime="60" x="1" y="1"/>
</spawn>
<spawn centerx="4939" centery="737" centerz="7" radius="5">
<monster name="The Creator" direction="2" spawntime="60" x="-2" y="3"/>
</spawn>
<spawn centerx="4970" centery="739" centerz="7" radius="5">
<monster name="The Creator" direction="2" spawntime="60" x="-1" y="2"/>
</spawn>
<spawn centerx="103" centery="763" centerz="7" radius="5">
<monster name="Lizard Templar" direction="2" spawntime="60" x="-1" y="1"/>
<monster name="Lizard Templar" direction="2" spawntime="60" x="3" y="1"/>
</spawn>
<spawn centerx="128" centery="763" centerz="7" radius="5">
<monster name="Lizard Snakecharmer" direction="2" spawntime="60" x="-2" y="0"/>
<monster name="Lizard Snakecharmer" direction="2" spawntime="60" x="0" y="4"/>
</spawn>
<spawn centerx="116" centery="764" centerz="7" radius="5">
<monster name="Lizard Snakecharmer" direction="2" spawntime="60" x="-1" y="-3"/>
<monster name="Lizard Templar" direction="2" spawntime="60" x="-5" y="0"/>
<monster name="Lizard Snakecharmer" direction="2" spawntime="60" x="-1" y="0"/>
<monster name="Lizard Templar" direction="2" spawntime="60" x="4" y="0"/>
<monster name="Lizard Snakecharmer" direction="2" spawntime="60" x="-1" y="3"/>
</spawn>
<spawn centerx="35" centery="765" centerz="7" radius="5">
<monster name="Lizard Snakecharmer" direction="2" spawntime="60" x="1" y="-2"/>
<monster name="Lizard Sentinel" direction="2" spawntime="60" x="-1" y="0"/>
<monster name="Lizard Snakecharmer" direction="2" spawntime="60" x="3" y="5"/>
</spawn>
<spawn centerx="136" centery="766" centerz="7" radius="5">
<monster name="Lizard Sentinel" direction="2" spawntime="60" x="4" y="-3"/>
<monster name="Lizard Snakecharmer" direction="2" spawntime="60" x="4" y="-2"/>
<monster name="Lizard Snakecharmer" direction="2" spawntime="60" x="-2" y="1"/>
<monster name="Lizard Snakecharmer" direction="2" spawntime="60" x="-2" y="2"/>
<monster name="Lizard Sentinel" direction="2" spawntime="60" x="1" y="3"/>
</spawn>
<spawn centerx="65" centery="768" centerz="7" radius="5">
<monster name="Lizard Templar" direction="2" spawntime="60" x="-3" y="-1"/>
<monster name="Lizard Templar" direction="2" spawntime="60" x="2" y="-1"/>
</spawn>
<spawn centerx="93" centery="768" centerz="7" radius="5">
<monster name="Lizard Sentinel" direction="2" spawntime="60" x="-3" y="-2"/>
<monster name="Lizard Sentinel" direction="2" spawntime="60" x="2" y="-2"/>
<monster name="Lizard Sentinel" direction="2" spawntime="60" x="0" y="3"/>
</spawn>
<spawn centerx="149" centery="768" centerz="7" radius="5">
<monster name="Lizard Snakecharmer" direction="2" spawntime="60" x="-2" y="0"/>
<monster name="Lizard Snakecharmer" direction="2" spawntime="60" x="-3" y="1"/>
<monster name="Lizard Templar" direction="2" spawntime="60" x="5" y="4"/>
</spawn>
<spawn centerx="82" centery="770" centerz="7" radius="5">
<monster name="Lizard Sentinel" direction="2" spawntime="60" x="0" y="-2"/>
<monster name="Lizard Snakecharmer" direction="2" spawntime="60" x="1" y="0"/>
<monster name="Lizard Snakecharmer" direction="2" spawntime="60" x="-2" y="3"/>
</spawn>
<spawn centerx="41" centery="772" centerz="7" radius="5">
<monster name="Lizard Sentinel" direction="2" spawntime="60" x="3" y="-2"/>
<monster name="Lizard Templar" direction="2" spawntime="60" x="-3" y="2"/>
<monster name="Lizard Sentinel" direction="2" spawntime="60" x="-3" y="4"/>
</spawn>
<spawn centerx="121" centery="772" centerz="7" radius="5">
<monster name="Lizard Templar" direction="2" spawntime="60" x="-1" y="1"/>
</spawn>
<spawn centerx="4870" centery="774" centerz="7" radius="5">
<monster name="The Creator" direction="2" spawntime="60" x="0" y="0"/>
</spawn>
<spawn centerx="4876" centery="774" centerz="7" radius="5">
<monster name="The Creator" direction="2" spawntime="60" x="0" y="0"/>
</spawn>
<spawn centerx="4882" centery="774" centerz="7" radius="5">
<monster name="The Creator" direction="2" spawntime="60" x="0" y="0"/>
</spawn>
<spawn centerx="4888" centery="774" centerz="7" radius="5">
<monster name="The Creator" direction="2" spawntime="60" x="0" y="0"/>
</spawn>
<spawn centerx="4894" centery="774" centerz="7" radius="5">
<monster name="The Creator" direction="2" spawntime="60" x="0" y="0"/>
</spawn>
<spawn centerx="4900" centery="774" centerz="7" radius="5">
<monster name="The Creator" direction="2" spawntime="60" x="0" y="0"/>
</spawn>
<spawn centerx="4906" centery="774" centerz="7" radius="5">
<monster name="The Creator" direction="2" spawntime="60" x="0" y="0"/>
</spawn>
<spawn centerx="4912" centery="774" centerz="7" radius="5">
<monster name="The Creator" direction="2" spawntime="60" x="0" y="0"/>
</spawn>
<spawn centerx="4918" centery="774" centerz="7" radius="5">
<monster name="The Creator" direction="2" spawntime="60" x="0" y="0"/>
</spawn>
<spawn centerx="4925" centery="774" centerz="7" radius="5">
<monster name="The Creator" direction="2" spawntime="60" x="0" y="0"/>
</spawn>
<spawn centerx="53" centery="775" centerz="7" radius="5">
<monster name="Lizard Sentinel" direction="2" spawntime="60" x="0" y="-2"/>
<monster name="Lizard Sentinel" direction="2" spawntime="60" x="2" y="1"/>
<monster name="Lizard Sentinel" direction="2" spawntime="60" x="-1" y="2"/>
</spawn>
<spawn centerx="111" centery="775" centerz="7" radius="5">
<monster name="Lizard Snakecharmer" direction="2" spawntime="60" x="-3" y="-2"/>
<monster name="Lizard Templar" direction="2" spawntime="60" x="1" y="-2"/>
<monster name="Lizard Snakecharmer" direction="2" spawntime="60" x="2" y="0"/>
<monster name="Lizard Templar" direction="2" spawntime="60" x="-4" y="2"/>
</spawn>
<spawn centerx="129" centery="775" centerz="7" radius="5">
<monster name="Lizard Sentinel" direction="2" spawntime="60" x="-2" y="-1"/>
<monster name="Lizard Sentinel" direction="2" spawntime="60" x="4" y="0"/>
</spawn>
<spawn centerx="153" centery="776" centerz="7" radius="5">
<monster name="Lizard Templar" direction="2" spawntime="60" x="2" y="-4"/>
<monster name="Lizard Templar" direction="2" spawntime="60" x="0" y="-1"/>
<monster name="Lizard Sentinel" direction="2" spawntime="60" x="-5" y="1"/>
<monster name="Lizard Templar" direction="2" spawntime="60" x="0" y="1"/>
<monster name="Lizard Templar" direction="2" spawntime="60" x="0" y="5"/>
</spawn>
<spawn centerx="90" centery="777" centerz="7" radius="5">
<monster name="Lizard Sentinel" direction="2" spawntime="60" x="0" y="-3"/>
<monster name="Lizard Templar" direction="2" spawntime="60" x="0" y="1"/>
</spawn>
<spawn centerx="73" centery="778" centerz="7" radius="5">
<monster name="Lizard Templar" direction="2" spawntime="60" x="4" y="1"/>
<monster name="Lizard Templar" direction="2" spawntime="60" x="-1" y="2"/>
</spawn>
<spawn centerx="146" centery="779" centerz="7" radius="5">
<monster name="Lizard Sentinel" direction="2" spawntime="60" x="-1" y="-2"/>
<monster name="Lizard Snakecharmer" direction="2" spawntime="60" x="-2" y="3"/>
</spawn>
<spawn centerx="4864" centery="780" centerz="7" radius="5">
<monster name="The Soul" direction="2" spawntime="60" x="0" y="0"/>
</spawn>
<spawn centerx="4933" centery="780" centerz="7" radius="5">
<monster name="Grorlam" direction="2" spawntime="60" x="0" y="0"/>
</spawn>
<spawn centerx="99" centery="783" centerz="7" radius="5">
<monster name="Lizard Snakecharmer" direction="2" spawntime="60" x="0" y="-3"/>
<monster name="Lizard Templar" direction="2" spawntime="60" x="-3" y="-2"/>
<monster name="Lizard Sentinel" direction="2" spawntime="60" x="2" y="0"/>
<monster name="Lizard Sentinel" direction="2" spawntime="60" x="-4" y="2"/>
<monster name="Lizard Templar" direction="2" spawntime="60" x="0" y="2"/>
</spawn>
<spawn centerx="62" centery="784" centerz="7" radius="5">
<monster name="Lizard Sentinel" direction="2" spawntime="60" x="-3" y="-3"/>
<monster name="Lizard Templar" direction="2" spawntime="60" x="1" y="-2"/>
<monster name="Lizard Snakecharmer" direction="2" spawntime="60" x="-2" y="0"/>
<monster name="Lizard Sentinel" direction="2" spawntime="60" x="-2" y="2"/>
<monster name="Lizard Snakecharmer" direction="2" spawntime="60" x="2" y="2"/>
</spawn>
<spawn centerx="89" centery="784" centerz="7" radius="5">
<monster name="Lizard Templar" direction="2" spawntime="60" x="2" y="-1"/>
<monster name="Lizard Templar" direction="2" spawntime="60" x="2" y="2"/>
</spawn>
<spawn centerx="4864" centery="786" centerz="7" radius="5">
<monster name="The Soul" direction="2" spawntime="60" x="0" y="0"/>
</spawn>
<spawn centerx="4933" centery="786" centerz="7" radius="5">
<monster name="Grorlam" direction="2" spawntime="60" x="0" y="0"/>
</spawn>
<spawn centerx="109" centery="788" centerz="7" radius="5">
<monster name="Lizard Sentinel" direction="2" spawntime="60" x="-4" y="1"/>
<monster name="Lizard Sentinel" direction="2" spawntime="60" x="-3" y="1"/>
<monster name="Lizard Sentinel" direction="2" spawntime="60" x="-2" y="1"/>
<monster name="Lizard Sentinel" direction="2" spawntime="60" x="-1" y="1"/>
<monster name="Lizard Sentinel" direction="2" spawntime="60" x="0" y="1"/>
<monster name="Lizard Sentinel" direction="2" spawntime="60" x="1" y="1"/>
</spawn>
<spawn centerx="150" centery="789" centerz="7" radius="5">
<monster name="Lizard Snakecharmer" direction="2" spawntime="60" x="3" y="-3"/>
<monster name="Lizard Snakecharmer" direction="2" spawntime="60" x="-3" y="-1"/>
<monster name="Lizard Sentinel" direction="2" spawntime="60" x="-2" y="2"/>
<monster name="Lizard Sentinel" direction="2" spawntime="60" x="4" y="3"/>
</spawn>
<spawn centerx="4881" centery="790" centerz="7" radius="5">
<monster name="Orshabaal" direction="2" spawntime="60" x="1" y="0"/>
</spawn>
<spawn centerx="4888" centery="790" centerz="7" radius="5">
<monster name="Orshabaal" direction="2" spawntime="60" x="-1" y="0"/>
</spawn>
<spawn centerx="4894" centery="790" centerz="7" radius="5">
<monster name="Orshabaal" direction="2" spawntime="60" x="0" y="0"/>
</spawn>
<spawn centerx="4900" centery="790" centerz="7" radius="5">
<monster name="Orshabaal" direction="2" spawntime="60" x="0" y="0"/>
</spawn>
<spawn centerx="4907" centery="790" centerz="7" radius="5">
<monster name="Orshabaal" direction="2" spawntime="60" x="0" y="0"/>
<monster name="Orshabaal" direction="2" spawntime="60" x="5" y="0"/>
</spawn>
<spawn centerx="4864" centery="792" centerz="7" radius="5">
<monster name="The Soul" direction="2" spawntime="60" x="0" y="0"/>
</spawn>
<spawn centerx="4933" centery="792" centerz="7" radius="5">
<monster name="Grorlam" direction="2" spawntime="60" x="0" y="0"/>
</spawn>
<spawn centerx="88" centery="793" centerz="7" radius="5">
<monster name="Lizard Sentinel" direction="2" spawntime="60" x="3" y="-2"/>
<monster name="Lizard Templar" direction="2" spawntime="60" x="-2" y="1"/>
<monster name="Lizard Templar" direction="2" spawntime="60" x="3" y="1"/>
</spawn>
<spawn centerx="101" centery="793" centerz="7" radius="5">
<monster name="Lizard Snakecharmer" direction="2" spawntime="60" x="-2" y="-3"/>
<monster name="Lizard Sentinel" direction="2" spawntime="60" x="-1" y="0"/>
<monster name="Lizard Templar" direction="2" spawntime="60" x="2" y="1"/>
<monster name="Lizard Snakecharmer" direction="2" spawntime="60" x="-1" y="3"/>
</spawn>
<spawn centerx="73" centery="794" centerz="7" radius="5">
<monster name="Lizard Snakecharmer" direction="2" spawntime="60" x="-2" y="-1"/>
<monster name="Lizard Snakecharmer" direction="2" spawntime="60" x="1" y="0"/>
<monster name="Lizard Templar" direction="2" spawntime="60" x="-2" y="2"/>
</spawn>
<spawn centerx="4864" centery="798" centerz="7" radius="5">
<monster name="The Soul" direction="2" spawntime="60" x="0" y="0"/>
</spawn>
<spawn centerx="4933" centery="798" centerz="7" radius="5">
<monster name="Grorlam" direction="2" spawntime="60" x="0" y="0"/>
</spawn>
<spawn centerx="142" centery="799" centerz="7" radius="5">
<monster name="Lizard Sentinel" direction="2" spawntime="60" x="0" y="-2"/>
<monster name="Lizard Snakecharmer" direction="2" spawntime="60" x="2" y="-1"/>
<monster name="Lizard Sentinel" direction="2" spawntime="60" x="-3" y="0"/>
<monster name="Lizard Templar" direction="2" spawntime="60" x="-2" y="3"/>
<monster name="Lizard Snakecharmer" direction="2" spawntime="60" x="1" y="3"/>
</spawn>
<spawn centerx="4881" centery="800" centerz="7" radius="5">
<monster name="Demodras" direction="2" spawntime="60" x="0" y="0"/>
</spawn>
<spawn centerx="4888" centery="800" centerz="7" radius="5">
<monster name="Demodras" direction="2" spawntime="60" x="0" y="0"/>
</spawn>
<spawn centerx="4894" centery="800" centerz="7" radius="5">
<monster name="Demodras" direction="2" spawntime="60" x="0" y="0"/>
</spawn>
<spawn centerx="4900" centery="800" centerz="7" radius="5">
<monster name="Demodras" direction="2" spawntime="60" x="0" y="0"/>
</spawn>
<spawn centerx="4907" centery="800" centerz="7" radius="5">
<monster name="Demodras" direction="2" spawntime="60" x="0" y="0"/>
<monster name="Demodras" direction="2" spawntime="60" x="5" y="0"/>
</spawn>
<spawn centerx="4864" centery="804" centerz="7" radius="5">
<monster name="The Soul" direction="2" spawntime="60" x="0" y="0"/>
</spawn>
<spawn centerx="4933" centery="804" centerz="7" radius="5">
<monster name="Grorlam" direction="2" spawntime="60" x="0" y="0"/>
</spawn>
<spawn centerx="100" centery="808" centerz="7" radius="5">
<monster name="Lizard Sentinel" direction="2" spawntime="60" x="-5" y="-1"/>
<monster name="Lizard Snakecharmer" direction="2" spawntime="60" x="0" y="-1"/>
<monster name="Lizard Snakecharmer" direction="2" spawntime="60" x="-5" y="3"/>
<monster name="Lizard Sentinel" direction="2" spawntime="60" x="-1" y="4"/>
</spawn>
<spawn centerx="69" centery="809" centerz="7" radius="5">
<monster name="Lizard Sentinel" direction="2" spawntime="60" x="-1" y="-3"/>
<monster name="Lizard Sentinel" direction="2" spawntime="60" x="3" y="-1"/>
<monster name="Lizard Sentinel" direction="2" spawntime="60" x="-2" y="2"/>
<monster name="Lizard Sentinel" direction="2" spawntime="60" x="2" y="4"/>
</spawn>
<spawn centerx="81" centery="809" centerz="7" radius="5">
<monster name="Lizard Snakecharmer" direction="2" spawntime="60" x="3" y="-1"/>
<monster name="Lizard Snakecharmer" direction="2" spawntime="60" x="-2" y="0"/>
<monster name="Lizard Sentinel" direction="2" spawntime="60" x="2" y="0"/>
</spawn>
<spawn centerx="91" centery="809" centerz="7" radius="5">
<monster name="Lizard Sentinel" direction="2" spawntime="60" x="-2" y="-1"/>
<monster name="Lizard Sentinel" direction="2" spawntime="60" x="1" y="2"/>
</spawn>
<spawn centerx="4864" centery="810" centerz="7" radius="5">
<monster name="The Soul" direction="2" spawntime="60" x="0" y="0"/>
</spawn>
<spawn centerx="4881" centery="810" centerz="7" radius="5">
<monster name="Lucifer" direction="2" spawntime="60" x="0" y="0"/>
</spawn>
<spawn centerx="4888" centery="810" centerz="7" radius="5">
<monster name="Lucifer" direction="2" spawntime="60" x="0" y="0"/>
</spawn>
<spawn centerx="4894" centery="810" centerz="7" radius="5">
<monster name="Lucifer" direction="2" spawntime="60" x="0" y="0"/>
</spawn>
<spawn centerx="4900" centery="810" centerz="7" radius="5">
<monster name="Lucifer" direction="2" spawntime="60" x="0" y="0"/>
</spawn>
<spawn centerx="4907" centery="810" centerz="7" radius="5">
<monster name="Lucifer" direction="2" spawntime="60" x="0" y="0"/>
<monster name="Lucifer" direction="2" spawntime="60" x="5" y="0"/>
</spawn>
<spawn centerx="4933" centery="810" centerz="7" radius="5">
<monster name="Grorlam" direction="2" spawntime="60" x="0" y="0"/>
</spawn>
<spawn centerx="138" centery="812" centerz="7" radius="5">
<monster name="Lizard Sentinel" direction="2" spawntime="60" x="-3" y="-2"/>
<monster name="Lizard Sentinel" direction="2" spawntime="60" x="2" y="-2"/>
<monster name="Lizard Snakecharmer" direction="2" spawntime="60" x="-3" y="1"/>
<monster name="Lizard Sentinel" direction="2" spawntime="60" x="1" y="1"/>
<monster name="Lizard Snakecharmer" direction="2" spawntime="60" x="1" y="3"/>
</spawn>
<spawn centerx="151" centery="813" centerz="7" radius="5">
<monster name="Lizard Templar" direction="2" spawntime="60" x="-2" y="-2"/>
<monster name="Lizard Templar" direction="2" spawntime="60" x="3" y="-2"/>
<monster name="Lizard Sentinel" direction="2" spawntime="60" x="0" y="-1"/>
<monster name="Lizard Snakecharmer" direction="2" spawntime="60" x="-2" y="2"/>
<monster name="Lizard Snakecharmer" direction="2" spawntime="60" x="1" y="2"/>
</spawn>
<spawn centerx="112" centery="815" centerz="7" radius="5">
<monster name="Lizard Sentinel" direction="2" spawntime="60" x="0" y="-3"/>
<monster name="Lizard Snakecharmer" direction="2" spawntime="60" x="-3" y="2"/>
<monster name="Lizard Templar" direction="2" spawntime="60" x="3" y="2"/>
</spawn>
<spawn centerx="126" centery="815" centerz="7" radius="5">
<monster name="Lizard Snakecharmer" direction="2" spawntime="60" x="-1" y="-2"/>
<monster name="Lizard Sentinel" direction="2" spawntime="60" x="-4" y="1"/>
<monster name="Lizard Snakecharmer" direction="2" spawntime="60" x="2" y="3"/>
</spawn>
<spawn centerx="4864" centery="816" centerz="7" radius="5">
<monster name="The Soul" direction="2" spawntime="60" x="0" y="0"/>
</spawn>
<spawn centerx="4933" centery="816" centerz="7" radius="5">
<monster name="Grorlam" direction="2" spawntime="60" x="0" y="0"/>
</spawn>
<spawn centerx="4881" centery="820" centerz="7" radius="5">
<monster name="God" direction="2" spawntime="60" x="0" y="0"/>
</spawn>
<spawn centerx="4888" centery="820" centerz="7" radius="5">
<monster name="God" direction="2" spawntime="60" x="0" y="0"/>
</spawn>
<spawn centerx="4894" centery="820" centerz="7" radius="5">
<monster name="God" direction="2" spawntime="60" x="0" y="0"/>
</spawn>
<spawn centerx="4900" centery="820" centerz="7" radius="5">
<monster name="God" direction="2" spawntime="60" x="0" y="0"/>
</spawn>
<spawn centerx="4907" centery="820" centerz="7" radius="5">
<monster name="God" direction="2" spawntime="60" x="0" y="0"/>
<monster name="God" direction="2" spawntime="60" x="5" y="0"/>
</spawn>
<spawn centerx="102" centery="821" centerz="7" radius="5">
<monster name="Lizard Sentinel" direction="2" spawntime="60" x="-3" y="-3"/>
<monster name="Lizard Templar" direction="2" spawntime="60" x="2" y="-3"/>
<monster name="Lizard Templar" direction="2" spawntime="60" x="-3" y="2"/>
<monster name="Lizard Sentinel" direction="2" spawntime="60" x="0" y="2"/>
</spawn>
<spawn centerx="4864" centery="822" centerz="7" radius="5">
<monster name="The Soul" direction="2" spawntime="60" x="0" y="0"/>
</spawn>
<spawn centerx="4933" centery="822" centerz="7" radius="5">
<monster name="Grorlam" direction="2" spawntime="60" x="0" y="0"/>
</spawn>
<spawn centerx="70" centery="824" centerz="7" radius="5">
<monster name="Lizard Templar" direction="2" spawntime="60" x="-1" y="-3"/>
<monster name="Lizard Snakecharmer" direction="2" spawntime="60" x="1" y="-3"/>
<monster name="Lizard Snakecharmer" direction="2" spawntime="60" x="-3" y="-1"/>
<monster name="Lizard Sentinel" direction="2" spawntime="60" x="0" y="1"/>
</spawn>
<spawn centerx="139" centery="824" centerz="7" radius="5">
<monster name="Lizard Sentinel" direction="2" spawntime="60" x="0" y="-3"/>
<monster name="Lizard Sentinel" direction="2" spawntime="60" x="-3" y="1"/>
<monster name="Lizard Templar" direction="2" spawntime="60" x="3" y="2"/>
</spawn>
<spawn centerx="53" centery="828" centerz="7" radius="5">
<monster name="Lizard Templar" direction="2" spawntime="60" x="0" y="-3"/>
<monster name="Lizard Templar" direction="2" spawntime="60" x="-2" y="-2"/>
<monster name="Lizard Templar" direction="2" spawntime="60" x="-1" y="-1"/>
<monster name="Lizard Templar" direction="2" spawntime="60" x="0" y="-1"/>
<monster name="Lizard Templar" direction="2" spawntime="60" x="-3" y="0"/>
</spawn>
<spawn centerx="4864" centery="828" centerz="7" radius="5">
<monster name="The Soul" direction="2" spawntime="60" x="0" y="0"/>
</spawn>
<spawn centerx="4933" centery="828" centerz="7" radius="5">
<monster name="Grorlam" direction="2" spawntime="60" x="0" y="0"/>
</spawn>
<spawn centerx="4881" centery="830" centerz="7" radius="5">
<monster name="Juggernaught" direction="2" spawntime="60" x="0" y="0"/>
</spawn>
<spawn centerx="4888" centery="830" centerz="7" radius="5">
<monster name="Juggernaught" direction="2" spawntime="60" x="0" y="0"/>
</spawn>
<spawn centerx="4894" centery="830" centerz="7" radius="5">
<monster name="Juggernaught" direction="2" spawntime="60" x="0" y="0"/>
</spawn>
<spawn centerx="4900" centery="830" centerz="7" radius="5">
<monster name="Juggernaught" direction="2" spawntime="60" x="0" y="0"/>
</spawn>
<spawn centerx="4907" centery="830" centerz="7" radius="5">
<monster name="Juggernaught" direction="2" spawntime="60" x="-1" y="0"/>
<monster name="Juggernaught" direction="2" spawntime="60" x="5" y="0"/>
</spawn>
<spawn centerx="94" centery="833" centerz="7" radius="5">
<monster name="Lizard Snakecharmer" direction="2" spawntime="60" x="-1" y="-2"/>
<monster name="Lizard Templar" direction="2" spawntime="60" x="3" y="-1"/>
<monster name="Lizard Sentinel" direction="2" spawntime="60" x="-2" y="0"/>
<monster name="Lizard Sentinel" direction="2" spawntime="60" x="3" y="1"/>
<monster name="Lizard Templar" direction="2" spawntime="60" x="-1" y="3"/>
<monster name="Lizard Snakecharmer" direction="2" spawntime="60" x="1" y="4"/>
</spawn>
<spawn centerx="80" centery="834" centerz="7" radius="5">
<monster name="Lizard Snakecharmer" direction="2" spawntime="60" x="-3" y="-3"/>
<monster name="Lizard Templar" direction="2" spawntime="60" x="-2" y="-1"/>
<monster name="Lizard Templar" direction="2" spawntime="60" x="4" y="-1"/>
<monster name="Lizard Snakecharmer" direction="2" spawntime="60" x="1" y="0"/>
<monster name="Lizard Snakecharmer" direction="2" spawntime="60" x="-1" y="1"/>
</spawn>
<spawn centerx="4864" centery="834" centerz="7" radius="5">
<monster name="The Soul" direction="2" spawntime="60" x="0" y="0"/>
</spawn>
<spawn centerx="4933" centery="834" centerz="7" radius="5">
<monster name="Grorlam" direction="2" spawntime="60" x="0" y="0"/>
</spawn>
<spawn centerx="69" centery="835" centerz="7" radius="5">
<monster name="Lizard Templar" direction="2" spawntime="60" x="0" y="-3"/>
<monster name="Lizard Sentinel" direction="2" spawntime="60" x="4" y="-2"/>
<monster name="Lizard Templar" direction="2" spawntime="60" x="1" y="-1"/>
</spawn>
<spawn centerx="128" centery="835" centerz="7" radius="5">
<monster name="Lizard Templar" direction="2" spawntime="60" x="1" y="-4"/>
<monster name="Lizard Sentinel" direction="2" spawntime="60" x="0" y="-1"/>
<monster name="Lizard Templar" direction="2" spawntime="60" x="-2" y="2"/>
</spawn>
<spawn centerx="138" centery="835" centerz="7" radius="5">
<monster name="Lizard Templar" direction="2" spawntime="60" x="-1" y="-3"/>
<monster name="Lizard Snakecharmer" direction="2" spawntime="60" x="0" y="-1"/>
<monster name="Lizard Snakecharmer" direction="2" spawntime="60" x="-2" y="4"/>
</spawn>
<spawn centerx="156" centery="836" centerz="7" radius="5">
<monster name="Lizard Sentinel" direction="2" spawntime="60" x="0" y="-3"/>
<monster name="Lizard Sentinel" direction="2" spawntime="60" x="1" y="1"/>
<monster name="Lizard Templar" direction="2" spawntime="60" x="-2" y="4"/>
</spawn>
<spawn centerx="116" centery="838" centerz="7" radius="5">
<monster name="Lizard Sentinel" direction="2" spawntime="60" x="-2" y="-1"/>
<monster name="Lizard Snakecharmer" direction="2" spawntime="60" x="0" y="-1"/>
<monster name="Lizard Sentinel" direction="2" spawntime="60" x="2" y="-1"/>
<monster name="Lizard Snakecharmer" direction="2" spawntime="60" x="0" y="2"/>
<monster name="Lizard Sentinel" direction="2" spawntime="60" x="-2" y="3"/>
<monster name="Lizard Sentinel" direction="2" spawntime="60" x="2" y="3"/>
</spawn>
<spawn centerx="4864" centery="840" centerz="7" radius="5">
<monster name="The Soul" direction="2" spawntime="60" x="0" y="0"/>
</spawn>
<spawn centerx="4881" centery="840" centerz="7" radius="5">
<monster name="Necropharus" direction="2" spawntime="60" x="0" y="0"/>
</spawn>
<spawn centerx="4888" centery="840" centerz="7" radius="5">
<monster name="Necropharus" direction="2" spawntime="60" x="0" y="0"/>
</spawn>
<spawn centerx="4894" centery="840" centerz="7" radius="5">
<monster name="Necropharus" direction="2" spawntime="60" x="0" y="0"/>
</spawn>
<spawn centerx="4900" centery="840" centerz="7" radius="5">
<monster name="Necropharus" direction="2" spawntime="60" x="0" y="0"/>
</spawn>
<spawn centerx="4907" centery="840" centerz="7" radius="5">
<monster name="Necropharus" direction="2" spawntime="60" x="0" y="0"/>
<monster name="Necropharus" direction="2" spawntime="60" x="5" y="0"/>
</spawn>
<spawn centerx="4933" centery="840" centerz="7" radius="5">
<monster name="Grorlam" direction="2" spawntime="60" x="0" y="0"/>
</spawn>
<spawn centerx="103" centery="843" centerz="7" radius="5">
<monster name="Lizard Sentinel" direction="2" spawntime="60" x="2" y="-3"/>
<monster name="Lizard Sentinel" direction="2" spawntime="60" x="-2" y="-2"/>
<monster name="Lizard Snakecharmer" direction="2" spawntime="60" x="-2" y="2"/>
</spawn>
<spawn centerx="4933" centery="846" centerz="7" radius="5">
<monster name="Grorlam" direction="2" spawntime="60" x="0" y="0"/>
</spawn>
<spawn centerx="131" centery="849" centerz="7" radius="5">
<monster name="Lizard Templar" direction="2" spawntime="60" x="-2" y="-1"/>
<monster name="Lizard Snakecharmer" direction="2" spawntime="60" x="-1" y="-1"/>
<monster name="Lizard Sentinel" direction="2" spawntime="60" x="2" y="-1"/>
<monster name="Lizard Snakecharmer" direction="2" spawntime="60" x="-2" y="1"/>
<monster name="Lizard Snakecharmer" direction="2" spawntime="60" x="-2" y="2"/>
<monster name="Lizard Templar" direction="2" spawntime="60" x="2" y="2"/>
</spawn>
<spawn centerx="4883" centery="850" centerz="7" radius="5">
<monster name="Leprechaun" direction="2" spawntime="60" x="0" y="0"/>
<monster name="Leprechaun" direction="2" spawntime="60" x="5" y="0"/>
</spawn>
<spawn centerx="4893" centery="850" centerz="7" radius="5">
<monster name="Leprechaun" direction="2" spawntime="60" x="0" y="0"/>
</spawn>
<spawn centerx="4899" centery="850" centerz="7" radius="5">
<monster name="Leprechaun" direction="2" spawntime="60" x="0" y="0"/>
</spawn>
<spawn centerx="4906" centery="850" centerz="7" radius="5">
<monster name="Leprechaun" direction="2" spawntime="60" x="0" y="0"/>
</spawn>
<spawn centerx="4912" centery="850" centerz="7" radius="5">
<monster name="Leprechaun" direction="2" spawntime="60" x="0" y="0"/>
</spawn>
<spawn centerx="4864" centery="852" centerz="7" radius="5">
<monster name="The Soul" direction="2" spawntime="60" x="0" y="-5"/>
<monster name="The Soul" direction="2" spawntime="60" x="0" y="1"/>
</spawn>
<spawn centerx="4933" centery="852" centerz="7" radius="5">
<monster name="Grorlam" direction="2" spawntime="60" x="0" y="0"/>
</spawn>
<spawn centerx="102" centery="855" centerz="7" radius="5">
<monster name="Lizard Snakecharmer" direction="2" spawntime="60" x="2" y="-4"/>
<monster name="Lizard Snakecharmer" direction="2" spawntime="60" x="-2" y="-2"/>
<monster name="Lizard Snakecharmer" direction="2" spawntime="60" x="0" y="2"/>
</spawn>
<spawn centerx="4864" centery="858" centerz="7" radius="5">
<monster name="The Soul" direction="2" spawntime="60" x="0" y="1"/>
</spawn>
<spawn centerx="4933" centery="858" centerz="7" radius="5">
<monster name="Grorlam" direction="2" spawntime="60" x="0" y="0"/>
</spawn>
<spawn centerx="138" centery="860" centerz="7" radius="5">
<monster name="Lizard Sentinel" direction="2" spawntime="60" x="2" y="-2"/>
<monster name="Lizard Snakecharmer" direction="2" spawntime="60" x="-1" y="0"/>
<monster name="Lizard Sentinel" direction="2" spawntime="60" x="-3" y="2"/>
<monster name="Lizard Sentinel" direction="2" spawntime="60" x="3" y="3"/>
</spawn>
<spawn centerx="126" centery="861" centerz="7" radius="5">
<monster name="Lizard Snakecharmer" direction="2" spawntime="60" x="3" y="-2"/>
<monster name="Lizard Sentinel" direction="2" spawntime="60" x="2" y="-1"/>
<monster name="Lizard Sentinel" direction="2" spawntime="60" x="-4" y="0"/>
<monster name="Lizard Snakecharmer" direction="2" spawntime="60" x="-2" y="1"/>
</spawn>
<spawn centerx="4881" centery="861" centerz="7" radius="5">
<monster name="Skeletor" direction="2" spawntime="5000" x="0" y="0"/>
</spawn>
<spawn centerx="4894" centery="861" centerz="7" radius="5">
<monster name="Demonic Acolyte" direction="2" spawntime="5000" x="0" y="1"/>
</spawn>
<spawn centerx="4900" centery="861" centerz="7" radius="5">
<monster name="Crypt Lord" direction="2" spawntime="5000" x="0" y="1"/>
</spawn>
<spawn centerx="4907" centery="861" centerz="7" radius="5">
<monster name="Nefarious Acolyte" direction="2" spawntime="5000" x="-1" y="0"/>
<monster name="Skeletor" direction="2" spawntime="5000" x="5" y="0"/>
</spawn>
<spawn centerx="4888" centery="862" centerz="7" radius="5">
<monster name="Nefarious Acolyte" direction="2" spawntime="5000" x="0" y="-1"/>
</spawn>
<spawn centerx="113" centery="864" centerz="7" radius="5">
<monster name="Lizard Templar" direction="2" spawntime="60" x="-2" y="-3"/>
<monster name="Lizard Templar" direction="2" spawntime="60" x="2" y="-1"/>
<monster name="Lizard Templar" direction="2" spawntime="60" x="-3" y="2"/>
<monster name="Lizard Templar" direction="2" spawntime="60" x="2" y="4"/>
</spawn>
<spawn centerx="4864" centery="864" centerz="7" radius="5">
<monster name="The Soul" direction="2" spawntime="60" x="0" y="1"/>
</spawn>
<spawn centerx="4933" centery="864" centerz="7" radius="5">
<monster name="Grorlam" direction="2" spawntime="60" x="0" y="0"/>
</spawn>
<spawn centerx="99" centery="865" centerz="7" radius="5">
<monster name="Lizard Sentinel" direction="2" spawntime="60" x="-2" y="-2"/>
<monster name="Lizard Sentinel" direction="2" spawntime="60" x="3" y="-2"/>
<monster name="Lizard Sentinel" direction="2" spawntime="60" x="-2" y="2"/>
</spawn>
<spawn centerx="4864" centery="870" centerz="7" radius="5">
<monster name="The Soul" direction="2" spawntime="60" x="0" y="1"/>
</spawn>
<spawn centerx="4933" centery="870" centerz="7" radius="5">
<monster name="Grorlam" direction="2" spawntime="60" x="0" y="0"/>
</spawn>
<spawn centerx="120" centery="872" centerz="7" radius="5">
<monster name="Lizard Templar" direction="2" spawntime="60" x="1" y="-3"/>
</spawn>
<spawn centerx="4864" centery="876" centerz="7" radius="5">
<monster name="The Soul" direction="2" spawntime="60" x="0" y="1"/>
</spawn>
<spawn centerx="4933" centery="876" centerz="7" radius="5">
<monster name="Grorlam" direction="2" spawntime="60" x="0" y="0"/>
</spawn>
<spawn centerx="4876" centery="882" centerz="7" radius="5">
<monster name="Lizard King" direction="2" spawntime="60" x="-5" y="0"/>
<monster name="Captain Jack" direction="2" spawntime="60" x="-1" y="0"/>
<monster name="Lizard King" direction="2" spawntime="60" x="5" y="0"/>
</spawn>
<spawn centerx="4882" centery="882" centerz="7" radius="5">
<monster name="Captain Jack" direction="2" spawntime="60" x="5" y="0"/>
</spawn>
<spawn centerx="4888" centery="882" centerz="7" radius="5">
<monster name="Lizard King" direction="2" spawntime="60" x="5" y="0"/>
</spawn>
<spawn centerx="4894" centery="882" centerz="7" radius="5">
<monster name="Captain Jack" direction="2" spawntime="60" x="5" y="0"/>
</spawn>
<spawn centerx="4900" centery="882" centerz="7" radius="5">
<monster name="Lizard King" direction="2" spawntime="60" x="5" y="0"/>
</spawn>
<spawn centerx="4918" centery="882" centerz="7" radius="5">
<monster name="Captain Jack" direction="2" spawntime="60" x="-5" y="0"/>
<monster name="Lizard King" direction="2" spawntime="60" x="1" y="0"/>
</spawn>
<spawn centerx="4925" centery="882" centerz="7" radius="5">
<monster name="Captain Jack" direction="2" spawntime="60" x="1" y="0"/>
</spawn>
<spawn centerx="2843" centery="2372" centerz="7" radius="5">
<monster name="Pirate" direction="2" spawntime="60" x="0" y="-2"/>
<monster name="Pirate" direction="2" spawntime="60" x="-2" y="-1"/>
<monster name="Pirate" direction="2" spawntime="60" x="2" y="-1"/>
<monster name="Pirate" direction="2" spawntime="60" x="-2" y="0"/>
<monster name="Pirate" direction="2" spawntime="60" x="2" y="0"/>
<monster name="Pirate" direction="2" spawntime="60" x="1" y="1"/>
<monster name="Pirate" direction="2" spawntime="60" x="-1" y="2"/>
<monster name="Pirate" direction="2" spawntime="60" x="0" y="2"/>
</spawn>
<spawn centerx="148" centery="38" centerz="8" radius="5">
<monster name="Soul Destroyer" direction="2" spawntime="60" x="-3" y="-3"/>
<monster name="Evil" direction="2" spawntime="60" x="-1" y="-3"/>
<monster name="Oblivination" direction="2" spawntime="60" x="2" y="-3"/>
<monster name="Ice Cyclops" direction="2" spawntime="60" x="5" y="-3"/>
</spawn>
<spawn centerx="155" centery="38" centerz="8" radius="5">
<monster name="Sunspot" direction="2" spawntime="60" x="0" y="-3"/>
<monster name="Enraged Skeletor" direction="2" spawntime="60" x="2" y="-3"/>
</spawn>
<spawn centerx="147" centery="85" centerz="8" radius="12">
<monster name="Fire Elemental" direction="2" spawntime="60" x="9" y="-1"/>
<monster name="Fire Elemental" direction="2" spawntime="60" x="5" y="0"/>
<monster name="Fire Elemental" direction="2" spawntime="60" x="12" y="0"/>
<monster name="Fire Devil" direction="2" spawntime="60" x="-2" y="4"/>
<monster name="Ghoul" direction="2" spawntime="60" x="-6" y="12"/>
</spawn>
<spawn centerx="176" centery="85" centerz="8" radius="5">
<monster name="Fire Elemental" direction="2" spawntime="60" x="0" y="-2"/>
<monster name="Demon" direction="2" spawntime="60" x="0" y="0"/>
<monster name="Fire Elemental" direction="2" spawntime="60" x="0" y="1"/>
</spawn>
<spawn centerx="562" centery="87" centerz="8" radius="30">
<monster name="Vlad Tepes" direction="2" spawntime="30" x="-15" y="18"/>
<monster name="Vlad Tepes" direction="2" spawntime="30" x="-10" y="21"/>
<monster name="Vlad Tepes" direction="2" spawntime="30" x="-24" y="22"/>
<monster name="Plague Spitter" direction="2" spawntime="30" x="12" y="22"/>
<monster name="Vlad Tepes" direction="2" spawntime="30" x="-2" y="23"/>
<monster name="Vlad Tepes" direction="2" spawntime="30" x="-3" y="24"/>
<monster name="Vlad Tepes" direction="2" spawntime="30" x="-28" y="26"/>
<monster name="Plague Spitter" direction="2" spawntime="30" x="-15" y="26"/>
<monster name="Plague Spitter" direction="2" spawntime="30" x="2" y="26"/>
<monster name="Vlad Tepes" direction="2" spawntime="512" x="6" y="27"/>
<monster name="Vlad Tepes" direction="2" spawntime="30" x="7" y="27"/>
<monster name="Plague Spitter" direction="2" spawntime="30" x="-20" y="28"/>
<monster name="Vlad Tepes" direction="2" spawntime="30" x="-15" y="28"/>
<monster name="Vlad Tepes" direction="2" spawntime="512" x="-6" y="28"/>
<monster name="Vlad Tepes" direction="2" spawntime="30" x="-3" y="28"/>
<monster name="Vlad Tepes" direction="2" spawntime="30" x="2" y="28"/>
<monster name="Vlad Tepes" direction="2" spawntime="512" x="-29" y="29"/>
<monster name="Vlad Tepes" direction="2" spawntime="512" x="2" y="29"/>
</spawn>
<spawn centerx="134" centery="99" centerz="8" radius="8">
<monster name="Ghoul" direction="2" spawntime="60" x="-7" y="-2"/>
<monster name="Ghoul" direction="2" spawntime="60" x="-1" y="-2"/>
<monster name="Ghoul" direction="2" spawntime="60" x="-4" y="0"/>
<monster name="Ghoul" direction="2" spawntime="60" x="4" y="1"/>
</spawn>
<spawn centerx="182" centery="99" centerz="8" radius="5">
<monster name="Behemoth" direction="2" spawntime="60" x="-1" y="-1"/>
<monster name="Behemoth" direction="2" spawntime="60" x="0" y="1"/>
</spawn>
<spawn centerx="146" centery="113" centerz="8" radius="5">
<monster name="Demon Skeleton" direction="2" spawntime="60" x="2" y="-1"/>
<monster name="Necromancer" direction="2" spawntime="60" x="-2" y="0"/>
</spawn>
<spawn centerx="452" centery="120" centerz="8" radius="30">
<monster name="khartoum" direction="2" spawntime="60" x="-30" y="-29"/>
<monster name="Demonic Summoner" direction="2" spawntime="256" x="-26" y="-28"/>
<monster name="Demonic Summoner" direction="2" spawntime="256" x="-23" y="-28"/>
<monster name="Demonic Summoner" direction="2" spawntime="256" x="-28" y="-27"/>
<monster name="Demonic Summoner" direction="2" spawntime="256" x="-28" y="-26"/>
<monster name="Demonic Summoner" direction="2" spawntime="256" x="-17" y="-26"/>
<monster name="Vlad Tepes" direction="2" spawntime="30" x="-22" y="-25"/>
<monster name="Vlad Tepes" direction="2" spawntime="256" x="-21" y="-25"/>
<monster name="Hell screamer" direction="2" spawntime="30" x="-9" y="-25"/>
<monster name="Demonic Summoner" direction="2" spawntime="256" x="-28" y="-24"/>
<monster name="Ghostly visage" direction="2" spawntime="30" x="-22" y="-24"/>
<monster name="Vlad Tepes" direction="2" spawntime="256" x="-20" y="-24"/>
<monster name="Vlad Tepes" direction="2" spawntime="256" x="-18" y="-24"/>
<monster name="Vlad Tepes" direction="2" spawntime="256" x="-17" y="-24"/>
<monster name="Vlad Tepes" direction="2" spawntime="256" x="-16" y="-24"/>
<monster name="Demonic Summoner" direction="2" spawntime="256" x="-14" y="-24"/>
<monster name="Demonic Summoner" direction="2" spawntime="256" x="-30" y="-23"/>
<monster name="Demonic Summoner" direction="2" spawntime="256" x="-29" y="-23"/>
<monster name="Demonic Summoner" direction="2" spawntime="256" x="-28" y="-23"/>
<monster name="Vlad Tepes" direction="2" spawntime="256" x="-26" y="-23"/>
<monster name="Vlad Tepes" direction="2" spawntime="256" x="-25" y="-23"/>
<monster name="Vlad Tepes" direction="2" spawntime="256" x="-22" y="-23"/>
<monster name="Vlad Tepes" direction="2" spawntime="256" x="-16" y="-23"/>
<monster name="Vlad Tepes" direction="2" spawntime="256" x="-12" y="-23"/>
<monster name="Demonic Summoner" direction="2" spawntime="256" x="-30" y="-22"/>
<monster name="Ghostly visage" direction="2" spawntime="256" x="-23" y="-22"/>
<monster name="Vlad Tepes" direction="2" spawntime="256" x="-11" y="-22"/>
<monster name="Hell screamer" direction="2" spawntime="256" x="-10" y="-22"/>
<monster name="Flesh Fiend" direction="2" spawntime="256" x="7" y="-22"/>
<monster name="Vlad Tepes" direction="2" spawntime="256" x="-29" y="-21"/>
<monster name="Ghostly visage" direction="2" spawntime="256" x="-21" y="-21"/>
<monster name="Vlad Tepes" direction="2" spawntime="30" x="-20" y="-21"/>
<monster name="Hell screamer" direction="2" spawntime="256" x="-17" y="-21"/>
<monster name="Vlad Tepes" direction="2" spawntime="256" x="-7" y="-21"/>
<monster name="Demonic Summoner" direction="2" spawntime="256" x="-30" y="-20"/>
<monster name="Demonic Summoner" direction="2" spawntime="256" x="-28" y="-20"/>
<monster name="Vlad Tepes" direction="2" spawntime="256" x="-26" y="-20"/>
<monster name="Ghostly visage" direction="2" spawntime="256" x="-25" y="-20"/>
<monster name="Hell screamer" direction="2" spawntime="256" x="-22" y="-20"/>
<monster name="Petrified Hell Hound" direction="2" spawntime="30" x="-21" y="-20"/>
<monster name="Ghostly visage" direction="2" spawntime="256" x="-18" y="-20"/>
<monster name="Hell screamer" direction="2" spawntime="256" x="-17" y="-20"/>
<monster name="Hell screamer" direction="2" spawntime="256" x="-16" y="-20"/>
<monster name="Ghostly visage" direction="2" spawntime="256" x="-14" y="-20"/>
<monster name="Vlad Tepes" direction="2" spawntime="256" x="-13" y="-20"/>
<monster name="Vlad Tepes" direction="2" spawntime="256" x="-9" y="-20"/>
<monster name="Flesh Fiend" direction="2" spawntime="256" x="5" y="-20"/>
<monster name="Flesh Fiend" direction="2" spawntime="256" x="20" y="-20"/>
<monster name="Demonic Summoner" direction="2" spawntime="256" x="-30" y="-19"/>
<monster name="Vlad Tepes" direction="2" spawntime="256" x="-24" y="-19"/>
<monster name="Ghostly visage" direction="2" spawntime="256" x="-22" y="-19"/>
<monster name="Hell screamer" direction="2" spawntime="256" x="-14" y="-19"/>
<monster name="Ghostly visage" direction="2" spawntime="256" x="-13" y="-19"/>
<monster name="Flesh Fiend" direction="2" spawntime="256" x="4" y="-19"/>
<monster name="Flesh Fiend" direction="2" spawntime="30" x="18" y="-19"/>
<monster name="Vlad Tepes" direction="2" spawntime="256" x="-30" y="-18"/>
<monster name="Demonic Summoner" direction="2" spawntime="256" x="-28" y="-18"/>
<monster name="Vlad Tepes" direction="2" spawntime="256" x="-21" y="-18"/>
<monster name="Hell screamer" direction="2" spawntime="256" x="-19" y="-18"/>
<monster name="Ghostly visage" direction="2" spawntime="256" x="-15" y="-18"/>
<monster name="Hell screamer" direction="2" spawntime="256" x="-14" y="-18"/>
<monster name="Flesh Fiend" direction="2" spawntime="256" x="5" y="-18"/>
<monster name="Flesh Fiend" direction="2" spawntime="256" x="7" y="-18"/>
<monster name="Flesh Fiend" direction="2" spawntime="256" x="16" y="-18"/>
<monster name="Demonic Summoner" direction="2" spawntime="256" x="-30" y="-17"/>
<monster name="Vlad Tepes" direction="2" spawntime="256" x="-29" y="-17"/>
<monster name="Ghostly visage" direction="2" spawntime="256" x="-27" y="-17"/>
<monster name="Hell screamer" direction="2" spawntime="256" x="-26" y="-17"/>
<monster name="Ghostly visage" direction="2" spawntime="256" x="-25" y="-17"/>
<monster name="Petrified Hell Hound" direction="2" spawntime="256" x="-22" y="-17"/>
<monster name="Ghostly visage" direction="2" spawntime="256" x="-20" y="-17"/>
<monster name="Ghostly visage" direction="2" spawntime="256" x="-16" y="-17"/>
<monster name="Vlad Tepes" direction="2" spawntime="256" x="-10" y="-17"/>
<monster name="Vlad Tepes" direction="2" spawntime="256" x="-8" y="-17"/>
<monster name="Vlad Tepes" direction="2" spawntime="256" x="-7" y="-17"/>
<monster name="Vlad Tepes" direction="2" spawntime="256" x="-6" y="-17"/>
<monster name="Vlad Tepes" direction="2" spawntime="256" x="-5" y="-17"/>
<monster name="Flesh Fiend" direction="2" spawntime="256" x="11" y="-17"/>
<monster name="Demonic Summoner" direction="2" spawntime="256" x="-30" y="-16"/>
<monster name="Vlad Tepes" direction="2" spawntime="256" x="-26" y="-16"/>
<monster name="Ghostly visage" direction="2" spawntime="256" x="-25" y="-16"/>
<monster name="Vlad Tepes" direction="2" spawntime="256" x="-24" y="-16"/>
<monster name="Petrified Hell Hound" direction="2" spawntime="256" x="-22" y="-16"/>
<monster name="Ghostly visage" direction="2" spawntime="256" x="-20" y="-16"/>
<monster name="Ghostly visage" direction="2" spawntime="256" x="-18" y="-16"/>
<monster name="Hell screamer" direction="2" spawntime="256" x="-10" y="-16"/>
<monster name="Vlad Tepes" direction="2" spawntime="256" x="-7" y="-16"/>
<monster name="Vlad Tepes" direction="2" spawntime="256" x="-4" y="-16"/>
<monster name="fire storm" direction="2" spawntime="30" x="3" y="-16"/>
<monster name="Flesh Fiend" direction="2" spawntime="256" x="15" y="-16"/>
<monster name="Demonic Summoner" direction="2" spawntime="256" x="-28" y="-15"/>
<monster name="Ghostly visage" direction="2" spawntime="256" x="-25" y="-15"/>
<monster name="Vlad Tepes" direction="2" spawntime="256" x="-24" y="-15"/>
<monster name="Ghostly visage" direction="2" spawntime="256" x="-20" y="-15"/>
<monster name="Petrified Hell Hound" direction="2" spawntime="30" x="-17" y="-15"/>
<monster name="Ghostly visage" direction="2" spawntime="256" x="-15" y="-15"/>
<monster name="Ghostly visage" direction="2" spawntime="256" x="-14" y="-15"/>
<monster name="Hell screamer" direction="2" spawntime="256" x="-8" y="-15"/>
<monster name="Vlad Tepes" direction="2" spawntime="256" x="-4" y="-15"/>
<monster name="Flesh Fiend" direction="2" spawntime="256" x="11" y="-15"/>
<monster name="Flesh Fiend" direction="2" spawntime="256" x="12" y="-15"/>
<monster name="fire storm" direction="2" spawntime="256" x="14" y="-15"/>
<monster name="Flesh Fiend" direction="2" spawntime="256" x="15" y="-15"/>
<monster name="Flesh Fiend" direction="2" spawntime="256" x="26" y="-15"/>
<monster name="Demonic Summoner" direction="2" spawntime="256" x="-30" y="-14"/>
<monster name="Vlad Tepes" direction="2" spawntime="256" x="-29" y="-14"/>
<monster name="Ghostly visage" direction="2" spawntime="256" x="-27" y="-14"/>
<monster name="Ghostly visage" direction="2" spawntime="256" x="-26" y="-14"/>
<monster name="Vlad Tepes" direction="2" spawntime="256" x="-25" y="-14"/>
<monster name="Ghostly visage" direction="2" spawntime="256" x="-20" y="-14"/>
<monster name="Vlad Tepes" direction="2" spawntime="256" x="-19" y="-14"/>
<monster name="Ghostly visage" direction="2" spawntime="256" x="-17" y="-14"/>
<monster name="Ghostly visage" direction="2" spawntime="256" x="-13" y="-14"/>
<monster name="Vlad Tepes" direction="2" spawntime="256" x="-8" y="-14"/>
<monster name="Flesh Fiend" direction="2" spawntime="256" x="11" y="-14"/>
<monster name="fire storm" direction="2" spawntime="256" x="20" y="-14"/>
<monster name="Demonic Summoner" direction="2" spawntime="256" x="-30" y="-13"/>
<monster name="Demonic Summoner" direction="2" spawntime="256" x="-29" y="-13"/>
<monster name="Ghostly visage" direction="2" spawntime="256" x="-28" y="-13"/>
<monster name="Vlad Tepes" direction="2" spawntime="256" x="-26" y="-13"/>
<monster name="Vlad Tepes" direction="2" spawntime="256" x="-23" y="-13"/>
<monster name="Petrified Hell Hound" direction="2" spawntime="30" x="-22" y="-13"/>
<monster name="Ghostly visage" direction="2" spawntime="256" x="-21" y="-13"/>
<monster name="Vlad Tepes" direction="2" spawntime="256" x="-19" y="-13"/>
<monster name="Vlad Tepes" direction="2" spawntime="256" x="-18" y="-13"/>
<monster name="Hell screamer" direction="2" spawntime="256" x="-14" y="-13"/>
<monster name="Demonic Summoner" direction="2" spawntime="256" x="-13" y="-13"/>
<monster name="Vlad Tepes" direction="2" spawntime="256" x="-12" y="-13"/>
<monster name="Vlad Tepes" direction="2" spawntime="256" x="-11" y="-13"/>
<monster name="Vlad Tepes" direction="2" spawntime="256" x="-10" y="-13"/>
<monster name="fire storm" direction="2" spawntime="256" x="23" y="-13"/>
<monster name="Ghostly visage" direction="2" spawntime="256" x="-23" y="-12"/>
<monster name="Vlad Tepes" direction="2" spawntime="256" x="-18" y="-12"/>
<monster name="Demonic Summoner" direction="2" spawntime="256" x="-13" y="-12"/>
<monster name="Vlad Tepes" direction="2" spawntime="256" x="-11" y="-12"/>
<monster name="Vlad Tepes" direction="2" spawntime="256" x="-10" y="-12"/>
<monster name="Hell screamer" direction="2" spawntime="256" x="-9" y="-12"/>
<monster name="Demonic Summoner" direction="2" spawntime="256" x="-30" y="-11"/>
<monster name="Demonic Summoner" direction="2" spawntime="256" x="-29" y="-11"/>
<monster name="Ghostly visage" direction="2" spawntime="256" x="-27" y="-11"/>
<monster name="Ghostly visage" direction="2" spawntime="256" x="-23" y="-11"/>
<monster name="Vlad Tepes" direction="2" spawntime="256" x="-14" y="-11"/>
<monster name="Ghostly visage" direction="2" spawntime="256" x="-9" y="-11"/>
<monster name="Vlad Tepes" direction="2" spawntime="256" x="-8" y="-11"/>
<monster name="Demonic Summoner" direction="2" spawntime="256" x="-5" y="-11"/>
<monster name="Flesh Fiend" direction="2" spawntime="30" x="26" y="-11"/>
<monster name="Demonic Summoner" direction="2" spawntime="256" x="-30" y="-10"/>
<monster name="Demonic Summoner" direction="2" spawntime="256" x="-29" y="-10"/>
<monster name="Hell screamer" direction="2" spawntime="256" x="-28" y="-10"/>
<monster name="Ghostly visage" direction="2" spawntime="256" x="-26" y="-10"/>
<monster name="Vlad Tepes" direction="2" spawntime="256" x="-24" y="-10"/>
<monster name="Ghostly visage" direction="2" spawntime="256" x="-22" y="-10"/>
<monster name="Vlad Tepes" direction="2" spawntime="256" x="-18" y="-10"/>
<monster name="Ghostly visage" direction="2" spawntime="256" x="-14" y="-10"/>
<monster name="Ghostly visage" direction="2" spawntime="256" x="-13" y="-10"/>
<monster name="Ghostly visage" direction="2" spawntime="256" x="-8" y="-10"/>
<monster name="Vlad Tepes" direction="2" spawntime="256" x="-7" y="-10"/>
<monster name="Flesh Fiend" direction="2" spawntime="256" x="16" y="-10"/>
<monster name="Demonic Summoner" direction="2" spawntime="256" x="-30" y="-9"/>
<monster name="Ghostly visage" direction="2" spawntime="256" x="-27" y="-9"/>
<monster name="Ghostly visage" direction="2" spawntime="256" x="-26" y="-9"/>
<monster name="Ghostly visage" direction="2" spawntime="256" x="-24" y="-9"/>
<monster name="Ghostly visage" direction="2" spawntime="256" x="-23" y="-9"/>
<monster name="Ghostly visage" direction="2" spawntime="256" x="-21" y="-9"/>
<monster name="Vlad Tepes" direction="2" spawntime="256" x="-17" y="-9"/>
<monster name="Vlad Tepes" direction="2" spawntime="256" x="-16" y="-9"/>
<monster name="Ghostly visage" direction="2" spawntime="256" x="-14" y="-9"/>
<monster name="Ghostly visage" direction="2" spawntime="256" x="-13" y="-9"/>
<monster name="Ghostly visage" direction="2" spawntime="256" x="-12" y="-9"/>
<monster name="Vlad Tepes" direction="2" spawntime="256" x="-8" y="-9"/>
<monster name="Flesh Fiend" direction="2" spawntime="256" x="6" y="-9"/>
<monster name="Flesh Fiend" direction="2" spawntime="256" x="27" y="-9"/>
<monster name="Demonic Summoner" direction="2" spawntime="256" x="-30" y="-8"/>
<monster name="Demonic Summoner" direction="2" spawntime="256" x="-29" y="-8"/>
<monster name="Vlad Tepes" direction="2" spawntime="256" x="-25" y="-8"/>
<monster name="Ghostly visage" direction="2" spawntime="256" x="-21" y="-8"/>
<monster name="Hell screamer" direction="2" spawntime="256" x="-20" y="-8"/>
<monster name="Petrified Hell Hound" direction="2" spawntime="256" x="-14" y="-8"/>
<monster name="Ghostly visage" direction="2" spawntime="256" x="-13" y="-8"/>
<monster name="Hell screamer" direction="2" spawntime="256" x="-9" y="-8"/>
<monster name="Flesh Fiend" direction="2" spawntime="256" x="4" y="-8"/>
<monster name="Flesh Fiend" direction="2" spawntime="256" x="8" y="-8"/>
<monster name="Flesh Fiend" direction="2" spawntime="30" x="27" y="-8"/>
<monster name="Demonic Summoner" direction="2" spawntime="256" x="-30" y="-7"/>
<monster name="Ghostly visage" direction="2" spawntime="256" x="-26" y="-7"/>
<monster name="Ghostly visage" direction="2" spawntime="256" x="-25" y="-7"/>
<monster name="Vlad Tepes" direction="2" spawntime="256" x="-22" y="-7"/>
<monster name="Vlad Tepes" direction="2" spawntime="256" x="-21" y="-7"/>
<monster name="Ghostly visage" direction="2" spawntime="256" x="-16" y="-7"/>
<monster name="Vlad Tepes" direction="2" spawntime="256" x="-12" y="-7"/>
<monster name="Hell screamer" direction="2" spawntime="256" x="-9" y="-7"/>
<monster name="Demonic Summoner" direction="2" spawntime="256" x="-29" y="-6"/>
<monster name="Ghostly visage" direction="2" spawntime="256" x="-25" y="-6"/>
<monster name="Vlad Tepes" direction="2" spawntime="256" x="-22" y="-6"/>
<monster name="Ghostly visage" direction="2" spawntime="256" x="-19" y="-6"/>
<monster name="Ghostly visage" direction="2" spawntime="256" x="-16" y="-6"/>
<monster name="Demonic Summoner" direction="2" spawntime="256" x="-30" y="-5"/>
<monster name="Demonic Summoner" direction="2" spawntime="256" x="-29" y="-5"/>
<monster name="Vlad Tepes" direction="2" spawntime="256" x="-28" y="-5"/>
<monster name="Vlad Tepes" direction="2" spawntime="256" x="-27" y="-5"/>
<monster name="Ghostly visage" direction="2" spawntime="256" x="-19" y="-5"/>
<monster name="Petrified Hell Hound" direction="2" spawntime="30" x="-17" y="-5"/>
<monster name="Hell screamer" direction="2" spawntime="256" x="-15" y="-5"/>
<monster name="Ghostly visage" direction="2" spawntime="256" x="-14" y="-5"/>
<monster name="Ghostly visage" direction="2" spawntime="256" x="-12" y="-5"/>
<monster name="Ghostly visage" direction="2" spawntime="256" x="-11" y="-5"/>
<monster name="Vlad Tepes" direction="2" spawntime="256" x="-8" y="-5"/>
<monster name="Demonic Summoner" direction="2" spawntime="256" x="-6" y="-5"/>
<monster name="Flesh Fiend" direction="2" spawntime="256" x="8" y="-5"/>
<monster name="fire storm" direction="2" spawntime="256" x="10" y="-5"/>
<monster name="Demonic Summoner" direction="2" spawntime="256" x="-30" y="-4"/>
<monster name="Petrified Hell Hound" direction="2" spawntime="256" x="-28" y="-4"/>
<monster name="Ghostly visage" direction="2" spawntime="256" x="-26" y="-4"/>
<monster name="Vlad Tepes" direction="2" spawntime="256" x="-22" y="-4"/>
<monster name="Ghostly visage" direction="2" spawntime="256" x="-21" y="-4"/>
<monster name="Ghostly visage" direction="2" spawntime="256" x="-15" y="-4"/>
<monster name="Ghostly visage" direction="2" spawntime="256" x="-11" y="-4"/>
<monster name="Ghostly visage" direction="2" spawntime="256" x="-10" y="-4"/>
<monster name="Hell screamer" direction="2" spawntime="256" x="-9" y="-4"/>
<monster name="Demonic Summoner" direction="2" spawntime="256" x="-30" y="-3"/>
<monster name="Demonic Summoner" direction="2" spawntime="256" x="-29" y="-3"/>
<monster name="Petrified Hell Hound" direction="2" spawntime="256" x="-28" y="-3"/>
<monster name="Vlad Tepes" direction="2" spawntime="256" x="-27" y="-3"/>
<monster name="Vlad Tepes" direction="2" spawntime="256" x="-26" y="-3"/>
<monster name="Vlad Tepes" direction="2" spawntime="256" x="-25" y="-3"/>
<monster name="Ghostly visage" direction="2" spawntime="256" x="-20" y="-3"/>
<monster name="Ghostly visage" direction="2" spawntime="256" x="-19" y="-3"/>
<monster name="Ghostly visage" direction="2" spawntime="256" x="-17" y="-3"/>
<monster name="Ghostly visage" direction="2" spawntime="256" x="-11" y="-3"/>
<monster name="fire storm" direction="2" spawntime="256" x="5" y="-3"/>
<monster name="fire storm" direction="2" spawntime="256" x="6" y="-3"/>
<monster name="Flesh Fiend" direction="2" spawntime="256" x="16" y="-3"/>
<monster name="Demonic Summoner" direction="2" spawntime="256" x="-30" y="-2"/>
<monster name="Demonic Summoner" direction="2" spawntime="256" x="-29" y="-2"/>
<monster name="Ghostly visage" direction="2" spawntime="256" x="-23" y="-2"/>
<monster name="Hell screamer" direction="2" spawntime="256" x="-22" y="-2"/>
<monster name="Hell screamer" direction="2" spawntime="256" x="-21" y="-2"/>
<monster name="Ghostly visage" direction="2" spawntime="256" x="-17" y="-2"/>
<monster name="Hell screamer" direction="2" spawntime="256" x="-16" y="-2"/>
<monster name="Ghostly visage" direction="2" spawntime="256" x="-15" y="-2"/>
<monster name="Ghostly visage" direction="2" spawntime="256" x="-14" y="-2"/>
<monster name="Vlad Tepes" direction="2" spawntime="256" x="-12" y="-2"/>
<monster name="Hell screamer" direction="2" spawntime="256" x="-11" y="-2"/>
<monster name="Flesh Fiend" direction="2" spawntime="256" x="4" y="-2"/>
<monster name="Demonic Summoner" direction="2" spawntime="256" x="-29" y="-1"/>
<monster name="Vlad Tepes" direction="2" spawntime="256" x="-26" y="-1"/>
<monster name="Ghostly visage" direction="2" spawntime="256" x="-22" y="-1"/>
<monster name="Ghostly visage" direction="2" spawntime="256" x="-17" y="-1"/>
<monster name="Demonic Summoner" direction="2" spawntime="256" x="-14" y="-1"/>
<monster name="Ghostly visage" direction="2" spawntime="256" x="-13" y="-1"/>
<monster name="Vlad Tepes" direction="2" spawntime="256" x="-12" y="-1"/>
<monster name="Vlad Tepes" direction="2" spawntime="256" x="-7" y="-1"/>
<monster name="Flesh Fiend" direction="2" spawntime="256" x="3" y="-1"/>
<monster name="Flesh Fiend" direction="2" spawntime="256" x="4" y="-1"/>
<monster name="Flesh Fiend" direction="2" spawntime="256" x="7" y="-1"/>
<monster name="Flesh Fiend" direction="2" spawntime="30" x="18" y="-1"/>
<monster name="Demonic Summoner" direction="2" spawntime="256" x="-29" y="0"/>
<monster name="Ghostly visage" direction="2" spawntime="256" x="-26" y="0"/>
<monster name="Vlad Tepes" direction="2" spawntime="256" x="-23" y="0"/>
<monster name="Vlad Tepes" direction="2" spawntime="256" x="-22" y="0"/>
<monster name="Hell screamer" direction="2" spawntime="256" x="-17" y="0"/>
<monster name="Hell screamer" direction="2" spawntime="256" x="-10" y="0"/>
<monster name="Hell screamer" direction="2" spawntime="256" x="-9" y="0"/>
<monster name="Demonic Summoner" direction="2" spawntime="256" x="-30" y="1"/>
<monster name="Demonic Summoner" direction="2" spawntime="256" x="-29" y="1"/>
<monster name="Hell screamer" direction="2" spawntime="256" x="-26" y="1"/>
<monster name="Ghostly visage" direction="2" spawntime="256" x="-24" y="1"/>
<monster name="Vlad Tepes" direction="2" spawntime="256" x="-21" y="1"/>
<monster name="Ghostly visage" direction="2" spawntime="256" x="-18" y="1"/>
<monster name="Vlad Tepes" direction="2" spawntime="256" x="-8" y="1"/>
<monster name="Demonic Summoner" direction="2" spawntime="256" x="-7" y="1"/>
<monster name="Flesh Fiend" direction="2" spawntime="256" x="27" y="1"/>
<monster name="Demonic Summoner" direction="2" spawntime="256" x="-30" y="2"/>
<monster name="Demonic Summoner" direction="2" spawntime="256" x="-29" y="2"/>
<monster name="Hell screamer" direction="2" spawntime="256" x="-25" y="2"/>
<monster name="Petrified Hell Hound" direction="2" spawntime="256" x="-22" y="2"/>
<monster name="Vlad Tepes" direction="2" spawntime="256" x="-17" y="2"/>
<monster name="Petrified Hell Hound" direction="2" spawntime="256" x="-13" y="2"/>
<monster name="Vlad Tepes" direction="2" spawntime="256" x="-11" y="2"/>
<monster name="Demonic Summoner" direction="2" spawntime="256" x="-30" y="3"/>
<monster name="Demonic Summoner" direction="2" spawntime="256" x="-29" y="3"/>
<monster name="Hell screamer" direction="2" spawntime="256" x="-25" y="3"/>
<monster name="Vlad Tepes" direction="2" spawntime="256" x="-20" y="3"/>
<monster name="Hell screamer" direction="2" spawntime="256" x="-17" y="3"/>
<monster name="Hell screamer" direction="2" spawntime="256" x="-16" y="3"/>
<monster name="Hell screamer" direction="2" spawntime="256" x="-14" y="3"/>
<monster name="Vlad Tepes" direction="2" spawntime="256" x="-13" y="3"/>
<monster name="Hell screamer" direction="2" spawntime="256" x="-11" y="3"/>
<monster name="Flesh Fiend" direction="2" spawntime="256" x="16" y="3"/>
<monster name="Flesh Fiend" direction="2" spawntime="256" x="26" y="3"/>
<monster name="Demonic Summoner" direction="2" spawntime="256" x="-29" y="4"/>
<monster name="Vlad Tepes" direction="2" spawntime="256" x="-24" y="4"/>
<monster name="Vlad Tepes" direction="2" spawntime="256" x="-22" y="4"/>
<monster name="Ghostly visage" direction="2" spawntime="256" x="-20" y="4"/>
<monster name="Ghostly visage" direction="2" spawntime="256" x="-18" y="4"/>
<monster name="Ghostly visage" direction="2" spawntime="256" x="-17" y="4"/>
<monster name="Vlad Tepes" direction="2" spawntime="256" x="-16" y="4"/>
<monster name="Vlad Tepes" direction="2" spawntime="256" x="-15" y="4"/>
<monster name="Demonic Summoner" direction="2" spawntime="256" x="-14" y="4"/>
<monster name="Ghostly visage" direction="2" spawntime="256" x="-13" y="4"/>
<monster name="fire storm" direction="2" spawntime="256" x="4" y="4"/>
<monster name="Demonic Summoner" direction="2" spawntime="256" x="-29" y="5"/>
<monster name="Vlad Tepes" direction="2" spawntime="256" x="-21" y="5"/>
<monster name="Vlad Tepes" direction="2" spawntime="256" x="-20" y="5"/>
<monster name="fire storm" direction="2" spawntime="256" x="12" y="5"/>
<monster name="fire storm" direction="2" spawntime="256" x="19" y="5"/>
<monster name="Petrified Hell Hound" direction="2" spawntime="256" x="-25" y="6"/>
<monster name="Vlad Tepes" direction="2" spawntime="256" x="-14" y="6"/>
<monster name="Vlad Tepes" direction="2" spawntime="256" x="-9" y="6"/>
<monster name="Flesh Fiend" direction="2" spawntime="256" x="5" y="6"/>
<monster name="Flesh Fiend" direction="2" spawntime="256" x="22" y="6"/>
<monster name="Petrified Hell Hound" direction="2" spawntime="256" x="-17" y="7"/>
<monster name="Vlad Tepes" direction="2" spawntime="256" x="-16" y="7"/>
<monster name="Vlad Tepes" direction="2" spawntime="256" x="-15" y="7"/>
<monster name="Vlad Tepes" direction="2" spawntime="256" x="-14" y="7"/>
<monster name="Flesh Fiend" direction="2" spawntime="256" x="17" y="7"/>
<monster name="Petrified Hell Hound" direction="2" spawntime="256" x="-17" y="8"/>
<monster name="Flesh Fiend" direction="2" spawntime="256" x="0" y="9"/>
<monster name="Flesh Fiend" direction="2" spawntime="256" x="19" y="9"/>
<monster name="Flesh Fiend" direction="2" spawntime="256" x="6" y="10"/>
<monster name="Flesh Fiend" direction="2" spawntime="256" x="19" y="10"/>
<monster name="fire storm" direction="2" spawntime="256" x="21" y="11"/>
<monster name="Flesh Fiend" direction="2" spawntime="256" x="7" y="12"/>
<monster name="Flesh Fiend" direction="2" spawntime="256" x="22" y="12"/>
<monster name="Flesh Fiend" direction="2" spawntime="30" x="23" y="12"/>
<monster name="Demonic Summoner" direction="2" spawntime="30" x="-12" y="13"/>
<monster name="Flesh Fiend" direction="2" spawntime="256" x="18" y="13"/>
<monster name="Flesh Fiend" direction="2" spawntime="30" x="22" y="13"/>
<monster name="Flesh Fiend" direction="2" spawntime="256" x="23" y="13"/>
<monster name="Petrified Hell Hound" direction="2" spawntime="256" x="-25" y="14"/>
<monster name="fire storm" direction="2" spawntime="256" x="19" y="15"/>
<monster name="fire storm" direction="2" spawntime="256" x="13" y="16"/>
<monster name="Petrified Hell Hound" direction="2" spawntime="256" x="-21" y="18"/>
<monster name="Flesh Fiend" direction="2" spawntime="256" x="6" y="18"/>
<monster name="Petrified Hell Hound" direction="2" spawntime="256" x="-20" y="19"/>
<monster name="fire storm" direction="2" spawntime="256" x="3" y="20"/>
<monster name="Flesh Fiend" direction="2" spawntime="30" x="25" y="20"/>
<monster name="Demonic Summoner" direction="2" spawntime="30" x="-27" y="21"/>
<monster name="fire storm" direction="2" spawntime="256" x="3" y="21"/>
<monster name="fire storm" direction="2" spawntime="256" x="5" y="21"/>
<monster name="Demonic Summoner" direction="2" spawntime="30" x="-23" y="23"/>
<monster name="Flesh Fiend" direction="2" spawntime="256" x="15" y="23"/>
<monster name="Flesh Fiend" direction="2" spawntime="30" x="2" y="24"/>
<monster name="Flesh Fiend" direction="2" spawntime="30" x="-1" y="25"/>
<monster name="Flesh Fiend" direction="2" spawntime="256" x="-1" y="26"/>
<monster name="Demonic Summoner" direction="2" spawntime="30" x="-30" y="27"/>
<monster name="Petrified Hell Hound" direction="2" spawntime="30" x="-14" y="27"/>
<monster name="fire storm" direction="2" spawntime="30" x="20" y="27"/>
<monster name="fire storm" direction="2" spawntime="256" x="22" y="29"/>
<monster name="Flesh Fiend" direction="2" spawntime="30" x="23" y="29"/>
<monster name="Flesh Fiend" direction="2" spawntime="30" x="24" y="29"/>
<monster name="Flesh Fiend" direction="2" spawntime="30" x="12" y="30"/>
</spawn>
<spawn centerx="505" centery="124" centerz="8" radius="30">
<monster name="Vlad Tepes" direction="2" spawntime="30" x="-14" y="-23"/>
<monster name="Plague Spitter" direction="2" spawntime="30" x="-8" y="-23"/>
<monster name="Plague Spitter" direction="2" spawntime="256" x="-4" y="-23"/>
<monster name="Plague Spitter" direction="2" spawntime="30" x="-12" y="-22"/>
<monster name="Plague Spitter" direction="2" spawntime="30" x="-1" y="-22"/>
<monster name="Vlad Tepes" direction="2" spawntime="30" x="5" y="-22"/>
<monster name="Vlad Tepes" direction="2" spawntime="256" x="6" y="-22"/>
<monster name="Plague Spitter" direction="2" spawntime="256" x="-1" y="-21"/>
<monster name="Vlad Tepes" direction="2" spawntime="30" x="14" y="-21"/>
<monster name="Vlad Tepes" direction="2" spawntime="512" x="15" y="-21"/>
<monster name="Vlad Tepes" direction="2" spawntime="30" x="-17" y="-20"/>
<monster name="Vlad Tepes" direction="2" spawntime="30" x="-9" y="-20"/>
<monster name="Vlad Tepes" direction="2" spawntime="256" x="-7" y="-20"/>
<monster name="Vlad Tepes" direction="2" spawntime="256" x="-6" y="-20"/>
<monster name="Vlad Tepes" direction="2" spawntime="30" x="0" y="-20"/>
<monster name="Vlad Tepes" direction="2" spawntime="256" x="1" y="-20"/>
<monster name="Plague Spitter" direction="2" spawntime="30" x="23" y="-20"/>
<monster name="Vlad Tepes" direction="2" spawntime="256" x="-18" y="-19"/>
<monster name="Vlad Tepes" direction="2" spawntime="30" x="-9" y="-19"/>
<monster name="Vlad Tepes" direction="2" spawntime="30" x="0" y="-19"/>
<monster name="Vlad Tepes" direction="2" spawntime="512" x="19" y="-19"/>
<monster name="Vlad Tepes" direction="2" spawntime="30" x="23" y="-19"/>
<monster name="Plague Spitter" direction="2" spawntime="30" x="-15" y="-18"/>
<monster name="Vlad Tepes" direction="2" spawntime="256" x="0" y="-18"/>
<monster name="Plague Spitter" direction="2" spawntime="30" x="5" y="-18"/>
<monster name="Plague Spitter" direction="2" spawntime="256" x="4" y="-17"/>
<monster name="Plague Spitter" direction="2" spawntime="256" x="5" y="-17"/>
<monster name="Plague Spitter" direction="2" spawntime="256" x="-9" y="-16"/>
<monster name="Vlad Tepes" direction="2" spawntime="256" x="-9" y="-15"/>
<monster name="Vlad Tepes" direction="2" spawntime="256" x="2" y="-15"/>
<monster name="Vlad Tepes" direction="2" spawntime="30" x="11" y="-15"/>
<monster name="Plague Spitter" direction="2" spawntime="30" x="25" y="-15"/>
<monster name="Vlad Tepes" direction="2" spawntime="30" x="2" y="-14"/>
<monster name="Vlad Tepes" direction="2" spawntime="30" x="20" y="-14"/>
<monster name="Plague Spitter" direction="2" spawntime="30" x="20" y="-13"/>
<monster name="Plague Spitter" direction="2" spawntime="512" x="21" y="-13"/>
<monster name="Plague Spitter" direction="2" spawntime="30" x="-20" y="-12"/>
<monster name="Plague Spitter" direction="2" spawntime="30" x="5" y="-12"/>
<monster name="Vlad Tepes" direction="2" spawntime="30" x="17" y="-12"/>
<monster name="Vlad Tepes" direction="2" spawntime="30" x="-14" y="-11"/>
<monster name="Vlad Tepes" direction="2" spawntime="30" x="-2" y="-11"/>
<monster name="Plague Spitter" direction="2" spawntime="256" x="4" y="-11"/>
<monster name="Vlad Tepes" direction="2" spawntime="30" x="9" y="-11"/>
<monster name="Vlad Tepes" direction="2" spawntime="512" x="25" y="-11"/>
<monster name="Vlad Tepes" direction="2" spawntime="30" x="-12" y="-10"/>
<monster name="Vlad Tepes" direction="2" spawntime="256" x="-4" y="-10"/>
<monster name="Vlad Tepes" direction="2" spawntime="512" x="8" y="-10"/>
<monster name="Plague Spitter" direction="2" spawntime="30" x="-20" y="-9"/>
<monster name="Plague Spitter" direction="2" spawntime="256" x="-19" y="-9"/>
<monster name="Vlad Tepes" direction="2" spawntime="256" x="5" y="-9"/>
<monster name="Vlad Tepes" direction="2" spawntime="30" x="26" y="-9"/>
<monster name="Plague Spitter" direction="2" spawntime="30" x="-6" y="-8"/>
<monster name="Vlad Tepes" direction="2" spawntime="30" x="5" y="-8"/>
<monster name="Vlad Tepes" direction="2" spawntime="30" x="7" y="-8"/>
<monster name="Plague Spitter" direction="2" spawntime="512" x="17" y="-7"/>
<monster name="Plague Spitter" direction="2" spawntime="30" x="17" y="-6"/>
<monster name="Vlad Tepes" direction="2" spawntime="512" x="17" y="-5"/>
<monster name="Hell screamer" direction="2" spawntime="30" x="-13" y="-4"/>
<monster name="Vlad Tepes" direction="2" spawntime="512" x="21" y="-4"/>
<monster name="Vlad Tepes" direction="2" spawntime="30" x="29" y="-4"/>
<monster name="Vlad Tepes" direction="2" spawntime="30" x="22" y="-3"/>
<monster name="Ghostly visage" direction="2" spawntime="30" x="-18" y="0"/>
<monster name="Ghostly visage" direction="2" spawntime="256" x="-12" y="0"/>
<monster name="Ghostly visage" direction="2" spawntime="30" x="-11" y="0"/>
<monster name="Ghostly visage" direction="2" spawntime="256" x="-4" y="0"/>
<monster name="Ghostly visage" direction="2" spawntime="30" x="-3" y="0"/>
<monster name="Hell screamer" direction="2" spawntime="30" x="-8" y="1"/>
<monster name="Ghostly visage" direction="2" spawntime="512" x="13" y="1"/>
<monster name="Ghostly visage" direction="2" spawntime="30" x="6" y="3"/>
<monster name="Ghostly visage" direction="2" spawntime="30" x="-17" y="4"/>
<monster name="Hell screamer" direction="2" spawntime="30" x="-20" y="5"/>
<monster name="Ghostly visage" direction="2" spawntime="30" x="11" y="5"/>
<monster name="Ghostly visage" direction="2" spawntime="256" x="-16" y="7"/>
<monster name="Hell screamer" direction="2" spawntime="30" x="8" y="7"/>
<monster name="Hell screamer" direction="2" spawntime="30" x="22" y="7"/>
<monster name="Ghostly visage" direction="2" spawntime="256" x="-16" y="8"/>
<monster name="Hell screamer" direction="2" spawntime="30" x="-17" y="10"/>
<monster name="Ghostly visage" direction="2" spawntime="30" x="-15" y="11"/>
<monster name="Ghostly visage" direction="2" spawntime="256" x="-14" y="12"/>
<monster name="Ghostly visage" direction="2" spawntime="30" x="6" y="12"/>
<monster name="Hell screamer" direction="2" spawntime="30" x="15" y="13"/>
<monster name="Ghostly visage" direction="2" spawntime="30" x="8" y="16"/>
<monster name="Hell screamer" direction="2" spawntime="30" x="-16" y="18"/>
<monster name="Hell screamer" direction="2" spawntime="30" x="-2" y="18"/>
<monster name="Hell screamer" direction="2" spawntime="30" x="22" y="19"/>
<monster name="Ghostly visage" direction="2" spawntime="30" x="-22" y="20"/>
<monster name="Ghostly visage" direction="2" spawntime="30" x="7" y="20"/>
<monster name="Ghostly visage" direction="2" spawntime="512" x="18" y="20"/>
<monster name="Ghostly visage" direction="2" spawntime="30" x="-11" y="21"/>
<monster name="Ghostly visage" direction="2" spawntime="30" x="3" y="22"/>
<monster name="Ghostly visage" direction="2" spawntime="256" x="4" y="22"/>
<monster name="Hell screamer" direction="2" spawntime="30" x="14" y="22"/>
<monster name="Ghostly visage" direction="2" spawntime="256" x="-3" y="23"/>
<monster name="Ghostly visage" direction="2" spawntime="30" x="-2" y="23"/>
<monster name="Ghostly visage" direction="2" spawntime="30" x="18" y="24"/>
<monster name="Ghostly visage" direction="2" spawntime="30" x="-18" y="25"/>
<monster name="Ghostly visage" direction="2" spawntime="30" x="-11" y="26"/>
<monster name="Hell screamer" direction="2" spawntime="30" x="3" y="27"/>
<monster name="Ghostly visage" direction="2" spawntime="256" x="-10" y="28"/>
<monster name="Ghostly visage" direction="2" spawntime="512" x="19" y="28"/>
<monster name="Hell screamer" direction="2" spawntime="30" x="24" y="28"/>
<monster name="Hell screamer" direction="2" spawntime="30" x="-8" y="29"/>
<monster name="Hell screamer" direction="2" spawntime="30" x="1" y="29"/>
<monster name="Flesh Fiend" direction="2" spawntime="30" x="-26" y="30"/>
</spawn>
<spawn centerx="561" centery="125" centerz="8" radius="30">
<monster name="Vlad Tepes" direction="2" spawntime="512" x="-10" y="-6"/>
<monster name="Vlad Tepes" direction="2" spawntime="512" x="14" y="-6"/>
<monster name="Vlad Tepes" direction="2" spawntime="30" x="15" y="-6"/>
<monster name="Vlad Tepes" direction="2" spawntime="512" x="17" y="-6"/>
<monster name="Plague Spitter" direction="2" spawntime="30" x="-17" y="-5"/>
<monster name="Vlad Tepes" direction="2" spawntime="30" x="-16" y="-4"/>
<monster name="Vlad Tepes" direction="2" spawntime="30" x="-7" y="-4"/>
<monster name="Vlad Tepes" direction="2" spawntime="30" x="13" y="-4"/>
<monster name="Vlad Tepes" direction="2" spawntime="30" x="-7" y="-3"/>
<monster name="Vlad Tepes" direction="2" spawntime="512" x="0" y="-3"/>
<monster name="Vlad Tepes" direction="2" spawntime="512" x="13" y="-3"/>
<monster name="Vlad Tepes" direction="2" spawntime="512" x="1" y="-2"/>
<monster name="Vlad Tepes" direction="2" spawntime="30" x="12" y="-2"/>
<monster name="Vlad Tepes" direction="2" spawntime="30" x="17" y="-2"/>
<monster name="Vlad Tepes" direction="2" spawntime="30" x="1" y="-1"/>
<monster name="Vlad Tepes" direction="2" spawntime="512" x="5" y="-1"/>
<monster name="Vlad Tepes" direction="2" spawntime="512" x="11" y="-1"/>
<monster name="Plague Spitter" direction="2" spawntime="512" x="-17" y="0"/>
<monster name="Vlad Tepes" direction="2" spawntime="30" x="-13" y="2"/>
<monster name="Plague Spitter" direction="2" spawntime="30" x="-2" y="2"/>
<monster name="Plague Spitter" direction="2" spawntime="30" x="9" y="2"/>
<monster name="Plague Spitter" direction="2" spawntime="30" x="-18" y="3"/>
<monster name="Plague Spitter" direction="2" spawntime="512" x="0" y="3"/>
<monster name="Vlad Tepes" direction="2" spawntime="30" x="-10" y="4"/>
<monster name="Plague Spitter" direction="2" spawntime="30" x="-8" y="6"/>
<monster name="Vlad Tepes" direction="2" spawntime="512" x="2" y="6"/>
<monster name="Vlad Tepes" direction="2" spawntime="30" x="3" y="6"/>
<monster name="Vlad Tepes" direction="2" spawntime="30" x="11" y="6"/>
<monster name="Vlad Tepes" direction="2" spawntime="512" x="2" y="7"/>
<monster name="Vlad Tepes" direction="2" spawntime="30" x="-21" y="8"/>
<monster name="Vlad Tepes" direction="2" spawntime="512" x="-20" y="8"/>
<monster name="Vlad Tepes" direction="2" spawntime="30" x="-7" y="8"/>
<monster name="Plague Spitter" direction="2" spawntime="30" x="12" y="9"/>
<monster name="Vlad Tepes" direction="2" spawntime="30" x="0" y="10"/>
<monster name="Vlad Tepes" direction="2" spawntime="30" x="-16" y="11"/>
<monster name="Vlad Tepes" direction="2" spawntime="512" x="-7" y="11"/>
<monster name="Vlad Tepes" direction="2" spawntime="30" x="3" y="12"/>
<monster name="Vlad Tepes" direction="2" spawntime="30" x="-19" y="14"/>
<monster name="Plague Spitter" direction="2" spawntime="30" x="12" y="14"/>
<monster name="Vlad Tepes" direction="2" spawntime="30" x="-1" y="15"/>
<monster name="Plague Spitter" direction="2" spawntime="30" x="-2" y="16"/>
<monster name="Vlad Tepes" direction="2" spawntime="512" x="-1" y="16"/>
<monster name="Vlad Tepes" direction="2" spawntime="30" x="12" y="16"/>
<monster name="Vlad Tepes" direction="2" spawntime="30" x="10" y="18"/>
<monster name="Vlad Tepes" direction="2" spawntime="30" x="-1" y="19"/>
<monster name="Plague Spitter" direction="2" spawntime="30" x="11" y="19"/>
<monster name="Vlad Tepes" direction="2" spawntime="30" x="-11" y="20"/>
<monster name="Plague Spitter" direction="2" spawntime="512" x="9" y="21"/>
<monster name="Vlad Tepes" direction="2" spawntime="30" x="-15" y="22"/>
<monster name="Vlad Tepes" direction="2" spawntime="30" x="-14" y="22"/>
<monster name="Vlad Tepes" direction="2" spawntime="512" x="-13" y="22"/>
<monster name="Vlad Tepes" direction="2" spawntime="30" x="-7" y="23"/>
<monster name="Vlad Tepes" direction="2" spawntime="30" x="-19" y="24"/>
<monster name="Vlad Tepes" direction="2" spawntime="512" x="-7" y="24"/>
<monster name="Vlad Tepes" direction="2" spawntime="512" x="6" y="28"/>
<monster name="Vlad Tepes" direction="2" spawntime="30" x="7" y="28"/>
<monster name="Vlad Tepes" direction="2" spawntime="30" x="-5" y="29"/>
<monster name="Hell screamer" direction="2" spawntime="30" x="-30" y="30"/>
<monster name="Vlad Tepes" direction="2" spawntime="512" x="-15" y="30"/>
<monster name="Vlad Tepes" direction="2" spawntime="30" x="-14" y="30"/>
</spawn>
<spawn centerx="238" centery="126" centerz="8" radius="10">
<monster name="Skeleton" direction="2" spawntime="60" x="-1" y="-1"/>
<monster name="Demon Skeleton" direction="2" spawntime="60" x="-3" y="0"/>
<monster name="Skeleton" direction="2" spawntime="60" x="-5" y="1"/>
<monster name="Demon Skeleton" direction="2" spawntime="60" x="-1" y="1"/>
<monster name="Skeleton" direction="2" spawntime="60" x="-2" y="2"/>
<monster name="Demon Skeleton" direction="2" spawntime="60" x="3" y="2"/>
</spawn>
<spawn centerx="91" centery="130" centerz="8" radius="5">
<monster name="Hero" direction="2" spawntime="60" x="0" y="-3"/>
<monster name="Hero" direction="2" spawntime="60" x="-1" y="0"/>
</spawn>
<spawn centerx="506" centery="130" centerz="8" radius="30">
<monster name="Ghostly visage" direction="2" spawntime="512" x="6" y="25"/>
<monster name="Hell screamer" direction="2" spawntime="512" x="24" y="25"/>
<monster name="Ghostly visage" direction="2" spawntime="30" x="-14" y="26"/>
<monster name="Ghostly visage" direction="2" spawntime="512" x="6" y="26"/>
<monster name="Ghostly visage" direction="2" spawntime="256" x="-15" y="27"/>
<monster name="Hell screamer" direction="2" spawntime="30" x="-11" y="27"/>
<monster name="Ghostly visage" direction="2" spawntime="30" x="6" y="27"/>
<monster name="Hell screamer" direction="2" spawntime="30" x="13" y="27"/>
<monster name="Ghostly visage" direction="2" spawntime="30" x="18" y="27"/>
<monster name="Flesh Fiend" direction="2" spawntime="30" x="-25" y="28"/>
<monster name="Ghostly visage" direction="2" spawntime="30" x="-3" y="28"/>
<monster name="Flesh Fiend" direction="2" spawntime="256" x="-26" y="29"/>
<monster name="Ghostly visage" direction="2" spawntime="30" x="-16" y="30"/>
</spawn>
<spawn centerx="176" centery="132" centerz="8" radius="5">
<monster name="Fire Elemental" direction="2" spawntime="60" x="0" y="-5"/>
<monster name="Demon" direction="2" spawntime="60" x="2" y="-4"/>
<monster name="Fire Elemental" direction="2" spawntime="60" x="-2" y="-2"/>
<monster name="Fire Elemental" direction="2" spawntime="60" x="2" y="-2"/>
<monster name="Demon" direction="2" spawntime="60" x="-1" y="0"/>
<monster name="Fire Elemental" direction="2" spawntime="60" x="-2" y="1"/>
</spawn>
<spawn centerx="439" centery="143" centerz="8" radius="30">
<monster name="Petrified Hell Hound" direction="2" spawntime="30" x="-8" y="9"/>
<monster name="Petrified Hell Hound" direction="2" spawntime="256" x="-9" y="10"/>
<monster name="Flesh Fiend" direction="2" spawntime="30" x="29" y="11"/>
<monster name="Flesh Fiend" direction="2" spawntime="30" x="-15" y="12"/>
<monster name="Demonic Summoner" direction="2" spawntime="30" x="-22" y="14"/>
<monster name="Petrified Hell Hound" direction="2" spawntime="256" x="-11" y="14"/>
<monster name="Flesh Fiend" direction="2" spawntime="256" x="29" y="14"/>
<monster name="Flesh Fiend" direction="2" spawntime="256" x="-12" y="15"/>
<monster name="Flesh Fiend" direction="2" spawntime="256" x="-11" y="15"/>
<monster name="fire storm" direction="2" spawntime="30" x="13" y="16"/>
<monster name="Flesh Fiend" direction="2" spawntime="256" x="-13" y="17"/>
<monster name="Flesh Fiend" direction="2" spawntime="256" x="-3" y="17"/>
<monster name="Flesh Fiend" direction="2" spawntime="30" x="18" y="17"/>
<monster name="Flesh Fiend" direction="2" spawntime="256" x="-18" y="18"/>
<monster name="Flesh Fiend" direction="2" spawntime="30" x="15" y="18"/>
<monster name="Flesh Fiend" direction="2" spawntime="30" x="17" y="19"/>
<monster name="fire storm" direction="2" spawntime="30" x="29" y="19"/>
<monster name="fire storm" direction="2" spawntime="256" x="7" y="20"/>
<monster name="fire storm" direction="2" spawntime="256" x="8" y="20"/>
<monster name="Petrified Hell Hound" direction="2" spawntime="256" x="-15" y="21"/>
<monster name="Flesh Fiend" direction="2" spawntime="30" x="28" y="21"/>
<monster name="Petrified Hell Hound" direction="2" spawntime="256" x="-15" y="22"/>
<monster name="Flesh Fiend" direction="2" spawntime="256" x="-5" y="22"/>
<monster name="Flesh Fiend" direction="2" spawntime="30" x="24" y="22"/>
<monster name="Demonic Summoner" direction="2" spawntime="30" x="-5" y="23"/>
<monster name="Flesh Fiend" direction="2" spawntime="256" x="-4" y="23"/>
<monster name="Flesh Fiend" direction="2" spawntime="30" x="10" y="23"/>
<monster name="fire storm" direction="2" spawntime="256" x="30" y="23"/>
<monster name="Hell screamer" direction="2" spawntime="30" x="-10" y="24"/>
<monster name="fire storm" direction="2" spawntime="256" x="24" y="24"/>
<monster name="fire storm" direction="2" spawntime="256" x="25" y="24"/>
<monster name="Demonic Summoner" direction="2" spawntime="30" x="-17" y="25"/>
<monster name="Flesh Fiend" direction="2" spawntime="256" x="-16" y="25"/>
<monster name="Flesh Fiend" direction="2" spawntime="256" x="-8" y="25"/>
<monster name="Hell screamer" direction="2" spawntime="256" x="-3" y="25"/>
<monster name="Flesh Fiend" direction="2" spawntime="256" x="12" y="25"/>
<monster name="Flesh Fiend" direction="2" spawntime="30" x="26" y="25"/>
<monster name="Flesh Fiend" direction="2" spawntime="256" x="-15" y="26"/>
<monster name="Hell screamer" direction="2" spawntime="256" x="-9" y="26"/>
<monster name="Ghostly visage" direction="2" spawntime="256" x="-6" y="26"/>
<monster name="Hell screamer" direction="2" spawntime="256" x="-3" y="26"/>
<monster name="Flesh Fiend" direction="2" spawntime="30" x="12" y="26"/>
<monster name="Ghostly visage" direction="2" spawntime="256" x="-2" y="27"/>
<monster name="Demonic Summoner" direction="2" spawntime="30" x="-4" y="28"/>
<monster name="Flesh Fiend" direction="2" spawntime="30" x="16" y="28"/>
<monster name="Ghostly visage" direction="2" spawntime="30" x="-11" y="29"/>
<monster name="Flesh Fiend" direction="2" spawntime="256" x="-1" y="29"/>
<monster name="Demonic Summoner" direction="2" spawntime="30" x="-19" y="30"/>
<monster name="Ghostly visage" direction="2" spawntime="256" x="-12" y="30"/>
<monster name="Ghostly visage" direction="2" spawntime="256" x="-11" y="30"/>
<monster name="Hell screamer" direction="2" spawntime="256" x="-6" y="30"/>
<monster name="Petrified Hell Hound" direction="2" spawntime="256" x="-4" y="30"/>
<monster name="Petrified Hell Hound" direction="2" spawntime="256" x="-3" y="30"/>
<monster name="Flesh Fiend" direction="2" spawntime="256" x="-1" y="30"/>
</spawn>
<spawn centerx="356" centery="149" centerz="8" radius="5">
<monster name="Orshabaal" direction="2" spawntime="60" x="1" y="1"/>
</spawn>
<spawn centerx="142" centery="152" centerz="8" radius="5">
<monster name="Orshabaal" direction="2" spawntime="60" x="0" y="-1"/>
<monster name="Orshabaal" direction="2" spawntime="60" x="2" y="-1"/>
<monster name="Orshabaal" direction="2" spawntime="60" x="2" y="1"/>
</spawn>
<spawn centerx="124" centery="157" centerz="8" radius="5">
<monster name="Orshabaal" direction="2" spawntime="60" x="-1" y="0"/>
</spawn>
<spawn centerx="138" centery="159" centerz="8" radius="5">
<monster name="Orshabaal" direction="2" spawntime="60" x="-1" y="0"/>
</spawn>
<spawn centerx="156" centery="161" centerz="8" radius="5">
<monster name="Orshabaal" direction="2" spawntime="60" x="0" y="-1"/>
<monster name="Orshabaal" direction="2" spawntime="60" x="-1" y="0"/>
</spawn>
<spawn centerx="353" centery="161" centerz="8" radius="5">
<monster name="Orshabaal" direction="2" spawntime="60" x="-1" y="0"/>
</spawn>
<spawn centerx="362" centery="161" centerz="8" radius="5">
<monster name="Orshabaal" direction="2" spawntime="60" x="1" y="0"/>
</spawn>
<spawn centerx="371" centery="161" centerz="8" radius="5">
<monster name="Morguthis" direction="2" spawntime="60" x="1" y="-1"/>
</spawn>
<spawn centerx="563" centery="163" centerz="8" radius="30">
<monster name="Vlad Tepes" direction="2" spawntime="30" x="-6" y="-7"/>
<monster name="Vlad Tepes" direction="2" spawntime="30" x="2" y="-6"/>
<monster name="Vlad Tepes" direction="2" spawntime="30" x="-19" y="-5"/>
<monster name="Vlad Tepes" direction="2" spawntime="30" x="-14" y="-5"/>
<monster name="Vlad Tepes" direction="2" spawntime="512" x="2" y="-5"/>
<monster name="Vlad Tepes" direction="2" spawntime="30" x="13" y="-4"/>
<monster name="Vlad Tepes" direction="2" spawntime="512" x="-10" y="-3"/>
<monster name="Plague Spitter" direction="2" spawntime="30" x="-20" y="-2"/>
<monster name="Vlad Tepes" direction="2" spawntime="30" x="-19" y="-2"/>
<monster name="Plague Spitter" direction="2" spawntime="30" x="-4" y="-1"/>
<monster name="Vlad Tepes" direction="2" spawntime="30" x="7" y="0"/>
<monster name="Vlad Tepes" direction="2" spawntime="30" x="-10" y="1"/>
<monster name="Vlad Tepes" direction="2" spawntime="30" x="1" y="2"/>
<monster name="Plague Spitter" direction="2" spawntime="30" x="-15" y="3"/>
<monster name="Plague Spitter" direction="2" spawntime="512" x="-15" y="4"/>
<monster name="Vlad Tepes" direction="2" spawntime="30" x="-3" y="4"/>
<monster name="Vlad Tepes" direction="2" spawntime="512" x="1" y="4"/>
<monster name="Vlad Tepes" direction="2" spawntime="30" x="-28" y="6"/>
<monster name="Vlad Tepes" direction="2" spawntime="30" x="-20" y="6"/>
<monster name="Vlad Tepes" direction="2" spawntime="30" x="-27" y="8"/>
<monster name="Vlad Tepes" direction="2" spawntime="30" x="-5" y="9"/>
<monster name="Vlad Tepes" direction="2" spawntime="512" x="-27" y="11"/>
<monster name="Vlad Tepes" direction="2" spawntime="30" x="-14" y="11"/>
<monster name="Vlad Tepes" direction="2" spawntime="30" x="-27" y="13"/>
<monster name="Plague Spitter" direction="2" spawntime="30" x="-25" y="13"/>
<monster name="Vlad Tepes" direction="2" spawntime="30" x="-18" y="13"/>
<monster name="Plague Spitter" direction="2" spawntime="30" x="-16" y="13"/>
<monster name="Vlad Tepes" direction="2" spawntime="30" x="-15" y="15"/>
<monster name="Plague Spitter" direction="2" spawntime="30" x="-29" y="17"/>
<monster name="Plague Spitter" direction="2" spawntime="30" x="-25" y="19"/>
<monster name="Vlad Tepes" direction="2" spawntime="30" x="-24" y="19"/>
<monster name="Vlad Tepes" direction="2" spawntime="30" x="-23" y="20"/>
<monster name="Plague Spitter" direction="2" spawntime="30" x="-22" y="21"/>
<monster name="Vlad Tepes" direction="2" spawntime="30" x="-20" y="21"/>
</spawn>
<spawn centerx="371" centery="168" centerz="8" radius="5">
<monster name="Orshabaal" direction="2" spawntime="60" x="1" y="1"/>
</spawn>
<spawn centerx="137" centery="170" centerz="8" radius="5">
<monster name="Orshabaal" direction="2" spawntime="60" x="-1" y="1"/>
<monster name="Orshabaal" direction="2" spawntime="60" x="2" y="1"/>
<monster name="Orshabaal" direction="2" spawntime="60" x="0" y="3"/>
</spawn>
<spawn centerx="371" centery="174" centerz="8" radius="5">
<monster name="Morguthis" direction="2" spawntime="60" x="1" y="1"/>
</spawn>
<spawn centerx="353" centery="175" centerz="8" radius="5">
<monster name="Morguthis" direction="2" spawntime="60" x="-1" y="0"/>
</spawn>
<spawn centerx="362" centery="175" centerz="8" radius="5">
<monster name="Orshabaal" direction="2" spawntime="60" x="-1" y="0"/>
</spawn>
<spawn centerx="351" centery="183" centerz="8" radius="5">
<monster name="Orshabaal" direction="2" spawntime="60" x="1" y="1"/>
</spawn>
<spawn centerx="360" centery="184" centerz="8" radius="5">
<monster name="Morguthis" direction="2" spawntime="60" x="0" y="1"/>
</spawn>
<spawn centerx="369" centery="184" centerz="8" radius="5">
<monster name="Orshabaal" direction="2" spawntime="60" x="2" y="0"/>
</spawn>
<spawn centerx="503" centery="188" centerz="8" radius="30">
<monster name="Ghostly visage" direction="2" spawntime="256" x="-13" y="-27"/>
<monster name="Hell screamer" direction="2" spawntime="30" x="4" y="-27"/>
<monster name="Ghostly visage" direction="2" spawntime="256" x="5" y="-26"/>
<monster name="Flesh Fiend" direction="2" spawntime="30" x="-24" y="-25"/>
<monster name="Flesh Fiend" direction="2" spawntime="256" x="-23" y="-25"/>
<monster name="Ghostly visage" direction="2" spawntime="30" x="-10" y="-25"/>
<monster name="Ghostly visage" direction="2" spawntime="256" x="-7" y="-25"/>
<monster name="Ghostly visage" direction="2" spawntime="30" x="4" y="-25"/>
<monster name="Ghostly visage" direction="2" spawntime="512" x="18" y="-25"/>
<monster name="Flesh Fiend" direction="2" spawntime="30" x="-25" y="-24"/>
<monster name="Flesh Fiend" direction="2" spawntime="30" x="-30" y="-22"/>
<monster name="Ghostly visage" direction="2" spawntime="30" x="12" y="-22"/>
<monster name="Ghostly visage" direction="2" spawntime="30" x="20" y="-22"/>
<monster name="Hell screamer" direction="2" spawntime="30" x="2" y="-21"/>
<monster name="Ghostly visage" direction="2" spawntime="30" x="10" y="-21"/>
<monster name="Ghostly visage" direction="2" spawntime="512" x="14" y="-21"/>
<monster name="Ghostly visage" direction="2" spawntime="30" x="13" y="-20"/>
<monster name="Ghostly visage" direction="2" spawntime="512" x="14" y="-20"/>
<monster name="Petrified Hell Hound" direction="2" spawntime="30" x="-21" y="-14"/>
<monster name="Vlad Tepes" direction="2" spawntime="30" x="-17" y="-14"/>
<monster name="Petrified Hell Hound" direction="2" spawntime="30" x="-10" y="-14"/>
<monster name="Petrified Hell Hound" direction="2" spawntime="30" x="4" y="-14"/>
<monster name="Petrified Hell Hound" direction="2" spawntime="30" x="-6" y="-11"/>
<monster name="Petrified Hell Hound" direction="2" spawntime="30" x="14" y="-11"/>
<monster name="Petrified Hell Hound" direction="2" spawntime="30" x="-17" y="-10"/>
<monster name="Petrified Hell Hound" direction="2" spawntime="30" x="-15" y="-9"/>
<monster name="Petrified Hell Hound" direction="2" spawntime="30" x="-18" y="-8"/>
<monster name="Petrified Hell Hound" direction="2" spawntime="30" x="10" y="-8"/>
<monster name="Vlad Tepes" direction="2" spawntime="30" x="5" y="-7"/>
<monster name="Petrified Hell Hound" direction="2" spawntime="30" x="-5" y="-6"/>
<monster name="Petrified Hell Hound" direction="2" spawntime="30" x="19" y="-6"/>
<monster name="Demonic Summoner" direction="2" spawntime="30" x="-21" y="-3"/>
<monster name="Petrified Hell Hound" direction="2" spawntime="30" x="13" y="-2"/>
<monster name="Demonic Summoner" direction="2" spawntime="30" x="9" y="-1"/>
<monster name="Vlad Tepes" direction="2" spawntime="30" x="17" y="-1"/>
<monster name="Petrified Hell Hound" direction="2" spawntime="30" x="26" y="-1"/>
<monster name="Demonic Summoner" direction="2" spawntime="30" x="-10" y="2"/>
<monster name="Petrified Hell Hound" direction="2" spawntime="30" x="20" y="2"/>
<monster name="Demonic Summoner" direction="2" spawntime="30" x="0" y="5"/>
<monster name="Demonic Summoner" direction="2" spawntime="30" x="-20" y="7"/>
<monster name="Demonic Summoner" direction="2" spawntime="30" x="7" y="8"/>
<monster name="Demonic Summoner" direction="2" spawntime="30" x="21" y="8"/>
<monster name="Demonic Summoner" direction="2" spawntime="30" x="-9" y="9"/>
<monster name="Demonic Summoner" direction="2" spawntime="30" x="11" y="12"/>
<monster name="Demonic Summoner" direction="2" spawntime="30" x="23" y="13"/>
<monster name="Demonic Summoner" direction="2" spawntime="30" x="-28" y="14"/>
<monster name="Demonic Summoner" direction="2" spawntime="30" x="-21" y="15"/>
<monster name="Demonic Summoner" direction="2" spawntime="30" x="0" y="16"/>
<monster name="Demonic Summoner" direction="2" spawntime="30" x="20" y="17"/>
<monster name="Demonic Summoner" direction="2" spawntime="30" x="-11" y="18"/>
<monster name="Demonic Summoner" direction="2" spawntime="30" x="13" y="20"/>
<monster name="Demonic Summoner" direction="2" spawntime="30" x="0" y="22"/>
<monster name="Demonic Summoner" direction="2" spawntime="30" x="8" y="22"/>
<monster name="Demonic Summoner" direction="2" spawntime="30" x="-11" y="24"/>
<monster name="Demonic Summoner" direction="2" spawntime="30" x="22" y="25"/>
<monster name="Demonic Summoner" direction="2" spawntime="30" x="-24" y="27"/>
<monster name="Demonic Summoner" direction="2" spawntime="30" x="9" y="28"/>
</spawn>
<spawn centerx="371" centery="191" centerz="8" radius="5">
<monster name="Morguthis" direction="2" spawntime="60" x="1" y="-1"/>
</spawn>
<spawn centerx="437" centery="194" centerz="8" radius="30">
<monster name="Hell screamer" direction="2" spawntime="256" x="-13" y="-20"/>
<monster name="Ghostly visage" direction="2" spawntime="256" x="-2" y="-20"/>
<monster name="Ghostly visage" direction="2" spawntime="256" x="-1" y="-20"/>
<monster name="Petrified Hell Hound" direction="2" spawntime="30" x="-14" y="-18"/>
<monster name="Ghostly visage" direction="2" spawntime="256" x="-10" y="-18"/>
<monster name="Petrified Hell Hound" direction="2" spawntime="256" x="-15" y="-17"/>
<monster name="Flesh Fiend" direction="2" spawntime="256" x="-1" y="-17"/>
<monster name="Petrified Hell Hound" direction="2" spawntime="256" x="-15" y="-16"/>
<monster name="Ghostly visage" direction="2" spawntime="256" x="-13" y="-16"/>
<monster name="Ghostly visage" direction="2" spawntime="256" x="-14" y="-15"/>
<monster name="Flesh Fiend" direction="2" spawntime="256" x="-10" y="-15"/>
<monster name="Hell screamer" direction="2" spawntime="256" x="-8" y="-15"/>
<monster name="Petrified Hell Hound" direction="2" spawntime="256" x="-1" y="-14"/>
<monster name="Flesh Fiend" direction="2" spawntime="256" x="0" y="-14"/>
<monster name="Flesh Fiend" direction="2" spawntime="256" x="-14" y="-13"/>
<monster name="Hell screamer" direction="2" spawntime="30" x="-7" y="-13"/>
<monster name="Flesh Fiend" direction="2" spawntime="256" x="1" y="-13"/>
<monster name="Flesh Fiend" direction="2" spawntime="256" x="-14" y="-12"/>
<monster name="Demonic Summoner" direction="2" spawntime="30" x="-9" y="-11"/>
<monster name="Hell screamer" direction="2" spawntime="256" x="-6" y="-11"/>
<monster name="Petrified Hell Hound" direction="2" spawntime="256" x="-20" y="-10"/>
<monster name="Hell screamer" direction="2" spawntime="256" x="-7" y="-10"/>
<monster name="Petrified Hell Hound" direction="2" spawntime="256" x="-18" y="-9"/>
<monster name="Flesh Fiend" direction="2" spawntime="256" x="-15" y="-9"/>
<monster name="Petrified Hell Hound" direction="2" spawntime="256" x="-4" y="-9"/>
<monster name="Hell screamer" direction="2" spawntime="256" x="-23" y="-8"/>
<monster name="Petrified Hell Hound" direction="2" spawntime="256" x="-4" y="-8"/>
<monster name="Flesh Fiend" direction="2" spawntime="256" x="1" y="-8"/>
<monster name="Hell screamer" direction="2" spawntime="256" x="-6" y="-7"/>
<monster name="Flesh Fiend" direction="2" spawntime="256" x="-10" y="-6"/>
<monster name="Flesh Fiend" direction="2" spawntime="256" x="-9" y="-6"/>
<monster name="Hell screamer" direction="2" spawntime="256" x="-4" y="-6"/>
<monster name="Ghostly visage" direction="2" spawntime="256" x="-1" y="-6"/>
<monster name="Petrified Hell Hound" direction="2" spawntime="256" x="-19" y="-5"/>
<monster name="Hell screamer" direction="2" spawntime="256" x="-3" y="-5"/>
<monster name="Ghostly visage" direction="2" spawntime="256" x="0" y="-5"/>
<monster name="Petrified Hell Hound" direction="2" spawntime="256" x="-19" y="-4"/>
<monster name="Ghostly visage" direction="2" spawntime="256" x="-17" y="-4"/>
<monster name="Ghostly visage" direction="2" spawntime="256" x="-17" y="0"/>
<monster name="Demonic Summoner" direction="2" spawntime="30" x="-9" y="1"/>
<monster name="Ghostly visage" direction="2" spawntime="256" x="-13" y="2"/>
<monster name="Petrified Hell Hound" direction="2" spawntime="256" x="-19" y="3"/>
<monster name="Hell screamer" direction="2" spawntime="256" x="0" y="3"/>
<monster name="Ghostly visage" direction="2" spawntime="256" x="4" y="3"/>
<monster name="Petrified Hell Hound" direction="2" spawntime="256" x="-19" y="4"/>
<monster name="Ghostly visage" direction="2" spawntime="256" x="-7" y="4"/>
<monster name="Ghostly visage" direction="2" spawntime="256" x="-6" y="4"/>
<monster name="Demonic Summoner" direction="2" spawntime="30" x="1" y="4"/>
<monster name="Hell screamer" direction="2" spawntime="256" x="-21" y="5"/>
<monster name="Demonic Summoner" direction="2" spawntime="256" x="-18" y="5"/>
<monster name="Demonic Summoner" direction="2" spawntime="30" x="-17" y="5"/>
<monster name="Petrified Hell Hound" direction="2" spawntime="256" x="-18" y="9"/>
<monster name="Petrified Hell Hound" direction="2" spawntime="256" x="-17" y="10"/>
<monster name="Petrified Hell Hound" direction="2" spawntime="256" x="-9" y="10"/>
<monster name="Petrified Hell Hound" direction="2" spawntime="256" x="-14" y="11"/>
<monster name="Petrified Hell Hound" direction="2" spawntime="256" x="-3" y="12"/>
<monster name="Petrified Hell Hound" direction="2" spawntime="256" x="-2" y="12"/>
<monster name="Petrified Hell Hound" direction="2" spawntime="256" x="-6" y="14"/>
<monster name="Petrified Hell Hound" direction="2" spawntime="30" x="-12" y="16"/>
<monster name="Petrified Hell Hound" direction="2" spawntime="256" x="-13" y="19"/>
<monster name="Petrified Hell Hound" direction="2" spawntime="256" x="-12" y="19"/>
<monster name="Demonic Summoner" direction="2" spawntime="30" x="-9" y="19"/>
</spawn>
<spawn centerx="356" centery="199" centerz="8" radius="5">
<monster name="Morguthis" direction="2" spawntime="60" x="-1" y="0"/>
<monster name="Orshabaal" direction="2" spawntime="60" x="0" y="1"/>
</spawn>
<spawn centerx="364" centery="199" centerz="8" radius="5">
<monster name="Morguthis" direction="2" spawntime="60" x="1" y="0"/>
</spawn>
<spawn centerx="371" centery="199" centerz="8" radius="5">
<monster name="Morguthis" direction="2" spawntime="60" x="1" y="-1"/>
<monster name="Orshabaal" direction="2" spawntime="60" x="0" y="1"/>
</spawn>
<spawn centerx="122" centery="202" centerz="8" radius="5">
<monster name="chicken" direction="2" spawntime="60" x="-2" y="-2"/>
<monster name="chicken" direction="2" spawntime="60" x="-1" y="-2"/>
<monster name="chicken" direction="2" spawntime="60" x="0" y="-2"/>
<monster name="chicken" direction="2" spawntime="60" x="1" y="-2"/>
<monster name="chicken" direction="2" spawntime="60" x="2" y="-2"/>
<monster name="chicken" direction="2" spawntime="60" x="-2" y="-1"/>
<monster name="chicken" direction="2" spawntime="60" x="-1" y="-1"/>
<monster name="chicken" direction="2" spawntime="60" x="1" y="-1"/>
<monster name="chicken" direction="2" spawntime="60" x="2" y="-1"/>
<monster name="chicken" direction="2" spawntime="60" x="-2" y="0"/>
<monster name="chicken" direction="2" spawntime="60" x="-1" y="0"/>
<monster name="chicken" direction="2" spawntime="60" x="1" y="0"/>
<monster name="chicken" direction="2" spawntime="60" x="2" y="0"/>
<monster name="chicken" direction="2" spawntime="60" x="-2" y="1"/>
<monster name="chicken" direction="2" spawntime="60" x="-1" y="1"/>
<monster name="chicken" direction="2" spawntime="60" x="0" y="1"/>
<monster name="chicken" direction="2" spawntime="60" x="1" y="1"/>
<monster name="chicken" direction="2" spawntime="60" x="2" y="1"/>
</spawn>
<spawn centerx="351" centery="207" centerz="8" radius="5">
<monster name="Morguthis" direction="2" spawntime="60" x="0" y="-1"/>
<monster name="Morguthis" direction="2" spawntime="60" x="1" y="-1"/>
<monster name="Orshabaal" direction="2" spawntime="60" x="0" y="2"/>
</spawn>
<spawn centerx="351" centery="215" centerz="8" radius="5">
<monster name="Morguthis" direction="2" spawntime="60" x="0" y="-1"/>
</spawn>
<spawn centerx="360" centery="215" centerz="8" radius="5">
<monster name="Orshabaal" direction="2" spawntime="60" x="2" y="0"/>
</spawn>
<spawn centerx="369" centery="215" centerz="8" radius="5">
<monster name="Morguthis" direction="2" spawntime="60" x="1" y="-1"/>
</spawn>
<spawn centerx="371" centery="223" centerz="8" radius="5">
<monster name="Morguthis" direction="2" spawntime="60" x="0" y="-1"/>
<monster name="Orshabaal" direction="2" spawntime="60" x="0" y="2"/>
</spawn>
<spawn centerx="354" centery="229" centerz="8" radius="5">
<monster name="Morguthis" direction="2" spawntime="60" x="0" y="-1"/>
<monster name="Orshabaal" direction="2" spawntime="60" x="3" y="-1"/>
</spawn>
<spawn centerx="362" centery="229" centerz="8" radius="5">
<monster name="Orshabaal" direction="2" spawntime="60" x="-2" y="0"/>
<monster name="Morguthis" direction="2" spawntime="60" x="1" y="0"/>
</spawn>
<spawn centerx="371" centery="229" centerz="8" radius="5">
<monster name="Morguthis" direction="2" spawntime="60" x="1" y="0"/>
</spawn>
<spawn centerx="505" centery="243" centerz="8" radius="30">
<monster name="Demonic Summoner" direction="2" spawntime="30" x="-14" y="-22"/>
<monster name="Demonic Summoner" direction="2" spawntime="30" x="-3" y="-21"/>
<monster name="Demonic Summoner" direction="2" spawntime="30" x="17" y="-21"/>
<monster name="Demonic Summoner" direction="2" spawntime="30" x="-21" y="-18"/>
<monster name="Demonic Summoner" direction="2" spawntime="30" x="11" y="-16"/>
<monster name="Demonic Summoner" direction="2" spawntime="30" x="-10" y="-10"/>
<monster name="khartoum" direction="2" spawntime="60" x="2" y="-1"/>
<monster name="khartoum" direction="2" spawntime="60" x="-4" y="5"/>
<monster name="khartoum" direction="2" spawntime="60" x="8" y="5"/>
<monster name="khartoum" direction="2" spawntime="60" x="2" y="11"/>
</spawn>
<spawn centerx="62" centery="256" centerz="8" radius="5">
<monster name="Demon" direction="2" spawntime="60" x="-1" y="-2"/>
<monster name="Demon" direction="2" spawntime="60" x="0" y="-2"/>
<monster name="Demon" direction="2" spawntime="60" x="1" y="-2"/>
<monster name="Demon" direction="2" spawntime="60" x="2" y="-2"/>
<monster name="Demon" direction="2" spawntime="60" x="-3" y="-1"/>
</spawn>
<spawn centerx="86" centery="256" centerz="8" radius="5">
<monster name="Demon" direction="2" spawntime="60" x="0" y="-2"/>
<monster name="Demon" direction="2" spawntime="60" x="2" y="-2"/>
<monster name="Demon" direction="2" spawntime="60" x="3" y="-1"/>
<monster name="Demon" direction="2" spawntime="60" x="4" y="0"/>
<monster name="Demon" direction="2" spawntime="60" x="4" y="1"/>
</spawn>
<spawn centerx="75" centery="257" centerz="8" radius="5">
<monster name="Demon" direction="2" spawntime="60" x="-1" y="-2"/>
<monster name="Demon" direction="2" spawntime="60" x="-2" y="0"/>
<monster name="Demon" direction="2" spawntime="60" x="-1" y="0"/>
<monster name="Demon" direction="2" spawntime="60" x="0" y="0"/>
<monster name="Demon" direction="2" spawntime="60" x="1" y="0"/>
<monster name="Demon" direction="2" spawntime="60" x="2" y="0"/>
<monster name="Assassin" direction="2" spawntime="60" x="-4" y="5"/>
<monster name="Assassin" direction="2" spawntime="60" x="-3" y="5"/>
<monster name="Assassin" direction="2" spawntime="60" x="3" y="5"/>
<monster name="Assassin" direction="2" spawntime="60" x="4" y="5"/>
</spawn>
<spawn centerx="736" centery="257" centerz="8" radius="5">
<monster name="Hell screamer" direction="2" spawntime="60" x="0" y="-1"/>
<monster name="Hell screamer" direction="2" spawntime="60" x="4" y="0"/>
<monster name="Hell screamer" direction="2" spawntime="60" x="0" y="1"/>
</spawn>
<spawn centerx="744" centery="257" centerz="8" radius="5">
<monster name="Hell screamer" direction="2" spawntime="60" x="0" y="-1"/>
<monster name="Hell screamer" direction="2" spawntime="60" x="0" y="1"/>
</spawn>
<spawn centerx="660" centery="259" centerz="8" radius="7">
<monster name="Hell screamer" direction="2" spawntime="60" x="-3" y="-5"/>
<monster name="Hell screamer" direction="2" spawntime="60" x="2" y="-5"/>
<monster name="Hell screamer" direction="2" spawntime="60" x="2" y="3"/>
<monster name="Hell screamer" direction="2" spawntime="60" x="-3" y="4"/>
</spawn>
<spawn centerx="673" centery="262" centerz="8" radius="5">
<monster name="Hell screamer" direction="2" spawntime="60" x="-1" y="-3"/>
<monster name="Hell screamer" direction="2" spawntime="60" x="-2" y="0"/>
<monster name="Hell screamer" direction="2" spawntime="60" x="1" y="2"/>
</spawn>
<spawn centerx="75" centery="263" centerz="8" radius="5">
<monster name="Assassin" direction="2" spawntime="60" x="-1" y="0"/>
<monster name="Assassin" direction="2" spawntime="60" x="0" y="0"/>
<monster name="Assassin" direction="2" spawntime="60" x="1" y="0"/>
</spawn>
<spawn centerx="57" centery="268" centerz="8" radius="5">
<monster name="Demon" direction="2" spawntime="60" x="0" y="-2"/>
<monster name="Demon" direction="2" spawntime="60" x="1" y="-2"/>
<monster name="Demon" direction="2" spawntime="60" x="-1" y="-1"/>
<monster name="Behemoth" direction="2" spawntime="60" x="-1" y="0"/>
<monster name="Behemoth" direction="2" spawntime="60" x="1" y="0"/>
<monster name="Demon" direction="2" spawntime="60" x="-2" y="1"/>
</spawn>
<spawn centerx="70" centery="269" centerz="8" radius="5">
<monster name="Assassin" direction="2" spawntime="60" x="-2" y="-1"/>
<monster name="Assassin" direction="2" spawntime="60" x="-1" y="-1"/>
<monster name="Assassin" direction="2" spawntime="60" x="-2" y="5"/>
<monster name="Assassin" direction="2" spawntime="60" x="-1" y="5"/>
</spawn>
<spawn centerx="80" centery="269" centerz="8" radius="5">
<monster name="Assassin" direction="2" spawntime="60" x="1" y="-1"/>
<monster name="Assassin" direction="2" spawntime="60" x="2" y="-1"/>
<monster name="Assassin" direction="2" spawntime="60" x="1" y="5"/>
<monster name="Assassin" direction="2" spawntime="60" x="2" y="5"/>
</spawn>
<spawn centerx="741" centery="269" centerz="8" radius="5">
<monster name="Hell screamer" direction="2" spawntime="60" x="-1" y="-1"/>
<monster name="Hell screamer" direction="2" spawntime="60" x="1" y="1"/>
</spawn>
<spawn centerx="681" centery="270" centerz="8" radius="5">
<monster name="Hell screamer" direction="2" spawntime="60" x="-2" y="0"/>
<monster name="Hell screamer" direction="2" spawntime="60" x="1" y="2"/>
</spawn>
<spawn centerx="732" centery="272" centerz="8" radius="5">
<monster name="Hell screamer" direction="2" spawntime="60" x="0" y="-1"/>
<monster name="Hell screamer" direction="2" spawntime="60" x="1" y="-1"/>
</spawn>
<spawn centerx="92" centery="274" centerz="8" radius="5">
<monster name="Behemoth" direction="2" spawntime="60" x="-2" y="-3"/>
<monster name="Demon" direction="2" spawntime="60" x="-3" y="-2"/>
<monster name="Behemoth" direction="2" spawntime="60" x="0" y="-2"/>
<monster name="Demon" direction="2" spawntime="60" x="-1" y="0"/>
</spawn>
<spawn centerx="549" centery="274" centerz="8" radius="2">
<monster name="Ancient Necropharus" direction="2" spawntime="60" x="0" y="-1"/>
</spawn>
<spawn centerx="553" centery="274" centerz="8" radius="2">
<monster name="Demonic Summoner" direction="2" spawntime="60" x="-1" y="0"/>
<monster name="Demonic Summoner" direction="2" spawntime="60" x="1" y="0"/>
</spawn>
<spawn centerx="557" centery="274" centerz="8" radius="2">
<monster name="Ancient Necropharus" direction="2" spawntime="60" x="0" y="-1"/>
</spawn>
<spawn centerx="71" centery="278" centerz="8" radius="5">
<monster name="Assassin" direction="2" spawntime="60" x="3" y="0"/>
<monster name="Assassin" direction="2" spawntime="60" x="4" y="0"/>
<monster name="Assassin" direction="2" spawntime="60" x="5" y="0"/>
<monster name="Assassin" direction="2" spawntime="60" x="-3" y="3"/>
<monster name="Assassin" direction="2" spawntime="60" x="-2" y="3"/>
</spawn>
<spawn centerx="79" centery="278" centerz="8" radius="5">
<monster name="Assassin" direction="2" spawntime="60" x="2" y="3"/>
<monster name="Assassin" direction="2" spawntime="60" x="3" y="3"/>
</spawn>
<spawn centerx="685" centery="278" centerz="8" radius="5">
<monster name="Hell screamer" direction="2" spawntime="60" x="-2" y="1"/>
<monster name="Hell screamer" direction="2" spawntime="60" x="2" y="1"/>
</spawn>
<spawn centerx="724" centery="278" centerz="8" radius="5">
<monster name="Hell screamer" direction="2" spawntime="60" x="0" y="-1"/>
<monster name="Hell screamer" direction="2" spawntime="60" x="1" y="-1"/>
</spawn>
<spawn centerx="549" centery="281" centerz="8" radius="2">
<monster name="Skeletor" direction="2" spawntime="60" x="-1" y="0"/>
</spawn>
<spawn centerx="557" centery="281" centerz="8" radius="2">
<monster name="Skeletor" direction="2" spawntime="60" x="1" y="0"/>
</spawn>
<spawn centerx="56" centery="282" centerz="8" radius="5">
<monster name="Behemoth" direction="2" spawntime="60" x="-2" y="-1"/>
<monster name="Behemoth" direction="2" spawntime="60" x="-1" y="-1"/>
<monster name="Behemoth" direction="2" spawntime="60" x="0" y="-1"/>
<monster name="Behemoth" direction="2" spawntime="60" x="1" y="-1"/>
<monster name="Demon" direction="2" spawntime="60" x="-1" y="0"/>
<monster name="Demon" direction="2" spawntime="60" x="1" y="0"/>
</spawn>
<spawn centerx="705" centery="283" centerz="8" radius="5">
<monster name="Hell screamer" direction="2" spawntime="60" x="1" y="-1"/>
<monster name="Hell screamer" direction="2" spawntime="60" x="1" y="1"/>
</spawn>
<spawn centerx="716" centery="283" centerz="8" radius="5">
<monster name="Hell screamer" direction="2" spawntime="60" x="1" y="-1"/>
<monster name="Hell screamer" direction="2" spawntime="60" x="1" y="1"/>
</spawn>
<spawn centerx="75" centery="284" centerz="8" radius="5">
<monster name="Assassin" direction="2" spawntime="60" x="0" y="0"/>
</spawn>
<spawn centerx="686" centery="286" centerz="8" radius="5">
<monster name="Hell screamer" direction="2" spawntime="60" x="-1" y="1"/>
<monster name="Hell screamer" direction="2" spawntime="60" x="2" y="1"/>
</spawn>
<spawn centerx="695" centery="287" centerz="8" radius="5">
<monster name="Hell screamer" direction="2" spawntime="60" x="1" y="-1"/>
<monster name="Hell screamer" direction="2" spawntime="60" x="1" y="1"/>
</spawn>
<spawn centerx="91" centery="290" centerz="8" radius="5">
<monster name="Behemoth" direction="2" spawntime="60" x="0" y="-2"/>
<monster name="Behemoth" direction="2" spawntime="60" x="-1" y="-1"/>
<monster name="Behemoth" direction="2" spawntime="60" x="2" y="-1"/>
<monster name="Behemoth" direction="2" spawntime="60" x="-1" y="1"/>
<monster name="Behemoth" direction="2" spawntime="60" x="1" y="1"/>
<monster name="Demon" direction="2" spawntime="60" x="-2" y="3"/>
</spawn>
<spawn centerx="60" centery="292" centerz="8" radius="5">
<monster name="Demon" direction="2" spawntime="60" x="0" y="-2"/>
<monster name="Behemoth" direction="2" spawntime="60" x="-3" y="-1"/>
<monster name="Behemoth" direction="2" spawntime="60" x="-1" y="-1"/>
<monster name="Behemoth" direction="2" spawntime="60" x="0" y="-1"/>
<monster name="Behemoth" direction="2" spawntime="60" x="-3" y="1"/>
<monster name="Behemoth" direction="2" spawntime="60" x="-1" y="1"/>
</spawn>
<spawn centerx="539" centery="293" centerz="8" radius="4">
<monster name="Flesh Fiend" direction="2" spawntime="60" x="-1" y="-2"/>
<monster name="Flesh Fiend" direction="2" spawntime="60" x="1" y="-2"/>
<monster name="Flesh Fiend" direction="2" spawntime="60" x="2" y="-1"/>
<monster name="Flesh Fiend" direction="2" spawntime="60" x="-2" y="0"/>
<monster name="Flesh Fiend" direction="2" spawntime="60" x="0" y="1"/>
<monster name="Flesh Fiend" direction="2" spawntime="60" x="2" y="1"/>
<monster name="Plague Spitter" direction="2" spawntime="60" x="-2" y="4"/>
<monster name="Plague Spitter" direction="2" spawntime="60" x="1" y="4"/>
</spawn>
<spawn centerx="565" centery="293" centerz="8" radius="4">
<monster name="Vlad Tepes" direction="2" spawntime="60" x="-1" y="-2"/>
<monster name="Vlad Tepes" direction="2" spawntime="60" x="1" y="-2"/>
<monster name="Vlad Tepes" direction="2" spawntime="60" x="-1" y="0"/>
<monster name="Vlad Tepes" direction="2" spawntime="60" x="1" y="0"/>
<monster name="Vlad Tepes" direction="2" spawntime="60" x="-1" y="2"/>
<monster name="Vlad Tepes" direction="2" spawntime="60" x="1" y="2"/>
</spawn>
<spawn centerx="553" centery="297" centerz="8" radius="3">
<monster name="Crypt Lord" direction="2" spawntime="60" x="-1" y="0"/>
<monster name="Crypt Lord" direction="2" spawntime="60" x="1" y="0"/>
</spawn>
<spawn centerx="539" centery="300" centerz="8" radius="4">
<monster name="Plague Spitter" direction="2" spawntime="60" x="-2" y="-1"/>
<monster name="Plague Spitter" direction="2" spawntime="60" x="0" y="-1"/>
<monster name="Plague Spitter" direction="2" spawntime="60" x="2" y="-1"/>
<monster name="Plague Spitter" direction="2" spawntime="60" x="-1" y="1"/>
<monster name="Plague Spitter" direction="2" spawntime="60" x="3" y="1"/>
<monster name="Plague Spitter" direction="2" spawntime="60" x="2" y="2"/>
</spawn>
<spawn centerx="565" centery="300" centerz="8" radius="4">
<monster name="Demonic Summoner" direction="2" spawntime="60" x="-1" y="-2"/>
<monster name="Demonic Summoner" direction="2" spawntime="60" x="1" y="-2"/>
<monster name="Demonic Summoner" direction="2" spawntime="60" x="-1" y="0"/>
<monster name="Demonic Summoner" direction="2" spawntime="60" x="1" y="0"/>
<monster name="Ghostly visage" direction="2" spawntime="60" x="-2" y="4"/>
<monster name="Ghostly visage" direction="2" spawntime="60" x="0" y="4"/>
<monster name="Ghostly visage" direction="2" spawntime="60" x="2" y="4"/>
</spawn>
<spawn centerx="553" centery="303" centerz="8" radius="3">
<monster name="Demonic Acolyte" direction="2" spawntime="60" x="0" y="-1"/>
<monster name="Nefarious Acolyte" direction="2" spawntime="60" x="0" y="3"/>
</spawn>
<spawn centerx="539" centery="307" centerz="8" radius="4">
<monster name="Petrified Hell Hound" direction="2" spawntime="60" x="-2" y="-2"/>
<monster name="Petrified Hell Hound" direction="2" spawntime="60" x="1" y="-2"/>
<monster name="Petrified Hell Hound" direction="2" spawntime="60" x="3" y="-2"/>
<monster name="Petrified Hell Hound" direction="2" spawntime="60" x="-1" y="0"/>
<monster name="Petrified Hell Hound" direction="2" spawntime="60" x="2" y="0"/>
<monster name="Petrified Hell Hound" direction="2" spawntime="60" x="0" y="1"/>
</spawn>
<spawn centerx="565" centery="307" centerz="8" radius="4">
<monster name="Ghostly visage" direction="2" spawntime="60" x="-2" y="-1"/>
<monster name="Ghostly visage" direction="2" spawntime="60" x="0" y="-1"/>
<monster name="Ghostly visage" direction="2" spawntime="60" x="2" y="-1"/>
<monster name="Ghostly visage" direction="2" spawntime="60" x="-2" y="1"/>
<monster name="Ghostly visage" direction="2" spawntime="60" x="0" y="1"/>
<monster name="Ghostly visage" direction="2" spawntime="60" x="2" y="1"/>
</spawn>
<spawn centerx="542" centery="321" centerz="8" radius="2">
<monster name="Petrified Hell Hound" direction="2" spawntime="60" x="0" y="1"/>
<monster name="Petrified Hell Hound" direction="2" spawntime="60" x="1" y="1"/>
</spawn>
<spawn centerx="549" centery="321" centerz="8" radius="2">
<monster name="The Soul" direction="2" spawntime="60" x="0" y="-1"/>
<monster name="Hell screamer" direction="2" spawntime="60" x="-1" y="0"/>
<monster name="Hell screamer" direction="2" spawntime="60" x="0" y="1"/>
</spawn>
<spawn centerx="556" centery="321" centerz="8" radius="2">
<monster name="Petrified Hell Hound" direction="2" spawntime="60" x="0" y="1"/>
<monster name="Petrified Hell Hound" direction="2" spawntime="60" x="1" y="1"/>
</spawn>
<spawn centerx="563" centery="321" centerz="8" radius="2">
<monster name="The Soul" direction="2" spawntime="60" x="0" y="-1"/>
<monster name="Hell screamer" direction="2" spawntime="60" x="-1" y="0"/>
<monster name="Hell screamer" direction="2" spawntime="60" x="-1" y="1"/>
<monster name="Hell screamer" direction="2" spawntime="60" x="0" y="1"/>
</spawn>
<spawn centerx="545" centery="325" centerz="8" radius="3">
<monster name="Ghostly visage" direction="2" spawntime="60" x="-1" y="-1"/>
<monster name="Ghostly visage" direction="2" spawntime="60" x="2" y="-1"/>
<monster name="Flesh Fiend" direction="2" spawntime="60" x="-3" y="0"/>
<monster name="Plague Spitter" direction="2" spawntime="60" x="3" y="0"/>
<monster name="Vlad Tepes" direction="2" spawntime="60" x="-2" y="1"/>
<monster name="Vlad Tepes" direction="2" spawntime="60" x="2" y="1"/>
</spawn>
<spawn centerx="560" centery="325" centerz="8" radius="3">
<monster name="Ghostly visage" direction="2" spawntime="60" x="-1" y="-1"/>
<monster name="Ghostly visage" direction="2" spawntime="60" x="1" y="-1"/>
<monster name="Plague Spitter" direction="2" spawntime="60" x="-3" y="0"/>
<monster name="Flesh Fiend" direction="2" spawntime="60" x="3" y="0"/>
<monster name="Vlad Tepes" direction="2" spawntime="60" x="-2" y="1"/>
<monster name="Vlad Tepes" direction="2" spawntime="60" x="2" y="1"/>
</spawn>
<spawn centerx="235" centery="362" centerz="8" radius="5">
<monster name="orc berserker" direction="2" spawntime="60" x="2" y="-1"/>
<monster name="orc" direction="2" spawntime="60" x="-2" y="0"/>
<monster name="orc" direction="2" spawntime="60" x="-1" y="0"/>
<monster name="orc berserker" direction="2" spawntime="60" x="2" y="0"/>
<monster name="orc" direction="2" spawntime="60" x="-2" y="1"/>
<monster name="orc rider" direction="2" spawntime="60" x="-4" y="5"/>
<monster name="orc spearman" direction="2" spawntime="60" x="5" y="5"/>
</spawn>
<spawn centerx="248" centery="362" centerz="8" radius="5">
<monster name="orc berserker" direction="2" spawntime="60" x="-2" y="-1"/>
<monster name="orc berserker" direction="2" spawntime="60" x="3" y="-1"/>
<monster name="orc berserker" direction="2" spawntime="60" x="-2" y="1"/>
<monster name="orc berserker" direction="2" spawntime="60" x="2" y="1"/>
<monster name="orc spearman" direction="2" spawntime="60" x="0" y="4"/>
<monster name="orc warlord" direction="2" spawntime="60" x="0" y="5"/>
</spawn>
<spawn centerx="263" centery="363" centerz="8" radius="5">
<monster name="orc leader" direction="2" spawntime="60" x="2" y="-2"/>
<monster name="orc leader" direction="2" spawntime="60" x="-1" y="-1"/>
<monster name="orc leader" direction="2" spawntime="60" x="-3" y="0"/>
<monster name="orc leader" direction="2" spawntime="60" x="1" y="1"/>
<monster name="orc warlord" direction="2" spawntime="60" x="-5" y="5"/>
</spawn>
<spawn centerx="220" centery="365" centerz="8" radius="5">
<monster name="orc" direction="2" spawntime="60" x="3" y="-4"/>
<monster name="orc" direction="2" spawntime="60" x="-1" y="-2"/>
<monster name="orc" direction="2" spawntime="60" x="2" y="-2"/>
<monster name="orc" direction="2" spawntime="60" x="0" y="1"/>
<monster name="orc" direction="2" spawntime="60" x="-1" y="3"/>
<monster name="orc rider" direction="2" spawntime="60" x="5" y="4"/>
</spawn>
<spawn centerx="269" centery="365" centerz="8" radius="5">
<monster name="orc" direction="2" spawntime="60" x="1" y="-3"/>
<monster name="orc" direction="2" spawntime="60" x="1" y="-1"/>
<monster name="orc warlord" direction="2" spawntime="60" x="2" y="0"/>
<monster name="orc" direction="2" spawntime="60" x="1" y="2"/>
</spawn>
<spawn centerx="257" centery="367" centerz="8" radius="5">
<monster name="orc spearman" direction="2" spawntime="60" x="-2" y="0"/>
<monster name="orc warlord" direction="2" spawntime="60" x="0" y="0"/>
</spawn>
<spawn centerx="228" centery="371" centerz="8" radius="5">
<monster name="dwarf geomancer" direction="2" spawntime="60" x="1" y="0"/>
<monster name="orc rider" direction="2" spawntime="60" x="-3" y="2"/>
</spawn>
<spawn centerx="240" centery="371" centerz="8" radius="5">
<monster name="orc warlord" direction="2" spawntime="60" x="1" y="-4"/>
<monster name="dwarf geomancer" direction="2" spawntime="60" x="-1" y="-1"/>
<monster name="orc shaman" direction="2" spawntime="60" x="0" y="5"/>
<monster name="orc shaman" direction="2" spawntime="60" x="2" y="5"/>
</spawn>
<spawn centerx="275" centery="371" centerz="8" radius="5">
<monster name="orc" direction="2" spawntime="60" x="1" y="-3"/>
<monster name="orc" direction="2" spawntime="60" x="0" y="-1"/>
<monster name="orc warlord" direction="2" spawntime="60" x="1" y="-1"/>
<monster name="orc" direction="2" spawntime="60" x="0" y="1"/>
</spawn>
<spawn centerx="253" centery="375" centerz="8" radius="5">
<monster name="dwarf guard" direction="2" spawntime="60" x="1" y="1"/>
</spawn>
<spawn centerx="385" centery="377" centerz="8" radius="5">
<monster name="minotaur guard" direction="2" spawntime="60" x="0" y="-1"/>
<monster name="minotaur guard" direction="2" spawntime="60" x="-2" y="0"/>
<monster name="minotaur guard" direction="2" spawntime="60" x="-1" y="3"/>
<monster name="minotaur" direction="2" spawntime="60" x="-5" y="5"/>
</spawn>
<spawn centerx="264" centery="379" centerz="8" radius="5">
<monster name="orc spearman" direction="2" spawntime="60" x="0" y="-3"/>
<monster name="orc spearman" direction="2" spawntime="60" x="1" y="-2"/>
<monster name="orc spearman" direction="2" spawntime="60" x="-1" y="2"/>
<monster name="orc spearman" direction="2" spawntime="60" x="0" y="3"/>
</spawn>
<spawn centerx="219" centery="380" centerz="8" radius="5">
<monster name="orc rider" direction="2" spawntime="60" x="0" y="-3"/>
<monster name="orc rider" direction="2" spawntime="60" x="1" y="0"/>
<monster name="orc rider" direction="2" spawntime="60" x="1" y="3"/>
<monster name="orc rider" direction="2" spawntime="60" x="0" y="4"/>
</spawn>
<spawn centerx="240" centery="380" centerz="8" radius="5">
<monster name="dwarf guard" direction="2" spawntime="60" x="0" y="1"/>
</spawn>
<spawn centerx="270" centery="382" centerz="8" radius="5">
<monster name="orc berserker" direction="2" spawntime="60" x="0" y="-3"/>
<monster name="orc berserker" direction="2" spawntime="60" x="1" y="-1"/>
<monster name="orc leader" direction="2" spawntime="60" x="4" y="0"/>
<monster name="orc berserker" direction="2" spawntime="60" x="0" y="1"/>
<monster name="orc berserker" direction="2" spawntime="60" x="0" y="2"/>
<monster name="orc berserker" direction="2" spawntime="60" x="0" y="3"/>
<monster name="orc leader" direction="2" spawntime="60" x="5" y="4"/>
</spawn>
<spawn centerx="259" centery="383" centerz="8" radius="5">
<monster name="orc warrior" direction="2" spawntime="60" x="-1" y="-2"/>
<monster name="orc warrior" direction="2" spawntime="60" x="-1" y="0"/>
<monster name="orc warrior" direction="2" spawntime="60" x="-4" y="2"/>
<monster name="orc warrior" direction="2" spawntime="60" x="-1" y="2"/>
</spawn>
<spawn centerx="251" centery="384" centerz="8" radius="5">
<monster name="orc warrior" direction="2" spawntime="60" x="-2" y="0"/>
<monster name="orc warrior" direction="2" spawntime="60" x="-2" y="5"/>
</spawn>
<spawn centerx="276" centery="385" centerz="8" radius="5">
<monster name="orc leader" direction="2" spawntime="60" x="0" y="-3"/>
<monster name="orc leader" direction="2" spawntime="60" x="0" y="1"/>
</spawn>
<spawn centerx="229" centery="387" centerz="8" radius="5">
<monster name="orc berserker" direction="2" spawntime="60" x="-3" y="-2"/>
<monster name="orc shaman" direction="2" spawntime="60" x="4" y="-2"/>
<monster name="orc berserker" direction="2" spawntime="60" x="-3" y="1"/>
<monster name="Dwarf Soldier" direction="2" spawntime="60" x="1" y="1"/>
<monster name="orc shaman" direction="2" spawntime="60" x="4" y="1"/>
<monster name="orc warrior" direction="2" spawntime="60" x="-4" y="2"/>
<monster name="orc warrior" direction="2" spawntime="60" x="-5" y="4"/>
</spawn>
<spawn centerx="253" centery="390" centerz="8" radius="5">
<monster name="orc warrior" direction="2" spawntime="60" x="-2" y="0"/>
<monster name="orc warrior" direction="2" spawntime="60" x="-1" y="0"/>
<monster name="orc warrior" direction="2" spawntime="60" x="1" y="0"/>
<monster name="orc warrior" direction="2" spawntime="60" x="1" y="1"/>
</spawn>
<spawn centerx="264" centery="390" centerz="8" radius="5">
<monster name="orc warlord" direction="2" spawntime="60" x="1" y="-2"/>
<monster name="orc warlord" direction="2" spawntime="60" x="-2" y="0"/>
<monster name="orc warlord" direction="2" spawntime="60" x="0" y="1"/>
</spawn>
<spawn centerx="241" centery="391" centerz="8" radius="5">
<monster name="Dwarf Soldier" direction="2" spawntime="60" x="-1" y="-1"/>
<monster name="orc shaman" direction="2" spawntime="60" x="-3" y="3"/>
<monster name="orc rider" direction="2" spawntime="60" x="3" y="3"/>
<monster name="orc rider" direction="2" spawntime="60" x="3" y="4"/>
<monster name="orc rider" direction="2" spawntime="60" x="4" y="4"/>
<monster name="orc rider" direction="2" spawntime="60" x="5" y="4"/>
</spawn>
<spawn centerx="220" centery="393" centerz="8" radius="5">
<monster name="orc spearman" direction="2" spawntime="60" x="0" y="-3"/>
<monster name="orc spearman" direction="2" spawntime="60" x="0" y="-2"/>
<monster name="orc spearman" direction="2" spawntime="60" x="1" y="-2"/>
<monster name="orc spearman" direction="2" spawntime="60" x="-1" y="0"/>
<monster name="orc spearman" direction="2" spawntime="60" x="0" y="0"/>
<monster name="orc spearman" direction="2" spawntime="60" x="0" y="1"/>
<monster name="orc spearman" direction="2" spawntime="60" x="1" y="1"/>
<monster name="orc spearman" direction="2" spawntime="60" x="0" y="3"/>
<monster name="orc spearman" direction="2" spawntime="60" x="1" y="3"/>
<monster name="orc berserker" direction="2" spawntime="60" x="5" y="3"/>
<monster name="orc berserker" direction="2" spawntime="60" x="5" y="5"/>
</spawn>
<spawn centerx="363" centery="395" centerz="8" radius="22">
<monster name="minotaur guard" direction="2" spawntime="60" x="-9" y="-20"/>
<monster name="minotaur guard" direction="2" spawntime="60" x="-7" y="-20"/>
<monster name="minotaur guard" direction="2" spawntime="60" x="-2" y="-19"/>
<monster name="minotaur mage" direction="2" spawntime="60" x="1" y="-19"/>
<monster name="minotaur mage" direction="2" spawntime="60" x="6" y="-19"/>
<monster name="minotaur guard" direction="2" spawntime="60" x="-12" y="-18"/>
<monster name="minotaur guard" direction="2" spawntime="60" x="-10" y="-18"/>
<monster name="minotaur guard" direction="2" spawntime="60" x="-8" y="-18"/>
<monster name="minotaur guard" direction="2" spawntime="60" x="-6" y="-18"/>
<monster name="minotaur guard" direction="2" spawntime="60" x="6" y="-18"/>
<monster name="minotaur guard" direction="2" spawntime="60" x="-5" y="-16"/>
<monster name="minotaur" direction="2" spawntime="60" x="11" y="-15"/>
<monster name="minotaur archer" direction="2" spawntime="60" x="-6" y="-14"/>
<monster name="minotaur guard" direction="2" spawntime="60" x="-2" y="-14"/>
<monster name="minotaur archer" direction="2" spawntime="60" x="0" y="-14"/>
<monster name="minotaur guard" direction="2" spawntime="60" x="4" y="-14"/>
<monster name="minotaur archer" direction="2" spawntime="60" x="6" y="-14"/>
<monster name="minotaur" direction="2" spawntime="60" x="14" y="-14"/>
<monster name="minotaur" direction="2" spawntime="60" x="15" y="-14"/>
<monster name="minotaur" direction="2" spawntime="60" x="13" y="-13"/>
<monster name="minotaur" direction="2" spawntime="60" x="-16" y="-12"/>
<monster name="minotaur archer" direction="2" spawntime="60" x="-12" y="-12"/>
<monster name="minotaur" direction="2" spawntime="60" x="-17" y="-10"/>
<monster name="minotaur mage" direction="2" spawntime="60" x="15" y="-8"/>
<monster name="minotaur" direction="2" spawntime="60" x="-18" y="-7"/>
<monster name="minotaur mage" direction="2" spawntime="60" x="17" y="-7"/>
<monster name="minotaur archer" direction="2" spawntime="60" x="-7" y="-6"/>
<monster name="minotaur archer" direction="2" spawntime="60" x="-1" y="-6"/>
<monster name="minotaur mage" direction="2" spawntime="60" x="17" y="-6"/>
<monster name="minotaur" direction="2" spawntime="60" x="-17" y="-5"/>
<monster name="minotaur archer" direction="2" spawntime="60" x="-9" y="-5"/>
<monster name="minotaur mage" direction="2" spawntime="60" x="4" y="-5"/>
<monster name="minotaur" direction="2" spawntime="60" x="20" y="-5"/>
<monster name="minotaur mage" direction="2" spawntime="60" x="16" y="-4"/>
<monster name="minotaur" direction="2" spawntime="60" x="20" y="-3"/>
<monster name="minotaur guard" direction="2" spawntime="60" x="2" y="-2"/>
<monster name="minotaur guard" direction="2" spawntime="60" x="3" y="-2"/>
<monster name="minotaur guard" direction="2" spawntime="60" x="5" y="-2"/>
<monster name="minotaur guard" direction="2" spawntime="60" x="6" y="-2"/>
<monster name="minotaur" direction="2" spawntime="60" x="-16" y="-1"/>
<monster name="minotaur guard" direction="2" spawntime="60" x="4" y="-1"/>
<monster name="minotaur" direction="2" spawntime="60" x="-17" y="1"/>
<monster name="minotaur guard" direction="2" spawntime="60" x="5" y="1"/>
<monster name="minotaur guard" direction="2" spawntime="60" x="16" y="1"/>
<monster name="minotaur" direction="2" spawntime="60" x="20" y="1"/>
<monster name="minotaur" direction="2" spawntime="60" x="-11" y="3"/>
<monster name="minotaur" direction="2" spawntime="60" x="-6" y="3"/>
<monster name="minotaur guard" direction="2" spawntime="60" x="16" y="4"/>
<monster name="minotaur" direction="2" spawntime="60" x="21" y="4"/>
<monster name="minotaur" direction="2" spawntime="60" x="-11" y="5"/>
<monster name="minotaur" direction="2" spawntime="60" x="-6" y="5"/>
<monster name="minotaur archer" direction="2" spawntime="60" x="5" y="5"/>
<monster name="minotaur guard" direction="2" spawntime="60" x="16" y="5"/>
<monster name="minotaur" direction="2" spawntime="60" x="-18" y="6"/>
<monster name="minotaur" direction="2" spawntime="60" x="-17" y="7"/>
<monster name="minotaur guard" direction="2" spawntime="60" x="16" y="7"/>
<monster name="minotaur mage" direction="2" spawntime="60" x="5" y="8"/>
<monster name="minotaur guard" direction="2" spawntime="60" x="16" y="8"/>
<monster name="minotaur" direction="2" spawntime="60" x="-16" y="9"/>
<monster name="minotaur archer" direction="2" spawntime="60" x="20" y="9"/>
<monster name="minotaur" direction="2" spawntime="60" x="-10" y="10"/>
<monster name="minotaur" direction="2" spawntime="60" x="-6" y="10"/>
<monster name="minotaur archer" direction="2" spawntime="60" x="5" y="11"/>
<monster name="minotaur guard" direction="2" spawntime="60" x="16" y="11"/>
<monster name="minotaur archer" direction="2" spawntime="60" x="22" y="11"/>
<monster name="minotaur archer" direction="2" spawntime="60" x="-16" y="14"/>
<monster name="minotaur mage" direction="2" spawntime="60" x="20" y="14"/>
<monster name="minotaur mage" direction="2" spawntime="60" x="22" y="14"/>
<monster name="minotaur archer" direction="2" spawntime="60" x="-14" y="15"/>
<monster name="minotaur guard" direction="2" spawntime="60" x="-8" y="15"/>
<monster name="minotaur guard" direction="2" spawntime="60" x="-2" y="15"/>
<monster name="minotaur archer" direction="2" spawntime="60" x="-12" y="16"/>
<monster name="minotaur guard" direction="2" spawntime="60" x="5" y="16"/>
<monster name="minotaur guard" direction="2" spawntime="60" x="9" y="18"/>
<monster name="minotaur archer" direction="2" spawntime="60" x="-8" y="19"/>
<monster name="minotaur guard" direction="2" spawntime="60" x="6" y="19"/>
<monster name="minotaur archer" direction="2" spawntime="60" x="-5" y="20"/>
<monster name="minotaur guard" direction="2" spawntime="60" x="1" y="20"/>
<monster name="minotaur guard" direction="2" spawntime="60" x="20" y="22"/>
</spawn>
<spawn centerx="248" centery="396" centerz="8" radius="5">
<monster name="orc rider" direction="2" spawntime="60" x="-1" y="-2"/>
<monster name="orc rider" direction="2" spawntime="60" x="-1" y="-1"/>
</spawn>
<spawn centerx="275" centery="397" centerz="8" radius="5">
<monster name="orc berserker" direction="2" spawntime="60" x="0" y="-2"/>
<monster name="orc berserker" direction="2" spawntime="60" x="1" y="-2"/>
<monster name="orc berserker" direction="2" spawntime="60" x="0" y="1"/>
<monster name="orc leader" direction="2" spawntime="60" x="-5" y="3"/>
</spawn>
<spawn centerx="229" centery="398" centerz="8" radius="5">
<monster name="dwarf" direction="2" spawntime="60" x="1" y="1"/>
</spawn>
<spawn centerx="266" centery="400" centerz="8" radius="5">
<monster name="orc leader" direction="2" spawntime="60" x="-2" y="-1"/>
<monster name="orc leader" direction="2" spawntime="60" x="1" y="-1"/>
<monster name="orc leader" direction="2" spawntime="60" x="0" y="1"/>
</spawn>
<spawn centerx="240" centery="403" centerz="8" radius="5">
<monster name="orc warlord" direction="2" spawntime="60" x="3" y="4"/>
<monster name="orc warlord" direction="2" spawntime="60" x="5" y="5"/>
</spawn>
<spawn centerx="257" centery="405" centerz="8" radius="5">
<monster name="orc spearman" direction="2" spawntime="60" x="0" y="-2"/>
<monster name="orc spearman" direction="2" spawntime="60" x="1" y="-1"/>
<monster name="orc spearman" direction="2" spawntime="60" x="-2" y="0"/>
<monster name="orc spearman" direction="2" spawntime="60" x="0" y="1"/>
</spawn>
<spawn centerx="220" centery="408" centerz="8" radius="5">
<monster name="orc shaman" direction="2" spawntime="60" x="-1" y="-1"/>
<monster name="orc shaman" direction="2" spawntime="60" x="2" y="1"/>
</spawn>
<spawn centerx="231" centery="408" centerz="8" radius="5">
<monster name="orc warrior" direction="2" spawntime="60" x="0" y="0"/>
<monster name="orc warrior" direction="2" spawntime="60" x="3" y="0"/>
<monster name="orc warrior" direction="2" spawntime="60" x="-1" y="1"/>
<monster name="orc warrior" direction="2" spawntime="60" x="2" y="1"/>
</spawn>
<spawn centerx="247" centery="408" centerz="8" radius="5">
<monster name="orc warlord" direction="2" spawntime="60" x="-1" y="-2"/>
<monster name="orc warlord" direction="2" spawntime="60" x="2" y="-1"/>
</spawn>
<spawn centerx="347" centery="418" centerz="8" radius="5">
<monster name="minotaur mage" direction="2" spawntime="60" x="0" y="0"/>
<monster name="minotaur guard" direction="2" spawntime="60" x="-2" y="2"/>
<monster name="minotaur guard" direction="2" spawntime="60" x="3" y="2"/>
</spawn>
<spawn centerx="384" centery="418" centerz="8" radius="5">
<monster name="minotaur guard" direction="2" spawntime="60" x="-2" y="1"/>
<monster name="minotaur guard" direction="2" spawntime="60" x="0" y="2"/>
</spawn>
<spawn centerx="361" centery="420" centerz="8" radius="5">
<monster name="minotaur archer" direction="2" spawntime="60" x="2" y="-1"/>
<monster name="minotaur archer" direction="2" spawntime="60" x="-3" y="0"/>
<monster name="minotaur archer" direction="2" spawntime="60" x="4" y="0"/>
</spawn>
<spawn centerx="374" centery="420" centerz="8" radius="5">
<monster name="minotaur" direction="2" spawntime="60" x="0" y="-2"/>
<monster name="minotaur" direction="2" spawntime="60" x="-2" y="-1"/>
<monster name="minotaur" direction="2" spawntime="60" x="4" y="-1"/>
<monster name="minotaur" direction="2" spawntime="60" x="3" y="0"/>
</spawn>
<spawn centerx="270" centery="554" centerz="8" radius="5">
<monster name="Angel" direction="2" spawntime="60" x="-1" y="-2"/>
<monster name="Angel" direction="2" spawntime="60" x="1" y="-2"/>
<monster name="ArchAngel" direction="2" spawntime="60" x="3" y="-1"/>
<monster name="ArchAngel" direction="2" spawntime="60" x="-3" y="0"/>
<monster name="ArchAngel" direction="2" spawntime="60" x="-1" y="2"/>
<monster name="ArchAngel" direction="2" spawntime="60" x="2" y="2"/>
</spawn>
<spawn centerx="285" centery="555" centerz="8" radius="5">
<monster name="ArchAngel" direction="2" spawntime="60" x="-1" y="-3"/>
<monster name="ArchAngel" direction="2" spawntime="60" x="-4" y="-1"/>
<monster name="ArchAngel" direction="2" spawntime="60" x="2" y="0"/>
<monster name="Angel" direction="2" spawntime="60" x="-3" y="1"/>
<monster name="Angel" direction="2" spawntime="60" x="-1" y="2"/>
<monster name="ArchAngel" direction="2" spawntime="60" x="2" y="2"/>
</spawn>
<spawn centerx="300" centery="555" centerz="8" radius="5">
<monster name="ArchAngel" direction="2" spawntime="60" x="-3" y="-3"/>
<monster name="ArchAngel" direction="2" spawntime="60" x="1" y="-3"/>
<monster name="Angel" direction="2" spawntime="60" x="-3" y="-2"/>
<monster name="ArchAngel" direction="2" spawntime="60" x="2" y="1"/>
<monster name="Angel" direction="2" spawntime="60" x="-3" y="2"/>
<monster name="ArchAngel" direction="2" spawntime="60" x="0" y="3"/>
</spawn>
<spawn centerx="312" centery="555" centerz="8" radius="5">
<monster name="ArchAngel" direction="2" spawntime="60" x="-1" y="-2"/>
<monster name="ArchAngel" direction="2" spawntime="60" x="2" y="-2"/>
<monster name="Angel" direction="2" spawntime="60" x="-3" y="0"/>
<monster name="Angel" direction="2" spawntime="60" x="3" y="0"/>
<monster name="ArchAngel" direction="2" spawntime="60" x="-1" y="2"/>
<monster name="ArchAngel" direction="2" spawntime="60" x="1" y="2"/>
</spawn>
<spawn centerx="324" centery="555" centerz="8" radius="5">
<monster name="ArchAngel" direction="2" spawntime="60" x="-2" y="-3"/>
<monster name="ArchAngel" direction="2" spawntime="60" x="1" y="-3"/>
<monster name="Angel" direction="2" spawntime="60" x="-2" y="0"/>
<monster name="Angel" direction="2" spawntime="60" x="3" y="0"/>
<monster name="ArchAngel" direction="2" spawntime="60" x="-2" y="2"/>
<monster name="ArchAngel" direction="2" spawntime="60" x="2" y="2"/>
</spawn>
<spawn centerx="337" centery="555" centerz="8" radius="5">
<monster name="Angel" direction="2" spawntime="60" x="0" y="-2"/>
<monster name="ArchAngel" direction="2" spawntime="60" x="2" y="-2"/>
<monster name="ArchAngel" direction="2" spawntime="60" x="-2" y="-1"/>
<monster name="ArchAngel" direction="2" spawntime="60" x="2" y="1"/>
<monster name="ArchAngel" direction="2" spawntime="60" x="-2" y="2"/>
<monster name="Angel" direction="2" spawntime="60" x="0" y="3"/>
</spawn>
<spawn centerx="349" centery="555" centerz="8" radius="5">
<monster name="God" direction="2" spawntime="60" x="1" y="-2"/>
<monster name="ArchAngel" direction="2" spawntime="60" x="-3" y="-1"/>
<monster name="ArchAngel" direction="2" spawntime="60" x="-2" y="1"/>
</spawn>
<spawn centerx="316" centery="568" centerz="8" radius="5">
<monster name="ArchAngel" direction="2" spawntime="60" x="0" y="-2"/>
<monster name="Angel" direction="2" spawntime="60" x="-3" y="-1"/>
<monster name="Angel" direction="2" spawntime="60" x="-1" y="-1"/>
<monster name="Angel" direction="2" spawntime="60" x="-1" y="0"/>
<monster name="Angel" direction="2" spawntime="60" x="-2" y="1"/>
<monster name="Angel" direction="2" spawntime="60" x="1" y="2"/>
<monster name="ArchAngel" direction="2" spawntime="60" x="-2" y="3"/>
</spawn>
<spawn centerx="336" centery="568" centerz="8" radius="5">
<monster name="Angel" direction="2" spawntime="60" x="-1" y="-2"/>
<monster name="ArchAngel" direction="2" spawntime="60" x="1" y="-2"/>
<monster name="ArchAngel" direction="2" spawntime="60" x="-4" y="-1"/>
<monster name="Angel" direction="2" spawntime="60" x="3" y="-1"/>
<monster name="Angel" direction="2" spawntime="60" x="-2" y="1"/>
<monster name="Angel" direction="2" spawntime="60" x="1" y="3"/>
</spawn>
<spawn centerx="294" centery="569" centerz="8" radius="5">
<monster name="Angel" direction="2" spawntime="60" x="1" y="-3"/>
<monster name="Angel" direction="2" spawntime="60" x="-2" y="-2"/>
<monster name="ArchAngel" direction="2" spawntime="60" x="0" y="-1"/>
<monster name="Angel" direction="2" spawntime="60" x="3" y="0"/>
<monster name="ArchAngel" direction="2" spawntime="60" x="-3" y="2"/>
<monster name="Angel" direction="2" spawntime="60" x="0" y="3"/>
</spawn>
<spawn centerx="269" centery="575" centerz="8" radius="5">
<monster name="ArchAngel" direction="2" spawntime="60" x="-2" y="-3"/>
<monster name="ArchAngel" direction="2" spawntime="60" x="-1" y="-3"/>
<monster name="Angel" direction="2" spawntime="60" x="2" y="-2"/>
<monster name="ArchAngel" direction="2" spawntime="60" x="-2" y="-1"/>
<monster name="Angel" direction="2" spawntime="60" x="2" y="1"/>
<monster name="Angel" direction="2" spawntime="60" x="-3" y="2"/>
<monster name="Angel" direction="2" spawntime="60" x="-1" y="3"/>
</spawn>
<spawn centerx="347" centery="576" centerz="8" radius="5">
<monster name="Angel" direction="2" spawntime="60" x="0" y="-3"/>
<monster name="ArchAngel" direction="2" spawntime="60" x="-2" y="-2"/>
<monster name="Angel" direction="2" spawntime="60" x="3" y="-1"/>
<monster name="ArchAngel" direction="2" spawntime="60" x="-2" y="1"/>
<monster name="Angel" direction="2" spawntime="60" x="2" y="2"/>
<monster name="Angel" direction="2" spawntime="60" x="0" y="4"/>
</spawn>
<spawn centerx="280" centery="577" centerz="8" radius="5">
<monster name="Angel" direction="2" spawntime="60" x="1" y="-3"/>
<monster name="ArchAngel" direction="2" spawntime="60" x="-1" y="-2"/>
<monster name="ArchAngel" direction="2" spawntime="60" x="-2" y="0"/>
<monster name="Angel" direction="2" spawntime="60" x="2" y="0"/>
<monster name="Angel" direction="2" spawntime="60" x="-3" y="2"/>
<monster name="Angel" direction="2" spawntime="60" x="1" y="2"/>
</spawn>
<spawn centerx="326" centery="577" centerz="8" radius="5">
<monster name="Angel" direction="2" spawntime="60" x="-1" y="-3"/>
<monster name="Angel" direction="2" spawntime="60" x="2" y="-2"/>
<monster name="Angel" direction="2" spawntime="60" x="-3" y="-1"/>
<monster name="ArchAngel" direction="2" spawntime="60" x="1" y="-1"/>
<monster name="ArchAngel" direction="2" spawntime="60" x="-3" y="2"/>
<monster name="Angel" direction="2" spawntime="60" x="1" y="3"/>
</spawn>
<spawn centerx="308" centery="578" centerz="8" radius="5">
<monster name="Angel" direction="2" spawntime="60" x="-1" y="-3"/>
<monster name="ArchAngel" direction="2" spawntime="60" x="-3" y="-2"/>
<monster name="Angel" direction="2" spawntime="60" x="3" y="-2"/>
<monster name="Angel" direction="2" spawntime="60" x="-3" y="0"/>
<monster name="Angel" direction="2" spawntime="60" x="1" y="1"/>
<monster name="ArchAngel" direction="2" spawntime="60" x="-1" y="2"/>
</spawn>
<spawn centerx="329" centery="594" centerz="8" radius="5">
<monster name="Fallen Angel" direction="2" spawntime="60" x="0" y="-3"/>
<monster name="Izual" direction="2" spawntime="60" x="-2" y="-1"/>
<monster name="Fallen Angel" direction="2" spawntime="60" x="1" y="-1"/>
<monster name="Fallen Angel" direction="2" spawntime="60" x="-2" y="2"/>
<monster name="Izual" direction="2" spawntime="60" x="1" y="2"/>
<monster name="Fallen Angel" direction="2" spawntime="60" x="0" y="3"/>
</spawn>
<spawn centerx="346" centery="594" centerz="8" radius="5">
<monster name="Fallen Angel" direction="2" spawntime="60" x="-1" y="-3"/>
<monster name="Izual" direction="2" spawntime="60" x="-3" y="-1"/>
<monster name="Fallen Angel" direction="2" spawntime="60" x="-2" y="0"/>
<monster name="Fallen Angel" direction="2" spawntime="60" x="2" y="0"/>
<monster name="Izual" direction="2" spawntime="60" x="-3" y="2"/>
<monster name="Fallen Angel" direction="2" spawntime="60" x="0" y="3"/>
</spawn>
<spawn centerx="281" centery="595" centerz="8" radius="5">
<monster name="Fallen Angel" direction="2" spawntime="60" x="-2" y="-2"/>
<monster name="Izual" direction="2" spawntime="60" x="0" y="-2"/>
<monster name="Fallen Angel" direction="2" spawntime="60" x="2" y="-1"/>
<monster name="Izual" direction="2" spawntime="60" x="-2" y="1"/>
<monster name="Fallen Angel" direction="2" spawntime="60" x="0" y="2"/>
<monster name="Fallen Angel" direction="2" spawntime="60" x="1" y="2"/>
<monster name="Fallen Angel" direction="2" spawntime="60" x="0" y="3"/>
</spawn>
<spawn centerx="298" centery="595" centerz="8" radius="5">
<monster name="Fallen Angel" direction="2" spawntime="60" x="-1" y="-2"/>
<monster name="Izual" direction="2" spawntime="60" x="-2" y="-1"/>
<monster name="Fallen Angel" direction="2" spawntime="60" x="2" y="-1"/>
<monster name="Fallen Angel" direction="2" spawntime="60" x="2" y="1"/>
<monster name="Fallen Angel" direction="2" spawntime="60" x="2" y="2"/>
<monster name="Izual" direction="2" spawntime="60" x="-2" y="3"/>
</spawn>
<spawn centerx="314" centery="595" centerz="8" radius="5">
<monster name="Fallen Angel" direction="2" spawntime="60" x="-2" y="-2"/>
<monster name="Fallen Angel" direction="2" spawntime="60" x="2" y="-2"/>
<monster name="Izual" direction="2" spawntime="60" x="-2" y="-1"/>
<monster name="Fallen Angel" direction="2" spawntime="60" x="-3" y="2"/>
<monster name="Izual" direction="2" spawntime="60" x="1" y="2"/>
<monster name="Fallen Angel" direction="2" spawntime="60" x="2" y="3"/>
</spawn>
<spawn centerx="271" centery="606" centerz="8" radius="5">
<monster name="Izual" direction="2" spawntime="60" x="-1" y="-2"/>
<monster name="Fallen Angel" direction="2" spawntime="60" x="2" y="-2"/>
<monster name="Fallen Angel" direction="2" spawntime="60" x="-3" y="1"/>
<monster name="Izual" direction="2" spawntime="60" x="0" y="2"/>
<monster name="Fallen Angel" direction="2" spawntime="60" x="3" y="2"/>
<monster name="Fallen Angel" direction="2" spawntime="60" x="-2" y="4"/>
</spawn>
<spawn centerx="289" centery="606" centerz="8" radius="5">
<monster name="Fallen Angel" direction="2" spawntime="60" x="0" y="-2"/>
<monster name="Izual" direction="2" spawntime="60" x="0" y="-1"/>
<monster name="Fallen Angel" direction="2" spawntime="60" x="2" y="0"/>
<monster name="Fallen Angel" direction="2" spawntime="60" x="-4" y="1"/>
<monster name="Fallen Angel" direction="2" spawntime="60" x="3" y="2"/>
<monster name="Izual" direction="2" spawntime="60" x="1" y="3"/>
<monster name="Fallen Angel" direction="2" spawntime="60" x="0" y="4"/>
</spawn>
<spawn centerx="306" centery="606" centerz="8" radius="5">
<monster name="Fallen Angel" direction="2" spawntime="60" x="-2" y="-2"/>
<monster name="Izual" direction="2" spawntime="60" x="0" y="-2"/>
<monster name="Fallen Angel" direction="2" spawntime="60" x="-3" y="0"/>
<monster name="Fallen Angel" direction="2" spawntime="60" x="2" y="0"/>
<monster name="Izual" direction="2" spawntime="60" x="-2" y="2"/>
<monster name="Fallen Angel" direction="2" spawntime="60" x="1" y="3"/>
</spawn>
<spawn centerx="338" centery="606" centerz="8" radius="5">
<monster name="Fallen Angel" direction="2" spawntime="60" x="-1" y="-2"/>
<monster name="Fallen Angel" direction="2" spawntime="60" x="2" y="-2"/>
<monster name="Izual" direction="2" spawntime="60" x="1" y="-1"/>
<monster name="Fallen Angel" direction="2" spawntime="60" x="-2" y="1"/>
<monster name="Izual" direction="2" spawntime="60" x="-1" y="2"/>
<monster name="Fallen Angel" direction="2" spawntime="60" x="2" y="2"/>
</spawn>
<spawn centerx="321" centery="607" centerz="8" radius="5">
<monster name="Fallen Angel" direction="2" spawntime="60" x="1" y="-3"/>
<monster name="Izual" direction="2" spawntime="60" x="-1" y="-1"/>
<monster name="Fallen Angel" direction="2" spawntime="60" x="-4" y="0"/>
<monster name="Izual" direction="2" spawntime="60" x="1" y="2"/>
<monster name="Fallen Angel" direction="2" spawntime="60" x="2" y="2"/>
<monster name="Fallen Angel" direction="2" spawntime="60" x="0" y="3"/>
</spawn>
<spawn centerx="270" centery="624" centerz="8" radius="5">
<monster name="Izual" direction="2" spawntime="60" x="-2" y="-2"/>
<monster name="Fallen Angel" direction="2" spawntime="60" x="1" y="-2"/>
<monster name="Izual" direction="2" spawntime="60" x="2" y="-2"/>
<monster name="Izual" direction="2" spawntime="60" x="-3" y="2"/>
<monster name="Fallen Angel" direction="2" spawntime="60" x="-2" y="2"/>
<monster name="Izual" direction="2" spawntime="60" x="2" y="2"/>
</spawn>
<spawn centerx="283" centery="624" centerz="8" radius="5">
<monster name="Fallen Angel" direction="2" spawntime="60" x="-2" y="-1"/>
<monster name="Izual" direction="2" spawntime="60" x="0" y="-1"/>
<monster name="Izual" direction="2" spawntime="60" x="1" y="-1"/>
<monster name="Fallen Angel" direction="2" spawntime="60" x="-1" y="1"/>
<monster name="Izual" direction="2" spawntime="60" x="-3" y="2"/>
<monster name="Izual" direction="2" spawntime="60" x="2" y="2"/>
</spawn>
<spawn centerx="297" centery="624" centerz="8" radius="5">
<monster name="Izual" direction="2" spawntime="60" x="2" y="-3"/>
<monster name="Izual" direction="2" spawntime="60" x="-2" y="-2"/>
<monster name="Fallen Angel" direction="2" spawntime="60" x="0" y="-1"/>
<monster name="Izual" direction="2" spawntime="60" x="3" y="-1"/>
<monster name="Fallen Angel" direction="2" spawntime="60" x="2" y="1"/>
<monster name="Izual" direction="2" spawntime="60" x="-1" y="2"/>
</spawn>
<spawn centerx="309" centery="624" centerz="8" radius="5">
<monster name="Izual" direction="2" spawntime="60" x="0" y="-3"/>
<monster name="Izual" direction="2" spawntime="60" x="-2" y="-2"/>
<monster name="Izual" direction="2" spawntime="60" x="3" y="-1"/>
<monster name="Fallen Angel" direction="2" spawntime="60" x="-2" y="0"/>
<monster name="Izual" direction="2" spawntime="60" x="0" y="2"/>
<monster name="Fallen Angel" direction="2" spawntime="60" x="-3" y="3"/>
</spawn>
<spawn centerx="321" centery="624" centerz="8" radius="5">
<monster name="Izual" direction="2" spawntime="60" x="-2" y="-3"/>
<monster name="Izual" direction="2" spawntime="60" x="2" y="-3"/>
<monster name="Fallen Angel" direction="2" spawntime="60" x="0" y="-1"/>
<monster name="Fallen Angel" direction="2" spawntime="60" x="-2" y="1"/>
<monster name="Izual" direction="2" spawntime="60" x="-1" y="2"/>
<monster name="Izual" direction="2" spawntime="60" x="2" y="3"/>
</spawn>
<spawn centerx="333" centery="624" centerz="8" radius="5">
<monster name="Izual" direction="2" spawntime="60" x="-3" y="-2"/>
<monster name="Izual" direction="2" spawntime="60" x="1" y="-2"/>
<monster name="Fallen Angel" direction="2" spawntime="60" x="2" y="-1"/>
<monster name="Fallen Angel" direction="2" spawntime="60" x="-3" y="0"/>
<monster name="Izual" direction="2" spawntime="60" x="3" y="1"/>
<monster name="Izual" direction="2" spawntime="60" x="-2" y="2"/>
</spawn>
<spawn centerx="346" centery="624" centerz="8" radius="5">
<monster name="Izual" direction="2" spawntime="60" x="-3" y="-2"/>
<monster name="Lucifer" direction="2" spawntime="60" x="3" y="1"/>
<monster name="Izual" direction="2" spawntime="60" x="-3" y="2"/>
</spawn>
<spawn centerx="149" centery="37" centerz="9" radius="10">
<monster name="Slime" direction="2" spawntime="60" x="2" y="-7"/>
<monster name="Slime" direction="2" spawntime="60" x="-2" y="-3"/>
<monster name="Slime" direction="2" spawntime="60" x="4" y="5"/>
</spawn>
<spawn centerx="387" centery="96" centerz="9" radius="5">
<monster name="Souls Servent" direction="2" spawntime="60" x="-4" y="-1"/>
<monster name="Souls Servent" direction="2" spawntime="60" x="0" y="-1"/>
<monster name="Souls Servent" direction="2" spawntime="60" x="2" y="0"/>
<monster name="Souls Servent" direction="2" spawntime="60" x="-3" y="1"/>
<monster name="Souls Servent" direction="2" spawntime="60" x="0" y="1"/>
<monster name="Souls Servent" direction="2" spawntime="60" x="-4" y="2"/>
<monster name="Souls Servent" direction="2" spawntime="60" x="0" y="3"/>
</spawn>
<spawn centerx="375" centery="97" centerz="9" radius="5">
<monster name="Souls Servent" direction="2" spawntime="60" x="-3" y="-1"/>
<monster name="Souls Servent" direction="2" spawntime="60" x="0" y="-1"/>
<monster name="Souls Servent" direction="2" spawntime="60" x="2" y="-1"/>
<monster name="Souls Servent" direction="2" spawntime="60" x="5" y="-1"/>
<monster name="Juggernaught" direction="2" spawntime="60" x="3" y="0"/>
<monster name="Souls Servent" direction="2" spawntime="60" x="-2" y="1"/>
<monster name="Souls Servent" direction="2" spawntime="60" x="2" y="1"/>
<monster name="Souls Servent" direction="2" spawntime="60" x="0" y="2"/>
<monster name="Souls Servent" direction="2" spawntime="60" x="5" y="2"/>
</spawn>
<spawn centerx="332" centery="99" centerz="9" radius="5">
<monster name="The Soul" direction="2" spawntime="60" x="-1" y="0"/>
</spawn>
<spawn centerx="390" centery="103" centerz="9" radius="5">
<monster name="Souls Servent" direction="2" spawntime="60" x="0" y="-1"/>
<monster name="Souls Servent" direction="2" spawntime="60" x="1" y="-1"/>
<monster name="Souls Servent" direction="2" spawntime="60" x="-1" y="0"/>
<monster name="Souls Servent" direction="2" spawntime="60" x="1" y="0"/>
<monster name="Juggernaught" direction="2" spawntime="60" x="0" y="5"/>
</spawn>
<spawn centerx="390" centery="114" centerz="9" radius="5">
<monster name="Souls Servent" direction="2" spawntime="60" x="-1" y="-1"/>
<monster name="Souls Servent" direction="2" spawntime="60" x="0" y="-1"/>
<monster name="Souls Servent" direction="2" spawntime="60" x="-1" y="0"/>
<monster name="Souls Servent" direction="2" spawntime="60" x="1" y="0"/>
</spawn>
<spawn centerx="145" centery="120" centerz="9" radius="10">
<monster name="Hero" direction="2" spawntime="60" x="-1" y="0"/>
<monster name="Hero" direction="2" spawntime="60" x="1" y="0"/>
<monster name="Fire Devil" direction="2" spawntime="60" x="4" y="1"/>
<monster name="Necromancer" direction="2" spawntime="20" x="-1" y="2"/>
<monster name="Necromancer" direction="2" spawntime="250" x="-3" y="4"/>
<monster name="Necromancer" direction="2" spawntime="250" x="-3" y="6"/>
<monster name="Necromancer" direction="2" spawntime="25" x="7" y="6"/>
<monster name="Priestess" direction="2" spawntime="60" x="6" y="8"/>
<monster name="Fire Devil" direction="2" spawntime="60" x="-6" y="9"/>
</spawn>
<spawn centerx="390" centery="124" centerz="9" radius="5">
<monster name="Souls Servent" direction="2" spawntime="60" x="-1" y="-1"/>
<monster name="Souls Servent" direction="2" spawntime="60" x="0" y="-1"/>
<monster name="Souls Servent" direction="2" spawntime="60" x="-1" y="0"/>
<monster name="Souls Servent" direction="2" spawntime="60" x="1" y="0"/>
<monster name="Juggernaught" direction="2" spawntime="60" x="0" y="4"/>
</spawn>
<spawn centerx="237" centery="125" centerz="9" radius="10">
<monster name="Crab" direction="2" spawntime="60" x="-4" y="0"/>
<monster name="Ghost" direction="2" spawntime="60" x="-1" y="0"/>
<monster name="Ghost" direction="2" spawntime="60" x="3" y="0"/>
<monster name="Snake" direction="2" spawntime="60" x="1" y="1"/>
<monster name="Snake" direction="2" spawntime="60" x="-2" y="2"/>
<monster name="Ghost" direction="2" spawntime="60" x="1" y="2"/>
<monster name="Ghost" direction="2" spawntime="60" x="-7" y="3"/>
<monster name="Cave Rat" direction="2" spawntime="60" x="-5" y="3"/>
</spawn>
<spawn centerx="141" centery="126" centerz="9" radius="10">
<monster name="Fire Devil" direction="2" spawntime="60" x="9" y="8"/>
<monster name="Fire Devil" direction="2" spawntime="60" x="2" y="9"/>
<monster name="Fire Devil" direction="2" spawntime="60" x="7" y="9"/>
<monster name="Fire Devil" direction="2" spawntime="60" x="1" y="10"/>
<monster name="Fire Devil" direction="2" spawntime="60" x="3" y="10"/>
<monster name="Fire Devil" direction="2" spawntime="60" x="6" y="10"/>
</spawn>
<spawn centerx="151" centery="126" centerz="9" radius="10">
<monster name="Fire Devil" direction="2" spawntime="60" x="1" y="5"/>
</spawn>
<spawn centerx="181" centery="127" centerz="9" radius="20">
<monster name="Fire Elemental" direction="2" spawntime="60" x="3" y="-9"/>
<monster name="Demon" direction="2" spawntime="60" x="5" y="-9"/>
<monster name="Fire Elemental" direction="2" spawntime="60" x="6" y="-9"/>
<monster name="Fire Elemental" direction="2" spawntime="60" x="2" y="-7"/>
<monster name="Demon" direction="2" spawntime="60" x="1" y="-5"/>
<monster name="Fire Elemental" direction="2" spawntime="60" x="1" y="-3"/>
<monster name="Behemoth" direction="2" spawntime="60" x="0" y="-1"/>
<monster name="Behemoth" direction="2" spawntime="60" x="2" y="1"/>
<monster name="Behemoth" direction="2" spawntime="60" x="0" y="3"/>
</spawn>
<spawn centerx="390" centery="133" centerz="9" radius="5">
<monster name="Souls Servent" direction="2" spawntime="60" x="0" y="-1"/>
<monster name="Souls Servent" direction="2" spawntime="60" x="1" y="-1"/>
<monster name="Souls Servent" direction="2" spawntime="60" x="-1" y="0"/>
<monster name="Souls Servent" direction="2" spawntime="60" x="1" y="0"/>
</spawn>
<spawn centerx="390" centery="143" centerz="9" radius="5">
<monster name="Souls Servent" direction="2" spawntime="60" x="0" y="-1"/>
<monster name="Souls Servent" direction="2" spawntime="60" x="-1" y="0"/>
<monster name="Juggernaught" direction="2" spawntime="60" x="0" y="5"/>
</spawn>
<spawn centerx="390" centery="153" centerz="9" radius="5">
<monster name="Souls Servent" direction="2" spawntime="60" x="-1" y="-1"/>
<monster name="Souls Servent" direction="2" spawntime="60" x="0" y="-1"/>
<monster name="Souls Servent" direction="2" spawntime="60" x="-1" y="0"/>
<monster name="Souls Servent" direction="2" spawntime="60" x="1" y="0"/>
</spawn>
<spawn centerx="162" centery="158" centerz="9" radius="13">
<monster name="Orshabaal" direction="2" spawntime="60" x="-5" y="-5"/>
<monster name="Orshabaal" direction="2" spawntime="60" x="3" y="-5"/>
<monster name="Juggernaught" direction="2" spawntime="60" x="5" y="-1"/>
<monster name="Orshabaal" direction="2" spawntime="60" x="3" y="5"/>
</spawn>
<spawn centerx="390" centery="162" centerz="9" radius="5">
<monster name="Souls Servent" direction="2" spawntime="60" x="0" y="-1"/>
<monster name="Souls Servent" direction="2" spawntime="60" x="1" y="-1"/>
<monster name="Juggernaught" direction="2" spawntime="60" x="-4" y="1"/>
</spawn>
<spawn centerx="360" centery="163" centerz="9" radius="5">
<monster name="Juggernaught" direction="2" spawntime="60" x="-5" y="0"/>
<monster name="Souls Servent" direction="2" spawntime="60" x="-1" y="0"/>
<monster name="Souls Servent" direction="2" spawntime="60" x="1" y="0"/>
<monster name="Souls Servent" direction="2" spawntime="60" x="0" y="1"/>
</spawn>
<spawn centerx="371" centery="163" centerz="9" radius="5">
<monster name="Souls Servent" direction="2" spawntime="60" x="1" y="-1"/>
<monster name="Souls Servent" direction="2" spawntime="60" x="1" y="0"/>
<monster name="Juggernaught" direction="2" spawntime="60" x="2" y="0"/>
<monster name="Souls Servent" direction="2" spawntime="60" x="1" y="1"/>
</spawn>
<spawn centerx="382" centery="163" centerz="9" radius="5">
<monster name="Souls Servent" direction="2" spawntime="60" x="1" y="-1"/>
<monster name="Souls Servent" direction="2" spawntime="60" x="1" y="0"/>
<monster name="Souls Servent" direction="2" spawntime="60" x="1" y="1"/>
</spawn>
<spawn centerx="350" centery="164" centerz="9" radius="5">
<monster name="Souls Servent" direction="2" spawntime="60" x="0" y="-1"/>
<monster name="Souls Servent" direction="2" spawntime="60" x="-1" y="0"/>
<monster name="Souls Servent" direction="2" spawntime="60" x="1" y="0"/>
</spawn>
<spawn centerx="350" centery="174" centerz="9" radius="5">
<monster name="Souls Servent" direction="2" spawntime="60" x="0" y="-1"/>
<monster name="Souls Servent" direction="2" spawntime="60" x="-1" y="0"/>
<monster name="Souls Servent" direction="2" spawntime="60" x="1" y="0"/>
<monster name="Juggernaught" direction="2" spawntime="60" x="0" y="5"/>
</spawn>
<spawn centerx="350" centery="184" centerz="9" radius="5">
<monster name="Souls Servent" direction="2" spawntime="60" x="-1" y="0"/>
<monster name="Souls Servent" direction="2" spawntime="60" x="5" y="2"/>
<monster name="Souls Servent" direction="2" spawntime="60" x="5" y="4"/>
</spawn>
<spawn centerx="367" centery="187" centerz="9" radius="5">
<monster name="Souls Servent" direction="2" spawntime="60" x="0" y="-1"/>
<monster name="Souls Servent" direction="2" spawntime="60" x="0" y="1"/>
</spawn>
<spawn centerx="375" centery="189" centerz="9" radius="5">
<monster name="Souls Servent" direction="2" spawntime="60" x="-1" y="0"/>
<monster name="Souls Servent" direction="2" spawntime="60" x="1" y="0"/>
</spawn>
<spawn centerx="375" centery="198" centerz="9" radius="5">
<monster name="Souls Servent" direction="2" spawntime="60" x="-1" y="0"/>
<monster name="Souls Servent" direction="2" spawntime="60" x="1" y="0"/>
</spawn>
<spawn centerx="361" centery="208" centerz="9" radius="5">
<monster name="Souls Servent" direction="2" spawntime="60" x="0" y="-1"/>
<monster name="Souls Servent" direction="2" spawntime="60" x="0" y="1"/>
</spawn>
<spawn centerx="373" centery="208" centerz="9" radius="5">
<monster name="Souls Servent" direction="2" spawntime="60" x="1" y="-1"/>
<monster name="Souls Servent" direction="2" spawntime="60" x="1" y="0"/>
</spawn>
<spawn centerx="351" centery="212" centerz="9" radius="5">
<monster name="Souls Servent" direction="2" spawntime="60" x="-1" y="-1"/>
</spawn>
<spawn centerx="351" centery="224" centerz="9" radius="5">
<monster name="Souls Servent" direction="2" spawntime="60" x="-1" y="0"/>
</spawn>
<spawn centerx="58" centery="252" centerz="9" radius="5">
<monster name="Fallen Angel" direction="2" spawntime="60" x="0" y="0"/>
<monster name="Fallen Angel" direction="2" spawntime="60" x="1" y="0"/>
<monster name="Fallen Angel" direction="2" spawntime="60" x="0" y="1"/>
<monster name="Fallen Angel" direction="2" spawntime="60" x="1" y="1"/>
<monster name="Fallen Angel" direction="2" spawntime="60" x="4" y="1"/>
<monster name="Fallen Angel" direction="2" spawntime="60" x="5" y="2"/>
</spawn>
<spawn centerx="93" centery="252" centerz="9" radius="5">
<monster name="Fallen Angel" direction="2" spawntime="60" x="0" y="-1"/>
<monster name="Fallen Angel" direction="2" spawntime="60" x="1" y="-1"/>
<monster name="Fallen Angel" direction="2" spawntime="60" x="-1" y="0"/>
<monster name="Fallen Angel" direction="2" spawntime="60" x="1" y="0"/>
<monster name="Fallen Angel" direction="2" spawntime="60" x="-5" y="1"/>
<monster name="Fallen Angel" direction="2" spawntime="60" x="5" y="5"/>
</spawn>
<spawn centerx="63" centery="253" centerz="9" radius="5">
<monster name="Fallen Angel" direction="2" spawntime="60" x="1" y="0"/>
<monster name="Fallen Angel" direction="2" spawntime="60" x="1" y="1"/>
</spawn>
<spawn centerx="87" centery="253" centerz="9" radius="5">
<monster name="Fallen Angel" direction="2" spawntime="60" x="-1" y="0"/>
<monster name="Fallen Angel" direction="2" spawntime="60" x="0" y="1"/>
</spawn>
<spawn centerx="51" centery="255" centerz="9" radius="5">
<monster name="Fallen Angel" direction="2" spawntime="60" x="0" y="0"/>
<monster name="Fallen Angel" direction="2" spawntime="60" x="1" y="1"/>
<monster name="Fallen Angel" direction="2" spawntime="60" x="0" y="2"/>
<monster name="Fallen Angel" direction="2" spawntime="60" x="1" y="2"/>
</spawn>
<spawn centerx="99" centery="257" centerz="9" radius="5">
<monster name="Fallen Angel" direction="2" spawntime="60" x="-2" y="1"/>
<monster name="Fallen Angel" direction="2" spawntime="60" x="-1" y="1"/>
<monster name="Fallen Angel" direction="2" spawntime="60" x="0" y="1"/>
<monster name="Fallen Angel" direction="2" spawntime="60" x="-2" y="4"/>
<monster name="Fallen Angel" direction="2" spawntime="60" x="-3" y="5"/>
</spawn>
<spawn centerx="69" centery="262" centerz="9" radius="5">
<monster name="Fallen Angel" direction="2" spawntime="60" x="-1" y="0"/>
<monster name="Fallen Angel" direction="2" spawntime="60" x="0" y="0"/>
<monster name="Fallen Angel" direction="2" spawntime="60" x="-1" y="1"/>
</spawn>
<spawn centerx="82" centery="262" centerz="9" radius="5">
<monster name="Fallen Angel" direction="2" spawntime="60" x="0" y="-1"/>
<monster name="Fallen Angel" direction="2" spawntime="60" x="1" y="0"/>
<monster name="Fallen Angel" direction="2" spawntime="60" x="0" y="1"/>
</spawn>
<spawn centerx="97" centery="262" centerz="9" radius="5">
<monster name="Fallen Angel" direction="2" spawntime="60" x="0" y="1"/>
</spawn>
<spawn centerx="54" centery="264" centerz="9" radius="5">
<monster name="Fallen Angel" direction="2" spawntime="60" x="0" y="-1"/>
<monster name="Fallen Angel" direction="2" spawntime="60" x="1" y="0"/>
<monster name="Fallen Angel" direction="2" spawntime="60" x="0" y="1"/>
</spawn>
<spawn centerx="63" centery="269" centerz="9" radius="5">
<monster name="Fallen Angel" direction="2" spawntime="60" x="0" y="-1"/>
<monster name="Fallen Angel" direction="2" spawntime="60" x="1" y="0"/>
<monster name="Fallen Angel" direction="2" spawntime="60" x="1" y="1"/>
</spawn>
<spawn centerx="88" centery="269" centerz="9" radius="5">
<monster name="Fallen Angel" direction="2" spawntime="60" x="-1" y="-1"/>
<monster name="Fallen Angel" direction="2" spawntime="60" x="0" y="-1"/>
<monster name="Fallen Angel" direction="2" spawntime="60" x="1" y="-1"/>
</spawn>
<spawn centerx="52" centery="275" centerz="9" radius="5">
<monster name="Fallen Angel" direction="2" spawntime="60" x="-1" y="-1"/>
<monster name="Fallen Angel" direction="2" spawntime="60" x="0" y="-1"/>
<monster name="Fallen Angel" direction="2" spawntime="60" x="-1" y="0"/>
<monster name="Fallen Angel" direction="2" spawntime="60" x="-1" y="1"/>
<monster name="Fallen Angel" direction="2" spawntime="60" x="0" y="1"/>
</spawn>
<spawn centerx="98" centery="275" centerz="9" radius="5">
<monster name="Fallen Angel" direction="2" spawntime="60" x="0" y="-1"/>
<monster name="Fallen Angel" direction="2" spawntime="60" x="-1" y="0"/>
<monster name="Fallen Angel" direction="2" spawntime="60" x="0" y="0"/>
<monster name="Fallen Angel" direction="2" spawntime="60" x="1" y="0"/>
<monster name="Fallen Angel" direction="2" spawntime="60" x="0" y="1"/>
</spawn>
<spawn centerx="474" centery="278" centerz="9" radius="30">
<monster name="Demonic Summoner" direction="2" spawntime="60" x="-26" y="-20"/>
<monster name="Demonic Summoner" direction="2" spawntime="60" x="-17" y="-20"/>
<monster name="Demonic Summoner" direction="2" spawntime="60" x="-21" y="-15"/>
<monster name="Demonic Summoner" direction="2" spawntime="60" x="-13" y="-11"/>
<monster name="khartoum" direction="2" spawntime="60" x="-10" y="-9"/>
<monster name="Demonic Summoner" direction="2" spawntime="60" x="-19" y="-3"/>
<monster name="Demonic Summoner" direction="2" spawntime="60" x="-26" y="-2"/>
<monster name="khartoum" direction="2" spawntime="60" x="-26" y="0"/>
<monster name="Demonic Summoner" direction="2" spawntime="60" x="-11" y="0"/>
<monster name="Demonic Summoner" direction="2" spawntime="60" x="-21" y="7"/>
<monster name="khartoum" direction="2" spawntime="60" x="-12" y="10"/>
<monster name="Demonic Summoner" direction="2" spawntime="60" x="-10" y="13"/>
<monster name="Demonic Summoner" direction="2" spawntime="60" x="-21" y="19"/>
<monster name="khartoum" direction="2" spawntime="60" x="-26" y="21"/>
<monster name="Demonic Summoner" direction="2" spawntime="60" x="-8" y="23"/>
<monster name="Demonic Summoner" direction="2" spawntime="60" x="-24" y="28"/>
</spawn>
<spawn centerx="62" centery="280" centerz="9" radius="5">
<monster name="Fallen Angel" direction="2" spawntime="60" x="1" y="0"/>
<monster name="Fallen Angel" direction="2" spawntime="60" x="0" y="1"/>
<monster name="Fallen Angel" direction="2" spawntime="60" x="1" y="1"/>
</spawn>
<spawn centerx="88" centery="280" centerz="9" radius="5">
<monster name="Fallen Angel" direction="2" spawntime="60" x="-1" y="0"/>
<monster name="Fallen Angel" direction="2" spawntime="60" x="1" y="0"/>
<monster name="Fallen Angel" direction="2" spawntime="60" x="0" y="1"/>
</spawn>
<spawn centerx="54" centery="286" centerz="9" radius="5">
<monster name="Fallen Angel" direction="2" spawntime="60" x="0" y="-1"/>
<monster name="Fallen Angel" direction="2" spawntime="60" x="1" y="0"/>
<monster name="Fallen Angel" direction="2" spawntime="60" x="0" y="1"/>
<monster name="Fallen Angel" direction="2" spawntime="60" x="-2" y="5"/>
</spawn>
<spawn centerx="70" centery="286" centerz="9" radius="5">
<monster name="Fallen Angel" direction="2" spawntime="60" x="-1" y="0"/>
<monster name="Fallen Angel" direction="2" spawntime="60" x="-1" y="1"/>
<monster name="Fallen Angel" direction="2" spawntime="60" x="0" y="1"/>
</spawn>
<spawn centerx="95" centery="287" centerz="9" radius="5">
<monster name="Fallen Angel" direction="2" spawntime="60" x="0" y="-1"/>
<monster name="Fallen Angel" direction="2" spawntime="60" x="1" y="0"/>
<monster name="Fallen Angel" direction="2" spawntime="60" x="0" y="1"/>
<monster name="Fallen Angel" direction="2" spawntime="60" x="4" y="4"/>
<monster name="Fallen Angel" direction="2" spawntime="60" x="3" y="5"/>
<monster name="Fallen Angel" direction="2" spawntime="60" x="4" y="5"/>
</spawn>
<spawn centerx="430" centery="287" centerz="9" radius="30">
<monster name="Soul Destroyer" direction="2" spawntime="60" x="23" y="28"/>
<monster name="Soul Destroyer" direction="2" spawntime="60" x="26" y="28"/>
<monster name="Soul Destroyer" direction="2" spawntime="60" x="29" y="28"/>
<monster name="Soul Destroyer" direction="2" spawntime="60" x="20" y="30"/>
</spawn>
<spawn centerx="80" centery="288" centerz="9" radius="5">
<monster name="Fallen Angel" direction="2" spawntime="60" x="0" y="-2"/>
<monster name="Fallen Angel" direction="2" spawntime="60" x="1" y="-1"/>
<monster name="Fallen Angel" direction="2" spawntime="60" x="1" y="0"/>
</spawn>
<spawn centerx="98" centery="291" centerz="9" radius="5">
<monster name="Fallen Angel" direction="2" spawntime="60" x="0" y="2"/>
</spawn>
<spawn centerx="52" centery="292" centerz="9" radius="5">
<monster name="Fallen Angel" direction="2" spawntime="60" x="0" y="0"/>
<monster name="Fallen Angel" direction="2" spawntime="60" x="1" y="0"/>
<monster name="Fallen Angel" direction="2" spawntime="60" x="-1" y="1"/>
<monster name="Fallen Angel" direction="2" spawntime="60" x="0" y="2"/>
</spawn>
<spawn centerx="63" centery="295" centerz="9" radius="5">
<monster name="Fallen Angel" direction="2" spawntime="60" x="-1" y="0"/>
<monster name="Fallen Angel" direction="2" spawntime="60" x="1" y="0"/>
<monster name="Fallen Angel" direction="2" spawntime="60" x="0" y="1"/>
<monster name="Fallen Angel" direction="2" spawntime="60" x="-5" y="3"/>
<monster name="Fallen Angel" direction="2" spawntime="60" x="-5" y="4"/>
</spawn>
<spawn centerx="86" centery="295" centerz="9" radius="5">
<monster name="Fallen Angel" direction="2" spawntime="60" x="-1" y="0"/>
<monster name="Fallen Angel" direction="2" spawntime="60" x="1" y="0"/>
<monster name="Fallen Angel" direction="2" spawntime="60" x="0" y="1"/>
</spawn>
<spawn centerx="57" centery="298" centerz="9" radius="5">
<monster name="Fallen Angel" direction="2" spawntime="60" x="-1" y="0"/>
<monster name="Fallen Angel" direction="2" spawntime="60" x="0" y="1"/>
</spawn>
<spawn centerx="75" centery="298" centerz="9" radius="5">
<monster name="Fallen Angel" direction="2" spawntime="60" x="0" y="0"/>
<monster name="Fallen Angel" direction="2" spawntime="60" x="1" y="0"/>
<monster name="Fallen Angel" direction="2" spawntime="60" x="-1" y="1"/>
<monster name="Fallen Angel" direction="2" spawntime="60" x="0" y="1"/>
<monster name="Fallen Angel" direction="2" spawntime="60" x="1" y="1"/>
</spawn>
<spawn centerx="93" centery="298" centerz="9" radius="5">
<monster name="Fallen Angel" direction="2" spawntime="60" x="0" y="-1"/>
<monster name="Fallen Angel" direction="2" spawntime="60" x="-1" y="0"/>
<monster name="Fallen Angel" direction="2" spawntime="60" x="1" y="0"/>
<monster name="Fallen Angel" direction="2" spawntime="60" x="0" y="1"/>
</spawn>
<spawn centerx="453" centery="316" centerz="9" radius="5">
<monster name="Soul Destroyer" direction="2" spawntime="60" x="-3" y="4"/>
</spawn>
<spawn centerx="459" centery="320" centerz="9" radius="30">
<monster name="Soul Destroyer" direction="2" spawntime="60" x="3" y="-5"/>
<monster name="Soul Destroyer" direction="2" spawntime="60" x="6" y="-5"/>
<monster name="Soul Destroyer" direction="2" spawntime="60" x="7" y="-2"/>
<monster name="Soul Destroyer" direction="2" spawntime="60" x="7" y="1"/>
<monster name="Soul Destroyer" direction="2" spawntime="256" x="-9" y="3"/>
<monster name="Ancient Khalem" direction="2" spawntime="60" x="-4" y="3"/>
<monster name="Ancient Kuliard" direction="2" spawntime="60" x="-1" y="3"/>
<monster name="Ancient Mordor" direction="2" spawntime="60" x="2" y="3"/>
<monster name="Soul Destroyer" direction="2" spawntime="60" x="7" y="4"/>
<monster name="Soul Destroyer" direction="2" spawntime="256" x="-9" y="6"/>
<monster name="Soul Destroyer" direction="2" spawntime="60" x="7" y="7"/>
<monster name="Soul Destroyer" direction="2" spawntime="60" x="-9" y="9"/>
<monster name="Soul Destroyer" direction="2" spawntime="60" x="7" y="10"/>
<monster name="Soul Destroyer" direction="2" spawntime="60" x="-9" y="13"/>
<monster name="Soul Destroyer" direction="2" spawntime="60" x="-6" y="13"/>
<monster name="Soul Destroyer" direction="2" spawntime="256" x="-3" y="13"/>
<monster name="Soul Destroyer" direction="2" spawntime="256" x="0" y="13"/>
<monster name="Soul Destroyer" direction="2" spawntime="256" x="3" y="13"/>
<monster name="Soul Destroyer" direction="2" spawntime="256" x="6" y="13"/>
</spawn>
<spawn centerx="55" centery="26" centerz="10" radius="5">
<monster name="Dark Monk" direction="2" spawntime="60" x="-5" y="0"/>
<monster name="Dark Monk" direction="2" spawntime="60" x="1" y="0"/>
</spawn>
<spawn centerx="76" centery="26" centerz="10" radius="5">
<monster name="Dark Monk" direction="2" spawntime="60" x="1" y="0"/>
</spawn>
<spawn centerx="94" centery="26" centerz="10" radius="5">
<monster name="Dark Monk" direction="2" spawntime="60" x="-1" y="0"/>
<monster name="Dark Monk" direction="2" spawntime="60" x="5" y="5"/>
</spawn>
<spawn centerx="64" centery="27" centerz="10" radius="5">
<monster name="Dark Monk" direction="2" spawntime="60" x="0" y="1"/>
<monster name="Dark Monk" direction="2" spawntime="60" x="5" y="5"/>
</spawn>
<spawn centerx="69" centery="31" centerz="10" radius="5">
<monster name="Dark Monk" direction="2" spawntime="60" x="1" y="0"/>
<monster name="Dark Monk" direction="2" spawntime="60" x="1" y="1"/>
<monster name="Dark Monk" direction="2" spawntime="60" x="-4" y="5"/>
</spawn>
<spawn centerx="99" centery="32" centerz="10" radius="5">
<monster name="Dark Monk" direction="2" spawntime="60" x="-5" y="3"/>
<monster name="Dark Monk" direction="2" spawntime="60" x="-4" y="4"/>
</spawn>
<spawn centerx="55" centery="33" centerz="10" radius="5">
<monster name="Dark Monk" direction="2" spawntime="60" x="1" y="0"/>
<monster name="Dark Monk" direction="2" spawntime="60" x="1" y="1"/>
<monster name="Dark Monk" direction="2" spawntime="60" x="-3" y="3"/>
<monster name="Dark Monk" direction="2" spawntime="60" x="-3" y="4"/>
</spawn>
<spawn centerx="83" centery="35" centerz="10" radius="5">
<monster name="Dark Monk" direction="2" spawntime="60" x="1" y="-4"/>
<monster name="Dark Monk" direction="2" spawntime="60" x="2" y="-4"/>
<monster name="Dark Monk" direction="2" spawntime="60" x="3" y="-4"/>
<monster name="Dark Monk" direction="2" spawntime="60" x="-1" y="0"/>
<monster name="Dark Monk" direction="2" spawntime="60" x="0" y="2"/>
</spawn>
<spawn centerx="76" centery="36" centerz="10" radius="5">
<monster name="Dark Monk" direction="2" spawntime="60" x="0" y="-1"/>
</spawn>
<spawn centerx="65" centery="37" centerz="10" radius="5">
<monster name="Dark Monk" direction="2" spawntime="60" x="-1" y="0"/>
<monster name="Dark Monk" direction="2" spawntime="60" x="1" y="5"/>
<monster name="Dark Monk" direction="2" spawntime="60" x="3" y="5"/>
</spawn>
<spawn centerx="120" centery="39" centerz="10" radius="5">
<monster name="chicken" direction="2" spawntime="60" x="-1" y="-1"/>
<monster name="chicken" direction="2" spawntime="60" x="1" y="-1"/>
<monster name="chicken" direction="2" spawntime="60" x="3" y="-1"/>
<monster name="chicken" direction="2" spawntime="60" x="5" y="-1"/>
<monster name="chicken" direction="2" spawntime="60" x="-1" y="0"/>
<monster name="chicken" direction="2" spawntime="60" x="1" y="0"/>
<monster name="chicken" direction="2" spawntime="60" x="3" y="0"/>
<monster name="chicken" direction="2" spawntime="60" x="5" y="0"/>
<monster name="chicken" direction="2" spawntime="60" x="-1" y="1"/>
<monster name="chicken" direction="2" spawntime="60" x="0" y="1"/>
<monster name="chicken" direction="2" spawntime="60" x="1" y="1"/>
<monster name="chicken" direction="2" spawntime="60" x="3" y="1"/>
<monster name="chicken" direction="2" spawntime="60" x="4" y="1"/>
<monster name="chicken" direction="2" spawntime="60" x="5" y="1"/>
<monster name="chicken" direction="2" spawntime="60" x="-1" y="3"/>
<monster name="chicken" direction="2" spawntime="60" x="0" y="3"/>
<monster name="chicken" direction="2" spawntime="60" x="1" y="3"/>
<monster name="chicken" direction="2" spawntime="60" x="1" y="4"/>
<monster name="chicken" direction="2" spawntime="60" x="-1" y="5"/>
<monster name="chicken" direction="2" spawntime="60" x="0" y="5"/>
<monster name="chicken" direction="2" spawntime="60" x="1" y="5"/>
</spawn>
<spawn centerx="124" centery="39" centerz="10" radius="5">
<monster name="chicken" direction="2" spawntime="60" x="3" y="-1"/>
<monster name="chicken" direction="2" spawntime="60" x="5" y="-1"/>
<monster name="chicken" direction="2" spawntime="60" x="3" y="0"/>
<monster name="chicken" direction="2" spawntime="60" x="5" y="0"/>
<monster name="chicken" direction="2" spawntime="60" x="3" y="1"/>
<monster name="chicken" direction="2" spawntime="60" x="4" y="1"/>
<monster name="chicken" direction="2" spawntime="60" x="5" y="1"/>
</spawn>
<spawn centerx="128" centery="39" centerz="10" radius="5">
<monster name="chicken" direction="2" spawntime="60" x="3" y="-1"/>
<monster name="chicken" direction="2" spawntime="60" x="5" y="-1"/>
<monster name="chicken" direction="2" spawntime="60" x="3" y="0"/>
<monster name="chicken" direction="2" spawntime="60" x="5" y="0"/>
<monster name="chicken" direction="2" spawntime="60" x="3" y="1"/>
<monster name="chicken" direction="2" spawntime="60" x="4" y="1"/>
<monster name="chicken" direction="2" spawntime="60" x="5" y="1"/>
</spawn>
<spawn centerx="132" centery="39" centerz="10" radius="5">
<monster name="chicken" direction="2" spawntime="60" x="3" y="-1"/>
<monster name="chicken" direction="2" spawntime="60" x="5" y="-1"/>
<monster name="chicken" direction="2" spawntime="60" x="3" y="0"/>
<monster name="chicken" direction="2" spawntime="60" x="5" y="0"/>
<monster name="chicken" direction="2" spawntime="60" x="3" y="1"/>
<monster name="chicken" direction="2" spawntime="60" x="4" y="1"/>
<monster name="chicken" direction="2" spawntime="60" x="5" y="1"/>
</spawn>
<spawn centerx="136" centery="39" centerz="10" radius="5">
<monster name="chicken" direction="2" spawntime="60" x="3" y="-1"/>
<monster name="chicken" direction="2" spawntime="60" x="5" y="-1"/>
<monster name="chicken" direction="2" spawntime="60" x="3" y="0"/>
<monster name="chicken" direction="2" spawntime="60" x="5" y="0"/>
<monster name="chicken" direction="2" spawntime="60" x="3" y="1"/>
<monster name="chicken" direction="2" spawntime="60" x="4" y="1"/>
<monster name="chicken" direction="2" spawntime="60" x="5" y="1"/>
</spawn>
<spawn centerx="140" centery="39" centerz="10" radius="5">
<monster name="chicken" direction="2" spawntime="60" x="3" y="-1"/>
<monster name="chicken" direction="2" spawntime="60" x="5" y="-1"/>
<monster name="chicken" direction="2" spawntime="60" x="3" y="0"/>
<monster name="chicken" direction="2" spawntime="60" x="5" y="0"/>
<monster name="chicken" direction="2" spawntime="60" x="3" y="1"/>
<monster name="chicken" direction="2" spawntime="60" x="4" y="1"/>
<monster name="chicken" direction="2" spawntime="60" x="5" y="1"/>
</spawn>
<spawn centerx="144" centery="39" centerz="10" radius="5">
<monster name="chicken" direction="2" spawntime="60" x="3" y="-1"/>
<monster name="chicken" direction="2" spawntime="60" x="5" y="-1"/>
<monster name="chicken" direction="2" spawntime="60" x="3" y="0"/>
<monster name="chicken" direction="2" spawntime="60" x="5" y="0"/>
<monster name="chicken" direction="2" spawntime="60" x="3" y="1"/>
<monster name="chicken" direction="2" spawntime="60" x="4" y="1"/>
<monster name="chicken" direction="2" spawntime="60" x="5" y="1"/>
<monster name="chicken" direction="2" spawntime="60" x="3" y="3"/>
<monster name="chicken" direction="2" spawntime="60" x="4" y="3"/>
<monster name="chicken" direction="2" spawntime="60" x="5" y="3"/>
<monster name="chicken" direction="2" spawntime="60" x="3" y="4"/>
<monster name="chicken" direction="2" spawntime="60" x="3" y="5"/>
<monster name="chicken" direction="2" spawntime="60" x="4" y="5"/>
<monster name="chicken" direction="2" spawntime="60" x="5" y="5"/>
</spawn>
<spawn centerx="58" centery="41" centerz="10" radius="5">
<monster name="Dark Monk" direction="2" spawntime="60" x="-1" y="0"/>
<monster name="Dark Monk" direction="2" spawntime="60" x="-3" y="4"/>
<monster name="Dark Monk" direction="2" spawntime="60" x="-3" y="5"/>
<monster name="Dark Monk" direction="2" spawntime="60" x="4" y="5"/>
</spawn>
<spawn centerx="67" centery="42" centerz="10" radius="5">
<monster name="Dark Monk" direction="2" spawntime="60" x="5" y="2"/>
</spawn>
<spawn centerx="82" centery="43" centerz="10" radius="5">
<monster name="Dark Monk" direction="2" spawntime="60" x="1" y="-1"/>
<monster name="Dark Monk" direction="2" spawntime="60" x="0" y="5"/>
<monster name="Dark Monk" direction="2" spawntime="60" x="2" y="5"/>
</spawn>
<spawn centerx="88" centery="43" centerz="10" radius="5">
<monster name="Dark Monk" direction="2" spawntime="60" x="0" y="1"/>
<monster name="Dark Monk" direction="2" spawntime="60" x="5" y="5"/>
</spawn>
<spawn centerx="148" centery="43" centerz="10" radius="5">
<monster name="chicken" direction="2" spawntime="60" x="-1" y="3"/>
<monster name="chicken" direction="2" spawntime="60" x="0" y="3"/>
<monster name="chicken" direction="2" spawntime="60" x="1" y="3"/>
<monster name="chicken" direction="2" spawntime="60" x="-1" y="4"/>
<monster name="chicken" direction="2" spawntime="60" x="-1" y="5"/>
<monster name="chicken" direction="2" spawntime="60" x="0" y="5"/>
<monster name="chicken" direction="2" spawntime="60" x="1" y="5"/>
</spawn>
<spawn centerx="73" centery="44" centerz="10" radius="5">
<monster name="Dark Monk" direction="2" spawntime="60" x="1" y="0"/>
</spawn>
<spawn centerx="98" centery="44" centerz="10" radius="5">
<monster name="Dark Monk" direction="2" spawntime="60" x="1" y="0"/>
<monster name="Dark Monk" direction="2" spawntime="60" x="-3" y="4"/>
</spawn>
<spawn centerx="54" centery="45" centerz="10" radius="5">
<monster name="Dark Monk" direction="2" spawntime="60" x="-5" y="5"/>
</spawn>
<spawn centerx="61" centery="46" centerz="10" radius="5">
<monster name="Dark Monk" direction="2" spawntime="60" x="4" y="5"/>
</spawn>
<spawn centerx="120" centery="47" centerz="10" radius="5">
<monster name="chicken" direction="2" spawntime="60" x="-1" y="-1"/>
<monster name="chicken" direction="2" spawntime="60" x="0" y="-1"/>
<monster name="chicken" direction="2" spawntime="60" x="1" y="-1"/>
<monster name="chicken" direction="2" spawntime="60" x="1" y="0"/>
<monster name="chicken" direction="2" spawntime="60" x="-1" y="1"/>
<monster name="chicken" direction="2" spawntime="60" x="0" y="1"/>
<monster name="chicken" direction="2" spawntime="60" x="1" y="1"/>
<monster name="chicken" direction="2" spawntime="60" x="-1" y="3"/>
<monster name="chicken" direction="2" spawntime="60" x="0" y="3"/>
<monster name="chicken" direction="2" spawntime="60" x="1" y="3"/>
<monster name="chicken" direction="2" spawntime="60" x="1" y="4"/>
<monster name="chicken" direction="2" spawntime="60" x="-1" y="5"/>
<monster name="chicken" direction="2" spawntime="60" x="0" y="5"/>
<monster name="chicken" direction="2" spawntime="60" x="1" y="5"/>
</spawn>
<spawn centerx="148" centery="47" centerz="10" radius="5">
<monster name="chicken" direction="2" spawntime="60" x="-1" y="3"/>
<monster name="chicken" direction="2" spawntime="60" x="0" y="3"/>
<monster name="chicken" direction="2" spawntime="60" x="1" y="3"/>
<monster name="chicken" direction="2" spawntime="60" x="-1" y="4"/>
<monster name="chicken" direction="2" spawntime="60" x="-1" y="5"/>
<monster name="chicken" direction="2" spawntime="60" x="0" y="5"/>
<monster name="chicken" direction="2" spawntime="60" x="1" y="5"/>
</spawn>
<spawn centerx="50" centery="51" centerz="10" radius="5">
<monster name="Dark Monk" direction="2" spawntime="60" x="-2" y="-1"/>
<monster name="Dark Monk" direction="2" spawntime="60" x="4" y="3"/>
<monster name="Dark Monk" direction="2" spawntime="60" x="5" y="3"/>
</spawn>
<spawn centerx="64" centery="51" centerz="10" radius="5">
<monster name="Dark Monk" direction="2" spawntime="60" x="3" y="4"/>
<monster name="Dark Monk" direction="2" spawntime="60" x="4" y="4"/>
</spawn>
<spawn centerx="120" centery="51" centerz="10" radius="5">
<monster name="chicken" direction="2" spawntime="60" x="-1" y="3"/>
<monster name="chicken" direction="2" spawntime="60" x="0" y="3"/>
<monster name="chicken" direction="2" spawntime="60" x="1" y="3"/>
<monster name="chicken" direction="2" spawntime="60" x="1" y="4"/>
<monster name="chicken" direction="2" spawntime="60" x="-1" y="5"/>
<monster name="chicken" direction="2" spawntime="60" x="0" y="5"/>
<monster name="chicken" direction="2" spawntime="60" x="1" y="5"/>
</spawn>
<spawn centerx="148" centery="51" centerz="10" radius="5">
<monster name="chicken" direction="2" spawntime="60" x="-1" y="3"/>
<monster name="chicken" direction="2" spawntime="60" x="0" y="3"/>
<monster name="chicken" direction="2" spawntime="60" x="1" y="3"/>
<monster name="chicken" direction="2" spawntime="60" x="-1" y="4"/>
<monster name="chicken" direction="2" spawntime="60" x="-1" y="5"/>
<monster name="chicken" direction="2" spawntime="60" x="0" y="5"/>
<monster name="chicken" direction="2" spawntime="60" x="1" y="5"/>
</spawn>
<spawn centerx="78" centery="53" centerz="10" radius="5">
<monster name="Dark Monk" direction="2" spawntime="60" x="-1" y="1"/>
<monster name="Dark Monk" direction="2" spawntime="60" x="0" y="1"/>
<monster name="Dark Monk" direction="2" spawntime="60" x="1" y="1"/>
<monster name="Dark Monk" direction="2" spawntime="60" x="2" y="5"/>
</spawn>
<spawn centerx="87" centery="54" centerz="10" radius="5">
<monster name="Dark Monk" direction="2" spawntime="60" x="1" y="0"/>
<monster name="Dark Monk" direction="2" spawntime="60" x="-5" y="5"/>
</spawn>
<spawn centerx="99" centery="54" centerz="10" radius="5">
<monster name="Dark Monk" direction="2" spawntime="60" x="-1" y="0"/>
</spawn>
<spawn centerx="120" centery="55" centerz="10" radius="5">
<monster name="chicken" direction="2" spawntime="60" x="-1" y="3"/>
<monster name="chicken" direction="2" spawntime="60" x="0" y="3"/>
<monster name="chicken" direction="2" spawntime="60" x="1" y="3"/>
<monster name="chicken" direction="2" spawntime="60" x="1" y="4"/>
<monster name="chicken" direction="2" spawntime="60" x="-1" y="5"/>
<monster name="chicken" direction="2" spawntime="60" x="0" y="5"/>
<monster name="chicken" direction="2" spawntime="60" x="1" y="5"/>
</spawn>
<spawn centerx="148" centery="55" centerz="10" radius="5">
<monster name="chicken" direction="2" spawntime="60" x="-1" y="3"/>
<monster name="chicken" direction="2" spawntime="60" x="0" y="3"/>
<monster name="chicken" direction="2" spawntime="60" x="1" y="3"/>
<monster name="chicken" direction="2" spawntime="60" x="-1" y="4"/>
<monster name="chicken" direction="2" spawntime="60" x="-1" y="5"/>
<monster name="chicken" direction="2" spawntime="60" x="0" y="5"/>
<monster name="chicken" direction="2" spawntime="60" x="1" y="5"/>
</spawn>
<spawn centerx="67" centery="56" centerz="10" radius="5">
<monster name="Dark Monk" direction="2" spawntime="60" x="4" y="-1"/>
<monster name="Dark Monk" direction="2" spawntime="60" x="5" y="-1"/>
</spawn>
<spawn centerx="59" centery="57" centerz="10" radius="5">
<monster name="Dark Monk" direction="2" spawntime="60" x="-1" y="0"/>
<monster name="Dark Monk" direction="2" spawntime="60" x="1" y="0"/>
<monster name="Dark Monk" direction="2" spawntime="60" x="4" y="5"/>
</spawn>
<spawn centerx="48" centery="59" centerz="10" radius="5">
<monster name="Dark Monk" direction="2" spawntime="60" x="1" y="-1"/>
<monster name="Dark Monk" direction="2" spawntime="60" x="1" y="0"/>
</spawn>
<spawn centerx="81" centery="59" centerz="10" radius="5">
<monster name="Dark Monk" direction="2" spawntime="60" x="-4" y="4"/>
<monster name="Dark Monk" direction="2" spawntime="60" x="4" y="4"/>
</spawn>
<spawn centerx="120" centery="59" centerz="10" radius="5">
<monster name="chicken" direction="2" spawntime="60" x="-1" y="3"/>
<monster name="chicken" direction="2" spawntime="60" x="0" y="3"/>
<monster name="chicken" direction="2" spawntime="60" x="1" y="3"/>
<monster name="chicken" direction="2" spawntime="60" x="3" y="3"/>
<monster name="chicken" direction="2" spawntime="60" x="4" y="3"/>
<monster name="chicken" direction="2" spawntime="60" x="5" y="3"/>
<monster name="chicken" direction="2" spawntime="60" x="1" y="4"/>
<monster name="chicken" direction="2" spawntime="60" x="3" y="4"/>
<monster name="chicken" direction="2" spawntime="60" x="5" y="4"/>
<monster name="chicken" direction="2" spawntime="60" x="-1" y="5"/>
<monster name="chicken" direction="2" spawntime="60" x="0" y="5"/>
<monster name="chicken" direction="2" spawntime="60" x="1" y="5"/>
<monster name="chicken" direction="2" spawntime="60" x="3" y="5"/>
<monster name="chicken" direction="2" spawntime="60" x="5" y="5"/>
</spawn>
<spawn centerx="148" centery="59" centerz="10" radius="5">
<monster name="chicken" direction="2" spawntime="60" x="-5" y="3"/>
<monster name="chicken" direction="2" spawntime="60" x="-4" y="3"/>
<monster name="chicken" direction="2" spawntime="60" x="-3" y="3"/>
<monster name="chicken" direction="2" spawntime="60" x="-1" y="3"/>
<monster name="chicken" direction="2" spawntime="60" x="0" y="3"/>
<monster name="chicken" direction="2" spawntime="60" x="1" y="3"/>
<monster name="chicken" direction="2" spawntime="60" x="-5" y="4"/>
<monster name="chicken" direction="2" spawntime="60" x="-3" y="4"/>
<monster name="chicken" direction="2" spawntime="60" x="-1" y="4"/>
<monster name="chicken" direction="2" spawntime="60" x="1" y="4"/>
<monster name="chicken" direction="2" spawntime="60" x="-5" y="5"/>
<monster name="chicken" direction="2" spawntime="60" x="-3" y="5"/>
<monster name="chicken" direction="2" spawntime="60" x="-1" y="5"/>
<monster name="chicken" direction="2" spawntime="60" x="1" y="5"/>
</spawn>
<spawn centerx="64" centery="61" centerz="10" radius="5">
<monster name="Dark Monk" direction="2" spawntime="60" x="5" y="2"/>
<monster name="Dark Monk" direction="2" spawntime="60" x="4" y="3"/>
</spawn>
<spawn centerx="70" centery="63" centerz="10" radius="5">
<monster name="Dark Monk" direction="2" spawntime="60" x="-2" y="5"/>
</spawn>
<spawn centerx="124" centery="63" centerz="10" radius="5">
<monster name="chicken" direction="2" spawntime="60" x="3" y="-1"/>
<monster name="chicken" direction="2" spawntime="60" x="4" y="-1"/>
<monster name="chicken" direction="2" spawntime="60" x="5" y="-1"/>
<monster name="chicken" direction="2" spawntime="60" x="3" y="0"/>
<monster name="chicken" direction="2" spawntime="60" x="5" y="0"/>
<monster name="chicken" direction="2" spawntime="60" x="3" y="1"/>
<monster name="chicken" direction="2" spawntime="60" x="5" y="1"/>
</spawn>
<spawn centerx="128" centery="63" centerz="10" radius="5">
<monster name="chicken" direction="2" spawntime="60" x="3" y="-1"/>
<monster name="chicken" direction="2" spawntime="60" x="4" y="-1"/>
<monster name="chicken" direction="2" spawntime="60" x="5" y="-1"/>
<monster name="chicken" direction="2" spawntime="60" x="3" y="0"/>
<monster name="chicken" direction="2" spawntime="60" x="5" y="0"/>
<monster name="chicken" direction="2" spawntime="60" x="3" y="1"/>
<monster name="chicken" direction="2" spawntime="60" x="5" y="1"/>
</spawn>
<spawn centerx="132" centery="63" centerz="10" radius="5">
<monster name="chicken" direction="2" spawntime="60" x="3" y="-1"/>
<monster name="chicken" direction="2" spawntime="60" x="4" y="-1"/>
<monster name="chicken" direction="2" spawntime="60" x="5" y="-1"/>
<monster name="chicken" direction="2" spawntime="60" x="3" y="0"/>
<monster name="chicken" direction="2" spawntime="60" x="5" y="0"/>
<monster name="chicken" direction="2" spawntime="60" x="3" y="1"/>
<monster name="chicken" direction="2" spawntime="60" x="5" y="1"/>
</spawn>
<spawn centerx="136" centery="63" centerz="10" radius="5">
<monster name="chicken" direction="2" spawntime="60" x="3" y="-1"/>
<monster name="chicken" direction="2" spawntime="60" x="4" y="-1"/>
<monster name="chicken" direction="2" spawntime="60" x="5" y="-1"/>
<monster name="chicken" direction="2" spawntime="60" x="3" y="0"/>
<monster name="chicken" direction="2" spawntime="60" x="5" y="0"/>
<monster name="chicken" direction="2" spawntime="60" x="3" y="1"/>
<monster name="chicken" direction="2" spawntime="60" x="5" y="1"/>
</spawn>
<spawn centerx="55" centery="64" centerz="10" radius="5">
<monster name="Dark Monk" direction="2" spawntime="60" x="-1" y="0"/>
<monster name="Dark Monk" direction="2" spawntime="60" x="-1" y="1"/>
<monster name="Dark Monk" direction="2" spawntime="60" x="0" y="1"/>
</spawn>
<spawn centerx="93" centery="65" centerz="10" radius="5">
<monster name="Dark Monk" direction="2" spawntime="60" x="1" y="0"/>
<monster name="Dark Monk" direction="2" spawntime="60" x="-3" y="4"/>
</spawn>
<spawn centerx="68" centery="67" centerz="10" radius="5">
<monster name="Dark Monk" direction="2" spawntime="60" x="-5" y="3"/>
<monster name="Dark Monk" direction="2" spawntime="60" x="-5" y="4"/>
<monster name="Dark Monk" direction="2" spawntime="60" x="4" y="4"/>
<monster name="Dark Monk" direction="2" spawntime="60" x="3" y="5"/>
</spawn>
<spawn centerx="60" centery="70" centerz="10" radius="5">
<monster name="Dark Monk" direction="2" spawntime="60" x="1" y="0"/>
<monster name="Dark Monk" direction="2" spawntime="60" x="1" y="1"/>
<monster name="Dark Monk" direction="2" spawntime="60" x="-2" y="4"/>
</spawn>
<spawn centerx="72" centery="72" centerz="10" radius="5">
<monster name="Dark Monk" direction="2" spawntime="60" x="-5" y="3"/>
</spawn>
<spawn centerx="80" centery="73" centerz="10" radius="5">
<monster name="Dark Monk" direction="2" spawntime="60" x="-1" y="-1"/>
<monster name="Dark Monk" direction="2" spawntime="60" x="0" y="-1"/>
</spawn>
<spawn centerx="53" centery="74" centerz="10" radius="5">
<monster name="Dark Monk" direction="2" spawntime="60" x="0" y="1"/>
<monster name="Dark Monk" direction="2" spawntime="60" x="1" y="1"/>
<monster name="Dark Monk" direction="2" spawntime="60" x="0" y="2"/>
</spawn>
<spawn centerx="97" centery="75" centerz="10" radius="5">
<monster name="Dark Monk" direction="2" spawntime="60" x="-1" y="0"/>
<monster name="Dark Monk" direction="2" spawntime="60" x="1" y="0"/>
</spawn>
<spawn centerx="27" centery="105" centerz="10" radius="5">
<monster name="Fallen Angel" direction="2" spawntime="60" x="0" y="0"/>
</spawn>
<spawn centerx="36" centery="117" centerz="10" radius="5">
<monster name="Fallen Angel" direction="2" spawntime="60" x="0" y="0"/>
</spawn>
<spawn centerx="194" centery="118" centerz="10" radius="15">
<monster name="Necropharus" direction="2" spawntime="60" x="-3" y="-4"/>
<monster name="Necropharus" direction="2" spawntime="60" x="-1" y="-4"/>
<monster name="Juggernaught" direction="2" spawntime="60" x="-5" y="0"/>
<monster name="Juggernaught" direction="2" spawntime="60" x="1" y="0"/>
<monster name="Juggernaught" direction="2" spawntime="60" x="2" y="0"/>
<monster name="Necropharus" direction="2" spawntime="60" x="-3" y="4"/>
<monster name="Necropharus" direction="2" spawntime="60" x="-1" y="4"/>
</spawn>
<spawn centerx="237" centery="125" centerz="10" radius="5">
<monster name="Thalas" direction="2" spawntime="60" x="-2" y="-2"/>
<monster name="Mummy" direction="2" spawntime="60" x="0" y="-1"/>
<monster name="Rahemos" direction="2" spawntime="60" x="3" y="-1"/>
<monster name="Ghoul" direction="2" spawntime="60" x="-3" y="0"/>
<monster name="Mummy" direction="2" spawntime="60" x="4" y="1"/>
<monster name="Mummy" direction="2" spawntime="60" x="-2" y="2"/>
<monster name="Ghoul" direction="2" spawntime="60" x="1" y="2"/>
</spawn>
<spawn centerx="36" centery="132" centerz="10" radius="5">
<monster name="Fallen Angel" direction="2" spawntime="60" x="0" y="0"/>
</spawn>
<spawn centerx="26" centery="143" centerz="10" radius="5">
<monster name="Fallen Angel" direction="2" spawntime="60" x="0" y="0"/>
</spawn>
<spawn centerx="43" centery="143" centerz="10" radius="5">
<monster name="Fallen Angel" direction="2" spawntime="60" x="0" y="0"/>
</spawn>
<spawn centerx="160" centery="184" centerz="10" radius="30">
<monster name="Lizard King" direction="2" spawntime="10" x="-3" y="-26"/>
<monster name="Lizard King" direction="2" spawntime="10" x="1" y="-26"/>
<monster name="Sibang" direction="2" spawntime="10" x="-1" y="-25"/>
<monster name="Sibang" direction="2" spawntime="10" x="-19" y="-9"/>
<monster name="Lizard King" direction="2" spawntime="10" x="-17" y="-9"/>
<monster name="Lizard King" direction="2" spawntime="10" x="-1" y="-9"/>
<monster name="Lizard King" direction="2" spawntime="10" x="15" y="-9"/>
<monster name="Sibang" direction="2" spawntime="10" x="17" y="-9"/>
<monster name="Sibang" direction="2" spawntime="10" x="-26" y="-6"/>
<monster name="Sibang" direction="2" spawntime="10" x="23" y="-6"/>
<monster name="Lizard King" direction="2" spawntime="10" x="-26" y="-4"/>
<monster name="Lizard King" direction="2" spawntime="10" x="23" y="-3"/>
<monster name="Captain Jack" direction="2" spawntime="10" x="-26" y="6"/>
<monster name="Captain Jack" direction="2" spawntime="10" x="23" y="6"/>
<monster name="Captain Jack" direction="2" spawntime="10" x="-14" y="7"/>
<monster name="Captain Jack" direction="2" spawntime="10" x="12" y="7"/>
<monster name="Lizard King" direction="2" spawntime="10" x="-2" y="11"/>
<monster name="Lizard King" direction="2" spawntime="10" x="0" y="11"/>
<monster name="Captain Jack" direction="2" spawntime="10" x="-26" y="12"/>
<monster name="Sibang" direction="2" spawntime="10" x="-24" y="12"/>
<monster name="Lizard King" direction="2" spawntime="10" x="-21" y="12"/>
<monster name="Captain Jack" direction="2" spawntime="10" x="-14" y="12"/>
<monster name="Captain Jack" direction="2" spawntime="10" x="-9" y="12"/>
<monster name="Captain Jack" direction="2" spawntime="10" x="-5" y="12"/>
<monster name="Sibang" direction="2" spawntime="10" x="-1" y="12"/>
<monster name="Captain Jack" direction="2" spawntime="10" x="3" y="12"/>
<monster name="Captain Jack" direction="2" spawntime="10" x="7" y="12"/>
<monster name="Captain Jack" direction="2" spawntime="10" x="12" y="12"/>
<monster name="Lizard King" direction="2" spawntime="10" x="17" y="12"/>
<monster name="Captain Jack" direction="2" spawntime="10" x="23" y="12"/>
<monster name="Sibang" direction="2" spawntime="10" x="25" y="12"/>
</spawn>
<spawn centerx="467" centery="246" centerz="10" radius="3">
<monster name="Azurewraith" direction="2" spawntime="60" x="0" y="3"/>
</spawn>
<spawn centerx="408" centery="250" centerz="10" radius="3">
<monster name="Keeper Of The Abyss" direction="2" spawntime="60" x="-1" y="-1"/>
</spawn>
<spawn centerx="430" centery="250" centerz="10" radius="3">
<monster name="void terror" direction="2" spawntime="60" x="0" y="0"/>
</spawn>
<spawn centerx="448" centery="250" centerz="10" radius="3">
<monster name="Soul Destroyer" direction="2" spawntime="60" x="-2" y="-3"/>
<monster name="Soul Destroyer" direction="2" spawntime="60" x="2" y="-3"/>
<monster name="Soul Destroyer" direction="2" spawntime="60" x="-2" y="1"/>
<monster name="Soul Destroyer" direction="2" spawntime="60" x="2" y="1"/>
</spawn>
<spawn centerx="54" centery="253" centerz="10" radius="5">
<monster name="Izual" direction="2" spawntime="60" x="0" y="-1"/>
<monster name="Izual" direction="2" spawntime="60" x="0" y="0"/>
</spawn>
<spawn centerx="61" centery="253" centerz="10" radius="5">
<monster name="Izual" direction="2" spawntime="60" x="4" y="-1"/>
<monster name="Izual" direction="2" spawntime="60" x="4" y="0"/>
<monster name="Izual" direction="2" spawntime="60" x="4" y="1"/>
</spawn>
<spawn centerx="77" centery="253" centerz="10" radius="5">
<monster name="Izual" direction="2" spawntime="60" x="-3" y="-1"/>
<monster name="Izual" direction="2" spawntime="60" x="-3" y="0"/>
<monster name="Izual" direction="2" spawntime="60" x="-3" y="1"/>
</spawn>
<spawn centerx="86" centery="253" centerz="10" radius="5">
<monster name="Izual" direction="2" spawntime="60" x="-2" y="-1"/>
<monster name="Izual" direction="2" spawntime="60" x="-2" y="0"/>
<monster name="Izual" direction="2" spawntime="60" x="-2" y="1"/>
</spawn>
<spawn centerx="97" centery="253" centerz="10" radius="5">
<monster name="Izual" direction="2" spawntime="60" x="-2" y="-1"/>
<monster name="Izual" direction="2" spawntime="60" x="-2" y="0"/>
<monster name="Izual" direction="2" spawntime="60" x="-2" y="1"/>
</spawn>
<spawn centerx="448" centery="257" centerz="10" radius="3">
<monster name="Soul Destroyer" direction="2" spawntime="60" x="-2" y="-2"/>
<monster name="Soul Destroyer" direction="2" spawntime="60" x="2" y="-2"/>
<monster name="Soul Destroyer" direction="2" spawntime="60" x="-2" y="2"/>
<monster name="Soul Destroyer" direction="2" spawntime="60" x="2" y="2"/>
</spawn>
<spawn centerx="54" centery="260" centerz="10" radius="5">
<monster name="Izual" direction="2" spawntime="60" x="-1" y="2"/>
<monster name="Izual" direction="2" spawntime="60" x="0" y="3"/>
</spawn>
<spawn centerx="97" centery="261" centerz="10" radius="5">
<monster name="Izual" direction="2" spawntime="60" x="-1" y="2"/>
<monster name="Izual" direction="2" spawntime="60" x="0" y="2"/>
<monster name="Izual" direction="2" spawntime="60" x="1" y="2"/>
</spawn>
<spawn centerx="448" centery="264" centerz="10" radius="3">
<monster name="Soul Destroyer" direction="2" spawntime="60" x="-2" y="-1"/>
<monster name="Soul Destroyer" direction="2" spawntime="60" x="2" y="-1"/>
<monster name="Soul Destroyer" direction="2" spawntime="60" x="-2" y="3"/>
<monster name="Soul Destroyer" direction="2" spawntime="60" x="2" y="3"/>
</spawn>
<spawn centerx="75" centery="265" centerz="10" radius="5">
<monster name="Stalker" direction="2" spawntime="60" x="-1" y="-1"/>
<monster name="Stalker" direction="2" spawntime="60" x="-1" y="1"/>
</spawn>
<spawn centerx="97" centery="271" centerz="10" radius="5">
<monster name="Izual" direction="2" spawntime="60" x="-1" y="1"/>
<monster name="Izual" direction="2" spawntime="60" x="0" y="1"/>
<monster name="Izual" direction="2" spawntime="60" x="1" y="1"/>
</spawn>
<spawn centerx="85" centery="273" centerz="10" radius="5">
<monster name="Izual" direction="2" spawntime="60" x="0" y="-5"/>
<monster name="Izual" direction="2" spawntime="60" x="0" y="-4"/>
<monster name="Izual" direction="2" spawntime="60" x="1" y="-4"/>
<monster name="Izual" direction="2" spawntime="60" x="-1" y="-3"/>
<monster name="Izual" direction="2" spawntime="60" x="0" y="-3"/>
<monster name="Izual" direction="2" spawntime="60" x="1" y="-3"/>
</spawn>
<spawn centerx="54" centery="277" centerz="10" radius="5">
<monster name="Izual" direction="2" spawntime="60" x="1" y="-3"/>
<monster name="Izual" direction="2" spawntime="60" x="0" y="-2"/>
</spawn>
<spawn centerx="75" centery="280" centerz="10" radius="5">
<monster name="Izual" direction="2" spawntime="60" x="0" y="0"/>
</spawn>
<spawn centerx="85" centery="281" centerz="10" radius="5">
<monster name="Izual" direction="2" spawntime="60" x="0" y="-1"/>
<monster name="Izual" direction="2" spawntime="60" x="-1" y="0"/>
<monster name="Izual" direction="2" spawntime="60" x="0" y="0"/>
<monster name="Izual" direction="2" spawntime="60" x="1" y="0"/>
</spawn>
<spawn centerx="97" centery="282" centerz="10" radius="5">
<monster name="Izual" direction="2" spawntime="60" x="-1" y="0"/>
<monster name="Izual" direction="2" spawntime="60" x="0" y="0"/>
<monster name="Izual" direction="2" spawntime="60" x="1" y="0"/>
</spawn>
<spawn centerx="54" centery="284" centerz="10" radius="5">
<monster name="Izual" direction="2" spawntime="60" x="-1" y="1"/>
<monster name="Izual" direction="2" spawntime="60" x="0" y="1"/>
</spawn>
<spawn centerx="75" centery="286" centerz="10" radius="5">
<monster name="Izual" direction="2" spawntime="60" x="0" y="0"/>
</spawn>
<spawn centerx="75" centery="292" centerz="10" radius="5">
<monster name="Izual" direction="2" spawntime="60" x="0" y="0"/>
</spawn>
<spawn centerx="97" centery="292" centerz="10" radius="5">
<monster name="Izual" direction="2" spawntime="60" x="-1" y="1"/>
<monster name="Izual" direction="2" spawntime="60" x="0" y="1"/>
<monster name="Izual" direction="2" spawntime="60" x="1" y="1"/>
</spawn>
<spawn centerx="54" centery="293" centerz="10" radius="5">
<monster name="Izual" direction="2" spawntime="60" x="0" y="-2"/>
<monster name="Izual" direction="2" spawntime="60" x="0" y="-1"/>
<monster name="Izual" direction="2" spawntime="60" x="5" y="4"/>
<monster name="Izual" direction="2" spawntime="60" x="5" y="5"/>
</spawn>
<spawn centerx="86" centery="296" centerz="10" radius="5">
<monster name="Izual" direction="2" spawntime="60" x="-1" y="-3"/>
<monster name="Izual" direction="2" spawntime="60" x="-1" y="-2"/>
<monster name="Izual" direction="2" spawntime="60" x="-2" y="-1"/>
<monster name="Izual" direction="2" spawntime="60" x="0" y="-1"/>
</spawn>
<spawn centerx="64" centery="298" centerz="10" radius="5">
<monster name="Izual" direction="2" spawntime="60" x="5" y="0"/>
</spawn>
<spawn centerx="74" centery="298" centerz="10" radius="5">
<monster name="Izual" direction="2" spawntime="60" x="1" y="0"/>
</spawn>
<spawn centerx="178" centery="104" centerz="11" radius="5">
<monster name="Ashmunrah" direction="2" spawntime="40" x="-2" y="0"/>
</spawn>
<spawn centerx="170" centery="107" centerz="11" radius="5">
<monster name="Behemoth" direction="2" spawntime="60" x="0" y="-1"/>
<monster name="Stalker" direction="2" spawntime="40" x="-1" y="0"/>
<monster name="Behemoth" direction="2" spawntime="60" x="0" y="1"/>
<monster name="Banshee" direction="2" spawntime="60" x="-2" y="2"/>
</spawn>
<spawn centerx="186" centery="113" centerz="11" radius="5">
<monster name="Morguthis" direction="2" spawntime="40" x="1" y="-1"/>
<monster name="Orshabaal" direction="2" spawntime="40" x="-5" y="0"/>
</spawn>
<spawn centerx="176" centery="114" centerz="11" radius="8">
<monster name="Juggernaught" direction="2" spawntime="40" x="0" y="1"/>
<monster name="Behemoth" direction="2" spawntime="60" x="-7" y="5"/>
<monster name="Banshee" direction="2" spawntime="60" x="-8" y="6"/>
<monster name="Warlock" direction="2" spawntime="60" x="-8" y="7"/>
<monster name="Wild Warrior" direction="2" spawntime="60" x="-6" y="7"/>
<monster name="Elder Beholder" direction="2" spawntime="60" x="8" y="7"/>
<monster name="Behemoth" direction="2" spawntime="60" x="-5" y="8"/>
</spawn>
<spawn centerx="186" centery="122" centerz="11" radius="5">
<monster name="Warlock" direction="2" spawntime="60" x="-1" y="-1"/>
<monster name="Behemoth" direction="2" spawntime="60" x="1" y="-1"/>
<monster name="Assassin" direction="2" spawntime="60" x="-1" y="0"/>
<monster name="Banshee" direction="2" spawntime="60" x="-2" y="1"/>
<monster name="Assassin" direction="2" spawntime="60" x="1" y="1"/>
<monster name="Behemoth" direction="2" spawntime="60" x="-3" y="2"/>
</spawn>
<spawn centerx="177" centery="124" centerz="11" radius="5">
<monster name="Behemoth" direction="2" spawntime="60" x="3" y="0"/>
</spawn>
<spawn centerx="158" centery="185" centerz="11" radius="30">
<monster name="Deathslicer" direction="2" spawntime="60" x="3" y="-9"/>
<monster name="Captain Jack" direction="2" spawntime="10" x="3" y="-4"/>
<monster name="Captain Jack" direction="2" spawntime="10" x="2" y="-3"/>
<monster name="Captain Jack" direction="2" spawntime="60" x="3" y="-3"/>
<monster name="Captain Jack" direction="2" spawntime="10" x="4" y="-3"/>
<monster name="Captain Jack" direction="2" spawntime="10" x="3" y="-2"/>
</spawn>
<spawn centerx="66" centery="238" centerz="11" radius="5">
<monster name="Orshabaal" direction="2" spawntime="60" x="-2" y="-1"/>
</spawn>
<spawn centerx="81" centery="239" centerz="11" radius="5">
<monster name="Orshabaal" direction="2" spawntime="60" x="2" y="-2"/>
</spawn>
<spawn centerx="73" centery="244" centerz="11" radius="5">
<monster name="Lucifer" direction="2" spawntime="60" x="0" y="-1"/>
</spawn>
<spawn centerx="66" centery="251" centerz="11" radius="5">
<monster name="Orshabaal" direction="2" spawntime="60" x="-2" y="1"/>
</spawn>
<spawn centerx="81" centery="251" centerz="11" radius="5">
<monster name="Orshabaal" direction="2" spawntime="60" x="2" y="1"/>
</spawn>
<spawn centerx="73" centery="259" centerz="11" radius="5">
<monster name="Izual" direction="2" spawntime="60" x="0" y="2"/>
<monster name="Izual" direction="2" spawntime="60" x="1" y="2"/>
<monster name="Izual" direction="2" spawntime="60" x="0" y="3"/>
<monster name="Izual" direction="2" spawntime="60" x="1" y="3"/>
</spawn>
<spawn centerx="191" centery="125" centerz="13" radius="30">
<monster name="Stone Skin Breaker" direction="2" spawntime="60" x="3" y="-9"/>
<monster name="The Creator" direction="2" spawntime="60" x="12" y="-7"/>
<monster name="The Creator" direction="2" spawntime="60" x="3" y="-6"/>
<monster name="Stone Skin Breaker" direction="2" spawntime="60" x="15" y="-6"/>
<monster name="Stone Skin Breaker" direction="2" spawntime="60" x="2" y="-4"/>
<monster name="The Creator" direction="2" spawntime="60" x="9" y="-4"/>
<monster name="The Creator" direction="2" spawntime="60" x="12" y="-4"/>
<monster name="Stone Skin Breaker" direction="2" spawntime="60" x="19" y="0"/>
<monster name="The Creator" direction="2" spawntime="60" x="27" y="2"/>
<monster name="The Creator" direction="2" spawntime="60" x="20" y="4"/>
<monster name="The Creator" direction="2" spawntime="60" x="23" y="8"/>
<monster name="Stone Skin Breaker" direction="2" spawntime="60" x="26" y="8"/>
<monster name="Stone Skin Breaker" direction="2" spawntime="60" x="22" y="11"/>
<monster name="The Creator" direction="2" spawntime="60" x="27" y="28"/>
</spawn>
<spawn centerx="237" centery="133" centerz="13" radius="30">
<monster name="Stone Skin Breaker" direction="2" spawntime="60" x="7" y="-7"/>
<monster name="The Creator" direction="2" spawntime="60" x="-1" y="-6"/>
<monster name="The Creator" direction="2" spawntime="60" x="-8" y="-5"/>
<monster name="Stone Skin Breaker" direction="2" spawntime="60" x="19" y="-4"/>
<monster name="Stone Skin Breaker" direction="2" spawntime="60" x="-2" y="0"/>
<monster name="The Creator" direction="2" spawntime="60" x="-11" y="1"/>
<monster name="The Creator" direction="2" spawntime="60" x="7" y="3"/>
<monster name="The Creator" direction="2" spawntime="60" x="0" y="4"/>
<monster name="Stone Skin Breaker" direction="2" spawntime="60" x="5" y="5"/>
<monster name="The Creator" direction="2" spawntime="60" x="21" y="8"/>
<monster name="Stone Skin Breaker" direction="2" spawntime="60" x="23" y="12"/>
<monster name="The Creator" direction="2" spawntime="60" x="25" y="13"/>
<monster name="Stone Skin Breaker" direction="2" spawntime="60" x="18" y="14"/>
<monster name="The Creator" direction="2" spawntime="60" x="-2" y="15"/>
<monster name="The Creator" direction="2" spawntime="60" x="18" y="15"/>
<monster name="Stone Skin Breaker" direction="2" spawntime="60" x="25" y="17"/>
<monster name="Stone Skin Breaker" direction="2" spawntime="60" x="-7" y="18"/>
<monster name="Stone Skin Breaker" direction="2" spawntime="60" x="-13" y="20"/>
<monster name="The Creator" direction="2" spawntime="60" x="-8" y="21"/>
<monster name="The Creator" direction="2" spawntime="60" x="9" y="21"/>
<monster name="Stone Skin Breaker" direction="2" spawntime="60" x="-11" y="23"/>
<monster name="The Creator" direction="2" spawntime="60" x="-5" y="23"/>
</spawn>
<spawn centerx="80" centery="332" centerz="14" radius="5">
<monster name="Vlad Tepes" direction="2" spawntime="60" x="-1" y="3"/>
<monster name="Hell screamer" direction="2" spawntime="60" x="1" y="3"/>
<monster name="Vlad Tepes" direction="2" spawntime="60" x="3" y="4"/>
</spawn>
<spawn centerx="91" centery="332" centerz="14" radius="5">
<monster name="Ghostly visage" direction="2" spawntime="60" x="-2" y="3"/>
<monster name="Vlad Tepes" direction="2" spawntime="60" x="1" y="3"/>
</spawn>
<spawn centerx="78" centery="340" centerz="14" radius="5">
<monster name="Hell screamer" direction="2" spawntime="60" x="3" y="-2"/>
<monster name="Ghostly visage" direction="2" spawntime="60" x="-2" y="-1"/>
<monster name="Ghostly visage" direction="2" spawntime="60" x="3" y="0"/>
</spawn>
<spawn centerx="87" centery="340" centerz="14" radius="5">
<monster name="Vlad Tepes" direction="2" spawntime="60" x="1" y="-2"/>
<monster name="Vlad Tepes" direction="2" spawntime="60" x="-3" y="0"/>
<monster name="Ghostly visage" direction="2" spawntime="60" x="1" y="2"/>
</spawn>
<spawn centerx="67" centery="341" centerz="14" radius="7">
<monster name="Vlad Tepes" direction="2" spawntime="60" x="-3" y="-6"/>
<monster name="Ghostly visage" direction="2" spawntime="60" x="2" y="-5"/>
<monster name="Hell screamer" direction="2" spawntime="60" x="-3" y="-3"/>
<monster name="Ghostly visage" direction="2" spawntime="60" x="2" y="-3"/>
<monster name="Vlad Tepes" direction="2" spawntime="60" x="4" y="-3"/>
<monster name="Hell screamer" direction="2" spawntime="60" x="-3" y="2"/>
<monster name="Ghostly visage" direction="2" spawntime="60" x="4" y="2"/>
<monster name="Ghostly visage" direction="2" spawntime="60" x="3" y="3"/>
<monster name="Ghostly visage" direction="2" spawntime="60" x="0" y="5"/>
<monster name="Vlad Tepes" direction="2" spawntime="60" x="3" y="7"/>
</spawn>
<spawn centerx="102" centery="343" centerz="14" radius="10">
<monster name="Hell screamer" direction="2" spawntime="60" x="3" y="-7"/>
<monster name="Vlad Tepes" direction="2" spawntime="60" x="-4" y="-6"/>
<monster name="Ghostly visage" direction="2" spawntime="60" x="0" y="-6"/>
<monster name="Vlad Tepes" direction="2" spawntime="60" x="3" y="-4"/>
<monster name="Ghostly visage" direction="2" spawntime="60" x="6" y="-4"/>
<monster name="Ghostly visage" direction="2" spawntime="60" x="-6" y="-3"/>
<monster name="Hell screamer" direction="2" spawntime="60" x="-1" y="-3"/>
<monster name="Vlad Tepes" direction="2" spawntime="60" x="-6" y="-1"/>
<monster name="fire storm" direction="2" spawntime="60" x="2" y="-1"/>
<monster name="Hell screamer" direction="2" spawntime="60" x="5" y="1"/>
<monster name="Vlad Tepes" direction="2" spawntime="60" x="7" y="1"/>
<monster name="Hell screamer" direction="2" spawntime="60" x="-6" y="2"/>
<monster name="fire storm" direction="2" spawntime="60" x="1" y="2"/>
<monster name="Ghostly visage" direction="2" spawntime="60" x="-3" y="3"/>
<monster name="Vlad Tepes" direction="2" spawntime="60" x="-1" y="4"/>
<monster name="Ghostly visage" direction="2" spawntime="60" x="-6" y="6"/>
<monster name="Ghostly visage" direction="2" spawntime="60" x="1" y="6"/>
</spawn>
<spawn centerx="64" centery="351" centerz="14" radius="5">
<monster name="Vlad Tepes" direction="2" spawntime="60" x="-2" y="-1"/>
<monster name="Vlad Tepes" direction="2" spawntime="60" x="1" y="-1"/>
<monster name="Hell screamer" direction="2" spawntime="60" x="3" y="1"/>
</spawn>
<spawn centerx="73" centery="351" centerz="14" radius="5">
<monster name="Ghostly visage" direction="2" spawntime="60" x="2" y="-2"/>
<monster name="Ghostly visage" direction="2" spawntime="60" x="3" y="-1"/>
<monster name="Ghostly visage" direction="2" spawntime="60" x="-1" y="0"/>
<monster name="Vlad Tepes" direction="2" spawntime="60" x="0" y="2"/>
</spawn>
<spawn centerx="61" centery="360" centerz="14" radius="5">
<monster name="Ghostly visage" direction="2" spawntime="60" x="0" y="-1"/>
<monster name="Ghostly visage" direction="2" spawntime="60" x="5" y="0"/>
<monster name="Ghostly visage" direction="2" spawntime="60" x="0" y="1"/>
<monster name="Ghostly visage" direction="2" spawntime="60" x="5" y="2"/>
</spawn>
<spawn centerx="96" centery="360" centerz="14" radius="5">
<monster name="Vlad Tepes" direction="2" spawntime="60" x="-2" y="0"/>
<monster name="Vlad Tepes" direction="2" spawntime="60" x="2" y="0"/>
</spawn>
<spawn centerx="103" centery="360" centerz="14" radius="5">
<monster name="Vlad Tepes" direction="2" spawntime="60" x="-1" y="0"/>
<monster name="Vlad Tepes" direction="2" spawntime="60" x="3" y="0"/>
</spawn>
<spawn centerx="110" centery="360" centerz="14" radius="5">
<monster name="Ghostly visage" direction="2" spawntime="60" x="0" y="-1"/>
<monster name="Ghostly visage" direction="2" spawntime="60" x="0" y="1"/>
<monster name="Ghostly visage" direction="2" spawntime="60" x="0" y="4"/>
<monster name="Ghostly visage" direction="2" spawntime="60" x="0" y="5"/>
</spawn>
<spawn centerx="68" centery="361" centerz="14" radius="5">
<monster name="Ghostly visage" direction="2" spawntime="60" x="0" y="1"/>
</spawn>
<spawn centerx="74" centery="361" centerz="14" radius="5">
<monster name="Ghostly visage" direction="2" spawntime="60" x="0" y="-1"/>
<monster name="Ghostly visage" direction="2" spawntime="60" x="1" y="1"/>
<monster name="Ghostly visage" direction="2" spawntime="60" x="0" y="2"/>
</spawn>
<spawn centerx="61" centery="367" centerz="14" radius="5">
<monster name="Ghostly visage" direction="2" spawntime="60" x="0" y="-1"/>
<monster name="Ghostly visage" direction="2" spawntime="60" x="0" y="1"/>
<monster name="Ghostly visage" direction="2" spawntime="60" x="5" y="4"/>
</spawn>
<spawn centerx="97" centery="368" centerz="14" radius="5">
<monster name="Ghostly visage" direction="2" spawntime="60" x="-1" y="-1"/>
<monster name="Ghostly visage" direction="2" spawntime="60" x="2" y="-1"/>
<monster name="Ghostly visage" direction="2" spawntime="60" x="2" y="0"/>
<monster name="Ghostly visage" direction="2" spawntime="60" x="-1" y="1"/>
<monster name="Ghostly visage" direction="2" spawntime="60" x="3" y="1"/>
<monster name="Ghostly visage" direction="2" spawntime="60" x="1" y="3"/>
<monster name="Ghostly visage" direction="2" spawntime="60" x="5" y="3"/>
</spawn>
<spawn centerx="104" centery="368" centerz="14" radius="5">
<monster name="Ghostly visage" direction="2" spawntime="60" x="0" y="-1"/>
<monster name="Ghostly visage" direction="2" spawntime="60" x="0" y="2"/>
</spawn>
<spawn centerx="110" centery="369" centerz="14" radius="5">
<monster name="Ghostly visage" direction="2" spawntime="60" x="0" y="-1"/>
<monster name="Ghostly visage" direction="2" spawntime="60" x="0" y="1"/>
</spawn>
<spawn centerx="67" centery="371" centerz="14" radius="5">
<monster name="Ghostly visage" direction="2" spawntime="60" x="1" y="0"/>
<monster name="Vlad Tepes" direction="2" spawntime="60" x="0" y="2"/>
</spawn>
<spawn centerx="75" centery="371" centerz="14" radius="5">
<monster name="Ghostly visage" direction="2" spawntime="60" x="-1" y="0"/>
<monster name="Ghostly visage" direction="2" spawntime="60" x="1" y="0"/>
<monster name="Vlad Tepes" direction="2" spawntime="60" x="1" y="2"/>
</spawn>
<spawn centerx="29" centery="376" centerz="14" radius="5">
<monster name="Flesh Fiend" direction="2" spawntime="60" x="-1" y="-1"/>
<monster name="Flesh Fiend" direction="2" spawntime="60" x="1" y="-1"/>
</spawn>
<spawn centerx="38" centery="377" centerz="14" radius="5">
<monster name="Flesh Fiend" direction="2" spawntime="60" x="-2" y="-1"/>
<monster name="Flesh Fiend" direction="2" spawntime="60" x="5" y="-1"/>
<monster name="Hell screamer" direction="2" spawntime="60" x="2" y="1"/>
<monster name="Flesh Fiend" direction="2" spawntime="60" x="0" y="2"/>
<monster name="Hell screamer" direction="2" spawntime="60" x="-2" y="4"/>
</spawn>
<spawn centerx="45" centery="377" centerz="14" radius="5">
<monster name="Hell screamer" direction="2" spawntime="60" x="0" y="1"/>
<monster name="Flesh Fiend" direction="2" spawntime="60" x="2" y="1"/>
</spawn>
<spawn centerx="62" centery="379" centerz="14" radius="5">
<monster name="Ghostly visage" direction="2" spawntime="60" x="0" y="-1"/>
<monster name="Ghostly visage" direction="2" spawntime="60" x="-1" y="0"/>
<monster name="Ghostly visage" direction="2" spawntime="60" x="0" y="1"/>
</spawn>
<spawn centerx="69" centery="379" centerz="14" radius="5">
<monster name="Ghostly visage" direction="2" spawntime="60" x="0" y="-1"/>
<monster name="Ghostly visage" direction="2" spawntime="60" x="1" y="0"/>
<monster name="Ghostly visage" direction="2" spawntime="60" x="0" y="1"/>
</spawn>
<spawn centerx="98" centery="380" centerz="14" radius="5">
<monster name="Ghostly visage" direction="2" spawntime="60" x="-2" y="-1"/>
<monster name="Ghostly visage" direction="2" spawntime="60" x="1" y="-1"/>
<monster name="Ghostly visage" direction="2" spawntime="60" x="5" y="0"/>
<monster name="Ghostly visage" direction="2" spawntime="60" x="-1" y="1"/>
</spawn>
<spawn centerx="107" centery="380" centerz="14" radius="5">
<monster name="Ghostly visage" direction="2" spawntime="60" x="0" y="-1"/>
<monster name="Ghostly visage" direction="2" spawntime="60" x="1" y="-1"/>
<monster name="Ghostly visage" direction="2" spawntime="60" x="2" y="-1"/>
<monster name="Ghostly visage" direction="2" spawntime="60" x="0" y="1"/>
</spawn>
<spawn centerx="132" centery="382" centerz="14" radius="12">
<monster name="Flesh Fiend" direction="2" spawntime="60" x="-8" y="-7"/>
<monster name="Flesh Fiend" direction="2" spawntime="60" x="-3" y="-7"/>
<monster name="Flesh Fiend" direction="2" spawntime="60" x="4" y="-7"/>
<monster name="Flesh Fiend" direction="2" spawntime="60" x="8" y="-7"/>
<monster name="Flesh Fiend" direction="2" spawntime="60" x="1" y="-4"/>
<monster name="Flesh Fiend" direction="2" spawntime="60" x="10" y="-3"/>
<monster name="Flesh Fiend" direction="2" spawntime="60" x="-9" y="-2"/>
<monster name="Flesh Fiend" direction="2" spawntime="60" x="-2" y="0"/>
<monster name="Flesh Fiend" direction="2" spawntime="60" x="10" y="0"/>
<monster name="Flesh Fiend" direction="2" spawntime="60" x="2" y="1"/>
<monster name="Flesh Fiend" direction="2" spawntime="60" x="0" y="5"/>
<monster name="Flesh Fiend" direction="2" spawntime="60" x="9" y="6"/>
<monster name="Flesh Fiend" direction="2" spawntime="60" x="-7" y="7"/>
<monster name="Flesh Fiend" direction="2" spawntime="60" x="0" y="9"/>
<monster name="Flesh Fiend" direction="2" spawntime="60" x="7" y="9"/>
<monster name="Flesh Fiend" direction="2" spawntime="60" x="-9" y="12"/>
</spawn>
<spawn centerx="76" centery="384" centerz="14" radius="5">
<monster name="Ghostly visage" direction="2" spawntime="60" x="0" y="-1"/>
<monster name="Ghostly visage" direction="2" spawntime="60" x="-1" y="0"/>
<monster name="Ghostly visage" direction="2" spawntime="60" x="0" y="1"/>
<monster name="Ghostly visage" direction="2" spawntime="60" x="-5" y="5"/>
</spawn>
<spawn centerx="63" centery="389" centerz="14" radius="5">
<monster name="Ghostly visage" direction="2" spawntime="60" x="0" y="-1"/>
<monster name="Ghostly visage" direction="2" spawntime="60" x="-1" y="0"/>
<monster name="Ghostly visage" direction="2" spawntime="60" x="1" y="0"/>
<monster name="Ghostly visage" direction="2" spawntime="60" x="0" y="1"/>
</spawn>
<spawn centerx="70" centery="389" centerz="14" radius="5">
<monster name="Ghostly visage" direction="2" spawntime="60" x="0" y="-1"/>
<monster name="Ghostly visage" direction="2" spawntime="60" x="-1" y="0"/>
<monster name="Ghostly visage" direction="2" spawntime="60" x="0" y="1"/>
<monster name="Ghostly visage" direction="2" spawntime="60" x="5" y="2"/>
</spawn>
<spawn centerx="102" centery="390" centerz="14" radius="5">
<monster name="Ghostly visage" direction="2" spawntime="60" x="-2" y="0"/>
<monster name="Ghostly visage" direction="2" spawntime="60" x="1" y="0"/>
<monster name="Ghostly visage" direction="2" spawntime="60" x="5" y="0"/>
<monster name="Ghostly visage" direction="2" spawntime="60" x="0" y="1"/>
<monster name="Ghostly visage" direction="2" spawntime="60" x="1" y="2"/>
</spawn>
<spawn centerx="108" centery="390" centerz="14" radius="5">
<monster name="Ghostly visage" direction="2" spawntime="60" x="1" y="-1"/>
<monster name="Ghostly visage" direction="2" spawntime="60" x="1" y="1"/>
<monster name="Ghostly visage" direction="2" spawntime="60" x="0" y="2"/>
</spawn>
<spawn centerx="76" centery="391" centerz="14" radius="5">
<monster name="Ghostly visage" direction="2" spawntime="60" x="0" y="-1"/>
<monster name="Ghostly visage" direction="2" spawntime="60" x="0" y="1"/>
</spawn>
<spawn centerx="95" centery="391" centerz="14" radius="5">
<monster name="Ghostly visage" direction="2" spawntime="60" x="0" y="-1"/>
<monster name="Ghostly visage" direction="2" spawntime="60" x="0" y="1"/>
<monster name="Ghostly visage" direction="2" spawntime="60" x="0" y="5"/>
</spawn>
<spawn centerx="37" centery="393" centerz="14" radius="14">
<monster name="Flesh Fiend" direction="2" spawntime="60" x="-7" y="-8"/>
<monster name="Flesh Fiend" direction="2" spawntime="60" x="-9" y="-7"/>
<monster name="Hell screamer" direction="2" spawntime="60" x="-2" y="-7"/>
<monster name="Hell screamer" direction="2" spawntime="60" x="8" y="-7"/>
<monster name="Hell screamer" direction="2" spawntime="60" x="-5" y="-6"/>
<monster name="Flesh Fiend" direction="2" spawntime="60" x="-3" y="-6"/>
<monster name="Flesh Fiend" direction="2" spawntime="60" x="6" y="-6"/>
<monster name="Hell screamer" direction="2" spawntime="60" x="4" y="-3"/>
<monster name="Flesh Fiend" direction="2" spawntime="60" x="7" y="-3"/>
<monster name="Hell screamer" direction="2" spawntime="60" x="-8" y="-1"/>
<monster name="Flesh Fiend" direction="2" spawntime="60" x="-9" y="0"/>
<monster name="Flesh Fiend" direction="2" spawntime="60" x="-1" y="0"/>
<monster name="Flesh Fiend" direction="2" spawntime="60" x="8" y="1"/>
<monster name="Hell screamer" direction="2" spawntime="60" x="-9" y="2"/>
<monster name="Hell screamer" direction="2" spawntime="60" x="2" y="2"/>
<monster name="Hell screamer" direction="2" spawntime="60" x="10" y="3"/>
<monster name="Flesh Fiend" direction="2" spawntime="60" x="-9" y="5"/>
<monster name="Hell screamer" direction="2" spawntime="60" x="-7" y="6"/>
<monster name="Hell screamer" direction="2" spawntime="60" x="-1" y="6"/>
<monster name="Flesh Fiend" direction="2" spawntime="60" x="9" y="6"/>
<monster name="Flesh Fiend" direction="2" spawntime="60" x="-3" y="7"/>
<monster name="Flesh Fiend" direction="2" spawntime="60" x="3" y="7"/>
<monster name="Hell screamer" direction="2" spawntime="60" x="7" y="8"/>
<monster name="Flesh Fiend" direction="2" spawntime="60" x="-7" y="9"/>
<monster name="Hell screamer" direction="2" spawntime="60" x="-4" y="9"/>
<monster name="Flesh Fiend" direction="2" spawntime="60" x="1" y="9"/>
<monster name="Flesh Fiend" direction="2" spawntime="60" x="6" y="10"/>
<monster name="Flesh Fiend" direction="2" spawntime="60" x="-1" y="14"/>
<monster name="Flesh Fiend" direction="2" spawntime="60" x="7" y="14"/>
</spawn>
<spawn centerx="54" centery="394" centerz="14" radius="5">
<monster name="Ancient Necropharus" direction="2" spawntime="60" x="-1" y="0"/>
<monster name="Ancient Necropharus" direction="2" spawntime="60" x="0" y="1"/>
</spawn>
<spawn centerx="116" centery="395" centerz="14" radius="5">
<monster name="Ancient Necropharus" direction="2" spawntime="60" x="0" y="-1"/>
<monster name="Ancient Necropharus" direction="2" spawntime="60" x="1" y="0"/>
</spawn>
<spawn centerx="101" centery="398" centerz="14" radius="5">
<monster name="Ghostly visage" direction="2" spawntime="60" x="-1" y="-1"/>
<monster name="Ghostly visage" direction="2" spawntime="60" x="0" y="-1"/>
<monster name="Ghostly visage" direction="2" spawntime="60" x="-1" y="1"/>
</spawn>
<spawn centerx="63" centery="399" centerz="14" radius="5">
<monster name="Ghostly visage" direction="2" spawntime="60" x="0" y="-1"/>
<monster name="Ghostly visage" direction="2" spawntime="60" x="-1" y="0"/>
<monster name="Ghostly visage" direction="2" spawntime="60" x="1" y="0"/>
<monster name="Ghostly visage" direction="2" spawntime="60" x="0" y="1"/>
</spawn>
<spawn centerx="70" centery="399" centerz="14" radius="5">
<monster name="Ghostly visage" direction="2" spawntime="60" x="0" y="-1"/>
<monster name="Ghostly visage" direction="2" spawntime="60" x="-1" y="0"/>
<monster name="Ghostly visage" direction="2" spawntime="60" x="1" y="0"/>
<monster name="Ghostly visage" direction="2" spawntime="60" x="0" y="1"/>
</spawn>
<spawn centerx="108" centery="399" centerz="14" radius="5">
<monster name="Ghostly visage" direction="2" spawntime="60" x="0" y="-1"/>
<monster name="Ghostly visage" direction="2" spawntime="60" x="-1" y="0"/>
<monster name="Ghostly visage" direction="2" spawntime="60" x="1" y="0"/>
</spawn>
<spawn centerx="132" centery="400" centerz="14" radius="12">
<monster name="Flesh Fiend" direction="2" spawntime="60" x="0" y="-4"/>
<monster name="Flesh Fiend" direction="2" spawntime="60" x="9" y="-4"/>
<monster name="Flesh Fiend" direction="2" spawntime="60" x="-7" y="-2"/>
<monster name="Flesh Fiend" direction="2" spawntime="60" x="7" y="1"/>
<monster name="Flesh Fiend" direction="2" spawntime="60" x="-4" y="5"/>
<monster name="Flesh Fiend" direction="2" spawntime="60" x="0" y="6"/>
<monster name="Flesh Fiend" direction="2" spawntime="60" x="7" y="7"/>
<monster name="Flesh Fiend" direction="2" spawntime="60" x="3" y="9"/>
<monster name="Flesh Fiend" direction="2" spawntime="60" x="-9" y="10"/>
<monster name="Flesh Fiend" direction="2" spawntime="60" x="10" y="11"/>
<monster name="Flesh Fiend" direction="2" spawntime="60" x="-5" y="12"/>
<monster name="Flesh Fiend" direction="2" spawntime="60" x="4" y="12"/>
</spawn>
<spawn centerx="76" centery="402" centerz="14" radius="5">
<monster name="Ghostly visage" direction="2" spawntime="60" x="0" y="-1"/>
<monster name="Ghostly visage" direction="2" spawntime="60" x="0" y="1"/>
</spawn>
<spawn centerx="95" centery="402" centerz="14" radius="5">
<monster name="Ghostly visage" direction="2" spawntime="60" x="0" y="-1"/>
<monster name="Ghostly visage" direction="2" spawntime="60" x="0" y="2"/>
</spawn>
<spawn centerx="64" centery="407" centerz="14" radius="5">
<monster name="Hell screamer" direction="2" spawntime="60" x="-1" y="0"/>
<monster name="Hell screamer" direction="2" spawntime="60" x="1" y="0"/>
<monster name="Hell screamer" direction="2" spawntime="60" x="0" y="1"/>
<monster name="Hell screamer" direction="2" spawntime="60" x="-2" y="3"/>
<monster name="Hell screamer" direction="2" spawntime="60" x="-2" y="5"/>
<monster name="Hell screamer" direction="2" spawntime="60" x="0" y="5"/>
</spawn>
<spawn centerx="100" centery="409" centerz="14" radius="5">
<monster name="Hell screamer" direction="2" spawntime="60" x="0" y="-1"/>
<monster name="Hell screamer" direction="2" spawntime="60" x="-1" y="0"/>
<monster name="Hell screamer" direction="2" spawntime="60" x="1" y="0"/>
<monster name="Hell screamer" direction="2" spawntime="60" x="0" y="1"/>
<monster name="Hell screamer" direction="2" spawntime="60" x="-5" y="5"/>
</spawn>
<spawn centerx="108" centery="409" centerz="14" radius="5">
<monster name="Hell screamer" direction="2" spawntime="60" x="0" y="-1"/>
<monster name="Hell screamer" direction="2" spawntime="60" x="-1" y="0"/>
<monster name="Hell screamer" direction="2" spawntime="60" x="1" y="0"/>
<monster name="Hell screamer" direction="2" spawntime="60" x="0" y="1"/>
</spawn>
<spawn centerx="73" centery="410" centerz="14" radius="5">
<monster name="Hell screamer" direction="2" spawntime="60" x="0" y="-1"/>
<monster name="Hell screamer" direction="2" spawntime="60" x="-1" y="0"/>
<monster name="Hell screamer" direction="2" spawntime="60" x="1" y="0"/>
<monster name="Hell screamer" direction="2" spawntime="60" x="0" y="1"/>
</spawn>
<spawn centerx="31" centery="411" centerz="14" radius="7">
<monster name="Hell screamer" direction="2" spawntime="60" x="-1" y="-2"/>
<monster name="Flesh Fiend" direction="2" spawntime="60" x="-2" y="-1"/>
<monster name="Flesh Fiend" direction="2" spawntime="60" x="2" y="-1"/>
<monster name="Flesh Fiend" direction="2" spawntime="60" x="7" y="1"/>
<monster name="Hell screamer" direction="2" spawntime="60" x="-3" y="2"/>
<monster name="Flesh Fiend" direction="2" spawntime="60" x="-2" y="4"/>
</spawn>
<spawn centerx="43" centery="411" centerz="14" radius="7">
<monster name="Flesh Fiend" direction="2" spawntime="60" x="-2" y="-2"/>
<monster name="Hell screamer" direction="2" spawntime="60" x="-2" y="0"/>
<monster name="Flesh Fiend" direction="2" spawntime="60" x="3" y="0"/>
<monster name="Hell screamer" direction="2" spawntime="60" x="2" y="1"/>
<monster name="Flesh Fiend" direction="2" spawntime="60" x="-4" y="2"/>
<monster name="Flesh Fiend" direction="2" spawntime="60" x="1" y="3"/>
</spawn>
<spawn centerx="63" centery="412" centerz="14" radius="5">
<monster name="Hell screamer" direction="2" spawntime="60" x="0" y="1"/>
</spawn>
<spawn centerx="124" centery="413" centerz="14" radius="5">
<monster name="Flesh Fiend" direction="2" spawntime="60" x="1" y="2"/>
</spawn>
<spawn centerx="142" centery="413" centerz="14" radius="5">
<monster name="Flesh Fiend" direction="2" spawntime="60" x="-1" y="2"/>
</spawn>
<spawn centerx="133" centery="414" centerz="14" radius="5">
<monster name="Flesh Fiend" direction="2" spawntime="60" x="-3" y="2"/>
</spawn>
<spawn centerx="95" centery="415" centerz="14" radius="5">
<monster name="Hell screamer" direction="2" spawntime="60" x="0" y="1"/>
</spawn>
<spawn centerx="76" centery="417" centerz="14" radius="5">
<monster name="Hell screamer" direction="2" spawntime="60" x="0" y="-1"/>
<monster name="Hell screamer" direction="2" spawntime="60" x="0" y="1"/>
</spawn>
<spawn centerx="66" centery="418" centerz="14" radius="5">
<monster name="Ghostly visage" direction="2" spawntime="60" x="-3" y="0"/>
<monster name="Ghostly visage" direction="2" spawntime="60" x="-2" y="0"/>
<monster name="Hell screamer" direction="2" spawntime="60" x="-1" y="0"/>
<monster name="Hell screamer" direction="2" spawntime="60" x="1" y="0"/>
<monster name="Ghostly visage" direction="2" spawntime="60" x="3" y="0"/>
<monster name="Hell screamer" direction="2" spawntime="60" x="0" y="1"/>
</spawn>
<spawn centerx="104" centery="419" centerz="14" radius="5">
<monster name="Hell screamer" direction="2" spawntime="60" x="-2" y="-1"/>
<monster name="Hell screamer" direction="2" spawntime="60" x="1" y="-1"/>
<monster name="Hell screamer" direction="2" spawntime="60" x="-1" y="0"/>
<monster name="Hell screamer" direction="2" spawntime="60" x="-2" y="1"/>
<monster name="Hell screamer" direction="2" spawntime="60" x="1" y="1"/>
</spawn>
<spawn centerx="95" centery="425" centerz="14" radius="5">
<monster name="Hell screamer" direction="2" spawntime="60" x="0" y="-1"/>
<monster name="Hell screamer" direction="2" spawntime="60" x="0" y="2"/>
</spawn>
<spawn centerx="66" centery="426" centerz="14" radius="5">
<monster name="Hell screamer" direction="2" spawntime="60" x="0" y="-1"/>
<monster name="Hell screamer" direction="2" spawntime="60" x="-1" y="0"/>
<monster name="Hell screamer" direction="2" spawntime="60" x="1" y="0"/>
<monster name="Hell screamer" direction="2" spawntime="60" x="0" y="1"/>
<monster name="Ghostly visage" direction="2" spawntime="60" x="-2" y="3"/>
<monster name="Ghostly visage" direction="2" spawntime="60" x="2" y="3"/>
</spawn>
<spawn centerx="76" centery="426" centerz="14" radius="5">
<monster name="Hell screamer" direction="2" spawntime="60" x="0" y="-1"/>
<monster name="Hell screamer" direction="2" spawntime="60" x="0" y="1"/>
</spawn>
<spawn centerx="104" centery="428" centerz="14" radius="5">
<monster name="Ghostly visage" direction="2" spawntime="60" x="-2" y="-3"/>
<monster name="Ghostly visage" direction="2" spawntime="60" x="-2" y="-2"/>
<monster name="Hell screamer" direction="2" spawntime="60" x="0" y="-1"/>
<monster name="Ghostly visage" direction="2" spawntime="60" x="2" y="-1"/>
<monster name="Hell screamer" direction="2" spawntime="60" x="-1" y="0"/>
<monster name="Hell screamer" direction="2" spawntime="60" x="1" y="0"/>
<monster name="Ghostly visage" direction="2" spawntime="60" x="-3" y="1"/>
<monster name="Hell screamer" direction="2" spawntime="60" x="2" y="1"/>
<monster name="Hell screamer" direction="2" spawntime="60" x="0" y="2"/>
</spawn>
<spawn centerx="64" centery="436" centerz="14" radius="5">
<monster name="Hell screamer" direction="2" spawntime="60" x="1" y="-1"/>
<monster name="Hell screamer" direction="2" spawntime="60" x="-2" y="0"/>
<monster name="Hell screamer" direction="2" spawntime="60" x="0" y="1"/>
</spawn>
<spawn centerx="73" centery="437" centerz="14" radius="5">
<monster name="Hell screamer" direction="2" spawntime="60" x="-1" y="-1"/>
<monster name="Hell screamer" direction="2" spawntime="60" x="1" y="-1"/>
<monster name="Hell screamer" direction="2" spawntime="60" x="-2" y="1"/>
<monster name="Hell screamer" direction="2" spawntime="60" x="1" y="1"/>
</spawn>
<spawn centerx="98" centery="437" centerz="14" radius="5">
<monster name="Hell screamer" direction="2" spawntime="60" x="-1" y="-3"/>
<monster name="Hell screamer" direction="2" spawntime="60" x="-1" y="0"/>
<monster name="Hell screamer" direction="2" spawntime="60" x="1" y="0"/>
</spawn>
<spawn centerx="108" centery="437" centerz="14" radius="5">
<monster name="Hell screamer" direction="2" spawntime="60" x="1" y="0"/>
</spawn>
<spawn centerx="61" centery="444" centerz="14" radius="5">
<monster name="Hell screamer" direction="2" spawntime="60" x="0" y="-1"/>
<monster name="Hell screamer" direction="2" spawntime="60" x="0" y="1"/>
</spawn>
<spawn centerx="110" centery="446" centerz="14" radius="5">
<monster name="Hell screamer" direction="2" spawntime="60" x="0" y="-1"/>
<monster name="Hell screamer" direction="2" spawntime="60" x="0" y="1"/>
</spawn>
<spawn centerx="81" centery="447" centerz="14" radius="5">
<monster name="Hell screamer" direction="2" spawntime="60" x="-1" y="-1"/>
<monster name="Hell screamer" direction="2" spawntime="60" x="1" y="-1"/>
</spawn>
<spawn centerx="89" centery="447" centerz="14" radius="5">
<monster name="Hell screamer" direction="2" spawntime="60" x="-1" y="-1"/>
<monster name="Hell screamer" direction="2" spawntime="60" x="1" y="-1"/>
</spawn>
<spawn centerx="97" centery="447" centerz="14" radius="5">
<monster name="Hell screamer" direction="2" spawntime="60" x="-1" y="0"/>
<monster name="Hell screamer" direction="2" spawntime="60" x="1" y="0"/>
<monster name="Hell screamer" direction="2" spawntime="60" x="0" y="1"/>
<monster name="Hell screamer" direction="2" spawntime="60" x="5" y="3"/>
<monster name="Hell screamer" direction="2" spawntime="60" x="4" y="4"/>
</spawn>
<spawn centerx="73" centery="448" centerz="14" radius="5">
<monster name="Hell screamer" direction="2" spawntime="60" x="1" y="-1"/>
<monster name="Hell screamer" direction="2" spawntime="60" x="-1" y="0"/>
<monster name="Hell screamer" direction="2" spawntime="60" x="1" y="1"/>
<monster name="Hell screamer" direction="2" spawntime="60" x="-5" y="3"/>
</spawn>
<spawn centerx="67" centery="451" centerz="14" radius="5">
<monster name="Hell screamer" direction="2" spawntime="60" x="-1" y="0"/>
<monster name="Hell screamer" direction="2" spawntime="60" x="0" y="1"/>
<monster name="Ghostly visage" direction="2" spawntime="60" x="0" y="4"/>
<monster name="Ghostly visage" direction="2" spawntime="60" x="1" y="4"/>
</spawn>
<spawn centerx="102" centery="451" centerz="14" radius="5">
<monster name="Hell screamer" direction="2" spawntime="60" x="1" y="0"/>
<monster name="Ghostly visage" direction="2" spawntime="60" x="0" y="5"/>
<monster name="Ghostly visage" direction="2" spawntime="60" x="1" y="5"/>
</spawn>
<spawn centerx="61" centery="453" centerz="14" radius="5">
<monster name="Hell screamer" direction="2" spawntime="60" x="0" y="-1"/>
<monster name="Hell screamer" direction="2" spawntime="60" x="0" y="1"/>
</spawn>
<spawn centerx="110" centery="455" centerz="14" radius="5">
<monster name="Hell screamer" direction="2" spawntime="60" x="0" y="-1"/>
<monster name="Hell screamer" direction="2" spawntime="60" x="0" y="1"/>
</spawn>
<spawn centerx="67" centery="459" centerz="14" radius="5">
<monster name="Hell screamer" direction="2" spawntime="60" x="-1" y="0"/>
<monster name="Hell screamer" direction="2" spawntime="60" x="1" y="0"/>
</spawn>
<spawn centerx="103" centery="459" centerz="14" radius="5">
<monster name="Hell screamer" direction="2" spawntime="60" x="-1" y="0"/>
<monster name="Hell screamer" direction="2" spawntime="60" x="1" y="0"/>
</spawn>
<spawn centerx="79" centery="461" centerz="14" radius="5">
<monster name="Hell screamer" direction="2" spawntime="60" x="0" y="-2"/>
<monster name="Hell screamer" direction="2" spawntime="60" x="-2" y="1"/>
<monster name="Hell screamer" direction="2" spawntime="60" x="1" y="1"/>
<monster name="Hell screamer" direction="2" spawntime="60" x="-1" y="3"/>
</spawn>
<spawn centerx="92" centery="461" centerz="14" radius="5">
<monster name="Hell screamer" direction="2" spawntime="60" x="0" y="-1"/>
<monster name="Hell screamer" direction="2" spawntime="60" x="-1" y="2"/>
<monster name="Hell screamer" direction="2" spawntime="60" x="2" y="2"/>
</spawn>
<spawn centerx="4958" centery="28" centerz="15" radius="10">
<monster name="Ghostly visage" direction="2" spawntime="60" x="-3" y="-3"/>
<monster name="Ghostly visage" direction="2" spawntime="60" x="3" y="-3"/>
<monster name="Ghostly visage" direction="2" spawntime="60" x="10" y="-3"/>
<monster name="Ghostly visage" direction="2" spawntime="60" x="-7" y="-2"/>
<monster name="Ghostly visage" direction="2" spawntime="60" x="-6" y="0"/>
<monster name="Ghostly visage" direction="2" spawntime="60" x="-4" y="0"/>
<monster name="Ghostly visage" direction="2" spawntime="60" x="1" y="0"/>
<monster name="Ghostly visage" direction="2" spawntime="60" x="7" y="0"/>
<monster name="Ghostly visage" direction="2" spawntime="60" x="-5" y="2"/>
<monster name="Ghostly visage" direction="2" spawntime="60" x="-2" y="2"/>
<monster name="Ghostly visage" direction="2" spawntime="60" x="2" y="2"/>
<monster name="Ghostly visage" direction="2" spawntime="60" x="6" y="2"/>
<monster name="Ghostly visage" direction="2" spawntime="60" x="-6" y="3"/>
<monster name="Ghostly visage" direction="2" spawntime="60" x="-2" y="4"/>
<monster name="Ghostly visage" direction="2" spawntime="60" x="1" y="4"/>
<monster name="Ghostly visage" direction="2" spawntime="60" x="7" y="4"/>
<monster name="Ghostly visage" direction="2" spawntime="60" x="10" y="4"/>
<monster name="Ghostly visage" direction="2" spawntime="60" x="-5" y="6"/>
<monster name="Ghostly visage" direction="2" spawntime="60" x="0" y="6"/>
<monster name="Ghostly visage" direction="2" spawntime="60" x="4" y="6"/>
<monster name="Ghostly visage" direction="2" spawntime="60" x="8" y="6"/>
<monster name="Ghostly visage" direction="2" spawntime="60" x="-7" y="7"/>
<monster name="Ghostly visage" direction="2" spawntime="60" x="-6" y="9"/>
<monster name="Ghostly visage" direction="2" spawntime="60" x="-2" y="9"/>
<monster name="Ghostly visage" direction="2" spawntime="60" x="2" y="9"/>
<monster name="Ghostly visage" direction="2" spawntime="60" x="4" y="9"/>
<monster name="Ghostly visage" direction="2" spawntime="60" x="8" y="9"/>
</spawn>
<spawn centerx="4973" centery="28" centerz="15" radius="10">
<monster name="Ghostly visage" direction="2" spawntime="60" x="1" y="-3"/>
<monster name="Ghostly visage" direction="2" spawntime="60" x="5" y="-3"/>
<monster name="Ghostly visage" direction="2" spawntime="60" x="-4" y="0"/>
<monster name="Ghostly visage" direction="2" spawntime="60" x="1" y="0"/>
<monster name="Ghostly visage" direction="2" spawntime="60" x="4" y="0"/>
<monster name="Ghostly visage" direction="2" spawntime="60" x="-3" y="2"/>
<monster name="Ghostly visage" direction="2" spawntime="60" x="4" y="2"/>
<monster name="Ghostly visage" direction="2" spawntime="60" x="-1" y="4"/>
<monster name="Ghostly visage" direction="2" spawntime="60" x="2" y="4"/>
<monster name="Ghostly visage" direction="2" spawntime="60" x="5" y="5"/>
<monster name="Ghostly visage" direction="2" spawntime="60" x="-3" y="6"/>
<monster name="Ghostly visage" direction="2" spawntime="60" x="2" y="6"/>
<monster name="Ghostly visage" direction="2" spawntime="60" x="-3" y="9"/>
<monster name="Ghostly visage" direction="2" spawntime="60" x="0" y="9"/>
<monster name="Ghostly visage" direction="2" spawntime="60" x="3" y="9"/>
</spawn>
<spawn centerx="4946" centery="29" centerz="15" radius="5">
<monster name="Crypt Lord" direction="2" spawntime="60" x="-1" y="0"/>
</spawn>
<spawn centerx="25" centery="34" centerz="15" radius="5">
<monster name="Amazonian" direction="2" spawntime="60" x="-3" y="-2"/>
<monster name="Amazonian" direction="2" spawntime="60" x="-1" y="-2"/>
<monster name="Amazonian" direction="2" spawntime="60" x="1" y="-2"/>
<monster name="Amazonian" direction="2" spawntime="60" x="3" y="-2"/>
<monster name="Amazonian" direction="2" spawntime="60" x="-3" y="0"/>
<monster name="Amazonian" direction="2" spawntime="60" x="-1" y="0"/>
<monster name="Amazonian" direction="2" spawntime="60" x="1" y="0"/>
<monster name="Amazonian" direction="2" spawntime="60" x="3" y="0"/>
<monster name="Amazonian" direction="2" spawntime="60" x="-3" y="2"/>
<monster name="Amazonian" direction="2" spawntime="60" x="-1" y="2"/>
<monster name="Amazonian" direction="2" spawntime="60" x="1" y="2"/>
<monster name="Amazonian" direction="2" spawntime="60" x="3" y="2"/>
<monster name="Amazonian" direction="2" spawntime="60" x="-3" y="4"/>
<monster name="Amazonian" direction="2" spawntime="60" x="-1" y="4"/>
<monster name="Amazonian" direction="2" spawntime="60" x="1" y="4"/>
<monster name="Amazonian" direction="2" spawntime="60" x="3" y="4"/>
</spawn>
<spawn centerx="49" centery="34" centerz="15" radius="5">
<monster name="Vlad Tepes" direction="2" spawntime="60" x="-3" y="-2"/>
<monster name="Vlad Tepes" direction="2" spawntime="60" x="-1" y="-2"/>
<monster name="Vlad Tepes" direction="2" spawntime="60" x="1" y="-2"/>
<monster name="Vlad Tepes" direction="2" spawntime="60" x="3" y="-2"/>
<monster name="Vlad Tepes" direction="2" spawntime="60" x="-3" y="0"/>
<monster name="Vlad Tepes" direction="2" spawntime="60" x="-1" y="0"/>
<monster name="Vlad Tepes" direction="2" spawntime="60" x="1" y="0"/>
<monster name="Vlad Tepes" direction="2" spawntime="60" x="3" y="0"/>
<monster name="Vlad Tepes" direction="2" spawntime="60" x="-3" y="2"/>
<monster name="Vlad Tepes" direction="2" spawntime="60" x="-1" y="2"/>
<monster name="Vlad Tepes" direction="2" spawntime="60" x="1" y="2"/>
<monster name="Vlad Tepes" direction="2" spawntime="60" x="3" y="2"/>
<monster name="Vlad Tepes" direction="2" spawntime="60" x="-3" y="4"/>
<monster name="Vlad Tepes" direction="2" spawntime="60" x="-1" y="4"/>
<monster name="Vlad Tepes" direction="2" spawntime="60" x="1" y="4"/>
<monster name="Vlad Tepes" direction="2" spawntime="60" x="3" y="4"/>
</spawn>
<spawn centerx="738" centery="34" centerz="15" radius="5">
<monster name="Amazonian" direction="2" spawntime="60" x="-3" y="-2"/>
<monster name="Amazonian" direction="2" spawntime="60" x="-1" y="-2"/>
<monster name="Amazonian" direction="2" spawntime="60" x="1" y="-2"/>
<monster name="Amazonian" direction="2" spawntime="60" x="3" y="-2"/>
<monster name="Amazonian" direction="2" spawntime="60" x="-3" y="0"/>
<monster name="Amazonian" direction="2" spawntime="60" x="-1" y="0"/>
<monster name="Amazonian" direction="2" spawntime="60" x="1" y="0"/>
<monster name="Amazonian" direction="2" spawntime="60" x="3" y="0"/>
<monster name="Amazonian" direction="2" spawntime="60" x="-3" y="2"/>
<monster name="Amazonian" direction="2" spawntime="60" x="-1" y="2"/>
<monster name="Amazonian" direction="2" spawntime="60" x="1" y="2"/>
<monster name="Amazonian" direction="2" spawntime="60" x="3" y="2"/>
<monster name="Amazonian" direction="2" spawntime="60" x="-3" y="4"/>
<monster name="Amazonian" direction="2" spawntime="60" x="-1" y="4"/>
<monster name="Amazonian" direction="2" spawntime="60" x="1" y="4"/>
<monster name="Amazonian" direction="2" spawntime="60" x="3" y="4"/>
</spawn>
<spawn centerx="32" centery="35" centerz="15" radius="3">
<monster name="Grorlam" direction="2" spawntime="60" x="1" y="-1"/>
<monster name="Grorlam" direction="2" spawntime="60" x="1" y="1"/>
</spawn>
<spawn centerx="41" centery="35" centerz="15" radius="3">
<monster name="Ancient Necropharus" direction="2" spawntime="60" x="-1" y="-1"/>
<monster name="Ancient Necropharus" direction="2" spawntime="60" x="1" y="-1"/>
<monster name="Ancient Necropharus" direction="2" spawntime="60" x="-1" y="1"/>
<monster name="Ancient Necropharus" direction="2" spawntime="60" x="1" y="1"/>
</spawn>
<spawn centerx="746" centery="35" centerz="15" radius="5">
<monster name="Grorlam" direction="2" spawntime="60" x="0" y="-1"/>
<monster name="Grorlam" direction="2" spawntime="60" x="0" y="1"/>
<monster name="Amazonian" direction="2" spawntime="60" x="-5" y="5"/>
</spawn>
<spawn centerx="754" centery="35" centerz="15" radius="5">
<monster name="Vlad Tepes" direction="2" spawntime="60" x="5" y="-3"/>
<monster name="Ancient Necropharus" direction="2" spawntime="60" x="-1" y="-1"/>
<monster name="Ancient Necropharus" direction="2" spawntime="60" x="1" y="-1"/>
<monster name="Vlad Tepes" direction="2" spawntime="60" x="5" y="-1"/>
<monster name="Ancient Necropharus" direction="2" spawntime="60" x="-1" y="1"/>
<monster name="Ancient Necropharus" direction="2" spawntime="60" x="1" y="1"/>
<monster name="Vlad Tepes" direction="2" spawntime="60" x="5" y="1"/>
<monster name="Vlad Tepes" direction="2" spawntime="60" x="5" y="3"/>
<monster name="Vlad Tepes" direction="2" spawntime="60" x="5" y="5"/>
</spawn>
<spawn centerx="762" centery="35" centerz="15" radius="5">
<monster name="Vlad Tepes" direction="2" spawntime="60" x="-1" y="-3"/>
<monster name="Vlad Tepes" direction="2" spawntime="60" x="1" y="-3"/>
<monster name="Vlad Tepes" direction="2" spawntime="60" x="3" y="-3"/>
<monster name="Vlad Tepes" direction="2" spawntime="60" x="-1" y="-1"/>
<monster name="Vlad Tepes" direction="2" spawntime="60" x="1" y="-1"/>
<monster name="Vlad Tepes" direction="2" spawntime="60" x="3" y="-1"/>
<monster name="Vlad Tepes" direction="2" spawntime="60" x="-1" y="1"/>
<monster name="Vlad Tepes" direction="2" spawntime="60" x="1" y="1"/>
<monster name="Vlad Tepes" direction="2" spawntime="60" x="3" y="1"/>
<monster name="Vlad Tepes" direction="2" spawntime="60" x="-1" y="3"/>
<monster name="Vlad Tepes" direction="2" spawntime="60" x="1" y="3"/>
<monster name="Vlad Tepes" direction="2" spawntime="60" x="3" y="3"/>
<monster name="Vlad Tepes" direction="2" spawntime="60" x="-1" y="5"/>
<monster name="Vlad Tepes" direction="2" spawntime="60" x="1" y="5"/>
<monster name="Vlad Tepes" direction="2" spawntime="60" x="3" y="5"/>
</spawn>
<spawn centerx="373" centery="36" centerz="15" radius="5">
<monster name="Amazonian" direction="2" spawntime="60" x="-3" y="-3"/>
<monster name="Amazonian" direction="2" spawntime="60" x="-1" y="-3"/>
<monster name="Amazonian" direction="2" spawntime="60" x="1" y="-3"/>
<monster name="Amazonian" direction="2" spawntime="60" x="3" y="-3"/>
<monster name="Amazonian" direction="2" spawntime="60" x="-3" y="-1"/>
<monster name="Amazonian" direction="2" spawntime="60" x="-1" y="-1"/>
<monster name="Amazonian" direction="2" spawntime="60" x="1" y="-1"/>
<monster name="Amazonian" direction="2" spawntime="60" x="3" y="-1"/>
<monster name="Amazonian" direction="2" spawntime="60" x="-3" y="1"/>
<monster name="Amazonian" direction="2" spawntime="60" x="-1" y="1"/>
<monster name="Amazonian" direction="2" spawntime="60" x="1" y="1"/>
<monster name="Amazonian" direction="2" spawntime="60" x="3" y="1"/>
<monster name="Amazonian" direction="2" spawntime="60" x="-3" y="3"/>
<monster name="Amazonian" direction="2" spawntime="60" x="-1" y="3"/>
<monster name="Amazonian" direction="2" spawntime="60" x="1" y="3"/>
<monster name="Amazonian" direction="2" spawntime="60" x="3" y="3"/>
<monster name="Amazonian" direction="2" spawntime="60" x="-3" y="5"/>
<monster name="Amazonian" direction="2" spawntime="60" x="-1" y="5"/>
<monster name="Amazonian" direction="2" spawntime="60" x="1" y="5"/>
<monster name="Amazonian" direction="2" spawntime="60" x="3" y="5"/>
</spawn>
<spawn centerx="381" centery="36" centerz="15" radius="3">
<monster name="Grorlam" direction="2" spawntime="60" x="0" y="-1"/>
<monster name="Grorlam" direction="2" spawntime="60" x="0" y="1"/>
</spawn>
<spawn centerx="389" centery="36" centerz="15" radius="3">
<monster name="Ancient Necropharus" direction="2" spawntime="60" x="-1" y="-1"/>
<monster name="Ancient Necropharus" direction="2" spawntime="60" x="1" y="-1"/>
<monster name="Ancient Necropharus" direction="2" spawntime="60" x="-1" y="1"/>
<monster name="Ancient Necropharus" direction="2" spawntime="60" x="1" y="1"/>
</spawn>
<spawn centerx="397" centery="36" centerz="15" radius="5">
<monster name="Vlad Tepes" direction="2" spawntime="60" x="-3" y="-3"/>
<monster name="Vlad Tepes" direction="2" spawntime="60" x="-1" y="-3"/>
<monster name="Vlad Tepes" direction="2" spawntime="60" x="1" y="-3"/>
<monster name="Vlad Tepes" direction="2" spawntime="60" x="3" y="-3"/>
<monster name="Vlad Tepes" direction="2" spawntime="60" x="-3" y="-1"/>
<monster name="Vlad Tepes" direction="2" spawntime="60" x="-1" y="-1"/>
<monster name="Vlad Tepes" direction="2" spawntime="60" x="1" y="-1"/>
<monster name="Vlad Tepes" direction="2" spawntime="60" x="3" y="-1"/>
<monster name="Vlad Tepes" direction="2" spawntime="60" x="-3" y="1"/>
<monster name="Vlad Tepes" direction="2" spawntime="60" x="-1" y="1"/>
<monster name="Vlad Tepes" direction="2" spawntime="60" x="1" y="1"/>
<monster name="Vlad Tepes" direction="2" spawntime="60" x="3" y="1"/>
<monster name="Vlad Tepes" direction="2" spawntime="60" x="-3" y="3"/>
<monster name="Vlad Tepes" direction="2" spawntime="60" x="-1" y="3"/>
<monster name="Vlad Tepes" direction="2" spawntime="60" x="1" y="3"/>
<monster name="Vlad Tepes" direction="2" spawntime="60" x="3" y="3"/>
<monster name="Vlad Tepes" direction="2" spawntime="60" x="-3" y="5"/>
<monster name="Vlad Tepes" direction="2" spawntime="60" x="-1" y="5"/>
<monster name="Vlad Tepes" direction="2" spawntime="60" x="1" y="5"/>
<monster name="Vlad Tepes" direction="2" spawntime="60" x="3" y="5"/>
</spawn>
<spawn centerx="438" centery="37" centerz="15" radius="5">
<monster name="Amazonian" direction="2" spawntime="60" x="-3" y="-3"/>
<monster name="Amazonian" direction="2" spawntime="60" x="-1" y="-3"/>
<monster name="Amazonian" direction="2" spawntime="60" x="1" y="-3"/>
<monster name="Amazonian" direction="2" spawntime="60" x="3" y="-3"/>
<monster name="Amazonian" direction="2" spawntime="60" x="-3" y="-1"/>
<monster name="Amazonian" direction="2" spawntime="60" x="-1" y="-1"/>
<monster name="Amazonian" direction="2" spawntime="60" x="1" y="-1"/>
<monster name="Amazonian" direction="2" spawntime="60" x="3" y="-1"/>
<monster name="Amazonian" direction="2" spawntime="60" x="-3" y="1"/>
<monster name="Amazonian" direction="2" spawntime="60" x="-1" y="1"/>
<monster name="Amazonian" direction="2" spawntime="60" x="1" y="1"/>
<monster name="Amazonian" direction="2" spawntime="60" x="3" y="1"/>
<monster name="Amazonian" direction="2" spawntime="60" x="-3" y="3"/>
<monster name="Amazonian" direction="2" spawntime="60" x="-1" y="3"/>
<monster name="Amazonian" direction="2" spawntime="60" x="1" y="3"/>
<monster name="Amazonian" direction="2" spawntime="60" x="3" y="3"/>
<monster name="Amazonian" direction="2" spawntime="60" x="-3" y="5"/>
<monster name="Amazonian" direction="2" spawntime="60" x="-1" y="5"/>
<monster name="Amazonian" direction="2" spawntime="60" x="1" y="5"/>
<monster name="Amazonian" direction="2" spawntime="60" x="3" y="5"/>
</spawn>
<spawn centerx="446" centery="37" centerz="15" radius="3">
<monster name="Grorlam" direction="2" spawntime="60" x="0" y="-1"/>
<monster name="Grorlam" direction="2" spawntime="60" x="0" y="1"/>
</spawn>
<spawn centerx="454" centery="37" centerz="15" radius="3">
<monster name="Ancient Necropharus" direction="2" spawntime="60" x="-1" y="-1"/>
<monster name="Ancient Necropharus" direction="2" spawntime="60" x="1" y="-1"/>
<monster name="Ancient Necropharus" direction="2" spawntime="60" x="-1" y="1"/>
<monster name="Ancient Necropharus" direction="2" spawntime="60" x="1" y="1"/>
</spawn>
<spawn centerx="462" centery="37" centerz="15" radius="5">
<monster name="Vlad Tepes" direction="2" spawntime="60" x="-3" y="-3"/>
<monster name="Vlad Tepes" direction="2" spawntime="60" x="-1" y="-3"/>
<monster name="Vlad Tepes" direction="2" spawntime="60" x="1" y="-3"/>
<monster name="Vlad Tepes" direction="2" spawntime="60" x="3" y="-3"/>
<monster name="Vlad Tepes" direction="2" spawntime="60" x="-3" y="-1"/>
<monster name="Vlad Tepes" direction="2" spawntime="60" x="-1" y="-1"/>
<monster name="Vlad Tepes" direction="2" spawntime="60" x="1" y="-1"/>
<monster name="Vlad Tepes" direction="2" spawntime="60" x="3" y="-1"/>
<monster name="Vlad Tepes" direction="2" spawntime="60" x="-3" y="1"/>
<monster name="Vlad Tepes" direction="2" spawntime="60" x="-1" y="1"/>
<monster name="Vlad Tepes" direction="2" spawntime="60" x="1" y="1"/>
<monster name="Vlad Tepes" direction="2" spawntime="60" x="3" y="1"/>
<monster name="Vlad Tepes" direction="2" spawntime="60" x="-3" y="3"/>
<monster name="Vlad Tepes" direction="2" spawntime="60" x="-1" y="3"/>
<monster name="Vlad Tepes" direction="2" spawntime="60" x="1" y="3"/>
<monster name="Vlad Tepes" direction="2" spawntime="60" x="3" y="3"/>
<monster name="Vlad Tepes" direction="2" spawntime="60" x="-3" y="5"/>
<monster name="Vlad Tepes" direction="2" spawntime="60" x="-1" y="5"/>
<monster name="Vlad Tepes" direction="2" spawntime="60" x="1" y="5"/>
<monster name="Vlad Tepes" direction="2" spawntime="60" x="3" y="5"/>
</spawn>
<spawn centerx="866" centery="38" centerz="15" radius="5">
<monster name="Amazonian" direction="2" spawntime="60" x="-3" y="-2"/>
<monster name="Amazonian" direction="2" spawntime="60" x="-1" y="-2"/>
<monster name="Amazonian" direction="2" spawntime="60" x="1" y="-2"/>
<monster name="Amazonian" direction="2" spawntime="60" x="3" y="-2"/>
<monster name="Amazonian" direction="2" spawntime="60" x="-3" y="0"/>
<monster name="Amazonian" direction="2" spawntime="60" x="-1" y="0"/>
<monster name="Amazonian" direction="2" spawntime="60" x="1" y="0"/>
<monster name="Amazonian" direction="2" spawntime="60" x="3" y="0"/>
<monster name="Amazonian" direction="2" spawntime="60" x="-3" y="2"/>
<monster name="Amazonian" direction="2" spawntime="60" x="-1" y="2"/>
<monster name="Amazonian" direction="2" spawntime="60" x="1" y="2"/>
<monster name="Amazonian" direction="2" spawntime="60" x="3" y="2"/>
<monster name="Amazonian" direction="2" spawntime="60" x="-3" y="4"/>
<monster name="Amazonian" direction="2" spawntime="60" x="-1" y="4"/>
<monster name="Amazonian" direction="2" spawntime="60" x="1" y="4"/>
<monster name="Amazonian" direction="2" spawntime="60" x="3" y="4"/>
</spawn>
<spawn centerx="890" centery="38" centerz="15" radius="5">
<monster name="Vlad Tepes" direction="2" spawntime="60" x="-3" y="-2"/>
<monster name="Vlad Tepes" direction="2" spawntime="60" x="-1" y="-2"/>
<monster name="Vlad Tepes" direction="2" spawntime="60" x="1" y="-2"/>
<monster name="Vlad Tepes" direction="2" spawntime="60" x="3" y="-2"/>
<monster name="Vlad Tepes" direction="2" spawntime="60" x="-3" y="0"/>
<monster name="Vlad Tepes" direction="2" spawntime="60" x="-1" y="0"/>
<monster name="Vlad Tepes" direction="2" spawntime="60" x="1" y="0"/>
<monster name="Vlad Tepes" direction="2" spawntime="60" x="3" y="0"/>
<monster name="Vlad Tepes" direction="2" spawntime="60" x="-3" y="2"/>
<monster name="Vlad Tepes" direction="2" spawntime="60" x="-1" y="2"/>
<monster name="Vlad Tepes" direction="2" spawntime="60" x="1" y="2"/>
<monster name="Vlad Tepes" direction="2" spawntime="60" x="3" y="2"/>
<monster name="Vlad Tepes" direction="2" spawntime="60" x="-3" y="4"/>
<monster name="Vlad Tepes" direction="2" spawntime="60" x="-1" y="4"/>
<monster name="Vlad Tepes" direction="2" spawntime="60" x="1" y="4"/>
<monster name="Vlad Tepes" direction="2" spawntime="60" x="3" y="4"/>
</spawn>
<spawn centerx="937" centery="38" centerz="15" radius="5">
<monster name="Amazonian" direction="2" spawntime="60" x="-3" y="-3"/>
<monster name="Amazonian" direction="2" spawntime="60" x="-1" y="-3"/>
<monster name="Amazonian" direction="2" spawntime="60" x="1" y="-3"/>
<monster name="Amazonian" direction="2" spawntime="60" x="3" y="-3"/>
<monster name="Amazonian" direction="2" spawntime="60" x="-3" y="-1"/>
<monster name="Amazonian" direction="2" spawntime="60" x="-1" y="-1"/>
<monster name="Amazonian" direction="2" spawntime="60" x="1" y="-1"/>
<monster name="Amazonian" direction="2" spawntime="60" x="3" y="-1"/>
<monster name="Amazonian" direction="2" spawntime="60" x="-3" y="1"/>
<monster name="Amazonian" direction="2" spawntime="60" x="-1" y="1"/>
<monster name="Amazonian" direction="2" spawntime="60" x="1" y="1"/>
<monster name="Amazonian" direction="2" spawntime="60" x="3" y="1"/>
<monster name="Amazonian" direction="2" spawntime="60" x="-3" y="3"/>
<monster name="Amazonian" direction="2" spawntime="60" x="-1" y="3"/>
<monster name="Amazonian" direction="2" spawntime="60" x="1" y="3"/>
<monster name="Amazonian" direction="2" spawntime="60" x="3" y="3"/>
<monster name="Amazonian" direction="2" spawntime="60" x="-3" y="5"/>
<monster name="Amazonian" direction="2" spawntime="60" x="-1" y="5"/>
<monster name="Amazonian" direction="2" spawntime="60" x="1" y="5"/>
<monster name="Amazonian" direction="2" spawntime="60" x="3" y="5"/>
</spawn>
<spawn centerx="945" centery="38" centerz="15" radius="5">
<monster name="Grorlam" direction="2" spawntime="60" x="0" y="-1"/>
<monster name="Grorlam" direction="2" spawntime="60" x="0" y="1"/>
</spawn>
<spawn centerx="953" centery="38" centerz="15" radius="5">
<monster name="Vlad Tepes" direction="2" spawntime="60" x="5" y="-3"/>
<monster name="Ancient Necropharus" direction="2" spawntime="60" x="-1" y="-1"/>
<monster name="Ancient Necropharus" direction="2" spawntime="60" x="1" y="-1"/>
<monster name="Vlad Tepes" direction="2" spawntime="60" x="5" y="-1"/>
<monster name="Ancient Necropharus" direction="2" spawntime="60" x="-1" y="1"/>
<monster name="Ancient Necropharus" direction="2" spawntime="60" x="1" y="1"/>
<monster name="Vlad Tepes" direction="2" spawntime="60" x="5" y="1"/>
<monster name="Vlad Tepes" direction="2" spawntime="60" x="5" y="3"/>
<monster name="Vlad Tepes" direction="2" spawntime="60" x="5" y="5"/>
</spawn>
<spawn centerx="961" centery="38" centerz="15" radius="5">
<monster name="Vlad Tepes" direction="2" spawntime="60" x="-1" y="-3"/>
<monster name="Vlad Tepes" direction="2" spawntime="60" x="1" y="-3"/>
<monster name="Vlad Tepes" direction="2" spawntime="60" x="3" y="-3"/>
<monster name="Vlad Tepes" direction="2" spawntime="60" x="-1" y="-1"/>
<monster name="Vlad Tepes" direction="2" spawntime="60" x="1" y="-1"/>
<monster name="Vlad Tepes" direction="2" spawntime="60" x="3" y="-1"/>
<monster name="Vlad Tepes" direction="2" spawntime="60" x="-1" y="1"/>
<monster name="Vlad Tepes" direction="2" spawntime="60" x="1" y="1"/>
<monster name="Vlad Tepes" direction="2" spawntime="60" x="3" y="1"/>
<monster name="Vlad Tepes" direction="2" spawntime="60" x="-1" y="3"/>
<monster name="Vlad Tepes" direction="2" spawntime="60" x="1" y="3"/>
<monster name="Vlad Tepes" direction="2" spawntime="60" x="3" y="3"/>
<monster name="Vlad Tepes" direction="2" spawntime="60" x="-1" y="5"/>
<monster name="Vlad Tepes" direction="2" spawntime="60" x="1" y="5"/>
<monster name="Vlad Tepes" direction="2" spawntime="60" x="3" y="5"/>
</spawn>
<spawn centerx="597" centery="39" centerz="15" radius="5">
<monster name="Amazonian" direction="2" spawntime="60" x="-3" y="-3"/>
<monster name="Amazonian" direction="2" spawntime="60" x="-1" y="-3"/>
<monster name="Amazonian" direction="2" spawntime="60" x="1" y="-3"/>
<monster name="Amazonian" direction="2" spawntime="60" x="3" y="-3"/>
<monster name="Amazonian" direction="2" spawntime="60" x="-3" y="-1"/>
<monster name="Amazonian" direction="2" spawntime="60" x="-1" y="-1"/>
<monster name="Amazonian" direction="2" spawntime="60" x="1" y="-1"/>
<monster name="Amazonian" direction="2" spawntime="60" x="3" y="-1"/>
<monster name="Amazonian" direction="2" spawntime="60" x="-3" y="1"/>
<monster name="Amazonian" direction="2" spawntime="60" x="-1" y="1"/>
<monster name="Amazonian" direction="2" spawntime="60" x="1" y="1"/>
<monster name="Amazonian" direction="2" spawntime="60" x="3" y="1"/>
<monster name="Amazonian" direction="2" spawntime="60" x="-3" y="3"/>
<monster name="Amazonian" direction="2" spawntime="60" x="-1" y="3"/>
<monster name="Amazonian" direction="2" spawntime="60" x="1" y="3"/>
<monster name="Amazonian" direction="2" spawntime="60" x="3" y="3"/>
<monster name="Amazonian" direction="2" spawntime="60" x="-3" y="5"/>
<monster name="Amazonian" direction="2" spawntime="60" x="-1" y="5"/>
<monster name="Amazonian" direction="2" spawntime="60" x="1" y="5"/>
<monster name="Amazonian" direction="2" spawntime="60" x="3" y="5"/>
</spawn>
<spawn centerx="605" centery="39" centerz="15" radius="5">
<monster name="Grorlam" direction="2" spawntime="60" x="0" y="-1"/>
<monster name="Grorlam" direction="2" spawntime="60" x="0" y="1"/>
</spawn>
<spawn centerx="612" centery="39" centerz="15" radius="5">
<monster name="Ancient Necropharus" direction="2" spawntime="60" x="0" y="-1"/>
<monster name="Ancient Necropharus" direction="2" spawntime="60" x="2" y="-1"/>
<monster name="Ancient Necropharus" direction="2" spawntime="60" x="0" y="1"/>
<monster name="Ancient Necropharus" direction="2" spawntime="60" x="2" y="1"/>
</spawn>
<spawn centerx="621" centery="39" centerz="15" radius="5">
<monster name="Vlad Tepes" direction="2" spawntime="60" x="-3" y="-3"/>
<monster name="Vlad Tepes" direction="2" spawntime="60" x="-1" y="-3"/>
<monster name="Vlad Tepes" direction="2" spawntime="60" x="1" y="-3"/>
<monster name="Vlad Tepes" direction="2" spawntime="60" x="3" y="-3"/>
<monster name="Vlad Tepes" direction="2" spawntime="60" x="-3" y="-1"/>
<monster name="Vlad Tepes" direction="2" spawntime="60" x="-1" y="-1"/>
<monster name="Vlad Tepes" direction="2" spawntime="60" x="1" y="-1"/>
<monster name="Vlad Tepes" direction="2" spawntime="60" x="3" y="-1"/>
<monster name="Vlad Tepes" direction="2" spawntime="60" x="-3" y="1"/>
<monster name="Vlad Tepes" direction="2" spawntime="60" x="-1" y="1"/>
<monster name="Vlad Tepes" direction="2" spawntime="60" x="1" y="1"/>
<monster name="Vlad Tepes" direction="2" spawntime="60" x="3" y="1"/>
<monster name="Vlad Tepes" direction="2" spawntime="60" x="-3" y="3"/>
<monster name="Vlad Tepes" direction="2" spawntime="60" x="-1" y="3"/>
<monster name="Vlad Tepes" direction="2" spawntime="60" x="1" y="3"/>
<monster name="Vlad Tepes" direction="2" spawntime="60" x="3" y="3"/>
<monster name="Vlad Tepes" direction="2" spawntime="60" x="-3" y="5"/>
<monster name="Vlad Tepes" direction="2" spawntime="60" x="-1" y="5"/>
<monster name="Vlad Tepes" direction="2" spawntime="60" x="1" y="5"/>
<monster name="Vlad Tepes" direction="2" spawntime="60" x="3" y="5"/>
</spawn>
<spawn centerx="874" centery="39" centerz="15" radius="5">
<monster name="Grorlam" direction="2" spawntime="60" x="0" y="-1"/>
<monster name="Grorlam" direction="2" spawntime="60" x="0" y="1"/>
<monster name="Amazonian" direction="2" spawntime="60" x="-5" y="5"/>
</spawn>
<spawn centerx="882" centery="39" centerz="15" radius="5">
<monster name="Ancient Necropharus" direction="2" spawntime="60" x="-1" y="-1"/>
<monster name="Ancient Necropharus" direction="2" spawntime="60" x="1" y="-1"/>
<monster name="Ancient Necropharus" direction="2" spawntime="60" x="-1" y="1"/>
<monster name="Ancient Necropharus" direction="2" spawntime="60" x="1" y="1"/>
<monster name="Vlad Tepes" direction="2" spawntime="60" x="5" y="5"/>
</spawn>
<spawn centerx="803" centery="40" centerz="15" radius="5">
<monster name="Amazonian" direction="2" spawntime="60" x="-3" y="-2"/>
<monster name="Amazonian" direction="2" spawntime="60" x="-1" y="-2"/>
<monster name="Amazonian" direction="2" spawntime="60" x="1" y="-2"/>
<monster name="Amazonian" direction="2" spawntime="60" x="3" y="-2"/>
<monster name="Amazonian" direction="2" spawntime="60" x="-3" y="0"/>
<monster name="Amazonian" direction="2" spawntime="60" x="-1" y="0"/>
<monster name="Amazonian" direction="2" spawntime="60" x="1" y="0"/>
<monster name="Amazonian" direction="2" spawntime="60" x="3" y="0"/>
<monster name="Amazonian" direction="2" spawntime="60" x="-3" y="2"/>
<monster name="Amazonian" direction="2" spawntime="60" x="-1" y="2"/>
<monster name="Amazonian" direction="2" spawntime="60" x="1" y="2"/>
<monster name="Amazonian" direction="2" spawntime="60" x="3" y="2"/>
<monster name="Amazonian" direction="2" spawntime="60" x="-3" y="4"/>
<monster name="Amazonian" direction="2" spawntime="60" x="-1" y="4"/>
<monster name="Amazonian" direction="2" spawntime="60" x="1" y="4"/>
<monster name="Amazonian" direction="2" spawntime="60" x="3" y="4"/>
</spawn>
<spawn centerx="827" centery="40" centerz="15" radius="5">
<monster name="Vlad Tepes" direction="2" spawntime="60" x="-3" y="-2"/>
<monster name="Vlad Tepes" direction="2" spawntime="60" x="-1" y="-2"/>
<monster name="Vlad Tepes" direction="2" spawntime="60" x="1" y="-2"/>
<monster name="Vlad Tepes" direction="2" spawntime="60" x="3" y="-2"/>
<monster name="Vlad Tepes" direction="2" spawntime="60" x="-3" y="0"/>
<monster name="Vlad Tepes" direction="2" spawntime="60" x="-1" y="0"/>
<monster name="Vlad Tepes" direction="2" spawntime="60" x="1" y="0"/>
<monster name="Vlad Tepes" direction="2" spawntime="60" x="3" y="0"/>
<monster name="Vlad Tepes" direction="2" spawntime="60" x="-3" y="2"/>
<monster name="Vlad Tepes" direction="2" spawntime="60" x="-1" y="2"/>
<monster name="Vlad Tepes" direction="2" spawntime="60" x="1" y="2"/>
<monster name="Vlad Tepes" direction="2" spawntime="60" x="3" y="2"/>
<monster name="Vlad Tepes" direction="2" spawntime="60" x="-3" y="4"/>
<monster name="Vlad Tepes" direction="2" spawntime="60" x="-1" y="4"/>
<monster name="Vlad Tepes" direction="2" spawntime="60" x="1" y="4"/>
<monster name="Vlad Tepes" direction="2" spawntime="60" x="3" y="4"/>
</spawn>
<spawn centerx="237" centery="41" centerz="15" radius="3">
<monster name="Grorlam" direction="2" spawntime="60" x="1" y="-1"/>
<monster name="Grorlam" direction="2" spawntime="60" x="1" y="1"/>
</spawn>
<spawn centerx="246" centery="41" centerz="15" radius="3">
<monster name="Ancient Necropharus" direction="2" spawntime="60" x="-1" y="-1"/>
<monster name="Ancient Necropharus" direction="2" spawntime="60" x="1" y="-1"/>
<monster name="Ancient Necropharus" direction="2" spawntime="60" x="-1" y="1"/>
<monster name="Ancient Necropharus" direction="2" spawntime="60" x="1" y="1"/>
</spawn>
<spawn centerx="811" centery="41" centerz="15" radius="5">
<monster name="Grorlam" direction="2" spawntime="60" x="0" y="-1"/>
<monster name="Grorlam" direction="2" spawntime="60" x="0" y="1"/>
<monster name="Amazonian" direction="2" spawntime="60" x="-5" y="5"/>
</spawn>
<spawn centerx="819" centery="41" centerz="15" radius="5">
<monster name="Ancient Necropharus" direction="2" spawntime="60" x="-1" y="-1"/>
<monster name="Ancient Necropharus" direction="2" spawntime="60" x="1" y="-1"/>
<monster name="Ancient Necropharus" direction="2" spawntime="60" x="-1" y="1"/>
<monster name="Ancient Necropharus" direction="2" spawntime="60" x="1" y="1"/>
<monster name="Vlad Tepes" direction="2" spawntime="60" x="5" y="5"/>
</spawn>
<spawn centerx="230" centery="42" centerz="15" radius="5">
<monster name="Amazonian" direction="2" spawntime="60" x="-3" y="-4"/>
<monster name="Amazonian" direction="2" spawntime="60" x="-1" y="-4"/>
<monster name="Amazonian" direction="2" spawntime="60" x="1" y="-4"/>
<monster name="Amazonian" direction="2" spawntime="60" x="3" y="-4"/>
<monster name="Amazonian" direction="2" spawntime="60" x="-3" y="-2"/>
<monster name="Amazonian" direction="2" spawntime="60" x="-1" y="-2"/>
<monster name="Amazonian" direction="2" spawntime="60" x="1" y="-2"/>
<monster name="Amazonian" direction="2" spawntime="60" x="3" y="-2"/>
<monster name="Amazonian" direction="2" spawntime="60" x="-3" y="0"/>
<monster name="Amazonian" direction="2" spawntime="60" x="-1" y="0"/>
<monster name="Amazonian" direction="2" spawntime="60" x="1" y="0"/>
<monster name="Amazonian" direction="2" spawntime="60" x="3" y="0"/>
<monster name="Amazonian" direction="2" spawntime="60" x="-3" y="2"/>
<monster name="Amazonian" direction="2" spawntime="60" x="-1" y="2"/>
<monster name="Amazonian" direction="2" spawntime="60" x="1" y="2"/>
<monster name="Amazonian" direction="2" spawntime="60" x="3" y="2"/>
<monster name="Amazonian" direction="2" spawntime="60" x="-3" y="4"/>
<monster name="Amazonian" direction="2" spawntime="60" x="-1" y="4"/>
<monster name="Amazonian" direction="2" spawntime="60" x="1" y="4"/>
<monster name="Amazonian" direction="2" spawntime="60" x="3" y="4"/>
</spawn>
<spawn centerx="254" centery="42" centerz="15" radius="5">
<monster name="Vlad Tepes" direction="2" spawntime="60" x="-3" y="-4"/>
<monster name="Vlad Tepes" direction="2" spawntime="60" x="-1" y="-4"/>
<monster name="Vlad Tepes" direction="2" spawntime="60" x="1" y="-4"/>
<monster name="Vlad Tepes" direction="2" spawntime="60" x="3" y="-4"/>
<monster name="Vlad Tepes" direction="2" spawntime="60" x="-3" y="-2"/>
<monster name="Vlad Tepes" direction="2" spawntime="60" x="-1" y="-2"/>
<monster name="Vlad Tepes" direction="2" spawntime="60" x="1" y="-2"/>
<monster name="Vlad Tepes" direction="2" spawntime="60" x="3" y="-2"/>
<monster name="Vlad Tepes" direction="2" spawntime="60" x="-3" y="0"/>
<monster name="Vlad Tepes" direction="2" spawntime="60" x="-1" y="0"/>
<monster name="Vlad Tepes" direction="2" spawntime="60" x="1" y="0"/>
<monster name="Vlad Tepes" direction="2" spawntime="60" x="3" y="0"/>
<monster name="Vlad Tepes" direction="2" spawntime="60" x="-3" y="2"/>
<monster name="Vlad Tepes" direction="2" spawntime="60" x="-1" y="2"/>
<monster name="Vlad Tepes" direction="2" spawntime="60" x="1" y="2"/>
<monster name="Vlad Tepes" direction="2" spawntime="60" x="3" y="2"/>
<monster name="Vlad Tepes" direction="2" spawntime="60" x="-3" y="4"/>
<monster name="Vlad Tepes" direction="2" spawntime="60" x="-1" y="4"/>
<monster name="Vlad Tepes" direction="2" spawntime="60" x="1" y="4"/>
<monster name="Vlad Tepes" direction="2" spawntime="60" x="3" y="4"/>
</spawn>
<spawn centerx="4958" centery="42" centerz="15" radius="10">
<monster name="Ghostly visage" direction="2" spawntime="60" x="-6" y="-2"/>
<monster name="Ghostly visage" direction="2" spawntime="60" x="-4" y="-2"/>
<monster name="Ghostly visage" direction="2" spawntime="60" x="0" y="-2"/>
<monster name="Ghostly visage" direction="2" spawntime="60" x="4" y="-2"/>
<monster name="Ghostly visage" direction="2" spawntime="60" x="8" y="-2"/>
<monster name="Ghostly visage" direction="2" spawntime="60" x="-6" y="0"/>
<monster name="Ghostly visage" direction="2" spawntime="60" x="4" y="0"/>
<monster name="Ghostly visage" direction="2" spawntime="60" x="7" y="0"/>
<monster name="Ghostly visage" direction="2" spawntime="60" x="-4" y="1"/>
<monster name="Ghostly visage" direction="2" spawntime="60" x="0" y="1"/>
<monster name="Ghostly visage" direction="2" spawntime="60" x="-6" y="3"/>
<monster name="Ghostly visage" direction="2" spawntime="60" x="-2" y="3"/>
<monster name="Ghostly visage" direction="2" spawntime="60" x="2" y="3"/>
<monster name="Ghostly visage" direction="2" spawntime="60" x="8" y="3"/>
<monster name="Ghostly visage" direction="2" spawntime="60" x="-3" y="5"/>
<monster name="Ghostly visage" direction="2" spawntime="60" x="-6" y="6"/>
<monster name="Ghostly visage" direction="2" spawntime="60" x="2" y="6"/>
<monster name="Ghostly visage" direction="2" spawntime="60" x="7" y="6"/>
<monster name="Ghostly visage" direction="2" spawntime="60" x="-5" y="9"/>
<monster name="Ghostly visage" direction="2" spawntime="60" x="-2" y="9"/>
<monster name="Ghostly visage" direction="2" spawntime="60" x="3" y="9"/>
<monster name="Ghostly visage" direction="2" spawntime="60" x="9" y="9"/>
</spawn>
<spawn centerx="4973" centery="42" centerz="15" radius="10">
<monster name="Ghostly visage" direction="2" spawntime="60" x="5" y="-3"/>
<monster name="Ghostly visage" direction="2" spawntime="60" x="-3" y="-2"/>
<monster name="Ghostly visage" direction="2" spawntime="60" x="3" y="-2"/>
<monster name="Ghostly visage" direction="2" spawntime="60" x="6" y="0"/>
<monster name="Ghostly visage" direction="2" spawntime="60" x="-3" y="1"/>
<monster name="Ghostly visage" direction="2" spawntime="60" x="2" y="1"/>
<monster name="Ghostly visage" direction="2" spawntime="60" x="-1" y="3"/>
<monster name="Ghostly visage" direction="2" spawntime="60" x="3" y="3"/>
<monster name="Ghostly visage" direction="2" spawntime="60" x="-3" y="5"/>
<monster name="Ghostly visage" direction="2" spawntime="60" x="4" y="5"/>
<monster name="Ghostly visage" direction="2" spawntime="60" x="3" y="6"/>
<monster name="Ghostly visage" direction="2" spawntime="60" x="-1" y="9"/>
<monster name="Ghostly visage" direction="2" spawntime="60" x="4" y="9"/>
</spawn>
<spawn centerx="25" centery="43" centerz="15" radius="5">
<monster name="Amazonian" direction="2" spawntime="60" x="-3" y="-3"/>
<monster name="Amazonian" direction="2" spawntime="60" x="-1" y="-3"/>
<monster name="Amazonian" direction="2" spawntime="60" x="1" y="-3"/>
<monster name="Amazonian" direction="2" spawntime="60" x="3" y="-3"/>
<monster name="Amazonian" direction="2" spawntime="60" x="-3" y="-1"/>
<monster name="Amazonian" direction="2" spawntime="60" x="-1" y="-1"/>
<monster name="Amazonian" direction="2" spawntime="60" x="1" y="-1"/>
<monster name="Amazonian" direction="2" spawntime="60" x="3" y="-1"/>
<monster name="valkyrie commander" direction="2" spawntime="60" x="-3" y="1"/>
<monster name="valkyrie commander" direction="2" spawntime="60" x="-1" y="1"/>
<monster name="valkyrie commander" direction="2" spawntime="60" x="1" y="1"/>
<monster name="valkyrie commander" direction="2" spawntime="60" x="3" y="1"/>
<monster name="valkyrie commander" direction="2" spawntime="60" x="-3" y="3"/>
<monster name="valkyrie commander" direction="2" spawntime="60" x="-1" y="3"/>
<monster name="valkyrie commander" direction="2" spawntime="60" x="1" y="3"/>
<monster name="valkyrie commander" direction="2" spawntime="60" x="3" y="3"/>
<monster name="valkyrie commander" direction="2" spawntime="60" x="-3" y="5"/>
<monster name="valkyrie commander" direction="2" spawntime="60" x="-1" y="5"/>
<monster name="valkyrie commander" direction="2" spawntime="60" x="1" y="5"/>
<monster name="valkyrie commander" direction="2" spawntime="60" x="3" y="5"/>
</spawn>
<spawn centerx="49" centery="43" centerz="15" radius="5">
<monster name="Vlad Tepes" direction="2" spawntime="60" x="-3" y="-3"/>
<monster name="Vlad Tepes" direction="2" spawntime="60" x="-1" y="-3"/>
<monster name="Vlad Tepes" direction="2" spawntime="60" x="1" y="-3"/>
<monster name="Vlad Tepes" direction="2" spawntime="60" x="3" y="-3"/>
<monster name="Vlad Tepes" direction="2" spawntime="60" x="-3" y="-1"/>
<monster name="Vlad Tepes" direction="2" spawntime="60" x="-1" y="-1"/>
<monster name="Vlad Tepes" direction="2" spawntime="60" x="1" y="-1"/>
<monster name="Vlad Tepes" direction="2" spawntime="60" x="3" y="-1"/>
<monster name="Vlad Tepes" direction="2" spawntime="60" x="-3" y="2"/>
<monster name="Vlad Tepes" direction="2" spawntime="60" x="-1" y="2"/>
<monster name="Vlad Tepes" direction="2" spawntime="60" x="1" y="2"/>
<monster name="Vlad Tepes" direction="2" spawntime="60" x="3" y="2"/>
<monster name="Vlad Tepes" direction="2" spawntime="60" x="-3" y="4"/>
<monster name="Vlad Tepes" direction="2" spawntime="60" x="-1" y="4"/>
<monster name="Vlad Tepes" direction="2" spawntime="60" x="1" y="4"/>
<monster name="Vlad Tepes" direction="2" spawntime="60" x="3" y="4"/>
</spawn>
<spawn centerx="738" centery="43" centerz="15" radius="5">
<monster name="Amazonian" direction="2" spawntime="60" x="-3" y="-3"/>
<monster name="Amazonian" direction="2" spawntime="60" x="-1" y="-3"/>
<monster name="Amazonian" direction="2" spawntime="60" x="1" y="-3"/>
<monster name="Amazonian" direction="2" spawntime="60" x="-3" y="-1"/>
<monster name="Amazonian" direction="2" spawntime="60" x="-1" y="-1"/>
<monster name="Amazonian" direction="2" spawntime="60" x="1" y="-1"/>
<monster name="Amazonian" direction="2" spawntime="60" x="3" y="-1"/>
<monster name="valkyrie commander" direction="2" spawntime="60" x="-3" y="1"/>
<monster name="valkyrie commander" direction="2" spawntime="60" x="-1" y="1"/>
<monster name="valkyrie commander" direction="2" spawntime="60" x="1" y="1"/>
<monster name="valkyrie commander" direction="2" spawntime="60" x="3" y="1"/>
<monster name="valkyrie commander" direction="2" spawntime="60" x="-3" y="3"/>
<monster name="valkyrie commander" direction="2" spawntime="60" x="-1" y="3"/>
<monster name="valkyrie commander" direction="2" spawntime="60" x="1" y="3"/>
<monster name="valkyrie commander" direction="2" spawntime="60" x="3" y="3"/>
<monster name="valkyrie commander" direction="2" spawntime="60" x="-3" y="5"/>
<monster name="valkyrie commander" direction="2" spawntime="60" x="-1" y="5"/>
<monster name="valkyrie commander" direction="2" spawntime="60" x="1" y="5"/>
<monster name="valkyrie commander" direction="2" spawntime="60" x="3" y="5"/>
</spawn>
<spawn centerx="762" centery="44" centerz="15" radius="5">
<monster name="Vlad Tepes" direction="2" spawntime="60" x="-3" y="-2"/>
<monster name="Vlad Tepes" direction="2" spawntime="60" x="1" y="-2"/>
<monster name="Vlad Tepes" direction="2" spawntime="60" x="3" y="-2"/>
<monster name="Vlad Tepes" direction="2" spawntime="60" x="-3" y="1"/>
<monster name="Vlad Tepes" direction="2" spawntime="60" x="-1" y="1"/>
<monster name="Vlad Tepes" direction="2" spawntime="60" x="1" y="1"/>
<monster name="Vlad Tepes" direction="2" spawntime="60" x="3" y="1"/>
<monster name="Vlad Tepes" direction="2" spawntime="60" x="-3" y="3"/>
<monster name="Vlad Tepes" direction="2" spawntime="60" x="-1" y="3"/>
<monster name="Vlad Tepes" direction="2" spawntime="60" x="1" y="3"/>
<monster name="Vlad Tepes" direction="2" spawntime="60" x="3" y="3"/>
<monster name="Vlad Tepes" direction="2" spawntime="60" x="-3" y="5"/>
<monster name="Vlad Tepes" direction="2" spawntime="60" x="-1" y="5"/>
<monster name="Vlad Tepes" direction="2" spawntime="60" x="1" y="5"/>
<monster name="Vlad Tepes" direction="2" spawntime="60" x="3" y="5"/>
<monster name="Vlad Tepes" direction="2" spawntime="60" x="-1" y="-2"/>
</spawn>
<spawn centerx="32" centery="45" centerz="15" radius="3">
<monster name="The Soul" direction="2" spawntime="60" x="1" y="-1"/>
<monster name="The Soul" direction="2" spawntime="60" x="1" y="1"/>
</spawn>
<spawn centerx="41" centery="45" centerz="15" radius="3">
<monster name="Petrified Hell Hound" direction="2" spawntime="60" x="0" y="-1"/>
<monster name="Petrified Hell Hound" direction="2" spawntime="60" x="0" y="1"/>
</spawn>
<spawn centerx="373" centery="45" centerz="15" radius="5">
<monster name="Amazonian" direction="2" spawntime="60" x="-3" y="-2"/>
<monster name="Amazonian" direction="2" spawntime="60" x="-1" y="-2"/>
<monster name="Amazonian" direction="2" spawntime="60" x="1" y="-2"/>
<monster name="Amazonian" direction="2" spawntime="60" x="3" y="-2"/>
<monster name="valkyrie commander" direction="2" spawntime="60" x="-3" y="1"/>
<monster name="valkyrie commander" direction="2" spawntime="60" x="-1" y="1"/>
<monster name="valkyrie commander" direction="2" spawntime="60" x="1" y="1"/>
<monster name="valkyrie commander" direction="2" spawntime="60" x="3" y="1"/>
<monster name="valkyrie commander" direction="2" spawntime="60" x="-3" y="3"/>
<monster name="valkyrie commander" direction="2" spawntime="60" x="-1" y="3"/>
<monster name="valkyrie commander" direction="2" spawntime="60" x="1" y="3"/>
<monster name="valkyrie commander" direction="2" spawntime="60" x="3" y="3"/>
<monster name="valkyrie commander" direction="2" spawntime="60" x="-3" y="5"/>
<monster name="valkyrie commander" direction="2" spawntime="60" x="-1" y="5"/>
<monster name="valkyrie commander" direction="2" spawntime="60" x="1" y="5"/>
<monster name="valkyrie commander" direction="2" spawntime="60" x="3" y="5"/>
</spawn>
<spawn centerx="397" centery="45" centerz="15" radius="5">
<monster name="Vlad Tepes" direction="2" spawntime="60" x="-3" y="-2"/>
<monster name="Vlad Tepes" direction="2" spawntime="60" x="-1" y="-2"/>
<monster name="Vlad Tepes" direction="2" spawntime="60" x="1" y="-2"/>
<monster name="Vlad Tepes" direction="2" spawntime="60" x="3" y="-2"/>
<monster name="Vlad Tepes" direction="2" spawntime="60" x="-3" y="1"/>
<monster name="Vlad Tepes" direction="2" spawntime="60" x="-1" y="1"/>
<monster name="Vlad Tepes" direction="2" spawntime="60" x="1" y="1"/>
<monster name="Vlad Tepes" direction="2" spawntime="60" x="3" y="1"/>
<monster name="Vlad Tepes" direction="2" spawntime="60" x="-3" y="3"/>
<monster name="Vlad Tepes" direction="2" spawntime="60" x="-1" y="3"/>
<monster name="Vlad Tepes" direction="2" spawntime="60" x="1" y="3"/>
<monster name="Vlad Tepes" direction="2" spawntime="60" x="3" y="3"/>
<monster name="Vlad Tepes" direction="2" spawntime="60" x="-3" y="5"/>
<monster name="Vlad Tepes" direction="2" spawntime="60" x="-1" y="5"/>
<monster name="Vlad Tepes" direction="2" spawntime="60" x="1" y="5"/>
<monster name="Vlad Tepes" direction="2" spawntime="60" x="3" y="5"/>
</spawn>
<spawn centerx="746" centery="45" centerz="15" radius="5">
<monster name="The Soul" direction="2" spawntime="60" x="0" y="-1"/>
<monster name="The Soul" direction="2" spawntime="60" x="0" y="1"/>
<monster name="valkyrie commander" direction="2" spawntime="60" x="-5" y="5"/>
</spawn>
<spawn centerx="754" centery="45" centerz="15" radius="5">
<monster name="Petrified Hell Hound" direction="2" spawntime="60" x="-1" y="-1"/>
<monster name="Petrified Hell Hound" direction="2" spawntime="60" x="-1" y="1"/>
<monster name="Petrified Hell Hound" direction="2" spawntime="60" x="1" y="1"/>
<monster name="Petrified Hell Hound" direction="2" spawntime="60" x="1" y="-1"/>
</spawn>
<spawn centerx="381" centery="46" centerz="15" radius="3">
<monster name="The Soul" direction="2" spawntime="60" x="0" y="-1"/>
<monster name="The Soul" direction="2" spawntime="60" x="0" y="1"/>
</spawn>
<spawn centerx="389" centery="46" centerz="15" radius="3">
<monster name="Petrified Hell Hound" direction="2" spawntime="60" x="-1" y="-1"/>
<monster name="Petrified Hell Hound" direction="2" spawntime="60" x="1" y="-1"/>
<monster name="Petrified Hell Hound" direction="2" spawntime="60" x="-1" y="1"/>
<monster name="Petrified Hell Hound" direction="2" spawntime="60" x="1" y="1"/>
</spawn>
<spawn centerx="438" centery="46" centerz="15" radius="5">
<monster name="Amazonian" direction="2" spawntime="60" x="-3" y="-2"/>
<monster name="Amazonian" direction="2" spawntime="60" x="-1" y="-2"/>
<monster name="Amazonian" direction="2" spawntime="60" x="1" y="-2"/>
<monster name="Amazonian" direction="2" spawntime="60" x="3" y="-2"/>
<monster name="valkyrie commander" direction="2" spawntime="60" x="-3" y="1"/>
<monster name="valkyrie commander" direction="2" spawntime="60" x="-1" y="1"/>
<monster name="valkyrie commander" direction="2" spawntime="60" x="1" y="1"/>
<monster name="valkyrie commander" direction="2" spawntime="60" x="3" y="1"/>
<monster name="valkyrie commander" direction="2" spawntime="60" x="-3" y="3"/>
<monster name="valkyrie commander" direction="2" spawntime="60" x="-1" y="3"/>
<monster name="valkyrie commander" direction="2" spawntime="60" x="1" y="3"/>
<monster name="valkyrie commander" direction="2" spawntime="60" x="3" y="3"/>
<monster name="valkyrie commander" direction="2" spawntime="60" x="-3" y="5"/>
<monster name="valkyrie commander" direction="2" spawntime="60" x="-1" y="5"/>
<monster name="valkyrie commander" direction="2" spawntime="60" x="1" y="5"/>
<monster name="valkyrie commander" direction="2" spawntime="60" x="3" y="5"/>
</spawn>
<spawn centerx="462" centery="46" centerz="15" radius="5">
<monster name="Vlad Tepes" direction="2" spawntime="60" x="-3" y="-2"/>
<monster name="Vlad Tepes" direction="2" spawntime="60" x="-1" y="-2"/>
<monster name="Vlad Tepes" direction="2" spawntime="60" x="1" y="-2"/>
<monster name="Vlad Tepes" direction="2" spawntime="60" x="3" y="-2"/>
<monster name="Vlad Tepes" direction="2" spawntime="60" x="-3" y="1"/>
<monster name="Vlad Tepes" direction="2" spawntime="60" x="-1" y="1"/>
<monster name="Vlad Tepes" direction="2" spawntime="60" x="1" y="1"/>
<monster name="Vlad Tepes" direction="2" spawntime="60" x="3" y="1"/>
<monster name="Vlad Tepes" direction="2" spawntime="60" x="-3" y="3"/>
<monster name="Vlad Tepes" direction="2" spawntime="60" x="-1" y="3"/>
<monster name="Vlad Tepes" direction="2" spawntime="60" x="1" y="3"/>
<monster name="Vlad Tepes" direction="2" spawntime="60" x="3" y="3"/>
<monster name="Vlad Tepes" direction="2" spawntime="60" x="-3" y="5"/>
<monster name="Vlad Tepes" direction="2" spawntime="60" x="-1" y="5"/>
<monster name="Vlad Tepes" direction="2" spawntime="60" x="1" y="5"/>
<monster name="Vlad Tepes" direction="2" spawntime="60" x="3" y="5"/>
</spawn>
<spawn centerx="446" centery="47" centerz="15" radius="3">
<monster name="The Soul" direction="2" spawntime="60" x="0" y="-1"/>
<monster name="The Soul" direction="2" spawntime="60" x="0" y="1"/>
</spawn>
<spawn centerx="454" centery="47" centerz="15" radius="3">
<monster name="Petrified Hell Hound" direction="2" spawntime="60" x="-1" y="-1"/>
<monster name="Petrified Hell Hound" direction="2" spawntime="60" x="1" y="-1"/>
<monster name="Petrified Hell Hound" direction="2" spawntime="60" x="-1" y="1"/>
<monster name="Petrified Hell Hound" direction="2" spawntime="60" x="1" y="1"/>
</spawn>
<spawn centerx="517" centery="47" centerz="15" radius="5">
<monster name="Amazonian" direction="2" spawntime="60" x="-3" y="1"/>
<monster name="Amazonian" direction="2" spawntime="60" x="-1" y="1"/>
<monster name="Amazonian" direction="2" spawntime="60" x="1" y="1"/>
<monster name="Amazonian" direction="2" spawntime="60" x="3" y="1"/>
<monster name="Amazonian" direction="2" spawntime="60" x="-3" y="3"/>
<monster name="Amazonian" direction="2" spawntime="60" x="-1" y="3"/>
<monster name="Amazonian" direction="2" spawntime="60" x="1" y="3"/>
<monster name="Amazonian" direction="2" spawntime="60" x="3" y="3"/>
<monster name="Amazonian" direction="2" spawntime="60" x="-3" y="5"/>
<monster name="Amazonian" direction="2" spawntime="60" x="-1" y="5"/>
<monster name="Amazonian" direction="2" spawntime="60" x="1" y="5"/>
<monster name="Amazonian" direction="2" spawntime="60" x="3" y="5"/>
</spawn>
<spawn centerx="541" centery="47" centerz="15" radius="5">
<monster name="Vlad Tepes" direction="2" spawntime="60" x="-3" y="1"/>
<monster name="Vlad Tepes" direction="2" spawntime="60" x="-1" y="1"/>
<monster name="Vlad Tepes" direction="2" spawntime="60" x="1" y="1"/>
<monster name="Vlad Tepes" direction="2" spawntime="60" x="3" y="1"/>
<monster name="Vlad Tepes" direction="2" spawntime="60" x="-3" y="3"/>
<monster name="Vlad Tepes" direction="2" spawntime="60" x="-1" y="3"/>
<monster name="Vlad Tepes" direction="2" spawntime="60" x="1" y="3"/>
<monster name="Vlad Tepes" direction="2" spawntime="60" x="3" y="3"/>
<monster name="Vlad Tepes" direction="2" spawntime="60" x="-3" y="5"/>
<monster name="Vlad Tepes" direction="2" spawntime="60" x="-1" y="5"/>
<monster name="Vlad Tepes" direction="2" spawntime="60" x="1" y="5"/>
<monster name="Vlad Tepes" direction="2" spawntime="60" x="3" y="5"/>
</spawn>
<spawn centerx="866" centery="47" centerz="15" radius="5">
<monster name="Amazonian" direction="2" spawntime="60" x="-3" y="-3"/>
<monster name="Amazonian" direction="2" spawntime="60" x="-1" y="-3"/>
<monster name="Amazonian" direction="2" spawntime="60" x="1" y="-3"/>
<monster name="Amazonian" direction="2" spawntime="60" x="-3" y="-1"/>
<monster name="Amazonian" direction="2" spawntime="60" x="-1" y="-1"/>
<monster name="Amazonian" direction="2" spawntime="60" x="1" y="-1"/>
<monster name="Amazonian" direction="2" spawntime="60" x="3" y="-1"/>
<monster name="valkyrie commander" direction="2" spawntime="60" x="-3" y="1"/>
<monster name="valkyrie commander" direction="2" spawntime="60" x="-1" y="1"/>
<monster name="valkyrie commander" direction="2" spawntime="60" x="1" y="1"/>
<monster name="valkyrie commander" direction="2" spawntime="60" x="3" y="1"/>
<monster name="valkyrie commander" direction="2" spawntime="60" x="-3" y="3"/>
<monster name="valkyrie commander" direction="2" spawntime="60" x="-1" y="3"/>
<monster name="valkyrie commander" direction="2" spawntime="60" x="1" y="3"/>
<monster name="valkyrie commander" direction="2" spawntime="60" x="3" y="3"/>
<monster name="valkyrie commander" direction="2" spawntime="60" x="-3" y="5"/>
<monster name="valkyrie commander" direction="2" spawntime="60" x="-1" y="5"/>
<monster name="valkyrie commander" direction="2" spawntime="60" x="1" y="5"/>
<monster name="valkyrie commander" direction="2" spawntime="60" x="3" y="5"/>
</spawn>
<spawn centerx="890" centery="47" centerz="15" radius="5">
<monster name="Vlad Tepes" direction="2" spawntime="60" x="-1" y="-3"/>
<monster name="Vlad Tepes" direction="2" spawntime="60" x="1" y="-3"/>
<monster name="Vlad Tepes" direction="2" spawntime="60" x="3" y="-3"/>
<monster name="Vlad Tepes" direction="2" spawntime="60" x="-3" y="-1"/>
<monster name="Vlad Tepes" direction="2" spawntime="60" x="-1" y="-1"/>
<monster name="Vlad Tepes" direction="2" spawntime="60" x="1" y="-1"/>
<monster name="Vlad Tepes" direction="2" spawntime="60" x="3" y="-1"/>
<monster name="Vlad Tepes" direction="2" spawntime="60" x="-3" y="2"/>
<monster name="Vlad Tepes" direction="2" spawntime="60" x="-1" y="2"/>
<monster name="Vlad Tepes" direction="2" spawntime="60" x="1" y="2"/>
<monster name="Vlad Tepes" direction="2" spawntime="60" x="3" y="2"/>
<monster name="Vlad Tepes" direction="2" spawntime="60" x="-3" y="4"/>
<monster name="Vlad Tepes" direction="2" spawntime="60" x="-1" y="4"/>
<monster name="Vlad Tepes" direction="2" spawntime="60" x="1" y="4"/>
<monster name="Vlad Tepes" direction="2" spawntime="60" x="3" y="4"/>
</spawn>
<spawn centerx="937" centery="47" centerz="15" radius="5">
<monster name="Amazonian" direction="2" spawntime="60" x="-3" y="-2"/>
<monster name="Amazonian" direction="2" spawntime="60" x="-1" y="-2"/>
<monster name="Amazonian" direction="2" spawntime="60" x="1" y="-2"/>
<monster name="Amazonian" direction="2" spawntime="60" x="3" y="-2"/>
<monster name="valkyrie commander" direction="2" spawntime="60" x="-3" y="0"/>
<monster name="valkyrie commander" direction="2" spawntime="60" x="-1" y="0"/>
<monster name="valkyrie commander" direction="2" spawntime="60" x="1" y="0"/>
<monster name="valkyrie commander" direction="2" spawntime="60" x="3" y="0"/>
<monster name="valkyrie commander" direction="2" spawntime="60" x="-3" y="2"/>
<monster name="valkyrie commander" direction="2" spawntime="60" x="-1" y="2"/>
<monster name="valkyrie commander" direction="2" spawntime="60" x="1" y="2"/>
<monster name="valkyrie commander" direction="2" spawntime="60" x="3" y="2"/>
<monster name="valkyrie commander" direction="2" spawntime="60" x="-3" y="4"/>
<monster name="valkyrie commander" direction="2" spawntime="60" x="-1" y="4"/>
<monster name="valkyrie commander" direction="2" spawntime="60" x="1" y="4"/>
<monster name="valkyrie commander" direction="2" spawntime="60" x="3" y="4"/>
</spawn>
<spawn centerx="961" centery="47" centerz="15" radius="5">
<monster name="Vlad Tepes" direction="2" spawntime="60" x="-3" y="-2"/>
<monster name="Vlad Tepes" direction="2" spawntime="60" x="-1" y="-2"/>
<monster name="Vlad Tepes" direction="2" spawntime="60" x="1" y="-2"/>
<monster name="Vlad Tepes" direction="2" spawntime="60" x="3" y="-2"/>
<monster name="Vlad Tepes" direction="2" spawntime="60" x="-3" y="1"/>
<monster name="Vlad Tepes" direction="2" spawntime="60" x="-1" y="1"/>
<monster name="Vlad Tepes" direction="2" spawntime="60" x="1" y="1"/>
<monster name="Vlad Tepes" direction="2" spawntime="60" x="3" y="1"/>
<monster name="Vlad Tepes" direction="2" spawntime="60" x="-3" y="3"/>
<monster name="Vlad Tepes" direction="2" spawntime="60" x="-1" y="3"/>
<monster name="Vlad Tepes" direction="2" spawntime="60" x="1" y="3"/>
<monster name="Vlad Tepes" direction="2" spawntime="60" x="3" y="3"/>
<monster name="Vlad Tepes" direction="2" spawntime="60" x="-3" y="5"/>
<monster name="Vlad Tepes" direction="2" spawntime="60" x="-1" y="5"/>
<monster name="Vlad Tepes" direction="2" spawntime="60" x="1" y="5"/>
<monster name="Vlad Tepes" direction="2" spawntime="60" x="3" y="5"/>
</spawn>
<spawn centerx="597" centery="48" centerz="15" radius="5">
<monster name="Amazonian" direction="2" spawntime="60" x="-3" y="-2"/>
<monster name="Amazonian" direction="2" spawntime="60" x="-1" y="-2"/>
<monster name="Amazonian" direction="2" spawntime="60" x="1" y="-2"/>
<monster name="Amazonian" direction="2" spawntime="60" x="3" y="-2"/>
<monster name="valkyrie commander" direction="2" spawntime="60" x="-3" y="0"/>
<monster name="valkyrie commander" direction="2" spawntime="60" x="-1" y="0"/>
<monster name="valkyrie commander" direction="2" spawntime="60" x="1" y="0"/>
<monster name="valkyrie commander" direction="2" spawntime="60" x="3" y="0"/>
<monster name="valkyrie commander" direction="2" spawntime="60" x="-3" y="2"/>
<monster name="valkyrie commander" direction="2" spawntime="60" x="-1" y="2"/>
<monster name="valkyrie commander" direction="2" spawntime="60" x="1" y="2"/>
<monster name="valkyrie commander" direction="2" spawntime="60" x="3" y="2"/>
<monster name="valkyrie commander" direction="2" spawntime="60" x="-3" y="4"/>
<monster name="valkyrie commander" direction="2" spawntime="60" x="-1" y="4"/>
<monster name="valkyrie commander" direction="2" spawntime="60" x="1" y="4"/>
<monster name="valkyrie commander" direction="2" spawntime="60" x="3" y="4"/>
</spawn>
<spawn centerx="621" centery="48" centerz="15" radius="5">
<monster name="Vlad Tepes" direction="2" spawntime="60" x="-3" y="-2"/>
<monster name="Vlad Tepes" direction="2" spawntime="60" x="-1" y="-2"/>
<monster name="Vlad Tepes" direction="2" spawntime="60" x="1" y="-2"/>
<monster name="Vlad Tepes" direction="2" spawntime="60" x="3" y="-2"/>
<monster name="Vlad Tepes" direction="2" spawntime="60" x="-3" y="1"/>
<monster name="Vlad Tepes" direction="2" spawntime="60" x="-1" y="1"/>
<monster name="Vlad Tepes" direction="2" spawntime="60" x="1" y="1"/>
<monster name="Vlad Tepes" direction="2" spawntime="60" x="3" y="1"/>
<monster name="Vlad Tepes" direction="2" spawntime="60" x="-3" y="3"/>
<monster name="Vlad Tepes" direction="2" spawntime="60" x="-1" y="3"/>
<monster name="Vlad Tepes" direction="2" spawntime="60" x="1" y="3"/>
<monster name="Vlad Tepes" direction="2" spawntime="60" x="3" y="3"/>
<monster name="Vlad Tepes" direction="2" spawntime="60" x="-3" y="5"/>
<monster name="Vlad Tepes" direction="2" spawntime="60" x="-1" y="5"/>
<monster name="Vlad Tepes" direction="2" spawntime="60" x="1" y="5"/>
<monster name="Vlad Tepes" direction="2" spawntime="60" x="3" y="5"/>
</spawn>
<spawn centerx="945" centery="48" centerz="15" radius="5">
<monster name="The Soul" direction="2" spawntime="60" x="0" y="-1"/>
<monster name="The Soul" direction="2" spawntime="60" x="0" y="1"/>
<monster name="valkyrie commander" direction="2" spawntime="60" x="-5" y="5"/>
</spawn>
<spawn centerx="953" centery="48" centerz="15" radius="5">
<monster name="Petrified Hell Hound" direction="2" spawntime="60" x="-1" y="-1"/>
<monster name="Petrified Hell Hound" direction="2" spawntime="60" x="1" y="-1"/>
<monster name="Petrified Hell Hound" direction="2" spawntime="60" x="-1" y="1"/>
<monster name="Petrified Hell Hound" direction="2" spawntime="60" x="1" y="1"/>
</spawn>
<spawn centerx="605" centery="49" centerz="15" radius="5">
<monster name="The Soul" direction="2" spawntime="60" x="0" y="-1"/>
<monster name="The Soul" direction="2" spawntime="60" x="0" y="1"/>
<monster name="valkyrie commander" direction="2" spawntime="60" x="-5" y="5"/>
</spawn>
<spawn centerx="613" centery="49" centerz="15" radius="5">
<monster name="Petrified Hell Hound" direction="2" spawntime="60" x="-1" y="-1"/>
<monster name="Petrified Hell Hound" direction="2" spawntime="60" x="1" y="-1"/>
<monster name="Petrified Hell Hound" direction="2" spawntime="60" x="-1" y="1"/>
<monster name="Petrified Hell Hound" direction="2" spawntime="60" x="1" y="1"/>
</spawn>
<spawn centerx="803" centery="49" centerz="15" radius="5">
<monster name="Amazonian" direction="2" spawntime="60" x="-3" y="-3"/>
<monster name="Amazonian" direction="2" spawntime="60" x="-1" y="-3"/>
<monster name="Amazonian" direction="2" spawntime="60" x="1" y="-3"/>
<monster name="Amazonian" direction="2" spawntime="60" x="-3" y="-1"/>
<monster name="Amazonian" direction="2" spawntime="60" x="-1" y="-1"/>
<monster name="Amazonian" direction="2" spawntime="60" x="1" y="-1"/>
<monster name="Amazonian" direction="2" spawntime="60" x="3" y="-1"/>
<monster name="valkyrie commander" direction="2" spawntime="60" x="-3" y="1"/>
<monster name="valkyrie commander" direction="2" spawntime="60" x="-1" y="1"/>
<monster name="valkyrie commander" direction="2" spawntime="60" x="1" y="1"/>
<monster name="valkyrie commander" direction="2" spawntime="60" x="3" y="1"/>
<monster name="valkyrie commander" direction="2" spawntime="60" x="-3" y="3"/>
<monster name="valkyrie commander" direction="2" spawntime="60" x="-1" y="3"/>
<monster name="valkyrie commander" direction="2" spawntime="60" x="1" y="3"/>
<monster name="valkyrie commander" direction="2" spawntime="60" x="3" y="3"/>
<monster name="valkyrie commander" direction="2" spawntime="60" x="-3" y="5"/>
<monster name="valkyrie commander" direction="2" spawntime="60" x="-1" y="5"/>
<monster name="valkyrie commander" direction="2" spawntime="60" x="1" y="5"/>
<monster name="valkyrie commander" direction="2" spawntime="60" x="3" y="5"/>
</spawn>
<spawn centerx="827" centery="49" centerz="15" radius="5">
<monster name="Vlad Tepes" direction="2" spawntime="60" x="-1" y="-3"/>
<monster name="Vlad Tepes" direction="2" spawntime="60" x="1" y="-3"/>
<monster name="Vlad Tepes" direction="2" spawntime="60" x="3" y="-3"/>
<monster name="Vlad Tepes" direction="2" spawntime="60" x="-3" y="-1"/>
<monster name="Vlad Tepes" direction="2" spawntime="60" x="-1" y="-1"/>
<monster name="Vlad Tepes" direction="2" spawntime="60" x="1" y="-1"/>
<monster name="Vlad Tepes" direction="2" spawntime="60" x="3" y="-1"/>
<monster name="Vlad Tepes" direction="2" spawntime="60" x="-3" y="2"/>
<monster name="Vlad Tepes" direction="2" spawntime="60" x="-1" y="2"/>
<monster name="Vlad Tepes" direction="2" spawntime="60" x="1" y="2"/>
<monster name="Vlad Tepes" direction="2" spawntime="60" x="3" y="2"/>
<monster name="Vlad Tepes" direction="2" spawntime="60" x="-3" y="4"/>
<monster name="Vlad Tepes" direction="2" spawntime="60" x="-1" y="4"/>
<monster name="Vlad Tepes" direction="2" spawntime="60" x="1" y="4"/>
<monster name="Vlad Tepes" direction="2" spawntime="60" x="3" y="4"/>
</spawn>
<spawn centerx="874" centery="49" centerz="15" radius="5">
<monster name="The Soul" direction="2" spawntime="60" x="0" y="-1"/>
<monster name="The Soul" direction="2" spawntime="60" x="0" y="1"/>
<monster name="valkyrie commander" direction="2" spawntime="60" x="-5" y="5"/>
</spawn>
<spawn centerx="882" centery="49" centerz="15" radius="5">
<monster name="Petrified Hell Hound" direction="2" spawntime="60" x="-1" y="-1"/>
<monster name="Petrified Hell Hound" direction="2" spawntime="60" x="1" y="-1"/>
<monster name="Petrified Hell Hound" direction="2" spawntime="60" x="-1" y="1"/>
<monster name="Petrified Hell Hound" direction="2" spawntime="60" x="1" y="1"/>
<monster name="Vlad Tepes" direction="2" spawntime="60" x="5" y="4"/>
</spawn>
<spawn centerx="4945" centery="49" centerz="15" radius="5">
<monster name="Demonic Acolyte" direction="2" spawntime="60" x="-1" y="0"/>
</spawn>
<spawn centerx="662" centery="50" centerz="15" radius="5">
<monster name="Amazonian" direction="2" spawntime="60" x="-3" y="-2"/>
<monster name="Amazonian" direction="2" spawntime="60" x="-1" y="-2"/>
<monster name="Amazonian" direction="2" spawntime="60" x="1" y="-2"/>
<monster name="Amazonian" direction="2" spawntime="60" x="3" y="-2"/>
<monster name="Amazonian" direction="2" spawntime="60" x="-3" y="0"/>
<monster name="Amazonian" direction="2" spawntime="60" x="-1" y="0"/>
<monster name="Amazonian" direction="2" spawntime="60" x="1" y="0"/>
<monster name="Amazonian" direction="2" spawntime="60" x="3" y="0"/>
<monster name="Amazonian" direction="2" spawntime="60" x="-3" y="2"/>
<monster name="Amazonian" direction="2" spawntime="60" x="-1" y="2"/>
<monster name="Amazonian" direction="2" spawntime="60" x="1" y="2"/>
<monster name="Amazonian" direction="2" spawntime="60" x="3" y="2"/>
<monster name="Amazonian" direction="2" spawntime="60" x="-3" y="4"/>
<monster name="Amazonian" direction="2" spawntime="60" x="-1" y="4"/>
<monster name="Amazonian" direction="2" spawntime="60" x="1" y="4"/>
<monster name="Amazonian" direction="2" spawntime="60" x="3" y="4"/>
</spawn>
<spawn centerx="230" centery="51" centerz="15" radius="5">
<monster name="Amazonian" direction="2" spawntime="60" x="-3" y="-3"/>
<monster name="Amazonian" direction="2" spawntime="60" x="-1" y="-3"/>
<monster name="Amazonian" direction="2" spawntime="60" x="1" y="-3"/>
<monster name="Amazonian" direction="2" spawntime="60" x="3" y="-3"/>
<monster name="valkyrie commander" direction="2" spawntime="60" x="-3" y="0"/>
<monster name="valkyrie commander" direction="2" spawntime="60" x="-1" y="0"/>
<monster name="valkyrie commander" direction="2" spawntime="60" x="1" y="0"/>
<monster name="valkyrie commander" direction="2" spawntime="60" x="3" y="0"/>
<monster name="valkyrie commander" direction="2" spawntime="60" x="-3" y="2"/>
<monster name="valkyrie commander" direction="2" spawntime="60" x="-1" y="2"/>
<monster name="valkyrie commander" direction="2" spawntime="60" x="1" y="2"/>
<monster name="valkyrie commander" direction="2" spawntime="60" x="3" y="2"/>
<monster name="valkyrie commander" direction="2" spawntime="60" x="-3" y="4"/>
<monster name="valkyrie commander" direction="2" spawntime="60" x="-1" y="4"/>
<monster name="valkyrie commander" direction="2" spawntime="60" x="1" y="4"/>
<monster name="valkyrie commander" direction="2" spawntime="60" x="3" y="4"/>
</spawn>
<spawn centerx="237" centery="51" centerz="15" radius="3">
<monster name="The Soul" direction="2" spawntime="60" x="1" y="-1"/>
<monster name="The Soul" direction="2" spawntime="60" x="1" y="1"/>
</spawn>
<spawn centerx="246" centery="51" centerz="15" radius="3">
<monster name="Petrified Hell Hound" direction="2" spawntime="60" x="-1" y="-1"/>
<monster name="Petrified Hell Hound" direction="2" spawntime="60" x="0" y="-1"/>
<monster name="Petrified Hell Hound" direction="2" spawntime="60" x="-1" y="1"/>
<monster name="Petrified Hell Hound" direction="2" spawntime="60" x="0" y="1"/>
</spawn>
<spawn centerx="254" centery="51" centerz="15" radius="5">
<monster name="Vlad Tepes" direction="2" spawntime="60" x="-3" y="-3"/>
<monster name="Vlad Tepes" direction="2" spawntime="60" x="-1" y="-3"/>
<monster name="Vlad Tepes" direction="2" spawntime="60" x="1" y="-3"/>
<monster name="Vlad Tepes" direction="2" spawntime="60" x="3" y="-3"/>
<monster name="Vlad Tepes" direction="2" spawntime="60" x="-3" y="0"/>
<monster name="Vlad Tepes" direction="2" spawntime="60" x="-1" y="0"/>
<monster name="Vlad Tepes" direction="2" spawntime="60" x="1" y="0"/>
<monster name="Vlad Tepes" direction="2" spawntime="60" x="3" y="0"/>
<monster name="Vlad Tepes" direction="2" spawntime="60" x="-3" y="2"/>
<monster name="Vlad Tepes" direction="2" spawntime="60" x="-1" y="2"/>
<monster name="Vlad Tepes" direction="2" spawntime="60" x="1" y="2"/>
<monster name="Vlad Tepes" direction="2" spawntime="60" x="3" y="2"/>
<monster name="Vlad Tepes" direction="2" spawntime="60" x="-3" y="4"/>
<monster name="Vlad Tepes" direction="2" spawntime="60" x="-1" y="4"/>
<monster name="Vlad Tepes" direction="2" spawntime="60" x="1" y="4"/>
<monster name="Vlad Tepes" direction="2" spawntime="60" x="3" y="4"/>
</spawn>
<spawn centerx="525" centery="51" centerz="15" radius="5">
<monster name="Grorlam" direction="2" spawntime="60" x="0" y="-1"/>
<monster name="Grorlam" direction="2" spawntime="60" x="0" y="1"/>
<monster name="Amazonian" direction="2" spawntime="60" x="-5" y="3"/>
<monster name="Amazonian" direction="2" spawntime="60" x="-5" y="5"/>
</spawn>
<spawn centerx="533" centery="51" centerz="15" radius="5">
<monster name="Ancient Necropharus" direction="2" spawntime="60" x="-1" y="-1"/>
<monster name="Ancient Necropharus" direction="2" spawntime="60" x="1" y="-1"/>
<monster name="Ancient Necropharus" direction="2" spawntime="60" x="-1" y="1"/>
<monster name="Ancient Necropharus" direction="2" spawntime="60" x="1" y="1"/>
<monster name="Vlad Tepes" direction="2" spawntime="60" x="5" y="3"/>
<monster name="Vlad Tepes" direction="2" spawntime="60" x="5" y="5"/>
</spawn>
<spawn centerx="670" centery="51" centerz="15" radius="5">
<monster name="Grorlam" direction="2" spawntime="60" x="0" y="-1"/>
<monster name="Grorlam" direction="2" spawntime="60" x="0" y="1"/>
<monster name="Amazonian" direction="2" spawntime="60" x="-5" y="5"/>
</spawn>
<spawn centerx="678" centery="51" centerz="15" radius="5">
<monster name="Vlad Tepes" direction="2" spawntime="60" x="5" y="-3"/>
<monster name="Ancient Necropharus" direction="2" spawntime="60" x="-1" y="-1"/>
<monster name="Ancient Necropharus" direction="2" spawntime="60" x="1" y="-1"/>
<monster name="Vlad Tepes" direction="2" spawntime="60" x="5" y="-1"/>
<monster name="Ancient Necropharus" direction="2" spawntime="60" x="-1" y="1"/>
<monster name="Ancient Necropharus" direction="2" spawntime="60" x="1" y="1"/>
<monster name="Vlad Tepes" direction="2" spawntime="60" x="5" y="1"/>
<monster name="Vlad Tepes" direction="2" spawntime="60" x="5" y="3"/>
<monster name="Vlad Tepes" direction="2" spawntime="60" x="5" y="5"/>
</spawn>
<spawn centerx="811" centery="51" centerz="15" radius="5">
<monster name="The Soul" direction="2" spawntime="60" x="0" y="-1"/>
<monster name="The Soul" direction="2" spawntime="60" x="0" y="1"/>
<monster name="valkyrie commander" direction="2" spawntime="60" x="-5" y="5"/>
</spawn>
<spawn centerx="819" centery="51" centerz="15" radius="5">
<monster name="Petrified Hell Hound" direction="2" spawntime="60" x="-1" y="-1"/>
<monster name="Petrified Hell Hound" direction="2" spawntime="60" x="1" y="-1"/>
<monster name="Petrified Hell Hound" direction="2" spawntime="60" x="-1" y="1"/>
<monster name="Petrified Hell Hound" direction="2" spawntime="60" x="1" y="1"/>
<monster name="Vlad Tepes" direction="2" spawntime="60" x="5" y="4"/>
</spawn>
<spawn centerx="25" centery="52" centerz="15" radius="5">
<monster name="valkyrie commander" direction="2" spawntime="60" x="-3" y="-2"/>
<monster name="valkyrie commander" direction="2" spawntime="60" x="-1" y="-2"/>
<monster name="valkyrie commander" direction="2" spawntime="60" x="1" y="-2"/>
<monster name="valkyrie commander" direction="2" spawntime="60" x="3" y="-2"/>
<monster name="valkyrie commander" direction="2" spawntime="60" x="-3" y="0"/>
<monster name="valkyrie commander" direction="2" spawntime="60" x="-1" y="0"/>
<monster name="valkyrie commander" direction="2" spawntime="60" x="1" y="0"/>
<monster name="valkyrie commander" direction="2" spawntime="60" x="3" y="0"/>
<monster name="valkyrie commander" direction="2" spawntime="60" x="-3" y="2"/>
<monster name="valkyrie commander" direction="2" spawntime="60" x="-1" y="2"/>
<monster name="valkyrie commander" direction="2" spawntime="60" x="1" y="2"/>
<monster name="valkyrie commander" direction="2" spawntime="60" x="3" y="2"/>
<monster name="valkyrie commander" direction="2" spawntime="60" x="-3" y="4"/>
<monster name="valkyrie commander" direction="2" spawntime="60" x="-1" y="4"/>
<monster name="valkyrie commander" direction="2" spawntime="60" x="1" y="4"/>
<monster name="valkyrie commander" direction="2" spawntime="60" x="3" y="4"/>
</spawn>
<spawn centerx="49" centery="52" centerz="15" radius="5">
<monster name="Vlad Tepes" direction="2" spawntime="60" x="-3" y="-3"/>
<monster name="Vlad Tepes" direction="2" spawntime="60" x="-1" y="-3"/>
<monster name="Vlad Tepes" direction="2" spawntime="60" x="1" y="-3"/>
<monster name="Vlad Tepes" direction="2" spawntime="60" x="3" y="-3"/>
<monster name="Vlad Tepes" direction="2" spawntime="60" x="-3" y="-1"/>
<monster name="Vlad Tepes" direction="2" spawntime="60" x="-1" y="-1"/>
<monster name="Vlad Tepes" direction="2" spawntime="60" x="1" y="-1"/>
<monster name="Vlad Tepes" direction="2" spawntime="60" x="3" y="-1"/>
<monster name="Vlad Tepes" direction="2" spawntime="60" x="-3" y="1"/>
<monster name="Vlad Tepes" direction="2" spawntime="60" x="-1" y="1"/>
<monster name="Vlad Tepes" direction="2" spawntime="60" x="1" y="1"/>
<monster name="Vlad Tepes" direction="2" spawntime="60" x="3" y="1"/>
<monster name="Vlad Tepes" direction="2" spawntime="60" x="-3" y="3"/>
<monster name="Vlad Tepes" direction="2" spawntime="60" x="-1" y="3"/>
<monster name="Vlad Tepes" direction="2" spawntime="60" x="1" y="3"/>
<monster name="Vlad Tepes" direction="2" spawntime="60" x="3" y="3"/>
</spawn>
<spawn centerx="686" centery="52" centerz="15" radius="5">
<monster name="Vlad Tepes" direction="2" spawntime="60" x="-1" y="-4"/>
<monster name="Vlad Tepes" direction="2" spawntime="60" x="1" y="-4"/>
<monster name="Vlad Tepes" direction="2" spawntime="60" x="3" y="-4"/>
<monster name="Vlad Tepes" direction="2" spawntime="60" x="-1" y="-2"/>
<monster name="Vlad Tepes" direction="2" spawntime="60" x="1" y="-2"/>
<monster name="Vlad Tepes" direction="2" spawntime="60" x="3" y="-2"/>
<monster name="Vlad Tepes" direction="2" spawntime="60" x="-1" y="0"/>
<monster name="Vlad Tepes" direction="2" spawntime="60" x="1" y="0"/>
<monster name="Vlad Tepes" direction="2" spawntime="60" x="3" y="0"/>
<monster name="Vlad Tepes" direction="2" spawntime="60" x="-1" y="2"/>
<monster name="Vlad Tepes" direction="2" spawntime="60" x="1" y="2"/>
<monster name="Vlad Tepes" direction="2" spawntime="60" x="3" y="2"/>
<monster name="Vlad Tepes" direction="2" spawntime="60" x="-1" y="4"/>
<monster name="Vlad Tepes" direction="2" spawntime="60" x="1" y="4"/>
<monster name="Vlad Tepes" direction="2" spawntime="60" x="3" y="4"/>
</spawn>
<spawn centerx="738" centery="52" centerz="15" radius="5">
<monster name="valkyrie commander" direction="2" spawntime="60" x="-3" y="-2"/>
<monster name="valkyrie commander" direction="2" spawntime="60" x="-1" y="-2"/>
<monster name="valkyrie commander" direction="2" spawntime="60" x="1" y="-2"/>
<monster name="valkyrie commander" direction="2" spawntime="60" x="-3" y="0"/>
<monster name="valkyrie commander" direction="2" spawntime="60" x="-1" y="0"/>
<monster name="valkyrie commander" direction="2" spawntime="60" x="1" y="0"/>
<monster name="valkyrie commander" direction="2" spawntime="60" x="3" y="0"/>
<monster name="valkyrie commander" direction="2" spawntime="60" x="-3" y="2"/>
<monster name="valkyrie commander" direction="2" spawntime="60" x="-1" y="2"/>
<monster name="valkyrie commander" direction="2" spawntime="60" x="1" y="2"/>
<monster name="valkyrie commander" direction="2" spawntime="60" x="3" y="2"/>
<monster name="valkyrie commander" direction="2" spawntime="60" x="-3" y="4"/>
<monster name="valkyrie commander" direction="2" spawntime="60" x="-1" y="4"/>
<monster name="valkyrie commander" direction="2" spawntime="60" x="1" y="4"/>
<monster name="valkyrie commander" direction="2" spawntime="60" x="3" y="4"/>
</spawn>
<spawn centerx="1154" centery="52" centerz="15" radius="5">
<monster name="Amazonian" direction="2" spawntime="60" x="-3" y="-1"/>
<monster name="Amazonian" direction="2" spawntime="60" x="-1" y="-1"/>
<monster name="Amazonian" direction="2" spawntime="60" x="1" y="-1"/>
<monster name="Amazonian" direction="2" spawntime="60" x="3" y="-1"/>
<monster name="Amazonian" direction="2" spawntime="60" x="-3" y="1"/>
<monster name="Amazonian" direction="2" spawntime="60" x="-1" y="1"/>
<monster name="Amazonian" direction="2" spawntime="60" x="1" y="1"/>
<monster name="Amazonian" direction="2" spawntime="60" x="3" y="1"/>
<monster name="Amazonian" direction="2" spawntime="60" x="-3" y="3"/>
<monster name="Amazonian" direction="2" spawntime="60" x="-1" y="3"/>
<monster name="Amazonian" direction="2" spawntime="60" x="1" y="3"/>
<monster name="Amazonian" direction="2" spawntime="60" x="3" y="3"/>
</spawn>
<spawn centerx="762" centery="53" centerz="15" radius="5">
<monster name="Vlad Tepes" direction="2" spawntime="60" x="-3" y="-2"/>
<monster name="Vlad Tepes" direction="2" spawntime="60" x="-1" y="-2"/>
<monster name="Vlad Tepes" direction="2" spawntime="60" x="1" y="-2"/>
<monster name="Vlad Tepes" direction="2" spawntime="60" x="3" y="-2"/>
<monster name="Vlad Tepes" direction="2" spawntime="60" x="-3" y="0"/>
<monster name="Vlad Tepes" direction="2" spawntime="60" x="-1" y="0"/>
<monster name="Vlad Tepes" direction="2" spawntime="60" x="1" y="0"/>
<monster name="Vlad Tepes" direction="2" spawntime="60" x="3" y="0"/>
<monster name="Vlad Tepes" direction="2" spawntime="60" x="-3" y="2"/>
<monster name="Vlad Tepes" direction="2" spawntime="60" x="-1" y="2"/>
<monster name="Vlad Tepes" direction="2" spawntime="60" x="1" y="2"/>
<monster name="Vlad Tepes" direction="2" spawntime="60" x="3" y="2"/>
</spawn>
<spawn centerx="1161" centery="53" centerz="15" radius="5">
<monster name="Grorlam" direction="2" spawntime="60" x="1" y="0"/>
<monster name="Grorlam" direction="2" spawntime="60" x="0" y="2"/>
<monster name="Amazonian" direction="2" spawntime="60" x="-4" y="5"/>
</spawn>
<spawn centerx="373" centery="54" centerz="15" radius="5">
<monster name="valkyrie commander" direction="2" spawntime="60" x="-3" y="-2"/>
<monster name="valkyrie commander" direction="2" spawntime="60" x="-1" y="-2"/>
<monster name="valkyrie commander" direction="2" spawntime="60" x="1" y="-2"/>
<monster name="valkyrie commander" direction="2" spawntime="60" x="3" y="-2"/>
<monster name="valkyrie commander" direction="2" spawntime="60" x="-3" y="0"/>
<monster name="valkyrie commander" direction="2" spawntime="60" x="-1" y="0"/>
<monster name="valkyrie commander" direction="2" spawntime="60" x="1" y="0"/>
<monster name="valkyrie commander" direction="2" spawntime="60" x="3" y="0"/>
<monster name="valkyrie commander" direction="2" spawntime="60" x="-3" y="2"/>
<monster name="valkyrie commander" direction="2" spawntime="60" x="-1" y="2"/>
<monster name="valkyrie commander" direction="2" spawntime="60" x="1" y="2"/>
<monster name="valkyrie commander" direction="2" spawntime="60" x="3" y="2"/>
<monster name="valkyrie commander" direction="2" spawntime="60" x="-3" y="4"/>
<monster name="valkyrie commander" direction="2" spawntime="60" x="-1" y="4"/>
<monster name="valkyrie commander" direction="2" spawntime="60" x="1" y="4"/>
<monster name="valkyrie commander" direction="2" spawntime="60" x="3" y="4"/>
</spawn>
<spawn centerx="397" centery="54" centerz="15" radius="5">
<monster name="Vlad Tepes" direction="2" spawntime="60" x="-3" y="-2"/>
<monster name="Vlad Tepes" direction="2" spawntime="60" x="-1" y="-2"/>
<monster name="Vlad Tepes" direction="2" spawntime="60" x="1" y="-2"/>
<monster name="Vlad Tepes" direction="2" spawntime="60" x="3" y="-2"/>
<monster name="Vlad Tepes" direction="2" spawntime="60" x="-3" y="0"/>
<monster name="Vlad Tepes" direction="2" spawntime="60" x="-1" y="0"/>
<monster name="Vlad Tepes" direction="2" spawntime="60" x="1" y="0"/>
<monster name="Vlad Tepes" direction="2" spawntime="60" x="3" y="0"/>
<monster name="Vlad Tepes" direction="2" spawntime="60" x="-3" y="2"/>
<monster name="Vlad Tepes" direction="2" spawntime="60" x="-1" y="2"/>
<monster name="Vlad Tepes" direction="2" spawntime="60" x="1" y="2"/>
<monster name="Vlad Tepes" direction="2" spawntime="60" x="3" y="2"/>
</spawn>
<spawn centerx="517" centery="54" centerz="15" radius="5">
<monster name="Amazonian" direction="2" spawntime="60" x="-3" y="0"/>
<monster name="Amazonian" direction="2" spawntime="60" x="-1" y="0"/>
<monster name="Amazonian" direction="2" spawntime="60" x="1" y="0"/>
<monster name="Amazonian" direction="2" spawntime="60" x="-3" y="2"/>
<monster name="Amazonian" direction="2" spawntime="60" x="-1" y="2"/>
<monster name="Amazonian" direction="2" spawntime="60" x="1" y="2"/>
<monster name="Amazonian" direction="2" spawntime="60" x="-3" y="4"/>
<monster name="Amazonian" direction="2" spawntime="60" x="-1" y="4"/>
<monster name="Amazonian" direction="2" spawntime="60" x="1" y="4"/>
<monster name="Amazonian" direction="2" spawntime="60" x="3" y="4"/>
</spawn>
<spawn centerx="541" centery="54" centerz="15" radius="5">
<monster name="Vlad Tepes" direction="2" spawntime="60" x="-1" y="0"/>
<monster name="Vlad Tepes" direction="2" spawntime="60" x="1" y="0"/>
<monster name="Vlad Tepes" direction="2" spawntime="60" x="3" y="0"/>
<monster name="Vlad Tepes" direction="2" spawntime="60" x="-1" y="2"/>
<monster name="Vlad Tepes" direction="2" spawntime="60" x="1" y="2"/>
<monster name="Vlad Tepes" direction="2" spawntime="60" x="3" y="2"/>
<monster name="Vlad Tepes" direction="2" spawntime="60" x="-3" y="4"/>
<monster name="Vlad Tepes" direction="2" spawntime="60" x="-1" y="4"/>
<monster name="Vlad Tepes" direction="2" spawntime="60" x="1" y="4"/>
<monster name="Vlad Tepes" direction="2" spawntime="60" x="3" y="4"/>
</spawn>
<spawn centerx="32" centery="55" centerz="15" radius="3">
<monster name="The Creator" direction="2" spawntime="60" x="1" y="-1"/>
<monster name="The Creator" direction="2" spawntime="60" x="1" y="1"/>
</spawn>
<spawn centerx="42" centery="55" centerz="15" radius="3">
<monster name="Crypt Lord" direction="2" spawntime="60" x="-2" y="0"/>
</spawn>
<spawn centerx="438" centery="55" centerz="15" radius="5">
<monster name="valkyrie commander" direction="2" spawntime="60" x="-3" y="-2"/>
<monster name="valkyrie commander" direction="2" spawntime="60" x="-1" y="-2"/>
<monster name="valkyrie commander" direction="2" spawntime="60" x="1" y="-2"/>
<monster name="valkyrie commander" direction="2" spawntime="60" x="3" y="-2"/>
<monster name="valkyrie commander" direction="2" spawntime="60" x="-3" y="0"/>
<monster name="valkyrie commander" direction="2" spawntime="60" x="-1" y="0"/>
<monster name="valkyrie commander" direction="2" spawntime="60" x="1" y="0"/>
<monster name="valkyrie commander" direction="2" spawntime="60" x="3" y="0"/>
<monster name="valkyrie commander" direction="2" spawntime="60" x="-3" y="2"/>
<monster name="valkyrie commander" direction="2" spawntime="60" x="-1" y="2"/>
<monster name="valkyrie commander" direction="2" spawntime="60" x="1" y="2"/>
<monster name="valkyrie commander" direction="2" spawntime="60" x="3" y="2"/>
<monster name="valkyrie commander" direction="2" spawntime="60" x="-3" y="4"/>
<monster name="valkyrie commander" direction="2" spawntime="60" x="-1" y="4"/>
<monster name="valkyrie commander" direction="2" spawntime="60" x="1" y="4"/>
<monster name="valkyrie commander" direction="2" spawntime="60" x="3" y="4"/>
</spawn>
<spawn centerx="462" centery="55" centerz="15" radius="5">
<monster name="Vlad Tepes" direction="2" spawntime="60" x="-3" y="-2"/>
<monster name="Vlad Tepes" direction="2" spawntime="60" x="-1" y="-2"/>
<monster name="Vlad Tepes" direction="2" spawntime="60" x="1" y="-2"/>
<monster name="Vlad Tepes" direction="2" spawntime="60" x="3" y="-2"/>
<monster name="Vlad Tepes" direction="2" spawntime="60" x="-3" y="0"/>
<monster name="Vlad Tepes" direction="2" spawntime="60" x="-1" y="0"/>
<monster name="Vlad Tepes" direction="2" spawntime="60" x="1" y="0"/>
<monster name="Vlad Tepes" direction="2" spawntime="60" x="3" y="0"/>
<monster name="Vlad Tepes" direction="2" spawntime="60" x="-3" y="2"/>
<monster name="Vlad Tepes" direction="2" spawntime="60" x="-1" y="2"/>
<monster name="Vlad Tepes" direction="2" spawntime="60" x="1" y="2"/>
<monster name="Vlad Tepes" direction="2" spawntime="60" x="3" y="2"/>
</spawn>
<spawn centerx="746" centery="55" centerz="15" radius="5">
<monster name="The Creator" direction="2" spawntime="60" x="0" y="-1"/>
<monster name="The Creator" direction="2" spawntime="60" x="0" y="1"/>
<monster name="ultralisk" direction="2" spawntime="60" x="-5" y="5"/>
</spawn>
<spawn centerx="754" centery="55" centerz="15" radius="5">
<monster name="Crypt Lord" direction="2" spawntime="60" x="-1" y="0"/>
<monster name="Demonic Summoner" direction="2" spawntime="60" x="5" y="5"/>
</spawn>
<spawn centerx="995" centery="55" centerz="15" radius="5">
<monster name="Grorlam" direction="2" spawntime="60" x="-2" y="-1"/>
<monster name="Grorlam" direction="2" spawntime="60" x="-2" y="1"/>
</spawn>
<spawn centerx="1001" centery="55" centerz="15" radius="5">
<monster name="Ancient Necropharus" direction="2" spawntime="60" x="0" y="-1"/>
<monster name="Ancient Necropharus" direction="2" spawntime="60" x="2" y="-1"/>
<monster name="Ancient Necropharus" direction="2" spawntime="60" x="0" y="1"/>
<monster name="Ancient Necropharus" direction="2" spawntime="60" x="2" y="1"/>
</spawn>
<spawn centerx="1010" centery="55" centerz="15" radius="5">
<monster name="Vlad Tepes" direction="2" spawntime="60" x="-3" y="-3"/>
<monster name="Vlad Tepes" direction="2" spawntime="60" x="-1" y="-3"/>
<monster name="Vlad Tepes" direction="2" spawntime="60" x="1" y="-3"/>
<monster name="Vlad Tepes" direction="2" spawntime="60" x="3" y="-3"/>
<monster name="Vlad Tepes" direction="2" spawntime="60" x="-3" y="-1"/>
<monster name="Vlad Tepes" direction="2" spawntime="60" x="-1" y="-1"/>
<monster name="Vlad Tepes" direction="2" spawntime="60" x="1" y="-1"/>
<monster name="Vlad Tepes" direction="2" spawntime="60" x="3" y="-1"/>
<monster name="Vlad Tepes" direction="2" spawntime="60" x="-3" y="1"/>
<monster name="Vlad Tepes" direction="2" spawntime="60" x="-1" y="1"/>
<monster name="Vlad Tepes" direction="2" spawntime="60" x="1" y="1"/>
<monster name="Vlad Tepes" direction="2" spawntime="60" x="3" y="1"/>
<monster name="Vlad Tepes" direction="2" spawntime="60" x="-3" y="3"/>
<monster name="Vlad Tepes" direction="2" spawntime="60" x="-1" y="3"/>
<monster name="Vlad Tepes" direction="2" spawntime="60" x="1" y="3"/>
<monster name="Vlad Tepes" direction="2" spawntime="60" x="3" y="3"/>
</spawn>
<spawn centerx="1178" centery="55" centerz="15" radius="5">
<monster name="Vlad Tepes" direction="2" spawntime="60" x="-3" y="-4"/>
<monster name="Vlad Tepes" direction="2" spawntime="60" x="-1" y="-4"/>
<monster name="Vlad Tepes" direction="2" spawntime="60" x="1" y="-4"/>
<monster name="Vlad Tepes" direction="2" spawntime="60" x="3" y="-4"/>
<monster name="Vlad Tepes" direction="2" spawntime="60" x="-3" y="-2"/>
<monster name="Vlad Tepes" direction="2" spawntime="60" x="-1" y="-2"/>
<monster name="Vlad Tepes" direction="2" spawntime="60" x="1" y="-2"/>
<monster name="Vlad Tepes" direction="2" spawntime="60" x="3" y="-2"/>
<monster name="Vlad Tepes" direction="2" spawntime="60" x="-3" y="0"/>
<monster name="Vlad Tepes" direction="2" spawntime="60" x="-1" y="0"/>
<monster name="Vlad Tepes" direction="2" spawntime="60" x="1" y="0"/>
<monster name="Vlad Tepes" direction="2" spawntime="60" x="3" y="0"/>
<monster name="Vlad Tepes" direction="2" spawntime="60" x="-3" y="2"/>
<monster name="Vlad Tepes" direction="2" spawntime="60" x="-1" y="2"/>
<monster name="Vlad Tepes" direction="2" spawntime="60" x="1" y="2"/>
<monster name="Vlad Tepes" direction="2" spawntime="60" x="3" y="2"/>
<monster name="Vlad Tepes" direction="2" spawntime="60" x="-3" y="4"/>
<monster name="Vlad Tepes" direction="2" spawntime="60" x="-1" y="4"/>
<monster name="Vlad Tepes" direction="2" spawntime="60" x="1" y="4"/>
<monster name="Vlad Tepes" direction="2" spawntime="60" x="3" y="4"/>
</spawn>
<spawn centerx="381" centery="56" centerz="15" radius="3">
<monster name="The Creator" direction="2" spawntime="60" x="0" y="-1"/>
<monster name="The Creator" direction="2" spawntime="60" x="0" y="0"/>
<monster name="The Creator" direction="2" spawntime="60" x="0" y="1"/>
</spawn>
<spawn centerx="389" centery="56" centerz="15" radius="3">
<monster name="Crypt Lord" direction="2" spawntime="60" x="-1" y="0"/>
<monster name="Crypt Lord" direction="2" spawntime="60" x="-1" y="1"/>
</spawn>
<spawn centerx="866" centery="56" centerz="15" radius="5">
<monster name="valkyrie commander" direction="2" spawntime="60" x="-3" y="-2"/>
<monster name="valkyrie commander" direction="2" spawntime="60" x="-1" y="-2"/>
<monster name="valkyrie commander" direction="2" spawntime="60" x="1" y="-2"/>
<monster name="valkyrie commander" direction="2" spawntime="60" x="-3" y="0"/>
<monster name="valkyrie commander" direction="2" spawntime="60" x="-1" y="0"/>
<monster name="valkyrie commander" direction="2" spawntime="60" x="1" y="0"/>
<monster name="valkyrie commander" direction="2" spawntime="60" x="3" y="0"/>
<monster name="valkyrie commander" direction="2" spawntime="60" x="-3" y="2"/>
<monster name="valkyrie commander" direction="2" spawntime="60" x="-1" y="2"/>
<monster name="valkyrie commander" direction="2" spawntime="60" x="1" y="2"/>
<monster name="valkyrie commander" direction="2" spawntime="60" x="3" y="2"/>
<monster name="valkyrie commander" direction="2" spawntime="60" x="-3" y="4"/>
<monster name="valkyrie commander" direction="2" spawntime="60" x="-1" y="4"/>
<monster name="valkyrie commander" direction="2" spawntime="60" x="1" y="4"/>
<monster name="valkyrie commander" direction="2" spawntime="60" x="3" y="4"/>
</spawn>
<spawn centerx="890" centery="56" centerz="15" radius="5">
<monster name="Vlad Tepes" direction="2" spawntime="60" x="-1" y="-3"/>
<monster name="Vlad Tepes" direction="2" spawntime="60" x="1" y="-3"/>
<monster name="Vlad Tepes" direction="2" spawntime="60" x="3" y="-3"/>
<monster name="Vlad Tepes" direction="2" spawntime="60" x="-3" y="-1"/>
<monster name="Vlad Tepes" direction="2" spawntime="60" x="-1" y="-1"/>
<monster name="Vlad Tepes" direction="2" spawntime="60" x="1" y="-1"/>
<monster name="Vlad Tepes" direction="2" spawntime="60" x="3" y="-1"/>
<monster name="Vlad Tepes" direction="2" spawntime="60" x="-3" y="1"/>
<monster name="Vlad Tepes" direction="2" spawntime="60" x="-1" y="1"/>
<monster name="Vlad Tepes" direction="2" spawntime="60" x="1" y="1"/>
<monster name="Vlad Tepes" direction="2" spawntime="60" x="3" y="1"/>
<monster name="Vlad Tepes" direction="2" spawntime="60" x="-3" y="3"/>
<monster name="Vlad Tepes" direction="2" spawntime="60" x="-1" y="3"/>
<monster name="Vlad Tepes" direction="2" spawntime="60" x="1" y="3"/>
<monster name="Vlad Tepes" direction="2" spawntime="60" x="3" y="3"/>
</spawn>
<spawn centerx="937" centery="56" centerz="15" radius="5">
<monster name="valkyrie commander" direction="2" spawntime="60" x="-3" y="-3"/>
<monster name="valkyrie commander" direction="2" spawntime="60" x="-1" y="-3"/>
<monster name="valkyrie commander" direction="2" spawntime="60" x="1" y="-3"/>
<monster name="valkyrie commander" direction="2" spawntime="60" x="-3" y="-1"/>
<monster name="valkyrie commander" direction="2" spawntime="60" x="-1" y="-1"/>
<monster name="valkyrie commander" direction="2" spawntime="60" x="1" y="-1"/>
<monster name="valkyrie commander" direction="2" spawntime="60" x="3" y="-1"/>
<monster name="valkyrie commander" direction="2" spawntime="60" x="-3" y="1"/>
<monster name="valkyrie commander" direction="2" spawntime="60" x="-1" y="1"/>
<monster name="valkyrie commander" direction="2" spawntime="60" x="1" y="1"/>
<monster name="valkyrie commander" direction="2" spawntime="60" x="3" y="1"/>
<monster name="valkyrie commander" direction="2" spawntime="60" x="-3" y="3"/>
<monster name="valkyrie commander" direction="2" spawntime="60" x="-1" y="3"/>
<monster name="valkyrie commander" direction="2" spawntime="60" x="1" y="3"/>
<monster name="valkyrie commander" direction="2" spawntime="60" x="3" y="3"/>
</spawn>
<spawn centerx="961" centery="56" centerz="15" radius="5">
<monster name="Vlad Tepes" direction="2" spawntime="60" x="-3" y="-2"/>
<monster name="Vlad Tepes" direction="2" spawntime="60" x="-1" y="-2"/>
<monster name="Vlad Tepes" direction="2" spawntime="60" x="1" y="-2"/>
<monster name="Vlad Tepes" direction="2" spawntime="60" x="3" y="-2"/>
<monster name="Vlad Tepes" direction="2" spawntime="60" x="-3" y="0"/>
<monster name="Vlad Tepes" direction="2" spawntime="60" x="-1" y="0"/>
<monster name="Vlad Tepes" direction="2" spawntime="60" x="1" y="0"/>
<monster name="Vlad Tepes" direction="2" spawntime="60" x="3" y="0"/>
<monster name="Vlad Tepes" direction="2" spawntime="60" x="-3" y="2"/>
<monster name="Vlad Tepes" direction="2" spawntime="60" x="-1" y="2"/>
<monster name="Vlad Tepes" direction="2" spawntime="60" x="1" y="2"/>
<monster name="Vlad Tepes" direction="2" spawntime="60" x="3" y="2"/>
</spawn>
<spawn centerx="985" centery="56" centerz="15" radius="7">
<monster name="Amazonian" direction="2" spawntime="60" x="-2" y="-4"/>
<monster name="Amazonian" direction="2" spawntime="60" x="0" y="-4"/>
<monster name="Amazonian" direction="2" spawntime="60" x="2" y="-4"/>
<monster name="Amazonian" direction="2" spawntime="60" x="4" y="-4"/>
<monster name="Amazonian" direction="2" spawntime="60" x="-2" y="-2"/>
<monster name="Amazonian" direction="2" spawntime="60" x="0" y="-2"/>
<monster name="Amazonian" direction="2" spawntime="60" x="2" y="-2"/>
<monster name="Amazonian" direction="2" spawntime="60" x="4" y="-2"/>
<monster name="Amazonian" direction="2" spawntime="60" x="-2" y="0"/>
<monster name="Amazonian" direction="2" spawntime="60" x="0" y="0"/>
<monster name="Amazonian" direction="2" spawntime="60" x="2" y="0"/>
<monster name="Amazonian" direction="2" spawntime="60" x="4" y="0"/>
<monster name="Amazonian" direction="2" spawntime="60" x="-2" y="2"/>
<monster name="Amazonian" direction="2" spawntime="60" x="0" y="2"/>
<monster name="Amazonian" direction="2" spawntime="60" x="2" y="2"/>
<monster name="Amazonian" direction="2" spawntime="60" x="4" y="2"/>
<monster name="Amazonian" direction="2" spawntime="60" x="-2" y="4"/>
<monster name="Amazonian" direction="2" spawntime="60" x="0" y="4"/>
<monster name="Amazonian" direction="2" spawntime="60" x="2" y="4"/>
<monster name="Amazonian" direction="2" spawntime="60" x="4" y="4"/>
<monster name="Amazonian" direction="2" spawntime="60" x="-2" y="6"/>
<monster name="Amazonian" direction="2" spawntime="60" x="0" y="6"/>
<monster name="Amazonian" direction="2" spawntime="60" x="2" y="6"/>
<monster name="Amazonian" direction="2" spawntime="60" x="4" y="6"/>
</spawn>
<spawn centerx="1109" centery="56" centerz="15" radius="5">
<monster name="Vlad Tepes" direction="2" spawntime="60" x="-3" y="-2"/>
<monster name="Vlad Tepes" direction="2" spawntime="60" x="-1" y="-2"/>
<monster name="Vlad Tepes" direction="2" spawntime="60" x="1" y="-2"/>
<monster name="Vlad Tepes" direction="2" spawntime="60" x="3" y="-2"/>
<monster name="Vlad Tepes" direction="2" spawntime="60" x="-3" y="0"/>
<monster name="Vlad Tepes" direction="2" spawntime="60" x="-1" y="0"/>
<monster name="Vlad Tepes" direction="2" spawntime="60" x="1" y="0"/>
<monster name="Vlad Tepes" direction="2" spawntime="60" x="3" y="0"/>
<monster name="Vlad Tepes" direction="2" spawntime="60" x="-3" y="2"/>
<monster name="Vlad Tepes" direction="2" spawntime="60" x="-1" y="2"/>
<monster name="Vlad Tepes" direction="2" spawntime="60" x="1" y="2"/>
<monster name="Vlad Tepes" direction="2" spawntime="60" x="3" y="2"/>
<monster name="Vlad Tepes" direction="2" spawntime="60" x="-3" y="4"/>
<monster name="Vlad Tepes" direction="2" spawntime="60" x="-1" y="4"/>
<monster name="Vlad Tepes" direction="2" spawntime="60" x="1" y="4"/>
<monster name="Vlad Tepes" direction="2" spawntime="60" x="3" y="4"/>
</spawn>
<spawn centerx="1169" centery="56" centerz="15" radius="5">
<monster name="Ancient Necropharus" direction="2" spawntime="60" x="0" y="-4"/>
<monster name="Ancient Necropharus" direction="2" spawntime="60" x="2" y="-4"/>
<monster name="Ancient Necropharus" direction="2" spawntime="60" x="2" y="-2"/>
<monster name="Ancient Necropharus" direction="2" spawntime="60" x="2" y="-1"/>
</spawn>
<spawn centerx="4958" centery="56" centerz="15" radius="10">
<monster name="Ghostly visage" direction="2" spawntime="60" x="4" y="-3"/>
<monster name="Ghostly visage" direction="2" spawntime="60" x="-5" y="-2"/>
<monster name="Ghostly visage" direction="2" spawntime="60" x="-1" y="-2"/>
<monster name="Ghostly visage" direction="2" spawntime="60" x="8" y="-2"/>
<monster name="Ghostly visage" direction="2" spawntime="60" x="7" y="0"/>
<monster name="Ghostly visage" direction="2" spawntime="60" x="-6" y="1"/>
<monster name="Ghostly visage" direction="2" spawntime="60" x="5" y="1"/>
<monster name="Ghostly visage" direction="2" spawntime="60" x="-1" y="2"/>
<monster name="Ghostly visage" direction="2" spawntime="60" x="-5" y="3"/>
<monster name="Ghostly visage" direction="2" spawntime="60" x="-3" y="3"/>
<monster name="Ghostly visage" direction="2" spawntime="60" x="3" y="4"/>
<monster name="Ghostly visage" direction="2" spawntime="60" x="9" y="4"/>
<monster name="Ghostly visage" direction="2" spawntime="60" x="-6" y="5"/>
<monster name="Ghostly visage" direction="2" spawntime="60" x="-2" y="6"/>
<monster name="Ghostly visage" direction="2" spawntime="60" x="3" y="6"/>
<monster name="Ghostly visage" direction="2" spawntime="60" x="6" y="6"/>
<monster name="Ghostly visage" direction="2" spawntime="60" x="-3" y="8"/>
<monster name="Ghostly visage" direction="2" spawntime="60" x="-7" y="9"/>
<monster name="Ghostly visage" direction="2" spawntime="60" x="1" y="9"/>
<monster name="Ghostly visage" direction="2" spawntime="60" x="4" y="9"/>
<monster name="Ghostly visage" direction="2" spawntime="60" x="9" y="9"/>
</spawn>
<spawn centerx="4973" centery="56" centerz="15" radius="10">
<monster name="Ghostly visage" direction="2" spawntime="60" x="5" y="-3"/>
<monster name="Ghostly visage" direction="2" spawntime="60" x="0" y="-2"/>
<monster name="Ghostly visage" direction="2" spawntime="60" x="-4" y="0"/>
<monster name="Ghostly visage" direction="2" spawntime="60" x="0" y="1"/>
<monster name="Ghostly visage" direction="2" spawntime="60" x="4" y="1"/>
<monster name="Ghostly visage" direction="2" spawntime="60" x="4" y="3"/>
<monster name="Ghostly visage" direction="2" spawntime="60" x="-1" y="4"/>
<monster name="Ghostly visage" direction="2" spawntime="60" x="-4" y="6"/>
<monster name="Ghostly visage" direction="2" spawntime="60" x="0" y="6"/>
<monster name="Ghostly visage" direction="2" spawntime="60" x="4" y="6"/>
<monster name="Ghostly visage" direction="2" spawntime="60" x="5" y="8"/>
<monster name="Ghostly visage" direction="2" spawntime="60" x="-2" y="9"/>
<monster name="Ghostly visage" direction="2" spawntime="60" x="2" y="9"/>
</spawn>
<spawn centerx="446" centery="57" centerz="15" radius="3">
<monster name="The Creator" direction="2" spawntime="60" x="0" y="-1"/>
<monster name="The Creator" direction="2" spawntime="60" x="0" y="1"/>
</spawn>
<spawn centerx="454" centery="57" centerz="15" radius="3">
<monster name="Crypt Lord" direction="2" spawntime="60" x="-1" y="0"/>
</spawn>
<spawn centerx="597" centery="57" centerz="15" radius="5">
<monster name="valkyrie commander" direction="2" spawntime="60" x="-3" y="-3"/>
<monster name="valkyrie commander" direction="2" spawntime="60" x="-1" y="-3"/>
<monster name="valkyrie commander" direction="2" spawntime="60" x="1" y="-3"/>
<monster name="valkyrie commander" direction="2" spawntime="60" x="-3" y="-1"/>
<monster name="valkyrie commander" direction="2" spawntime="60" x="-1" y="-1"/>
<monster name="valkyrie commander" direction="2" spawntime="60" x="1" y="-1"/>
<monster name="valkyrie commander" direction="2" spawntime="60" x="3" y="-1"/>
<monster name="valkyrie commander" direction="2" spawntime="60" x="-3" y="1"/>
<monster name="valkyrie commander" direction="2" spawntime="60" x="-1" y="1"/>
<monster name="valkyrie commander" direction="2" spawntime="60" x="1" y="1"/>
<monster name="valkyrie commander" direction="2" spawntime="60" x="3" y="1"/>
<monster name="valkyrie commander" direction="2" spawntime="60" x="-3" y="3"/>
<monster name="valkyrie commander" direction="2" spawntime="60" x="-1" y="3"/>
<monster name="valkyrie commander" direction="2" spawntime="60" x="1" y="3"/>
<monster name="valkyrie commander" direction="2" spawntime="60" x="3" y="3"/>
</spawn>
<spawn centerx="621" centery="57" centerz="15" radius="5">
<monster name="Vlad Tepes" direction="2" spawntime="60" x="-3" y="-2"/>
<monster name="Vlad Tepes" direction="2" spawntime="60" x="-1" y="-2"/>
<monster name="Vlad Tepes" direction="2" spawntime="60" x="1" y="-2"/>
<monster name="Vlad Tepes" direction="2" spawntime="60" x="3" y="-2"/>
<monster name="Vlad Tepes" direction="2" spawntime="60" x="-3" y="0"/>
<monster name="Vlad Tepes" direction="2" spawntime="60" x="-1" y="0"/>
<monster name="Vlad Tepes" direction="2" spawntime="60" x="1" y="0"/>
<monster name="Vlad Tepes" direction="2" spawntime="60" x="3" y="0"/>
<monster name="Vlad Tepes" direction="2" spawntime="60" x="-3" y="2"/>
<monster name="Vlad Tepes" direction="2" spawntime="60" x="-1" y="2"/>
<monster name="Vlad Tepes" direction="2" spawntime="60" x="1" y="2"/>
<monster name="Vlad Tepes" direction="2" spawntime="60" x="3" y="2"/>
</spawn>
<spawn centerx="1093" centery="57" centerz="15" radius="5">
<monster name="Amazonian" direction="2" spawntime="60" x="-5" y="-3"/>
<monster name="Amazonian" direction="2" spawntime="60" x="-5" y="-1"/>
<monster name="Grorlam" direction="2" spawntime="60" x="-1" y="-1"/>
<monster name="Amazonian" direction="2" spawntime="60" x="-5" y="1"/>
<monster name="Grorlam" direction="2" spawntime="60" x="-1" y="1"/>
<monster name="Amazonian" direction="2" spawntime="60" x="-5" y="3"/>
<monster name="Amazonian" direction="2" spawntime="60" x="-5" y="5"/>
</spawn>
<spawn centerx="1101" centery="57" centerz="15" radius="5">
<monster name="Ancient Necropharus" direction="2" spawntime="60" x="-1" y="-1"/>
<monster name="Ancient Necropharus" direction="2" spawntime="60" x="1" y="-1"/>
<monster name="Ancient Necropharus" direction="2" spawntime="60" x="-1" y="1"/>
<monster name="Ancient Necropharus" direction="2" spawntime="60" x="1" y="1"/>
<monster name="Vlad Tepes" direction="2" spawntime="60" x="5" y="5"/>
</spawn>
<spawn centerx="803" centery="58" centerz="15" radius="5">
<monster name="valkyrie commander" direction="2" spawntime="60" x="-3" y="-2"/>
<monster name="valkyrie commander" direction="2" spawntime="60" x="-1" y="-2"/>
<monster name="valkyrie commander" direction="2" spawntime="60" x="1" y="-2"/>
<monster name="valkyrie commander" direction="2" spawntime="60" x="-3" y="0"/>
<monster name="valkyrie commander" direction="2" spawntime="60" x="-1" y="0"/>
<monster name="valkyrie commander" direction="2" spawntime="60" x="1" y="0"/>
<monster name="valkyrie commander" direction="2" spawntime="60" x="3" y="0"/>
<monster name="valkyrie commander" direction="2" spawntime="60" x="-3" y="2"/>
<monster name="valkyrie commander" direction="2" spawntime="60" x="-1" y="2"/>
<monster name="valkyrie commander" direction="2" spawntime="60" x="1" y="2"/>
<monster name="valkyrie commander" direction="2" spawntime="60" x="3" y="2"/>
<monster name="valkyrie commander" direction="2" spawntime="60" x="-3" y="4"/>
<monster name="valkyrie commander" direction="2" spawntime="60" x="-1" y="4"/>
<monster name="valkyrie commander" direction="2" spawntime="60" x="1" y="4"/>
<monster name="valkyrie commander" direction="2" spawntime="60" x="3" y="4"/>
</spawn>
<spawn centerx="827" centery="58" centerz="15" radius="5">
<monster name="Vlad Tepes" direction="2" spawntime="60" x="-1" y="-3"/>
<monster name="Vlad Tepes" direction="2" spawntime="60" x="1" y="-3"/>
<monster name="Vlad Tepes" direction="2" spawntime="60" x="3" y="-3"/>
<monster name="Vlad Tepes" direction="2" spawntime="60" x="-3" y="-1"/>
<monster name="Vlad Tepes" direction="2" spawntime="60" x="-1" y="-1"/>
<monster name="Vlad Tepes" direction="2" spawntime="60" x="1" y="-1"/>
<monster name="Vlad Tepes" direction="2" spawntime="60" x="3" y="-1"/>
<monster name="Vlad Tepes" direction="2" spawntime="60" x="-3" y="1"/>
<monster name="Vlad Tepes" direction="2" spawntime="60" x="-1" y="1"/>
<monster name="Vlad Tepes" direction="2" spawntime="60" x="1" y="1"/>
<monster name="Vlad Tepes" direction="2" spawntime="60" x="3" y="1"/>
<monster name="Vlad Tepes" direction="2" spawntime="60" x="-3" y="3"/>
<monster name="Vlad Tepes" direction="2" spawntime="60" x="-1" y="3"/>
<monster name="Vlad Tepes" direction="2" spawntime="60" x="1" y="3"/>
<monster name="Vlad Tepes" direction="2" spawntime="60" x="3" y="3"/>
</spawn>
<spawn centerx="945" centery="58" centerz="15" radius="5">
<monster name="The Creator" direction="2" spawntime="60" x="0" y="-1"/>
<monster name="The Creator" direction="2" spawntime="60" x="0" y="1"/>
<monster name="ultralisk" direction="2" spawntime="60" x="-5" y="5"/>
</spawn>
<spawn centerx="953" centery="58" centerz="15" radius="5">
<monster name="Crypt Lord" direction="2" spawntime="60" x="-1" y="0"/>
<monster name="Demonic Summoner" direction="2" spawntime="60" x="5" y="5"/>
</spawn>
<spawn centerx="1085" centery="58" centerz="15" radius="5">
<monster name="Amazonian" direction="2" spawntime="60" x="-3" y="-4"/>
<monster name="Amazonian" direction="2" spawntime="60" x="-1" y="-4"/>
<monster name="Amazonian" direction="2" spawntime="60" x="1" y="-4"/>
<monster name="Amazonian" direction="2" spawntime="60" x="-3" y="-2"/>
<monster name="Amazonian" direction="2" spawntime="60" x="-1" y="-2"/>
<monster name="Amazonian" direction="2" spawntime="60" x="1" y="-2"/>
<monster name="Amazonian" direction="2" spawntime="60" x="-3" y="0"/>
<monster name="Amazonian" direction="2" spawntime="60" x="-1" y="0"/>
<monster name="Amazonian" direction="2" spawntime="60" x="1" y="0"/>
<monster name="Amazonian" direction="2" spawntime="60" x="-3" y="2"/>
<monster name="Amazonian" direction="2" spawntime="60" x="-1" y="2"/>
<monster name="Amazonian" direction="2" spawntime="60" x="1" y="2"/>
<monster name="Amazonian" direction="2" spawntime="60" x="-3" y="4"/>
<monster name="Amazonian" direction="2" spawntime="60" x="-1" y="4"/>
<monster name="Amazonian" direction="2" spawntime="60" x="1" y="4"/>
</spawn>
<spawn centerx="230" centery="59" centerz="15" radius="5">
<monster name="valkyrie commander" direction="2" spawntime="60" x="-3" y="-2"/>
<monster name="valkyrie commander" direction="2" spawntime="60" x="-1" y="-2"/>
<monster name="valkyrie commander" direction="2" spawntime="60" x="1" y="-2"/>
<monster name="valkyrie commander" direction="2" spawntime="60" x="3" y="-2"/>
<monster name="valkyrie commander" direction="2" spawntime="60" x="-3" y="0"/>
<monster name="valkyrie commander" direction="2" spawntime="60" x="-1" y="0"/>
<monster name="valkyrie commander" direction="2" spawntime="60" x="1" y="0"/>
<monster name="valkyrie commander" direction="2" spawntime="60" x="3" y="0"/>
<monster name="valkyrie commander" direction="2" spawntime="60" x="-3" y="2"/>
<monster name="valkyrie commander" direction="2" spawntime="60" x="-1" y="2"/>
<monster name="valkyrie commander" direction="2" spawntime="60" x="1" y="2"/>
<monster name="valkyrie commander" direction="2" spawntime="60" x="3" y="2"/>
<monster name="valkyrie commander" direction="2" spawntime="60" x="-3" y="4"/>
<monster name="valkyrie commander" direction="2" spawntime="60" x="-1" y="4"/>
<monster name="valkyrie commander" direction="2" spawntime="60" x="1" y="4"/>
<monster name="valkyrie commander" direction="2" spawntime="60" x="3" y="4"/>
</spawn>
<spawn centerx="254" centery="59" centerz="15" radius="5">
<monster name="Vlad Tepes" direction="2" spawntime="60" x="-3" y="-2"/>
<monster name="Vlad Tepes" direction="2" spawntime="60" x="-1" y="-2"/>
<monster name="Vlad Tepes" direction="2" spawntime="60" x="1" y="-2"/>
<monster name="Vlad Tepes" direction="2" spawntime="60" x="3" y="-2"/>
<monster name="Vlad Tepes" direction="2" spawntime="60" x="-3" y="0"/>
<monster name="Vlad Tepes" direction="2" spawntime="60" x="-1" y="0"/>
<monster name="Vlad Tepes" direction="2" spawntime="60" x="1" y="0"/>
<monster name="Vlad Tepes" direction="2" spawntime="60" x="3" y="0"/>
<monster name="Vlad Tepes" direction="2" spawntime="60" x="-3" y="2"/>
<monster name="Vlad Tepes" direction="2" spawntime="60" x="-1" y="2"/>
<monster name="Vlad Tepes" direction="2" spawntime="60" x="1" y="2"/>
<monster name="Vlad Tepes" direction="2" spawntime="60" x="3" y="2"/>
</spawn>
<spawn centerx="605" centery="59" centerz="15" radius="5">
<monster name="The Creator" direction="2" spawntime="60" x="0" y="-1"/>
<monster name="The Creator" direction="2" spawntime="60" x="0" y="1"/>
<monster name="ultralisk" direction="2" spawntime="60" x="-5" y="5"/>
</spawn>
<spawn centerx="613" centery="59" centerz="15" radius="5">
<monster name="Crypt Lord" direction="2" spawntime="60" x="-1" y="0"/>
<monster name="Demonic Summoner" direction="2" spawntime="60" x="5" y="5"/>
</spawn>
<spawn centerx="662" centery="59" centerz="15" radius="5">
<monster name="Amazonian" direction="2" spawntime="60" x="-3" y="-3"/>
<monster name="Amazonian" direction="2" spawntime="60" x="-1" y="-3"/>
<monster name="Amazonian" direction="2" spawntime="60" x="1" y="-3"/>
<monster name="Amazonian" direction="2" spawntime="60" x="-3" y="-1"/>
<monster name="Amazonian" direction="2" spawntime="60" x="-1" y="-1"/>
<monster name="Amazonian" direction="2" spawntime="60" x="1" y="-1"/>
<monster name="Amazonian" direction="2" spawntime="60" x="3" y="-1"/>
<monster name="valkyrie commander" direction="2" spawntime="60" x="-3" y="1"/>
<monster name="valkyrie commander" direction="2" spawntime="60" x="-1" y="1"/>
<monster name="valkyrie commander" direction="2" spawntime="60" x="1" y="1"/>
<monster name="valkyrie commander" direction="2" spawntime="60" x="3" y="1"/>
<monster name="valkyrie commander" direction="2" spawntime="60" x="-3" y="3"/>
<monster name="valkyrie commander" direction="2" spawntime="60" x="-1" y="3"/>
<monster name="valkyrie commander" direction="2" spawntime="60" x="1" y="3"/>
<monster name="valkyrie commander" direction="2" spawntime="60" x="3" y="3"/>
<monster name="valkyrie commander" direction="2" spawntime="60" x="-3" y="5"/>
<monster name="valkyrie commander" direction="2" spawntime="60" x="-1" y="5"/>
<monster name="valkyrie commander" direction="2" spawntime="60" x="1" y="5"/>
<monster name="valkyrie commander" direction="2" spawntime="60" x="3" y="5"/>
</spawn>
<spawn centerx="762" centery="59" centerz="15" radius="5">
<monster name="Demonic Summoner" direction="2" spawntime="60" x="-1" y="1"/>
<monster name="Demonic Summoner" direction="2" spawntime="60" x="1" y="1"/>
<monster name="Demonic Summoner" direction="2" spawntime="60" x="3" y="1"/>
<monster name="Demonic Summoner" direction="2" spawntime="60" x="-3" y="4"/>
<monster name="Demonic Summoner" direction="2" spawntime="60" x="-1" y="4"/>
<monster name="Demonic Summoner" direction="2" spawntime="60" x="1" y="4"/>
<monster name="Demonic Summoner" direction="2" spawntime="60" x="3" y="4"/>
</spawn>
<spawn centerx="874" centery="59" centerz="15" radius="5">
<monster name="The Creator" direction="2" spawntime="60" x="0" y="-1"/>
<monster name="The Creator" direction="2" spawntime="60" x="0" y="1"/>
<monster name="ultralisk" direction="2" spawntime="60" x="-5" y="5"/>
</spawn>
<spawn centerx="882" centery="59" centerz="15" radius="5">
<monster name="Crypt Lord" direction="2" spawntime="60" x="-1" y="0"/>
<monster name="Demonic Summoner" direction="2" spawntime="60" x="5" y="5"/>
</spawn>
<spawn centerx="1039" centery="60" centerz="15" radius="5">
<monster name="Amazonian" direction="2" spawntime="60" x="-3" y="-3"/>
<monster name="Amazonian" direction="2" spawntime="60" x="-1" y="-3"/>
<monster name="Amazonian" direction="2" spawntime="60" x="1" y="-3"/>
<monster name="Amazonian" direction="2" spawntime="60" x="3" y="-3"/>
<monster name="Amazonian" direction="2" spawntime="60" x="-3" y="-1"/>
<monster name="Amazonian" direction="2" spawntime="60" x="-1" y="-1"/>
<monster name="Amazonian" direction="2" spawntime="60" x="1" y="-1"/>
<monster name="Amazonian" direction="2" spawntime="60" x="3" y="-1"/>
<monster name="Amazonian" direction="2" spawntime="60" x="-3" y="1"/>
<monster name="Amazonian" direction="2" spawntime="60" x="-1" y="1"/>
<monster name="Amazonian" direction="2" spawntime="60" x="1" y="1"/>
<monster name="Amazonian" direction="2" spawntime="60" x="3" y="1"/>
<monster name="Amazonian" direction="2" spawntime="60" x="-3" y="3"/>
<monster name="Amazonian" direction="2" spawntime="60" x="-1" y="3"/>
<monster name="Amazonian" direction="2" spawntime="60" x="1" y="3"/>
<monster name="Amazonian" direction="2" spawntime="60" x="3" y="3"/>
<monster name="Amazonian" direction="2" spawntime="60" x="-3" y="5"/>
<monster name="Amazonian" direction="2" spawntime="60" x="-1" y="5"/>
<monster name="Amazonian" direction="2" spawntime="60" x="1" y="5"/>
<monster name="Amazonian" direction="2" spawntime="60" x="3" y="5"/>
</spawn>
<spawn centerx="1047" centery="60" centerz="15" radius="5">
<monster name="Grorlam" direction="2" spawntime="60" x="-1" y="-1"/>
<monster name="Grorlam" direction="2" spawntime="60" x="-1" y="1"/>
</spawn>
<spawn centerx="1055" centery="60" centerz="15" radius="5">
<monster name="Vlad Tepes" direction="2" spawntime="60" x="5" y="-3"/>
<monster name="Ancient Necropharus" direction="2" spawntime="60" x="-1" y="-1"/>
<monster name="Ancient Necropharus" direction="2" spawntime="60" x="1" y="-1"/>
<monster name="Vlad Tepes" direction="2" spawntime="60" x="5" y="-1"/>
<monster name="Ancient Necropharus" direction="2" spawntime="60" x="-1" y="1"/>
<monster name="Ancient Necropharus" direction="2" spawntime="60" x="1" y="1"/>
<monster name="Vlad Tepes" direction="2" spawntime="60" x="5" y="1"/>
<monster name="Vlad Tepes" direction="2" spawntime="60" x="5" y="3"/>
</spawn>
<spawn centerx="1063" centery="60" centerz="15" radius="5">
<monster name="Vlad Tepes" direction="2" spawntime="60" x="-1" y="-3"/>
<monster name="Vlad Tepes" direction="2" spawntime="60" x="1" y="-3"/>
<monster name="Vlad Tepes" direction="2" spawntime="60" x="3" y="-3"/>
<monster name="Vlad Tepes" direction="2" spawntime="60" x="1" y="-2"/>
<monster name="Vlad Tepes" direction="2" spawntime="60" x="-1" y="-1"/>
<monster name="Vlad Tepes" direction="2" spawntime="60" x="1" y="-1"/>
<monster name="Vlad Tepes" direction="2" spawntime="60" x="3" y="-1"/>
<monster name="Vlad Tepes" direction="2" spawntime="60" x="-1" y="1"/>
<monster name="Vlad Tepes" direction="2" spawntime="60" x="1" y="1"/>
<monster name="Vlad Tepes" direction="2" spawntime="60" x="3" y="1"/>
<monster name="Vlad Tepes" direction="2" spawntime="60" x="-1" y="3"/>
<monster name="Vlad Tepes" direction="2" spawntime="60" x="1" y="3"/>
<monster name="Vlad Tepes" direction="2" spawntime="60" x="3" y="3"/>
<monster name="Vlad Tepes" direction="2" spawntime="60" x="-2" y="4"/>
<monster name="Vlad Tepes" direction="2" spawntime="60" x="2" y="4"/>
<monster name="Vlad Tepes" direction="2" spawntime="60" x="0" y="5"/>
</spawn>
<spawn centerx="25" centery="61" centerz="15" radius="5">
<monster name="ultralisk" direction="2" spawntime="60" x="-3" y="0"/>
<monster name="ultralisk" direction="2" spawntime="60" x="-1" y="0"/>
<monster name="ultralisk" direction="2" spawntime="60" x="1" y="0"/>
<monster name="ultralisk" direction="2" spawntime="60" x="3" y="0"/>
<monster name="ultralisk" direction="2" spawntime="60" x="-3" y="2"/>
<monster name="ultralisk" direction="2" spawntime="60" x="-1" y="2"/>
<monster name="ultralisk" direction="2" spawntime="60" x="1" y="2"/>
<monster name="ultralisk" direction="2" spawntime="60" x="3" y="2"/>
<monster name="ultralisk" direction="2" spawntime="60" x="-3" y="4"/>
<monster name="ultralisk" direction="2" spawntime="60" x="-1" y="4"/>
<monster name="ultralisk" direction="2" spawntime="60" x="1" y="4"/>
<monster name="ultralisk" direction="2" spawntime="60" x="3" y="4"/>
</spawn>
<spawn centerx="49" centery="61" centerz="15" radius="5">
<monster name="Demonic Summoner" direction="2" spawntime="60" x="-3" y="-1"/>
<monster name="Demonic Summoner" direction="2" spawntime="60" x="-1" y="-1"/>
<monster name="Demonic Summoner" direction="2" spawntime="60" x="1" y="-1"/>
<monster name="Demonic Summoner" direction="2" spawntime="60" x="3" y="-1"/>
<monster name="Demonic Summoner" direction="2" spawntime="60" x="-3" y="1"/>
<monster name="Demonic Summoner" direction="2" spawntime="60" x="-1" y="1"/>
<monster name="Demonic Summoner" direction="2" spawntime="60" x="1" y="1"/>
<monster name="Demonic Summoner" direction="2" spawntime="60" x="3" y="1"/>
<monster name="Demonic Summoner" direction="2" spawntime="60" x="-3" y="3"/>
<monster name="Demonic Summoner" direction="2" spawntime="60" x="-1" y="3"/>
<monster name="Demonic Summoner" direction="2" spawntime="60" x="1" y="3"/>
<monster name="Demonic Summoner" direction="2" spawntime="60" x="3" y="3"/>
<monster name="Demonic Summoner" direction="2" spawntime="60" x="-3" y="5"/>
<monster name="Demonic Summoner" direction="2" spawntime="60" x="-1" y="5"/>
<monster name="Demonic Summoner" direction="2" spawntime="60" x="1" y="5"/>
<monster name="Demonic Summoner" direction="2" spawntime="60" x="3" y="5"/>
</spawn>
<spawn centerx="237" centery="61" centerz="15" radius="3">
<monster name="The Creator" direction="2" spawntime="60" x="1" y="-1"/>
<monster name="The Creator" direction="2" spawntime="60" x="1" y="1"/>
</spawn>
<spawn centerx="246" centery="61" centerz="15" radius="3">
<monster name="Crypt Lord" direction="2" spawntime="60" x="0" y="-1"/>
</spawn>
<spawn centerx="525" centery="61" centerz="15" radius="5">
<monster name="valkyrie commander" direction="2" spawntime="60" x="-5" y="-1"/>
<monster name="The Soul" direction="2" spawntime="60" x="0" y="-1"/>
<monster name="valkyrie commander" direction="2" spawntime="60" x="-5" y="1"/>
<monster name="The Soul" direction="2" spawntime="60" x="0" y="1"/>
<monster name="valkyrie commander" direction="2" spawntime="60" x="-5" y="3"/>
<monster name="valkyrie commander" direction="2" spawntime="60" x="-5" y="5"/>
</spawn>
<spawn centerx="533" centery="61" centerz="15" radius="5">
<monster name="Petrified Hell Hound" direction="2" spawntime="60" x="-1" y="-1"/>
<monster name="Petrified Hell Hound" direction="2" spawntime="60" x="1" y="-1"/>
<monster name="Vlad Tepes" direction="2" spawntime="60" x="5" y="0"/>
<monster name="Petrified Hell Hound" direction="2" spawntime="60" x="-1" y="1"/>
<monster name="Petrified Hell Hound" direction="2" spawntime="60" x="1" y="1"/>
<monster name="Vlad Tepes" direction="2" spawntime="60" x="5" y="2"/>
<monster name="Vlad Tepes" direction="2" spawntime="60" x="5" y="4"/>
</spawn>
<spawn centerx="670" centery="61" centerz="15" radius="5">
<monster name="The Soul" direction="2" spawntime="60" x="0" y="-1"/>
<monster name="The Soul" direction="2" spawntime="60" x="0" y="1"/>
<monster name="valkyrie commander" direction="2" spawntime="60" x="-5" y="5"/>
</spawn>
<spawn centerx="678" centery="61" centerz="15" radius="5">
<monster name="Vlad Tepes" direction="2" spawntime="60" x="5" y="-3"/>
<monster name="Petrified Hell Hound" direction="2" spawntime="60" x="-1" y="-1"/>
<monster name="Petrified Hell Hound" direction="2" spawntime="60" x="1" y="-1"/>
<monster name="Vlad Tepes" direction="2" spawntime="60" x="5" y="0"/>
<monster name="Petrified Hell Hound" direction="2" spawntime="60" x="-1" y="1"/>
<monster name="Petrified Hell Hound" direction="2" spawntime="60" x="1" y="1"/>
<monster name="Vlad Tepes" direction="2" spawntime="60" x="5" y="2"/>
<monster name="Vlad Tepes" direction="2" spawntime="60" x="5" y="4"/>
</spawn>
<spawn centerx="686" centery="61" centerz="15" radius="5">
<monster name="Vlad Tepes" direction="2" spawntime="60" x="-1" y="-3"/>
<monster name="Vlad Tepes" direction="2" spawntime="60" x="1" y="-3"/>
<monster name="Vlad Tepes" direction="2" spawntime="60" x="3" y="-3"/>
<monster name="Vlad Tepes" direction="2" spawntime="60" x="-1" y="0"/>
<monster name="Vlad Tepes" direction="2" spawntime="60" x="1" y="0"/>
<monster name="Vlad Tepes" direction="2" spawntime="60" x="3" y="0"/>
<monster name="Vlad Tepes" direction="2" spawntime="60" x="-1" y="2"/>
<monster name="Vlad Tepes" direction="2" spawntime="60" x="1" y="2"/>
<monster name="Vlad Tepes" direction="2" spawntime="60" x="3" y="2"/>
<monster name="Vlad Tepes" direction="2" spawntime="60" x="-1" y="4"/>
<monster name="Vlad Tepes" direction="2" spawntime="60" x="1" y="4"/>
<monster name="Vlad Tepes" direction="2" spawntime="60" x="3" y="4"/>
</spawn>
<spawn centerx="738" centery="61" centerz="15" radius="5">
<monster name="ultralisk" direction="2" spawntime="60" x="-3" y="-1"/>
<monster name="ultralisk" direction="2" spawntime="60" x="-1" y="-1"/>
<monster name="ultralisk" direction="2" spawntime="60" x="1" y="-1"/>
<monster name="ultralisk" direction="2" spawntime="60" x="-3" y="1"/>
<monster name="ultralisk" direction="2" spawntime="60" x="-1" y="1"/>
<monster name="ultralisk" direction="2" spawntime="60" x="1" y="1"/>
<monster name="ultralisk" direction="2" spawntime="60" x="3" y="1"/>
<monster name="ultralisk" direction="2" spawntime="60" x="-3" y="3"/>
<monster name="ultralisk" direction="2" spawntime="60" x="-1" y="3"/>
<monster name="ultralisk" direction="2" spawntime="60" x="1" y="3"/>
<monster name="ultralisk" direction="2" spawntime="60" x="3" y="3"/>
<monster name="ultralisk" direction="2" spawntime="60" x="-3" y="5"/>
<monster name="ultralisk" direction="2" spawntime="60" x="-1" y="5"/>
<monster name="ultralisk" direction="2" spawntime="60" x="1" y="5"/>
<monster name="ultralisk" direction="2" spawntime="60" x="3" y="5"/>
</spawn>
<spawn centerx="811" centery="61" centerz="15" radius="5">
<monster name="The Creator" direction="2" spawntime="60" x="0" y="-1"/>
<monster name="The Creator" direction="2" spawntime="60" x="0" y="1"/>
<monster name="ultralisk" direction="2" spawntime="60" x="-5" y="5"/>
</spawn>
<spawn centerx="819" centery="61" centerz="15" radius="5">
<monster name="Crypt Lord" direction="2" spawntime="60" x="-1" y="0"/>
<monster name="Demonic Summoner" direction="2" spawntime="60" x="5" y="5"/>
</spawn>
<spawn centerx="1022" centery="61" centerz="15" radius="5">
<monster name="Vlad Tepes" direction="2" spawntime="60" x="-3" y="-3"/>
<monster name="Vlad Tepes" direction="2" spawntime="60" x="-1" y="-3"/>
<monster name="Vlad Tepes" direction="2" spawntime="60" x="1" y="-3"/>
<monster name="Vlad Tepes" direction="2" spawntime="60" x="3" y="-3"/>
<monster name="Vlad Tepes" direction="2" spawntime="60" x="-3" y="-1"/>
<monster name="Vlad Tepes" direction="2" spawntime="60" x="-1" y="-1"/>
<monster name="Vlad Tepes" direction="2" spawntime="60" x="1" y="-1"/>
<monster name="Vlad Tepes" direction="2" spawntime="60" x="3" y="-1"/>
<monster name="Vlad Tepes" direction="2" spawntime="60" x="-3" y="1"/>
<monster name="Vlad Tepes" direction="2" spawntime="60" x="-1" y="1"/>
<monster name="Vlad Tepes" direction="2" spawntime="60" x="1" y="1"/>
<monster name="Vlad Tepes" direction="2" spawntime="60" x="3" y="1"/>
<monster name="Vlad Tepes" direction="2" spawntime="60" x="-3" y="3"/>
<monster name="Vlad Tepes" direction="2" spawntime="60" x="-1" y="3"/>
<monster name="Vlad Tepes" direction="2" spawntime="60" x="1" y="3"/>
<monster name="Vlad Tepes" direction="2" spawntime="60" x="3" y="3"/>
</spawn>
<spawn centerx="1154" centery="62" centerz="15" radius="5">
<monster name="Amazonian" direction="2" spawntime="60" x="-3" y="-4"/>
<monster name="Amazonian" direction="2" spawntime="60" x="-1" y="-4"/>
<monster name="Amazonian" direction="2" spawntime="60" x="1" y="-4"/>
<monster name="Amazonian" direction="2" spawntime="60" x="-3" y="-3"/>
<monster name="Amazonian" direction="2" spawntime="60" x="-1" y="-3"/>
<monster name="Amazonian" direction="2" spawntime="60" x="1" y="-3"/>
<monster name="Amazonian" direction="2" spawntime="60" x="3" y="-3"/>
<monster name="Amazonian" direction="2" spawntime="60" x="-3" y="-1"/>
<monster name="Amazonian" direction="2" spawntime="60" x="-1" y="-1"/>
<monster name="Amazonian" direction="2" spawntime="60" x="1" y="-1"/>
<monster name="Amazonian" direction="2" spawntime="60" x="3" y="-1"/>
<monster name="Amazonian" direction="2" spawntime="60" x="-3" y="1"/>
<monster name="Amazonian" direction="2" spawntime="60" x="-1" y="1"/>
<monster name="Amazonian" direction="2" spawntime="60" x="1" y="1"/>
<monster name="Amazonian" direction="2" spawntime="60" x="3" y="1"/>
<monster name="Amazonian" direction="2" spawntime="60" x="-3" y="3"/>
<monster name="Amazonian" direction="2" spawntime="60" x="-1" y="3"/>
<monster name="Amazonian" direction="2" spawntime="60" x="1" y="3"/>
<monster name="Amazonian" direction="2" spawntime="60" x="3" y="3"/>
</spawn>
<spawn centerx="152" centery="63" centerz="15" radius="5">
<monster name="Soul Destroyer" direction="2" spawntime="60" x="-3" y="-3"/>
<monster name="Soul Destroyer" direction="2" spawntime="60" x="0" y="-3"/>
<monster name="Soul Destroyer" direction="2" spawntime="60" x="3" y="-3"/>
<monster name="Soul Destroyer" direction="2" spawntime="60" x="0" y="-1"/>
<monster name="Soul Destroyer" direction="2" spawntime="60" x="-3" y="0"/>
<monster name="Soul Destroyer" direction="2" spawntime="60" x="3" y="0"/>
<monster name="Soul Destroyer" direction="2" spawntime="60" x="0" y="1"/>
<monster name="Soul Destroyer" direction="2" spawntime="60" x="-3" y="4"/>
<monster name="Soul Destroyer" direction="2" spawntime="60" x="0" y="4"/>
<monster name="Soul Destroyer" direction="2" spawntime="60" x="3" y="4"/>
</spawn>
<spawn centerx="517" centery="63" centerz="15" radius="5">
<monster name="valkyrie commander" direction="2" spawntime="60" x="-3" y="-3"/>
<monster name="valkyrie commander" direction="2" spawntime="60" x="-1" y="-3"/>
<monster name="valkyrie commander" direction="2" spawntime="60" x="1" y="-3"/>
<monster name="valkyrie commander" direction="2" spawntime="60" x="-3" y="-1"/>
<monster name="valkyrie commander" direction="2" spawntime="60" x="-1" y="-1"/>
<monster name="valkyrie commander" direction="2" spawntime="60" x="1" y="-1"/>
<monster name="valkyrie commander" direction="2" spawntime="60" x="-3" y="1"/>
<monster name="valkyrie commander" direction="2" spawntime="60" x="-1" y="1"/>
<monster name="valkyrie commander" direction="2" spawntime="60" x="1" y="1"/>
<monster name="valkyrie commander" direction="2" spawntime="60" x="-3" y="3"/>
<monster name="valkyrie commander" direction="2" spawntime="60" x="-1" y="3"/>
<monster name="valkyrie commander" direction="2" spawntime="60" x="1" y="3"/>
<monster name="valkyrie commander" direction="2" spawntime="60" x="-3" y="5"/>
<monster name="valkyrie commander" direction="2" spawntime="60" x="-1" y="5"/>
<monster name="valkyrie commander" direction="2" spawntime="60" x="1" y="5"/>
<monster name="valkyrie commander" direction="2" spawntime="60" x="3" y="5"/>
</spawn>
<spawn centerx="541" centery="63" centerz="15" radius="5">
<monster name="Vlad Tepes" direction="2" spawntime="60" x="-1" y="-2"/>
<monster name="Vlad Tepes" direction="2" spawntime="60" x="1" y="-2"/>
<monster name="Vlad Tepes" direction="2" spawntime="60" x="3" y="-2"/>
<monster name="Vlad Tepes" direction="2" spawntime="60" x="-1" y="0"/>
<monster name="Vlad Tepes" direction="2" spawntime="60" x="1" y="0"/>
<monster name="Vlad Tepes" direction="2" spawntime="60" x="3" y="0"/>
<monster name="Vlad Tepes" direction="2" spawntime="60" x="-1" y="2"/>
<monster name="Vlad Tepes" direction="2" spawntime="60" x="1" y="2"/>
<monster name="Vlad Tepes" direction="2" spawntime="60" x="3" y="2"/>
<monster name="Vlad Tepes" direction="2" spawntime="60" x="-3" y="4"/>
<monster name="Vlad Tepes" direction="2" spawntime="60" x="-1" y="4"/>
<monster name="Vlad Tepes" direction="2" spawntime="60" x="1" y="4"/>
<monster name="Vlad Tepes" direction="2" spawntime="60" x="3" y="4"/>
</spawn>
<spawn centerx="373" centery="64" centerz="15" radius="5">
<monster name="ultralisk" direction="2" spawntime="60" x="-3" y="-3"/>
<monster name="ultralisk" direction="2" spawntime="60" x="-1" y="-3"/>
<monster name="ultralisk" direction="2" spawntime="60" x="1" y="-3"/>
<monster name="ultralisk" direction="2" spawntime="60" x="3" y="-3"/>
<monster name="ultralisk" direction="2" spawntime="60" x="-3" y="-1"/>
<monster name="ultralisk" direction="2" spawntime="60" x="-1" y="-1"/>
<monster name="ultralisk" direction="2" spawntime="60" x="1" y="-1"/>
<monster name="ultralisk" direction="2" spawntime="60" x="3" y="-1"/>
<monster name="ultralisk" direction="2" spawntime="60" x="-3" y="1"/>
<monster name="ultralisk" direction="2" spawntime="60" x="-1" y="1"/>
<monster name="ultralisk" direction="2" spawntime="60" x="1" y="1"/>
<monster name="ultralisk" direction="2" spawntime="60" x="3" y="1"/>
<monster name="ultralisk" direction="2" spawntime="60" x="-3" y="3"/>
<monster name="ultralisk" direction="2" spawntime="60" x="-1" y="3"/>
<monster name="ultralisk" direction="2" spawntime="60" x="1" y="3"/>
<monster name="ultralisk" direction="2" spawntime="60" x="3" y="3"/>
<monster name="ultralisk" direction="2" spawntime="60" x="-3" y="5"/>
<monster name="ultralisk" direction="2" spawntime="60" x="-1" y="5"/>
<monster name="ultralisk" direction="2" spawntime="60" x="1" y="5"/>
<monster name="ultralisk" direction="2" spawntime="60" x="3" y="5"/>
</spawn>
<spawn centerx="397" centery="64" centerz="15" radius="5">
<monster name="Demonic Summoner" direction="2" spawntime="60" x="-3" y="-3"/>
<monster name="Demonic Summoner" direction="2" spawntime="60" x="-1" y="-3"/>
<monster name="Demonic Summoner" direction="2" spawntime="60" x="1" y="-3"/>
<monster name="Demonic Summoner" direction="2" spawntime="60" x="3" y="-3"/>
<monster name="Demonic Summoner" direction="2" spawntime="60" x="-3" y="-1"/>
<monster name="Demonic Summoner" direction="2" spawntime="60" x="-1" y="-1"/>
<monster name="Demonic Summoner" direction="2" spawntime="60" x="1" y="-1"/>
<monster name="Demonic Summoner" direction="2" spawntime="60" x="3" y="-1"/>
<monster name="Demonic Summoner" direction="2" spawntime="60" x="-3" y="1"/>
<monster name="Demonic Summoner" direction="2" spawntime="60" x="-1" y="1"/>
<monster name="Demonic Summoner" direction="2" spawntime="60" x="1" y="1"/>
<monster name="Demonic Summoner" direction="2" spawntime="60" x="3" y="1"/>
<monster name="Demonic Summoner" direction="2" spawntime="60" x="-3" y="3"/>
<monster name="Demonic Summoner" direction="2" spawntime="60" x="-1" y="3"/>
<monster name="Demonic Summoner" direction="2" spawntime="60" x="1" y="3"/>
<monster name="Demonic Summoner" direction="2" spawntime="60" x="3" y="3"/>
<monster name="Demonic Summoner" direction="2" spawntime="60" x="-3" y="5"/>
<monster name="Demonic Summoner" direction="2" spawntime="60" x="-1" y="5"/>
<monster name="Demonic Summoner" direction="2" spawntime="60" x="1" y="5"/>
<monster name="Demonic Summoner" direction="2" spawntime="60" x="3" y="5"/>
</spawn>
<spawn centerx="438" centery="64" centerz="15" radius="5">
<monster name="ultralisk" direction="2" spawntime="60" x="-3" y="-2"/>
<monster name="ultralisk" direction="2" spawntime="60" x="-1" y="-2"/>
<monster name="ultralisk" direction="2" spawntime="60" x="1" y="-2"/>
<monster name="ultralisk" direction="2" spawntime="60" x="3" y="-2"/>
<monster name="ultralisk" direction="2" spawntime="60" x="-3" y="0"/>
<monster name="ultralisk" direction="2" spawntime="60" x="-1" y="0"/>
<monster name="ultralisk" direction="2" spawntime="60" x="1" y="0"/>
<monster name="ultralisk" direction="2" spawntime="60" x="3" y="0"/>
<monster name="ultralisk" direction="2" spawntime="60" x="-3" y="2"/>
<monster name="ultralisk" direction="2" spawntime="60" x="-1" y="2"/>
<monster name="ultralisk" direction="2" spawntime="60" x="1" y="2"/>
<monster name="ultralisk" direction="2" spawntime="60" x="3" y="2"/>
<monster name="ultralisk" direction="2" spawntime="60" x="-3" y="4"/>
<monster name="ultralisk" direction="2" spawntime="60" x="-1" y="4"/>
<monster name="ultralisk" direction="2" spawntime="60" x="1" y="4"/>
<monster name="ultralisk" direction="2" spawntime="60" x="3" y="4"/>
</spawn>
<spawn centerx="462" centery="64" centerz="15" radius="5">
<monster name="Demonic Summoner" direction="2" spawntime="60" x="-3" y="-2"/>
<monster name="Demonic Summoner" direction="2" spawntime="60" x="-1" y="-2"/>
<monster name="Demonic Summoner" direction="2" spawntime="60" x="1" y="-2"/>
<monster name="Demonic Summoner" direction="2" spawntime="60" x="3" y="-2"/>
<monster name="Demonic Summoner" direction="2" spawntime="60" x="-3" y="0"/>
<monster name="Demonic Summoner" direction="2" spawntime="60" x="-1" y="0"/>
<monster name="Demonic Summoner" direction="2" spawntime="60" x="1" y="0"/>
<monster name="Demonic Summoner" direction="2" spawntime="60" x="3" y="0"/>
<monster name="Demonic Summoner" direction="2" spawntime="60" x="-3" y="2"/>
<monster name="Demonic Summoner" direction="2" spawntime="60" x="-1" y="2"/>
<monster name="Demonic Summoner" direction="2" spawntime="60" x="1" y="2"/>
<monster name="Demonic Summoner" direction="2" spawntime="60" x="3" y="2"/>
<monster name="Demonic Summoner" direction="2" spawntime="60" x="-3" y="4"/>
<monster name="Demonic Summoner" direction="2" spawntime="60" x="-1" y="4"/>
<monster name="Demonic Summoner" direction="2" spawntime="60" x="1" y="4"/>
<monster name="Demonic Summoner" direction="2" spawntime="60" x="3" y="4"/>
</spawn>
<spawn centerx="1109" centery="64" centerz="15" radius="5">
<monster name="Vlad Tepes" direction="2" spawntime="60" x="-1" y="-2"/>
<monster name="Vlad Tepes" direction="2" spawntime="60" x="1" y="-2"/>
<monster name="Vlad Tepes" direction="2" spawntime="60" x="3" y="-2"/>
<monster name="Vlad Tepes" direction="2" spawntime="60" x="-3" y="0"/>
<monster name="Vlad Tepes" direction="2" spawntime="60" x="-1" y="0"/>
<monster name="Vlad Tepes" direction="2" spawntime="60" x="1" y="0"/>
<monster name="Vlad Tepes" direction="2" spawntime="60" x="3" y="0"/>
<monster name="Vlad Tepes" direction="2" spawntime="60" x="-3" y="2"/>
<monster name="Vlad Tepes" direction="2" spawntime="60" x="-1" y="2"/>
<monster name="Vlad Tepes" direction="2" spawntime="60" x="1" y="2"/>
<monster name="Vlad Tepes" direction="2" spawntime="60" x="3" y="2"/>
<monster name="Vlad Tepes" direction="2" spawntime="60" x="-3" y="4"/>
<monster name="Vlad Tepes" direction="2" spawntime="60" x="-1" y="4"/>
<monster name="Vlad Tepes" direction="2" spawntime="60" x="1" y="4"/>
<monster name="Vlad Tepes" direction="2" spawntime="60" x="3" y="4"/>
</spawn>
<spawn centerx="1161" centery="64" centerz="15" radius="5">
<monster name="The Soul" direction="2" spawntime="60" x="1" y="-1"/>
<monster name="The Soul" direction="2" spawntime="60" x="0" y="2"/>
<monster name="Amazonian" direction="2" spawntime="60" x="-4" y="4"/>
<monster name="Amazonian" direction="2" spawntime="60" x="-4" y="5"/>
</spawn>
<spawn centerx="32" centery="65" centerz="15" radius="3">
<monster name="Lizard King" direction="2" spawntime="60" x="1" y="0"/>
</spawn>
<spawn centerx="41" centery="65" centerz="15" radius="3">
<monster name="Demonic Acolyte" direction="2" spawntime="60" x="-1" y="0"/>
</spawn>
<spawn centerx="746" centery="65" centerz="15" radius="5">
<monster name="Lizard King" direction="2" spawntime="60" x="0" y="0"/>
<monster name="ultralisk" direction="2" spawntime="60" x="-5" y="3"/>
<monster name="ultralisk" direction="2" spawntime="60" x="-5" y="5"/>
</spawn>
<spawn centerx="754" centery="65" centerz="15" radius="5">
<monster name="Demonic Acolyte" direction="2" spawntime="60" x="-1" y="0"/>
<monster name="Demonic Summoner" direction="2" spawntime="60" x="5" y="1"/>
<monster name="Demonic Summoner" direction="2" spawntime="60" x="5" y="4"/>
</spawn>
<spawn centerx="937" centery="65" centerz="15" radius="5">
<monster name="ultralisk" direction="2" spawntime="60" x="-3" y="-2"/>
<monster name="ultralisk" direction="2" spawntime="60" x="-1" y="-2"/>
<monster name="ultralisk" direction="2" spawntime="60" x="1" y="-2"/>
<monster name="ultralisk" direction="2" spawntime="60" x="-3" y="0"/>
<monster name="ultralisk" direction="2" spawntime="60" x="-1" y="0"/>
<monster name="ultralisk" direction="2" spawntime="60" x="1" y="0"/>
<monster name="ultralisk" direction="2" spawntime="60" x="3" y="0"/>
<monster name="ultralisk" direction="2" spawntime="60" x="-3" y="2"/>
<monster name="ultralisk" direction="2" spawntime="60" x="-1" y="2"/>
<monster name="ultralisk" direction="2" spawntime="60" x="1" y="2"/>
<monster name="ultralisk" direction="2" spawntime="60" x="3" y="2"/>
<monster name="ultralisk" direction="2" spawntime="60" x="-3" y="4"/>
<monster name="ultralisk" direction="2" spawntime="60" x="-1" y="4"/>
<monster name="ultralisk" direction="2" spawntime="60" x="1" y="4"/>
<monster name="ultralisk" direction="2" spawntime="60" x="3" y="4"/>
</spawn>
<spawn centerx="961" centery="65" centerz="15" radius="5">
<monster name="Demonic Summoner" direction="2" spawntime="60" x="-1" y="-2"/>
<monster name="Demonic Summoner" direction="2" spawntime="60" x="1" y="-2"/>
<monster name="Demonic Summoner" direction="2" spawntime="60" x="3" y="-2"/>
<monster name="Demonic Summoner" direction="2" spawntime="60" x="-3" y="1"/>
<monster name="Demonic Summoner" direction="2" spawntime="60" x="-1" y="1"/>
<monster name="Demonic Summoner" direction="2" spawntime="60" x="1" y="1"/>
<monster name="Demonic Summoner" direction="2" spawntime="60" x="3" y="1"/>
<monster name="Demonic Summoner" direction="2" spawntime="60" x="-3" y="4"/>
<monster name="Demonic Summoner" direction="2" spawntime="60" x="-1" y="4"/>
<monster name="Demonic Summoner" direction="2" spawntime="60" x="1" y="4"/>
<monster name="Demonic Summoner" direction="2" spawntime="60" x="3" y="4"/>
</spawn>
<spawn centerx="986" centery="65" centerz="15" radius="5">
<monster name="Amazonian" direction="2" spawntime="60" x="-3" y="-1"/>
<monster name="Amazonian" direction="2" spawntime="60" x="-1" y="-1"/>
<monster name="Amazonian" direction="2" spawntime="60" x="1" y="-1"/>
<monster name="Amazonian" direction="2" spawntime="60" x="3" y="-1"/>
<monster name="Amazonian" direction="2" spawntime="60" x="-3" y="1"/>
<monster name="Amazonian" direction="2" spawntime="60" x="-1" y="1"/>
<monster name="Amazonian" direction="2" spawntime="60" x="1" y="1"/>
<monster name="Amazonian" direction="2" spawntime="60" x="3" y="1"/>
<monster name="Amazonian" direction="2" spawntime="60" x="-3" y="3"/>
<monster name="Amazonian" direction="2" spawntime="60" x="-1" y="3"/>
<monster name="Amazonian" direction="2" spawntime="60" x="1" y="3"/>
<monster name="Amazonian" direction="2" spawntime="60" x="3" y="3"/>
<monster name="Amazonian" direction="2" spawntime="60" x="-3" y="5"/>
<monster name="Amazonian" direction="2" spawntime="60" x="-1" y="5"/>
<monster name="Amazonian" direction="2" spawntime="60" x="1" y="5"/>
<monster name="Amazonian" direction="2" spawntime="60" x="3" y="5"/>
</spawn>
<spawn centerx="995" centery="65" centerz="15" radius="5">
<monster name="The Soul" direction="2" spawntime="60" x="-2" y="-1"/>
<monster name="The Soul" direction="2" spawntime="60" x="-2" y="1"/>
</spawn>
<spawn centerx="1001" centery="65" centerz="15" radius="5">
<monster name="Petrified Hell Hound" direction="2" spawntime="60" x="0" y="-1"/>
<monster name="Petrified Hell Hound" direction="2" spawntime="60" x="2" y="-1"/>
<monster name="Petrified Hell Hound" direction="2" spawntime="60" x="0" y="1"/>
<monster name="Petrified Hell Hound" direction="2" spawntime="60" x="2" y="1"/>
</spawn>
<spawn centerx="1010" centery="65" centerz="15" radius="5">
<monster name="Vlad Tepes" direction="2" spawntime="60" x="-3" y="-4"/>
<monster name="Vlad Tepes" direction="2" spawntime="60" x="-1" y="-4"/>
<monster name="Vlad Tepes" direction="2" spawntime="60" x="1" y="-4"/>
<monster name="Vlad Tepes" direction="2" spawntime="60" x="3" y="-4"/>
<monster name="Vlad Tepes" direction="2" spawntime="60" x="-3" y="-2"/>
<monster name="Vlad Tepes" direction="2" spawntime="60" x="-1" y="-2"/>
<monster name="Vlad Tepes" direction="2" spawntime="60" x="1" y="-2"/>
<monster name="Vlad Tepes" direction="2" spawntime="60" x="3" y="-2"/>
<monster name="Vlad Tepes" direction="2" spawntime="60" x="-3" y="0"/>
<monster name="Vlad Tepes" direction="2" spawntime="60" x="-1" y="0"/>
<monster name="Vlad Tepes" direction="2" spawntime="60" x="1" y="0"/>
<monster name="Vlad Tepes" direction="2" spawntime="60" x="3" y="0"/>
<monster name="Vlad Tepes" direction="2" spawntime="60" x="-3" y="2"/>
<monster name="Vlad Tepes" direction="2" spawntime="60" x="-1" y="2"/>
<monster name="Vlad Tepes" direction="2" spawntime="60" x="1" y="2"/>
<monster name="Vlad Tepes" direction="2" spawntime="60" x="3" y="2"/>
<monster name="Vlad Tepes" direction="2" spawntime="60" x="-3" y="4"/>
<monster name="Vlad Tepes" direction="2" spawntime="60" x="-1" y="4"/>
<monster name="Vlad Tepes" direction="2" spawntime="60" x="1" y="4"/>
<monster name="Vlad Tepes" direction="2" spawntime="60" x="3" y="4"/>
</spawn>
<spawn centerx="1178" centery="65" centerz="15" radius="5">
<monster name="Vlad Tepes" direction="2" spawntime="60" x="-3" y="-4"/>
<monster name="Vlad Tepes" direction="2" spawntime="60" x="-1" y="-4"/>
<monster name="Vlad Tepes" direction="2" spawntime="60" x="1" y="-4"/>
<monster name="Vlad Tepes" direction="2" spawntime="60" x="3" y="-4"/>
<monster name="Vlad Tepes" direction="2" spawntime="60" x="-3" y="-2"/>
<monster name="Vlad Tepes" direction="2" spawntime="60" x="-1" y="-2"/>
<monster name="Vlad Tepes" direction="2" spawntime="60" x="1" y="-2"/>
<monster name="Vlad Tepes" direction="2" spawntime="60" x="3" y="-2"/>
<monster name="Vlad Tepes" direction="2" spawntime="60" x="-3" y="0"/>
<monster name="Vlad Tepes" direction="2" spawntime="60" x="-1" y="0"/>
<monster name="Vlad Tepes" direction="2" spawntime="60" x="1" y="0"/>
<monster name="Vlad Tepes" direction="2" spawntime="60" x="3" y="0"/>
<monster name="Vlad Tepes" direction="2" spawntime="60" x="-3" y="2"/>
<monster name="Vlad Tepes" direction="2" spawntime="60" x="-1" y="2"/>
<monster name="Vlad Tepes" direction="2" spawntime="60" x="1" y="2"/>
<monster name="Vlad Tepes" direction="2" spawntime="60" x="3" y="2"/>
<monster name="Vlad Tepes" direction="2" spawntime="60" x="-3" y="4"/>
<monster name="Vlad Tepes" direction="2" spawntime="60" x="-1" y="4"/>
<monster name="Vlad Tepes" direction="2" spawntime="60" x="1" y="4"/>
<monster name="Vlad Tepes" direction="2" spawntime="60" x="3" y="4"/>
</spawn>
<spawn centerx="381" centery="66" centerz="15" radius="3">
<monster name="Lizard King" direction="2" spawntime="60" x="1" y="0"/>
</spawn>
<spawn centerx="389" centery="66" centerz="15" radius="3">
<monster name="Demonic Acolyte" direction="2" spawntime="60" x="-1" y="0"/>
</spawn>
<spawn centerx="597" centery="66" centerz="15" radius="5">
<monster name="ultralisk" direction="2" spawntime="60" x="-3" y="-2"/>
<monster name="ultralisk" direction="2" spawntime="60" x="-1" y="-2"/>
<monster name="ultralisk" direction="2" spawntime="60" x="1" y="-2"/>
<monster name="ultralisk" direction="2" spawntime="60" x="-3" y="0"/>
<monster name="ultralisk" direction="2" spawntime="60" x="-1" y="0"/>
<monster name="ultralisk" direction="2" spawntime="60" x="1" y="0"/>
<monster name="ultralisk" direction="2" spawntime="60" x="3" y="0"/>
<monster name="ultralisk" direction="2" spawntime="60" x="-3" y="2"/>
<monster name="ultralisk" direction="2" spawntime="60" x="-1" y="2"/>
<monster name="ultralisk" direction="2" spawntime="60" x="1" y="2"/>
<monster name="ultralisk" direction="2" spawntime="60" x="3" y="2"/>
<monster name="ultralisk" direction="2" spawntime="60" x="-3" y="4"/>
<monster name="ultralisk" direction="2" spawntime="60" x="-1" y="4"/>
<monster name="ultralisk" direction="2" spawntime="60" x="1" y="4"/>
<monster name="ultralisk" direction="2" spawntime="60" x="3" y="4"/>
</spawn>
<spawn centerx="621" centery="66" centerz="15" radius="5">
<monster name="Demonic Summoner" direction="2" spawntime="60" x="-1" y="-2"/>
<monster name="Demonic Summoner" direction="2" spawntime="60" x="1" y="-2"/>
<monster name="Demonic Summoner" direction="2" spawntime="60" x="3" y="-2"/>
<monster name="Demonic Summoner" direction="2" spawntime="60" x="-3" y="0"/>
<monster name="Demonic Summoner" direction="2" spawntime="60" x="-1" y="0"/>
<monster name="Demonic Summoner" direction="2" spawntime="60" x="1" y="0"/>
<monster name="Demonic Summoner" direction="2" spawntime="60" x="3" y="0"/>
<monster name="Demonic Summoner" direction="2" spawntime="60" x="-3" y="2"/>
<monster name="Demonic Summoner" direction="2" spawntime="60" x="-1" y="2"/>
<monster name="Demonic Summoner" direction="2" spawntime="60" x="1" y="2"/>
<monster name="Demonic Summoner" direction="2" spawntime="60" x="3" y="2"/>
<monster name="Demonic Summoner" direction="2" spawntime="60" x="-3" y="4"/>
<monster name="Demonic Summoner" direction="2" spawntime="60" x="-1" y="4"/>
<monster name="Demonic Summoner" direction="2" spawntime="60" x="1" y="4"/>
<monster name="Demonic Summoner" direction="2" spawntime="60" x="3" y="4"/>
</spawn>
<spawn centerx="866" centery="66" centerz="15" radius="5">
<monster name="ultralisk" direction="2" spawntime="60" x="-3" y="-2"/>
<monster name="ultralisk" direction="2" spawntime="60" x="-1" y="-2"/>
<monster name="ultralisk" direction="2" spawntime="60" x="1" y="-2"/>
<monster name="ultralisk" direction="2" spawntime="60" x="-3" y="0"/>
<monster name="ultralisk" direction="2" spawntime="60" x="-1" y="0"/>
<monster name="ultralisk" direction="2" spawntime="60" x="1" y="0"/>
<monster name="ultralisk" direction="2" spawntime="60" x="3" y="0"/>
<monster name="ultralisk" direction="2" spawntime="60" x="-3" y="2"/>
<monster name="ultralisk" direction="2" spawntime="60" x="-1" y="2"/>
<monster name="ultralisk" direction="2" spawntime="60" x="1" y="2"/>
<monster name="ultralisk" direction="2" spawntime="60" x="3" y="2"/>
<monster name="ultralisk" direction="2" spawntime="60" x="-3" y="4"/>
<monster name="ultralisk" direction="2" spawntime="60" x="-1" y="4"/>
<monster name="ultralisk" direction="2" spawntime="60" x="1" y="4"/>
<monster name="ultralisk" direction="2" spawntime="60" x="3" y="4"/>
</spawn>
<spawn centerx="890" centery="66" centerz="15" radius="5">
<monster name="Demonic Summoner" direction="2" spawntime="60" x="-1" y="-2"/>
<monster name="Demonic Summoner" direction="2" spawntime="60" x="1" y="-2"/>
<monster name="Demonic Summoner" direction="2" spawntime="60" x="3" y="-2"/>
<monster name="Demonic Summoner" direction="2" spawntime="60" x="-3" y="1"/>
<monster name="Demonic Summoner" direction="2" spawntime="60" x="-1" y="1"/>
<monster name="Demonic Summoner" direction="2" spawntime="60" x="1" y="1"/>
<monster name="Demonic Summoner" direction="2" spawntime="60" x="3" y="1"/>
<monster name="Demonic Summoner" direction="2" spawntime="60" x="-3" y="4"/>
<monster name="Demonic Summoner" direction="2" spawntime="60" x="-1" y="4"/>
<monster name="Demonic Summoner" direction="2" spawntime="60" x="1" y="4"/>
<monster name="Demonic Summoner" direction="2" spawntime="60" x="3" y="4"/>
</spawn>
<spawn centerx="1169" centery="66" centerz="15" radius="5">
<monster name="Petrified Hell Hound" direction="2" spawntime="60" x="0" y="-3"/>
<monster name="Petrified Hell Hound" direction="2" spawntime="60" x="2" y="-3"/>
<monster name="Petrified Hell Hound" direction="2" spawntime="60" x="0" y="-1"/>
<monster name="Petrified Hell Hound" direction="2" spawntime="60" x="2" y="-1"/>
</spawn>
<spawn centerx="4945" centery="66" centerz="15" radius="5">
<monster name="Nefarious Acolyte" direction="2" spawntime="60" x="-1" y="0"/>
</spawn>
<spawn centerx="446" centery="67" centerz="15" radius="3">
<monster name="Lizard King" direction="2" spawntime="60" x="1" y="0"/>
</spawn>
<spawn centerx="454" centery="67" centerz="15" radius="3">
<monster name="Demonic Acolyte" direction="2" spawntime="60" x="-1" y="0"/>
</spawn>
<spawn centerx="803" centery="67" centerz="15" radius="5">
<monster name="ultralisk" direction="2" spawntime="60" x="-3" y="-1"/>
<monster name="ultralisk" direction="2" spawntime="60" x="-1" y="-1"/>
<monster name="ultralisk" direction="2" spawntime="60" x="1" y="-1"/>
<monster name="ultralisk" direction="2" spawntime="60" x="-3" y="1"/>
<monster name="ultralisk" direction="2" spawntime="60" x="-1" y="1"/>
<monster name="ultralisk" direction="2" spawntime="60" x="1" y="1"/>
<monster name="ultralisk" direction="2" spawntime="60" x="3" y="1"/>
<monster name="ultralisk" direction="2" spawntime="60" x="-3" y="3"/>
<monster name="ultralisk" direction="2" spawntime="60" x="-1" y="3"/>
<monster name="ultralisk" direction="2" spawntime="60" x="1" y="3"/>
<monster name="ultralisk" direction="2" spawntime="60" x="3" y="3"/>
<monster name="ultralisk" direction="2" spawntime="60" x="-3" y="5"/>
<monster name="ultralisk" direction="2" spawntime="60" x="-1" y="5"/>
<monster name="ultralisk" direction="2" spawntime="60" x="1" y="5"/>
<monster name="ultralisk" direction="2" spawntime="60" x="3" y="5"/>
</spawn>
<spawn centerx="827" centery="67" centerz="15" radius="5">
<monster name="Demonic Summoner" direction="2" spawntime="60" x="-1" y="-1"/>
<monster name="Demonic Summoner" direction="2" spawntime="60" x="1" y="-1"/>
<monster name="Demonic Summoner" direction="2" spawntime="60" x="3" y="-1"/>
<monster name="Demonic Summoner" direction="2" spawntime="60" x="-3" y="2"/>
<monster name="Demonic Summoner" direction="2" spawntime="60" x="-1" y="2"/>
<monster name="Demonic Summoner" direction="2" spawntime="60" x="1" y="2"/>
<monster name="Demonic Summoner" direction="2" spawntime="60" x="3" y="2"/>
<monster name="Demonic Summoner" direction="2" spawntime="60" x="-3" y="5"/>
<monster name="Demonic Summoner" direction="2" spawntime="60" x="-1" y="5"/>
<monster name="Demonic Summoner" direction="2" spawntime="60" x="1" y="5"/>
<monster name="Demonic Summoner" direction="2" spawntime="60" x="3" y="5"/>
</spawn>
<spawn centerx="1085" centery="67" centerz="15" radius="5">
<monster name="Amazonian" direction="2" spawntime="60" x="-3" y="-3"/>
<monster name="Amazonian" direction="2" spawntime="60" x="-1" y="-3"/>
<monster name="Amazonian" direction="2" spawntime="60" x="1" y="-3"/>
<monster name="Amazonian" direction="2" spawntime="60" x="3" y="-3"/>
<monster name="Amazonian" direction="2" spawntime="60" x="-3" y="-1"/>
<monster name="Amazonian" direction="2" spawntime="60" x="-1" y="-1"/>
<monster name="Amazonian" direction="2" spawntime="60" x="1" y="-1"/>
<monster name="Amazonian" direction="2" spawntime="60" x="3" y="-1"/>
<monster name="Amazonian" direction="2" spawntime="60" x="-3" y="1"/>
<monster name="Amazonian" direction="2" spawntime="60" x="-1" y="1"/>
<monster name="Amazonian" direction="2" spawntime="60" x="1" y="1"/>
<monster name="Amazonian" direction="2" spawntime="60" x="3" y="1"/>
<monster name="Amazonian" direction="2" spawntime="60" x="-3" y="3"/>
<monster name="Amazonian" direction="2" spawntime="60" x="-1" y="3"/>
<monster name="Amazonian" direction="2" spawntime="60" x="1" y="3"/>
<monster name="Amazonian" direction="2" spawntime="60" x="3" y="3"/>
<monster name="Amazonian" direction="2" spawntime="60" x="-3" y="5"/>
<monster name="Amazonian" direction="2" spawntime="60" x="-1" y="5"/>
<monster name="Amazonian" direction="2" spawntime="60" x="1" y="5"/>
<monster name="Amazonian" direction="2" spawntime="60" x="3" y="5"/>
</spawn>
<spawn centerx="1093" centery="67" centerz="15" radius="5">
<monster name="The Soul" direction="2" spawntime="60" x="-1" y="-1"/>
<monster name="The Soul" direction="2" spawntime="60" x="-1" y="1"/>
</spawn>
<spawn centerx="1101" centery="67" centerz="15" radius="5">
<monster name="Petrified Hell Hound" direction="2" spawntime="60" x="-1" y="-1"/>
<monster name="Petrified Hell Hound" direction="2" spawntime="60" x="1" y="-1"/>
<monster name="Petrified Hell Hound" direction="2" spawntime="60" x="-1" y="1"/>
<monster name="Petrified Hell Hound" direction="2" spawntime="60" x="1" y="1"/>
<monster name="Vlad Tepes" direction="2" spawntime="60" x="5" y="3"/>
<monster name="Vlad Tepes" direction="2" spawntime="60" x="5" y="5"/>
</spawn>
<spawn centerx="230" centery="68" centerz="15" radius="5">
<monster name="ultralisk" direction="2" spawntime="60" x="-3" y="-2"/>
<monster name="ultralisk" direction="2" spawntime="60" x="-1" y="-2"/>
<monster name="ultralisk" direction="2" spawntime="60" x="1" y="-2"/>
<monster name="ultralisk" direction="2" spawntime="60" x="3" y="-2"/>
<monster name="ultralisk" direction="2" spawntime="60" x="-3" y="0"/>
<monster name="ultralisk" direction="2" spawntime="60" x="-1" y="0"/>
<monster name="ultralisk" direction="2" spawntime="60" x="1" y="0"/>
<monster name="ultralisk" direction="2" spawntime="60" x="3" y="0"/>
<monster name="ultralisk" direction="2" spawntime="60" x="-3" y="2"/>
<monster name="ultralisk" direction="2" spawntime="60" x="-1" y="2"/>
<monster name="ultralisk" direction="2" spawntime="60" x="1" y="2"/>
<monster name="ultralisk" direction="2" spawntime="60" x="3" y="2"/>
<monster name="ultralisk" direction="2" spawntime="60" x="-3" y="4"/>
<monster name="ultralisk" direction="2" spawntime="60" x="-1" y="4"/>
<monster name="ultralisk" direction="2" spawntime="60" x="1" y="4"/>
<monster name="ultralisk" direction="2" spawntime="60" x="3" y="4"/>
</spawn>
<spawn centerx="254" centery="68" centerz="15" radius="5">
<monster name="Demonic Summoner" direction="2" spawntime="60" x="-3" y="-2"/>
<monster name="Demonic Summoner" direction="2" spawntime="60" x="-1" y="-2"/>
<monster name="Demonic Summoner" direction="2" spawntime="60" x="1" y="-2"/>
<monster name="Demonic Summoner" direction="2" spawntime="60" x="3" y="-2"/>
<monster name="Demonic Summoner" direction="2" spawntime="60" x="-3" y="0"/>
<monster name="Demonic Summoner" direction="2" spawntime="60" x="-1" y="0"/>
<monster name="Demonic Summoner" direction="2" spawntime="60" x="1" y="0"/>
<monster name="Demonic Summoner" direction="2" spawntime="60" x="3" y="0"/>
<monster name="Demonic Summoner" direction="2" spawntime="60" x="-3" y="2"/>
<monster name="Demonic Summoner" direction="2" spawntime="60" x="-1" y="2"/>
<monster name="Demonic Summoner" direction="2" spawntime="60" x="1" y="2"/>
<monster name="Demonic Summoner" direction="2" spawntime="60" x="3" y="2"/>
<monster name="Demonic Summoner" direction="2" spawntime="60" x="-3" y="4"/>
<monster name="Demonic Summoner" direction="2" spawntime="60" x="-1" y="4"/>
<monster name="Demonic Summoner" direction="2" spawntime="60" x="1" y="4"/>
<monster name="Demonic Summoner" direction="2" spawntime="60" x="3" y="4"/>
</spawn>
<spawn centerx="662" centery="68" centerz="15" radius="5">
<monster name="valkyrie commander" direction="2" spawntime="60" x="-3" y="-2"/>
<monster name="valkyrie commander" direction="2" spawntime="60" x="-1" y="-2"/>
<monster name="valkyrie commander" direction="2" spawntime="60" x="1" y="-2"/>
<monster name="valkyrie commander" direction="2" spawntime="60" x="-3" y="0"/>
<monster name="valkyrie commander" direction="2" spawntime="60" x="-1" y="0"/>
<monster name="valkyrie commander" direction="2" spawntime="60" x="1" y="0"/>
<monster name="valkyrie commander" direction="2" spawntime="60" x="3" y="0"/>
<monster name="valkyrie commander" direction="2" spawntime="60" x="-3" y="2"/>
<monster name="valkyrie commander" direction="2" spawntime="60" x="-1" y="2"/>
<monster name="valkyrie commander" direction="2" spawntime="60" x="1" y="2"/>
<monster name="valkyrie commander" direction="2" spawntime="60" x="3" y="2"/>
<monster name="valkyrie commander" direction="2" spawntime="60" x="-3" y="4"/>
<monster name="valkyrie commander" direction="2" spawntime="60" x="-1" y="4"/>
<monster name="valkyrie commander" direction="2" spawntime="60" x="1" y="4"/>
<monster name="valkyrie commander" direction="2" spawntime="60" x="3" y="4"/>
</spawn>
<spawn centerx="762" centery="68" centerz="15" radius="5">
<monster name="Demonic Summoner" direction="2" spawntime="60" x="-1" y="-2"/>
<monster name="Demonic Summoner" direction="2" spawntime="60" x="1" y="-2"/>
<monster name="Demonic Summoner" direction="2" spawntime="60" x="3" y="-2"/>
<monster name="Demonic Summoner" direction="2" spawntime="60" x="-1" y="1"/>
<monster name="Demonic Summoner" direction="2" spawntime="60" x="1" y="1"/>
<monster name="Demonic Summoner" direction="2" spawntime="60" x="3" y="1"/>
<monster name="Demonic Summoner" direction="2" spawntime="60" x="-3" y="4"/>
<monster name="Demonic Summoner" direction="2" spawntime="60" x="-1" y="4"/>
<monster name="Demonic Summoner" direction="2" spawntime="60" x="1" y="4"/>
<monster name="Demonic Summoner" direction="2" spawntime="60" x="3" y="4"/>
</spawn>
<spawn centerx="945" centery="68" centerz="15" radius="5">
<monster name="Lizard King" direction="2" spawntime="60" x="0" y="0"/>
<monster name="ultralisk" direction="2" spawntime="60" x="-5" y="3"/>
<monster name="ultralisk" direction="2" spawntime="60" x="-5" y="5"/>
</spawn>
<spawn centerx="953" centery="68" centerz="15" radius="5">
<monster name="Demonic Acolyte" direction="2" spawntime="60" x="-1" y="0"/>
<monster name="Demonic Summoner" direction="2" spawntime="60" x="5" y="4"/>
</spawn>
<spawn centerx="605" centery="69" centerz="15" radius="5">
<monster name="Lizard King" direction="2" spawntime="60" x="0" y="0"/>
<monster name="ultralisk" direction="2" spawntime="60" x="-5" y="3"/>
<monster name="ultralisk" direction="2" spawntime="60" x="-5" y="5"/>
</spawn>
<spawn centerx="613" centery="69" centerz="15" radius="5">
<monster name="Demonic Acolyte" direction="2" spawntime="60" x="-1" y="0"/>
<monster name="Demonic Summoner" direction="2" spawntime="60" x="5" y="3"/>
<monster name="Demonic Summoner" direction="2" spawntime="60" x="5" y="5"/>
</spawn>
<spawn centerx="874" centery="69" centerz="15" radius="5">
<monster name="Lizard King" direction="2" spawntime="60" x="0" y="0"/>
<monster name="ultralisk" direction="2" spawntime="60" x="-5" y="3"/>
<monster name="ultralisk" direction="2" spawntime="60" x="-5" y="5"/>
</spawn>
<spawn centerx="882" centery="69" centerz="15" radius="5">
<monster name="Demonic Acolyte" direction="2" spawntime="60" x="-1" y="0"/>
<monster name="Demonic Summoner" direction="2" spawntime="60" x="5" y="4"/>
</spawn>
<spawn centerx="1039" centery="69" centerz="15" radius="5">
<monster name="Amazonian" direction="2" spawntime="60" x="-3" y="-2"/>
<monster name="Amazonian" direction="2" spawntime="60" x="-1" y="-2"/>
<monster name="Amazonian" direction="2" spawntime="60" x="1" y="-2"/>
<monster name="Amazonian" direction="2" spawntime="60" x="3" y="-2"/>
<monster name="Amazonian" direction="2" spawntime="60" x="-3" y="0"/>
<monster name="Amazonian" direction="2" spawntime="60" x="-1" y="0"/>
<monster name="Amazonian" direction="2" spawntime="60" x="1" y="0"/>
<monster name="Amazonian" direction="2" spawntime="60" x="3" y="0"/>
<monster name="Amazonian" direction="2" spawntime="60" x="-3" y="2"/>
<monster name="Amazonian" direction="2" spawntime="60" x="-1" y="2"/>
<monster name="Amazonian" direction="2" spawntime="60" x="1" y="2"/>
<monster name="Amazonian" direction="2" spawntime="60" x="3" y="2"/>
<monster name="Amazonian" direction="2" spawntime="60" x="-3" y="4"/>
<monster name="Amazonian" direction="2" spawntime="60" x="-1" y="4"/>
<monster name="Amazonian" direction="2" spawntime="60" x="1" y="4"/>
<monster name="Amazonian" direction="2" spawntime="60" x="3" y="4"/>
</spawn>
<spawn centerx="4958" centery="69" centerz="15" radius="10">
<monster name="Ghostly visage" direction="2" spawntime="60" x="1" y="-2"/>
<monster name="Ghostly visage" direction="2" spawntime="60" x="4" y="-2"/>
<monster name="Ghostly visage" direction="2" spawntime="60" x="9" y="-2"/>
<monster name="Ghostly visage" direction="2" spawntime="60" x="-6" y="-1"/>
<monster name="Ghostly visage" direction="2" spawntime="60" x="-4" y="1"/>
<monster name="Ghostly visage" direction="2" spawntime="60" x="0" y="1"/>
<monster name="Ghostly visage" direction="2" spawntime="60" x="5" y="1"/>
<monster name="Ghostly visage" direction="2" spawntime="60" x="9" y="1"/>
<monster name="Ghostly visage" direction="2" spawntime="60" x="-3" y="3"/>
<monster name="Ghostly visage" direction="2" spawntime="60" x="-7" y="4"/>
<monster name="Ghostly visage" direction="2" spawntime="60" x="3" y="4"/>
<monster name="Ghostly visage" direction="2" spawntime="60" x="7" y="4"/>
<monster name="Ghostly visage" direction="2" spawntime="60" x="2" y="6"/>
<monster name="Ghostly visage" direction="2" spawntime="60" x="-2" y="7"/>
<monster name="Ghostly visage" direction="2" spawntime="60" x="6" y="7"/>
<monster name="Ghostly visage" direction="2" spawntime="60" x="-6" y="8"/>
<monster name="Ghostly visage" direction="2" spawntime="60" x="-4" y="10"/>
<monster name="Ghostly visage" direction="2" spawntime="60" x="1" y="10"/>
<monster name="Ghostly visage" direction="2" spawntime="60" x="5" y="10"/>
<monster name="Ghostly visage" direction="2" spawntime="60" x="9" y="10"/>
</spawn>
<spawn centerx="4973" centery="69" centerz="15" radius="10">
<monster name="Ghostly visage" direction="2" spawntime="60" x="1" y="-1"/>
<monster name="Ghostly visage" direction="2" spawntime="60" x="3" y="-1"/>
<monster name="Ghostly visage" direction="2" spawntime="60" x="-1" y="1"/>
<monster name="Ghostly visage" direction="2" spawntime="60" x="4" y="1"/>
<monster name="Ghostly visage" direction="2" spawntime="60" x="2" y="3"/>
<monster name="Ghostly visage" direction="2" spawntime="60" x="-4" y="4"/>
<monster name="Ghostly visage" direction="2" spawntime="60" x="4" y="4"/>
<monster name="Ghostly visage" direction="2" spawntime="60" x="1" y="6"/>
<monster name="Ghostly visage" direction="2" spawntime="60" x="5" y="6"/>
<monster name="Ghostly visage" direction="2" spawntime="60" x="-3" y="7"/>
<monster name="Ghostly visage" direction="2" spawntime="60" x="2" y="9"/>
<monster name="Ghostly visage" direction="2" spawntime="60" x="-1" y="10"/>
<monster name="Ghostly visage" direction="2" spawntime="60" x="4" y="10"/>
</spawn>
<spawn centerx="25" centery="70" centerz="15" radius="5">
<monster name="ultralisk" direction="2" spawntime="60" x="-3" y="-3"/>
<monster name="ultralisk" direction="2" spawntime="60" x="-1" y="-3"/>
<monster name="ultralisk" direction="2" spawntime="60" x="1" y="-3"/>
<monster name="ultralisk" direction="2" spawntime="60" x="3" y="-3"/>
<monster name="ultralisk" direction="2" spawntime="60" x="-3" y="-1"/>
<monster name="ultralisk" direction="2" spawntime="60" x="-1" y="-1"/>
<monster name="ultralisk" direction="2" spawntime="60" x="1" y="-1"/>
<monster name="ultralisk" direction="2" spawntime="60" x="3" y="-1"/>
<monster name="ultralisk" direction="2" spawntime="60" x="-3" y="1"/>
<monster name="ultralisk" direction="2" spawntime="60" x="-1" y="1"/>
<monster name="ultralisk" direction="2" spawntime="60" x="1" y="1"/>
<monster name="ultralisk" direction="2" spawntime="60" x="3" y="1"/>
<monster name="Doom Lord" direction="2" spawntime="60" x="-3" y="5"/>
<monster name="Doom Lord" direction="2" spawntime="60" x="-1" y="5"/>
<monster name="Doom Lord" direction="2" spawntime="60" x="1" y="5"/>
<monster name="Doom Lord" direction="2" spawntime="60" x="3" y="5"/>
</spawn>
<spawn centerx="49" centery="70" centerz="15" radius="5">
<monster name="Demonic Summoner" direction="2" spawntime="60" x="-3" y="-2"/>
<monster name="Demonic Summoner" direction="2" spawntime="60" x="-1" y="-2"/>
<monster name="Demonic Summoner" direction="2" spawntime="60" x="1" y="-2"/>
<monster name="Demonic Summoner" direction="2" spawntime="60" x="3" y="-2"/>
<monster name="Demonic Summoner" direction="2" spawntime="60" x="-3" y="0"/>
<monster name="Demonic Summoner" direction="2" spawntime="60" x="-1" y="0"/>
<monster name="Demonic Summoner" direction="2" spawntime="60" x="1" y="0"/>
<monster name="Demonic Summoner" direction="2" spawntime="60" x="3" y="0"/>
<monster name="Flesh Fiend" direction="2" spawntime="60" x="-3" y="4"/>
<monster name="Flesh Fiend" direction="2" spawntime="60" x="-1" y="4"/>
<monster name="Flesh Fiend" direction="2" spawntime="60" x="1" y="4"/>
<monster name="Flesh Fiend" direction="2" spawntime="60" x="3" y="4"/>
</spawn>
<spawn centerx="686" centery="70" centerz="15" radius="5">
<monster name="Vlad Tepes" direction="2" spawntime="60" x="-3" y="-3"/>
<monster name="Vlad Tepes" direction="2" spawntime="60" x="-1" y="-3"/>
<monster name="Vlad Tepes" direction="2" spawntime="60" x="1" y="-3"/>
<monster name="Vlad Tepes" direction="2" spawntime="60" x="3" y="-3"/>
<monster name="Vlad Tepes" direction="2" spawntime="60" x="-3" y="-1"/>
<monster name="Vlad Tepes" direction="2" spawntime="60" x="-1" y="-1"/>
<monster name="Vlad Tepes" direction="2" spawntime="60" x="1" y="-1"/>
<monster name="Vlad Tepes" direction="2" spawntime="60" x="3" y="-1"/>
<monster name="Vlad Tepes" direction="2" spawntime="60" x="-3" y="1"/>
<monster name="Vlad Tepes" direction="2" spawntime="60" x="-1" y="1"/>
<monster name="Vlad Tepes" direction="2" spawntime="60" x="1" y="1"/>
<monster name="Vlad Tepes" direction="2" spawntime="60" x="3" y="1"/>
</spawn>
<spawn centerx="738" centery="70" centerz="15" radius="5">
<monster name="ultralisk" direction="2" spawntime="60" x="-3" y="-2"/>
<monster name="ultralisk" direction="2" spawntime="60" x="-1" y="-2"/>
<monster name="ultralisk" direction="2" spawntime="60" x="1" y="-2"/>
<monster name="ultralisk" direction="2" spawntime="60" x="-3" y="0"/>
<monster name="ultralisk" direction="2" spawntime="60" x="-1" y="0"/>
<monster name="ultralisk" direction="2" spawntime="60" x="1" y="0"/>
<monster name="Doom Lord" direction="2" spawntime="60" x="-3" y="4"/>
<monster name="Doom Lord" direction="2" spawntime="60" x="-1" y="4"/>
<monster name="Doom Lord" direction="2" spawntime="60" x="1" y="4"/>
<monster name="Doom Lord" direction="2" spawntime="60" x="3" y="4"/>
</spawn>
<spawn centerx="1047" centery="70" centerz="15" radius="5">
<monster name="The Soul" direction="2" spawntime="60" x="-1" y="-1"/>
<monster name="The Soul" direction="2" spawntime="60" x="-1" y="1"/>
<monster name="Amazonian" direction="2" spawntime="60" x="-5" y="5"/>
</spawn>
<spawn centerx="1055" centery="70" centerz="15" radius="5">
<monster name="Vlad Tepes" direction="2" spawntime="60" x="5" y="-4"/>
<monster name="Vlad Tepes" direction="2" spawntime="60" x="5" y="-2"/>
<monster name="Petrified Hell Hound" direction="2" spawntime="60" x="-1" y="-1"/>
<monster name="Petrified Hell Hound" direction="2" spawntime="60" x="1" y="-1"/>
<monster name="Vlad Tepes" direction="2" spawntime="60" x="5" y="0"/>
<monster name="Petrified Hell Hound" direction="2" spawntime="60" x="-1" y="1"/>
<monster name="Petrified Hell Hound" direction="2" spawntime="60" x="1" y="1"/>
<monster name="Vlad Tepes" direction="2" spawntime="60" x="5" y="2"/>
<monster name="Vlad Tepes" direction="2" spawntime="60" x="5" y="4"/>
</spawn>
<spawn centerx="1063" centery="70" centerz="15" radius="5">
<monster name="Vlad Tepes" direction="2" spawntime="60" x="-1" y="-4"/>
<monster name="Vlad Tepes" direction="2" spawntime="60" x="1" y="-4"/>
<monster name="Vlad Tepes" direction="2" spawntime="60" x="3" y="-4"/>
<monster name="Vlad Tepes" direction="2" spawntime="60" x="-1" y="-2"/>
<monster name="Vlad Tepes" direction="2" spawntime="60" x="1" y="-2"/>
<monster name="Vlad Tepes" direction="2" spawntime="60" x="3" y="-2"/>
<monster name="Vlad Tepes" direction="2" spawntime="60" x="-1" y="0"/>
<monster name="Vlad Tepes" direction="2" spawntime="60" x="1" y="0"/>
<monster name="Vlad Tepes" direction="2" spawntime="60" x="3" y="0"/>
<monster name="Vlad Tepes" direction="2" spawntime="60" x="-1" y="2"/>
<monster name="Vlad Tepes" direction="2" spawntime="60" x="1" y="2"/>
<monster name="Vlad Tepes" direction="2" spawntime="60" x="3" y="2"/>
<monster name="Vlad Tepes" direction="2" spawntime="60" x="-1" y="4"/>
<monster name="Vlad Tepes" direction="2" spawntime="60" x="1" y="4"/>
<monster name="Vlad Tepes" direction="2" spawntime="60" x="2" y="4"/>
<monster name="Vlad Tepes" direction="2" spawntime="60" x="3" y="4"/>
</spawn>
<spawn centerx="237" centery="71" centerz="15" radius="3">
<monster name="Lizard King" direction="2" spawntime="60" x="1" y="0"/>
</spawn>
<spawn centerx="246" centery="71" centerz="15" radius="3">
<monster name="Demonic Acolyte" direction="2" spawntime="60" x="-1" y="0"/>
</spawn>
<spawn centerx="293" centery="71" centerz="15" radius="5">
<monster name="Demonic Summoner" direction="2" spawntime="60" x="-3" y="0"/>
<monster name="Demonic Summoner" direction="2" spawntime="60" x="-1" y="0"/>
<monster name="Demonic Summoner" direction="2" spawntime="60" x="1" y="0"/>
<monster name="Demonic Summoner" direction="2" spawntime="60" x="3" y="0"/>
<monster name="Demonic Summoner" direction="2" spawntime="60" x="-3" y="3"/>
<monster name="Demonic Summoner" direction="2" spawntime="60" x="-1" y="3"/>
<monster name="Demonic Summoner" direction="2" spawntime="60" x="1" y="3"/>
<monster name="Demonic Summoner" direction="2" spawntime="60" x="3" y="3"/>
</spawn>
<spawn centerx="525" centery="71" centerz="15" radius="5">
<monster name="valkyrie commander" direction="2" spawntime="60" x="-5" y="-1"/>
<monster name="The Creator" direction="2" spawntime="60" x="0" y="-1"/>
<monster name="valkyrie commander" direction="2" spawntime="60" x="-5" y="1"/>
<monster name="The Creator" direction="2" spawntime="60" x="0" y="1"/>
<monster name="The Creator" direction="2" spawntime="60" x="1" y="3"/>
<monster name="ultralisk" direction="2" spawntime="60" x="-5" y="5"/>
</spawn>
<spawn centerx="533" centery="71" centerz="15" radius="5">
<monster name="Vlad Tepes" direction="2" spawntime="60" x="5" y="-2"/>
<monster name="Crypt Lord" direction="2" spawntime="60" x="-1" y="0"/>
<monster name="Vlad Tepes" direction="2" spawntime="60" x="5" y="0"/>
<monster name="Demonic Summoner" direction="2" spawntime="60" x="5" y="5"/>
</spawn>
<spawn centerx="670" centery="71" centerz="15" radius="5">
<monster name="The Creator" direction="2" spawntime="60" x="0" y="-1"/>
<monster name="The Creator" direction="2" spawntime="60" x="0" y="1"/>
<monster name="ultralisk" direction="2" spawntime="60" x="-5" y="5"/>
</spawn>
<spawn centerx="678" centery="71" centerz="15" radius="5">
<monster name="Crypt Lord" direction="2" spawntime="60" x="-1" y="0"/>
<monster name="Demonic Summoner" direction="2" spawntime="60" x="5" y="5"/>
</spawn>
<spawn centerx="811" centery="71" centerz="15" radius="5">
<monster name="Lizard King" direction="2" spawntime="60" x="0" y="0"/>
<monster name="ultralisk" direction="2" spawntime="60" x="-5" y="3"/>
<monster name="ultralisk" direction="2" spawntime="60" x="-5" y="5"/>
</spawn>
<spawn centerx="819" centery="71" centerz="15" radius="5">
<monster name="Demonic Acolyte" direction="2" spawntime="60" x="-1" y="1"/>
<monster name="Demonic Summoner" direction="2" spawntime="60" x="5" y="4"/>
</spawn>
<spawn centerx="373" centery="72" centerz="15" radius="5">
<monster name="ultralisk" direction="2" spawntime="60" x="-3" y="-1"/>
<monster name="ultralisk" direction="2" spawntime="60" x="-1" y="-1"/>
<monster name="ultralisk" direction="2" spawntime="60" x="1" y="-1"/>
<monster name="ultralisk" direction="2" spawntime="60" x="3" y="-1"/>
<monster name="Doom Lord" direction="2" spawntime="60" x="-3" y="3"/>
<monster name="Doom Lord" direction="2" spawntime="60" x="-1" y="3"/>
<monster name="Doom Lord" direction="2" spawntime="60" x="1" y="3"/>
<monster name="Doom Lord" direction="2" spawntime="60" x="3" y="3"/>
<monster name="Doom Lord" direction="2" spawntime="60" x="-3" y="5"/>
<monster name="Doom Lord" direction="2" spawntime="60" x="-1" y="5"/>
<monster name="Doom Lord" direction="2" spawntime="60" x="1" y="5"/>
<monster name="Doom Lord" direction="2" spawntime="60" x="3" y="5"/>
</spawn>
<spawn centerx="397" centery="72" centerz="15" radius="5">
<monster name="Demonic Summoner" direction="2" spawntime="60" x="-3" y="-1"/>
<monster name="Demonic Summoner" direction="2" spawntime="60" x="-1" y="-1"/>
<monster name="Demonic Summoner" direction="2" spawntime="60" x="1" y="-1"/>
<monster name="Demonic Summoner" direction="2" spawntime="60" x="3" y="-1"/>
<monster name="Flesh Fiend" direction="2" spawntime="60" x="-3" y="3"/>
<monster name="Flesh Fiend" direction="2" spawntime="60" x="-1" y="3"/>
<monster name="Flesh Fiend" direction="2" spawntime="60" x="1" y="3"/>
<monster name="Flesh Fiend" direction="2" spawntime="60" x="3" y="3"/>
<monster name="Flesh Fiend" direction="2" spawntime="60" x="-3" y="5"/>
<monster name="Flesh Fiend" direction="2" spawntime="60" x="-1" y="5"/>
<monster name="Flesh Fiend" direction="2" spawntime="60" x="1" y="5"/>
<monster name="Flesh Fiend" direction="2" spawntime="60" x="3" y="5"/>
</spawn>
<spawn centerx="517" centery="72" centerz="15" radius="5">
<monster name="valkyrie commander" direction="2" spawntime="60" x="-3" y="-2"/>
<monster name="valkyrie commander" direction="2" spawntime="60" x="-1" y="-2"/>
<monster name="valkyrie commander" direction="2" spawntime="60" x="1" y="-2"/>
<monster name="valkyrie commander" direction="2" spawntime="60" x="-3" y="0"/>
<monster name="valkyrie commander" direction="2" spawntime="60" x="-1" y="0"/>
<monster name="valkyrie commander" direction="2" spawntime="60" x="1" y="0"/>
<monster name="ultralisk" direction="2" spawntime="60" x="-3" y="4"/>
<monster name="ultralisk" direction="2" spawntime="60" x="-1" y="4"/>
<monster name="ultralisk" direction="2" spawntime="60" x="1" y="4"/>
</spawn>
<spawn centerx="541" centery="72" centerz="15" radius="5">
<monster name="Vlad Tepes" direction="2" spawntime="60" x="-1" y="-3"/>
<monster name="Vlad Tepes" direction="2" spawntime="60" x="1" y="-3"/>
<monster name="Vlad Tepes" direction="2" spawntime="60" x="3" y="-3"/>
<monster name="Vlad Tepes" direction="2" spawntime="60" x="-1" y="-1"/>
<monster name="Vlad Tepes" direction="2" spawntime="60" x="1" y="-1"/>
<monster name="Vlad Tepes" direction="2" spawntime="60" x="3" y="-1"/>
<monster name="Demonic Summoner" direction="2" spawntime="60" x="-1" y="4"/>
<monster name="Demonic Summoner" direction="2" spawntime="60" x="1" y="4"/>
<monster name="Demonic Summoner" direction="2" spawntime="60" x="3" y="4"/>
</spawn>
<spawn centerx="1154" centery="72" centerz="15" radius="5">
<monster name="Amazonian" direction="2" spawntime="60" x="-3" y="-4"/>
<monster name="Amazonian" direction="2" spawntime="60" x="-1" y="-4"/>
<monster name="Amazonian" direction="2" spawntime="60" x="1" y="-4"/>
<monster name="Amazonian" direction="2" spawntime="60" x="-3" y="-3"/>
<monster name="Amazonian" direction="2" spawntime="60" x="-1" y="-3"/>
<monster name="Amazonian" direction="2" spawntime="60" x="1" y="-3"/>
<monster name="Amazonian" direction="2" spawntime="60" x="-3" y="-1"/>
<monster name="Amazonian" direction="2" spawntime="60" x="-1" y="-1"/>
<monster name="Amazonian" direction="2" spawntime="60" x="1" y="-1"/>
<monster name="Amazonian" direction="2" spawntime="60" x="3" y="-1"/>
<monster name="Amazonian" direction="2" spawntime="60" x="-3" y="1"/>
<monster name="Amazonian" direction="2" spawntime="60" x="-1" y="1"/>
<monster name="Amazonian" direction="2" spawntime="60" x="1" y="1"/>
<monster name="Amazonian" direction="2" spawntime="60" x="3" y="1"/>
<monster name="Amazonian" direction="2" spawntime="60" x="-3" y="3"/>
<monster name="Amazonian" direction="2" spawntime="60" x="-1" y="3"/>
<monster name="Amazonian" direction="2" spawntime="60" x="1" y="3"/>
<monster name="Amazonian" direction="2" spawntime="60" x="3" y="3"/>
</spawn>
<spawn centerx="438" centery="73" centerz="15" radius="5">
<monster name="ultralisk" direction="2" spawntime="60" x="-3" y="-3"/>
<monster name="ultralisk" direction="2" spawntime="60" x="-1" y="-3"/>
<monster name="ultralisk" direction="2" spawntime="60" x="1" y="-3"/>
<monster name="ultralisk" direction="2" spawntime="60" x="3" y="-3"/>
<monster name="ultralisk" direction="2" spawntime="60" x="-3" y="-1"/>
<monster name="ultralisk" direction="2" spawntime="60" x="-1" y="-1"/>
<monster name="ultralisk" direction="2" spawntime="60" x="1" y="-1"/>
<monster name="ultralisk" direction="2" spawntime="60" x="3" y="-1"/>
<monster name="Doom Lord" direction="2" spawntime="60" x="-3" y="3"/>
<monster name="Doom Lord" direction="2" spawntime="60" x="-1" y="3"/>
<monster name="Doom Lord" direction="2" spawntime="60" x="1" y="3"/>
<monster name="Doom Lord" direction="2" spawntime="60" x="3" y="3"/>
<monster name="Doom Lord" direction="2" spawntime="60" x="-3" y="5"/>
<monster name="Doom Lord" direction="2" spawntime="60" x="-1" y="5"/>
<monster name="Doom Lord" direction="2" spawntime="60" x="1" y="5"/>
<monster name="Doom Lord" direction="2" spawntime="60" x="3" y="5"/>
</spawn>
<spawn centerx="462" centery="73" centerz="15" radius="5">
<monster name="Demonic Summoner" direction="2" spawntime="60" x="-3" y="-3"/>
<monster name="Demonic Summoner" direction="2" spawntime="60" x="-1" y="-3"/>
<monster name="Demonic Summoner" direction="2" spawntime="60" x="1" y="-3"/>
<monster name="Demonic Summoner" direction="2" spawntime="60" x="3" y="-3"/>
<monster name="Demonic Summoner" direction="2" spawntime="60" x="-3" y="-1"/>
<monster name="Demonic Summoner" direction="2" spawntime="60" x="-1" y="-1"/>
<monster name="Demonic Summoner" direction="2" spawntime="60" x="1" y="-1"/>
<monster name="Demonic Summoner" direction="2" spawntime="60" x="3" y="-1"/>
<monster name="Flesh Fiend" direction="2" spawntime="60" x="-3" y="3"/>
<monster name="Flesh Fiend" direction="2" spawntime="60" x="-1" y="3"/>
<monster name="Flesh Fiend" direction="2" spawntime="60" x="1" y="3"/>
<monster name="Flesh Fiend" direction="2" spawntime="60" x="3" y="3"/>
<monster name="Flesh Fiend" direction="2" spawntime="60" x="-3" y="5"/>
<monster name="Flesh Fiend" direction="2" spawntime="60" x="-1" y="5"/>
<monster name="Flesh Fiend" direction="2" spawntime="60" x="1" y="5"/>
<monster name="Flesh Fiend" direction="2" spawntime="60" x="3" y="5"/>
</spawn>
<spawn centerx="986" centery="73" centerz="15" radius="5">
<monster name="Amazonian" direction="2" spawntime="60" x="-3" y="-1"/>
<monster name="Amazonian" direction="2" spawntime="60" x="-1" y="-1"/>
<monster name="Amazonian" direction="2" spawntime="60" x="1" y="-1"/>
<monster name="Amazonian" direction="2" spawntime="60" x="3" y="-1"/>
<monster name="Amazonian" direction="2" spawntime="60" x="-3" y="1"/>
<monster name="Amazonian" direction="2" spawntime="60" x="-1" y="1"/>
<monster name="Amazonian" direction="2" spawntime="60" x="1" y="1"/>
<monster name="Amazonian" direction="2" spawntime="60" x="3" y="1"/>
<monster name="Amazonian" direction="2" spawntime="60" x="-3" y="3"/>
<monster name="Amazonian" direction="2" spawntime="60" x="-1" y="3"/>
<monster name="Amazonian" direction="2" spawntime="60" x="1" y="3"/>
<monster name="Amazonian" direction="2" spawntime="60" x="3" y="3"/>
</spawn>
<spawn centerx="937" centery="74" centerz="15" radius="5">
<monster name="ultralisk" direction="2" spawntime="60" x="-3" y="-3"/>
<monster name="ultralisk" direction="2" spawntime="60" x="-1" y="-3"/>
<monster name="ultralisk" direction="2" spawntime="60" x="1" y="-3"/>
<monster name="ultralisk" direction="2" spawntime="60" x="-3" y="-1"/>
<monster name="ultralisk" direction="2" spawntime="60" x="-1" y="-1"/>
<monster name="ultralisk" direction="2" spawntime="60" x="1" y="-1"/>
<monster name="Doom Lord" direction="2" spawntime="60" x="-3" y="3"/>
<monster name="Doom Lord" direction="2" spawntime="60" x="-1" y="3"/>
<monster name="Doom Lord" direction="2" spawntime="60" x="1" y="3"/>
<monster name="Doom Lord" direction="2" spawntime="60" x="3" y="3"/>
<monster name="Doom Lord" direction="2" spawntime="60" x="-3" y="5"/>
<monster name="Doom Lord" direction="2" spawntime="60" x="-1" y="5"/>
<monster name="Doom Lord" direction="2" spawntime="60" x="1" y="5"/>
<monster name="Doom Lord" direction="2" spawntime="60" x="3" y="5"/>
</spawn>
<spawn centerx="961" centery="74" centerz="15" radius="5">
<monster name="Demonic Summoner" direction="2" spawntime="60" x="-1" y="-2"/>
<monster name="Demonic Summoner" direction="2" spawntime="60" x="1" y="-2"/>
<monster name="Demonic Summoner" direction="2" spawntime="60" x="3" y="-2"/>
<monster name="Flesh Fiend" direction="2" spawntime="60" x="-3" y="3"/>
<monster name="Flesh Fiend" direction="2" spawntime="60" x="-1" y="3"/>
<monster name="Flesh Fiend" direction="2" spawntime="60" x="1" y="3"/>
<monster name="Flesh Fiend" direction="2" spawntime="60" x="3" y="3"/>
<monster name="Flesh Fiend" direction="2" spawntime="60" x="-3" y="5"/>
<monster name="Flesh Fiend" direction="2" spawntime="60" x="-1" y="5"/>
<monster name="Flesh Fiend" direction="2" spawntime="60" x="1" y="5"/>
<monster name="Flesh Fiend" direction="2" spawntime="60" x="3" y="5"/>
</spawn>
<spawn centerx="1109" centery="74" centerz="15" radius="5">
<monster name="Vlad Tepes" direction="2" spawntime="60" x="-1" y="-4"/>
<monster name="Vlad Tepes" direction="2" spawntime="60" x="1" y="-4"/>
<monster name="Vlad Tepes" direction="2" spawntime="60" x="3" y="-4"/>
<monster name="Vlad Tepes" direction="2" spawntime="60" x="-1" y="-2"/>
<monster name="Vlad Tepes" direction="2" spawntime="60" x="1" y="-2"/>
<monster name="Vlad Tepes" direction="2" spawntime="60" x="3" y="-2"/>
<monster name="Vlad Tepes" direction="2" spawntime="60" x="-3" y="0"/>
<monster name="Vlad Tepes" direction="2" spawntime="60" x="-1" y="0"/>
<monster name="Vlad Tepes" direction="2" spawntime="60" x="1" y="0"/>
<monster name="Vlad Tepes" direction="2" spawntime="60" x="3" y="0"/>
<monster name="Vlad Tepes" direction="2" spawntime="60" x="-3" y="2"/>
<monster name="Vlad Tepes" direction="2" spawntime="60" x="-1" y="2"/>
<monster name="Vlad Tepes" direction="2" spawntime="60" x="1" y="2"/>
<monster name="Vlad Tepes" direction="2" spawntime="60" x="3" y="2"/>
<monster name="Vlad Tepes" direction="2" spawntime="60" x="-3" y="4"/>
<monster name="Vlad Tepes" direction="2" spawntime="60" x="-1" y="4"/>
<monster name="Vlad Tepes" direction="2" spawntime="60" x="1" y="4"/>
<monster name="Vlad Tepes" direction="2" spawntime="60" x="3" y="4"/>
</spawn>
<spawn centerx="1160" centery="74" centerz="15" radius="5">
<monster name="The Creator" direction="2" spawntime="60" x="2" y="-2"/>
<monster name="The Creator" direction="2" spawntime="60" x="1" y="1"/>
<monster name="ultralisk" direction="2" spawntime="60" x="-5" y="5"/>
<monster name="ultralisk" direction="2" spawntime="60" x="-3" y="5"/>
</spawn>
<spawn centerx="1178" centery="74" centerz="15" radius="5">
<monster name="Vlad Tepes" direction="2" spawntime="60" x="-3" y="-3"/>
<monster name="Vlad Tepes" direction="2" spawntime="60" x="-1" y="-3"/>
<monster name="Vlad Tepes" direction="2" spawntime="60" x="1" y="-3"/>
<monster name="Vlad Tepes" direction="2" spawntime="60" x="3" y="-3"/>
<monster name="Vlad Tepes" direction="2" spawntime="60" x="-3" y="-1"/>
<monster name="Vlad Tepes" direction="2" spawntime="60" x="-1" y="-1"/>
<monster name="Vlad Tepes" direction="2" spawntime="60" x="1" y="-1"/>
<monster name="Vlad Tepes" direction="2" spawntime="60" x="3" y="-1"/>
<monster name="Vlad Tepes" direction="2" spawntime="60" x="-3" y="1"/>
<monster name="Vlad Tepes" direction="2" spawntime="60" x="-1" y="1"/>
<monster name="Vlad Tepes" direction="2" spawntime="60" x="1" y="1"/>
<monster name="Vlad Tepes" direction="2" spawntime="60" x="3" y="1"/>
<monster name="Demonic Summoner" direction="2" spawntime="60" x="-3" y="5"/>
<monster name="Demonic Summoner" direction="2" spawntime="60" x="-1" y="5"/>
<monster name="Demonic Summoner" direction="2" spawntime="60" x="1" y="5"/>
<monster name="Demonic Summoner" direction="2" spawntime="60" x="3" y="5"/>
</spawn>
<spawn centerx="32" centery="75" centerz="15" radius="3">
<monster name="Vlad Tepes" direction="2" spawntime="60" x="-1" y="-1"/>
<monster name="Vlad Tepes" direction="2" spawntime="60" x="1" y="-1"/>
<monster name="Vlad Tepes" direction="2" spawntime="60" x="-1" y="1"/>
<monster name="Vlad Tepes" direction="2" spawntime="60" x="1" y="1"/>
</spawn>
<spawn centerx="42" centery="75" centerz="15" radius="3">
<monster name="Nefarious Acolyte" direction="2" spawntime="60" x="-1" y="0"/>
</spawn>
<spawn centerx="300" centery="75" centerz="15" radius="3">
<monster name="Oblivion Badger" direction="2" spawntime="60" x="0" y="-1"/>
<monster name="Oblivion Badger" direction="2" spawntime="60" x="0" y="2"/>
</spawn>
<spawn centerx="309" centery="75" centerz="15" radius="3">
<monster name="Ancient Necropharus" direction="2" spawntime="60" x="-1" y="-1"/>
<monster name="Ancient Necropharus" direction="2" spawntime="60" x="1" y="-1"/>
<monster name="Ancient Necropharus" direction="2" spawntime="60" x="-1" y="1"/>
<monster name="Ancient Necropharus" direction="2" spawntime="60" x="1" y="1"/>
</spawn>
<spawn centerx="317" centery="75" centerz="15" radius="5">
<monster name="Vlad Tepes" direction="2" spawntime="60" x="-3" y="-3"/>
<monster name="Vlad Tepes" direction="2" spawntime="60" x="-1" y="-3"/>
<monster name="Vlad Tepes" direction="2" spawntime="60" x="1" y="-3"/>
<monster name="Vlad Tepes" direction="2" spawntime="60" x="3" y="-3"/>
<monster name="Vlad Tepes" direction="2" spawntime="60" x="-3" y="-1"/>
<monster name="Vlad Tepes" direction="2" spawntime="60" x="-1" y="-1"/>
<monster name="Vlad Tepes" direction="2" spawntime="60" x="1" y="-1"/>
<monster name="Vlad Tepes" direction="2" spawntime="60" x="3" y="-1"/>
<monster name="Vlad Tepes" direction="2" spawntime="60" x="-3" y="1"/>
<monster name="Vlad Tepes" direction="2" spawntime="60" x="-1" y="1"/>
<monster name="Vlad Tepes" direction="2" spawntime="60" x="1" y="1"/>
<monster name="Vlad Tepes" direction="2" spawntime="60" x="3" y="1"/>
<monster name="Vlad Tepes" direction="2" spawntime="60" x="-3" y="3"/>
<monster name="Vlad Tepes" direction="2" spawntime="60" x="-1" y="3"/>
<monster name="Vlad Tepes" direction="2" spawntime="60" x="1" y="3"/>
<monster name="Vlad Tepes" direction="2" spawntime="60" x="3" y="3"/>
<monster name="Vlad Tepes" direction="2" spawntime="60" x="-3" y="5"/>
<monster name="Vlad Tepes" direction="2" spawntime="60" x="-1" y="5"/>
<monster name="Vlad Tepes" direction="2" spawntime="60" x="1" y="5"/>
<monster name="Vlad Tepes" direction="2" spawntime="60" x="3" y="5"/>
</spawn>
<spawn centerx="597" centery="75" centerz="15" radius="5">
<monster name="ultralisk" direction="2" spawntime="60" x="-3" y="-3"/>
<monster name="ultralisk" direction="2" spawntime="60" x="-1" y="-3"/>
<monster name="ultralisk" direction="2" spawntime="60" x="1" y="-3"/>
<monster name="ultralisk" direction="2" spawntime="60" x="-3" y="-1"/>
<monster name="ultralisk" direction="2" spawntime="60" x="-1" y="-1"/>
<monster name="ultralisk" direction="2" spawntime="60" x="1" y="-1"/>
<monster name="Doom Lord" direction="2" spawntime="60" x="-3" y="3"/>
<monster name="Doom Lord" direction="2" spawntime="60" x="-1" y="3"/>
<monster name="Doom Lord" direction="2" spawntime="60" x="1" y="3"/>
<monster name="Doom Lord" direction="2" spawntime="60" x="3" y="3"/>
<monster name="Doom Lord" direction="2" spawntime="60" x="-3" y="5"/>
<monster name="Doom Lord" direction="2" spawntime="60" x="-1" y="5"/>
<monster name="Doom Lord" direction="2" spawntime="60" x="1" y="5"/>
<monster name="Doom Lord" direction="2" spawntime="60" x="3" y="5"/>
</spawn>
<spawn centerx="621" centery="75" centerz="15" radius="5">
<monster name="Demonic Summoner" direction="2" spawntime="60" x="-1" y="-3"/>
<monster name="Demonic Summoner" direction="2" spawntime="60" x="1" y="-3"/>
<monster name="Demonic Summoner" direction="2" spawntime="60" x="3" y="-3"/>
<monster name="Demonic Summoner" direction="2" spawntime="60" x="-1" y="-1"/>
<monster name="Demonic Summoner" direction="2" spawntime="60" x="1" y="-1"/>
<monster name="Demonic Summoner" direction="2" spawntime="60" x="3" y="-1"/>
<monster name="Flesh Fiend" direction="2" spawntime="60" x="-3" y="3"/>
<monster name="Flesh Fiend" direction="2" spawntime="60" x="-1" y="3"/>
<monster name="Flesh Fiend" direction="2" spawntime="60" x="1" y="3"/>
<monster name="Flesh Fiend" direction="2" spawntime="60" x="3" y="3"/>
<monster name="Flesh Fiend" direction="2" spawntime="60" x="-3" y="5"/>
<monster name="Flesh Fiend" direction="2" spawntime="60" x="-1" y="5"/>
<monster name="Flesh Fiend" direction="2" spawntime="60" x="1" y="5"/>
<monster name="Flesh Fiend" direction="2" spawntime="60" x="3" y="5"/>
</spawn>
<spawn centerx="746" centery="75" centerz="15" radius="5">
<monster name="Vlad Tepes" direction="2" spawntime="60" x="-1" y="-1"/>
<monster name="Vlad Tepes" direction="2" spawntime="60" x="1" y="-1"/>
<monster name="Doom Lord" direction="2" spawntime="60" x="-5" y="1"/>
<monster name="Vlad Tepes" direction="2" spawntime="60" x="-1" y="1"/>
<monster name="Vlad Tepes" direction="2" spawntime="60" x="1" y="1"/>
<monster name="Doom Lord" direction="2" spawntime="60" x="-5" y="3"/>
<monster name="Doom Lord" direction="2" spawntime="60" x="-5" y="5"/>
</spawn>
<spawn centerx="754" centery="75" centerz="15" radius="5">
<monster name="Flesh Fiend" direction="2" spawntime="60" x="5" y="-1"/>
<monster name="Nefarious Acolyte" direction="2" spawntime="60" x="-1" y="0"/>
<monster name="Flesh Fiend" direction="2" spawntime="60" x="5" y="1"/>
<monster name="Flesh Fiend" direction="2" spawntime="60" x="5" y="3"/>
<monster name="Flesh Fiend" direction="2" spawntime="60" x="5" y="5"/>
</spawn>
<spawn centerx="866" centery="75" centerz="15" radius="5">
<monster name="ultralisk" direction="2" spawntime="60" x="-3" y="-3"/>
<monster name="ultralisk" direction="2" spawntime="60" x="-1" y="-3"/>
<monster name="ultralisk" direction="2" spawntime="60" x="1" y="-3"/>
<monster name="ultralisk" direction="2" spawntime="60" x="-3" y="-1"/>
<monster name="ultralisk" direction="2" spawntime="60" x="-1" y="-1"/>
<monster name="ultralisk" direction="2" spawntime="60" x="1" y="-1"/>
<monster name="Doom Lord" direction="2" spawntime="60" x="-3" y="3"/>
<monster name="Doom Lord" direction="2" spawntime="60" x="-1" y="3"/>
<monster name="Doom Lord" direction="2" spawntime="60" x="1" y="3"/>
<monster name="Doom Lord" direction="2" spawntime="60" x="3" y="3"/>
<monster name="Doom Lord" direction="2" spawntime="60" x="-3" y="5"/>
<monster name="Doom Lord" direction="2" spawntime="60" x="-1" y="5"/>
<monster name="Doom Lord" direction="2" spawntime="60" x="1" y="5"/>
<monster name="Doom Lord" direction="2" spawntime="60" x="3" y="5"/>
</spawn>
<spawn centerx="890" centery="75" centerz="15" radius="5">
<monster name="Demonic Summoner" direction="2" spawntime="60" x="-1" y="-2"/>
<monster name="Demonic Summoner" direction="2" spawntime="60" x="1" y="-2"/>
<monster name="Demonic Summoner" direction="2" spawntime="60" x="3" y="-2"/>
<monster name="Flesh Fiend" direction="2" spawntime="60" x="-3" y="3"/>
<monster name="Flesh Fiend" direction="2" spawntime="60" x="-1" y="3"/>
<monster name="Flesh Fiend" direction="2" spawntime="60" x="1" y="3"/>
<monster name="Flesh Fiend" direction="2" spawntime="60" x="3" y="3"/>
<monster name="Flesh Fiend" direction="2" spawntime="60" x="-3" y="5"/>
<monster name="Flesh Fiend" direction="2" spawntime="60" x="-1" y="5"/>
<monster name="Flesh Fiend" direction="2" spawntime="60" x="1" y="5"/>
<monster name="Flesh Fiend" direction="2" spawntime="60" x="3" y="5"/>
</spawn>
<spawn centerx="995" centery="75" centerz="15" radius="5">
<monster name="The Creator" direction="2" spawntime="60" x="-2" y="-1"/>
<monster name="The Creator" direction="2" spawntime="60" x="-2" y="1"/>
</spawn>
<spawn centerx="1001" centery="75" centerz="15" radius="5">
<monster name="Crypt Lord" direction="2" spawntime="60" x="1" y="0"/>
</spawn>
<spawn centerx="1010" centery="75" centerz="15" radius="5">
<monster name="Vlad Tepes" direction="2" spawntime="60" x="-3" y="-3"/>
<monster name="Vlad Tepes" direction="2" spawntime="60" x="-1" y="-3"/>
<monster name="Vlad Tepes" direction="2" spawntime="60" x="1" y="-3"/>
<monster name="Vlad Tepes" direction="2" spawntime="60" x="3" y="-3"/>
<monster name="Vlad Tepes" direction="2" spawntime="60" x="-3" y="-2"/>
<monster name="Vlad Tepes" direction="2" spawntime="60" x="-1" y="-2"/>
<monster name="Vlad Tepes" direction="2" spawntime="60" x="1" y="-2"/>
<monster name="Vlad Tepes" direction="2" spawntime="60" x="3" y="-2"/>
<monster name="Vlad Tepes" direction="2" spawntime="60" x="-3" y="0"/>
<monster name="Vlad Tepes" direction="2" spawntime="60" x="-1" y="0"/>
<monster name="Vlad Tepes" direction="2" spawntime="60" x="1" y="0"/>
<monster name="Vlad Tepes" direction="2" spawntime="60" x="3" y="0"/>
</spawn>
<spawn centerx="1169" centery="75" centerz="15" radius="5">
<monster name="Crypt Lord" direction="2" spawntime="60" x="1" y="-2"/>
</spawn>
<spawn centerx="381" centery="76" centerz="15" radius="3">
<monster name="Vlad Tepes" direction="2" spawntime="60" x="-1" y="-1"/>
<monster name="Vlad Tepes" direction="2" spawntime="60" x="1" y="-1"/>
<monster name="Vlad Tepes" direction="2" spawntime="60" x="-1" y="1"/>
<monster name="Vlad Tepes" direction="2" spawntime="60" x="1" y="1"/>
</spawn>
<spawn centerx="389" centery="76" centerz="15" radius="3">
<monster name="Nefarious Acolyte" direction="2" spawntime="60" x="-1" y="0"/>
</spawn>
<spawn centerx="803" centery="76" centerz="15" radius="5">
<monster name="ultralisk" direction="2" spawntime="60" x="-3" y="-2"/>
<monster name="ultralisk" direction="2" spawntime="60" x="-1" y="-2"/>
<monster name="ultralisk" direction="2" spawntime="60" x="1" y="-2"/>
<monster name="ultralisk" direction="2" spawntime="60" x="-3" y="0"/>
<monster name="ultralisk" direction="2" spawntime="60" x="-1" y="0"/>
<monster name="ultralisk" direction="2" spawntime="60" x="1" y="0"/>
<monster name="Doom Lord" direction="2" spawntime="60" x="-3" y="4"/>
<monster name="Doom Lord" direction="2" spawntime="60" x="-1" y="4"/>
<monster name="Doom Lord" direction="2" spawntime="60" x="1" y="4"/>
<monster name="Doom Lord" direction="2" spawntime="60" x="3" y="4"/>
</spawn>
<spawn centerx="827" centery="76" centerz="15" radius="5">
<monster name="Demonic Summoner" direction="2" spawntime="60" x="-1" y="-1"/>
<monster name="Demonic Summoner" direction="2" spawntime="60" x="1" y="-1"/>
<monster name="Demonic Summoner" direction="2" spawntime="60" x="3" y="-1"/>
<monster name="Flesh Fiend" direction="2" spawntime="60" x="-3" y="4"/>
<monster name="Flesh Fiend" direction="2" spawntime="60" x="-1" y="4"/>
<monster name="Flesh Fiend" direction="2" spawntime="60" x="1" y="4"/>
<monster name="Flesh Fiend" direction="2" spawntime="60" x="3" y="4"/>
</spawn>
<spawn centerx="1085" centery="76" centerz="15" radius="5">
<monster name="Amazonian" direction="2" spawntime="60" x="-3" y="-2"/>
<monster name="Amazonian" direction="2" spawntime="60" x="-1" y="-2"/>
<monster name="Amazonian" direction="2" spawntime="60" x="1" y="-2"/>
<monster name="Amazonian" direction="2" spawntime="60" x="3" y="-2"/>
<monster name="Amazonian" direction="2" spawntime="60" x="-3" y="0"/>
<monster name="Amazonian" direction="2" spawntime="60" x="-1" y="0"/>
<monster name="Amazonian" direction="2" spawntime="60" x="1" y="0"/>
<monster name="Amazonian" direction="2" spawntime="60" x="3" y="0"/>
<monster name="Amazonian" direction="2" spawntime="60" x="-3" y="2"/>
<monster name="Amazonian" direction="2" spawntime="60" x="-1" y="2"/>
<monster name="Amazonian" direction="2" spawntime="60" x="1" y="2"/>
<monster name="Amazonian" direction="2" spawntime="60" x="3" y="2"/>
</spawn>
<spawn centerx="230" centery="77" centerz="15" radius="5">
<monster name="ultralisk" direction="2" spawntime="60" x="-3" y="-3"/>
<monster name="ultralisk" direction="2" spawntime="60" x="-1" y="-3"/>
<monster name="ultralisk" direction="2" spawntime="60" x="1" y="-3"/>
<monster name="ultralisk" direction="2" spawntime="60" x="3" y="-3"/>
<monster name="ultralisk" direction="2" spawntime="60" x="-3" y="-1"/>
<monster name="ultralisk" direction="2" spawntime="60" x="-1" y="-1"/>
<monster name="ultralisk" direction="2" spawntime="60" x="1" y="-1"/>
<monster name="ultralisk" direction="2" spawntime="60" x="3" y="-1"/>
<monster name="Doom Lord" direction="2" spawntime="60" x="-3" y="3"/>
<monster name="Doom Lord" direction="2" spawntime="60" x="-1" y="3"/>
<monster name="Doom Lord" direction="2" spawntime="60" x="1" y="3"/>
<monster name="Doom Lord" direction="2" spawntime="60" x="3" y="3"/>
<monster name="Doom Lord" direction="2" spawntime="60" x="-3" y="5"/>
<monster name="Doom Lord" direction="2" spawntime="60" x="-1" y="5"/>
<monster name="Doom Lord" direction="2" spawntime="60" x="1" y="5"/>
<monster name="Doom Lord" direction="2" spawntime="60" x="3" y="5"/>
</spawn>
<spawn centerx="254" centery="77" centerz="15" radius="5">
<monster name="Demonic Summoner" direction="2" spawntime="60" x="-3" y="-3"/>
<monster name="Demonic Summoner" direction="2" spawntime="60" x="-1" y="-3"/>
<monster name="Demonic Summoner" direction="2" spawntime="60" x="1" y="-3"/>
<monster name="Demonic Summoner" direction="2" spawntime="60" x="3" y="-3"/>
<monster name="Demonic Summoner" direction="2" spawntime="60" x="-3" y="-1"/>
<monster name="Demonic Summoner" direction="2" spawntime="60" x="-1" y="-1"/>
<monster name="Demonic Summoner" direction="2" spawntime="60" x="1" y="-1"/>
<monster name="Demonic Summoner" direction="2" spawntime="60" x="3" y="-1"/>
<monster name="Flesh Fiend" direction="2" spawntime="60" x="-3" y="3"/>
<monster name="Flesh Fiend" direction="2" spawntime="60" x="-1" y="3"/>
<monster name="Flesh Fiend" direction="2" spawntime="60" x="1" y="3"/>
<monster name="Flesh Fiend" direction="2" spawntime="60" x="3" y="3"/>
<monster name="Flesh Fiend" direction="2" spawntime="60" x="-3" y="5"/>
<monster name="Flesh Fiend" direction="2" spawntime="60" x="-1" y="5"/>
<monster name="Flesh Fiend" direction="2" spawntime="60" x="1" y="5"/>
<monster name="Flesh Fiend" direction="2" spawntime="60" x="3" y="5"/>
</spawn>
<spawn centerx="446" centery="77" centerz="15" radius="3">
<monster name="Vlad Tepes" direction="2" spawntime="60" x="-1" y="-1"/>
<monster name="Vlad Tepes" direction="2" spawntime="60" x="1" y="-1"/>
<monster name="Vlad Tepes" direction="2" spawntime="60" x="-1" y="1"/>
<monster name="Vlad Tepes" direction="2" spawntime="60" x="1" y="1"/>
</spawn>
<spawn centerx="454" centery="77" centerz="15" radius="3">
<monster name="Nefarious Acolyte" direction="2" spawntime="60" x="-1" y="0"/>
</spawn>
<spawn centerx="762" centery="77" centerz="15" radius="5">
<monster name="Flesh Fiend" direction="2" spawntime="60" x="-1" y="-3"/>
<monster name="Flesh Fiend" direction="2" spawntime="60" x="1" y="-3"/>
<monster name="Flesh Fiend" direction="2" spawntime="60" x="3" y="-3"/>
<monster name="Flesh Fiend" direction="2" spawntime="60" x="-1" y="-1"/>
<monster name="Flesh Fiend" direction="2" spawntime="60" x="1" y="-1"/>
<monster name="Flesh Fiend" direction="2" spawntime="60" x="3" y="-1"/>
<monster name="Flesh Fiend" direction="2" spawntime="60" x="-1" y="1"/>
<monster name="Flesh Fiend" direction="2" spawntime="60" x="1" y="1"/>
<monster name="Flesh Fiend" direction="2" spawntime="60" x="3" y="1"/>
<monster name="Flesh Fiend" direction="2" spawntime="60" x="-1" y="3"/>
<monster name="Flesh Fiend" direction="2" spawntime="60" x="1" y="3"/>
<monster name="Flesh Fiend" direction="2" spawntime="60" x="3" y="3"/>
<monster name="Flesh Fiend" direction="2" spawntime="60" x="-3" y="5"/>
<monster name="Flesh Fiend" direction="2" spawntime="60" x="-1" y="5"/>
<monster name="Flesh Fiend" direction="2" spawntime="60" x="1" y="5"/>
<monster name="Flesh Fiend" direction="2" spawntime="60" x="3" y="5"/>
</spawn>
<spawn centerx="1093" centery="77" centerz="15" radius="5">
<monster name="The Creator" direction="2" spawntime="60" x="-1" y="-1"/>
<monster name="The Creator" direction="2" spawntime="60" x="-1" y="1"/>
</spawn>
<spawn centerx="662" centery="78" centerz="15" radius="5">
<monster name="ultralisk" direction="2" spawntime="60" x="-3" y="-2"/>
<monster name="ultralisk" direction="2" spawntime="60" x="-1" y="-2"/>
<monster name="ultralisk" direction="2" spawntime="60" x="1" y="-2"/>
<monster name="ultralisk" direction="2" spawntime="60" x="-3" y="0"/>
<monster name="ultralisk" direction="2" spawntime="60" x="-1" y="0"/>
<monster name="ultralisk" direction="2" spawntime="60" x="1" y="0"/>
<monster name="ultralisk" direction="2" spawntime="60" x="3" y="0"/>
<monster name="ultralisk" direction="2" spawntime="60" x="-3" y="2"/>
<monster name="ultralisk" direction="2" spawntime="60" x="-1" y="2"/>
<monster name="ultralisk" direction="2" spawntime="60" x="1" y="2"/>
<monster name="ultralisk" direction="2" spawntime="60" x="3" y="2"/>
<monster name="ultralisk" direction="2" spawntime="60" x="-3" y="4"/>
<monster name="ultralisk" direction="2" spawntime="60" x="-1" y="4"/>
<monster name="ultralisk" direction="2" spawntime="60" x="1" y="4"/>
<monster name="ultralisk" direction="2" spawntime="60" x="3" y="4"/>
</spawn>
<spawn centerx="686" centery="78" centerz="15" radius="5">
<monster name="Demonic Summoner" direction="2" spawntime="60" x="-1" y="-2"/>
<monster name="Demonic Summoner" direction="2" spawntime="60" x="1" y="-2"/>
<monster name="Demonic Summoner" direction="2" spawntime="60" x="3" y="-2"/>
<monster name="Demonic Summoner" direction="2" spawntime="60" x="-3" y="0"/>
<monster name="Demonic Summoner" direction="2" spawntime="60" x="-1" y="0"/>
<monster name="Demonic Summoner" direction="2" spawntime="60" x="1" y="0"/>
<monster name="Demonic Summoner" direction="2" spawntime="60" x="3" y="0"/>
<monster name="Demonic Summoner" direction="2" spawntime="60" x="-3" y="2"/>
<monster name="Demonic Summoner" direction="2" spawntime="60" x="-1" y="2"/>
<monster name="Demonic Summoner" direction="2" spawntime="60" x="1" y="2"/>
<monster name="Demonic Summoner" direction="2" spawntime="60" x="3" y="2"/>
<monster name="Demonic Summoner" direction="2" spawntime="60" x="-3" y="4"/>
<monster name="Demonic Summoner" direction="2" spawntime="60" x="-1" y="4"/>
<monster name="Demonic Summoner" direction="2" spawntime="60" x="1" y="4"/>
<monster name="Demonic Summoner" direction="2" spawntime="60" x="3" y="4"/>
</spawn>
<spawn centerx="945" centery="78" centerz="15" radius="5">
<monster name="Vlad Tepes" direction="2" spawntime="60" x="-1" y="-1"/>
<monster name="Vlad Tepes" direction="2" spawntime="60" x="1" y="-1"/>
<monster name="Vlad Tepes" direction="2" spawntime="60" x="-1" y="1"/>
<monster name="Vlad Tepes" direction="2" spawntime="60" x="1" y="1"/>
<monster name="Doom Lord" direction="2" spawntime="60" x="-5" y="3"/>
<monster name="Doom Lord" direction="2" spawntime="60" x="-5" y="5"/>
</spawn>
<spawn centerx="953" centery="78" centerz="15" radius="5">
<monster name="Nefarious Acolyte" direction="2" spawntime="60" x="-1" y="0"/>
<monster name="Flesh Fiend" direction="2" spawntime="60" x="5" y="3"/>
<monster name="Flesh Fiend" direction="2" spawntime="60" x="5" y="5"/>
</spawn>
<spawn centerx="1039" centery="78" centerz="15" radius="5">
<monster name="Amazonian" direction="2" spawntime="60" x="-3" y="-3"/>
<monster name="Amazonian" direction="2" spawntime="60" x="-1" y="-3"/>
<monster name="Amazonian" direction="2" spawntime="60" x="1" y="-3"/>
<monster name="Amazonian" direction="2" spawntime="60" x="-3" y="-1"/>
<monster name="Amazonian" direction="2" spawntime="60" x="-1" y="-1"/>
<monster name="Amazonian" direction="2" spawntime="60" x="1" y="-1"/>
<monster name="Amazonian" direction="2" spawntime="60" x="3" y="-1"/>
<monster name="Amazonian" direction="2" spawntime="60" x="-3" y="1"/>
<monster name="Amazonian" direction="2" spawntime="60" x="-1" y="1"/>
<monster name="Amazonian" direction="2" spawntime="60" x="1" y="1"/>
<monster name="Amazonian" direction="2" spawntime="60" x="3" y="1"/>
<monster name="Amazonian" direction="2" spawntime="60" x="-3" y="3"/>
<monster name="Amazonian" direction="2" spawntime="60" x="-1" y="3"/>
<monster name="Amazonian" direction="2" spawntime="60" x="1" y="3"/>
<monster name="Amazonian" direction="2" spawntime="60" x="3" y="3"/>
</spawn>
<spawn centerx="1101" centery="78" centerz="15" radius="5">
<monster name="Crypt Lord" direction="2" spawntime="60" x="0" y="-1"/>
<monster name="Demonic Summoner" direction="2" spawntime="60" x="5" y="4"/>
</spawn>
<spawn centerx="25" centery="79" centerz="15" radius="5">
<monster name="Doom Lord" direction="2" spawntime="60" x="-3" y="-2"/>
<monster name="Doom Lord" direction="2" spawntime="60" x="-1" y="-2"/>
<monster name="Doom Lord" direction="2" spawntime="60" x="1" y="-2"/>
<monster name="Doom Lord" direction="2" spawntime="60" x="3" y="-2"/>
<monster name="Doom Lord" direction="2" spawntime="60" x="-3" y="0"/>
<monster name="Doom Lord" direction="2" spawntime="60" x="-1" y="0"/>
<monster name="Doom Lord" direction="2" spawntime="60" x="1" y="0"/>
<monster name="Doom Lord" direction="2" spawntime="60" x="3" y="0"/>
<monster name="Doom Lord" direction="2" spawntime="60" x="-3" y="2"/>
<monster name="Doom Lord" direction="2" spawntime="60" x="-1" y="2"/>
<monster name="Doom Lord" direction="2" spawntime="60" x="1" y="2"/>
<monster name="Doom Lord" direction="2" spawntime="60" x="3" y="2"/>
<monster name="Doom Lord" direction="2" spawntime="60" x="-3" y="4"/>
<monster name="Doom Lord" direction="2" spawntime="60" x="-1" y="4"/>
<monster name="Doom Lord" direction="2" spawntime="60" x="1" y="4"/>
<monster name="Doom Lord" direction="2" spawntime="60" x="3" y="4"/>
</spawn>
<spawn centerx="49" centery="79" centerz="15" radius="5">
<monster name="Flesh Fiend" direction="2" spawntime="60" x="-3" y="-3"/>
<monster name="Flesh Fiend" direction="2" spawntime="60" x="-1" y="-3"/>
<monster name="Flesh Fiend" direction="2" spawntime="60" x="1" y="-3"/>
<monster name="Flesh Fiend" direction="2" spawntime="60" x="3" y="-3"/>
<monster name="Flesh Fiend" direction="2" spawntime="60" x="-3" y="-1"/>
<monster name="Flesh Fiend" direction="2" spawntime="60" x="-1" y="-1"/>
<monster name="Flesh Fiend" direction="2" spawntime="60" x="1" y="-1"/>
<monster name="Flesh Fiend" direction="2" spawntime="60" x="3" y="-1"/>
<monster name="Flesh Fiend" direction="2" spawntime="60" x="-3" y="1"/>
<monster name="Flesh Fiend" direction="2" spawntime="60" x="-1" y="1"/>
<monster name="Flesh Fiend" direction="2" spawntime="60" x="1" y="1"/>
<monster name="Flesh Fiend" direction="2" spawntime="60" x="3" y="1"/>
<monster name="Flesh Fiend" direction="2" spawntime="60" x="-3" y="3"/>
<monster name="Flesh Fiend" direction="2" spawntime="60" x="-1" y="3"/>
<monster name="Flesh Fiend" direction="2" spawntime="60" x="1" y="3"/>
<monster name="Flesh Fiend" direction="2" spawntime="60" x="3" y="3"/>
<monster name="Flesh Fiend" direction="2" spawntime="60" x="-3" y="5"/>
<monster name="Flesh Fiend" direction="2" spawntime="60" x="-1" y="5"/>
<monster name="Flesh Fiend" direction="2" spawntime="60" x="1" y="5"/>
<monster name="Flesh Fiend" direction="2" spawntime="60" x="3" y="5"/>
</spawn>
<spawn centerx="605" centery="79" centerz="15" radius="5">
<monster name="Vlad Tepes" direction="2" spawntime="60" x="-1" y="-1"/>
<monster name="Vlad Tepes" direction="2" spawntime="60" x="1" y="-1"/>
<monster name="Vlad Tepes" direction="2" spawntime="60" x="-1" y="1"/>
<monster name="Vlad Tepes" direction="2" spawntime="60" x="1" y="1"/>
<monster name="Doom Lord" direction="2" spawntime="60" x="-5" y="3"/>
<monster name="Doom Lord" direction="2" spawntime="60" x="-5" y="5"/>
</spawn>
<spawn centerx="613" centery="79" centerz="15" radius="5">
<monster name="Nefarious Acolyte" direction="2" spawntime="60" x="-1" y="0"/>
<monster name="Flesh Fiend" direction="2" spawntime="60" x="5" y="3"/>
<monster name="Flesh Fiend" direction="2" spawntime="60" x="5" y="5"/>
</spawn>
<spawn centerx="738" centery="79" centerz="15" radius="5">
<monster name="Doom Lord" direction="2" spawntime="60" x="-3" y="-3"/>
<monster name="Doom Lord" direction="2" spawntime="60" x="-1" y="-3"/>
<monster name="Doom Lord" direction="2" spawntime="60" x="1" y="-3"/>
<monster name="Doom Lord" direction="2" spawntime="60" x="-3" y="-1"/>
<monster name="Doom Lord" direction="2" spawntime="60" x="-1" y="-1"/>
<monster name="Doom Lord" direction="2" spawntime="60" x="1" y="-1"/>
<monster name="Doom Lord" direction="2" spawntime="60" x="-3" y="1"/>
<monster name="Doom Lord" direction="2" spawntime="60" x="-1" y="1"/>
<monster name="Doom Lord" direction="2" spawntime="60" x="1" y="1"/>
<monster name="Doom Lord" direction="2" spawntime="60" x="-3" y="3"/>
<monster name="Doom Lord" direction="2" spawntime="60" x="-1" y="3"/>
<monster name="Doom Lord" direction="2" spawntime="60" x="1" y="3"/>
<monster name="Doom Lord" direction="2" spawntime="60" x="3" y="3"/>
<monster name="Doom Lord" direction="2" spawntime="60" x="-3" y="5"/>
<monster name="Doom Lord" direction="2" spawntime="60" x="-1" y="5"/>
<monster name="Doom Lord" direction="2" spawntime="60" x="1" y="5"/>
<monster name="Doom Lord" direction="2" spawntime="60" x="3" y="5"/>
</spawn>
<spawn centerx="874" centery="79" centerz="15" radius="5">
<monster name="Vlad Tepes" direction="2" spawntime="60" x="-1" y="-1"/>
<monster name="Vlad Tepes" direction="2" spawntime="60" x="1" y="-1"/>
<monster name="Vlad Tepes" direction="2" spawntime="60" x="-1" y="1"/>
<monster name="Vlad Tepes" direction="2" spawntime="60" x="1" y="1"/>
<monster name="Doom Lord" direction="2" spawntime="60" x="-5" y="3"/>
<monster name="Doom Lord" direction="2" spawntime="60" x="-5" y="5"/>
</spawn>
<spawn centerx="882" centery="79" centerz="15" radius="5">
<monster name="Nefarious Acolyte" direction="2" spawntime="60" x="-1" y="0"/>
<monster name="Flesh Fiend" direction="2" spawntime="60" x="5" y="3"/>
<monster name="Flesh Fiend" direction="2" spawntime="60" x="5" y="5"/>
</spawn>
<spawn centerx="1063" centery="79" centerz="15" radius="5">
<monster name="Vlad Tepes" direction="2" spawntime="60" x="-3" y="-3"/>
<monster name="Vlad Tepes" direction="2" spawntime="60" x="-1" y="-3"/>
<monster name="Vlad Tepes" direction="2" spawntime="60" x="1" y="-3"/>
<monster name="Vlad Tepes" direction="2" spawntime="60" x="3" y="-3"/>
<monster name="Vlad Tepes" direction="2" spawntime="60" x="-3" y="-1"/>
<monster name="Vlad Tepes" direction="2" spawntime="60" x="-1" y="-1"/>
<monster name="Vlad Tepes" direction="2" spawntime="60" x="1" y="-1"/>
<monster name="Vlad Tepes" direction="2" spawntime="60" x="3" y="-1"/>
<monster name="Vlad Tepes" direction="2" spawntime="60" x="-3" y="1"/>
<monster name="Vlad Tepes" direction="2" spawntime="60" x="-1" y="1"/>
<monster name="Vlad Tepes" direction="2" spawntime="60" x="1" y="1"/>
<monster name="Vlad Tepes" direction="2" spawntime="60" x="3" y="1"/>
<monster name="Vlad Tepes" direction="2" spawntime="60" x="-1" y="2"/>
<monster name="Vlad Tepes" direction="2" spawntime="60" x="1" y="2"/>
</spawn>
<spawn centerx="1154" centery="79" centerz="15" radius="5">
<monster name="ultralisk" direction="2" spawntime="60" x="-3" y="0"/>
<monster name="ultralisk" direction="2" spawntime="60" x="-1" y="0"/>
<monster name="ultralisk" direction="2" spawntime="60" x="-3" y="2"/>
<monster name="ultralisk" direction="2" spawntime="60" x="-1" y="2"/>
<monster name="ultralisk" direction="2" spawntime="60" x="1" y="2"/>
<monster name="ultralisk" direction="2" spawntime="60" x="3" y="2"/>
<monster name="ultralisk" direction="2" spawntime="60" x="-3" y="4"/>
<monster name="ultralisk" direction="2" spawntime="60" x="-1" y="4"/>
<monster name="ultralisk" direction="2" spawntime="60" x="1" y="4"/>
<monster name="ultralisk" direction="2" spawntime="60" x="3" y="4"/>
</spawn>
<spawn centerx="293" centery="80" centerz="15" radius="5">
<monster name="Demonic Summoner" direction="2" spawntime="60" x="-3" y="-3"/>
<monster name="Demonic Summoner" direction="2" spawntime="60" x="-1" y="-3"/>
<monster name="Demonic Summoner" direction="2" spawntime="60" x="1" y="-3"/>
<monster name="Demonic Summoner" direction="2" spawntime="60" x="3" y="-3"/>
<monster name="Demonic Summoner" direction="2" spawntime="60" x="-3" y="0"/>
<monster name="Demonic Summoner" direction="2" spawntime="60" x="-1" y="0"/>
<monster name="Demonic Summoner" direction="2" spawntime="60" x="1" y="0"/>
<monster name="Demonic Summoner" direction="2" spawntime="60" x="3" y="0"/>
<monster name="Demonic Summoner" direction="2" spawntime="60" x="-3" y="3"/>
<monster name="Demonic Summoner" direction="2" spawntime="60" x="-1" y="3"/>
<monster name="Demonic Summoner" direction="2" spawntime="60" x="1" y="3"/>
<monster name="Demonic Summoner" direction="2" spawntime="60" x="3" y="3"/>
</spawn>
<spawn centerx="1047" centery="80" centerz="15" radius="5">
<monster name="The Creator" direction="2" spawntime="60" x="-1" y="-1"/>
<monster name="The Creator" direction="2" spawntime="60" x="-1" y="1"/>
</spawn>
<spawn centerx="1055" centery="80" centerz="15" radius="5">
<monster name="Crypt Lord" direction="2" spawntime="60" x="0" y="-1"/>
<monster name="Demonic Summoner" direction="2" spawntime="60" x="5" y="5"/>
</spawn>
<spawn centerx="237" centery="81" centerz="15" radius="3">
<monster name="Vlad Tepes" direction="2" spawntime="60" x="-1" y="-1"/>
<monster name="Vlad Tepes" direction="2" spawntime="60" x="1" y="-1"/>
<monster name="Vlad Tepes" direction="2" spawntime="60" x="-1" y="1"/>
<monster name="Vlad Tepes" direction="2" spawntime="60" x="1" y="1"/>
</spawn>
<spawn centerx="246" centery="81" centerz="15" radius="3">
<monster name="Nefarious Acolyte" direction="2" spawntime="60" x="-1" y="0"/>
</spawn>
<spawn centerx="373" centery="81" centerz="15" radius="5">
<monster name="Doom Lord" direction="2" spawntime="60" x="-3" y="-2"/>
<monster name="Doom Lord" direction="2" spawntime="60" x="-1" y="-2"/>
<monster name="Doom Lord" direction="2" spawntime="60" x="1" y="-2"/>
<monster name="Doom Lord" direction="2" spawntime="60" x="3" y="-2"/>
<monster name="Doom Lord" direction="2" spawntime="60" x="-3" y="0"/>
<monster name="Doom Lord" direction="2" spawntime="60" x="-1" y="0"/>
<monster name="Doom Lord" direction="2" spawntime="60" x="1" y="0"/>
<monster name="Doom Lord" direction="2" spawntime="60" x="3" y="0"/>
<monster name="Doom Lord" direction="2" spawntime="60" x="-3" y="2"/>
<monster name="Doom Lord" direction="2" spawntime="60" x="-1" y="2"/>
<monster name="Doom Lord" direction="2" spawntime="60" x="1" y="2"/>
<monster name="Doom Lord" direction="2" spawntime="60" x="3" y="2"/>
<monster name="Doom Lord" direction="2" spawntime="60" x="-3" y="4"/>
<monster name="Doom Lord" direction="2" spawntime="60" x="-1" y="4"/>
<monster name="Doom Lord" direction="2" spawntime="60" x="1" y="4"/>
<monster name="Doom Lord" direction="2" spawntime="60" x="3" y="4"/>
</spawn>
<spawn centerx="397" centery="81" centerz="15" radius="5">
<monster name="Flesh Fiend" direction="2" spawntime="60" x="-3" y="-2"/>
<monster name="Flesh Fiend" direction="2" spawntime="60" x="-1" y="-2"/>
<monster name="Flesh Fiend" direction="2" spawntime="60" x="1" y="-2"/>
<monster name="Flesh Fiend" direction="2" spawntime="60" x="3" y="-2"/>
<monster name="Flesh Fiend" direction="2" spawntime="60" x="-3" y="0"/>
<monster name="Flesh Fiend" direction="2" spawntime="60" x="-1" y="0"/>
<monster name="Flesh Fiend" direction="2" spawntime="60" x="1" y="0"/>
<monster name="Flesh Fiend" direction="2" spawntime="60" x="3" y="0"/>
<monster name="Flesh Fiend" direction="2" spawntime="60" x="-3" y="2"/>
<monster name="Flesh Fiend" direction="2" spawntime="60" x="-1" y="2"/>
<monster name="Flesh Fiend" direction="2" spawntime="60" x="1" y="2"/>
<monster name="Flesh Fiend" direction="2" spawntime="60" x="3" y="2"/>
<monster name="Flesh Fiend" direction="2" spawntime="60" x="-3" y="4"/>
<monster name="Flesh Fiend" direction="2" spawntime="60" x="-1" y="4"/>
<monster name="Flesh Fiend" direction="2" spawntime="60" x="1" y="4"/>
<monster name="Flesh Fiend" direction="2" spawntime="60" x="3" y="4"/>
</spawn>
<spawn centerx="517" centery="81" centerz="15" radius="5">
<monster name="ultralisk" direction="2" spawntime="60" x="-3" y="-3"/>
<monster name="ultralisk" direction="2" spawntime="60" x="-1" y="-3"/>
<monster name="ultralisk" direction="2" spawntime="60" x="1" y="-3"/>
<monster name="ultralisk" direction="2" spawntime="60" x="3" y="-3"/>
<monster name="ultralisk" direction="2" spawntime="60" x="-3" y="-1"/>
<monster name="ultralisk" direction="2" spawntime="60" x="-1" y="-1"/>
<monster name="ultralisk" direction="2" spawntime="60" x="1" y="-1"/>
<monster name="ultralisk" direction="2" spawntime="60" x="3" y="-1"/>
<monster name="ultralisk" direction="2" spawntime="60" x="-3" y="1"/>
<monster name="ultralisk" direction="2" spawntime="60" x="-1" y="1"/>
<monster name="ultralisk" direction="2" spawntime="60" x="1" y="1"/>
<monster name="ultralisk" direction="2" spawntime="60" x="3" y="1"/>
<monster name="ultralisk" direction="2" spawntime="60" x="-3" y="3"/>
<monster name="ultralisk" direction="2" spawntime="60" x="-1" y="3"/>
<monster name="ultralisk" direction="2" spawntime="60" x="1" y="3"/>
<monster name="ultralisk" direction="2" spawntime="60" x="3" y="3"/>
<monster name="ultralisk" direction="2" spawntime="60" x="-3" y="5"/>
<monster name="ultralisk" direction="2" spawntime="60" x="-1" y="5"/>
<monster name="ultralisk" direction="2" spawntime="60" x="1" y="5"/>
<monster name="ultralisk" direction="2" spawntime="60" x="3" y="5"/>
</spawn>
<spawn centerx="525" centery="81" centerz="15" radius="5">
<monster name="Lizard King" direction="2" spawntime="60" x="0" y="0"/>
</spawn>
<spawn centerx="533" centery="81" centerz="15" radius="5">
<monster name="Demonic Summoner" direction="2" spawntime="60" x="5" y="-3"/>
<monster name="Demonic Summoner" direction="2" spawntime="60" x="5" y="-1"/>
<monster name="Demonic Acolyte" direction="2" spawntime="60" x="-1" y="0"/>
<monster name="Demonic Summoner" direction="2" spawntime="60" x="5" y="1"/>
<monster name="Demonic Summoner" direction="2" spawntime="60" x="5" y="3"/>
<monster name="Demonic Summoner" direction="2" spawntime="60" x="5" y="5"/>
</spawn>
<spawn centerx="541" centery="81" centerz="15" radius="5">
<monster name="Demonic Summoner" direction="2" spawntime="60" x="-1" y="-3"/>
<monster name="Demonic Summoner" direction="2" spawntime="60" x="1" y="-3"/>
<monster name="Demonic Summoner" direction="2" spawntime="60" x="3" y="-3"/>
<monster name="Demonic Summoner" direction="2" spawntime="60" x="-1" y="-1"/>
<monster name="Demonic Summoner" direction="2" spawntime="60" x="1" y="-1"/>
<monster name="Demonic Summoner" direction="2" spawntime="60" x="3" y="-1"/>
<monster name="Demonic Summoner" direction="2" spawntime="60" x="-1" y="1"/>
<monster name="Demonic Summoner" direction="2" spawntime="60" x="1" y="1"/>
<monster name="Demonic Summoner" direction="2" spawntime="60" x="3" y="1"/>
<monster name="Demonic Summoner" direction="2" spawntime="60" x="-1" y="3"/>
<monster name="Demonic Summoner" direction="2" spawntime="60" x="1" y="3"/>
<monster name="Demonic Summoner" direction="2" spawntime="60" x="3" y="3"/>
<monster name="Demonic Summoner" direction="2" spawntime="60" x="-1" y="5"/>
<monster name="Demonic Summoner" direction="2" spawntime="60" x="1" y="5"/>
<monster name="Demonic Summoner" direction="2" spawntime="60" x="3" y="5"/>
</spawn>
<spawn centerx="670" centery="81" centerz="15" radius="5">
<monster name="Lizard King" direction="2" spawntime="60" x="0" y="0"/>
<monster name="ultralisk" direction="2" spawntime="60" x="-5" y="3"/>
<monster name="ultralisk" direction="2" spawntime="60" x="-5" y="5"/>
</spawn>
<spawn centerx="678" centery="81" centerz="15" radius="5">
<monster name="Demonic Acolyte" direction="2" spawntime="60" x="-1" y="0"/>
<monster name="Demonic Summoner" direction="2" spawntime="60" x="5" y="3"/>
<monster name="Demonic Summoner" direction="2" spawntime="60" x="5" y="5"/>
</spawn>
<spawn centerx="811" centery="81" centerz="15" radius="5">
<monster name="Vlad Tepes" direction="2" spawntime="60" x="-1" y="-1"/>
<monster name="Vlad Tepes" direction="2" spawntime="60" x="1" y="-1"/>
<monster name="Doom Lord" direction="2" spawntime="60" x="-5" y="1"/>
<monster name="Vlad Tepes" direction="2" spawntime="60" x="-1" y="1"/>
<monster name="Vlad Tepes" direction="2" spawntime="60" x="1" y="1"/>
<monster name="Doom Lord" direction="2" spawntime="60" x="-5" y="3"/>
<monster name="Doom Lord" direction="2" spawntime="60" x="-5" y="5"/>
</spawn>
<spawn centerx="819" centery="81" centerz="15" radius="5">
<monster name="Nefarious Acolyte" direction="2" spawntime="60" x="-1" y="0"/>
<monster name="Flesh Fiend" direction="2" spawntime="60" x="5" y="1"/>
<monster name="Flesh Fiend" direction="2" spawntime="60" x="5" y="3"/>
<monster name="Flesh Fiend" direction="2" spawntime="60" x="5" y="5"/>
</spawn>
<spawn centerx="1178" centery="81" centerz="15" radius="5">
<monster name="Demonic Summoner" direction="2" spawntime="60" x="-3" y="0"/>
<monster name="Demonic Summoner" direction="2" spawntime="60" x="-1" y="0"/>
<monster name="Demonic Summoner" direction="2" spawntime="60" x="1" y="0"/>
<monster name="Demonic Summoner" direction="2" spawntime="60" x="3" y="0"/>
</spawn>
<spawn centerx="438" centery="82" centerz="15" radius="5">
<monster name="Doom Lord" direction="2" spawntime="60" x="-3" y="-2"/>
<monster name="Doom Lord" direction="2" spawntime="60" x="-1" y="-2"/>
<monster name="Doom Lord" direction="2" spawntime="60" x="1" y="-2"/>
<monster name="Doom Lord" direction="2" spawntime="60" x="3" y="-2"/>
<monster name="Doom Lord" direction="2" spawntime="60" x="-3" y="0"/>
<monster name="Doom Lord" direction="2" spawntime="60" x="-1" y="0"/>
<monster name="Doom Lord" direction="2" spawntime="60" x="1" y="0"/>
<monster name="Doom Lord" direction="2" spawntime="60" x="3" y="0"/>
<monster name="Doom Lord" direction="2" spawntime="60" x="-3" y="2"/>
<monster name="Doom Lord" direction="2" spawntime="60" x="-1" y="2"/>
<monster name="Doom Lord" direction="2" spawntime="60" x="1" y="2"/>
<monster name="Doom Lord" direction="2" spawntime="60" x="3" y="2"/>
<monster name="Doom Lord" direction="2" spawntime="60" x="-3" y="4"/>
<monster name="Doom Lord" direction="2" spawntime="60" x="-1" y="4"/>
<monster name="Doom Lord" direction="2" spawntime="60" x="1" y="4"/>
<monster name="Doom Lord" direction="2" spawntime="60" x="3" y="4"/>
</spawn>
<spawn centerx="462" centery="82" centerz="15" radius="5">
<monster name="Flesh Fiend" direction="2" spawntime="60" x="-3" y="-2"/>
<monster name="Flesh Fiend" direction="2" spawntime="60" x="-1" y="-2"/>
<monster name="Flesh Fiend" direction="2" spawntime="60" x="1" y="-2"/>
<monster name="Flesh Fiend" direction="2" spawntime="60" x="3" y="-2"/>
<monster name="Flesh Fiend" direction="2" spawntime="60" x="-3" y="0"/>
<monster name="Flesh Fiend" direction="2" spawntime="60" x="-1" y="0"/>
<monster name="Flesh Fiend" direction="2" spawntime="60" x="1" y="0"/>
<monster name="Flesh Fiend" direction="2" spawntime="60" x="3" y="0"/>
<monster name="Flesh Fiend" direction="2" spawntime="60" x="-3" y="2"/>
<monster name="Flesh Fiend" direction="2" spawntime="60" x="-1" y="2"/>
<monster name="Flesh Fiend" direction="2" spawntime="60" x="1" y="2"/>
<monster name="Flesh Fiend" direction="2" spawntime="60" x="3" y="2"/>
<monster name="Flesh Fiend" direction="2" spawntime="60" x="-3" y="4"/>
<monster name="Flesh Fiend" direction="2" spawntime="60" x="-1" y="4"/>
<monster name="Flesh Fiend" direction="2" spawntime="60" x="1" y="4"/>
<monster name="Flesh Fiend" direction="2" spawntime="60" x="3" y="4"/>
</spawn>
<spawn centerx="762" centery="82" centerz="15" radius="5">
<monster name="Flesh Fiend" direction="2" spawntime="60" x="-3" y="2"/>
<monster name="Flesh Fiend" direction="2" spawntime="60" x="-1" y="2"/>
<monster name="Flesh Fiend" direction="2" spawntime="60" x="1" y="2"/>
<monster name="Flesh Fiend" direction="2" spawntime="60" x="3" y="2"/>
<monster name="Flesh Fiend" direction="2" spawntime="60" x="-3" y="4"/>
<monster name="Flesh Fiend" direction="2" spawntime="60" x="-1" y="4"/>
<monster name="Flesh Fiend" direction="2" spawntime="60" x="1" y="4"/>
<monster name="Flesh Fiend" direction="2" spawntime="60" x="3" y="4"/>
</spawn>
<spawn centerx="1109" centery="82" centerz="15" radius="5">
<monster name="Demonic Summoner" direction="2" spawntime="60" x="-1" y="0"/>
<monster name="Demonic Summoner" direction="2" spawntime="60" x="1" y="0"/>
<monster name="Demonic Summoner" direction="2" spawntime="60" x="3" y="0"/>
<monster name="Demonic Summoner" direction="2" spawntime="60" x="-3" y="2"/>
<monster name="Demonic Summoner" direction="2" spawntime="60" x="-1" y="2"/>
<monster name="Demonic Summoner" direction="2" spawntime="60" x="1" y="2"/>
<monster name="Demonic Summoner" direction="2" spawntime="60" x="3" y="2"/>
</spawn>
<spawn centerx="937" centery="83" centerz="15" radius="5">
<monster name="Doom Lord" direction="2" spawntime="60" x="-3" y="-2"/>
<monster name="Doom Lord" direction="2" spawntime="60" x="-1" y="-2"/>
<monster name="Doom Lord" direction="2" spawntime="60" x="1" y="-2"/>
<monster name="Doom Lord" direction="2" spawntime="60" x="-3" y="0"/>
<monster name="Doom Lord" direction="2" spawntime="60" x="-1" y="0"/>
<monster name="Doom Lord" direction="2" spawntime="60" x="1" y="0"/>
<monster name="Doom Lord" direction="2" spawntime="60" x="-3" y="2"/>
<monster name="Doom Lord" direction="2" spawntime="60" x="-1" y="2"/>
<monster name="Doom Lord" direction="2" spawntime="60" x="1" y="2"/>
<monster name="Doom Lord" direction="2" spawntime="60" x="3" y="2"/>
<monster name="Doom Lord" direction="2" spawntime="60" x="-3" y="4"/>
<monster name="Doom Lord" direction="2" spawntime="60" x="-1" y="4"/>
<monster name="Doom Lord" direction="2" spawntime="60" x="1" y="4"/>
<monster name="Doom Lord" direction="2" spawntime="60" x="3" y="4"/>
</spawn>
<spawn centerx="961" centery="83" centerz="15" radius="5">
<monster name="Flesh Fiend" direction="2" spawntime="60" x="-1" y="-2"/>
<monster name="Flesh Fiend" direction="2" spawntime="60" x="1" y="-2"/>
<monster name="Flesh Fiend" direction="2" spawntime="60" x="3" y="-2"/>
<monster name="Flesh Fiend" direction="2" spawntime="60" x="-1" y="0"/>
<monster name="Flesh Fiend" direction="2" spawntime="60" x="1" y="0"/>
<monster name="Flesh Fiend" direction="2" spawntime="60" x="3" y="0"/>
<monster name="Flesh Fiend" direction="2" spawntime="60" x="-3" y="2"/>
<monster name="Flesh Fiend" direction="2" spawntime="60" x="-1" y="2"/>
<monster name="Flesh Fiend" direction="2" spawntime="60" x="1" y="2"/>
<monster name="Flesh Fiend" direction="2" spawntime="60" x="3" y="2"/>
<monster name="Flesh Fiend" direction="2" spawntime="60" x="-3" y="4"/>
<monster name="Flesh Fiend" direction="2" spawntime="60" x="-1" y="4"/>
<monster name="Flesh Fiend" direction="2" spawntime="60" x="1" y="4"/>
<monster name="Flesh Fiend" direction="2" spawntime="60" x="3" y="4"/>
</spawn>
<spawn centerx="4958" centery="83" centerz="15" radius="10">
<monster name="Ghostly visage" direction="2" spawntime="60" x="3" y="-2"/>
<monster name="Ghostly visage" direction="2" spawntime="60" x="-4" y="-1"/>
<monster name="Ghostly visage" direction="2" spawntime="60" x="0" y="-1"/>
<monster name="Ghostly visage" direction="2" spawntime="60" x="8" y="-1"/>
<monster name="Ghostly visage" direction="2" spawntime="60" x="-7" y="1"/>
<monster name="Ghostly visage" direction="2" spawntime="60" x="2" y="2"/>
<monster name="Ghostly visage" direction="2" spawntime="60" x="6" y="2"/>
<monster name="Ghostly visage" direction="2" spawntime="60" x="10" y="2"/>
<monster name="Ghostly visage" direction="2" spawntime="60" x="-3" y="3"/>
<monster name="Ghostly visage" direction="2" spawntime="60" x="-5" y="5"/>
<monster name="Ghostly visage" direction="2" spawntime="60" x="-2" y="5"/>
<monster name="Ghostly visage" direction="2" spawntime="60" x="2" y="5"/>
<monster name="Ghostly visage" direction="2" spawntime="60" x="7" y="5"/>
<monster name="Ghostly visage" direction="2" spawntime="60" x="6" y="7"/>
<monster name="Ghostly visage" direction="2" spawntime="60" x="-5" y="8"/>
<monster name="Ghostly visage" direction="2" spawntime="60" x="0" y="8"/>
<monster name="Ghostly visage" direction="2" spawntime="60" x="4" y="9"/>
</spawn>
<spawn centerx="4973" centery="83" centerz="15" radius="10">
<monster name="Ghostly visage" direction="2" spawntime="60" x="4" y="-2"/>
<monster name="Ghostly visage" direction="2" spawntime="60" x="-1" y="-1"/>
<monster name="Ghostly visage" direction="2" spawntime="60" x="0" y="2"/>
<monster name="Ghostly visage" direction="2" spawntime="60" x="4" y="3"/>
<monster name="Ghostly visage" direction="2" spawntime="60" x="-3" y="5"/>
<monster name="Ghostly visage" direction="2" spawntime="60" x="5" y="5"/>
<monster name="Ghostly visage" direction="2" spawntime="60" x="3" y="6"/>
<monster name="Ghostly visage" direction="2" spawntime="60" x="-4" y="8"/>
<monster name="Ghostly visage" direction="2" spawntime="60" x="-2" y="8"/>
<monster name="Ghostly visage" direction="2" spawntime="60" x="1" y="8"/>
<monster name="Ghostly visage" direction="2" spawntime="60" x="4" y="8"/>
<monster name="Ghostly visage" direction="2" spawntime="60" x="4" y="10"/>
</spawn>
<spawn centerx="317" centery="84" centerz="15" radius="5">
<monster name="Vlad Tepes" direction="2" spawntime="60" x="-3" y="-2"/>
<monster name="Vlad Tepes" direction="2" spawntime="60" x="-1" y="-2"/>
<monster name="Vlad Tepes" direction="2" spawntime="60" x="1" y="-2"/>
<monster name="Vlad Tepes" direction="2" spawntime="60" x="3" y="-2"/>
<monster name="Vlad Tepes" direction="2" spawntime="60" x="-3" y="1"/>
<monster name="Vlad Tepes" direction="2" spawntime="60" x="-1" y="1"/>
<monster name="Vlad Tepes" direction="2" spawntime="60" x="1" y="1"/>
<monster name="Vlad Tepes" direction="2" spawntime="60" x="3" y="1"/>
<monster name="Vlad Tepes" direction="2" spawntime="60" x="-3" y="3"/>
<monster name="Vlad Tepes" direction="2" spawntime="60" x="-1" y="3"/>
<monster name="Vlad Tepes" direction="2" spawntime="60" x="1" y="3"/>
<monster name="Vlad Tepes" direction="2" spawntime="60" x="3" y="3"/>
<monster name="Vlad Tepes" direction="2" spawntime="60" x="-3" y="5"/>
<monster name="Vlad Tepes" direction="2" spawntime="60" x="-1" y="5"/>
<monster name="Vlad Tepes" direction="2" spawntime="60" x="1" y="5"/>
<monster name="Vlad Tepes" direction="2" spawntime="60" x="3" y="5"/>
</spawn>
<spawn centerx="597" centery="84" centerz="15" radius="5">
<monster name="Doom Lord" direction="2" spawntime="60" x="-3" y="-2"/>
<monster name="Doom Lord" direction="2" spawntime="60" x="-1" y="-2"/>
<monster name="Doom Lord" direction="2" spawntime="60" x="1" y="-2"/>
<monster name="Doom Lord" direction="2" spawntime="60" x="-3" y="0"/>
<monster name="Doom Lord" direction="2" spawntime="60" x="-1" y="0"/>
<monster name="Doom Lord" direction="2" spawntime="60" x="1" y="0"/>
<monster name="Doom Lord" direction="2" spawntime="60" x="-3" y="2"/>
<monster name="Doom Lord" direction="2" spawntime="60" x="-1" y="2"/>
<monster name="Doom Lord" direction="2" spawntime="60" x="1" y="2"/>
<monster name="Doom Lord" direction="2" spawntime="60" x="3" y="2"/>
<monster name="Doom Lord" direction="2" spawntime="60" x="-3" y="4"/>
<monster name="Doom Lord" direction="2" spawntime="60" x="-1" y="4"/>
<monster name="Doom Lord" direction="2" spawntime="60" x="1" y="4"/>
<monster name="Doom Lord" direction="2" spawntime="60" x="3" y="4"/>
</spawn>
<spawn centerx="621" centery="84" centerz="15" radius="5">
<monster name="Flesh Fiend" direction="2" spawntime="60" x="-1" y="-2"/>
<monster name="Flesh Fiend" direction="2" spawntime="60" x="1" y="-2"/>
<monster name="Flesh Fiend" direction="2" spawntime="60" x="3" y="-2"/>
<monster name="Flesh Fiend" direction="2" spawntime="60" x="-1" y="0"/>
<monster name="Flesh Fiend" direction="2" spawntime="60" x="1" y="0"/>
<monster name="Flesh Fiend" direction="2" spawntime="60" x="3" y="0"/>
<monster name="Flesh Fiend" direction="2" spawntime="60" x="-3" y="2"/>
<monster name="Flesh Fiend" direction="2" spawntime="60" x="-1" y="2"/>
<monster name="Flesh Fiend" direction="2" spawntime="60" x="1" y="2"/>
<monster name="Flesh Fiend" direction="2" spawntime="60" x="3" y="2"/>
<monster name="Flesh Fiend" direction="2" spawntime="60" x="-3" y="4"/>
<monster name="Flesh Fiend" direction="2" spawntime="60" x="-1" y="4"/>
<monster name="Flesh Fiend" direction="2" spawntime="60" x="1" y="4"/>
<monster name="Flesh Fiend" direction="2" spawntime="60" x="3" y="4"/>
</spawn>
<spawn centerx="866" centery="84" centerz="15" radius="5">
<monster name="Doom Lord" direction="2" spawntime="60" x="-3" y="-2"/>
<monster name="Doom Lord" direction="2" spawntime="60" x="-1" y="-2"/>
<monster name="Doom Lord" direction="2" spawntime="60" x="1" y="-2"/>
<monster name="Doom Lord" direction="2" spawntime="60" x="-3" y="0"/>
<monster name="Doom Lord" direction="2" spawntime="60" x="-1" y="0"/>
<monster name="Doom Lord" direction="2" spawntime="60" x="1" y="0"/>
<monster name="Doom Lord" direction="2" spawntime="60" x="-3" y="2"/>
<monster name="Doom Lord" direction="2" spawntime="60" x="-1" y="2"/>
<monster name="Doom Lord" direction="2" spawntime="60" x="1" y="2"/>
<monster name="Doom Lord" direction="2" spawntime="60" x="3" y="2"/>
<monster name="Doom Lord" direction="2" spawntime="60" x="-3" y="4"/>
<monster name="Doom Lord" direction="2" spawntime="60" x="-1" y="4"/>
<monster name="Doom Lord" direction="2" spawntime="60" x="1" y="4"/>
<monster name="Doom Lord" direction="2" spawntime="60" x="3" y="4"/>
</spawn>
<spawn centerx="890" centery="84" centerz="15" radius="5">
<monster name="Flesh Fiend" direction="2" spawntime="60" x="-1" y="-2"/>
<monster name="Flesh Fiend" direction="2" spawntime="60" x="1" y="-2"/>
<monster name="Flesh Fiend" direction="2" spawntime="60" x="3" y="-2"/>
<monster name="Flesh Fiend" direction="2" spawntime="60" x="-1" y="0"/>
<monster name="Flesh Fiend" direction="2" spawntime="60" x="1" y="0"/>
<monster name="Flesh Fiend" direction="2" spawntime="60" x="3" y="0"/>
<monster name="Flesh Fiend" direction="2" spawntime="60" x="-3" y="2"/>
<monster name="Flesh Fiend" direction="2" spawntime="60" x="-1" y="2"/>
<monster name="Flesh Fiend" direction="2" spawntime="60" x="1" y="2"/>
<monster name="Flesh Fiend" direction="2" spawntime="60" x="3" y="2"/>
<monster name="Flesh Fiend" direction="2" spawntime="60" x="-3" y="4"/>
<monster name="Flesh Fiend" direction="2" spawntime="60" x="-1" y="4"/>
<monster name="Flesh Fiend" direction="2" spawntime="60" x="1" y="4"/>
<monster name="Flesh Fiend" direction="2" spawntime="60" x="3" y="4"/>
</spawn>
<spawn centerx="1161" centery="84" centerz="15" radius="5">
<monster name="Lizard King" direction="2" spawntime="60" x="1" y="0"/>
<monster name="ultralisk" direction="2" spawntime="60" x="-4" y="1"/>
<monster name="ultralisk" direction="2" spawntime="60" x="-4" y="3"/>
<monster name="ultralisk" direction="2" spawntime="60" x="-4" y="5"/>
</spawn>
<spawn centerx="1170" centery="84" centerz="15" radius="5">
<monster name="Demonic Acolyte" direction="2" spawntime="60" x="-1" y="2"/>
<monster name="Demonic Summoner" direction="2" spawntime="60" x="5" y="3"/>
<monster name="Demonic Summoner" direction="2" spawntime="60" x="5" y="5"/>
</spawn>
<spawn centerx="4945" centery="84" centerz="15" radius="5">
<monster name="Skeletor" direction="2" spawntime="60" x="-1" y="0"/>
</spawn>
<spawn centerx="32" centery="85" centerz="15" radius="3">
<monster name="Demonic Summoner" direction="2" spawntime="60" x="0" y="-1"/>
<monster name="Demonic Summoner" direction="2" spawntime="60" x="0" y="1"/>
</spawn>
<spawn centerx="41" centery="85" centerz="15" radius="3">
<monster name="Skeletor" direction="2" spawntime="60" x="0" y="1"/>
</spawn>
<spawn centerx="301" centery="85" centerz="15" radius="3">
<monster name="oblivion dragon" direction="2" spawntime="60" x="-1" y="1"/>
</spawn>
<spawn centerx="309" centery="85" centerz="15" radius="3">
<monster name="Sibang" direction="2" spawntime="60" x="0" y="0"/>
</spawn>
<spawn centerx="746" centery="85" centerz="15" radius="5">
<monster name="Demonic Summoner" direction="2" spawntime="60" x="0" y="-1"/>
<monster name="Doom Lord" direction="2" spawntime="60" x="-5" y="1"/>
<monster name="Demonic Summoner" direction="2" spawntime="60" x="0" y="1"/>
<monster name="fire storm" direction="2" spawntime="60" x="-5" y="5"/>
</spawn>
<spawn centerx="754" centery="85" centerz="15" radius="5">
<monster name="Skeletor" direction="2" spawntime="60" x="-1" y="0"/>
<monster name="Plague Spitter" direction="2" spawntime="60" x="5" y="5"/>
</spawn>
<spawn centerx="803" centery="85" centerz="15" radius="5">
<monster name="Doom Lord" direction="2" spawntime="60" x="-3" y="-3"/>
<monster name="Doom Lord" direction="2" spawntime="60" x="-1" y="-3"/>
<monster name="Doom Lord" direction="2" spawntime="60" x="1" y="-3"/>
<monster name="Doom Lord" direction="2" spawntime="60" x="-3" y="-1"/>
<monster name="Doom Lord" direction="2" spawntime="60" x="-1" y="-1"/>
<monster name="Doom Lord" direction="2" spawntime="60" x="1" y="-1"/>
<monster name="Doom Lord" direction="2" spawntime="60" x="-3" y="1"/>
<monster name="Doom Lord" direction="2" spawntime="60" x="-1" y="1"/>
<monster name="Doom Lord" direction="2" spawntime="60" x="1" y="1"/>
<monster name="Doom Lord" direction="2" spawntime="60" x="-3" y="3"/>
<monster name="Doom Lord" direction="2" spawntime="60" x="-1" y="3"/>
<monster name="Doom Lord" direction="2" spawntime="60" x="1" y="3"/>
<monster name="Doom Lord" direction="2" spawntime="60" x="3" y="3"/>
<monster name="Doom Lord" direction="2" spawntime="60" x="-3" y="5"/>
<monster name="Doom Lord" direction="2" spawntime="60" x="-1" y="5"/>
<monster name="Doom Lord" direction="2" spawntime="60" x="1" y="5"/>
<monster name="Doom Lord" direction="2" spawntime="60" x="3" y="5"/>
</spawn>
<spawn centerx="827" centery="85" centerz="15" radius="5">
<monster name="Flesh Fiend" direction="2" spawntime="60" x="-1" y="-3"/>
<monster name="Flesh Fiend" direction="2" spawntime="60" x="1" y="-3"/>
<monster name="Flesh Fiend" direction="2" spawntime="60" x="3" y="-3"/>
<monster name="Flesh Fiend" direction="2" spawntime="60" x="-1" y="-1"/>
<monster name="Flesh Fiend" direction="2" spawntime="60" x="1" y="-1"/>
<monster name="Flesh Fiend" direction="2" spawntime="60" x="3" y="-1"/>
<monster name="Flesh Fiend" direction="2" spawntime="60" x="-1" y="1"/>
<monster name="Flesh Fiend" direction="2" spawntime="60" x="1" y="1"/>
<monster name="Flesh Fiend" direction="2" spawntime="60" x="3" y="1"/>
<monster name="Flesh Fiend" direction="2" spawntime="60" x="-3" y="3"/>
<monster name="Flesh Fiend" direction="2" spawntime="60" x="-1" y="3"/>
<monster name="Flesh Fiend" direction="2" spawntime="60" x="1" y="3"/>
<monster name="Flesh Fiend" direction="2" spawntime="60" x="3" y="3"/>
<monster name="Flesh Fiend" direction="2" spawntime="60" x="-3" y="5"/>
<monster name="Flesh Fiend" direction="2" spawntime="60" x="-1" y="5"/>
<monster name="Flesh Fiend" direction="2" spawntime="60" x="1" y="5"/>
<monster name="Flesh Fiend" direction="2" spawntime="60" x="3" y="5"/>
</spawn>
<spawn centerx="986" centery="85" centerz="15" radius="5">
<monster name="ultralisk" direction="2" spawntime="60" x="-3" y="-4"/>
<monster name="ultralisk" direction="2" spawntime="60" x="-1" y="-4"/>
<monster name="ultralisk" direction="2" spawntime="60" x="1" y="-4"/>
<monster name="ultralisk" direction="2" spawntime="60" x="3" y="-4"/>
<monster name="ultralisk" direction="2" spawntime="60" x="-3" y="-2"/>
<monster name="ultralisk" direction="2" spawntime="60" x="-1" y="-2"/>
<monster name="ultralisk" direction="2" spawntime="60" x="1" y="-2"/>
<monster name="ultralisk" direction="2" spawntime="60" x="3" y="-2"/>
<monster name="ultralisk" direction="2" spawntime="60" x="-3" y="0"/>
<monster name="ultralisk" direction="2" spawntime="60" x="-1" y="0"/>
<monster name="ultralisk" direction="2" spawntime="60" x="1" y="0"/>
<monster name="ultralisk" direction="2" spawntime="60" x="3" y="0"/>
<monster name="ultralisk" direction="2" spawntime="60" x="-3" y="2"/>
<monster name="ultralisk" direction="2" spawntime="60" x="-1" y="2"/>
<monster name="ultralisk" direction="2" spawntime="60" x="1" y="2"/>
<monster name="ultralisk" direction="2" spawntime="60" x="3" y="2"/>
<monster name="ultralisk" direction="2" spawntime="60" x="-3" y="3"/>
<monster name="ultralisk" direction="2" spawntime="60" x="-1" y="3"/>
<monster name="ultralisk" direction="2" spawntime="60" x="1" y="3"/>
<monster name="ultralisk" direction="2" spawntime="60" x="3" y="3"/>
<monster name="ultralisk" direction="2" spawntime="60" x="-3" y="4"/>
<monster name="ultralisk" direction="2" spawntime="60" x="-1" y="4"/>
<monster name="ultralisk" direction="2" spawntime="60" x="1" y="4"/>
<monster name="ultralisk" direction="2" spawntime="60" x="3" y="4"/>
</spawn>
<spawn centerx="995" centery="85" centerz="15" radius="5">
<monster name="Lizard King" direction="2" spawntime="60" x="-2" y="0"/>
</spawn>
<spawn centerx="1001" centery="85" centerz="15" radius="5">
<monster name="Demonic Acolyte" direction="2" spawntime="60" x="1" y="0"/>
</spawn>
<spawn centerx="1010" centery="85" centerz="15" radius="5">
<monster name="Demonic Summoner" direction="2" spawntime="60" x="-3" y="-3"/>
<monster name="Demonic Summoner" direction="2" spawntime="60" x="-1" y="-3"/>
<monster name="Demonic Summoner" direction="2" spawntime="60" x="1" y="-3"/>
<monster name="Demonic Summoner" direction="2" spawntime="60" x="3" y="-3"/>
<monster name="Demonic Summoner" direction="2" spawntime="60" x="-3" y="-1"/>
<monster name="Demonic Summoner" direction="2" spawntime="60" x="-1" y="-1"/>
<monster name="Demonic Summoner" direction="2" spawntime="60" x="1" y="-1"/>
<monster name="Demonic Summoner" direction="2" spawntime="60" x="3" y="-1"/>
<monster name="Demonic Summoner" direction="2" spawntime="60" x="-3" y="1"/>
<monster name="Demonic Summoner" direction="2" spawntime="60" x="-1" y="1"/>
<monster name="Demonic Summoner" direction="2" spawntime="60" x="1" y="1"/>
<monster name="Demonic Summoner" direction="2" spawntime="60" x="3" y="1"/>
<monster name="Demonic Summoner" direction="2" spawntime="60" x="-3" y="3"/>
<monster name="Demonic Summoner" direction="2" spawntime="60" x="-1" y="3"/>
<monster name="Demonic Summoner" direction="2" spawntime="60" x="1" y="3"/>
<monster name="Demonic Summoner" direction="2" spawntime="60" x="3" y="3"/>
</spawn>
<spawn centerx="1085" centery="85" centerz="15" radius="5">
<monster name="ultralisk" direction="2" spawntime="60" x="-3" y="-2"/>
<monster name="ultralisk" direction="2" spawntime="60" x="-1" y="-2"/>
<monster name="ultralisk" direction="2" spawntime="60" x="1" y="-2"/>
<monster name="ultralisk" direction="2" spawntime="60" x="3" y="-2"/>
<monster name="ultralisk" direction="2" spawntime="60" x="-3" y="0"/>
<monster name="ultralisk" direction="2" spawntime="60" x="-1" y="0"/>
<monster name="ultralisk" direction="2" spawntime="60" x="1" y="0"/>
<monster name="ultralisk" direction="2" spawntime="60" x="3" y="0"/>
<monster name="ultralisk" direction="2" spawntime="60" x="-3" y="2"/>
<monster name="ultralisk" direction="2" spawntime="60" x="-1" y="2"/>
<monster name="ultralisk" direction="2" spawntime="60" x="1" y="2"/>
<monster name="ultralisk" direction="2" spawntime="60" x="3" y="2"/>
<monster name="ultralisk" direction="2" spawntime="60" x="-3" y="4"/>
<monster name="ultralisk" direction="2" spawntime="60" x="-1" y="4"/>
<monster name="ultralisk" direction="2" spawntime="60" x="1" y="4"/>
<monster name="ultralisk" direction="2" spawntime="60" x="3" y="4"/>
<monster name="ultralisk" direction="2" spawntime="60" x="-3" y="5"/>
<monster name="ultralisk" direction="2" spawntime="60" x="-1" y="5"/>
<monster name="ultralisk" direction="2" spawntime="60" x="1" y="5"/>
<monster name="ultralisk" direction="2" spawntime="60" x="3" y="5"/>
</spawn>
<spawn centerx="230" centery="86" centerz="15" radius="5">
<monster name="Doom Lord" direction="2" spawntime="60" x="-3" y="-2"/>
<monster name="Doom Lord" direction="2" spawntime="60" x="-1" y="-2"/>
<monster name="Doom Lord" direction="2" spawntime="60" x="1" y="-2"/>
<monster name="Doom Lord" direction="2" spawntime="60" x="3" y="-2"/>
<monster name="Doom Lord" direction="2" spawntime="60" x="-3" y="0"/>
<monster name="Doom Lord" direction="2" spawntime="60" x="-1" y="0"/>
<monster name="Doom Lord" direction="2" spawntime="60" x="1" y="0"/>
<monster name="Doom Lord" direction="2" spawntime="60" x="3" y="0"/>
<monster name="Doom Lord" direction="2" spawntime="60" x="-3" y="2"/>
<monster name="Doom Lord" direction="2" spawntime="60" x="-1" y="2"/>
<monster name="Doom Lord" direction="2" spawntime="60" x="1" y="2"/>
<monster name="Doom Lord" direction="2" spawntime="60" x="3" y="2"/>
<monster name="Doom Lord" direction="2" spawntime="60" x="-3" y="4"/>
<monster name="Doom Lord" direction="2" spawntime="60" x="-1" y="4"/>
<monster name="Doom Lord" direction="2" spawntime="60" x="1" y="4"/>
<monster name="Doom Lord" direction="2" spawntime="60" x="3" y="4"/>
</spawn>
<spawn centerx="254" centery="86" centerz="15" radius="5">
<monster name="Flesh Fiend" direction="2" spawntime="60" x="-3" y="-2"/>
<monster name="Flesh Fiend" direction="2" spawntime="60" x="-1" y="-2"/>
<monster name="Flesh Fiend" direction="2" spawntime="60" x="1" y="-2"/>
<monster name="Flesh Fiend" direction="2" spawntime="60" x="3" y="-2"/>
<monster name="Flesh Fiend" direction="2" spawntime="60" x="-3" y="0"/>
<monster name="Flesh Fiend" direction="2" spawntime="60" x="-1" y="0"/>
<monster name="Flesh Fiend" direction="2" spawntime="60" x="1" y="0"/>
<monster name="Flesh Fiend" direction="2" spawntime="60" x="3" y="0"/>
<monster name="Flesh Fiend" direction="2" spawntime="60" x="-3" y="2"/>
<monster name="Flesh Fiend" direction="2" spawntime="60" x="-1" y="2"/>
<monster name="Flesh Fiend" direction="2" spawntime="60" x="1" y="2"/>
<monster name="Flesh Fiend" direction="2" spawntime="60" x="3" y="2"/>
<monster name="Flesh Fiend" direction="2" spawntime="60" x="-3" y="4"/>
<monster name="Flesh Fiend" direction="2" spawntime="60" x="-1" y="4"/>
<monster name="Flesh Fiend" direction="2" spawntime="60" x="1" y="4"/>
<monster name="Flesh Fiend" direction="2" spawntime="60" x="3" y="4"/>
</spawn>
<spawn centerx="381" centery="86" centerz="15" radius="3">
<monster name="Demonic Summoner" direction="2" spawntime="60" x="0" y="-1"/>
<monster name="Demonic Summoner" direction="2" spawntime="60" x="0" y="1"/>
</spawn>
<spawn centerx="389" centery="86" centerz="15" radius="3">
<monster name="Skeletor" direction="2" spawntime="60" x="-1" y="0"/>
</spawn>
<spawn centerx="1154" centery="86" centerz="15" radius="5">
<monster name="ultralisk" direction="2" spawntime="60" x="-3" y="-1"/>
<monster name="ultralisk" direction="2" spawntime="60" x="-1" y="-1"/>
<monster name="ultralisk" direction="2" spawntime="60" x="1" y="-1"/>
<monster name="ultralisk" direction="2" spawntime="60" x="-3" y="1"/>
<monster name="ultralisk" direction="2" spawntime="60" x="-1" y="1"/>
<monster name="ultralisk" direction="2" spawntime="60" x="1" y="1"/>
<monster name="ultralisk" direction="2" spawntime="60" x="-3" y="3"/>
<monster name="ultralisk" direction="2" spawntime="60" x="-1" y="3"/>
<monster name="ultralisk" direction="2" spawntime="60" x="1" y="3"/>
</spawn>
<spawn centerx="446" centery="87" centerz="15" radius="3">
<monster name="Demonic Summoner" direction="2" spawntime="60" x="0" y="-1"/>
<monster name="Demonic Summoner" direction="2" spawntime="60" x="0" y="1"/>
</spawn>
<spawn centerx="454" centery="87" centerz="15" radius="3">
<monster name="Skeletor" direction="2" spawntime="60" x="-1" y="0"/>
</spawn>
<spawn centerx="662" centery="87" centerz="15" radius="5">
<monster name="ultralisk" direction="2" spawntime="60" x="-3" y="-3"/>
<monster name="ultralisk" direction="2" spawntime="60" x="-1" y="-3"/>
<monster name="ultralisk" direction="2" spawntime="60" x="1" y="-3"/>
<monster name="ultralisk" direction="2" spawntime="60" x="-3" y="-1"/>
<monster name="ultralisk" direction="2" spawntime="60" x="-1" y="-1"/>
<monster name="ultralisk" direction="2" spawntime="60" x="1" y="-1"/>
<monster name="Doom Lord" direction="2" spawntime="60" x="-3" y="3"/>
<monster name="Doom Lord" direction="2" spawntime="60" x="-1" y="3"/>
<monster name="Doom Lord" direction="2" spawntime="60" x="1" y="3"/>
<monster name="Doom Lord" direction="2" spawntime="60" x="3" y="3"/>
<monster name="Doom Lord" direction="2" spawntime="60" x="-3" y="5"/>
<monster name="Doom Lord" direction="2" spawntime="60" x="-1" y="5"/>
<monster name="Doom Lord" direction="2" spawntime="60" x="1" y="5"/>
<monster name="Doom Lord" direction="2" spawntime="60" x="3" y="5"/>
</spawn>
<spawn centerx="686" centery="87" centerz="15" radius="5">
<monster name="Demonic Summoner" direction="2" spawntime="60" x="-1" y="-3"/>
<monster name="Demonic Summoner" direction="2" spawntime="60" x="1" y="-3"/>
<monster name="Demonic Summoner" direction="2" spawntime="60" x="3" y="-3"/>
<monster name="Demonic Summoner" direction="2" spawntime="60" x="-1" y="-1"/>
<monster name="Demonic Summoner" direction="2" spawntime="60" x="1" y="-1"/>
<monster name="Demonic Summoner" direction="2" spawntime="60" x="3" y="-1"/>
<monster name="Flesh Fiend" direction="2" spawntime="60" x="-3" y="3"/>
<monster name="Flesh Fiend" direction="2" spawntime="60" x="-1" y="3"/>
<monster name="Flesh Fiend" direction="2" spawntime="60" x="1" y="3"/>
<monster name="Flesh Fiend" direction="2" spawntime="60" x="3" y="3"/>
<monster name="Flesh Fiend" direction="2" spawntime="60" x="-3" y="5"/>
<monster name="Flesh Fiend" direction="2" spawntime="60" x="-1" y="5"/>
<monster name="Flesh Fiend" direction="2" spawntime="60" x="1" y="5"/>
<monster name="Flesh Fiend" direction="2" spawntime="60" x="3" y="5"/>
</spawn>
<spawn centerx="1063" centery="87" centerz="15" radius="5">
<monster name="Demonic Summoner" direction="2" spawntime="60" x="-1" y="-2"/>
<monster name="Demonic Summoner" direction="2" spawntime="60" x="1" y="-2"/>
<monster name="Demonic Summoner" direction="2" spawntime="60" x="3" y="-2"/>
<monster name="Demonic Summoner" direction="2" spawntime="60" x="-3" y="0"/>
<monster name="Demonic Summoner" direction="2" spawntime="60" x="-1" y="0"/>
<monster name="Demonic Summoner" direction="2" spawntime="60" x="1" y="0"/>
<monster name="Demonic Summoner" direction="2" spawntime="60" x="3" y="0"/>
<monster name="Demonic Summoner" direction="2" spawntime="60" x="-3" y="4"/>
<monster name="Demonic Summoner" direction="2" spawntime="60" x="-1" y="4"/>
<monster name="Demonic Summoner" direction="2" spawntime="60" x="1" y="4"/>
<monster name="Demonic Summoner" direction="2" spawntime="60" x="3" y="4"/>
</spawn>
<spawn centerx="1093" centery="87" centerz="15" radius="5">
<monster name="Lizard King" direction="2" spawntime="60" x="-1" y="0"/>
<monster name="ultralisk" direction="2" spawntime="60" x="-5" y="4"/>
</spawn>
<spawn centerx="1101" centery="87" centerz="15" radius="5">
<monster name="Demonic Acolyte" direction="2" spawntime="60" x="0" y="-1"/>
<monster name="Demonic Summoner" direction="2" spawntime="60" x="5" y="1"/>
<monster name="Demonic Summoner" direction="2" spawntime="60" x="5" y="3"/>
</spawn>
<spawn centerx="25" centery="88" centerz="15" radius="5">
<monster name="Doom Lord" direction="2" spawntime="60" x="-3" y="-3"/>
<monster name="Doom Lord" direction="2" spawntime="60" x="-1" y="-3"/>
<monster name="Doom Lord" direction="2" spawntime="60" x="1" y="-3"/>
<monster name="Doom Lord" direction="2" spawntime="60" x="3" y="-3"/>
<monster name="Doom Lord" direction="2" spawntime="60" x="-3" y="-1"/>
<monster name="Doom Lord" direction="2" spawntime="60" x="-1" y="-1"/>
<monster name="Doom Lord" direction="2" spawntime="60" x="1" y="-1"/>
<monster name="Doom Lord" direction="2" spawntime="60" x="3" y="-1"/>
<monster name="fire storm" direction="2" spawntime="60" x="-3" y="2"/>
<monster name="fire storm" direction="2" spawntime="60" x="-1" y="2"/>
<monster name="fire storm" direction="2" spawntime="60" x="1" y="2"/>
<monster name="fire storm" direction="2" spawntime="60" x="3" y="2"/>
<monster name="fire storm" direction="2" spawntime="60" x="-3" y="4"/>
<monster name="fire storm" direction="2" spawntime="60" x="-1" y="4"/>
<monster name="fire storm" direction="2" spawntime="60" x="1" y="4"/>
<monster name="fire storm" direction="2" spawntime="60" x="3" y="4"/>
</spawn>
<spawn centerx="49" centery="88" centerz="15" radius="5">
<monster name="Flesh Fiend" direction="2" spawntime="60" x="-3" y="-2"/>
<monster name="Flesh Fiend" direction="2" spawntime="60" x="-1" y="-2"/>
<monster name="Flesh Fiend" direction="2" spawntime="60" x="1" y="-2"/>
<monster name="Flesh Fiend" direction="2" spawntime="60" x="3" y="-2"/>
<monster name="Plague Spitter" direction="2" spawntime="60" x="-3" y="2"/>
<monster name="Plague Spitter" direction="2" spawntime="60" x="-1" y="2"/>
<monster name="Plague Spitter" direction="2" spawntime="60" x="1" y="2"/>
<monster name="Plague Spitter" direction="2" spawntime="60" x="3" y="2"/>
<monster name="Plague Spitter" direction="2" spawntime="60" x="-3" y="4"/>
<monster name="Plague Spitter" direction="2" spawntime="60" x="-1" y="4"/>
<monster name="Plague Spitter" direction="2" spawntime="60" x="1" y="4"/>
<monster name="Plague Spitter" direction="2" spawntime="60" x="3" y="4"/>
</spawn>
<spawn centerx="738" centery="88" centerz="15" radius="5">
<monster name="Doom Lord" direction="2" spawntime="60" x="-3" y="-2"/>
<monster name="Doom Lord" direction="2" spawntime="60" x="-1" y="-2"/>
<monster name="Doom Lord" direction="2" spawntime="60" x="1" y="-2"/>
<monster name="fire storm" direction="2" spawntime="60" x="-3" y="2"/>
<monster name="fire storm" direction="2" spawntime="60" x="-1" y="2"/>
<monster name="fire storm" direction="2" spawntime="60" x="1" y="2"/>
<monster name="fire storm" direction="2" spawntime="60" x="-3" y="4"/>
<monster name="fire storm" direction="2" spawntime="60" x="-1" y="4"/>
<monster name="fire storm" direction="2" spawntime="60" x="1" y="4"/>
<monster name="fire storm" direction="2" spawntime="60" x="3" y="4"/>
</spawn>
<spawn centerx="762" centery="88" centerz="15" radius="5">
<monster name="Plague Spitter" direction="2" spawntime="60" x="-1" y="2"/>
<monster name="Plague Spitter" direction="2" spawntime="60" x="1" y="2"/>
<monster name="Plague Spitter" direction="2" spawntime="60" x="3" y="2"/>
<monster name="Plague Spitter" direction="2" spawntime="60" x="-3" y="4"/>
<monster name="Plague Spitter" direction="2" spawntime="60" x="-1" y="4"/>
<monster name="Plague Spitter" direction="2" spawntime="60" x="1" y="4"/>
<monster name="Plague Spitter" direction="2" spawntime="60" x="3" y="4"/>
</spawn>
<spawn centerx="945" centery="88" centerz="15" radius="5">
<monster name="Demonic Summoner" direction="2" spawntime="60" x="0" y="-1"/>
<monster name="Doom Lord" direction="2" spawntime="60" x="-5" y="1"/>
<monster name="Demonic Summoner" direction="2" spawntime="60" x="0" y="1"/>
<monster name="fire storm" direction="2" spawntime="60" x="-5" y="5"/>
</spawn>
<spawn centerx="953" centery="88" centerz="15" radius="5">
<monster name="Skeletor" direction="2" spawntime="60" x="-1" y="0"/>
<monster name="Flesh Fiend" direction="2" spawntime="60" x="5" y="1"/>
<monster name="Plague Spitter" direction="2" spawntime="60" x="5" y="5"/>
</spawn>
<spawn centerx="1178" centery="88" centerz="15" radius="5">
<monster name="Demonic Summoner" direction="2" spawntime="60" x="-1" y="-1"/>
<monster name="Demonic Summoner" direction="2" spawntime="60" x="1" y="-1"/>
<monster name="Demonic Summoner" direction="2" spawntime="60" x="3" y="-1"/>
<monster name="Demonic Summoner" direction="2" spawntime="60" x="-1" y="1"/>
<monster name="Demonic Summoner" direction="2" spawntime="60" x="1" y="1"/>
<monster name="Demonic Summoner" direction="2" spawntime="60" x="3" y="1"/>
<monster name="Flesh Fiend" direction="2" spawntime="60" x="-3" y="5"/>
<monster name="Flesh Fiend" direction="2" spawntime="60" x="-1" y="5"/>
<monster name="Flesh Fiend" direction="2" spawntime="60" x="1" y="5"/>
<monster name="Flesh Fiend" direction="2" spawntime="60" x="3" y="5"/>
</spawn>
<spawn centerx="605" centery="89" centerz="15" radius="5">
<monster name="Demonic Summoner" direction="2" spawntime="60" x="0" y="-1"/>
<monster name="Doom Lord" direction="2" spawntime="60" x="-5" y="1"/>
<monster name="Demonic Summoner" direction="2" spawntime="60" x="0" y="1"/>
<monster name="fire storm" direction="2" spawntime="60" x="-5" y="5"/>
</spawn>
<spawn centerx="613" centery="89" centerz="15" radius="5">
<monster name="Skeletor" direction="2" spawntime="60" x="-1" y="0"/>
<monster name="Flesh Fiend" direction="2" spawntime="60" x="5" y="1"/>
<monster name="Plague Spitter" direction="2" spawntime="60" x="5" y="5"/>
</spawn>
<spawn centerx="874" centery="89" centerz="15" radius="5">
<monster name="Demonic Summoner" direction="2" spawntime="60" x="0" y="-1"/>
<monster name="Doom Lord" direction="2" spawntime="60" x="-5" y="1"/>
<monster name="Demonic Summoner" direction="2" spawntime="60" x="0" y="1"/>
<monster name="fire storm" direction="2" spawntime="60" x="-5" y="5"/>
</spawn>
<spawn centerx="882" centery="89" centerz="15" radius="5">
<monster name="Skeletor" direction="2" spawntime="60" x="-1" y="0"/>
<monster name="Flesh Fiend" direction="2" spawntime="60" x="5" y="1"/>
<monster name="Plague Spitter" direction="2" spawntime="60" x="5" y="5"/>
</spawn>
<spawn centerx="1109" centery="89" centerz="15" radius="5">
<monster name="Demonic Summoner" direction="2" spawntime="60" x="-1" y="-1"/>
<monster name="Demonic Summoner" direction="2" spawntime="60" x="1" y="-1"/>
<monster name="Demonic Summoner" direction="2" spawntime="60" x="3" y="-1"/>
<monster name="Demonic Summoner" direction="2" spawntime="60" x="-1" y="1"/>
<monster name="Demonic Summoner" direction="2" spawntime="60" x="1" y="1"/>
<monster name="Demonic Summoner" direction="2" spawntime="60" x="3" y="1"/>
</spawn>
<spawn centerx="373" centery="90" centerz="15" radius="5">
<monster name="Doom Lord" direction="2" spawntime="60" x="-3" y="-3"/>
<monster name="Doom Lord" direction="2" spawntime="60" x="-1" y="-3"/>
<monster name="Doom Lord" direction="2" spawntime="60" x="1" y="-3"/>
<monster name="Doom Lord" direction="2" spawntime="60" x="3" y="-3"/>
<monster name="fire storm" direction="2" spawntime="60" x="-3" y="1"/>
<monster name="fire storm" direction="2" spawntime="60" x="-1" y="1"/>
<monster name="fire storm" direction="2" spawntime="60" x="1" y="1"/>
<monster name="fire storm" direction="2" spawntime="60" x="3" y="1"/>
<monster name="fire storm" direction="2" spawntime="60" x="-3" y="3"/>
<monster name="fire storm" direction="2" spawntime="60" x="-1" y="3"/>
<monster name="fire storm" direction="2" spawntime="60" x="1" y="3"/>
<monster name="fire storm" direction="2" spawntime="60" x="3" y="3"/>
<monster name="fire storm" direction="2" spawntime="60" x="-3" y="5"/>
<monster name="fire storm" direction="2" spawntime="60" x="-1" y="5"/>
<monster name="fire storm" direction="2" spawntime="60" x="1" y="5"/>
<monster name="fire storm" direction="2" spawntime="60" x="3" y="5"/>
</spawn>
<spawn centerx="397" centery="90" centerz="15" radius="5">
<monster name="Flesh Fiend" direction="2" spawntime="60" x="-3" y="-3"/>
<monster name="Flesh Fiend" direction="2" spawntime="60" x="-1" y="-3"/>
<monster name="Flesh Fiend" direction="2" spawntime="60" x="1" y="-3"/>
<monster name="Flesh Fiend" direction="2" spawntime="60" x="3" y="-3"/>
<monster name="Plague Spitter" direction="2" spawntime="60" x="-3" y="1"/>
<monster name="Plague Spitter" direction="2" spawntime="60" x="-1" y="1"/>
<monster name="Plague Spitter" direction="2" spawntime="60" x="1" y="1"/>
<monster name="Plague Spitter" direction="2" spawntime="60" x="3" y="1"/>
<monster name="Plague Spitter" direction="2" spawntime="60" x="-3" y="3"/>
<monster name="Plague Spitter" direction="2" spawntime="60" x="-1" y="3"/>
<monster name="Plague Spitter" direction="2" spawntime="60" x="1" y="3"/>
<monster name="Plague Spitter" direction="2" spawntime="60" x="3" y="3"/>
<monster name="Plague Spitter" direction="2" spawntime="60" x="-3" y="5"/>
<monster name="Plague Spitter" direction="2" spawntime="60" x="-1" y="5"/>
<monster name="Plague Spitter" direction="2" spawntime="60" x="1" y="5"/>
<monster name="Plague Spitter" direction="2" spawntime="60" x="3" y="5"/>
</spawn>
<spawn centerx="517" centery="90" centerz="15" radius="5">
<monster name="Doom Lord" direction="2" spawntime="60" x="-3" y="0"/>
<monster name="Doom Lord" direction="2" spawntime="60" x="-1" y="0"/>
<monster name="Doom Lord" direction="2" spawntime="60" x="1" y="0"/>
<monster name="Doom Lord" direction="2" spawntime="60" x="3" y="0"/>
<monster name="Doom Lord" direction="2" spawntime="60" x="-3" y="2"/>
<monster name="Doom Lord" direction="2" spawntime="60" x="-1" y="2"/>
<monster name="Doom Lord" direction="2" spawntime="60" x="1" y="2"/>
<monster name="Doom Lord" direction="2" spawntime="60" x="3" y="2"/>
<monster name="Doom Lord" direction="2" spawntime="60" x="-3" y="4"/>
<monster name="Doom Lord" direction="2" spawntime="60" x="-1" y="4"/>
<monster name="Doom Lord" direction="2" spawntime="60" x="1" y="4"/>
<monster name="Doom Lord" direction="2" spawntime="60" x="3" y="4"/>
</spawn>
<spawn centerx="541" centery="90" centerz="15" radius="5">
<monster name="Flesh Fiend" direction="2" spawntime="60" x="-3" y="0"/>
<monster name="Flesh Fiend" direction="2" spawntime="60" x="-1" y="0"/>
<monster name="Flesh Fiend" direction="2" spawntime="60" x="1" y="0"/>
<monster name="Flesh Fiend" direction="2" spawntime="60" x="3" y="0"/>
<monster name="Flesh Fiend" direction="2" spawntime="60" x="-3" y="2"/>
<monster name="Flesh Fiend" direction="2" spawntime="60" x="-1" y="2"/>
<monster name="Flesh Fiend" direction="2" spawntime="60" x="1" y="2"/>
<monster name="Flesh Fiend" direction="2" spawntime="60" x="3" y="2"/>
<monster name="Flesh Fiend" direction="2" spawntime="60" x="-3" y="4"/>
<monster name="Flesh Fiend" direction="2" spawntime="60" x="-1" y="4"/>
<monster name="Flesh Fiend" direction="2" spawntime="60" x="1" y="4"/>
<monster name="Flesh Fiend" direction="2" spawntime="60" x="3" y="4"/>
</spawn>
<spawn centerx="1039" centery="90" centerz="15" radius="5">
<monster name="ultralisk" direction="2" spawntime="60" x="-3" y="-4"/>
<monster name="ultralisk" direction="2" spawntime="60" x="-1" y="-4"/>
<monster name="ultralisk" direction="2" spawntime="60" x="1" y="-4"/>
<monster name="ultralisk" direction="2" spawntime="60" x="3" y="-4"/>
<monster name="ultralisk" direction="2" spawntime="60" x="-3" y="-2"/>
<monster name="ultralisk" direction="2" spawntime="60" x="-1" y="-2"/>
<monster name="ultralisk" direction="2" spawntime="60" x="1" y="-2"/>
<monster name="ultralisk" direction="2" spawntime="60" x="3" y="-2"/>
<monster name="ultralisk" direction="2" spawntime="60" x="-3" y="0"/>
<monster name="ultralisk" direction="2" spawntime="60" x="-1" y="0"/>
<monster name="ultralisk" direction="2" spawntime="60" x="1" y="0"/>
<monster name="ultralisk" direction="2" spawntime="60" x="3" y="0"/>
<monster name="ultralisk" direction="2" spawntime="60" x="-3" y="1"/>
<monster name="ultralisk" direction="2" spawntime="60" x="-1" y="1"/>
<monster name="ultralisk" direction="2" spawntime="60" x="1" y="1"/>
<monster name="ultralisk" direction="2" spawntime="60" x="3" y="1"/>
<monster name="ultralisk" direction="2" spawntime="60" x="-3" y="3"/>
<monster name="ultralisk" direction="2" spawntime="60" x="-1" y="3"/>
<monster name="ultralisk" direction="2" spawntime="60" x="1" y="3"/>
<monster name="ultralisk" direction="2" spawntime="60" x="3" y="3"/>
<monster name="ultralisk" direction="2" spawntime="60" x="-3" y="4"/>
<monster name="ultralisk" direction="2" spawntime="60" x="-1" y="4"/>
<monster name="ultralisk" direction="2" spawntime="60" x="1" y="4"/>
<monster name="ultralisk" direction="2" spawntime="60" x="3" y="4"/>
</spawn>
<spawn centerx="1047" centery="90" centerz="15" radius="5">
<monster name="Lizard King" direction="2" spawntime="60" x="-1" y="0"/>
</spawn>
<spawn centerx="1054" centery="90" centerz="15" radius="5">
<monster name="Demonic Acolyte" direction="2" spawntime="60" x="1" y="0"/>
</spawn>
<spawn centerx="237" centery="91" centerz="15" radius="3">
<monster name="Demonic Summoner" direction="2" spawntime="60" x="1" y="-1"/>
<monster name="Demonic Summoner" direction="2" spawntime="60" x="1" y="1"/>
</spawn>
<spawn centerx="246" centery="91" centerz="15" radius="3">
<monster name="Skeletor" direction="2" spawntime="60" x="-1" y="0"/>
</spawn>
<spawn centerx="293" centery="91" centerz="15" radius="5">
<monster name="Demonic Summoner" direction="2" spawntime="60" x="-3" y="-5"/>
<monster name="Demonic Summoner" direction="2" spawntime="60" x="-1" y="-5"/>
<monster name="Demonic Summoner" direction="2" spawntime="60" x="1" y="-5"/>
<monster name="Demonic Summoner" direction="2" spawntime="60" x="3" y="-5"/>
<monster name="Demonic Summoner" direction="2" spawntime="60" x="-3" y="-2"/>
<monster name="Demonic Summoner" direction="2" spawntime="60" x="-1" y="-2"/>
<monster name="Demonic Summoner" direction="2" spawntime="60" x="1" y="-2"/>
<monster name="Demonic Summoner" direction="2" spawntime="60" x="3" y="-2"/>
<monster name="Demonic Summoner" direction="2" spawntime="60" x="-3" y="1"/>
<monster name="Demonic Summoner" direction="2" spawntime="60" x="-1" y="1"/>
<monster name="Demonic Summoner" direction="2" spawntime="60" x="1" y="1"/>
<monster name="Demonic Summoner" direction="2" spawntime="60" x="3" y="1"/>
<monster name="Demonic Summoner" direction="2" spawntime="60" x="-3" y="4"/>
<monster name="Demonic Summoner" direction="2" spawntime="60" x="-1" y="4"/>
<monster name="Demonic Summoner" direction="2" spawntime="60" x="1" y="4"/>
<monster name="Demonic Summoner" direction="2" spawntime="60" x="3" y="4"/>
</spawn>
<spawn centerx="438" centery="91" centerz="15" radius="5">
<monster name="Doom Lord" direction="2" spawntime="60" x="-3" y="-3"/>
<monster name="Doom Lord" direction="2" spawntime="60" x="-1" y="-3"/>
<monster name="Doom Lord" direction="2" spawntime="60" x="1" y="-3"/>
<monster name="Doom Lord" direction="2" spawntime="60" x="3" y="-3"/>
<monster name="fire storm" direction="2" spawntime="60" x="-3" y="1"/>
<monster name="fire storm" direction="2" spawntime="60" x="-1" y="1"/>
<monster name="fire storm" direction="2" spawntime="60" x="1" y="1"/>
<monster name="fire storm" direction="2" spawntime="60" x="3" y="1"/>
<monster name="fire storm" direction="2" spawntime="60" x="-3" y="3"/>
<monster name="fire storm" direction="2" spawntime="60" x="-1" y="3"/>
<monster name="fire storm" direction="2" spawntime="60" x="1" y="3"/>
<monster name="fire storm" direction="2" spawntime="60" x="3" y="3"/>
<monster name="fire storm" direction="2" spawntime="60" x="-3" y="5"/>
<monster name="fire storm" direction="2" spawntime="60" x="-1" y="5"/>
<monster name="fire storm" direction="2" spawntime="60" x="1" y="5"/>
<monster name="fire storm" direction="2" spawntime="60" x="3" y="5"/>
</spawn>
<spawn centerx="462" centery="91" centerz="15" radius="5">
<monster name="Flesh Fiend" direction="2" spawntime="60" x="-3" y="-3"/>
<monster name="Flesh Fiend" direction="2" spawntime="60" x="-1" y="-3"/>
<monster name="Flesh Fiend" direction="2" spawntime="60" x="1" y="-3"/>
<monster name="Flesh Fiend" direction="2" spawntime="60" x="3" y="-3"/>
<monster name="Plague Spitter" direction="2" spawntime="60" x="-3" y="1"/>
<monster name="Plague Spitter" direction="2" spawntime="60" x="-1" y="1"/>
<monster name="Plague Spitter" direction="2" spawntime="60" x="1" y="1"/>
<monster name="Plague Spitter" direction="2" spawntime="60" x="3" y="1"/>
<monster name="Plague Spitter" direction="2" spawntime="60" x="-3" y="3"/>
<monster name="Plague Spitter" direction="2" spawntime="60" x="-1" y="3"/>
<monster name="Plague Spitter" direction="2" spawntime="60" x="1" y="3"/>
<monster name="Plague Spitter" direction="2" spawntime="60" x="3" y="3"/>
<monster name="Plague Spitter" direction="2" spawntime="60" x="-3" y="5"/>
<monster name="Plague Spitter" direction="2" spawntime="60" x="-1" y="5"/>
<monster name="Plague Spitter" direction="2" spawntime="60" x="1" y="5"/>
<monster name="Plague Spitter" direction="2" spawntime="60" x="3" y="5"/>
</spawn>
<spawn centerx="525" centery="91" centerz="15" radius="5">
<monster name="Vlad Tepes" direction="2" spawntime="60" x="-1" y="-1"/>
<monster name="Vlad Tepes" direction="2" spawntime="60" x="1" y="-1"/>
<monster name="Vlad Tepes" direction="2" spawntime="60" x="-1" y="1"/>
<monster name="Vlad Tepes" direction="2" spawntime="60" x="1" y="1"/>
<monster name="Doom Lord" direction="2" spawntime="60" x="-5" y="5"/>
</spawn>
<spawn centerx="533" centery="91" centerz="15" radius="5">
<monster name="Nefarious Acolyte" direction="2" spawntime="60" x="-1" y="0"/>
<monster name="Flesh Fiend" direction="2" spawntime="60" x="5" y="5"/>
</spawn>
<spawn centerx="670" centery="91" centerz="15" radius="5">
<monster name="Vlad Tepes" direction="2" spawntime="60" x="-1" y="-1"/>
<monster name="Vlad Tepes" direction="2" spawntime="60" x="1" y="-1"/>
<monster name="Vlad Tepes" direction="2" spawntime="60" x="-1" y="1"/>
<monster name="Vlad Tepes" direction="2" spawntime="60" x="1" y="1"/>
<monster name="Doom Lord" direction="2" spawntime="60" x="-5" y="3"/>
<monster name="Doom Lord" direction="2" spawntime="60" x="-5" y="5"/>
</spawn>
<spawn centerx="678" centery="91" centerz="15" radius="5">
<monster name="Nefarious Acolyte" direction="2" spawntime="60" x="-1" y="0"/>
<monster name="Flesh Fiend" direction="2" spawntime="60" x="5" y="3"/>
<monster name="Flesh Fiend" direction="2" spawntime="60" x="5" y="5"/>
</spawn>
<spawn centerx="811" centery="91" centerz="15" radius="5">
<monster name="Demonic Summoner" direction="2" spawntime="60" x="0" y="-1"/>
<monster name="Doom Lord" direction="2" spawntime="60" x="-5" y="1"/>
<monster name="Demonic Summoner" direction="2" spawntime="60" x="0" y="1"/>
<monster name="fire storm" direction="2" spawntime="60" x="-5" y="5"/>
</spawn>
<spawn centerx="819" centery="91" centerz="15" radius="5">
<monster name="Skeletor" direction="2" spawntime="60" x="-1" y="0"/>
<monster name="Flesh Fiend" direction="2" spawntime="60" x="5" y="1"/>
<monster name="Plague Spitter" direction="2" spawntime="60" x="5" y="5"/>
</spawn>
<spawn centerx="1085" centery="91" centerz="15" radius="5">
<monster name="ultralisk" direction="2" spawntime="60" x="-3" y="0"/>
<monster name="ultralisk" direction="2" spawntime="60" x="-1" y="0"/>
<monster name="ultralisk" direction="2" spawntime="60" x="1" y="0"/>
<monster name="Doom Lord" direction="2" spawntime="60" x="-3" y="5"/>
<monster name="Doom Lord" direction="2" spawntime="60" x="-1" y="5"/>
<monster name="Doom Lord" direction="2" spawntime="60" x="1" y="5"/>
<monster name="Doom Lord" direction="2" spawntime="60" x="3" y="5"/>
</spawn>
<spawn centerx="937" centery="92" centerz="15" radius="5">
<monster name="Doom Lord" direction="2" spawntime="60" x="-3" y="-3"/>
<monster name="Doom Lord" direction="2" spawntime="60" x="-1" y="-3"/>
<monster name="Doom Lord" direction="2" spawntime="60" x="1" y="-3"/>
<monster name="fire storm" direction="2" spawntime="60" x="-3" y="1"/>
<monster name="fire storm" direction="2" spawntime="60" x="-1" y="1"/>
<monster name="fire storm" direction="2" spawntime="60" x="1" y="1"/>
<monster name="fire storm" direction="2" spawntime="60" x="-3" y="3"/>
<monster name="fire storm" direction="2" spawntime="60" x="-1" y="3"/>
<monster name="fire storm" direction="2" spawntime="60" x="1" y="3"/>
<monster name="fire storm" direction="2" spawntime="60" x="3" y="3"/>
<monster name="fire storm" direction="2" spawntime="60" x="-3" y="5"/>
<monster name="fire storm" direction="2" spawntime="60" x="-1" y="5"/>
<monster name="fire storm" direction="2" spawntime="60" x="1" y="5"/>
<monster name="fire storm" direction="2" spawntime="60" x="3" y="5"/>
</spawn>
<spawn centerx="961" centery="92" centerz="15" radius="5">
<monster name="Flesh Fiend" direction="2" spawntime="60" x="-1" y="-3"/>
<monster name="Flesh Fiend" direction="2" spawntime="60" x="1" y="-3"/>
<monster name="Flesh Fiend" direction="2" spawntime="60" x="3" y="-3"/>
<monster name="Plague Spitter" direction="2" spawntime="60" x="-1" y="1"/>
<monster name="Plague Spitter" direction="2" spawntime="60" x="1" y="1"/>
<monster name="Plague Spitter" direction="2" spawntime="60" x="3" y="1"/>
<monster name="Plague Spitter" direction="2" spawntime="60" x="-3" y="3"/>
<monster name="Plague Spitter" direction="2" spawntime="60" x="-1" y="3"/>
<monster name="Plague Spitter" direction="2" spawntime="60" x="1" y="3"/>
<monster name="Plague Spitter" direction="2" spawntime="60" x="3" y="3"/>
<monster name="Plague Spitter" direction="2" spawntime="60" x="-3" y="5"/>
<monster name="Plague Spitter" direction="2" spawntime="60" x="-1" y="5"/>
<monster name="Plague Spitter" direction="2" spawntime="60" x="1" y="5"/>
<monster name="Plague Spitter" direction="2" spawntime="60" x="3" y="5"/>
</spawn>
<spawn centerx="1063" centery="92" centerz="15" radius="5">
<monster name="Demonic Summoner" direction="2" spawntime="60" x="-3" y="1"/>
<monster name="Demonic Summoner" direction="2" spawntime="60" x="-1" y="1"/>
<monster name="Demonic Summoner" direction="2" spawntime="60" x="1" y="1"/>
<monster name="Demonic Summoner" direction="2" spawntime="60" x="3" y="1"/>
</spawn>
<spawn centerx="317" centery="93" centerz="15" radius="5">
<monster name="Vlad Tepes" direction="2" spawntime="60" x="-3" y="-2"/>
<monster name="Vlad Tepes" direction="2" spawntime="60" x="-1" y="-2"/>
<monster name="Vlad Tepes" direction="2" spawntime="60" x="1" y="-2"/>
<monster name="Vlad Tepes" direction="2" spawntime="60" x="3" y="-2"/>
<monster name="Vlad Tepes" direction="2" spawntime="60" x="-3" y="0"/>
<monster name="Vlad Tepes" direction="2" spawntime="60" x="-1" y="0"/>
<monster name="Vlad Tepes" direction="2" spawntime="60" x="1" y="0"/>
<monster name="Vlad Tepes" direction="2" spawntime="60" x="3" y="0"/>
<monster name="Vlad Tepes" direction="2" spawntime="60" x="-3" y="2"/>
<monster name="Vlad Tepes" direction="2" spawntime="60" x="-1" y="2"/>
<monster name="Vlad Tepes" direction="2" spawntime="60" x="1" y="2"/>
<monster name="Vlad Tepes" direction="2" spawntime="60" x="3" y="2"/>
</spawn>
<spawn centerx="597" centery="93" centerz="15" radius="5">
<monster name="Doom Lord" direction="2" spawntime="60" x="-3" y="-3"/>
<monster name="Doom Lord" direction="2" spawntime="60" x="-1" y="-3"/>
<monster name="Doom Lord" direction="2" spawntime="60" x="1" y="-3"/>
<monster name="fire storm" direction="2" spawntime="60" x="-3" y="1"/>
<monster name="fire storm" direction="2" spawntime="60" x="-1" y="1"/>
<monster name="fire storm" direction="2" spawntime="60" x="1" y="1"/>
<monster name="fire storm" direction="2" spawntime="60" x="-3" y="3"/>
<monster name="fire storm" direction="2" spawntime="60" x="-1" y="3"/>
<monster name="fire storm" direction="2" spawntime="60" x="1" y="3"/>
<monster name="fire storm" direction="2" spawntime="60" x="3" y="3"/>
<monster name="fire storm" direction="2" spawntime="60" x="-3" y="5"/>
<monster name="fire storm" direction="2" spawntime="60" x="-1" y="5"/>
<monster name="fire storm" direction="2" spawntime="60" x="1" y="5"/>
<monster name="fire storm" direction="2" spawntime="60" x="3" y="5"/>
</spawn>
<spawn centerx="621" centery="93" centerz="15" radius="5">
<monster name="Flesh Fiend" direction="2" spawntime="60" x="-1" y="-3"/>
<monster name="Flesh Fiend" direction="2" spawntime="60" x="1" y="-3"/>
<monster name="Flesh Fiend" direction="2" spawntime="60" x="3" y="-3"/>
<monster name="Plague Spitter" direction="2" spawntime="60" x="-1" y="1"/>
<monster name="Plague Spitter" direction="2" spawntime="60" x="1" y="1"/>
<monster name="Plague Spitter" direction="2" spawntime="60" x="3" y="1"/>
<monster name="Plague Spitter" direction="2" spawntime="60" x="-3" y="3"/>
<monster name="Plague Spitter" direction="2" spawntime="60" x="-1" y="3"/>
<monster name="Plague Spitter" direction="2" spawntime="60" x="1" y="3"/>
<monster name="Plague Spitter" direction="2" spawntime="60" x="3" y="3"/>
<monster name="Plague Spitter" direction="2" spawntime="60" x="-3" y="5"/>
<monster name="Plague Spitter" direction="2" spawntime="60" x="-1" y="5"/>
<monster name="Plague Spitter" direction="2" spawntime="60" x="1" y="5"/>
<monster name="Plague Spitter" direction="2" spawntime="60" x="3" y="5"/>
</spawn>
<spawn centerx="866" centery="93" centerz="15" radius="5">
<monster name="Doom Lord" direction="2" spawntime="60" x="-3" y="-3"/>
<monster name="Doom Lord" direction="2" spawntime="60" x="-1" y="-3"/>
<monster name="Doom Lord" direction="2" spawntime="60" x="1" y="-3"/>
<monster name="fire storm" direction="2" spawntime="60" x="-3" y="1"/>
<monster name="fire storm" direction="2" spawntime="60" x="-1" y="1"/>
<monster name="fire storm" direction="2" spawntime="60" x="1" y="1"/>
<monster name="fire storm" direction="2" spawntime="60" x="-3" y="3"/>
<monster name="fire storm" direction="2" spawntime="60" x="-1" y="3"/>
<monster name="fire storm" direction="2" spawntime="60" x="1" y="3"/>
<monster name="fire storm" direction="2" spawntime="60" x="3" y="3"/>
<monster name="fire storm" direction="2" spawntime="60" x="-3" y="5"/>
<monster name="fire storm" direction="2" spawntime="60" x="-1" y="5"/>
<monster name="fire storm" direction="2" spawntime="60" x="1" y="5"/>
<monster name="fire storm" direction="2" spawntime="60" x="3" y="5"/>
</spawn>
<spawn centerx="890" centery="93" centerz="15" radius="5">
<monster name="Flesh Fiend" direction="2" spawntime="60" x="-1" y="-3"/>
<monster name="Flesh Fiend" direction="2" spawntime="60" x="1" y="-3"/>
<monster name="Flesh Fiend" direction="2" spawntime="60" x="3" y="-3"/>
<monster name="Plague Spitter" direction="2" spawntime="60" x="-1" y="1"/>
<monster name="Plague Spitter" direction="2" spawntime="60" x="1" y="1"/>
<monster name="Plague Spitter" direction="2" spawntime="60" x="3" y="1"/>
<monster name="Plague Spitter" direction="2" spawntime="60" x="-3" y="3"/>
<monster name="Plague Spitter" direction="2" spawntime="60" x="-1" y="3"/>
<monster name="Plague Spitter" direction="2" spawntime="60" x="1" y="3"/>
<monster name="Plague Spitter" direction="2" spawntime="60" x="3" y="3"/>
<monster name="Plague Spitter" direction="2" spawntime="60" x="-3" y="5"/>
<monster name="Plague Spitter" direction="2" spawntime="60" x="-1" y="5"/>
<monster name="Plague Spitter" direction="2" spawntime="60" x="1" y="5"/>
<monster name="Plague Spitter" direction="2" spawntime="60" x="3" y="5"/>
</spawn>
<spawn centerx="1161" centery="93" centerz="15" radius="5">
<monster name="Vlad Tepes" direction="2" spawntime="60" x="0" y="-1"/>
<monster name="Doom Lord" direction="2" spawntime="60" x="-4" y="0"/>
<monster name="Vlad Tepes" direction="2" spawntime="60" x="1" y="1"/>
<monster name="Doom Lord" direction="2" spawntime="60" x="-4" y="2"/>
<monster name="Vlad Tepes" direction="2" spawntime="60" x="-1" y="2"/>
<monster name="Vlad Tepes" direction="2" spawntime="60" x="2" y="3"/>
<monster name="Doom Lord" direction="2" spawntime="60" x="-4" y="4"/>
</spawn>
<spawn centerx="803" centery="94" centerz="15" radius="5">
<monster name="Doom Lord" direction="2" spawntime="60" x="-3" y="-2"/>
<monster name="Doom Lord" direction="2" spawntime="60" x="-1" y="-2"/>
<monster name="Doom Lord" direction="2" spawntime="60" x="1" y="-2"/>
<monster name="fire storm" direction="2" spawntime="60" x="-3" y="2"/>
<monster name="fire storm" direction="2" spawntime="60" x="-1" y="2"/>
<monster name="fire storm" direction="2" spawntime="60" x="1" y="2"/>
<monster name="fire storm" direction="2" spawntime="60" x="-3" y="4"/>
<monster name="fire storm" direction="2" spawntime="60" x="-1" y="4"/>
<monster name="fire storm" direction="2" spawntime="60" x="1" y="4"/>
<monster name="fire storm" direction="2" spawntime="60" x="3" y="4"/>
</spawn>
<spawn centerx="827" centery="94" centerz="15" radius="5">
<monster name="Flesh Fiend" direction="2" spawntime="60" x="-1" y="-2"/>
<monster name="Flesh Fiend" direction="2" spawntime="60" x="1" y="-2"/>
<monster name="Flesh Fiend" direction="2" spawntime="60" x="3" y="-2"/>
<monster name="Plague Spitter" direction="2" spawntime="60" x="-1" y="2"/>
<monster name="Plague Spitter" direction="2" spawntime="60" x="1" y="2"/>
<monster name="Plague Spitter" direction="2" spawntime="60" x="3" y="2"/>
<monster name="Plague Spitter" direction="2" spawntime="60" x="-3" y="4"/>
<monster name="Plague Spitter" direction="2" spawntime="60" x="-1" y="4"/>
<monster name="Plague Spitter" direction="2" spawntime="60" x="1" y="4"/>
<monster name="Plague Spitter" direction="2" spawntime="60" x="3" y="4"/>
</spawn>
<spawn centerx="1154" centery="94" centerz="15" radius="5">
<monster name="Doom Lord" direction="2" spawntime="60" x="-3" y="-1"/>
<monster name="Doom Lord" direction="2" spawntime="60" x="-1" y="-1"/>
<monster name="Doom Lord" direction="2" spawntime="60" x="1" y="-1"/>
<monster name="Doom Lord" direction="2" spawntime="60" x="-3" y="1"/>
<monster name="Doom Lord" direction="2" spawntime="60" x="-1" y="1"/>
<monster name="Doom Lord" direction="2" spawntime="60" x="1" y="1"/>
<monster name="Doom Lord" direction="2" spawntime="60" x="-3" y="3"/>
<monster name="Doom Lord" direction="2" spawntime="60" x="-1" y="3"/>
<monster name="Doom Lord" direction="2" spawntime="60" x="1" y="3"/>
<monster name="Doom Lord" direction="2" spawntime="60" x="-3" y="5"/>
<monster name="Doom Lord" direction="2" spawntime="60" x="-1" y="5"/>
<monster name="Doom Lord" direction="2" spawntime="60" x="1" y="5"/>
<monster name="Doom Lord" direction="2" spawntime="60" x="3" y="5"/>
</spawn>
<spawn centerx="1171" centery="94" centerz="15" radius="5">
<monster name="Nefarious Acolyte" direction="2" spawntime="60" x="-1" y="0"/>
<monster name="Flesh Fiend" direction="2" spawntime="60" x="4" y="1"/>
<monster name="Flesh Fiend" direction="2" spawntime="60" x="4" y="3"/>
<monster name="Flesh Fiend" direction="2" spawntime="60" x="4" y="5"/>
</spawn>
<spawn centerx="33" centery="95" centerz="15" radius="3">
<monster name="Ancient Necropharus" direction="2" spawntime="60" x="0" y="-1"/>
<monster name="Ancient Necropharus" direction="2" spawntime="60" x="0" y="1"/>
</spawn>
<spawn centerx="41" centery="95" centerz="15" radius="3">
<monster name="Crypt Lord" direction="2" spawntime="60" x="-1" y="-1"/>
<monster name="Crypt Lord" direction="2" spawntime="60" x="-1" y="1"/>
</spawn>
<spawn centerx="230" centery="95" centerz="15" radius="5">
<monster name="Doom Lord" direction="2" spawntime="60" x="-3" y="-3"/>
<monster name="Doom Lord" direction="2" spawntime="60" x="-1" y="-3"/>
<monster name="Doom Lord" direction="2" spawntime="60" x="1" y="-3"/>
<monster name="Doom Lord" direction="2" spawntime="60" x="3" y="-3"/>
<monster name="fire storm" direction="2" spawntime="60" x="-3" y="1"/>
<monster name="fire storm" direction="2" spawntime="60" x="-1" y="1"/>
<monster name="fire storm" direction="2" spawntime="60" x="1" y="1"/>
<monster name="fire storm" direction="2" spawntime="60" x="3" y="1"/>
<monster name="fire storm" direction="2" spawntime="60" x="-3" y="3"/>
<monster name="fire storm" direction="2" spawntime="60" x="-1" y="3"/>
<monster name="fire storm" direction="2" spawntime="60" x="1" y="3"/>
<monster name="fire storm" direction="2" spawntime="60" x="3" y="3"/>
<monster name="fire storm" direction="2" spawntime="60" x="-3" y="5"/>
<monster name="fire storm" direction="2" spawntime="60" x="-1" y="5"/>
<monster name="fire storm" direction="2" spawntime="60" x="1" y="5"/>
<monster name="fire storm" direction="2" spawntime="60" x="3" y="5"/>
</spawn>
<spawn centerx="254" centery="95" centerz="15" radius="5">
<monster name="Flesh Fiend" direction="2" spawntime="60" x="-3" y="-3"/>
<monster name="Flesh Fiend" direction="2" spawntime="60" x="-1" y="-3"/>
<monster name="Flesh Fiend" direction="2" spawntime="60" x="1" y="-3"/>
<monster name="Flesh Fiend" direction="2" spawntime="60" x="3" y="-3"/>
<monster name="Plague Spitter" direction="2" spawntime="60" x="-3" y="1"/>
<monster name="Plague Spitter" direction="2" spawntime="60" x="-1" y="1"/>
<monster name="Plague Spitter" direction="2" spawntime="60" x="1" y="1"/>
<monster name="Plague Spitter" direction="2" spawntime="60" x="3" y="1"/>
<monster name="Plague Spitter" direction="2" spawntime="60" x="-3" y="3"/>
<monster name="Plague Spitter" direction="2" spawntime="60" x="-1" y="3"/>
<monster name="Plague Spitter" direction="2" spawntime="60" x="1" y="3"/>
<monster name="Plague Spitter" direction="2" spawntime="60" x="3" y="3"/>
<monster name="Plague Spitter" direction="2" spawntime="60" x="-3" y="5"/>
<monster name="Plague Spitter" direction="2" spawntime="60" x="-1" y="5"/>
<monster name="Plague Spitter" direction="2" spawntime="60" x="1" y="5"/>
<monster name="Plague Spitter" direction="2" spawntime="60" x="3" y="5"/>
</spawn>
<spawn centerx="301" centery="95" centerz="15" radius="3">
<monster name="Oblivion Slug" direction="2" spawntime="60" x="0" y="-1"/>
<monster name="Oblivion Slug" direction="2" spawntime="60" x="0" y="1"/>
</spawn>
<spawn centerx="309" centery="95" centerz="15" radius="3">
<monster name="Crypt Lord" direction="2" spawntime="60" x="-1" y="0"/>
</spawn>
<spawn centerx="746" centery="95" centerz="15" radius="5">
<monster name="fire storm" direction="2" spawntime="60" x="-5" y="-1"/>
<monster name="Ancient Necropharus" direction="2" spawntime="60" x="0" y="-1"/>
<monster name="fire storm" direction="2" spawntime="60" x="-5" y="1"/>
<monster name="Ancient Necropharus" direction="2" spawntime="60" x="0" y="1"/>
<monster name="fire storm" direction="2" spawntime="60" x="-5" y="3"/>
<monster name="fire storm" direction="2" spawntime="60" x="-5" y="5"/>
</spawn>
<spawn centerx="754" centery="95" centerz="15" radius="5">
<monster name="Crypt Lord" direction="2" spawntime="60" x="-1" y="-1"/>
<monster name="Plague Spitter" direction="2" spawntime="60" x="5" y="-1"/>
<monster name="Crypt Lord" direction="2" spawntime="60" x="-1" y="1"/>
<monster name="Plague Spitter" direction="2" spawntime="60" x="5" y="1"/>
<monster name="Plague Spitter" direction="2" spawntime="60" x="5" y="3"/>
<monster name="Plague Spitter" direction="2" spawntime="60" x="5" y="5"/>
</spawn>
<spawn centerx="995" centery="95" centerz="15" radius="5">
<monster name="Vlad Tepes" direction="2" spawntime="60" x="-3" y="-1"/>
<monster name="Vlad Tepes" direction="2" spawntime="60" x="-1" y="-1"/>
<monster name="Vlad Tepes" direction="2" spawntime="60" x="-3" y="1"/>
<monster name="Vlad Tepes" direction="2" spawntime="60" x="-1" y="1"/>
</spawn>
<spawn centerx="1001" centery="95" centerz="15" radius="5">
<monster name="Nefarious Acolyte" direction="2" spawntime="60" x="1" y="0"/>
</spawn>
<spawn centerx="381" centery="96" centerz="15" radius="3">
<monster name="Ancient Necropharus" direction="2" spawntime="60" x="0" y="-1"/>
<monster name="Ancient Necropharus" direction="2" spawntime="60" x="0" y="1"/>
</spawn>
<spawn centerx="389" centery="96" centerz="15" radius="3">
<monster name="Crypt Lord" direction="2" spawntime="60" x="-1" y="-1"/>
<monster name="Crypt Lord" direction="2" spawntime="60" x="-1" y="1"/>
</spawn>
<spawn centerx="662" centery="96" centerz="15" radius="5">
<monster name="Doom Lord" direction="2" spawntime="60" x="-3" y="-2"/>
<monster name="Doom Lord" direction="2" spawntime="60" x="-1" y="-2"/>
<monster name="Doom Lord" direction="2" spawntime="60" x="1" y="-2"/>
<monster name="Doom Lord" direction="2" spawntime="60" x="-3" y="0"/>
<monster name="Doom Lord" direction="2" spawntime="60" x="-1" y="0"/>
<monster name="Doom Lord" direction="2" spawntime="60" x="1" y="0"/>
<monster name="Doom Lord" direction="2" spawntime="60" x="-3" y="2"/>
<monster name="Doom Lord" direction="2" spawntime="60" x="-1" y="2"/>
<monster name="Doom Lord" direction="2" spawntime="60" x="1" y="2"/>
<monster name="Doom Lord" direction="2" spawntime="60" x="3" y="2"/>
<monster name="Doom Lord" direction="2" spawntime="60" x="-3" y="4"/>
<monster name="Doom Lord" direction="2" spawntime="60" x="-1" y="4"/>
<monster name="Doom Lord" direction="2" spawntime="60" x="1" y="4"/>
<monster name="Doom Lord" direction="2" spawntime="60" x="3" y="4"/>
</spawn>
<spawn centerx="686" centery="96" centerz="15" radius="5">
<monster name="Flesh Fiend" direction="2" spawntime="60" x="-1" y="-2"/>
<monster name="Flesh Fiend" direction="2" spawntime="60" x="1" y="-2"/>
<monster name="Flesh Fiend" direction="2" spawntime="60" x="3" y="-2"/>
<monster name="Flesh Fiend" direction="2" spawntime="60" x="-1" y="0"/>
<monster name="Flesh Fiend" direction="2" spawntime="60" x="1" y="0"/>
<monster name="Flesh Fiend" direction="2" spawntime="60" x="3" y="0"/>
<monster name="Flesh Fiend" direction="2" spawntime="60" x="-3" y="2"/>
<monster name="Flesh Fiend" direction="2" spawntime="60" x="-1" y="2"/>
<monster name="Flesh Fiend" direction="2" spawntime="60" x="1" y="2"/>
<monster name="Flesh Fiend" direction="2" spawntime="60" x="3" y="2"/>
<monster name="Flesh Fiend" direction="2" spawntime="60" x="-3" y="4"/>
<monster name="Flesh Fiend" direction="2" spawntime="60" x="-1" y="4"/>
<monster name="Flesh Fiend" direction="2" spawntime="60" x="1" y="4"/>
<monster name="Flesh Fiend" direction="2" spawntime="60" x="3" y="4"/>
</spawn>
<spawn centerx="986" centery="96" centerz="15" radius="5">
<monster name="Doom Lord" direction="2" spawntime="60" x="-3" y="-2"/>
<monster name="Doom Lord" direction="2" spawntime="60" x="-1" y="-2"/>
<monster name="Doom Lord" direction="2" spawntime="60" x="1" y="-2"/>
<monster name="Doom Lord" direction="2" spawntime="60" x="3" y="-2"/>
<monster name="Doom Lord" direction="2" spawntime="60" x="-3" y="0"/>
<monster name="Doom Lord" direction="2" spawntime="60" x="-1" y="0"/>
<monster name="Doom Lord" direction="2" spawntime="60" x="1" y="0"/>
<monster name="Doom Lord" direction="2" spawntime="60" x="3" y="0"/>
<monster name="Doom Lord" direction="2" spawntime="60" x="-3" y="2"/>
<monster name="Doom Lord" direction="2" spawntime="60" x="-1" y="2"/>
<monster name="Doom Lord" direction="2" spawntime="60" x="1" y="2"/>
<monster name="Doom Lord" direction="2" spawntime="60" x="3" y="2"/>
<monster name="Doom Lord" direction="2" spawntime="60" x="-3" y="4"/>
<monster name="Doom Lord" direction="2" spawntime="60" x="-1" y="4"/>
<monster name="Doom Lord" direction="2" spawntime="60" x="1" y="4"/>
<monster name="Doom Lord" direction="2" spawntime="60" x="3" y="4"/>
</spawn>
<spawn centerx="1010" centery="96" centerz="15" radius="5">
<monster name="Flesh Fiend" direction="2" spawntime="60" x="-3" y="-2"/>
<monster name="Flesh Fiend" direction="2" spawntime="60" x="-1" y="-2"/>
<monster name="Flesh Fiend" direction="2" spawntime="60" x="1" y="-2"/>
<monster name="Flesh Fiend" direction="2" spawntime="60" x="3" y="-2"/>
<monster name="Flesh Fiend" direction="2" spawntime="60" x="-3" y="0"/>
<monster name="Flesh Fiend" direction="2" spawntime="60" x="-1" y="0"/>
<monster name="Flesh Fiend" direction="2" spawntime="60" x="1" y="0"/>
<monster name="Flesh Fiend" direction="2" spawntime="60" x="3" y="0"/>
<monster name="Flesh Fiend" direction="2" spawntime="60" x="-3" y="2"/>
<monster name="Flesh Fiend" direction="2" spawntime="60" x="-1" y="2"/>
<monster name="Flesh Fiend" direction="2" spawntime="60" x="1" y="2"/>
<monster name="Flesh Fiend" direction="2" spawntime="60" x="3" y="2"/>
<monster name="Flesh Fiend" direction="2" spawntime="60" x="-3" y="4"/>
<monster name="Flesh Fiend" direction="2" spawntime="60" x="-1" y="4"/>
<monster name="Flesh Fiend" direction="2" spawntime="60" x="1" y="4"/>
<monster name="Flesh Fiend" direction="2" spawntime="60" x="3" y="4"/>
</spawn>
<spawn centerx="1179" centery="96" centerz="15" radius="5">
<monster name="Flesh Fiend" direction="2" spawntime="60" x="-2" y="-1"/>
<monster name="Flesh Fiend" direction="2" spawntime="60" x="0" y="-1"/>
<monster name="Flesh Fiend" direction="2" spawntime="60" x="2" y="-1"/>
<monster name="Flesh Fiend" direction="2" spawntime="60" x="-2" y="1"/>
<monster name="Flesh Fiend" direction="2" spawntime="60" x="0" y="1"/>
<monster name="Flesh Fiend" direction="2" spawntime="60" x="2" y="1"/>
<monster name="Flesh Fiend" direction="2" spawntime="60" x="-2" y="3"/>
<monster name="Flesh Fiend" direction="2" spawntime="60" x="0" y="3"/>
<monster name="Flesh Fiend" direction="2" spawntime="60" x="2" y="3"/>
</spawn>
<spawn centerx="25" centery="97" centerz="15" radius="5">
<monster name="fire storm" direction="2" spawntime="60" x="-3" y="-3"/>
<monster name="fire storm" direction="2" spawntime="60" x="-1" y="-3"/>
<monster name="fire storm" direction="2" spawntime="60" x="1" y="-3"/>
<monster name="fire storm" direction="2" spawntime="60" x="3" y="-3"/>
<monster name="fire storm" direction="2" spawntime="60" x="-3" y="-1"/>
<monster name="fire storm" direction="2" spawntime="60" x="-1" y="-1"/>
<monster name="fire storm" direction="2" spawntime="60" x="1" y="-1"/>
<monster name="fire storm" direction="2" spawntime="60" x="3" y="-1"/>
<monster name="fire storm" direction="2" spawntime="60" x="-3" y="1"/>
<monster name="fire storm" direction="2" spawntime="60" x="-1" y="1"/>
<monster name="fire storm" direction="2" spawntime="60" x="1" y="1"/>
<monster name="fire storm" direction="2" spawntime="60" x="3" y="1"/>
<monster name="fire storm" direction="2" spawntime="60" x="-3" y="3"/>
<monster name="fire storm" direction="2" spawntime="60" x="-1" y="3"/>
<monster name="fire storm" direction="2" spawntime="60" x="1" y="3"/>
<monster name="fire storm" direction="2" spawntime="60" x="3" y="3"/>
</spawn>
<spawn centerx="49" centery="97" centerz="15" radius="5">
<monster name="Plague Spitter" direction="2" spawntime="60" x="-3" y="-3"/>
<monster name="Plague Spitter" direction="2" spawntime="60" x="-1" y="-3"/>
<monster name="Plague Spitter" direction="2" spawntime="60" x="1" y="-3"/>
<monster name="Plague Spitter" direction="2" spawntime="60" x="3" y="-3"/>
<monster name="Plague Spitter" direction="2" spawntime="60" x="-3" y="-1"/>
<monster name="Plague Spitter" direction="2" spawntime="60" x="-1" y="-1"/>
<monster name="Plague Spitter" direction="2" spawntime="60" x="1" y="-1"/>
<monster name="Plague Spitter" direction="2" spawntime="60" x="3" y="-1"/>
<monster name="Plague Spitter" direction="2" spawntime="60" x="-3" y="1"/>
<monster name="Plague Spitter" direction="2" spawntime="60" x="-1" y="1"/>
<monster name="Plague Spitter" direction="2" spawntime="60" x="1" y="1"/>
<monster name="Plague Spitter" direction="2" spawntime="60" x="3" y="1"/>
<monster name="Plague Spitter" direction="2" spawntime="60" x="-3" y="3"/>
<monster name="Plague Spitter" direction="2" spawntime="60" x="-1" y="3"/>
<monster name="Plague Spitter" direction="2" spawntime="60" x="1" y="3"/>
<monster name="Plague Spitter" direction="2" spawntime="60" x="3" y="3"/>
</spawn>
<spawn centerx="446" centery="97" centerz="15" radius="3">
<monster name="Ancient Necropharus" direction="2" spawntime="60" x="0" y="-1"/>
<monster name="Ancient Necropharus" direction="2" spawntime="60" x="0" y="1"/>
</spawn>
<spawn centerx="454" centery="97" centerz="15" radius="3">
<monster name="Crypt Lord" direction="2" spawntime="60" x="-1" y="-1"/>
<monster name="Crypt Lord" direction="2" spawntime="60" x="-1" y="1"/>
</spawn>
<spawn centerx="738" centery="97" centerz="15" radius="5">
<monster name="fire storm" direction="2" spawntime="60" x="-3" y="-3"/>
<monster name="fire storm" direction="2" spawntime="60" x="-1" y="-3"/>
<monster name="fire storm" direction="2" spawntime="60" x="1" y="-3"/>
<monster name="fire storm" direction="2" spawntime="60" x="-3" y="-1"/>
<monster name="fire storm" direction="2" spawntime="60" x="-1" y="-1"/>
<monster name="fire storm" direction="2" spawntime="60" x="1" y="-1"/>
<monster name="fire storm" direction="2" spawntime="60" x="-3" y="1"/>
<monster name="fire storm" direction="2" spawntime="60" x="-1" y="1"/>
<monster name="fire storm" direction="2" spawntime="60" x="1" y="1"/>
<monster name="fire storm" direction="2" spawntime="60" x="-3" y="3"/>
<monster name="fire storm" direction="2" spawntime="60" x="-1" y="3"/>
<monster name="fire storm" direction="2" spawntime="60" x="1" y="3"/>
</spawn>
<spawn centerx="762" centery="97" centerz="15" radius="5">
<monster name="Plague Spitter" direction="2" spawntime="60" x="-1" y="-3"/>
<monster name="Plague Spitter" direction="2" spawntime="60" x="1" y="-3"/>
<monster name="Plague Spitter" direction="2" spawntime="60" x="3" y="-3"/>
<monster name="Plague Spitter" direction="2" spawntime="60" x="-1" y="-1"/>
<monster name="Plague Spitter" direction="2" spawntime="60" x="1" y="-1"/>
<monster name="Plague Spitter" direction="2" spawntime="60" x="3" y="-1"/>
<monster name="Plague Spitter" direction="2" spawntime="60" x="-1" y="1"/>
<monster name="Plague Spitter" direction="2" spawntime="60" x="1" y="1"/>
<monster name="Plague Spitter" direction="2" spawntime="60" x="3" y="1"/>
<monster name="Plague Spitter" direction="2" spawntime="60" x="-1" y="3"/>
<monster name="Plague Spitter" direction="2" spawntime="60" x="1" y="3"/>
<monster name="Plague Spitter" direction="2" spawntime="60" x="3" y="3"/>
</spawn>
<spawn centerx="1093" centery="97" centerz="15" radius="5">
<monster name="Vlad Tepes" direction="2" spawntime="60" x="-2" y="-1"/>
<monster name="Vlad Tepes" direction="2" spawntime="60" x="0" y="-1"/>
<monster name="Doom Lord" direction="2" spawntime="60" x="-5" y="1"/>
<monster name="Vlad Tepes" direction="2" spawntime="60" x="0" y="1"/>
<monster name="Vlad Tepes" direction="2" spawntime="60" x="-1" y="2"/>
<monster name="Doom Lord" direction="2" spawntime="60" x="-5" y="3"/>
<monster name="Doom Lord" direction="2" spawntime="60" x="-5" y="5"/>
</spawn>
<spawn centerx="1101" centery="97" centerz="15" radius="5">
<monster name="Nefarious Acolyte" direction="2" spawntime="60" x="0" y="-1"/>
<monster name="Flesh Fiend" direction="2" spawntime="60" x="5" y="-1"/>
<monster name="Flesh Fiend" direction="2" spawntime="60" x="5" y="1"/>
<monster name="Flesh Fiend" direction="2" spawntime="60" x="5" y="3"/>
<monster name="Flesh Fiend" direction="2" spawntime="60" x="5" y="5"/>
</spawn>
<spawn centerx="1109" centery="97" centerz="15" radius="5">
<monster name="Flesh Fiend" direction="2" spawntime="60" x="-1" y="-1"/>
<monster name="Flesh Fiend" direction="2" spawntime="60" x="1" y="-1"/>
<monster name="Flesh Fiend" direction="2" spawntime="60" x="3" y="-1"/>
<monster name="Flesh Fiend" direction="2" spawntime="60" x="-1" y="1"/>
<monster name="Flesh Fiend" direction="2" spawntime="60" x="1" y="1"/>
<monster name="Flesh Fiend" direction="2" spawntime="60" x="3" y="1"/>
<monster name="Flesh Fiend" direction="2" spawntime="60" x="-1" y="3"/>
<monster name="Flesh Fiend" direction="2" spawntime="60" x="1" y="3"/>
<monster name="Flesh Fiend" direction="2" spawntime="60" x="3" y="3"/>
<monster name="Flesh Fiend" direction="2" spawntime="60" x="-1" y="5"/>
<monster name="Flesh Fiend" direction="2" spawntime="60" x="1" y="5"/>
<monster name="Flesh Fiend" direction="2" spawntime="60" x="3" y="5"/>
</spawn>
<spawn centerx="4958" centery="97" centerz="15" radius="10">
<monster name="Ghostly visage" direction="2" spawntime="60" x="-3" y="-3"/>
<monster name="Ghostly visage" direction="2" spawntime="60" x="0" y="-3"/>
<monster name="Ghostly visage" direction="2" spawntime="60" x="3" y="-3"/>
<monster name="Ghostly visage" direction="2" spawntime="60" x="7" y="-3"/>
<monster name="Ghostly visage" direction="2" spawntime="60" x="-7" y="-2"/>
<monster name="Ghostly visage" direction="2" spawntime="60" x="-1" y="0"/>
<monster name="Ghostly visage" direction="2" spawntime="60" x="2" y="0"/>
<monster name="Ghostly visage" direction="2" spawntime="60" x="-5" y="1"/>
<monster name="Ghostly visage" direction="2" spawntime="60" x="9" y="1"/>
<monster name="Ghostly visage" direction="2" spawntime="60" x="-5" y="3"/>
<monster name="Ghostly visage" direction="2" spawntime="60" x="0" y="3"/>
<monster name="Ghostly visage" direction="2" spawntime="60" x="4" y="3"/>
<monster name="Ghostly visage" direction="2" spawntime="60" x="9" y="3"/>
<monster name="Ghostly visage" direction="2" spawntime="60" x="0" y="5"/>
<monster name="Ghostly visage" direction="2" spawntime="60" x="4" y="5"/>
<monster name="Ghostly visage" direction="2" spawntime="60" x="-6" y="6"/>
<monster name="Ghostly visage" direction="2" spawntime="60" x="-4" y="6"/>
<monster name="Ghostly visage" direction="2" spawntime="60" x="8" y="6"/>
<monster name="Ghostly visage" direction="2" spawntime="60" x="2" y="8"/>
<monster name="Ghostly visage" direction="2" spawntime="60" x="-6" y="9"/>
<monster name="Ghostly visage" direction="2" spawntime="60" x="-3" y="9"/>
<monster name="Ghostly visage" direction="2" spawntime="60" x="6" y="9"/>
<monster name="Ghostly visage" direction="2" spawntime="60" x="10" y="9"/>
<monster name="Ghostly visage" direction="2" spawntime="60" x="0" y="10"/>
</spawn>
<spawn centerx="4973" centery="97" centerz="15" radius="10">
<monster name="Ghostly visage" direction="2" spawntime="60" x="-4" y="-3"/>
<monster name="Ghostly visage" direction="2" spawntime="60" x="-1" y="-2"/>
<monster name="Ghostly visage" direction="2" spawntime="60" x="2" y="-2"/>
<monster name="Ghostly visage" direction="2" spawntime="60" x="-3" y="1"/>
<monster name="Ghostly visage" direction="2" spawntime="60" x="2" y="1"/>
<monster name="Ghostly visage" direction="2" spawntime="60" x="4" y="1"/>
<monster name="Ghostly visage" direction="2" spawntime="60" x="-3" y="3"/>
<monster name="Ghostly visage" direction="2" spawntime="60" x="2" y="3"/>
<monster name="Ghostly visage" direction="2" spawntime="60" x="4" y="5"/>
<monster name="Ghostly visage" direction="2" spawntime="60" x="-2" y="6"/>
<monster name="Ghostly visage" direction="2" spawntime="60" x="3" y="6"/>
<monster name="Ghostly visage" direction="2" spawntime="60" x="-1" y="9"/>
<monster name="Ghostly visage" direction="2" spawntime="60" x="3" y="9"/>
</spawn>
<spawn centerx="945" centery="98" centerz="15" radius="5">
<monster name="Ancient Necropharus" direction="2" spawntime="60" x="0" y="-1"/>
<monster name="fire storm" direction="2" spawntime="60" x="-5" y="1"/>
<monster name="Ancient Necropharus" direction="2" spawntime="60" x="0" y="1"/>
<monster name="fire storm" direction="2" spawntime="60" x="-5" y="3"/>
<monster name="fire storm" direction="2" spawntime="60" x="-5" y="5"/>
</spawn>
<spawn centerx="953" centery="98" centerz="15" radius="5">
<monster name="Crypt Lord" direction="2" spawntime="60" x="-1" y="-1"/>
<monster name="Crypt Lord" direction="2" spawntime="60" x="-1" y="1"/>
<monster name="Plague Spitter" direction="2" spawntime="60" x="5" y="1"/>
<monster name="Plague Spitter" direction="2" spawntime="60" x="5" y="3"/>
<monster name="Plague Spitter" direction="2" spawntime="60" x="5" y="5"/>
</spawn>
<spawn centerx="373" centery="99" centerz="15" radius="5">
<monster name="fire storm" direction="2" spawntime="60" x="-3" y="-2"/>
<monster name="fire storm" direction="2" spawntime="60" x="-1" y="-2"/>
<monster name="fire storm" direction="2" spawntime="60" x="1" y="-2"/>
<monster name="fire storm" direction="2" spawntime="60" x="3" y="-2"/>
<monster name="fire storm" direction="2" spawntime="60" x="-3" y="0"/>
<monster name="fire storm" direction="2" spawntime="60" x="-1" y="0"/>
<monster name="fire storm" direction="2" spawntime="60" x="1" y="0"/>
<monster name="fire storm" direction="2" spawntime="60" x="3" y="0"/>
<monster name="fire storm" direction="2" spawntime="60" x="-3" y="2"/>
<monster name="fire storm" direction="2" spawntime="60" x="-1" y="2"/>
<monster name="fire storm" direction="2" spawntime="60" x="1" y="2"/>
<monster name="fire storm" direction="2" spawntime="60" x="3" y="2"/>
</spawn>
<spawn centerx="397" centery="99" centerz="15" radius="5">
<monster name="Plague Spitter" direction="2" spawntime="60" x="-3" y="-2"/>
<monster name="Plague Spitter" direction="2" spawntime="60" x="-1" y="-2"/>
<monster name="Plague Spitter" direction="2" spawntime="60" x="1" y="-2"/>
<monster name="Plague Spitter" direction="2" spawntime="60" x="3" y="-2"/>
<monster name="Plague Spitter" direction="2" spawntime="60" x="-3" y="0"/>
<monster name="Plague Spitter" direction="2" spawntime="60" x="-1" y="0"/>
<monster name="Plague Spitter" direction="2" spawntime="60" x="1" y="0"/>
<monster name="Plague Spitter" direction="2" spawntime="60" x="3" y="0"/>
<monster name="Plague Spitter" direction="2" spawntime="60" x="-3" y="2"/>
<monster name="Plague Spitter" direction="2" spawntime="60" x="-1" y="2"/>
<monster name="Plague Spitter" direction="2" spawntime="60" x="1" y="2"/>
<monster name="Plague Spitter" direction="2" spawntime="60" x="3" y="2"/>
</spawn>
<spawn centerx="517" centery="99" centerz="15" radius="5">
<monster name="Doom Lord" direction="2" spawntime="60" x="-3" y="-3"/>
<monster name="Doom Lord" direction="2" spawntime="60" x="-1" y="-3"/>
<monster name="Doom Lord" direction="2" spawntime="60" x="1" y="-3"/>
<monster name="Doom Lord" direction="2" spawntime="60" x="-3" y="-1"/>
<monster name="Doom Lord" direction="2" spawntime="60" x="-1" y="-1"/>
<monster name="Doom Lord" direction="2" spawntime="60" x="1" y="-1"/>
<monster name="Doom Lord" direction="2" spawntime="60" x="3" y="-1"/>
<monster name="Doom Lord" direction="2" spawntime="60" x="-3" y="1"/>
<monster name="Doom Lord" direction="2" spawntime="60" x="-1" y="1"/>
<monster name="Doom Lord" direction="2" spawntime="60" x="1" y="1"/>
<monster name="Doom Lord" direction="2" spawntime="60" x="3" y="1"/>
<monster name="Doom Lord" direction="2" spawntime="60" x="-3" y="3"/>
<monster name="Doom Lord" direction="2" spawntime="60" x="-1" y="3"/>
<monster name="Doom Lord" direction="2" spawntime="60" x="1" y="3"/>
<monster name="Doom Lord" direction="2" spawntime="60" x="3" y="3"/>
</spawn>
<spawn centerx="541" centery="99" centerz="15" radius="5">
<monster name="Flesh Fiend" direction="2" spawntime="60" x="-1" y="-3"/>
<monster name="Flesh Fiend" direction="2" spawntime="60" x="1" y="-3"/>
<monster name="Flesh Fiend" direction="2" spawntime="60" x="3" y="-3"/>
<monster name="Flesh Fiend" direction="2" spawntime="60" x="-3" y="-1"/>
<monster name="Flesh Fiend" direction="2" spawntime="60" x="-1" y="-1"/>
<monster name="Flesh Fiend" direction="2" spawntime="60" x="1" y="-1"/>
<monster name="Flesh Fiend" direction="2" spawntime="60" x="3" y="-1"/>
<monster name="Flesh Fiend" direction="2" spawntime="60" x="-3" y="1"/>
<monster name="Flesh Fiend" direction="2" spawntime="60" x="-1" y="1"/>
<monster name="Flesh Fiend" direction="2" spawntime="60" x="1" y="1"/>
<monster name="Flesh Fiend" direction="2" spawntime="60" x="3" y="1"/>
<monster name="Flesh Fiend" direction="2" spawntime="60" x="-3" y="3"/>
<monster name="Flesh Fiend" direction="2" spawntime="60" x="-1" y="3"/>
<monster name="Flesh Fiend" direction="2" spawntime="60" x="1" y="3"/>
<monster name="Flesh Fiend" direction="2" spawntime="60" x="3" y="3"/>
</spawn>
<spawn centerx="613" centery="99" centerz="15" radius="5">
<monster name="Crypt Lord" direction="2" spawntime="60" x="0" y="-1"/>
<monster name="Crypt Lord" direction="2" spawntime="60" x="0" y="1"/>
<monster name="Plague Spitter" direction="2" spawntime="60" x="5" y="1"/>
<monster name="Plague Spitter" direction="2" spawntime="60" x="5" y="3"/>
<monster name="Plague Spitter" direction="2" spawntime="60" x="5" y="5"/>
</spawn>
<spawn centerx="874" centery="99" centerz="15" radius="5">
<monster name="Ancient Necropharus" direction="2" spawntime="60" x="0" y="-1"/>
<monster name="fire storm" direction="2" spawntime="60" x="-5" y="1"/>
<monster name="Ancient Necropharus" direction="2" spawntime="60" x="0" y="1"/>
<monster name="fire storm" direction="2" spawntime="60" x="-5" y="3"/>
<monster name="fire storm" direction="2" spawntime="60" x="-5" y="5"/>
</spawn>
<spawn centerx="882" centery="99" centerz="15" radius="5">
<monster name="Crypt Lord" direction="2" spawntime="60" x="0" y="-1"/>
<monster name="Crypt Lord" direction="2" spawntime="60" x="0" y="1"/>
<monster name="Plague Spitter" direction="2" spawntime="60" x="5" y="1"/>
<monster name="Plague Spitter" direction="2" spawntime="60" x="5" y="3"/>
<monster name="Plague Spitter" direction="2" spawntime="60" x="5" y="5"/>
</spawn>
<spawn centerx="1085" centery="99" centerz="15" radius="5">
<monster name="Doom Lord" direction="2" spawntime="60" x="-3" y="-1"/>
<monster name="Doom Lord" direction="2" spawntime="60" x="-1" y="-1"/>
<monster name="Doom Lord" direction="2" spawntime="60" x="1" y="-1"/>
<monster name="Doom Lord" direction="2" spawntime="60" x="-3" y="1"/>
<monster name="Doom Lord" direction="2" spawntime="60" x="-1" y="1"/>
<monster name="Doom Lord" direction="2" spawntime="60" x="1" y="1"/>
<monster name="Doom Lord" direction="2" spawntime="60" x="-3" y="3"/>
<monster name="Doom Lord" direction="2" spawntime="60" x="-1" y="3"/>
<monster name="Doom Lord" direction="2" spawntime="60" x="1" y="3"/>
<monster name="Doom Lord" direction="2" spawntime="60" x="-3" y="5"/>
<monster name="Doom Lord" direction="2" spawntime="60" x="-1" y="5"/>
<monster name="Doom Lord" direction="2" spawntime="60" x="1" y="5"/>
<monster name="Doom Lord" direction="2" spawntime="60" x="3" y="5"/>
</spawn>
<spawn centerx="4945" centery="99" centerz="15" radius="5">
<monster name="Petrified Hell Hound" direction="2" spawntime="60" x="0" y="-1"/>
<monster name="Petrified Hell Hound" direction="2" spawntime="60" x="-1" y="0"/>
<monster name="Petrified Hell Hound" direction="2" spawntime="60" x="0" y="1"/>
</spawn>
<spawn centerx="438" centery="100" centerz="15" radius="5">
<monster name="fire storm" direction="2" spawntime="60" x="-3" y="-2"/>
<monster name="fire storm" direction="2" spawntime="60" x="-1" y="-2"/>
<monster name="fire storm" direction="2" spawntime="60" x="1" y="-2"/>
<monster name="fire storm" direction="2" spawntime="60" x="3" y="-2"/>
<monster name="fire storm" direction="2" spawntime="60" x="-3" y="0"/>
<monster name="fire storm" direction="2" spawntime="60" x="-1" y="0"/>
<monster name="fire storm" direction="2" spawntime="60" x="1" y="0"/>
<monster name="fire storm" direction="2" spawntime="60" x="3" y="0"/>
<monster name="fire storm" direction="2" spawntime="60" x="-3" y="2"/>
<monster name="fire storm" direction="2" spawntime="60" x="-1" y="2"/>
<monster name="fire storm" direction="2" spawntime="60" x="1" y="2"/>
<monster name="fire storm" direction="2" spawntime="60" x="3" y="2"/>
</spawn>
<spawn centerx="462" centery="100" centerz="15" radius="5">
<monster name="Plague Spitter" direction="2" spawntime="60" x="-3" y="-2"/>
<monster name="Plague Spitter" direction="2" spawntime="60" x="-1" y="-2"/>
<monster name="Plague Spitter" direction="2" spawntime="60" x="1" y="-2"/>
<monster name="Plague Spitter" direction="2" spawntime="60" x="3" y="-2"/>
<monster name="Plague Spitter" direction="2" spawntime="60" x="-3" y="0"/>
<monster name="Plague Spitter" direction="2" spawntime="60" x="-1" y="0"/>
<monster name="Plague Spitter" direction="2" spawntime="60" x="1" y="0"/>
<monster name="Plague Spitter" direction="2" spawntime="60" x="3" y="0"/>
<monster name="Plague Spitter" direction="2" spawntime="60" x="-3" y="2"/>
<monster name="Plague Spitter" direction="2" spawntime="60" x="-1" y="2"/>
<monster name="Plague Spitter" direction="2" spawntime="60" x="1" y="2"/>
<monster name="Plague Spitter" direction="2" spawntime="60" x="3" y="2"/>
</spawn>
<spawn centerx="1048" centery="100" centerz="15" radius="5">
<monster name="Vlad Tepes" direction="2" spawntime="60" x="-2" y="-1"/>
<monster name="Vlad Tepes" direction="2" spawntime="60" x="0" y="-1"/>
<monster name="Vlad Tepes" direction="2" spawntime="60" x="-2" y="1"/>
<monster name="Vlad Tepes" direction="2" spawntime="60" x="0" y="1"/>
</spawn>
<spawn centerx="1054" centery="100" centerz="15" radius="5">
<monster name="Nefarious Acolyte" direction="2" spawntime="60" x="1" y="0"/>
</spawn>
<spawn centerx="1063" centery="100" centerz="15" radius="5">
<monster name="Flesh Fiend" direction="2" spawntime="60" x="-3" y="-1"/>
<monster name="Flesh Fiend" direction="2" spawntime="60" x="-1" y="-1"/>
<monster name="Flesh Fiend" direction="2" spawntime="60" x="1" y="-1"/>
<monster name="Flesh Fiend" direction="2" spawntime="60" x="3" y="-1"/>
<monster name="Flesh Fiend" direction="2" spawntime="60" x="-3" y="1"/>
<monster name="Flesh Fiend" direction="2" spawntime="60" x="-1" y="1"/>
<monster name="Flesh Fiend" direction="2" spawntime="60" x="1" y="1"/>
<monster name="Flesh Fiend" direction="2" spawntime="60" x="3" y="1"/>
<monster name="Flesh Fiend" direction="2" spawntime="60" x="-3" y="3"/>
<monster name="Flesh Fiend" direction="2" spawntime="60" x="-1" y="3"/>
<monster name="Flesh Fiend" direction="2" spawntime="60" x="1" y="3"/>
<monster name="Flesh Fiend" direction="2" spawntime="60" x="3" y="3"/>
<monster name="Flesh Fiend" direction="2" spawntime="60" x="-3" y="5"/>
<monster name="Flesh Fiend" direction="2" spawntime="60" x="-1" y="5"/>
<monster name="Flesh Fiend" direction="2" spawntime="60" x="1" y="5"/>
<monster name="Flesh Fiend" direction="2" spawntime="60" x="3" y="5"/>
</spawn>
<spawn centerx="237" centery="101" centerz="15" radius="3">
<monster name="Ancient Necropharus" direction="2" spawntime="60" x="1" y="-1"/>
<monster name="Ancient Necropharus" direction="2" spawntime="60" x="1" y="1"/>
</spawn>
<spawn centerx="246" centery="101" centerz="15" radius="3">
<monster name="Crypt Lord" direction="2" spawntime="60" x="0" y="-1"/>
<monster name="Crypt Lord" direction="2" spawntime="60" x="0" y="1"/>
</spawn>
<spawn centerx="525" centery="101" centerz="15" radius="5">
<monster name="Demonic Summoner" direction="2" spawntime="60" x="0" y="-1"/>
<monster name="Demonic Summoner" direction="2" spawntime="60" x="0" y="1"/>
<monster name="fire storm" direction="2" spawntime="60" x="-5" y="5"/>
</spawn>
<spawn centerx="533" centery="101" centerz="15" radius="5">
<monster name="Skeletor" direction="2" spawntime="60" x="-1" y="0"/>
<monster name="Plague Spitter" direction="2" spawntime="60" x="5" y="5"/>
</spawn>
<spawn centerx="670" centery="101" centerz="15" radius="5">
<monster name="Demonic Summoner" direction="2" spawntime="60" x="0" y="-1"/>
<monster name="Doom Lord" direction="2" spawntime="60" x="-5" y="1"/>
<monster name="Demonic Summoner" direction="2" spawntime="60" x="0" y="1"/>
<monster name="fire storm" direction="2" spawntime="60" x="-5" y="5"/>
</spawn>
<spawn centerx="678" centery="101" centerz="15" radius="5">
<monster name="Skeletor" direction="2" spawntime="60" x="0" y="0"/>
<monster name="Flesh Fiend" direction="2" spawntime="60" x="5" y="1"/>
<monster name="Plague Spitter" direction="2" spawntime="60" x="5" y="5"/>
</spawn>
<spawn centerx="811" centery="101" centerz="15" radius="5">
<monster name="fire storm" direction="2" spawntime="60" x="-5" y="-1"/>
<monster name="Ancient Necropharus" direction="2" spawntime="60" x="0" y="-1"/>
<monster name="fire storm" direction="2" spawntime="60" x="-5" y="1"/>
<monster name="Ancient Necropharus" direction="2" spawntime="60" x="0" y="1"/>
<monster name="fire storm" direction="2" spawntime="60" x="-5" y="3"/>
<monster name="fire storm" direction="2" spawntime="60" x="-5" y="5"/>
</spawn>
<spawn centerx="819" centery="101" centerz="15" radius="5">
<monster name="Crypt Lord" direction="2" spawntime="60" x="-1" y="-1"/>
<monster name="Plague Spitter" direction="2" spawntime="60" x="5" y="-1"/>
<monster name="Crypt Lord" direction="2" spawntime="60" x="-1" y="1"/>
<monster name="Plague Spitter" direction="2" spawntime="60" x="5" y="1"/>
<monster name="Plague Spitter" direction="2" spawntime="60" x="5" y="3"/>
<monster name="Plague Spitter" direction="2" spawntime="60" x="5" y="5"/>
</spawn>
<spawn centerx="937" centery="101" centerz="15" radius="5">
<monster name="fire storm" direction="2" spawntime="60" x="-3" y="-2"/>
<monster name="fire storm" direction="2" spawntime="60" x="-1" y="-2"/>
<monster name="fire storm" direction="2" spawntime="60" x="1" y="-2"/>
<monster name="fire storm" direction="2" spawntime="60" x="-3" y="0"/>
<monster name="fire storm" direction="2" spawntime="60" x="-1" y="0"/>
<monster name="fire storm" direction="2" spawntime="60" x="1" y="0"/>
<monster name="fire storm" direction="2" spawntime="60" x="-3" y="2"/>
<monster name="fire storm" direction="2" spawntime="60" x="-1" y="2"/>
<monster name="fire storm" direction="2" spawntime="60" x="1" y="2"/>
</spawn>
<spawn centerx="961" centery="101" centerz="15" radius="5">
<monster name="Plague Spitter" direction="2" spawntime="60" x="-1" y="-2"/>
<monster name="Plague Spitter" direction="2" spawntime="60" x="1" y="-2"/>
<monster name="Plague Spitter" direction="2" spawntime="60" x="3" y="-2"/>
<monster name="Plague Spitter" direction="2" spawntime="60" x="-1" y="0"/>
<monster name="Plague Spitter" direction="2" spawntime="60" x="1" y="0"/>
<monster name="Plague Spitter" direction="2" spawntime="60" x="3" y="0"/>
<monster name="Plague Spitter" direction="2" spawntime="60" x="-1" y="2"/>
<monster name="Plague Spitter" direction="2" spawntime="60" x="1" y="2"/>
<monster name="Plague Spitter" direction="2" spawntime="60" x="3" y="2"/>
</spawn>
<spawn centerx="1039" centery="101" centerz="15" radius="5">
<monster name="Doom Lord" direction="2" spawntime="60" x="-3" y="-2"/>
<monster name="Doom Lord" direction="2" spawntime="60" x="-1" y="-2"/>
<monster name="Doom Lord" direction="2" spawntime="60" x="1" y="-2"/>
<monster name="Doom Lord" direction="2" spawntime="60" x="3" y="-2"/>
<monster name="Doom Lord" direction="2" spawntime="60" x="-3" y="0"/>
<monster name="Doom Lord" direction="2" spawntime="60" x="-1" y="0"/>
<monster name="Doom Lord" direction="2" spawntime="60" x="1" y="0"/>
<monster name="Doom Lord" direction="2" spawntime="60" x="3" y="0"/>
<monster name="Doom Lord" direction="2" spawntime="60" x="-3" y="2"/>
<monster name="Doom Lord" direction="2" spawntime="60" x="-1" y="2"/>
<monster name="Doom Lord" direction="2" spawntime="60" x="1" y="2"/>
<monster name="Doom Lord" direction="2" spawntime="60" x="3" y="2"/>
<monster name="Doom Lord" direction="2" spawntime="60" x="-3" y="4"/>
<monster name="Doom Lord" direction="2" spawntime="60" x="-1" y="4"/>
<monster name="Doom Lord" direction="2" spawntime="60" x="1" y="4"/>
<monster name="Doom Lord" direction="2" spawntime="60" x="3" y="4"/>
</spawn>
<spawn centerx="293" centery="102" centerz="15" radius="5">
<monster name="Ancient Necropharus" direction="2" spawntime="60" x="-3" y="-2"/>
<monster name="Ancient Necropharus" direction="2" spawntime="60" x="-1" y="-2"/>
<monster name="Ancient Necropharus" direction="2" spawntime="60" x="1" y="-2"/>
<monster name="Ancient Necropharus" direction="2" spawntime="60" x="3" y="-2"/>
<monster name="Ancient Necropharus" direction="2" spawntime="60" x="-3" y="0"/>
<monster name="Ancient Necropharus" direction="2" spawntime="60" x="-1" y="0"/>
<monster name="Ancient Necropharus" direction="2" spawntime="60" x="1" y="0"/>
<monster name="Ancient Necropharus" direction="2" spawntime="60" x="3" y="0"/>
<monster name="Ancient Necropharus" direction="2" spawntime="60" x="-3" y="2"/>
<monster name="Ancient Necropharus" direction="2" spawntime="60" x="-1" y="2"/>
<monster name="Ancient Necropharus" direction="2" spawntime="60" x="1" y="2"/>
<monster name="Ancient Necropharus" direction="2" spawntime="60" x="3" y="2"/>
<monster name="Ancient Necropharus" direction="2" spawntime="60" x="-3" y="4"/>
<monster name="Ancient Necropharus" direction="2" spawntime="60" x="-1" y="4"/>
<monster name="Ancient Necropharus" direction="2" spawntime="60" x="1" y="4"/>
<monster name="Ancient Necropharus" direction="2" spawntime="60" x="3" y="4"/>
</spawn>
<spawn centerx="317" centery="102" centerz="15" radius="5">
<monster name="Demonic Summoner" direction="2" spawntime="60" x="-3" y="-2"/>
<monster name="Demonic Summoner" direction="2" spawntime="60" x="-1" y="-2"/>
<monster name="Demonic Summoner" direction="2" spawntime="60" x="1" y="-2"/>
<monster name="Demonic Summoner" direction="2" spawntime="60" x="3" y="-2"/>
<monster name="Demonic Summoner" direction="2" spawntime="60" x="-3" y="0"/>
<monster name="Demonic Summoner" direction="2" spawntime="60" x="-1" y="0"/>
<monster name="Demonic Summoner" direction="2" spawntime="60" x="1" y="0"/>
<monster name="Demonic Summoner" direction="2" spawntime="60" x="3" y="0"/>
<monster name="Demonic Summoner" direction="2" spawntime="60" x="-3" y="2"/>
<monster name="Demonic Summoner" direction="2" spawntime="60" x="-1" y="2"/>
<monster name="Demonic Summoner" direction="2" spawntime="60" x="1" y="2"/>
<monster name="Demonic Summoner" direction="2" spawntime="60" x="3" y="2"/>
<monster name="Demonic Summoner" direction="2" spawntime="60" x="-3" y="4"/>
<monster name="Demonic Summoner" direction="2" spawntime="60" x="-1" y="4"/>
<monster name="Demonic Summoner" direction="2" spawntime="60" x="1" y="4"/>
<monster name="Demonic Summoner" direction="2" spawntime="60" x="3" y="4"/>
</spawn>
<spawn centerx="597" centery="102" centerz="15" radius="5">
<monster name="fire storm" direction="2" spawntime="60" x="-3" y="-2"/>
<monster name="fire storm" direction="2" spawntime="60" x="-1" y="-2"/>
<monster name="fire storm" direction="2" spawntime="60" x="1" y="-2"/>
<monster name="fire storm" direction="2" spawntime="60" x="3" y="-2"/>
<monster name="fire storm" direction="2" spawntime="60" x="-3" y="0"/>
<monster name="fire storm" direction="2" spawntime="60" x="-1" y="0"/>
<monster name="fire storm" direction="2" spawntime="60" x="1" y="0"/>
<monster name="fire storm" direction="2" spawntime="60" x="3" y="0"/>
<monster name="fire storm" direction="2" spawntime="60" x="-3" y="2"/>
<monster name="fire storm" direction="2" spawntime="60" x="-1" y="2"/>
<monster name="fire storm" direction="2" spawntime="60" x="1" y="2"/>
<monster name="fire storm" direction="2" spawntime="60" x="3" y="2"/>
</spawn>
<spawn centerx="621" centery="102" centerz="15" radius="5">
<monster name="Plague Spitter" direction="2" spawntime="60" x="-1" y="-2"/>
<monster name="Plague Spitter" direction="2" spawntime="60" x="1" y="-2"/>
<monster name="Plague Spitter" direction="2" spawntime="60" x="3" y="-2"/>
<monster name="Plague Spitter" direction="2" spawntime="60" x="-1" y="0"/>
<monster name="Plague Spitter" direction="2" spawntime="60" x="1" y="0"/>
<monster name="Plague Spitter" direction="2" spawntime="60" x="3" y="0"/>
<monster name="Plague Spitter" direction="2" spawntime="60" x="-1" y="2"/>
<monster name="Plague Spitter" direction="2" spawntime="60" x="1" y="2"/>
<monster name="Plague Spitter" direction="2" spawntime="60" x="3" y="2"/>
</spawn>
<spawn centerx="866" centery="102" centerz="15" radius="5">
<monster name="fire storm" direction="2" spawntime="60" x="-3" y="-2"/>
<monster name="fire storm" direction="2" spawntime="60" x="-1" y="-2"/>
<monster name="fire storm" direction="2" spawntime="60" x="1" y="-2"/>
<monster name="fire storm" direction="2" spawntime="60" x="-3" y="0"/>
<monster name="fire storm" direction="2" spawntime="60" x="-1" y="0"/>
<monster name="fire storm" direction="2" spawntime="60" x="1" y="0"/>
<monster name="fire storm" direction="2" spawntime="60" x="-3" y="2"/>
<monster name="fire storm" direction="2" spawntime="60" x="-1" y="2"/>
<monster name="fire storm" direction="2" spawntime="60" x="1" y="2"/>
</spawn>
<spawn centerx="890" centery="102" centerz="15" radius="5">
<monster name="Plague Spitter" direction="2" spawntime="60" x="-1" y="-2"/>
<monster name="Plague Spitter" direction="2" spawntime="60" x="1" y="-2"/>
<monster name="Plague Spitter" direction="2" spawntime="60" x="3" y="-2"/>
<monster name="Plague Spitter" direction="2" spawntime="60" x="-1" y="0"/>
<monster name="Plague Spitter" direction="2" spawntime="60" x="1" y="0"/>
<monster name="Plague Spitter" direction="2" spawntime="60" x="3" y="0"/>
<monster name="Plague Spitter" direction="2" spawntime="60" x="-1" y="2"/>
<monster name="Plague Spitter" direction="2" spawntime="60" x="1" y="2"/>
<monster name="Plague Spitter" direction="2" spawntime="60" x="3" y="2"/>
</spawn>
<spawn centerx="803" centery="103" centerz="15" radius="5">
<monster name="fire storm" direction="2" spawntime="60" x="-3" y="-3"/>
<monster name="fire storm" direction="2" spawntime="60" x="-1" y="-3"/>
<monster name="fire storm" direction="2" spawntime="60" x="1" y="-3"/>
<monster name="fire storm" direction="2" spawntime="60" x="-3" y="-1"/>
<monster name="fire storm" direction="2" spawntime="60" x="-1" y="-1"/>
<monster name="fire storm" direction="2" spawntime="60" x="1" y="-1"/>
<monster name="fire storm" direction="2" spawntime="60" x="-3" y="1"/>
<monster name="fire storm" direction="2" spawntime="60" x="-1" y="1"/>
<monster name="fire storm" direction="2" spawntime="60" x="1" y="1"/>
<monster name="fire storm" direction="2" spawntime="60" x="-3" y="3"/>
<monster name="fire storm" direction="2" spawntime="60" x="-1" y="3"/>
<monster name="fire storm" direction="2" spawntime="60" x="1" y="3"/>
</spawn>
<spawn centerx="827" centery="103" centerz="15" radius="5">
<monster name="Plague Spitter" direction="2" spawntime="60" x="-1" y="-3"/>
<monster name="Plague Spitter" direction="2" spawntime="60" x="1" y="-3"/>
<monster name="Plague Spitter" direction="2" spawntime="60" x="3" y="-3"/>
<monster name="Plague Spitter" direction="2" spawntime="60" x="-1" y="-1"/>
<monster name="Plague Spitter" direction="2" spawntime="60" x="1" y="-1"/>
<monster name="Plague Spitter" direction="2" spawntime="60" x="3" y="-1"/>
<monster name="Plague Spitter" direction="2" spawntime="60" x="-1" y="1"/>
<monster name="Plague Spitter" direction="2" spawntime="60" x="1" y="1"/>
<monster name="Plague Spitter" direction="2" spawntime="60" x="3" y="1"/>
<monster name="Plague Spitter" direction="2" spawntime="60" x="-1" y="3"/>
<monster name="Plague Spitter" direction="2" spawntime="60" x="1" y="3"/>
<monster name="Plague Spitter" direction="2" spawntime="60" x="3" y="3"/>
</spawn>
<spawn centerx="1154" centery="103" centerz="15" radius="5">
<monster name="Doom Lord" direction="2" spawntime="60" x="-3" y="-2"/>
<monster name="Doom Lord" direction="2" spawntime="60" x="-1" y="-2"/>
<monster name="Doom Lord" direction="2" spawntime="60" x="1" y="-2"/>
<monster name="Doom Lord" direction="2" spawntime="60" x="3" y="-2"/>
<monster name="Doom Lord" direction="2" spawntime="60" x="-3" y="0"/>
<monster name="Doom Lord" direction="2" spawntime="60" x="-1" y="0"/>
<monster name="Doom Lord" direction="2" spawntime="60" x="1" y="0"/>
<monster name="Doom Lord" direction="2" spawntime="60" x="3" y="0"/>
<monster name="Doom Lord" direction="2" spawntime="60" x="-3" y="2"/>
<monster name="Doom Lord" direction="2" spawntime="60" x="-1" y="2"/>
<monster name="Doom Lord" direction="2" spawntime="60" x="1" y="2"/>
<monster name="Doom Lord" direction="2" spawntime="60" x="3" y="2"/>
</spawn>
<spawn centerx="230" centery="104" centerz="15" radius="5">
<monster name="fire storm" direction="2" spawntime="60" x="-3" y="-2"/>
<monster name="fire storm" direction="2" spawntime="60" x="-1" y="-2"/>
<monster name="fire storm" direction="2" spawntime="60" x="1" y="-2"/>
<monster name="fire storm" direction="2" spawntime="60" x="3" y="-2"/>
<monster name="fire storm" direction="2" spawntime="60" x="-3" y="0"/>
<monster name="fire storm" direction="2" spawntime="60" x="-1" y="0"/>
<monster name="fire storm" direction="2" spawntime="60" x="1" y="0"/>
<monster name="fire storm" direction="2" spawntime="60" x="3" y="0"/>
<monster name="fire storm" direction="2" spawntime="60" x="-3" y="2"/>
<monster name="fire storm" direction="2" spawntime="60" x="-1" y="2"/>
<monster name="fire storm" direction="2" spawntime="60" x="1" y="2"/>
<monster name="fire storm" direction="2" spawntime="60" x="3" y="2"/>
</spawn>
<spawn centerx="254" centery="104" centerz="15" radius="5">
<monster name="Plague Spitter" direction="2" spawntime="60" x="-3" y="-2"/>
<monster name="Plague Spitter" direction="2" spawntime="60" x="-1" y="-2"/>
<monster name="Plague Spitter" direction="2" spawntime="60" x="1" y="-2"/>
<monster name="Plague Spitter" direction="2" spawntime="60" x="3" y="-2"/>
<monster name="Plague Spitter" direction="2" spawntime="60" x="-3" y="0"/>
<monster name="Plague Spitter" direction="2" spawntime="60" x="-1" y="0"/>
<monster name="Plague Spitter" direction="2" spawntime="60" x="1" y="0"/>
<monster name="Plague Spitter" direction="2" spawntime="60" x="3" y="0"/>
<monster name="Plague Spitter" direction="2" spawntime="60" x="-3" y="2"/>
<monster name="Plague Spitter" direction="2" spawntime="60" x="-1" y="2"/>
<monster name="Plague Spitter" direction="2" spawntime="60" x="1" y="2"/>
<monster name="Plague Spitter" direction="2" spawntime="60" x="3" y="2"/>
</spawn>
<spawn centerx="1161" centery="104" centerz="15" radius="5">
<monster name="Demonic Summoner" direction="2" spawntime="60" x="2" y="-1"/>
<monster name="Demonic Summoner" direction="2" spawntime="60" x="0" y="2"/>
<monster name="fire storm" direction="2" spawntime="60" x="-4" y="5"/>
</spawn>
<spawn centerx="1170" centery="104" centerz="15" radius="5">
<monster name="Flesh Fiend" direction="2" spawntime="60" x="5" y="-2"/>
<monster name="Skeletor" direction="2" spawntime="60" x="0" y="0"/>
<monster name="Flesh Fiend" direction="2" spawntime="60" x="5" y="0"/>
<monster name="Flesh Fiend" direction="2" spawntime="60" x="5" y="2"/>
<monster name="Plague Spitter" direction="2" spawntime="60" x="5" y="5"/>
</spawn>
<spawn centerx="1179" centery="104" centerz="15" radius="5">
<monster name="Flesh Fiend" direction="2" spawntime="60" x="-2" y="-2"/>
<monster name="Flesh Fiend" direction="2" spawntime="60" x="0" y="-2"/>
<monster name="Flesh Fiend" direction="2" spawntime="60" x="2" y="-2"/>
<monster name="Flesh Fiend" direction="2" spawntime="60" x="-2" y="0"/>
<monster name="Flesh Fiend" direction="2" spawntime="60" x="0" y="0"/>
<monster name="Flesh Fiend" direction="2" spawntime="60" x="2" y="0"/>
<monster name="Flesh Fiend" direction="2" spawntime="60" x="-2" y="2"/>
<monster name="Flesh Fiend" direction="2" spawntime="60" x="0" y="2"/>
<monster name="Flesh Fiend" direction="2" spawntime="60" x="2" y="2"/>
<monster name="Plague Spitter" direction="2" spawntime="60" x="-2" y="5"/>
<monster name="Plague Spitter" direction="2" spawntime="60" x="0" y="5"/>
<monster name="Plague Spitter" direction="2" spawntime="60" x="2" y="5"/>
</spawn>
<spawn centerx="33" centery="105" centerz="15" radius="3">
<monster name="Plague Spitter" direction="2" spawntime="60" x="-1" y="-1"/>
<monster name="Plague Spitter" direction="2" spawntime="60" x="0" y="-1"/>
<monster name="Plague Spitter" direction="2" spawntime="60" x="-1" y="1"/>
<monster name="Plague Spitter" direction="2" spawntime="60" x="0" y="1"/>
</spawn>
<spawn centerx="42" centery="105" centerz="15" radius="3">
<monster name="Demonic Acolyte" direction="2" spawntime="60" x="-1" y="0"/>
</spawn>
<spawn centerx="301" centery="105" centerz="15" radius="3">
<monster name="Oblivion Tiger" direction="2" spawntime="60" x="-1" y="-1"/>
</spawn>
<spawn centerx="309" centery="105" centerz="15" radius="3">
<monster name="Demonic Acolyte" direction="2" spawntime="60" x="-1" y="0"/>
</spawn>
<spawn centerx="662" centery="105" centerz="15" radius="5">
<monster name="Doom Lord" direction="2" spawntime="60" x="-3" y="-3"/>
<monster name="Doom Lord" direction="2" spawntime="60" x="-1" y="-3"/>
<monster name="Doom Lord" direction="2" spawntime="60" x="1" y="-3"/>
<monster name="fire storm" direction="2" spawntime="60" x="-3" y="1"/>
<monster name="fire storm" direction="2" spawntime="60" x="-1" y="1"/>
<monster name="fire storm" direction="2" spawntime="60" x="1" y="1"/>
<monster name="fire storm" direction="2" spawntime="60" x="-3" y="3"/>
<monster name="fire storm" direction="2" spawntime="60" x="-1" y="3"/>
<monster name="fire storm" direction="2" spawntime="60" x="1" y="3"/>
<monster name="fire storm" direction="2" spawntime="60" x="3" y="3"/>
<monster name="fire storm" direction="2" spawntime="60" x="-3" y="5"/>
<monster name="fire storm" direction="2" spawntime="60" x="-1" y="5"/>
<monster name="fire storm" direction="2" spawntime="60" x="1" y="5"/>
<monster name="fire storm" direction="2" spawntime="60" x="3" y="5"/>
</spawn>
<spawn centerx="686" centery="105" centerz="15" radius="5">
<monster name="Flesh Fiend" direction="2" spawntime="60" x="-1" y="-3"/>
<monster name="Flesh Fiend" direction="2" spawntime="60" x="1" y="-3"/>
<monster name="Flesh Fiend" direction="2" spawntime="60" x="3" y="-3"/>
<monster name="Plague Spitter" direction="2" spawntime="60" x="-1" y="1"/>
<monster name="Plague Spitter" direction="2" spawntime="60" x="1" y="1"/>
<monster name="Plague Spitter" direction="2" spawntime="60" x="3" y="1"/>
<monster name="Plague Spitter" direction="2" spawntime="60" x="-3" y="3"/>
<monster name="Plague Spitter" direction="2" spawntime="60" x="-1" y="3"/>
<monster name="Plague Spitter" direction="2" spawntime="60" x="1" y="3"/>
<monster name="Plague Spitter" direction="2" spawntime="60" x="3" y="3"/>
<monster name="Plague Spitter" direction="2" spawntime="60" x="-3" y="5"/>
<monster name="Plague Spitter" direction="2" spawntime="60" x="-1" y="5"/>
<monster name="Plague Spitter" direction="2" spawntime="60" x="1" y="5"/>
<monster name="Plague Spitter" direction="2" spawntime="60" x="3" y="5"/>
</spawn>
<spawn centerx="738" centery="105" centerz="15" radius="5">
<monster name="Hell screamer" direction="2" spawntime="60" x="-3" y="-1"/>
<monster name="Hell screamer" direction="2" spawntime="60" x="-1" y="-1"/>
<monster name="Hell screamer" direction="2" spawntime="60" x="1" y="-1"/>
<monster name="Hell screamer" direction="2" spawntime="60" x="3" y="-1"/>
<monster name="Hell screamer" direction="2" spawntime="60" x="-3" y="1"/>
<monster name="Hell screamer" direction="2" spawntime="60" x="-1" y="1"/>
<monster name="Hell screamer" direction="2" spawntime="60" x="1" y="1"/>
<monster name="Hell screamer" direction="2" spawntime="60" x="3" y="1"/>
<monster name="Hell screamer" direction="2" spawntime="60" x="-3" y="3"/>
<monster name="Hell screamer" direction="2" spawntime="60" x="-1" y="3"/>
<monster name="Hell screamer" direction="2" spawntime="60" x="1" y="3"/>
<monster name="Hell screamer" direction="2" spawntime="60" x="3" y="3"/>
<monster name="Hell screamer" direction="2" spawntime="60" x="-3" y="5"/>
<monster name="Hell screamer" direction="2" spawntime="60" x="-1" y="5"/>
<monster name="Hell screamer" direction="2" spawntime="60" x="1" y="5"/>
<monster name="Hell screamer" direction="2" spawntime="60" x="3" y="5"/>
</spawn>
<spawn centerx="746" centery="105" centerz="15" radius="5">
<monster name="Plague Spitter" direction="2" spawntime="60" x="-1" y="-1"/>
<monster name="Plague Spitter" direction="2" spawntime="60" x="1" y="-1"/>
<monster name="Plague Spitter" direction="2" spawntime="60" x="-1" y="1"/>
<monster name="Plague Spitter" direction="2" spawntime="60" x="1" y="1"/>
</spawn>
<spawn centerx="754" centery="105" centerz="15" radius="5">
<monster name="Petrified Hell Hound" direction="2" spawntime="60" x="5" y="-1"/>
<monster name="Demonic Acolyte" direction="2" spawntime="60" x="-1" y="0"/>
<monster name="Petrified Hell Hound" direction="2" spawntime="60" x="5" y="1"/>
<monster name="Petrified Hell Hound" direction="2" spawntime="60" x="5" y="3"/>
<monster name="Petrified Hell Hound" direction="2" spawntime="60" x="5" y="5"/>
</spawn>
<spawn centerx="995" centery="105" centerz="15" radius="5">
<monster name="Demonic Summoner" direction="2" spawntime="60" x="-2" y="-1"/>
<monster name="Demonic Summoner" direction="2" spawntime="60" x="-2" y="1"/>
</spawn>
<spawn centerx="1001" centery="105" centerz="15" radius="5">
<monster name="Skeletor" direction="2" spawntime="60" x="1" y="0"/>
</spawn>
<spawn centerx="1010" centery="105" centerz="15" radius="5">
<monster name="Flesh Fiend" direction="2" spawntime="60" x="-3" y="-3"/>
<monster name="Flesh Fiend" direction="2" spawntime="60" x="-1" y="-3"/>
<monster name="Flesh Fiend" direction="2" spawntime="60" x="1" y="-3"/>
<monster name="Flesh Fiend" direction="2" spawntime="60" x="3" y="-3"/>
<monster name="Flesh Fiend" direction="2" spawntime="60" x="-3" y="-1"/>
<monster name="Flesh Fiend" direction="2" spawntime="60" x="-1" y="-1"/>
<monster name="Flesh Fiend" direction="2" spawntime="60" x="1" y="-1"/>
<monster name="Flesh Fiend" direction="2" spawntime="60" x="3" y="-1"/>
<monster name="Flesh Fiend" direction="2" spawntime="60" x="-3" y="1"/>
<monster name="Flesh Fiend" direction="2" spawntime="60" x="-1" y="1"/>
<monster name="Flesh Fiend" direction="2" spawntime="60" x="1" y="1"/>
<monster name="Flesh Fiend" direction="2" spawntime="60" x="3" y="1"/>
</spawn>
<spawn centerx="1109" centery="105" centerz="15" radius="5">
<monster name="Flesh Fiend" direction="2" spawntime="60" x="-3" y="-1"/>
<monster name="Flesh Fiend" direction="2" spawntime="60" x="-1" y="-1"/>
<monster name="Flesh Fiend" direction="2" spawntime="60" x="1" y="-1"/>
<monster name="Flesh Fiend" direction="2" spawntime="60" x="3" y="-1"/>
<monster name="Flesh Fiend" direction="2" spawntime="60" x="-3" y="1"/>
<monster name="Flesh Fiend" direction="2" spawntime="60" x="-1" y="1"/>
<monster name="Flesh Fiend" direction="2" spawntime="60" x="1" y="1"/>
<monster name="Flesh Fiend" direction="2" spawntime="60" x="3" y="1"/>
<monster name="Flesh Fiend" direction="2" spawntime="60" x="-3" y="3"/>
<monster name="Flesh Fiend" direction="2" spawntime="60" x="-1" y="3"/>
<monster name="Flesh Fiend" direction="2" spawntime="60" x="1" y="3"/>
<monster name="Flesh Fiend" direction="2" spawntime="60" x="3" y="3"/>
</spawn>
<spawn centerx="25" centery="106" centerz="15" radius="5">
<monster name="Hell screamer" direction="2" spawntime="60" x="-3" y="-2"/>
<monster name="Hell screamer" direction="2" spawntime="60" x="-1" y="-2"/>
<monster name="Hell screamer" direction="2" spawntime="60" x="1" y="-2"/>
<monster name="Hell screamer" direction="2" spawntime="60" x="3" y="-2"/>
<monster name="Hell screamer" direction="2" spawntime="60" x="-3" y="0"/>
<monster name="Hell screamer" direction="2" spawntime="60" x="-1" y="0"/>
<monster name="Hell screamer" direction="2" spawntime="60" x="1" y="0"/>
<monster name="Hell screamer" direction="2" spawntime="60" x="3" y="0"/>
<monster name="Hell screamer" direction="2" spawntime="60" x="-3" y="2"/>
<monster name="Hell screamer" direction="2" spawntime="60" x="-1" y="2"/>
<monster name="Hell screamer" direction="2" spawntime="60" x="1" y="2"/>
<monster name="Hell screamer" direction="2" spawntime="60" x="3" y="2"/>
<monster name="Hell screamer" direction="2" spawntime="60" x="-3" y="4"/>
<monster name="Hell screamer" direction="2" spawntime="60" x="-1" y="4"/>
<monster name="Hell screamer" direction="2" spawntime="60" x="1" y="4"/>
<monster name="Hell screamer" direction="2" spawntime="60" x="3" y="4"/>
</spawn>
<spawn centerx="49" centery="106" centerz="15" radius="5">
<monster name="Petrified Hell Hound" direction="2" spawntime="60" x="-3" y="-2"/>
<monster name="Petrified Hell Hound" direction="2" spawntime="60" x="-1" y="-2"/>
<monster name="Petrified Hell Hound" direction="2" spawntime="60" x="1" y="-2"/>
<monster name="Petrified Hell Hound" direction="2" spawntime="60" x="3" y="-2"/>
<monster name="Petrified Hell Hound" direction="2" spawntime="60" x="-3" y="0"/>
<monster name="Petrified Hell Hound" direction="2" spawntime="60" x="-1" y="0"/>
<monster name="Petrified Hell Hound" direction="2" spawntime="60" x="1" y="0"/>
<monster name="Petrified Hell Hound" direction="2" spawntime="60" x="3" y="0"/>
<monster name="Petrified Hell Hound" direction="2" spawntime="60" x="-3" y="2"/>
<monster name="Petrified Hell Hound" direction="2" spawntime="60" x="-1" y="2"/>
<monster name="Petrified Hell Hound" direction="2" spawntime="60" x="1" y="2"/>
<monster name="Petrified Hell Hound" direction="2" spawntime="60" x="3" y="2"/>
<monster name="Petrified Hell Hound" direction="2" spawntime="60" x="-3" y="4"/>
<monster name="Petrified Hell Hound" direction="2" spawntime="60" x="-1" y="4"/>
<monster name="Petrified Hell Hound" direction="2" spawntime="60" x="1" y="4"/>
<monster name="Petrified Hell Hound" direction="2" spawntime="60" x="3" y="4"/>
</spawn>
<spawn centerx="381" centery="106" centerz="15" radius="3">
<monster name="Plague Spitter" direction="2" spawntime="60" x="-1" y="-1"/>
<monster name="Plague Spitter" direction="2" spawntime="60" x="1" y="-1"/>
<monster name="Plague Spitter" direction="2" spawntime="60" x="-1" y="1"/>
<monster name="Plague Spitter" direction="2" spawntime="60" x="1" y="1"/>
</spawn>
<spawn centerx="389" centery="106" centerz="15" radius="3">
<monster name="Demonic Acolyte" direction="2" spawntime="60" x="-1" y="0"/>
</spawn>
<spawn centerx="762" centery="106" centerz="15" radius="5">
<monster name="Petrified Hell Hound" direction="2" spawntime="60" x="-1" y="-2"/>
<monster name="Petrified Hell Hound" direction="2" spawntime="60" x="1" y="-2"/>
<monster name="Petrified Hell Hound" direction="2" spawntime="60" x="3" y="-2"/>
<monster name="Petrified Hell Hound" direction="2" spawntime="60" x="-1" y="0"/>
<monster name="Petrified Hell Hound" direction="2" spawntime="60" x="1" y="0"/>
<monster name="Petrified Hell Hound" direction="2" spawntime="60" x="3" y="0"/>
<monster name="Petrified Hell Hound" direction="2" spawntime="60" x="-1" y="2"/>
<monster name="Petrified Hell Hound" direction="2" spawntime="60" x="1" y="2"/>
<monster name="Petrified Hell Hound" direction="2" spawntime="60" x="3" y="2"/>
<monster name="Petrified Hell Hound" direction="2" spawntime="60" x="-1" y="4"/>
<monster name="Petrified Hell Hound" direction="2" spawntime="60" x="1" y="4"/>
<monster name="Petrified Hell Hound" direction="2" spawntime="60" x="3" y="4"/>
</spawn>
<spawn centerx="986" centery="106" centerz="15" radius="5">
<monster name="Doom Lord" direction="2" spawntime="60" x="-3" y="-4"/>
<monster name="Doom Lord" direction="2" spawntime="60" x="-1" y="-4"/>
<monster name="Doom Lord" direction="2" spawntime="60" x="1" y="-4"/>
<monster name="Doom Lord" direction="2" spawntime="60" x="3" y="-4"/>
<monster name="Doom Lord" direction="2" spawntime="60" x="-3" y="-2"/>
<monster name="Doom Lord" direction="2" spawntime="60" x="-1" y="-2"/>
<monster name="Doom Lord" direction="2" spawntime="60" x="1" y="-2"/>
<monster name="Doom Lord" direction="2" spawntime="60" x="3" y="-2"/>
<monster name="Doom Lord" direction="2" spawntime="60" x="-3" y="0"/>
<monster name="Doom Lord" direction="2" spawntime="60" x="-1" y="0"/>
<monster name="Doom Lord" direction="2" spawntime="60" x="1" y="0"/>
<monster name="Doom Lord" direction="2" spawntime="60" x="3" y="0"/>
<monster name="fire storm" direction="2" spawntime="60" x="-3" y="4"/>
<monster name="fire storm" direction="2" spawntime="60" x="-1" y="4"/>
<monster name="fire storm" direction="2" spawntime="60" x="1" y="4"/>
<monster name="fire storm" direction="2" spawntime="60" x="3" y="4"/>
</spawn>
<spawn centerx="446" centery="107" centerz="15" radius="3">
<monster name="Plague Spitter" direction="2" spawntime="60" x="-1" y="-1"/>
<monster name="Plague Spitter" direction="2" spawntime="60" x="1" y="-1"/>
<monster name="Plague Spitter" direction="2" spawntime="60" x="-1" y="1"/>
<monster name="Plague Spitter" direction="2" spawntime="60" x="1" y="1"/>
</spawn>
<spawn centerx="454" centery="107" centerz="15" radius="3">
<monster name="Demonic Acolyte" direction="2" spawntime="60" x="-1" y="0"/>
</spawn>
<spawn centerx="1085" centery="107" centerz="15" radius="5">
<monster name="Doom Lord" direction="2" spawntime="60" x="-3" y="-1"/>
<monster name="Doom Lord" direction="2" spawntime="60" x="-1" y="-1"/>
<monster name="Doom Lord" direction="2" spawntime="60" x="1" y="-1"/>
<monster name="Doom Lord" direction="2" spawntime="60" x="3" y="-1"/>
<monster name="Doom Lord" direction="2" spawntime="60" x="-3" y="1"/>
<monster name="Doom Lord" direction="2" spawntime="60" x="-1" y="1"/>
<monster name="Doom Lord" direction="2" spawntime="60" x="1" y="1"/>
<monster name="Doom Lord" direction="2" spawntime="60" x="3" y="1"/>
<monster name="fire storm" direction="2" spawntime="60" x="-3" y="5"/>
<monster name="fire storm" direction="2" spawntime="60" x="-1" y="5"/>
<monster name="fire storm" direction="2" spawntime="60" x="1" y="5"/>
<monster name="fire storm" direction="2" spawntime="60" x="3" y="5"/>
</spawn>
<spawn centerx="1093" centery="107" centerz="15" radius="5">
<monster name="Demonic Summoner" direction="2" spawntime="60" x="-1" y="-1"/>
<monster name="Demonic Summoner" direction="2" spawntime="60" x="-1" y="1"/>
</spawn>
<spawn centerx="1101" centery="107" centerz="15" radius="5">
<monster name="Skeletor" direction="2" spawntime="60" x="0" y="-1"/>
<monster name="Plague Spitter" direction="2" spawntime="60" x="5" y="5"/>
</spawn>
<spawn centerx="373" centery="108" centerz="15" radius="5">
<monster name="Hell screamer" direction="2" spawntime="60" x="-3" y="-3"/>
<monster name="Hell screamer" direction="2" spawntime="60" x="-1" y="-3"/>
<monster name="Hell screamer" direction="2" spawntime="60" x="1" y="-3"/>
<monster name="Hell screamer" direction="2" spawntime="60" x="3" y="-3"/>
<monster name="Hell screamer" direction="2" spawntime="60" x="-3" y="-1"/>
<monster name="Hell screamer" direction="2" spawntime="60" x="-1" y="-1"/>
<monster name="Hell screamer" direction="2" spawntime="60" x="1" y="-1"/>
<monster name="Hell screamer" direction="2" spawntime="60" x="3" y="-1"/>
<monster name="Hell screamer" direction="2" spawntime="60" x="-3" y="1"/>
<monster name="Hell screamer" direction="2" spawntime="60" x="-1" y="1"/>
<monster name="Hell screamer" direction="2" spawntime="60" x="1" y="1"/>
<monster name="Hell screamer" direction="2" spawntime="60" x="3" y="1"/>
<monster name="Hell screamer" direction="2" spawntime="60" x="-3" y="3"/>
<monster name="Hell screamer" direction="2" spawntime="60" x="-1" y="3"/>
<monster name="Hell screamer" direction="2" spawntime="60" x="1" y="3"/>
<monster name="Hell screamer" direction="2" spawntime="60" x="3" y="3"/>
<monster name="Hell screamer" direction="2" spawntime="60" x="-3" y="5"/>
<monster name="Hell screamer" direction="2" spawntime="60" x="-1" y="5"/>
<monster name="Hell screamer" direction="2" spawntime="60" x="1" y="5"/>
<monster name="Hell screamer" direction="2" spawntime="60" x="3" y="5"/>
</spawn>
<spawn centerx="397" centery="108" centerz="15" radius="5">
<monster name="Petrified Hell Hound" direction="2" spawntime="60" x="-3" y="-3"/>
<monster name="Petrified Hell Hound" direction="2" spawntime="60" x="-1" y="-3"/>
<monster name="Petrified Hell Hound" direction="2" spawntime="60" x="1" y="-3"/>
<monster name="Petrified Hell Hound" direction="2" spawntime="60" x="3" y="-3"/>
<monster name="Petrified Hell Hound" direction="2" spawntime="60" x="-3" y="-1"/>
<monster name="Petrified Hell Hound" direction="2" spawntime="60" x="-1" y="-1"/>
<monster name="Petrified Hell Hound" direction="2" spawntime="60" x="1" y="-1"/>
<monster name="Petrified Hell Hound" direction="2" spawntime="60" x="3" y="-1"/>
<monster name="Petrified Hell Hound" direction="2" spawntime="60" x="-3" y="1"/>
<monster name="Petrified Hell Hound" direction="2" spawntime="60" x="-1" y="1"/>
<monster name="Petrified Hell Hound" direction="2" spawntime="60" x="1" y="1"/>
<monster name="Petrified Hell Hound" direction="2" spawntime="60" x="3" y="1"/>
<monster name="Petrified Hell Hound" direction="2" spawntime="60" x="-3" y="3"/>
<monster name="Petrified Hell Hound" direction="2" spawntime="60" x="-1" y="3"/>
<monster name="Petrified Hell Hound" direction="2" spawntime="60" x="1" y="3"/>
<monster name="Petrified Hell Hound" direction="2" spawntime="60" x="3" y="3"/>
<monster name="Petrified Hell Hound" direction="2" spawntime="60" x="-3" y="5"/>
<monster name="Petrified Hell Hound" direction="2" spawntime="60" x="-1" y="5"/>
<monster name="Petrified Hell Hound" direction="2" spawntime="60" x="1" y="5"/>
<monster name="Petrified Hell Hound" direction="2" spawntime="60" x="3" y="5"/>
</spawn>
<spawn centerx="517" centery="108" centerz="15" radius="5">
<monster name="fire storm" direction="2" spawntime="60" x="-3" y="-2"/>
<monster name="fire storm" direction="2" spawntime="60" x="-1" y="-2"/>
<monster name="fire storm" direction="2" spawntime="60" x="1" y="-2"/>
<monster name="fire storm" direction="2" spawntime="60" x="-3" y="0"/>
<monster name="fire storm" direction="2" spawntime="60" x="-1" y="0"/>
<monster name="fire storm" direction="2" spawntime="60" x="1" y="0"/>
<monster name="fire storm" direction="2" spawntime="60" x="3" y="0"/>
<monster name="fire storm" direction="2" spawntime="60" x="-3" y="2"/>
<monster name="fire storm" direction="2" spawntime="60" x="-1" y="2"/>
<monster name="fire storm" direction="2" spawntime="60" x="1" y="2"/>
<monster name="fire storm" direction="2" spawntime="60" x="3" y="2"/>
<monster name="fire storm" direction="2" spawntime="60" x="-3" y="4"/>
<monster name="fire storm" direction="2" spawntime="60" x="-1" y="4"/>
<monster name="fire storm" direction="2" spawntime="60" x="1" y="4"/>
<monster name="fire storm" direction="2" spawntime="60" x="3" y="4"/>
</spawn>
<spawn centerx="541" centery="108" centerz="15" radius="5">
<monster name="Plague Spitter" direction="2" spawntime="60" x="-1" y="-2"/>
<monster name="Plague Spitter" direction="2" spawntime="60" x="1" y="-2"/>
<monster name="Plague Spitter" direction="2" spawntime="60" x="3" y="-2"/>
<monster name="Plague Spitter" direction="2" spawntime="60" x="-3" y="0"/>
<monster name="Plague Spitter" direction="2" spawntime="60" x="-1" y="0"/>
<monster name="Plague Spitter" direction="2" spawntime="60" x="1" y="0"/>
<monster name="Plague Spitter" direction="2" spawntime="60" x="3" y="0"/>
<monster name="Plague Spitter" direction="2" spawntime="60" x="-3" y="2"/>
<monster name="Plague Spitter" direction="2" spawntime="60" x="-1" y="2"/>
<monster name="Plague Spitter" direction="2" spawntime="60" x="1" y="2"/>
<monster name="Plague Spitter" direction="2" spawntime="60" x="3" y="2"/>
<monster name="Plague Spitter" direction="2" spawntime="60" x="-3" y="4"/>
<monster name="Plague Spitter" direction="2" spawntime="60" x="-1" y="4"/>
<monster name="Plague Spitter" direction="2" spawntime="60" x="1" y="4"/>
<monster name="Plague Spitter" direction="2" spawntime="60" x="3" y="4"/>
</spawn>
<spawn centerx="945" centery="108" centerz="15" radius="5">
<monster name="Hell screamer" direction="2" spawntime="60" x="-5" y="-1"/>
<monster name="Plague Spitter" direction="2" spawntime="60" x="-1" y="-1"/>
<monster name="Plague Spitter" direction="2" spawntime="60" x="1" y="-1"/>
<monster name="Hell screamer" direction="2" spawntime="60" x="-5" y="1"/>
<monster name="Plague Spitter" direction="2" spawntime="60" x="-1" y="1"/>
<monster name="Plague Spitter" direction="2" spawntime="60" x="1" y="1"/>
<monster name="Hell screamer" direction="2" spawntime="60" x="-5" y="3"/>
<monster name="Hell screamer" direction="2" spawntime="60" x="-5" y="5"/>
</spawn>
<spawn centerx="953" centery="108" centerz="15" radius="5">
<monster name="Petrified Hell Hound" direction="2" spawntime="60" x="5" y="-1"/>
<monster name="Demonic Acolyte" direction="2" spawntime="60" x="-1" y="0"/>
<monster name="Petrified Hell Hound" direction="2" spawntime="60" x="5" y="1"/>
<monster name="Petrified Hell Hound" direction="2" spawntime="60" x="5" y="3"/>
<monster name="Petrified Hell Hound" direction="2" spawntime="60" x="5" y="5"/>
</spawn>
<spawn centerx="1063" centery="108" centerz="15" radius="5">
<monster name="Flesh Fiend" direction="2" spawntime="60" x="-3" y="-1"/>
<monster name="Flesh Fiend" direction="2" spawntime="60" x="-1" y="-1"/>
<monster name="Flesh Fiend" direction="2" spawntime="60" x="1" y="-1"/>
<monster name="Flesh Fiend" direction="2" spawntime="60" x="3" y="-1"/>
<monster name="Flesh Fiend" direction="2" spawntime="60" x="-3" y="1"/>
<monster name="Flesh Fiend" direction="2" spawntime="60" x="-1" y="1"/>
<monster name="Flesh Fiend" direction="2" spawntime="60" x="1" y="1"/>
<monster name="Flesh Fiend" direction="2" spawntime="60" x="3" y="1"/>
<monster name="Flesh Fiend" direction="2" spawntime="60" x="-3" y="3"/>
<monster name="Flesh Fiend" direction="2" spawntime="60" x="-1" y="3"/>
<monster name="Flesh Fiend" direction="2" spawntime="60" x="1" y="3"/>
<monster name="Flesh Fiend" direction="2" spawntime="60" x="3" y="3"/>
</spawn>
<spawn centerx="438" centery="109" centerz="15" radius="5">
<monster name="Hell screamer" direction="2" spawntime="60" x="-3" y="-3"/>
<monster name="Hell screamer" direction="2" spawntime="60" x="-1" y="-3"/>
<monster name="Hell screamer" direction="2" spawntime="60" x="1" y="-3"/>
<monster name="Hell screamer" direction="2" spawntime="60" x="3" y="-3"/>
<monster name="Hell screamer" direction="2" spawntime="60" x="-3" y="-1"/>
<monster name="Hell screamer" direction="2" spawntime="60" x="-1" y="-1"/>
<monster name="Hell screamer" direction="2" spawntime="60" x="1" y="-1"/>
<monster name="Hell screamer" direction="2" spawntime="60" x="3" y="-1"/>
<monster name="Hell screamer" direction="2" spawntime="60" x="-3" y="1"/>
<monster name="Hell screamer" direction="2" spawntime="60" x="-1" y="1"/>
<monster name="Hell screamer" direction="2" spawntime="60" x="1" y="1"/>
<monster name="Hell screamer" direction="2" spawntime="60" x="3" y="1"/>
<monster name="Hell screamer" direction="2" spawntime="60" x="-3" y="3"/>
<monster name="Hell screamer" direction="2" spawntime="60" x="-1" y="3"/>
<monster name="Hell screamer" direction="2" spawntime="60" x="1" y="3"/>
<monster name="Hell screamer" direction="2" spawntime="60" x="3" y="3"/>
<monster name="Hell screamer" direction="2" spawntime="60" x="-3" y="5"/>
<monster name="Hell screamer" direction="2" spawntime="60" x="-1" y="5"/>
<monster name="Hell screamer" direction="2" spawntime="60" x="1" y="5"/>
<monster name="Hell screamer" direction="2" spawntime="60" x="3" y="5"/>
</spawn>
<spawn centerx="462" centery="109" centerz="15" radius="5">
<monster name="Petrified Hell Hound" direction="2" spawntime="60" x="-3" y="-3"/>
<monster name="Petrified Hell Hound" direction="2" spawntime="60" x="-1" y="-3"/>
<monster name="Petrified Hell Hound" direction="2" spawntime="60" x="1" y="-3"/>
<monster name="Petrified Hell Hound" direction="2" spawntime="60" x="3" y="-3"/>
<monster name="Petrified Hell Hound" direction="2" spawntime="60" x="-3" y="-1"/>
<monster name="Petrified Hell Hound" direction="2" spawntime="60" x="-1" y="-1"/>
<monster name="Petrified Hell Hound" direction="2" spawntime="60" x="1" y="-1"/>
<monster name="Petrified Hell Hound" direction="2" spawntime="60" x="3" y="-1"/>
<monster name="Petrified Hell Hound" direction="2" spawntime="60" x="-3" y="1"/>
<monster name="Petrified Hell Hound" direction="2" spawntime="60" x="-1" y="1"/>
<monster name="Petrified Hell Hound" direction="2" spawntime="60" x="1" y="1"/>
<monster name="Petrified Hell Hound" direction="2" spawntime="60" x="3" y="1"/>
<monster name="Petrified Hell Hound" direction="2" spawntime="60" x="-3" y="3"/>
<monster name="Petrified Hell Hound" direction="2" spawntime="60" x="-1" y="3"/>
<monster name="Petrified Hell Hound" direction="2" spawntime="60" x="1" y="3"/>
<monster name="Petrified Hell Hound" direction="2" spawntime="60" x="3" y="3"/>
<monster name="Petrified Hell Hound" direction="2" spawntime="60" x="-3" y="5"/>
<monster name="Petrified Hell Hound" direction="2" spawntime="60" x="-1" y="5"/>
<monster name="Petrified Hell Hound" direction="2" spawntime="60" x="1" y="5"/>
<monster name="Petrified Hell Hound" direction="2" spawntime="60" x="3" y="5"/>
</spawn>
<spawn centerx="605" centery="109" centerz="15" radius="5">
<monster name="Hell screamer" direction="2" spawntime="60" x="-5" y="-1"/>
<monster name="Ancient Necropharus" direction="2" spawntime="60" x="0" y="-1"/>
<monster name="Hell screamer" direction="2" spawntime="60" x="-5" y="1"/>
<monster name="Ancient Necropharus" direction="2" spawntime="60" x="0" y="1"/>
<monster name="Hell screamer" direction="2" spawntime="60" x="-5" y="3"/>
<monster name="Hell screamer" direction="2" spawntime="60" x="-5" y="5"/>
</spawn>
<spawn centerx="613" centery="109" centerz="15" radius="5">
<monster name="Petrified Hell Hound" direction="2" spawntime="60" x="5" y="-1"/>
<monster name="Demonic Acolyte" direction="2" spawntime="60" x="-1" y="0"/>
<monster name="Petrified Hell Hound" direction="2" spawntime="60" x="5" y="1"/>
<monster name="Petrified Hell Hound" direction="2" spawntime="60" x="5" y="3"/>
<monster name="Petrified Hell Hound" direction="2" spawntime="60" x="5" y="5"/>
</spawn>
<spawn centerx="874" centery="109" centerz="15" radius="5">
<monster name="Hell screamer" direction="2" spawntime="60" x="-5" y="-1"/>
<monster name="Plague Spitter" direction="2" spawntime="60" x="-1" y="-1"/>
<monster name="Plague Spitter" direction="2" spawntime="60" x="1" y="-1"/>
<monster name="Hell screamer" direction="2" spawntime="60" x="-5" y="1"/>
<monster name="Plague Spitter" direction="2" spawntime="60" x="-1" y="1"/>
<monster name="Plague Spitter" direction="2" spawntime="60" x="1" y="1"/>
<monster name="Hell screamer" direction="2" spawntime="60" x="-5" y="3"/>
<monster name="Hell screamer" direction="2" spawntime="60" x="-5" y="5"/>
</spawn>
<spawn centerx="882" centery="109" centerz="15" radius="5">
<monster name="Petrified Hell Hound" direction="2" spawntime="60" x="5" y="-1"/>
<monster name="Demonic Acolyte" direction="2" spawntime="60" x="-1" y="0"/>
<monster name="Petrified Hell Hound" direction="2" spawntime="60" x="5" y="1"/>
<monster name="Petrified Hell Hound" direction="2" spawntime="60" x="5" y="3"/>
<monster name="Petrified Hell Hound" direction="2" spawntime="60" x="5" y="5"/>
</spawn>
<spawn centerx="1039" centery="109" centerz="15" radius="5">
<monster name="Doom Lord" direction="2" spawntime="60" x="-3" y="-2"/>
<monster name="Doom Lord" direction="2" spawntime="60" x="-1" y="-2"/>
<monster name="Doom Lord" direction="2" spawntime="60" x="1" y="-2"/>
<monster name="Doom Lord" direction="2" spawntime="60" x="3" y="-2"/>
<monster name="Doom Lord" direction="2" spawntime="60" x="-3" y="0"/>
<monster name="Doom Lord" direction="2" spawntime="60" x="-1" y="0"/>
<monster name="Doom Lord" direction="2" spawntime="60" x="1" y="0"/>
<monster name="Doom Lord" direction="2" spawntime="60" x="3" y="0"/>
<monster name="Doom Lord" direction="2" spawntime="60" x="-3" y="2"/>
<monster name="Doom Lord" direction="2" spawntime="60" x="-1" y="2"/>
<monster name="Doom Lord" direction="2" spawntime="60" x="1" y="2"/>
<monster name="Doom Lord" direction="2" spawntime="60" x="3" y="2"/>
</spawn>
<spawn centerx="937" centery="110" centerz="15" radius="5">
<monster name="Hell screamer" direction="2" spawntime="60" x="-3" y="-3"/>
<monster name="Hell screamer" direction="2" spawntime="60" x="-1" y="-3"/>
<monster name="Hell screamer" direction="2" spawntime="60" x="1" y="-3"/>
<monster name="Hell screamer" direction="2" spawntime="60" x="-3" y="-1"/>
<monster name="Hell screamer" direction="2" spawntime="60" x="-1" y="-1"/>
<monster name="Hell screamer" direction="2" spawntime="60" x="1" y="-1"/>
<monster name="Hell screamer" direction="2" spawntime="60" x="-3" y="1"/>
<monster name="Hell screamer" direction="2" spawntime="60" x="-1" y="1"/>
<monster name="Hell screamer" direction="2" spawntime="60" x="1" y="1"/>
<monster name="Hell screamer" direction="2" spawntime="60" x="-3" y="3"/>
<monster name="Hell screamer" direction="2" spawntime="60" x="-1" y="3"/>
<monster name="Hell screamer" direction="2" spawntime="60" x="1" y="3"/>
<monster name="Hell screamer" direction="2" spawntime="60" x="-3" y="5"/>
<monster name="Hell screamer" direction="2" spawntime="60" x="-1" y="5"/>
<monster name="Hell screamer" direction="2" spawntime="60" x="1" y="5"/>
<monster name="Hell screamer" direction="2" spawntime="60" x="3" y="5"/>
</spawn>
<spawn centerx="961" centery="110" centerz="15" radius="5">
<monster name="Petrified Hell Hound" direction="2" spawntime="60" x="-1" y="-3"/>
<monster name="Petrified Hell Hound" direction="2" spawntime="60" x="1" y="-3"/>
<monster name="Petrified Hell Hound" direction="2" spawntime="60" x="3" y="-3"/>
<monster name="Petrified Hell Hound" direction="2" spawntime="60" x="-1" y="-1"/>
<monster name="Petrified Hell Hound" direction="2" spawntime="60" x="1" y="-1"/>
<monster name="Petrified Hell Hound" direction="2" spawntime="60" x="3" y="-1"/>
<monster name="Petrified Hell Hound" direction="2" spawntime="60" x="-1" y="1"/>
<monster name="Petrified Hell Hound" direction="2" spawntime="60" x="1" y="1"/>
<monster name="Petrified Hell Hound" direction="2" spawntime="60" x="3" y="1"/>
<monster name="Petrified Hell Hound" direction="2" spawntime="60" x="-1" y="3"/>
<monster name="Petrified Hell Hound" direction="2" spawntime="60" x="1" y="3"/>
<monster name="Petrified Hell Hound" direction="2" spawntime="60" x="3" y="3"/>
<monster name="Petrified Hell Hound" direction="2" spawntime="60" x="-3" y="5"/>
<monster name="Petrified Hell Hound" direction="2" spawntime="60" x="-1" y="5"/>
<monster name="Petrified Hell Hound" direction="2" spawntime="60" x="1" y="5"/>
<monster name="Petrified Hell Hound" direction="2" spawntime="60" x="3" y="5"/>
</spawn>
<spawn centerx="1047" centery="110" centerz="15" radius="5">
<monster name="Demonic Summoner" direction="2" spawntime="60" x="-1" y="-1"/>
<monster name="Demonic Summoner" direction="2" spawntime="60" x="-1" y="1"/>
<monster name="fire storm" direction="2" spawntime="60" x="-5" y="5"/>
</spawn>
<spawn centerx="1054" centery="110" centerz="15" radius="5">
<monster name="Skeletor" direction="2" spawntime="60" x="1" y="0"/>
</spawn>
<spawn centerx="237" centery="111" centerz="15" radius="3">
<monster name="Plague Spitter" direction="2" spawntime="60" x="-1" y="-1"/>
<monster name="Plague Spitter" direction="2" spawntime="60" x="1" y="-1"/>
<monster name="Plague Spitter" direction="2" spawntime="60" x="-1" y="1"/>
<monster name="Plague Spitter" direction="2" spawntime="60" x="1" y="1"/>
</spawn>
<spawn centerx="247" centery="111" centerz="15" radius="3">
<monster name="Demonic Acolyte" direction="2" spawntime="60" x="-1" y="0"/>
</spawn>
<spawn centerx="293" centery="111" centerz="15" radius="5">
<monster name="Ancient Necropharus" direction="2" spawntime="60" x="-3" y="-3"/>
<monster name="Ancient Necropharus" direction="2" spawntime="60" x="-1" y="-3"/>
<monster name="Ancient Necropharus" direction="2" spawntime="60" x="1" y="-3"/>
<monster name="Ancient Necropharus" direction="2" spawntime="60" x="3" y="-3"/>
<monster name="Ancient Necropharus" direction="2" spawntime="60" x="-3" y="-1"/>
<monster name="Ancient Necropharus" direction="2" spawntime="60" x="-1" y="-1"/>
<monster name="Ancient Necropharus" direction="2" spawntime="60" x="1" y="-1"/>
<monster name="Ancient Necropharus" direction="2" spawntime="60" x="3" y="-1"/>
<monster name="Captain Jack" direction="2" spawntime="60" x="-3" y="3"/>
<monster name="Captain Jack" direction="2" spawntime="60" x="-1" y="3"/>
<monster name="Captain Jack" direction="2" spawntime="60" x="1" y="3"/>
<monster name="Captain Jack" direction="2" spawntime="60" x="3" y="3"/>
<monster name="Captain Jack" direction="2" spawntime="60" x="-3" y="5"/>
<monster name="Captain Jack" direction="2" spawntime="60" x="-1" y="5"/>
<monster name="Captain Jack" direction="2" spawntime="60" x="1" y="5"/>
<monster name="Captain Jack" direction="2" spawntime="60" x="3" y="5"/>
</spawn>
<spawn centerx="317" centery="111" centerz="15" radius="5">
<monster name="Demonic Summoner" direction="2" spawntime="60" x="-3" y="-3"/>
<monster name="Demonic Summoner" direction="2" spawntime="60" x="-1" y="-3"/>
<monster name="Demonic Summoner" direction="2" spawntime="60" x="1" y="-3"/>
<monster name="Demonic Summoner" direction="2" spawntime="60" x="3" y="-3"/>
<monster name="Demonic Summoner" direction="2" spawntime="60" x="-3" y="-1"/>
<monster name="Demonic Summoner" direction="2" spawntime="60" x="-1" y="-1"/>
<monster name="Demonic Summoner" direction="2" spawntime="60" x="1" y="-1"/>
<monster name="Demonic Summoner" direction="2" spawntime="60" x="3" y="-1"/>
<monster name="Flesh Fiend" direction="2" spawntime="60" x="-3" y="3"/>
<monster name="Flesh Fiend" direction="2" spawntime="60" x="-1" y="3"/>
<monster name="Flesh Fiend" direction="2" spawntime="60" x="1" y="3"/>
<monster name="Flesh Fiend" direction="2" spawntime="60" x="3" y="3"/>
<monster name="Flesh Fiend" direction="2" spawntime="60" x="-3" y="5"/>
<monster name="Flesh Fiend" direction="2" spawntime="60" x="-1" y="5"/>
<monster name="Flesh Fiend" direction="2" spawntime="60" x="1" y="5"/>
<monster name="Flesh Fiend" direction="2" spawntime="60" x="3" y="5"/>
</spawn>
<spawn centerx="525" centery="111" centerz="15" radius="5">
<monster name="Ancient Necropharus" direction="2" spawntime="60" x="0" y="-1"/>
<monster name="Ancient Necropharus" direction="2" spawntime="60" x="0" y="1"/>
<monster name="fire storm" direction="2" spawntime="60" x="-5" y="3"/>
<monster name="fire storm" direction="2" spawntime="60" x="-5" y="5"/>
</spawn>
<spawn centerx="533" centery="111" centerz="15" radius="5">
<monster name="Crypt Lord" direction="2" spawntime="60" x="0" y="-1"/>
<monster name="Crypt Lord" direction="2" spawntime="60" x="0" y="1"/>
<monster name="Plague Spitter" direction="2" spawntime="60" x="5" y="3"/>
<monster name="Plague Spitter" direction="2" spawntime="60" x="5" y="5"/>
</spawn>
<spawn centerx="597" centery="111" centerz="15" radius="5">
<monster name="Hell screamer" direction="2" spawntime="60" x="-3" y="-3"/>
<monster name="Hell screamer" direction="2" spawntime="60" x="-1" y="-3"/>
<monster name="Hell screamer" direction="2" spawntime="60" x="1" y="-3"/>
<monster name="Hell screamer" direction="2" spawntime="60" x="-3" y="-1"/>
<monster name="Hell screamer" direction="2" spawntime="60" x="-1" y="-1"/>
<monster name="Hell screamer" direction="2" spawntime="60" x="1" y="-1"/>
<monster name="Hell screamer" direction="2" spawntime="60" x="-3" y="1"/>
<monster name="Hell screamer" direction="2" spawntime="60" x="-1" y="1"/>
<monster name="Hell screamer" direction="2" spawntime="60" x="1" y="1"/>
<monster name="Hell screamer" direction="2" spawntime="60" x="-3" y="3"/>
<monster name="Hell screamer" direction="2" spawntime="60" x="-1" y="3"/>
<monster name="Hell screamer" direction="2" spawntime="60" x="1" y="3"/>
<monster name="Hell screamer" direction="2" spawntime="60" x="-3" y="5"/>
<monster name="Hell screamer" direction="2" spawntime="60" x="-1" y="5"/>
<monster name="Hell screamer" direction="2" spawntime="60" x="1" y="5"/>
<monster name="Hell screamer" direction="2" spawntime="60" x="3" y="5"/>
</spawn>
<spawn centerx="621" centery="111" centerz="15" radius="5">
<monster name="Petrified Hell Hound" direction="2" spawntime="60" x="-1" y="-3"/>
<monster name="Petrified Hell Hound" direction="2" spawntime="60" x="1" y="-3"/>
<monster name="Petrified Hell Hound" direction="2" spawntime="60" x="3" y="-3"/>
<monster name="Petrified Hell Hound" direction="2" spawntime="60" x="-1" y="-1"/>
<monster name="Petrified Hell Hound" direction="2" spawntime="60" x="1" y="-1"/>
<monster name="Petrified Hell Hound" direction="2" spawntime="60" x="3" y="-1"/>
<monster name="Petrified Hell Hound" direction="2" spawntime="60" x="-1" y="1"/>
<monster name="Petrified Hell Hound" direction="2" spawntime="60" x="1" y="1"/>
<monster name="Petrified Hell Hound" direction="2" spawntime="60" x="3" y="1"/>
<monster name="Petrified Hell Hound" direction="2" spawntime="60" x="-1" y="3"/>
<monster name="Petrified Hell Hound" direction="2" spawntime="60" x="1" y="3"/>
<monster name="Petrified Hell Hound" direction="2" spawntime="60" x="3" y="3"/>
<monster name="Petrified Hell Hound" direction="2" spawntime="60" x="-3" y="5"/>
<monster name="Petrified Hell Hound" direction="2" spawntime="60" x="-1" y="5"/>
<monster name="Petrified Hell Hound" direction="2" spawntime="60" x="1" y="5"/>
<monster name="Petrified Hell Hound" direction="2" spawntime="60" x="3" y="5"/>
</spawn>
<spawn centerx="670" centery="111" centerz="15" radius="5">
<monster name="Ancient Necropharus" direction="2" spawntime="60" x="0" y="-1"/>
<monster name="fire storm" direction="2" spawntime="60" x="-5" y="1"/>
<monster name="Ancient Necropharus" direction="2" spawntime="60" x="0" y="1"/>
<monster name="fire storm" direction="2" spawntime="60" x="-5" y="3"/>
<monster name="fire storm" direction="2" spawntime="60" x="-5" y="5"/>
</spawn>
<spawn centerx="678" centery="111" centerz="15" radius="5">
<monster name="Crypt Lord" direction="2" spawntime="60" x="0" y="-1"/>
<monster name="Crypt Lord" direction="2" spawntime="60" x="0" y="1"/>
<monster name="Plague Spitter" direction="2" spawntime="60" x="5" y="1"/>
<monster name="Plague Spitter" direction="2" spawntime="60" x="5" y="3"/>
<monster name="Plague Spitter" direction="2" spawntime="60" x="5" y="5"/>
</spawn>
<spawn centerx="811" centery="111" centerz="15" radius="5">
<monster name="Hell screamer" direction="2" spawntime="60" x="-5" y="-1"/>
<monster name="Plague Spitter" direction="2" spawntime="60" x="-1" y="-1"/>
<monster name="Plague Spitter" direction="2" spawntime="60" x="1" y="-1"/>
<monster name="Hell screamer" direction="2" spawntime="60" x="-5" y="1"/>
<monster name="Plague Spitter" direction="2" spawntime="60" x="-1" y="1"/>
<monster name="Plague Spitter" direction="2" spawntime="60" x="1" y="1"/>
<monster name="Hell screamer" direction="2" spawntime="60" x="-5" y="3"/>
<monster name="Hell screamer" direction="2" spawntime="60" x="-5" y="5"/>
</spawn>
<spawn centerx="819" centery="111" centerz="15" radius="5">
<monster name="Petrified Hell Hound" direction="2" spawntime="60" x="5" y="-1"/>
<monster name="Demonic Acolyte" direction="2" spawntime="60" x="-1" y="0"/>
<monster name="Petrified Hell Hound" direction="2" spawntime="60" x="5" y="1"/>
<monster name="Petrified Hell Hound" direction="2" spawntime="60" x="5" y="3"/>
<monster name="Petrified Hell Hound" direction="2" spawntime="60" x="5" y="5"/>
</spawn>
<spawn centerx="866" centery="111" centerz="15" radius="5">
<monster name="Hell screamer" direction="2" spawntime="60" x="-3" y="-3"/>
<monster name="Hell screamer" direction="2" spawntime="60" x="-1" y="-3"/>
<monster name="Hell screamer" direction="2" spawntime="60" x="1" y="-3"/>
<monster name="Hell screamer" direction="2" spawntime="60" x="-3" y="-1"/>
<monster name="Hell screamer" direction="2" spawntime="60" x="-1" y="-1"/>
<monster name="Hell screamer" direction="2" spawntime="60" x="1" y="-1"/>
<monster name="Hell screamer" direction="2" spawntime="60" x="-3" y="1"/>
<monster name="Hell screamer" direction="2" spawntime="60" x="-1" y="1"/>
<monster name="Hell screamer" direction="2" spawntime="60" x="1" y="1"/>
<monster name="Hell screamer" direction="2" spawntime="60" x="-3" y="3"/>
<monster name="Hell screamer" direction="2" spawntime="60" x="-1" y="3"/>
<monster name="Hell screamer" direction="2" spawntime="60" x="1" y="3"/>
<monster name="Hell screamer" direction="2" spawntime="60" x="-3" y="5"/>
<monster name="Hell screamer" direction="2" spawntime="60" x="-1" y="5"/>
<monster name="Hell screamer" direction="2" spawntime="60" x="1" y="5"/>
<monster name="Hell screamer" direction="2" spawntime="60" x="3" y="5"/>
</spawn>
<spawn centerx="890" centery="111" centerz="15" radius="5">
<monster name="Petrified Hell Hound" direction="2" spawntime="60" x="-1" y="-3"/>
<monster name="Petrified Hell Hound" direction="2" spawntime="60" x="1" y="-3"/>
<monster name="Petrified Hell Hound" direction="2" spawntime="60" x="3" y="-3"/>
<monster name="Petrified Hell Hound" direction="2" spawntime="60" x="-1" y="-1"/>
<monster name="Petrified Hell Hound" direction="2" spawntime="60" x="1" y="-1"/>
<monster name="Petrified Hell Hound" direction="2" spawntime="60" x="3" y="-1"/>
<monster name="Petrified Hell Hound" direction="2" spawntime="60" x="-1" y="1"/>
<monster name="Petrified Hell Hound" direction="2" spawntime="60" x="1" y="1"/>
<monster name="Petrified Hell Hound" direction="2" spawntime="60" x="3" y="1"/>
<monster name="Petrified Hell Hound" direction="2" spawntime="60" x="-1" y="3"/>
<monster name="Petrified Hell Hound" direction="2" spawntime="60" x="1" y="3"/>
<monster name="Petrified Hell Hound" direction="2" spawntime="60" x="3" y="3"/>
<monster name="Petrified Hell Hound" direction="2" spawntime="60" x="-3" y="5"/>
<monster name="Petrified Hell Hound" direction="2" spawntime="60" x="-1" y="5"/>
<monster name="Petrified Hell Hound" direction="2" spawntime="60" x="1" y="5"/>
<monster name="Petrified Hell Hound" direction="2" spawntime="60" x="3" y="5"/>
</spawn>
<spawn centerx="1154" centery="111" centerz="15" radius="5">
<monster name="fire storm" direction="2" spawntime="60" x="-3" y="-2"/>
<monster name="fire storm" direction="2" spawntime="60" x="-1" y="-2"/>
<monster name="fire storm" direction="2" spawntime="60" x="1" y="-2"/>
<monster name="fire storm" direction="2" spawntime="60" x="-3" y="0"/>
<monster name="fire storm" direction="2" spawntime="60" x="-1" y="0"/>
<monster name="fire storm" direction="2" spawntime="60" x="1" y="0"/>
<monster name="fire storm" direction="2" spawntime="60" x="3" y="0"/>
<monster name="fire storm" direction="2" spawntime="60" x="-3" y="2"/>
<monster name="fire storm" direction="2" spawntime="60" x="-1" y="2"/>
<monster name="fire storm" direction="2" spawntime="60" x="1" y="2"/>
<monster name="fire storm" direction="2" spawntime="60" x="3" y="2"/>
<monster name="fire storm" direction="2" spawntime="60" x="-3" y="4"/>
<monster name="fire storm" direction="2" spawntime="60" x="-1" y="4"/>
<monster name="fire storm" direction="2" spawntime="60" x="1" y="4"/>
<monster name="fire storm" direction="2" spawntime="60" x="3" y="4"/>
</spawn>
<spawn centerx="1178" centery="111" centerz="15" radius="5">
<monster name="Plague Spitter" direction="2" spawntime="60" x="-2" y="0"/>
<monster name="Plague Spitter" direction="2" spawntime="60" x="0" y="0"/>
<monster name="Plague Spitter" direction="2" spawntime="60" x="1" y="0"/>
<monster name="Plague Spitter" direction="2" spawntime="60" x="3" y="0"/>
<monster name="Plague Spitter" direction="2" spawntime="60" x="-3" y="2"/>
<monster name="Plague Spitter" direction="2" spawntime="60" x="-1" y="2"/>
<monster name="Plague Spitter" direction="2" spawntime="60" x="1" y="2"/>
<monster name="Plague Spitter" direction="2" spawntime="60" x="3" y="2"/>
<monster name="Plague Spitter" direction="2" spawntime="60" x="-3" y="4"/>
<monster name="Plague Spitter" direction="2" spawntime="60" x="-1" y="4"/>
<monster name="Plague Spitter" direction="2" spawntime="60" x="1" y="4"/>
<monster name="Plague Spitter" direction="2" spawntime="60" x="3" y="4"/>
</spawn>
<spawn centerx="4958" centery="111" centerz="15" radius="10">
<monster name="Ghostly visage" direction="2" spawntime="60" x="-1" y="-2"/>
<monster name="Ghostly visage" direction="2" spawntime="60" x="3" y="-2"/>
<monster name="Ghostly visage" direction="2" spawntime="60" x="9" y="-2"/>
<monster name="Ghostly visage" direction="2" spawntime="60" x="-5" y="-1"/>
<monster name="Ghostly visage" direction="2" spawntime="60" x="6" y="-1"/>
<monster name="Ghostly visage" direction="2" spawntime="60" x="-6" y="2"/>
<monster name="Ghostly visage" direction="2" spawntime="60" x="0" y="2"/>
<monster name="Ghostly visage" direction="2" spawntime="60" x="9" y="2"/>
<monster name="Ghostly visage" direction="2" spawntime="60" x="-4" y="3"/>
<monster name="Ghostly visage" direction="2" spawntime="60" x="3" y="3"/>
<monster name="Ghostly visage" direction="2" spawntime="60" x="7" y="3"/>
<monster name="Ghostly visage" direction="2" spawntime="60" x="-6" y="5"/>
<monster name="Ghostly visage" direction="2" spawntime="60" x="-1" y="5"/>
<monster name="Ghostly visage" direction="2" spawntime="60" x="4" y="5"/>
<monster name="Ghostly visage" direction="2" spawntime="60" x="8" y="5"/>
<monster name="Ghostly visage" direction="2" spawntime="60" x="-5" y="7"/>
<monster name="Ghostly visage" direction="2" spawntime="60" x="1" y="7"/>
<monster name="Ghostly visage" direction="2" spawntime="60" x="7" y="7"/>
<monster name="Ghostly visage" direction="2" spawntime="60" x="-6" y="10"/>
<monster name="Ghostly visage" direction="2" spawntime="60" x="-1" y="10"/>
<monster name="Ghostly visage" direction="2" spawntime="60" x="4" y="10"/>
<monster name="Ghostly visage" direction="2" spawntime="60" x="8" y="10"/>
</spawn>
<spawn centerx="4973" centery="111" centerz="15" radius="10">
<monster name="Ghostly visage" direction="2" spawntime="60" x="4" y="-3"/>
<monster name="Ghostly visage" direction="2" spawntime="60" x="-2" y="-2"/>
<monster name="Ghostly visage" direction="2" spawntime="60" x="3" y="-1"/>
<monster name="Ghostly visage" direction="2" spawntime="60" x="0" y="1"/>
<monster name="Ghostly visage" direction="2" spawntime="60" x="-3" y="3"/>
<monster name="Ghostly visage" direction="2" spawntime="60" x="1" y="3"/>
<monster name="Ghostly visage" direction="2" spawntime="60" x="5" y="3"/>
<monster name="Ghostly visage" direction="2" spawntime="60" x="-2" y="5"/>
<monster name="Ghostly visage" direction="2" spawntime="60" x="5" y="5"/>
<monster name="Ghostly visage" direction="2" spawntime="60" x="2" y="6"/>
<monster name="Ghostly visage" direction="2" spawntime="60" x="-2" y="7"/>
<monster name="Ghostly visage" direction="2" spawntime="60" x="5" y="8"/>
<monster name="Ghostly visage" direction="2" spawntime="60" x="-1" y="10"/>
<monster name="Ghostly visage" direction="2" spawntime="60" x="2" y="10"/>
</spawn>
<spawn centerx="803" centery="112" centerz="15" radius="5">
<monster name="Hell screamer" direction="2" spawntime="60" x="-3" y="-2"/>
<monster name="Hell screamer" direction="2" spawntime="60" x="-1" y="-2"/>
<monster name="Hell screamer" direction="2" spawntime="60" x="1" y="-2"/>
<monster name="Hell screamer" direction="2" spawntime="60" x="-3" y="0"/>
<monster name="Hell screamer" direction="2" spawntime="60" x="-1" y="0"/>
<monster name="Hell screamer" direction="2" spawntime="60" x="1" y="0"/>
<monster name="Hell screamer" direction="2" spawntime="60" x="-3" y="2"/>
<monster name="Hell screamer" direction="2" spawntime="60" x="-1" y="2"/>
<monster name="Hell screamer" direction="2" spawntime="60" x="1" y="2"/>
<monster name="Hell screamer" direction="2" spawntime="60" x="-3" y="4"/>
<monster name="Hell screamer" direction="2" spawntime="60" x="-1" y="4"/>
<monster name="Hell screamer" direction="2" spawntime="60" x="1" y="4"/>
</spawn>
<spawn centerx="827" centery="112" centerz="15" radius="5">
<monster name="Petrified Hell Hound" direction="2" spawntime="60" x="-1" y="-2"/>
<monster name="Petrified Hell Hound" direction="2" spawntime="60" x="1" y="-2"/>
<monster name="Petrified Hell Hound" direction="2" spawntime="60" x="3" y="-2"/>
<monster name="Petrified Hell Hound" direction="2" spawntime="60" x="-1" y="0"/>
<monster name="Petrified Hell Hound" direction="2" spawntime="60" x="1" y="0"/>
<monster name="Petrified Hell Hound" direction="2" spawntime="60" x="3" y="0"/>
<monster name="Petrified Hell Hound" direction="2" spawntime="60" x="-1" y="2"/>
<monster name="Petrified Hell Hound" direction="2" spawntime="60" x="1" y="2"/>
<monster name="Petrified Hell Hound" direction="2" spawntime="60" x="3" y="2"/>
<monster name="Petrified Hell Hound" direction="2" spawntime="60" x="-1" y="4"/>
<monster name="Petrified Hell Hound" direction="2" spawntime="60" x="1" y="4"/>
<monster name="Petrified Hell Hound" direction="2" spawntime="60" x="3" y="4"/>
</spawn>
<spawn centerx="230" centery="113" centerz="15" radius="5">
<monster name="Hell screamer" direction="2" spawntime="60" x="-3" y="-3"/>
<monster name="Hell screamer" direction="2" spawntime="60" x="-1" y="-3"/>
<monster name="Hell screamer" direction="2" spawntime="60" x="1" y="-3"/>
<monster name="Hell screamer" direction="2" spawntime="60" x="3" y="-3"/>
<monster name="Hell screamer" direction="2" spawntime="60" x="-3" y="-1"/>
<monster name="Hell screamer" direction="2" spawntime="60" x="-1" y="-1"/>
<monster name="Hell screamer" direction="2" spawntime="60" x="1" y="-1"/>
<monster name="Hell screamer" direction="2" spawntime="60" x="3" y="-1"/>
<monster name="Hell screamer" direction="2" spawntime="60" x="-3" y="1"/>
<monster name="Hell screamer" direction="2" spawntime="60" x="-1" y="1"/>
<monster name="Hell screamer" direction="2" spawntime="60" x="1" y="1"/>
<monster name="Hell screamer" direction="2" spawntime="60" x="3" y="1"/>
<monster name="Hell screamer" direction="2" spawntime="60" x="-3" y="3"/>
<monster name="Hell screamer" direction="2" spawntime="60" x="-1" y="3"/>
<monster name="Hell screamer" direction="2" spawntime="60" x="1" y="3"/>
<monster name="Hell screamer" direction="2" spawntime="60" x="3" y="3"/>
<monster name="Hell screamer" direction="2" spawntime="60" x="-3" y="5"/>
<monster name="Hell screamer" direction="2" spawntime="60" x="-1" y="5"/>
<monster name="Hell screamer" direction="2" spawntime="60" x="1" y="5"/>
<monster name="Hell screamer" direction="2" spawntime="60" x="3" y="5"/>
</spawn>
<spawn centerx="254" centery="113" centerz="15" radius="5">
<monster name="Petrified Hell Hound" direction="2" spawntime="60" x="-3" y="-3"/>
<monster name="Petrified Hell Hound" direction="2" spawntime="60" x="-1" y="-3"/>
<monster name="Petrified Hell Hound" direction="2" spawntime="60" x="1" y="-3"/>
<monster name="Petrified Hell Hound" direction="2" spawntime="60" x="3" y="-3"/>
<monster name="Petrified Hell Hound" direction="2" spawntime="60" x="-3" y="-1"/>
<monster name="Petrified Hell Hound" direction="2" spawntime="60" x="-1" y="-1"/>
<monster name="Petrified Hell Hound" direction="2" spawntime="60" x="1" y="-1"/>
<monster name="Petrified Hell Hound" direction="2" spawntime="60" x="3" y="-1"/>
<monster name="Petrified Hell Hound" direction="2" spawntime="60" x="-3" y="1"/>
<monster name="Petrified Hell Hound" direction="2" spawntime="60" x="-1" y="1"/>
<monster name="Petrified Hell Hound" direction="2" spawntime="60" x="1" y="1"/>
<monster name="Petrified Hell Hound" direction="2" spawntime="60" x="3" y="1"/>
<monster name="Petrified Hell Hound" direction="2" spawntime="60" x="-3" y="3"/>
<monster name="Petrified Hell Hound" direction="2" spawntime="60" x="-1" y="3"/>
<monster name="Petrified Hell Hound" direction="2" spawntime="60" x="1" y="3"/>
<monster name="Petrified Hell Hound" direction="2" spawntime="60" x="3" y="3"/>
<monster name="Petrified Hell Hound" direction="2" spawntime="60" x="-3" y="5"/>
<monster name="Petrified Hell Hound" direction="2" spawntime="60" x="-1" y="5"/>
<monster name="Petrified Hell Hound" direction="2" spawntime="60" x="1" y="5"/>
<monster name="Petrified Hell Hound" direction="2" spawntime="60" x="3" y="5"/>
</spawn>
<spawn centerx="1109" centery="113" centerz="15" radius="5">
<monster name="Plague Spitter" direction="2" spawntime="60" x="-1" y="-1"/>
<monster name="Plague Spitter" direction="2" spawntime="60" x="1" y="-1"/>
<monster name="Plague Spitter" direction="2" spawntime="60" x="3" y="-1"/>
<monster name="Plague Spitter" direction="2" spawntime="60" x="-3" y="1"/>
<monster name="Plague Spitter" direction="2" spawntime="60" x="-1" y="1"/>
<monster name="Plague Spitter" direction="2" spawntime="60" x="1" y="1"/>
<monster name="Plague Spitter" direction="2" spawntime="60" x="3" y="1"/>
<monster name="Plague Spitter" direction="2" spawntime="60" x="-3" y="3"/>
<monster name="Plague Spitter" direction="2" spawntime="60" x="-1" y="3"/>
<monster name="Plague Spitter" direction="2" spawntime="60" x="1" y="3"/>
<monster name="Plague Spitter" direction="2" spawntime="60" x="3" y="3"/>
<monster name="Plague Spitter" direction="2" spawntime="60" x="-3" y="5"/>
<monster name="Plague Spitter" direction="2" spawntime="60" x="-1" y="5"/>
<monster name="Plague Spitter" direction="2" spawntime="60" x="1" y="5"/>
<monster name="Plague Spitter" direction="2" spawntime="60" x="3" y="5"/>
</spawn>
<spawn centerx="662" centery="114" centerz="15" radius="5">
<monster name="fire storm" direction="2" spawntime="60" x="-3" y="-2"/>
<monster name="fire storm" direction="2" spawntime="60" x="-1" y="-2"/>
<monster name="fire storm" direction="2" spawntime="60" x="1" y="-2"/>
<monster name="fire storm" direction="2" spawntime="60" x="-3" y="0"/>
<monster name="fire storm" direction="2" spawntime="60" x="-1" y="0"/>
<monster name="fire storm" direction="2" spawntime="60" x="1" y="0"/>
<monster name="fire storm" direction="2" spawntime="60" x="-3" y="2"/>
<monster name="fire storm" direction="2" spawntime="60" x="-1" y="2"/>
<monster name="fire storm" direction="2" spawntime="60" x="1" y="2"/>
</spawn>
<spawn centerx="686" centery="114" centerz="15" radius="5">
<monster name="Plague Spitter" direction="2" spawntime="60" x="-1" y="-2"/>
<monster name="Plague Spitter" direction="2" spawntime="60" x="1" y="-2"/>
<monster name="Plague Spitter" direction="2" spawntime="60" x="3" y="-2"/>
<monster name="Plague Spitter" direction="2" spawntime="60" x="-1" y="0"/>
<monster name="Plague Spitter" direction="2" spawntime="60" x="1" y="0"/>
<monster name="Plague Spitter" direction="2" spawntime="60" x="3" y="0"/>
<monster name="Plague Spitter" direction="2" spawntime="60" x="-1" y="2"/>
<monster name="Plague Spitter" direction="2" spawntime="60" x="1" y="2"/>
<monster name="Plague Spitter" direction="2" spawntime="60" x="3" y="2"/>
</spawn>
<spawn centerx="738" centery="114" centerz="15" radius="5">
<monster name="Hell screamer" direction="2" spawntime="60" x="-3" y="-2"/>
<monster name="Hell screamer" direction="2" spawntime="60" x="-1" y="-2"/>
<monster name="Hell screamer" direction="2" spawntime="60" x="1" y="-2"/>
<monster name="Hell screamer" direction="2" spawntime="60" x="3" y="-2"/>
<monster name="Hell screamer" direction="2" spawntime="60" x="-3" y="0"/>
<monster name="Hell screamer" direction="2" spawntime="60" x="-1" y="0"/>
<monster name="Hell screamer" direction="2" spawntime="60" x="1" y="0"/>
<monster name="Hell screamer" direction="2" spawntime="60" x="3" y="0"/>
<monster name="Hell screamer" direction="2" spawntime="60" x="-3" y="2"/>
<monster name="Hell screamer" direction="2" spawntime="60" x="-1" y="2"/>
<monster name="Hell screamer" direction="2" spawntime="60" x="1" y="2"/>
<monster name="Hell screamer" direction="2" spawntime="60" x="3" y="2"/>
</spawn>
<spawn centerx="1085" centery="114" centerz="15" radius="5">
<monster name="fire storm" direction="2" spawntime="60" x="-3" y="0"/>
<monster name="fire storm" direction="2" spawntime="60" x="-1" y="0"/>
<monster name="fire storm" direction="2" spawntime="60" x="1" y="0"/>
<monster name="fire storm" direction="2" spawntime="60" x="3" y="0"/>
<monster name="fire storm" direction="2" spawntime="60" x="-3" y="2"/>
<monster name="fire storm" direction="2" spawntime="60" x="-1" y="2"/>
<monster name="fire storm" direction="2" spawntime="60" x="1" y="2"/>
<monster name="fire storm" direction="2" spawntime="60" x="3" y="2"/>
<monster name="fire storm" direction="2" spawntime="60" x="-3" y="4"/>
<monster name="fire storm" direction="2" spawntime="60" x="-1" y="4"/>
<monster name="fire storm" direction="2" spawntime="60" x="1" y="4"/>
<monster name="fire storm" direction="2" spawntime="60" x="3" y="4"/>
</spawn>
<spawn centerx="1162" centery="114" centerz="15" radius="5">
<monster name="Ancient Necropharus" direction="2" spawntime="60" x="-1" y="0"/>
<monster name="Ancient Necropharus" direction="2" spawntime="60" x="0" y="2"/>
<monster name="fire storm" direction="2" spawntime="60" x="-5" y="3"/>
<monster name="fire storm" direction="2" spawntime="60" x="-5" y="5"/>
</spawn>
<spawn centerx="1170" centery="114" centerz="15" radius="5">
<monster name="Crypt Lord" direction="2" spawntime="60" x="0" y="-1"/>
<monster name="Crypt Lord" direction="2" spawntime="60" x="0" y="0"/>
<monster name="Plague Spitter" direction="2" spawntime="60" x="5" y="3"/>
<monster name="Plague Spitter" direction="2" spawntime="60" x="5" y="5"/>
</spawn>
<spawn centerx="25" centery="115" centerz="15" radius="5">
<monster name="Hell screamer" direction="2" spawntime="60" x="-3" y="-3"/>
<monster name="Hell screamer" direction="2" spawntime="60" x="-1" y="-3"/>
<monster name="Hell screamer" direction="2" spawntime="60" x="1" y="-3"/>
<monster name="Hell screamer" direction="2" spawntime="60" x="3" y="-3"/>
<monster name="Hell screamer" direction="2" spawntime="60" x="-3" y="-1"/>
<monster name="Hell screamer" direction="2" spawntime="60" x="-1" y="-1"/>
<monster name="Hell screamer" direction="2" spawntime="60" x="1" y="-1"/>
<monster name="Hell screamer" direction="2" spawntime="60" x="3" y="-1"/>
<monster name="Hell screamer" direction="2" spawntime="60" x="-3" y="1"/>
<monster name="Hell screamer" direction="2" spawntime="60" x="-1" y="1"/>
<monster name="Hell screamer" direction="2" spawntime="60" x="1" y="1"/>
<monster name="Hell screamer" direction="2" spawntime="60" x="3" y="1"/>
<monster name="Ghostly visage" direction="2" spawntime="60" x="-3" y="5"/>
<monster name="Ghostly visage" direction="2" spawntime="60" x="-1" y="5"/>
<monster name="Ghostly visage" direction="2" spawntime="60" x="1" y="5"/>
<monster name="Ghostly visage" direction="2" spawntime="60" x="3" y="5"/>
</spawn>
<spawn centerx="33" centery="115" centerz="15" radius="3">
<monster name="Flesh Fiend" direction="2" spawntime="60" x="-1" y="-1"/>
<monster name="Flesh Fiend" direction="2" spawntime="60" x="0" y="-1"/>
<monster name="Flesh Fiend" direction="2" spawntime="60" x="-1" y="1"/>
<monster name="Flesh Fiend" direction="2" spawntime="60" x="0" y="1"/>
</spawn>
<spawn centerx="42" centery="115" centerz="15" radius="3">
<monster name="Nefarious Acolyte" direction="2" spawntime="60" x="-1" y="0"/>
</spawn>
<spawn centerx="49" centery="115" centerz="15" radius="5">
<monster name="Petrified Hell Hound" direction="2" spawntime="60" x="-3" y="-3"/>
<monster name="Petrified Hell Hound" direction="2" spawntime="60" x="-1" y="-3"/>
<monster name="Petrified Hell Hound" direction="2" spawntime="60" x="1" y="-3"/>
<monster name="Petrified Hell Hound" direction="2" spawntime="60" x="3" y="-3"/>
<monster name="Petrified Hell Hound" direction="2" spawntime="60" x="-3" y="-1"/>
<monster name="Petrified Hell Hound" direction="2" spawntime="60" x="-1" y="-1"/>
<monster name="Petrified Hell Hound" direction="2" spawntime="60" x="1" y="-1"/>
<monster name="Petrified Hell Hound" direction="2" spawntime="60" x="3" y="-1"/>
<monster name="Petrified Hell Hound" direction="2" spawntime="60" x="-3" y="1"/>
<monster name="Petrified Hell Hound" direction="2" spawntime="60" x="-1" y="1"/>
<monster name="Petrified Hell Hound" direction="2" spawntime="60" x="1" y="1"/>
<monster name="Petrified Hell Hound" direction="2" spawntime="60" x="3" y="1"/>
<monster name="Crypt Lord" direction="2" spawntime="60" x="-2" y="5"/>
<monster name="Crypt Lord" direction="2" spawntime="60" x="2" y="5"/>
</spawn>
<spawn centerx="301" centery="115" centerz="15" radius="3">
<monster name="Vlad Tepes" direction="2" spawntime="60" x="-2" y="-1"/>
<monster name="Vlad Tepes" direction="2" spawntime="60" x="0" y="-1"/>
<monster name="Vlad Tepes" direction="2" spawntime="60" x="-2" y="1"/>
<monster name="Vlad Tepes" direction="2" spawntime="60" x="0" y="1"/>
</spawn>
<spawn centerx="309" centery="115" centerz="15" radius="3">
<monster name="Nefarious Acolyte" direction="2" spawntime="60" x="-1" y="0"/>
</spawn>
<spawn centerx="746" centery="115" centerz="15" radius="5">
<monster name="Flesh Fiend" direction="2" spawntime="60" x="-1" y="-1"/>
<monster name="Flesh Fiend" direction="2" spawntime="60" x="1" y="-1"/>
<monster name="Flesh Fiend" direction="2" spawntime="60" x="-1" y="1"/>
<monster name="Flesh Fiend" direction="2" spawntime="60" x="1" y="1"/>
<monster name="Ghostly visage" direction="2" spawntime="60" x="-5" y="5"/>
</spawn>
<spawn centerx="754" centery="115" centerz="15" radius="5">
<monster name="Petrified Hell Hound" direction="2" spawntime="60" x="5" y="-3"/>
<monster name="Petrified Hell Hound" direction="2" spawntime="60" x="5" y="-1"/>
<monster name="Nefarious Acolyte" direction="2" spawntime="60" x="-1" y="0"/>
<monster name="Petrified Hell Hound" direction="2" spawntime="60" x="5" y="1"/>
</spawn>
<spawn centerx="762" centery="115" centerz="15" radius="5">
<monster name="Petrified Hell Hound" direction="2" spawntime="60" x="-1" y="-3"/>
<monster name="Petrified Hell Hound" direction="2" spawntime="60" x="1" y="-3"/>
<monster name="Petrified Hell Hound" direction="2" spawntime="60" x="3" y="-3"/>
<monster name="Petrified Hell Hound" direction="2" spawntime="60" x="-1" y="-1"/>
<monster name="Petrified Hell Hound" direction="2" spawntime="60" x="1" y="-1"/>
<monster name="Petrified Hell Hound" direction="2" spawntime="60" x="3" y="-1"/>
<monster name="Petrified Hell Hound" direction="2" spawntime="60" x="-1" y="1"/>
<monster name="Petrified Hell Hound" direction="2" spawntime="60" x="1" y="1"/>
<monster name="Petrified Hell Hound" direction="2" spawntime="60" x="3" y="1"/>
<monster name="Crypt Lord" direction="2" spawntime="60" x="-2" y="5"/>
<monster name="Crypt Lord" direction="2" spawntime="60" x="1" y="5"/>
</spawn>
<spawn centerx="995" centery="115" centerz="15" radius="5">
<monster name="Ancient Necropharus" direction="2" spawntime="60" x="-2" y="-1"/>
<monster name="Ancient Necropharus" direction="2" spawntime="60" x="-2" y="1"/>
</spawn>
<spawn centerx="1001" centery="115" centerz="15" radius="5">
<monster name="Crypt Lord" direction="2" spawntime="60" x="1" y="-1"/>
<monster name="Crypt Lord" direction="2" spawntime="60" x="1" y="1"/>
</spawn>
<spawn centerx="1010" centery="115" centerz="15" radius="5">
<monster name="Plague Spitter" direction="2" spawntime="60" x="-3" y="-4"/>
<monster name="Plague Spitter" direction="2" spawntime="60" x="-1" y="-4"/>
<monster name="Plague Spitter" direction="2" spawntime="60" x="1" y="-4"/>
<monster name="Plague Spitter" direction="2" spawntime="60" x="3" y="-4"/>
<monster name="Plague Spitter" direction="2" spawntime="60" x="-3" y="-2"/>
<monster name="Plague Spitter" direction="2" spawntime="60" x="-1" y="-2"/>
<monster name="Plague Spitter" direction="2" spawntime="60" x="1" y="-2"/>
<monster name="Plague Spitter" direction="2" spawntime="60" x="3" y="-2"/>
<monster name="Plague Spitter" direction="2" spawntime="60" x="-3" y="0"/>
<monster name="Plague Spitter" direction="2" spawntime="60" x="-1" y="0"/>
<monster name="Plague Spitter" direction="2" spawntime="60" x="1" y="0"/>
<monster name="Plague Spitter" direction="2" spawntime="60" x="3" y="0"/>
<monster name="Plague Spitter" direction="2" spawntime="60" x="-3" y="2"/>
<monster name="Plague Spitter" direction="2" spawntime="60" x="-1" y="2"/>
<monster name="Plague Spitter" direction="2" spawntime="60" x="1" y="2"/>
<monster name="Plague Spitter" direction="2" spawntime="60" x="3" y="2"/>
<monster name="Plague Spitter" direction="2" spawntime="60" x="-3" y="4"/>
<monster name="Plague Spitter" direction="2" spawntime="60" x="-1" y="4"/>
<monster name="Plague Spitter" direction="2" spawntime="60" x="1" y="4"/>
<monster name="Plague Spitter" direction="2" spawntime="60" x="3" y="4"/>
</spawn>
<spawn centerx="381" centery="116" centerz="15" radius="3">
<monster name="Flesh Fiend" direction="2" spawntime="60" x="-1" y="-1"/>
<monster name="Flesh Fiend" direction="2" spawntime="60" x="1" y="-1"/>
<monster name="Flesh Fiend" direction="2" spawntime="60" x="-1" y="1"/>
<monster name="Flesh Fiend" direction="2" spawntime="60" x="1" y="1"/>
</spawn>
<spawn centerx="389" centery="116" centerz="15" radius="3">
<monster name="Nefarious Acolyte" direction="2" spawntime="60" x="-1" y="0"/>
</spawn>
<spawn centerx="1063" centery="116" centerz="15" radius="5">
<monster name="Plague Spitter" direction="2" spawntime="60" x="-3" y="0"/>
<monster name="Plague Spitter" direction="2" spawntime="60" x="-1" y="0"/>
<monster name="Plague Spitter" direction="2" spawntime="60" x="1" y="0"/>
<monster name="Plague Spitter" direction="2" spawntime="60" x="3" y="0"/>
<monster name="Plague Spitter" direction="2" spawntime="60" x="-3" y="2"/>
<monster name="Plague Spitter" direction="2" spawntime="60" x="-1" y="2"/>
<monster name="Plague Spitter" direction="2" spawntime="60" x="1" y="2"/>
<monster name="Plague Spitter" direction="2" spawntime="60" x="3" y="2"/>
<monster name="Plague Spitter" direction="2" spawntime="60" x="-3" y="4"/>
<monster name="Plague Spitter" direction="2" spawntime="60" x="-1" y="4"/>
<monster name="Plague Spitter" direction="2" spawntime="60" x="1" y="4"/>
<monster name="Plague Spitter" direction="2" spawntime="60" x="3" y="4"/>
</spawn>
<spawn centerx="4945" centery="116" centerz="15" radius="5">
<monster name="The Creator" direction="2" spawntime="60" x="0" y="-1"/>
</spawn>
<spawn centerx="373" centery="117" centerz="15" radius="5">
<monster name="Hell screamer" direction="2" spawntime="60" x="-3" y="-2"/>
<monster name="Hell screamer" direction="2" spawntime="60" x="-1" y="-2"/>
<monster name="Hell screamer" direction="2" spawntime="60" x="1" y="-2"/>
<monster name="Hell screamer" direction="2" spawntime="60" x="3" y="-2"/>
<monster name="Hell screamer" direction="2" spawntime="60" x="-3" y="0"/>
<monster name="Hell screamer" direction="2" spawntime="60" x="-1" y="0"/>
<monster name="Hell screamer" direction="2" spawntime="60" x="1" y="0"/>
<monster name="Hell screamer" direction="2" spawntime="60" x="3" y="0"/>
<monster name="Ghostly visage" direction="2" spawntime="60" x="-3" y="4"/>
<monster name="Ghostly visage" direction="2" spawntime="60" x="-1" y="4"/>
<monster name="Ghostly visage" direction="2" spawntime="60" x="1" y="4"/>
<monster name="Ghostly visage" direction="2" spawntime="60" x="3" y="4"/>
</spawn>
<spawn centerx="397" centery="117" centerz="15" radius="5">
<monster name="Petrified Hell Hound" direction="2" spawntime="60" x="-3" y="-2"/>
<monster name="Petrified Hell Hound" direction="2" spawntime="60" x="-1" y="-2"/>
<monster name="Petrified Hell Hound" direction="2" spawntime="60" x="1" y="-2"/>
<monster name="Petrified Hell Hound" direction="2" spawntime="60" x="3" y="-2"/>
<monster name="Petrified Hell Hound" direction="2" spawntime="60" x="-3" y="0"/>
<monster name="Petrified Hell Hound" direction="2" spawntime="60" x="-1" y="0"/>
<monster name="Petrified Hell Hound" direction="2" spawntime="60" x="1" y="0"/>
<monster name="Petrified Hell Hound" direction="2" spawntime="60" x="3" y="0"/>
<monster name="Crypt Lord" direction="2" spawntime="60" x="-3" y="4"/>
<monster name="Crypt Lord" direction="2" spawntime="60" x="2" y="4"/>
</spawn>
<spawn centerx="446" centery="117" centerz="15" radius="3">
<monster name="Flesh Fiend" direction="2" spawntime="60" x="-1" y="-1"/>
<monster name="Flesh Fiend" direction="2" spawntime="60" x="1" y="-1"/>
<monster name="Flesh Fiend" direction="2" spawntime="60" x="-1" y="1"/>
<monster name="Flesh Fiend" direction="2" spawntime="60" x="1" y="1"/>
</spawn>
<spawn centerx="454" centery="117" centerz="15" radius="3">
<monster name="Nefarious Acolyte" direction="2" spawntime="60" x="-1" y="0"/>
</spawn>
<spawn centerx="517" centery="117" centerz="15" radius="5">
<monster name="fire storm" direction="2" spawntime="60" x="-3" y="-3"/>
<monster name="fire storm" direction="2" spawntime="60" x="-1" y="-3"/>
<monster name="fire storm" direction="2" spawntime="60" x="1" y="-3"/>
<monster name="fire storm" direction="2" spawntime="60" x="-3" y="-1"/>
<monster name="fire storm" direction="2" spawntime="60" x="-1" y="-1"/>
<monster name="fire storm" direction="2" spawntime="60" x="1" y="-1"/>
<monster name="Hell screamer" direction="2" spawntime="60" x="-3" y="3"/>
<monster name="Hell screamer" direction="2" spawntime="60" x="-1" y="3"/>
<monster name="Hell screamer" direction="2" spawntime="60" x="1" y="3"/>
<monster name="Hell screamer" direction="2" spawntime="60" x="3" y="3"/>
<monster name="Hell screamer" direction="2" spawntime="60" x="-3" y="5"/>
<monster name="Hell screamer" direction="2" spawntime="60" x="-1" y="5"/>
<monster name="Hell screamer" direction="2" spawntime="60" x="1" y="5"/>
<monster name="Hell screamer" direction="2" spawntime="60" x="3" y="5"/>
</spawn>
<spawn centerx="541" centery="117" centerz="15" radius="5">
<monster name="Plague Spitter" direction="2" spawntime="60" x="-1" y="-3"/>
<monster name="Plague Spitter" direction="2" spawntime="60" x="1" y="-3"/>
<monster name="Plague Spitter" direction="2" spawntime="60" x="3" y="-3"/>
<monster name="Plague Spitter" direction="2" spawntime="60" x="-1" y="-1"/>
<monster name="Plague Spitter" direction="2" spawntime="60" x="1" y="-1"/>
<monster name="Plague Spitter" direction="2" spawntime="60" x="3" y="-1"/>
<monster name="Petrified Hell Hound" direction="2" spawntime="60" x="-3" y="3"/>
<monster name="Petrified Hell Hound" direction="2" spawntime="60" x="-1" y="3"/>
<monster name="Petrified Hell Hound" direction="2" spawntime="60" x="1" y="3"/>
<monster name="Petrified Hell Hound" direction="2" spawntime="60" x="3" y="3"/>
<monster name="Petrified Hell Hound" direction="2" spawntime="60" x="-3" y="5"/>
<monster name="Petrified Hell Hound" direction="2" spawntime="60" x="-1" y="5"/>
<monster name="Petrified Hell Hound" direction="2" spawntime="60" x="1" y="5"/>
<monster name="Petrified Hell Hound" direction="2" spawntime="60" x="3" y="5"/>
</spawn>
<spawn centerx="986" centery="117" centerz="15" radius="5">
<monster name="fire storm" direction="2" spawntime="60" x="-3" y="-4"/>
<monster name="fire storm" direction="2" spawntime="60" x="-1" y="-4"/>
<monster name="fire storm" direction="2" spawntime="60" x="1" y="-4"/>
<monster name="fire storm" direction="2" spawntime="60" x="3" y="-4"/>
<monster name="fire storm" direction="2" spawntime="60" x="-3" y="-2"/>
<monster name="fire storm" direction="2" spawntime="60" x="-1" y="-2"/>
<monster name="fire storm" direction="2" spawntime="60" x="1" y="-2"/>
<monster name="fire storm" direction="2" spawntime="60" x="3" y="-2"/>
<monster name="fire storm" direction="2" spawntime="60" x="-3" y="0"/>
<monster name="fire storm" direction="2" spawntime="60" x="-1" y="0"/>
<monster name="fire storm" direction="2" spawntime="60" x="1" y="0"/>
<monster name="fire storm" direction="2" spawntime="60" x="3" y="0"/>
<monster name="fire storm" direction="2" spawntime="60" x="-3" y="2"/>
<monster name="fire storm" direction="2" spawntime="60" x="-1" y="2"/>
<monster name="fire storm" direction="2" spawntime="60" x="1" y="2"/>
<monster name="fire storm" direction="2" spawntime="60" x="3" y="2"/>
<monster name="fire storm" direction="2" spawntime="60" x="-3" y="4"/>
<monster name="fire storm" direction="2" spawntime="60" x="-1" y="4"/>
<monster name="fire storm" direction="2" spawntime="60" x="1" y="4"/>
<monster name="fire storm" direction="2" spawntime="60" x="3" y="4"/>
</spawn>
<spawn centerx="1039" centery="117" centerz="15" radius="5">
<monster name="fire storm" direction="2" spawntime="60" x="-3" y="-2"/>
<monster name="fire storm" direction="2" spawntime="60" x="-1" y="-2"/>
<monster name="fire storm" direction="2" spawntime="60" x="1" y="-2"/>
<monster name="fire storm" direction="2" spawntime="60" x="-3" y="0"/>
<monster name="fire storm" direction="2" spawntime="60" x="-1" y="0"/>
<monster name="fire storm" direction="2" spawntime="60" x="1" y="0"/>
<monster name="fire storm" direction="2" spawntime="60" x="3" y="0"/>
<monster name="fire storm" direction="2" spawntime="60" x="-3" y="2"/>
<monster name="fire storm" direction="2" spawntime="60" x="-1" y="2"/>
<monster name="fire storm" direction="2" spawntime="60" x="1" y="2"/>
<monster name="fire storm" direction="2" spawntime="60" x="3" y="2"/>
<monster name="fire storm" direction="2" spawntime="60" x="-3" y="4"/>
<monster name="fire storm" direction="2" spawntime="60" x="-1" y="4"/>
<monster name="fire storm" direction="2" spawntime="60" x="1" y="4"/>
<monster name="fire storm" direction="2" spawntime="60" x="3" y="4"/>
</spawn>
<spawn centerx="1093" centery="117" centerz="15" radius="5">
<monster name="Ancient Necropharus" direction="2" spawntime="60" x="-1" y="-1"/>
<monster name="Ancient Necropharus" direction="2" spawntime="60" x="-1" y="1"/>
<monster name="fire storm" direction="2" spawntime="60" x="-5" y="3"/>
<monster name="fire storm" direction="2" spawntime="60" x="-5" y="5"/>
</spawn>
<spawn centerx="1101" centery="117" centerz="15" radius="5">
<monster name="Crypt Lord" direction="2" spawntime="60" x="0" y="-1"/>
<monster name="Crypt Lord" direction="2" spawntime="60" x="0" y="1"/>
<monster name="Plague Spitter" direction="2" spawntime="60" x="5" y="3"/>
<monster name="Plague Spitter" direction="2" spawntime="60" x="5" y="5"/>
</spawn>
<spawn centerx="438" centery="118" centerz="15" radius="5">
<monster name="Hell screamer" direction="2" spawntime="60" x="-3" y="-2"/>
<monster name="Hell screamer" direction="2" spawntime="60" x="-1" y="-2"/>
<monster name="Hell screamer" direction="2" spawntime="60" x="1" y="-2"/>
<monster name="Hell screamer" direction="2" spawntime="60" x="3" y="-2"/>
<monster name="Hell screamer" direction="2" spawntime="60" x="-3" y="0"/>
<monster name="Hell screamer" direction="2" spawntime="60" x="-1" y="0"/>
<monster name="Hell screamer" direction="2" spawntime="60" x="1" y="0"/>
<monster name="Hell screamer" direction="2" spawntime="60" x="3" y="0"/>
<monster name="Ghostly visage" direction="2" spawntime="60" x="-3" y="4"/>
<monster name="Ghostly visage" direction="2" spawntime="60" x="-1" y="4"/>
<monster name="Ghostly visage" direction="2" spawntime="60" x="1" y="4"/>
<monster name="Ghostly visage" direction="2" spawntime="60" x="3" y="4"/>
</spawn>
<spawn centerx="462" centery="118" centerz="15" radius="5">
<monster name="Petrified Hell Hound" direction="2" spawntime="60" x="-3" y="-2"/>
<monster name="Petrified Hell Hound" direction="2" spawntime="60" x="-1" y="-2"/>
<monster name="Petrified Hell Hound" direction="2" spawntime="60" x="1" y="-2"/>
<monster name="Petrified Hell Hound" direction="2" spawntime="60" x="3" y="-2"/>
<monster name="Petrified Hell Hound" direction="2" spawntime="60" x="-3" y="0"/>
<monster name="Petrified Hell Hound" direction="2" spawntime="60" x="-1" y="0"/>
<monster name="Petrified Hell Hound" direction="2" spawntime="60" x="1" y="0"/>
<monster name="Petrified Hell Hound" direction="2" spawntime="60" x="3" y="0"/>
<monster name="Crypt Lord" direction="2" spawntime="60" x="-2" y="4"/>
<monster name="Crypt Lord" direction="2" spawntime="60" x="2" y="4"/>
</spawn>
<spawn centerx="945" centery="118" centerz="15" radius="5">
<monster name="Hell screamer" direction="2" spawntime="60" x="-5" y="-1"/>
<monster name="Flesh Fiend" direction="2" spawntime="60" x="-1" y="-1"/>
<monster name="Flesh Fiend" direction="2" spawntime="60" x="0" y="-1"/>
<monster name="Hell screamer" direction="2" spawntime="60" x="-5" y="1"/>
<monster name="Flesh Fiend" direction="2" spawntime="60" x="-1" y="1"/>
<monster name="Flesh Fiend" direction="2" spawntime="60" x="0" y="1"/>
<monster name="Ghostly visage" direction="2" spawntime="60" x="-5" y="5"/>
</spawn>
<spawn centerx="953" centery="118" centerz="15" radius="5">
<monster name="Petrified Hell Hound" direction="2" spawntime="60" x="5" y="-1"/>
<monster name="Nefarious Acolyte" direction="2" spawntime="60" x="-1" y="0"/>
<monster name="Petrified Hell Hound" direction="2" spawntime="60" x="5" y="1"/>
</spawn>
<spawn centerx="1154" centery="118" centerz="15" radius="5">
<monster name="fire storm" direction="2" spawntime="60" x="-3" y="-1"/>
<monster name="fire storm" direction="2" spawntime="60" x="-1" y="-1"/>
<monster name="fire storm" direction="2" spawntime="60" x="1" y="-1"/>
<monster name="fire storm" direction="2" spawntime="60" x="-3" y="1"/>
<monster name="fire storm" direction="2" spawntime="60" x="-1" y="1"/>
<monster name="fire storm" direction="2" spawntime="60" x="1" y="1"/>
<monster name="Hell screamer" direction="2" spawntime="60" x="-3" y="4"/>
<monster name="Hell screamer" direction="2" spawntime="60" x="-1" y="4"/>
<monster name="Hell screamer" direction="2" spawntime="60" x="1" y="4"/>
<monster name="Hell screamer" direction="2" spawntime="60" x="3" y="4"/>
</spawn>
<spawn centerx="1178" centery="118" centerz="15" radius="5">
<monster name="Plague Spitter" direction="2" spawntime="60" x="-1" y="-1"/>
<monster name="Plague Spitter" direction="2" spawntime="60" x="1" y="-1"/>
<monster name="Plague Spitter" direction="2" spawntime="60" x="3" y="-1"/>
<monster name="Plague Spitter" direction="2" spawntime="60" x="-1" y="1"/>
<monster name="Plague Spitter" direction="2" spawntime="60" x="1" y="1"/>
<monster name="Plague Spitter" direction="2" spawntime="60" x="3" y="1"/>
<monster name="Petrified Hell Hound" direction="2" spawntime="60" x="-3" y="4"/>
<monster name="Petrified Hell Hound" direction="2" spawntime="60" x="-1" y="4"/>
<monster name="Petrified Hell Hound" direction="2" spawntime="60" x="1" y="4"/>
<monster name="Petrified Hell Hound" direction="2" spawntime="60" x="3" y="4"/>
</spawn>
<spawn centerx="605" centery="119" centerz="15" radius="5">
<monster name="Hell screamer" direction="2" spawntime="60" x="-5" y="-1"/>
<monster name="Plague Spitter" direction="2" spawntime="60" x="-1" y="-1"/>
<monster name="Plague Spitter" direction="2" spawntime="60" x="1" y="-1"/>
<monster name="Hell screamer" direction="2" spawntime="60" x="-5" y="1"/>
<monster name="Plague Spitter" direction="2" spawntime="60" x="-1" y="1"/>
<monster name="Plague Spitter" direction="2" spawntime="60" x="1" y="1"/>
<monster name="Ghostly visage" direction="2" spawntime="60" x="-5" y="5"/>
</spawn>
<spawn centerx="613" centery="119" centerz="15" radius="5">
<monster name="Petrified Hell Hound" direction="2" spawntime="60" x="5" y="-1"/>
<monster name="Nefarious Acolyte" direction="2" spawntime="60" x="-1" y="0"/>
<monster name="Petrified Hell Hound" direction="2" spawntime="60" x="5" y="1"/>
</spawn>
<spawn centerx="874" centery="119" centerz="15" radius="5">
<monster name="Hell screamer" direction="2" spawntime="60" x="-5" y="-1"/>
<monster name="Flesh Fiend" direction="2" spawntime="60" x="-1" y="-1"/>
<monster name="Flesh Fiend" direction="2" spawntime="60" x="1" y="-1"/>
<monster name="Hell screamer" direction="2" spawntime="60" x="-5" y="1"/>
<monster name="Flesh Fiend" direction="2" spawntime="60" x="-1" y="1"/>
<monster name="Flesh Fiend" direction="2" spawntime="60" x="1" y="1"/>
<monster name="Ghostly visage" direction="2" spawntime="60" x="-5" y="5"/>
</spawn>
<spawn centerx="882" centery="119" centerz="15" radius="5">
<monster name="Petrified Hell Hound" direction="2" spawntime="60" x="5" y="-1"/>
<monster name="Nefarious Acolyte" direction="2" spawntime="60" x="-1" y="0"/>
<monster name="Petrified Hell Hound" direction="2" spawntime="60" x="5" y="1"/>
</spawn>
<spawn centerx="937" centery="119" centerz="15" radius="5">
<monster name="Hell screamer" direction="2" spawntime="60" x="-3" y="-2"/>
<monster name="Hell screamer" direction="2" spawntime="60" x="-1" y="-2"/>
<monster name="Hell screamer" direction="2" spawntime="60" x="1" y="-2"/>
<monster name="Hell screamer" direction="2" spawntime="60" x="-3" y="0"/>
<monster name="Hell screamer" direction="2" spawntime="60" x="-1" y="0"/>
<monster name="Hell screamer" direction="2" spawntime="60" x="1" y="0"/>
<monster name="Ghostly visage" direction="2" spawntime="60" x="-3" y="4"/>
<monster name="Ghostly visage" direction="2" spawntime="60" x="-1" y="4"/>
<monster name="Ghostly visage" direction="2" spawntime="60" x="1" y="4"/>
</spawn>
<spawn centerx="961" centery="119" centerz="15" radius="5">
<monster name="Petrified Hell Hound" direction="2" spawntime="60" x="-1" y="-2"/>
<monster name="Petrified Hell Hound" direction="2" spawntime="60" x="1" y="-2"/>
<monster name="Petrified Hell Hound" direction="2" spawntime="60" x="3" y="-2"/>
<monster name="Petrified Hell Hound" direction="2" spawntime="60" x="-1" y="0"/>
<monster name="Petrified Hell Hound" direction="2" spawntime="60" x="1" y="0"/>
<monster name="Petrified Hell Hound" direction="2" spawntime="60" x="3" y="0"/>
<monster name="Crypt Lord" direction="2" spawntime="60" x="-2" y="4"/>
<monster name="Crypt Lord" direction="2" spawntime="60" x="2" y="4"/>
</spawn>
<spawn centerx="293" centery="120" centerz="15" radius="5">
<monster name="Captain Jack" direction="2" spawntime="60" x="-3" y="-2"/>
<monster name="Captain Jack" direction="2" spawntime="60" x="-1" y="-2"/>
<monster name="Captain Jack" direction="2" spawntime="60" x="1" y="-2"/>
<monster name="Captain Jack" direction="2" spawntime="60" x="3" y="-2"/>
<monster name="Captain Jack" direction="2" spawntime="60" x="-3" y="0"/>
<monster name="Captain Jack" direction="2" spawntime="60" x="-1" y="0"/>
<monster name="Captain Jack" direction="2" spawntime="60" x="1" y="0"/>
<monster name="Captain Jack" direction="2" spawntime="60" x="3" y="0"/>
<monster name="Captain Jack" direction="2" spawntime="60" x="-3" y="2"/>
<monster name="Captain Jack" direction="2" spawntime="60" x="-1" y="2"/>
<monster name="Captain Jack" direction="2" spawntime="60" x="1" y="2"/>
<monster name="Captain Jack" direction="2" spawntime="60" x="3" y="2"/>
<monster name="Captain Jack" direction="2" spawntime="60" x="-3" y="4"/>
<monster name="Captain Jack" direction="2" spawntime="60" x="-1" y="4"/>
<monster name="Captain Jack" direction="2" spawntime="60" x="1" y="4"/>
<monster name="Captain Jack" direction="2" spawntime="60" x="3" y="4"/>
</spawn>
<spawn centerx="317" centery="120" centerz="15" radius="5">
<monster name="Flesh Fiend" direction="2" spawntime="60" x="-3" y="-2"/>
<monster name="Flesh Fiend" direction="2" spawntime="60" x="-1" y="-2"/>
<monster name="Flesh Fiend" direction="2" spawntime="60" x="1" y="-2"/>
<monster name="Flesh Fiend" direction="2" spawntime="60" x="3" y="-2"/>
<monster name="Flesh Fiend" direction="2" spawntime="60" x="-3" y="0"/>
<monster name="Flesh Fiend" direction="2" spawntime="60" x="-1" y="0"/>
<monster name="Flesh Fiend" direction="2" spawntime="60" x="1" y="0"/>
<monster name="Flesh Fiend" direction="2" spawntime="60" x="3" y="0"/>
<monster name="Flesh Fiend" direction="2" spawntime="60" x="-3" y="2"/>
<monster name="Flesh Fiend" direction="2" spawntime="60" x="-1" y="2"/>
<monster name="Flesh Fiend" direction="2" spawntime="60" x="1" y="2"/>
<monster name="Flesh Fiend" direction="2" spawntime="60" x="3" y="2"/>
<monster name="Flesh Fiend" direction="2" spawntime="60" x="-3" y="4"/>
<monster name="Flesh Fiend" direction="2" spawntime="60" x="-1" y="4"/>
<monster name="Flesh Fiend" direction="2" spawntime="60" x="1" y="4"/>
<monster name="Flesh Fiend" direction="2" spawntime="60" x="3" y="4"/>
</spawn>
<spawn centerx="597" centery="120" centerz="15" radius="5">
<monster name="Hell screamer" direction="2" spawntime="60" x="-3" y="-2"/>
<monster name="Hell screamer" direction="2" spawntime="60" x="-1" y="-2"/>
<monster name="Hell screamer" direction="2" spawntime="60" x="1" y="-2"/>
<monster name="Hell screamer" direction="2" spawntime="60" x="-3" y="0"/>
<monster name="Hell screamer" direction="2" spawntime="60" x="-1" y="0"/>
<monster name="Hell screamer" direction="2" spawntime="60" x="1" y="0"/>
<monster name="Ghostly visage" direction="2" spawntime="60" x="-3" y="4"/>
<monster name="Ghostly visage" direction="2" spawntime="60" x="-1" y="4"/>
<monster name="Ghostly visage" direction="2" spawntime="60" x="1" y="4"/>
</spawn>
<spawn centerx="621" centery="120" centerz="15" radius="5">
<monster name="Petrified Hell Hound" direction="2" spawntime="60" x="-1" y="-2"/>
<monster name="Petrified Hell Hound" direction="2" spawntime="60" x="1" y="-2"/>
<monster name="Petrified Hell Hound" direction="2" spawntime="60" x="3" y="-2"/>
<monster name="Petrified Hell Hound" direction="2" spawntime="60" x="-1" y="0"/>
<monster name="Petrified Hell Hound" direction="2" spawntime="60" x="1" y="0"/>
<monster name="Petrified Hell Hound" direction="2" spawntime="60" x="3" y="0"/>
<monster name="Crypt Lord" direction="2" spawntime="60" x="-2" y="4"/>
<monster name="Crypt Lord" direction="2" spawntime="60" x="1" y="4"/>
</spawn>
<spawn centerx="866" centery="120" centerz="15" radius="5">
<monster name="Hell screamer" direction="2" spawntime="60" x="-3" y="-2"/>
<monster name="Hell screamer" direction="2" spawntime="60" x="-1" y="-2"/>
<monster name="Hell screamer" direction="2" spawntime="60" x="1" y="-2"/>
<monster name="Hell screamer" direction="2" spawntime="60" x="-3" y="0"/>
<monster name="Hell screamer" direction="2" spawntime="60" x="-1" y="0"/>
<monster name="Hell screamer" direction="2" spawntime="60" x="1" y="0"/>
<monster name="Ghostly visage" direction="2" spawntime="60" x="-3" y="4"/>
<monster name="Ghostly visage" direction="2" spawntime="60" x="-1" y="4"/>
<monster name="Ghostly visage" direction="2" spawntime="60" x="1" y="4"/>
</spawn>
<spawn centerx="890" centery="120" centerz="15" radius="5">
<monster name="Petrified Hell Hound" direction="2" spawntime="60" x="-1" y="-2"/>
<monster name="Petrified Hell Hound" direction="2" spawntime="60" x="1" y="-2"/>
<monster name="Petrified Hell Hound" direction="2" spawntime="60" x="3" y="-2"/>
<monster name="Petrified Hell Hound" direction="2" spawntime="60" x="-1" y="0"/>
<monster name="Petrified Hell Hound" direction="2" spawntime="60" x="1" y="0"/>
<monster name="Petrified Hell Hound" direction="2" spawntime="60" x="3" y="0"/>
<monster name="Crypt Lord" direction="2" spawntime="60" x="-2" y="4"/>
<monster name="Crypt Lord" direction="2" spawntime="60" x="1" y="4"/>
</spawn>
<spawn centerx="1048" centery="120" centerz="15" radius="5">
<monster name="Ancient Necropharus" direction="2" spawntime="60" x="-2" y="-1"/>
<monster name="Ancient Necropharus" direction="2" spawntime="60" x="-2" y="1"/>
</spawn>
<spawn centerx="1054" centery="120" centerz="15" radius="5">
<monster name="Crypt Lord" direction="2" spawntime="60" x="1" y="-1"/>
<monster name="Crypt Lord" direction="2" spawntime="60" x="1" y="1"/>
</spawn>
<spawn centerx="1085" centery="120" centerz="15" radius="5">
<monster name="fire storm" direction="2" spawntime="60" x="-3" y="0"/>
<monster name="fire storm" direction="2" spawntime="60" x="-1" y="0"/>
<monster name="fire storm" direction="2" spawntime="60" x="1" y="0"/>
<monster name="fire storm" direction="2" spawntime="60" x="-3" y="2"/>
<monster name="fire storm" direction="2" spawntime="60" x="-1" y="2"/>
<monster name="fire storm" direction="2" spawntime="60" x="1" y="2"/>
</spawn>
<spawn centerx="1109" centery="120" centerz="15" radius="5">
<monster name="Plague Spitter" direction="2" spawntime="60" x="-1" y="0"/>
<monster name="Plague Spitter" direction="2" spawntime="60" x="1" y="0"/>
<monster name="Plague Spitter" direction="2" spawntime="60" x="3" y="0"/>
<monster name="Plague Spitter" direction="2" spawntime="60" x="-1" y="2"/>
<monster name="Plague Spitter" direction="2" spawntime="60" x="1" y="2"/>
<monster name="Plague Spitter" direction="2" spawntime="60" x="3" y="2"/>
</spawn>
<spawn centerx="238" centery="121" centerz="15" radius="3">
<monster name="Flesh Fiend" direction="2" spawntime="60" x="-2" y="-1"/>
<monster name="Flesh Fiend" direction="2" spawntime="60" x="0" y="-1"/>
<monster name="Flesh Fiend" direction="2" spawntime="60" x="-2" y="1"/>
<monster name="Flesh Fiend" direction="2" spawntime="60" x="0" y="1"/>
</spawn>
<spawn centerx="246" centery="121" centerz="15" radius="3">
<monster name="Nefarious Acolyte" direction="2" spawntime="60" x="-1" y="0"/>
</spawn>
<spawn centerx="525" centery="121" centerz="15" radius="5">
<monster name="Plague Spitter" direction="2" spawntime="60" x="-1" y="-1"/>
<monster name="Plague Spitter" direction="2" spawntime="60" x="1" y="-1"/>
<monster name="Plague Spitter" direction="2" spawntime="60" x="-1" y="1"/>
<monster name="Plague Spitter" direction="2" spawntime="60" x="1" y="1"/>
<monster name="Hell screamer" direction="2" spawntime="60" x="-5" y="3"/>
<monster name="Hell screamer" direction="2" spawntime="60" x="-5" y="5"/>
</spawn>
<spawn centerx="533" centery="121" centerz="15" radius="5">
<monster name="Demonic Acolyte" direction="2" spawntime="60" x="-1" y="0"/>
<monster name="Petrified Hell Hound" direction="2" spawntime="60" x="5" y="3"/>
<monster name="Petrified Hell Hound" direction="2" spawntime="60" x="5" y="5"/>
</spawn>
<spawn centerx="670" centery="121" centerz="15" radius="5">
<monster name="Hell screamer" direction="2" spawntime="60" x="-5" y="-1"/>
<monster name="Plague Spitter" direction="2" spawntime="60" x="-1" y="-1"/>
<monster name="Plague Spitter" direction="2" spawntime="60" x="1" y="-1"/>
<monster name="Hell screamer" direction="2" spawntime="60" x="-5" y="1"/>
<monster name="Plague Spitter" direction="2" spawntime="60" x="-1" y="1"/>
<monster name="Plague Spitter" direction="2" spawntime="60" x="1" y="1"/>
<monster name="Hell screamer" direction="2" spawntime="60" x="-5" y="3"/>
<monster name="Hell screamer" direction="2" spawntime="60" x="-5" y="5"/>
</spawn>
<spawn centerx="678" centery="121" centerz="15" radius="5">
<monster name="Petrified Hell Hound" direction="2" spawntime="60" x="5" y="-1"/>
<monster name="Demonic Acolyte" direction="2" spawntime="60" x="-1" y="0"/>
<monster name="Petrified Hell Hound" direction="2" spawntime="60" x="5" y="1"/>
<monster name="Petrified Hell Hound" direction="2" spawntime="60" x="5" y="3"/>
<monster name="Petrified Hell Hound" direction="2" spawntime="60" x="5" y="5"/>
</spawn>
<spawn centerx="803" centery="121" centerz="15" radius="5">
<monster name="Hell screamer" direction="2" spawntime="60" x="-3" y="-3"/>
<monster name="Hell screamer" direction="2" spawntime="60" x="-1" y="-3"/>
<monster name="Hell screamer" direction="2" spawntime="60" x="1" y="-3"/>
<monster name="Hell screamer" direction="2" spawntime="60" x="3" y="-3"/>
<monster name="Hell screamer" direction="2" spawntime="60" x="-3" y="-1"/>
<monster name="Hell screamer" direction="2" spawntime="60" x="-1" y="-1"/>
<monster name="Hell screamer" direction="2" spawntime="60" x="1" y="-1"/>
<monster name="Hell screamer" direction="2" spawntime="60" x="3" y="-1"/>
<monster name="Hell screamer" direction="2" spawntime="60" x="-3" y="1"/>
<monster name="Hell screamer" direction="2" spawntime="60" x="-1" y="1"/>
<monster name="Hell screamer" direction="2" spawntime="60" x="1" y="1"/>
<monster name="Hell screamer" direction="2" spawntime="60" x="3" y="1"/>
<monster name="Ghostly visage" direction="2" spawntime="60" x="-3" y="5"/>
<monster name="Ghostly visage" direction="2" spawntime="60" x="-1" y="5"/>
<monster name="Ghostly visage" direction="2" spawntime="60" x="1" y="5"/>
<monster name="Ghostly visage" direction="2" spawntime="60" x="3" y="5"/>
</spawn>
<spawn centerx="812" centery="121" centerz="15" radius="5">
<monster name="Flesh Fiend" direction="2" spawntime="60" x="-2" y="-1"/>
<monster name="Flesh Fiend" direction="2" spawntime="60" x="0" y="-1"/>
<monster name="Flesh Fiend" direction="2" spawntime="60" x="-2" y="1"/>
<monster name="Flesh Fiend" direction="2" spawntime="60" x="0" y="1"/>
</spawn>
<spawn centerx="819" centery="121" centerz="15" radius="5">
<monster name="Petrified Hell Hound" direction="2" spawntime="60" x="5" y="-3"/>
<monster name="Petrified Hell Hound" direction="2" spawntime="60" x="5" y="-1"/>
<monster name="Nefarious Acolyte" direction="2" spawntime="60" x="-1" y="0"/>
<monster name="Petrified Hell Hound" direction="2" spawntime="60" x="5" y="1"/>
</spawn>
<spawn centerx="827" centery="121" centerz="15" radius="5">
<monster name="Petrified Hell Hound" direction="2" spawntime="60" x="-1" y="-3"/>
<monster name="Petrified Hell Hound" direction="2" spawntime="60" x="1" y="-3"/>
<monster name="Petrified Hell Hound" direction="2" spawntime="60" x="3" y="-3"/>
<monster name="Petrified Hell Hound" direction="2" spawntime="60" x="-1" y="-1"/>
<monster name="Petrified Hell Hound" direction="2" spawntime="60" x="1" y="-1"/>
<monster name="Petrified Hell Hound" direction="2" spawntime="60" x="3" y="-1"/>
<monster name="Petrified Hell Hound" direction="2" spawntime="60" x="-1" y="1"/>
<monster name="Petrified Hell Hound" direction="2" spawntime="60" x="1" y="1"/>
<monster name="Petrified Hell Hound" direction="2" spawntime="60" x="3" y="1"/>
<monster name="Crypt Lord" direction="2" spawntime="60" x="-2" y="5"/>
<monster name="Crypt Lord" direction="2" spawntime="60" x="1" y="5"/>
</spawn>
<spawn centerx="230" centery="122" centerz="15" radius="5">
<monster name="Hell screamer" direction="2" spawntime="60" x="-3" y="-2"/>
<monster name="Hell screamer" direction="2" spawntime="60" x="-1" y="-2"/>
<monster name="Hell screamer" direction="2" spawntime="60" x="1" y="-2"/>
<monster name="Hell screamer" direction="2" spawntime="60" x="3" y="-2"/>
<monster name="Hell screamer" direction="2" spawntime="60" x="-3" y="0"/>
<monster name="Hell screamer" direction="2" spawntime="60" x="-1" y="0"/>
<monster name="Hell screamer" direction="2" spawntime="60" x="1" y="0"/>
<monster name="Hell screamer" direction="2" spawntime="60" x="3" y="0"/>
<monster name="Ghostly visage" direction="2" spawntime="60" x="-3" y="4"/>
<monster name="Ghostly visage" direction="2" spawntime="60" x="-1" y="4"/>
<monster name="Ghostly visage" direction="2" spawntime="60" x="1" y="4"/>
<monster name="Ghostly visage" direction="2" spawntime="60" x="3" y="4"/>
</spawn>
<spawn centerx="254" centery="122" centerz="15" radius="5">
<monster name="Petrified Hell Hound" direction="2" spawntime="60" x="-3" y="-2"/>
<monster name="Petrified Hell Hound" direction="2" spawntime="60" x="-1" y="-2"/>
<monster name="Petrified Hell Hound" direction="2" spawntime="60" x="1" y="-2"/>
<monster name="Petrified Hell Hound" direction="2" spawntime="60" x="3" y="-2"/>
<monster name="Petrified Hell Hound" direction="2" spawntime="60" x="-3" y="0"/>
<monster name="Petrified Hell Hound" direction="2" spawntime="60" x="-1" y="0"/>
<monster name="Petrified Hell Hound" direction="2" spawntime="60" x="1" y="0"/>
<monster name="Petrified Hell Hound" direction="2" spawntime="60" x="3" y="0"/>
<monster name="Crypt Lord" direction="2" spawntime="60" x="-2" y="4"/>
<monster name="Crypt Lord" direction="2" spawntime="60" x="2" y="4"/>
</spawn>
<spawn centerx="1063" centery="122" centerz="15" radius="5">
<monster name="Plague Spitter" direction="2" spawntime="60" x="-3" y="0"/>
<monster name="Plague Spitter" direction="2" spawntime="60" x="-1" y="0"/>
<monster name="Plague Spitter" direction="2" spawntime="60" x="1" y="0"/>
<monster name="Plague Spitter" direction="2" spawntime="60" x="3" y="0"/>
<monster name="Plague Spitter" direction="2" spawntime="60" x="-3" y="2"/>
<monster name="Plague Spitter" direction="2" spawntime="60" x="-1" y="2"/>
<monster name="Plague Spitter" direction="2" spawntime="60" x="1" y="2"/>
<monster name="Plague Spitter" direction="2" spawntime="60" x="3" y="2"/>
<monster name="Plague Spitter" direction="2" spawntime="60" x="-3" y="4"/>
<monster name="Plague Spitter" direction="2" spawntime="60" x="-1" y="4"/>
<monster name="Plague Spitter" direction="2" spawntime="60" x="1" y="4"/>
<monster name="Plague Spitter" direction="2" spawntime="60" x="3" y="4"/>
</spawn>
<spawn centerx="662" centery="123" centerz="15" radius="5">
<monster name="Hell screamer" direction="2" spawntime="60" x="-3" y="-3"/>
<monster name="Hell screamer" direction="2" spawntime="60" x="-1" y="-3"/>
<monster name="Hell screamer" direction="2" spawntime="60" x="1" y="-3"/>
<monster name="Hell screamer" direction="2" spawntime="60" x="-3" y="-1"/>
<monster name="Hell screamer" direction="2" spawntime="60" x="-1" y="-1"/>
<monster name="Hell screamer" direction="2" spawntime="60" x="1" y="-1"/>
<monster name="Hell screamer" direction="2" spawntime="60" x="-3" y="1"/>
<monster name="Hell screamer" direction="2" spawntime="60" x="-1" y="1"/>
<monster name="Hell screamer" direction="2" spawntime="60" x="1" y="1"/>
<monster name="Hell screamer" direction="2" spawntime="60" x="-3" y="3"/>
<monster name="Hell screamer" direction="2" spawntime="60" x="-1" y="3"/>
<monster name="Hell screamer" direction="2" spawntime="60" x="1" y="3"/>
<monster name="Hell screamer" direction="2" spawntime="60" x="-3" y="5"/>
<monster name="Hell screamer" direction="2" spawntime="60" x="-1" y="5"/>
<monster name="Hell screamer" direction="2" spawntime="60" x="1" y="5"/>
<monster name="Hell screamer" direction="2" spawntime="60" x="3" y="5"/>
</spawn>
<spawn centerx="686" centery="123" centerz="15" radius="5">
<monster name="Petrified Hell Hound" direction="2" spawntime="60" x="-1" y="-3"/>
<monster name="Petrified Hell Hound" direction="2" spawntime="60" x="1" y="-3"/>
<monster name="Petrified Hell Hound" direction="2" spawntime="60" x="3" y="-3"/>
<monster name="Petrified Hell Hound" direction="2" spawntime="60" x="-1" y="-1"/>
<monster name="Petrified Hell Hound" direction="2" spawntime="60" x="1" y="-1"/>
<monster name="Petrified Hell Hound" direction="2" spawntime="60" x="3" y="-1"/>
<monster name="Petrified Hell Hound" direction="2" spawntime="60" x="-1" y="1"/>
<monster name="Petrified Hell Hound" direction="2" spawntime="60" x="1" y="1"/>
<monster name="Petrified Hell Hound" direction="2" spawntime="60" x="3" y="1"/>
<monster name="Petrified Hell Hound" direction="2" spawntime="60" x="-1" y="3"/>
<monster name="Petrified Hell Hound" direction="2" spawntime="60" x="1" y="3"/>
<monster name="Petrified Hell Hound" direction="2" spawntime="60" x="3" y="3"/>
<monster name="Petrified Hell Hound" direction="2" spawntime="60" x="-3" y="5"/>
<monster name="Petrified Hell Hound" direction="2" spawntime="60" x="-1" y="5"/>
<monster name="Petrified Hell Hound" direction="2" spawntime="60" x="1" y="5"/>
<monster name="Petrified Hell Hound" direction="2" spawntime="60" x="3" y="5"/>
</spawn>
<spawn centerx="738" centery="123" centerz="15" radius="5">
<monster name="Ghostly visage" direction="2" spawntime="60" x="-3" y="-3"/>
<monster name="Ghostly visage" direction="2" spawntime="60" x="-1" y="-3"/>
<monster name="Ghostly visage" direction="2" spawntime="60" x="1" y="-3"/>
<monster name="Ghostly visage" direction="2" spawntime="60" x="-3" y="-1"/>
<monster name="Ghostly visage" direction="2" spawntime="60" x="-1" y="-1"/>
<monster name="Ghostly visage" direction="2" spawntime="60" x="1" y="-1"/>
<monster name="Ghostly visage" direction="2" spawntime="60" x="3" y="-1"/>
<monster name="Ghostly visage" direction="2" spawntime="60" x="-3" y="1"/>
<monster name="Ghostly visage" direction="2" spawntime="60" x="-1" y="1"/>
<monster name="Ghostly visage" direction="2" spawntime="60" x="1" y="1"/>
<monster name="Ghostly visage" direction="2" spawntime="60" x="3" y="1"/>
<monster name="Ghostly visage" direction="2" spawntime="60" x="-3" y="3"/>
<monster name="Ghostly visage" direction="2" spawntime="60" x="-1" y="3"/>
<monster name="Ghostly visage" direction="2" spawntime="60" x="1" y="3"/>
<monster name="Ghostly visage" direction="2" spawntime="60" x="3" y="3"/>
<monster name="Ghostly visage" direction="2" spawntime="60" x="-3" y="5"/>
<monster name="Ghostly visage" direction="2" spawntime="60" x="-1" y="5"/>
<monster name="Ghostly visage" direction="2" spawntime="60" x="1" y="5"/>
<monster name="Ghostly visage" direction="2" spawntime="60" x="3" y="5"/>
</spawn>
<spawn centerx="762" centery="123" centerz="15" radius="5">
<monster name="Crypt Lord" direction="2" spawntime="60" x="-2" y="0"/>
<monster name="Crypt Lord" direction="2" spawntime="60" x="1" y="0"/>
<monster name="Crypt Lord" direction="2" spawntime="60" x="-2" y="4"/>
<monster name="Crypt Lord" direction="2" spawntime="60" x="1" y="4"/>
</spawn>
<spawn centerx="25" centery="124" centerz="15" radius="5">
<monster name="Ghostly visage" direction="2" spawntime="60" x="-3" y="-2"/>
<monster name="Ghostly visage" direction="2" spawntime="60" x="-1" y="-2"/>
<monster name="Ghostly visage" direction="2" spawntime="60" x="1" y="-2"/>
<monster name="Ghostly visage" direction="2" spawntime="60" x="3" y="-2"/>
<monster name="Ghostly visage" direction="2" spawntime="60" x="-3" y="0"/>
<monster name="Ghostly visage" direction="2" spawntime="60" x="-1" y="0"/>
<monster name="Ghostly visage" direction="2" spawntime="60" x="1" y="0"/>
<monster name="Ghostly visage" direction="2" spawntime="60" x="3" y="0"/>
<monster name="Ghostly visage" direction="2" spawntime="60" x="-3" y="2"/>
<monster name="Ghostly visage" direction="2" spawntime="60" x="-1" y="2"/>
<monster name="Ghostly visage" direction="2" spawntime="60" x="1" y="2"/>
<monster name="Ghostly visage" direction="2" spawntime="60" x="3" y="2"/>
<monster name="Ghostly visage" direction="2" spawntime="60" x="-3" y="4"/>
<monster name="Ghostly visage" direction="2" spawntime="60" x="-1" y="4"/>
<monster name="Ghostly visage" direction="2" spawntime="60" x="1" y="4"/>
<monster name="Ghostly visage" direction="2" spawntime="60" x="3" y="4"/>
</spawn>
<spawn centerx="49" centery="124" centerz="15" radius="5">
<monster name="Crypt Lord" direction="2" spawntime="60" x="-2" y="-1"/>
<monster name="Crypt Lord" direction="2" spawntime="60" x="2" y="-1"/>
<monster name="Crypt Lord" direction="2" spawntime="60" x="-2" y="3"/>
<monster name="Crypt Lord" direction="2" spawntime="60" x="2" y="3"/>
</spawn>
<spawn centerx="1039" centery="124" centerz="15" radius="5">
<monster name="fire storm" direction="2" spawntime="60" x="-3" y="-1"/>
<monster name="fire storm" direction="2" spawntime="60" x="-1" y="-1"/>
<monster name="fire storm" direction="2" spawntime="60" x="1" y="-1"/>
<monster name="fire storm" direction="2" spawntime="60" x="3" y="-1"/>
<monster name="fire storm" direction="2" spawntime="60" x="-3" y="1"/>
<monster name="fire storm" direction="2" spawntime="60" x="-1" y="1"/>
<monster name="fire storm" direction="2" spawntime="60" x="1" y="1"/>
<monster name="fire storm" direction="2" spawntime="60" x="3" y="1"/>
<monster name="Hell screamer" direction="2" spawntime="60" x="-3" y="5"/>
<monster name="Hell screamer" direction="2" spawntime="60" x="-1" y="5"/>
<monster name="Hell screamer" direction="2" spawntime="60" x="1" y="5"/>
<monster name="Hell screamer" direction="2" spawntime="60" x="3" y="5"/>
</spawn>
<spawn centerx="1162" centery="124" centerz="15" radius="5">
<monster name="Plague Spitter" direction="2" spawntime="60" x="-1" y="-1"/>
<monster name="Hell screamer" direction="2" spawntime="60" x="-5" y="0"/>
<monster name="Plague Spitter" direction="2" spawntime="60" x="-1" y="1"/>
<monster name="Plague Spitter" direction="2" spawntime="60" x="0" y="1"/>
<monster name="Hell screamer" direction="2" spawntime="60" x="-5" y="2"/>
<monster name="Hell screamer" direction="2" spawntime="60" x="-5" y="4"/>
</spawn>
<spawn centerx="1170" centery="124" centerz="15" radius="5">
<monster name="Demonic Acolyte" direction="2" spawntime="60" x="-1" y="0"/>
<monster name="Petrified Hell Hound" direction="2" spawntime="60" x="5" y="0"/>
<monster name="Petrified Hell Hound" direction="2" spawntime="60" x="5" y="2"/>
<monster name="Petrified Hell Hound" direction="2" spawntime="60" x="5" y="5"/>
</spawn>
<spawn centerx="33" centery="125" centerz="15" radius="3">
<monster name="Petrified Hell Hound" direction="2" spawntime="60" x="-1" y="-1"/>
<monster name="Petrified Hell Hound" direction="2" spawntime="60" x="0" y="-1"/>
<monster name="Petrified Hell Hound" direction="2" spawntime="60" x="-1" y="1"/>
<monster name="Petrified Hell Hound" direction="2" spawntime="60" x="0" y="1"/>
</spawn>
<spawn centerx="41" centery="125" centerz="15" radius="3">
<monster name="Skeletor" direction="2" spawntime="60" x="-1" y="0"/>
</spawn>
<spawn centerx="145" centery="125" centerz="15" radius="3">
<monster name="chicken" direction="2" spawntime="60" x="-2" y="-2"/>
<monster name="chicken" direction="2" spawntime="60" x="-1" y="-2"/>
<monster name="chicken" direction="2" spawntime="60" x="0" y="-2"/>
<monster name="chicken" direction="2" spawntime="60" x="1" y="-2"/>
<monster name="chicken" direction="2" spawntime="60" x="2" y="-2"/>
<monster name="chicken" direction="2" spawntime="60" x="-2" y="-1"/>
<monster name="chicken" direction="2" spawntime="60" x="-1" y="-1"/>
<monster name="chicken" direction="2" spawntime="60" x="0" y="-1"/>
<monster name="chicken" direction="2" spawntime="60" x="1" y="-1"/>
<monster name="chicken" direction="2" spawntime="60" x="2" y="-1"/>
<monster name="chicken" direction="2" spawntime="60" x="-2" y="0"/>
<monster name="chicken" direction="2" spawntime="60" x="-1" y="0"/>
<monster name="chicken" direction="2" spawntime="60" x="1" y="0"/>
<monster name="chicken" direction="2" spawntime="60" x="2" y="0"/>
<monster name="chicken" direction="2" spawntime="60" x="-2" y="1"/>
<monster name="chicken" direction="2" spawntime="60" x="-1" y="1"/>
<monster name="chicken" direction="2" spawntime="60" x="1" y="1"/>
<monster name="chicken" direction="2" spawntime="60" x="2" y="1"/>
<monster name="chicken" direction="2" spawntime="60" x="-2" y="2"/>
<monster name="chicken" direction="2" spawntime="60" x="-1" y="2"/>
<monster name="chicken" direction="2" spawntime="60" x="0" y="2"/>
<monster name="chicken" direction="2" spawntime="60" x="1" y="2"/>
<monster name="chicken" direction="2" spawntime="60" x="2" y="2"/>
</spawn>
<spawn centerx="301" centery="125" centerz="15" radius="3">
<monster name="Demonic Summoner" direction="2" spawntime="60" x="-1" y="-1"/>
<monster name="Demonic Summoner" direction="2" spawntime="60" x="-1" y="1"/>
</spawn>
<spawn centerx="309" centery="125" centerz="15" radius="3">
<monster name="Skeletor" direction="2" spawntime="60" x="-1" y="0"/>
</spawn>
<spawn centerx="746" centery="125" centerz="15" radius="5">
<monster name="Petrified Hell Hound" direction="2" spawntime="60" x="0" y="-1"/>
<monster name="Petrified Hell Hound" direction="2" spawntime="60" x="0" y="1"/>
<monster name="Ghostly visage" direction="2" spawntime="60" x="-5" y="5"/>
</spawn>
<spawn centerx="754" centery="125" centerz="15" radius="5">
<monster name="Skeletor" direction="2" spawntime="60" x="-1" y="0"/>
</spawn>
<spawn centerx="986" centery="125" centerz="15" radius="5">
<monster name="Hell screamer" direction="2" spawntime="60" x="-3" y="-2"/>
<monster name="Hell screamer" direction="2" spawntime="60" x="-1" y="-2"/>
<monster name="Hell screamer" direction="2" spawntime="60" x="1" y="-2"/>
<monster name="Hell screamer" direction="2" spawntime="60" x="3" y="-2"/>
<monster name="Hell screamer" direction="2" spawntime="60" x="-3" y="0"/>
<monster name="Hell screamer" direction="2" spawntime="60" x="-1" y="0"/>
<monster name="Hell screamer" direction="2" spawntime="60" x="1" y="0"/>
<monster name="Hell screamer" direction="2" spawntime="60" x="3" y="0"/>
<monster name="Hell screamer" direction="2" spawntime="60" x="-3" y="2"/>
<monster name="Hell screamer" direction="2" spawntime="60" x="-1" y="2"/>
<monster name="Hell screamer" direction="2" spawntime="60" x="1" y="2"/>
<monster name="Hell screamer" direction="2" spawntime="60" x="3" y="2"/>
<monster name="Hell screamer" direction="2" spawntime="60" x="-3" y="4"/>
<monster name="Hell screamer" direction="2" spawntime="60" x="-1" y="4"/>
<monster name="Hell screamer" direction="2" spawntime="60" x="1" y="4"/>
<monster name="Hell screamer" direction="2" spawntime="60" x="3" y="4"/>
</spawn>
<spawn centerx="995" centery="125" centerz="15" radius="5">
<monster name="Plague Spitter" direction="2" spawntime="60" x="-3" y="-1"/>
<monster name="Plague Spitter" direction="2" spawntime="60" x="-1" y="-1"/>
<monster name="Plague Spitter" direction="2" spawntime="60" x="-3" y="1"/>
<monster name="Plague Spitter" direction="2" spawntime="60" x="-1" y="1"/>
</spawn>
<spawn centerx="1001" centery="125" centerz="15" radius="5">
<monster name="Demonic Acolyte" direction="2" spawntime="60" x="1" y="0"/>
</spawn>
<spawn centerx="1010" centery="125" centerz="15" radius="5">
<monster name="Plague Spitter" direction="2" spawntime="60" x="-3" y="-4"/>
<monster name="Plague Spitter" direction="2" spawntime="60" x="-1" y="-4"/>
<monster name="Plague Spitter" direction="2" spawntime="60" x="1" y="-4"/>
<monster name="Plague Spitter" direction="2" spawntime="60" x="3" y="-4"/>
<monster name="Petrified Hell Hound" direction="2" spawntime="60" x="-3" y="-1"/>
<monster name="Petrified Hell Hound" direction="2" spawntime="60" x="-1" y="-1"/>
<monster name="Petrified Hell Hound" direction="2" spawntime="60" x="1" y="-1"/>
<monster name="Petrified Hell Hound" direction="2" spawntime="60" x="3" y="-1"/>
<monster name="Petrified Hell Hound" direction="2" spawntime="60" x="-3" y="1"/>
<monster name="Petrified Hell Hound" direction="2" spawntime="60" x="-1" y="1"/>
<monster name="Petrified Hell Hound" direction="2" spawntime="60" x="1" y="1"/>
<monster name="Petrified Hell Hound" direction="2" spawntime="60" x="3" y="1"/>
<monster name="Petrified Hell Hound" direction="2" spawntime="60" x="-3" y="3"/>
<monster name="Petrified Hell Hound" direction="2" spawntime="60" x="-1" y="3"/>
<monster name="Petrified Hell Hound" direction="2" spawntime="60" x="1" y="3"/>
<monster name="Petrified Hell Hound" direction="2" spawntime="60" x="3" y="3"/>
<monster name="Petrified Hell Hound" direction="2" spawntime="60" x="-3" y="5"/>
<monster name="Petrified Hell Hound" direction="2" spawntime="60" x="-1" y="5"/>
<monster name="Petrified Hell Hound" direction="2" spawntime="60" x="1" y="5"/>
<monster name="Petrified Hell Hound" direction="2" spawntime="60" x="3" y="5"/>
</spawn>
<spawn centerx="1154" centery="125" centerz="15" radius="5">
<monster name="Hell screamer" direction="2" spawntime="60" x="-3" y="-1"/>
<monster name="Hell screamer" direction="2" spawntime="60" x="-1" y="-1"/>
<monster name="Hell screamer" direction="2" spawntime="60" x="1" y="-1"/>
<monster name="Hell screamer" direction="2" spawntime="60" x="-3" y="1"/>
<monster name="Hell screamer" direction="2" spawntime="60" x="-1" y="1"/>
<monster name="Hell screamer" direction="2" spawntime="60" x="2" y="1"/>
<monster name="Hell screamer" direction="2" spawntime="60" x="-3" y="3"/>
<monster name="Hell screamer" direction="2" spawntime="60" x="-1" y="3"/>
<monster name="Hell screamer" direction="2" spawntime="60" x="1" y="3"/>
<monster name="Hell screamer" direction="2" spawntime="60" x="-3" y="5"/>
<monster name="Hell screamer" direction="2" spawntime="60" x="-1" y="5"/>
<monster name="Hell screamer" direction="2" spawntime="60" x="1" y="5"/>
<monster name="Hell screamer" direction="2" spawntime="60" x="3" y="5"/>
</spawn>
<spawn centerx="373" centery="126" centerz="15" radius="5">
<monster name="Ghostly visage" direction="2" spawntime="60" x="-3" y="-3"/>
<monster name="Ghostly visage" direction="2" spawntime="60" x="-1" y="-3"/>
<monster name="Ghostly visage" direction="2" spawntime="60" x="1" y="-3"/>
<monster name="Ghostly visage" direction="2" spawntime="60" x="3" y="-3"/>
<monster name="Ghostly visage" direction="2" spawntime="60" x="-3" y="-1"/>
<monster name="Ghostly visage" direction="2" spawntime="60" x="-1" y="-1"/>
<monster name="Ghostly visage" direction="2" spawntime="60" x="1" y="-1"/>
<monster name="Ghostly visage" direction="2" spawntime="60" x="3" y="-1"/>
<monster name="Ghostly visage" direction="2" spawntime="60" x="-3" y="1"/>
<monster name="Ghostly visage" direction="2" spawntime="60" x="-1" y="1"/>
<monster name="Ghostly visage" direction="2" spawntime="60" x="1" y="1"/>
<monster name="Ghostly visage" direction="2" spawntime="60" x="3" y="1"/>
<monster name="Ghostly visage" direction="2" spawntime="60" x="-3" y="3"/>
<monster name="Ghostly visage" direction="2" spawntime="60" x="-1" y="3"/>
<monster name="Ghostly visage" direction="2" spawntime="60" x="1" y="3"/>
<monster name="Ghostly visage" direction="2" spawntime="60" x="3" y="3"/>
<monster name="Ghostly visage" direction="2" spawntime="60" x="-3" y="5"/>
<monster name="Ghostly visage" direction="2" spawntime="60" x="-1" y="5"/>
<monster name="Ghostly visage" direction="2" spawntime="60" x="1" y="5"/>
<monster name="Ghostly visage" direction="2" spawntime="60" x="3" y="5"/>
</spawn>
<spawn centerx="381" centery="126" centerz="15" radius="3">
<monster name="Petrified Hell Hound" direction="2" spawntime="60" x="0" y="-1"/>
<monster name="Petrified Hell Hound" direction="2" spawntime="60" x="0" y="1"/>
</spawn>
<spawn centerx="389" centery="126" centerz="15" radius="3">
<monster name="Skeletor" direction="2" spawntime="60" x="-1" y="0"/>
</spawn>
<spawn centerx="397" centery="126" centerz="15" radius="5">
<monster name="Crypt Lord" direction="2" spawntime="60" x="-3" y="-2"/>
<monster name="Crypt Lord" direction="2" spawntime="60" x="2" y="-2"/>
<monster name="Crypt Lord" direction="2" spawntime="60" x="-3" y="2"/>
<monster name="Crypt Lord" direction="2" spawntime="60" x="2" y="2"/>
<monster name="Crypt Lord" direction="2" spawntime="60" x="-3" y="5"/>
<monster name="Crypt Lord" direction="2" spawntime="60" x="2" y="5"/>
</spawn>
<spawn centerx="517" centery="126" centerz="15" radius="5">
<monster name="Hell screamer" direction="2" spawntime="60" x="-3" y="-2"/>
<monster name="Hell screamer" direction="2" spawntime="60" x="-1" y="-2"/>
<monster name="Hell screamer" direction="2" spawntime="60" x="1" y="-2"/>
<monster name="Hell screamer" direction="2" spawntime="60" x="-3" y="0"/>
<monster name="Hell screamer" direction="2" spawntime="60" x="-1" y="0"/>
<monster name="Hell screamer" direction="2" spawntime="60" x="1" y="0"/>
<monster name="Hell screamer" direction="2" spawntime="60" x="-3" y="2"/>
<monster name="Hell screamer" direction="2" spawntime="60" x="-1" y="2"/>
<monster name="Hell screamer" direction="2" spawntime="60" x="1" y="2"/>
<monster name="Hell screamer" direction="2" spawntime="60" x="3" y="2"/>
<monster name="Hell screamer" direction="2" spawntime="60" x="-3" y="4"/>
<monster name="Hell screamer" direction="2" spawntime="60" x="-1" y="4"/>
<monster name="Hell screamer" direction="2" spawntime="60" x="1" y="4"/>
<monster name="Hell screamer" direction="2" spawntime="60" x="3" y="4"/>
</spawn>
<spawn centerx="541" centery="126" centerz="15" radius="5">
<monster name="Petrified Hell Hound" direction="2" spawntime="60" x="-1" y="-2"/>
<monster name="Petrified Hell Hound" direction="2" spawntime="60" x="1" y="-2"/>
<monster name="Petrified Hell Hound" direction="2" spawntime="60" x="3" y="-2"/>
<monster name="Petrified Hell Hound" direction="2" spawntime="60" x="-1" y="0"/>
<monster name="Petrified Hell Hound" direction="2" spawntime="60" x="1" y="0"/>
<monster name="Petrified Hell Hound" direction="2" spawntime="60" x="3" y="0"/>
<monster name="Petrified Hell Hound" direction="2" spawntime="60" x="-3" y="2"/>
<monster name="Petrified Hell Hound" direction="2" spawntime="60" x="-1" y="2"/>
<monster name="Petrified Hell Hound" direction="2" spawntime="60" x="1" y="2"/>
<monster name="Petrified Hell Hound" direction="2" spawntime="60" x="3" y="2"/>
<monster name="Petrified Hell Hound" direction="2" spawntime="60" x="-3" y="4"/>
<monster name="Petrified Hell Hound" direction="2" spawntime="60" x="-1" y="4"/>
<monster name="Petrified Hell Hound" direction="2" spawntime="60" x="1" y="4"/>
<monster name="Petrified Hell Hound" direction="2" spawntime="60" x="3" y="4"/>
</spawn>
<spawn centerx="1178" centery="126" centerz="15" radius="5">
<monster name="Petrified Hell Hound" direction="2" spawntime="60" x="-1" y="-2"/>
<monster name="Petrified Hell Hound" direction="2" spawntime="60" x="1" y="-2"/>
<monster name="Petrified Hell Hound" direction="2" spawntime="60" x="3" y="-2"/>
<monster name="Petrified Hell Hound" direction="2" spawntime="60" x="-1" y="0"/>
<monster name="Petrified Hell Hound" direction="2" spawntime="60" x="1" y="0"/>
<monster name="Petrified Hell Hound" direction="2" spawntime="60" x="3" y="0"/>
<monster name="Petrified Hell Hound" direction="2" spawntime="60" x="-1" y="3"/>
<monster name="Petrified Hell Hound" direction="2" spawntime="60" x="1" y="3"/>
<monster name="Petrified Hell Hound" direction="2" spawntime="60" x="3" y="3"/>
</spawn>
<spawn centerx="4958" centery="126" centerz="15" radius="10">
<monster name="Ghostly visage" direction="2" spawntime="60" x="-3" y="-2"/>
<monster name="Ghostly visage" direction="2" spawntime="60" x="5" y="-2"/>
<monster name="Ghostly visage" direction="2" spawntime="60" x="-7" y="-1"/>
<monster name="Ghostly visage" direction="2" spawntime="60" x="1" y="-1"/>
<monster name="Ghostly visage" direction="2" spawntime="60" x="9" y="-1"/>
<monster name="Ghostly visage" direction="2" spawntime="60" x="-6" y="1"/>
<monster name="Ghostly visage" direction="2" spawntime="60" x="5" y="1"/>
<monster name="Ghostly visage" direction="2" spawntime="60" x="-2" y="2"/>
<monster name="Ghostly visage" direction="2" spawntime="60" x="8" y="3"/>
<monster name="Ghostly visage" direction="2" spawntime="60" x="2" y="4"/>
<monster name="Ghostly visage" direction="2" spawntime="60" x="-5" y="6"/>
<monster name="Ghostly visage" direction="2" spawntime="60" x="-1" y="6"/>
<monster name="Ghostly visage" direction="2" spawntime="60" x="4" y="7"/>
<monster name="Ghostly visage" direction="2" spawntime="60" x="-1" y="8"/>
<monster name="Ghostly visage" direction="2" spawntime="60" x="8" y="8"/>
<monster name="Ghostly visage" direction="2" spawntime="60" x="0" y="10"/>
</spawn>
<spawn centerx="4973" centery="126" centerz="15" radius="10">
<monster name="Ghostly visage" direction="2" spawntime="60" x="5" y="-3"/>
<monster name="Ghostly visage" direction="2" spawntime="60" x="-2" y="-2"/>
<monster name="Ghostly visage" direction="2" spawntime="60" x="2" y="-2"/>
<monster name="Ghostly visage" direction="2" spawntime="60" x="5" y="-2"/>
<monster name="Ghostly visage" direction="2" spawntime="60" x="0" y="1"/>
<monster name="Ghostly visage" direction="2" spawntime="60" x="3" y="2"/>
<monster name="Ghostly visage" direction="2" spawntime="60" x="-3" y="3"/>
<monster name="Ghostly visage" direction="2" spawntime="60" x="5" y="4"/>
<monster name="Ghostly visage" direction="2" spawntime="60" x="0" y="6"/>
<monster name="Ghostly visage" direction="2" spawntime="60" x="5" y="7"/>
<monster name="Ghostly visage" direction="2" spawntime="60" x="-4" y="8"/>
<monster name="Ghostly visage" direction="2" spawntime="60" x="4" y="8"/>
<monster name="Ghostly visage" direction="2" spawntime="60" x="-4" y="10"/>
<monster name="Ghostly visage" direction="2" spawntime="60" x="2" y="10"/>
</spawn>
<spawn centerx="438" centery="127" centerz="15" radius="5">
<monster name="Ghostly visage" direction="2" spawntime="60" x="-3" y="-3"/>
<monster name="Ghostly visage" direction="2" spawntime="60" x="-1" y="-3"/>
<monster name="Ghostly visage" direction="2" spawntime="60" x="1" y="-3"/>
<monster name="Ghostly visage" direction="2" spawntime="60" x="3" y="-3"/>
<monster name="Ghostly visage" direction="2" spawntime="60" x="-3" y="-1"/>
<monster name="Ghostly visage" direction="2" spawntime="60" x="-1" y="-1"/>
<monster name="Ghostly visage" direction="2" spawntime="60" x="1" y="-1"/>
<monster name="Ghostly visage" direction="2" spawntime="60" x="3" y="-1"/>
<monster name="Ghostly visage" direction="2" spawntime="60" x="-3" y="1"/>
<monster name="Ghostly visage" direction="2" spawntime="60" x="-1" y="1"/>
<monster name="Ghostly visage" direction="2" spawntime="60" x="1" y="1"/>
<monster name="Ghostly visage" direction="2" spawntime="60" x="3" y="1"/>
<monster name="Ghostly visage" direction="2" spawntime="60" x="-3" y="3"/>
<monster name="Ghostly visage" direction="2" spawntime="60" x="-1" y="3"/>
<monster name="Ghostly visage" direction="2" spawntime="60" x="1" y="3"/>
<monster name="Ghostly visage" direction="2" spawntime="60" x="3" y="3"/>
<monster name="Ghostly visage" direction="2" spawntime="60" x="-3" y="5"/>
<monster name="Ghostly visage" direction="2" spawntime="60" x="-1" y="5"/>
<monster name="Ghostly visage" direction="2" spawntime="60" x="1" y="5"/>
<monster name="Ghostly visage" direction="2" spawntime="60" x="3" y="5"/>
</spawn>
<spawn centerx="446" centery="127" centerz="15" radius="3">
<monster name="Petrified Hell Hound" direction="2" spawntime="60" x="0" y="-1"/>
<monster name="Petrified Hell Hound" direction="2" spawntime="60" x="0" y="2"/>
</spawn>
<spawn centerx="454" centery="127" centerz="15" radius="3">
<monster name="Skeletor" direction="2" spawntime="60" x="-1" y="0"/>
</spawn>
<spawn centerx="462" centery="127" centerz="15" radius="5">
<monster name="Crypt Lord" direction="2" spawntime="60" x="-2" y="-2"/>
<monster name="Crypt Lord" direction="2" spawntime="60" x="2" y="-2"/>
<monster name="Crypt Lord" direction="2" spawntime="60" x="-2" y="2"/>
<monster name="Crypt Lord" direction="2" spawntime="60" x="2" y="2"/>
<monster name="Crypt Lord" direction="2" spawntime="60" x="-2" y="5"/>
<monster name="Crypt Lord" direction="2" spawntime="60" x="2" y="5"/>
</spawn>
<spawn centerx="1093" centery="127" centerz="15" radius="5">
<monster name="Hell screamer" direction="2" spawntime="60" x="-5" y="-1"/>
<monster name="Plague Spitter" direction="2" spawntime="60" x="-1" y="-1"/>
<monster name="Plague Spitter" direction="2" spawntime="60" x="1" y="-1"/>
<monster name="Hell screamer" direction="2" spawntime="60" x="-5" y="1"/>
<monster name="Plague Spitter" direction="2" spawntime="60" x="-1" y="1"/>
<monster name="Plague Spitter" direction="2" spawntime="60" x="1" y="1"/>
<monster name="Hell screamer" direction="2" spawntime="60" x="-5" y="3"/>
<monster name="Hell screamer" direction="2" spawntime="60" x="-5" y="5"/>
</spawn>
<spawn centerx="1101" centery="127" centerz="15" radius="5">
<monster name="Petrified Hell Hound" direction="2" spawntime="60" x="5" y="-1"/>
<monster name="Nefarious Acolyte" direction="2" spawntime="60" x="1" y="0"/>
<monster name="Petrified Hell Hound" direction="2" spawntime="60" x="5" y="1"/>
<monster name="Petrified Hell Hound" direction="2" spawntime="60" x="5" y="3"/>
<monster name="Petrified Hell Hound" direction="2" spawntime="60" x="5" y="5"/>
</spawn>
<spawn centerx="937" centery="128" centerz="15" radius="5">
<monster name="Ghostly visage" direction="2" spawntime="60" x="-3" y="-3"/>
<monster name="Ghostly visage" direction="2" spawntime="60" x="-1" y="-3"/>
<monster name="Ghostly visage" direction="2" spawntime="60" x="1" y="-3"/>
<monster name="Ghostly visage" direction="2" spawntime="60" x="3" y="-3"/>
<monster name="Ghostly visage" direction="2" spawntime="60" x="-3" y="-1"/>
<monster name="Ghostly visage" direction="2" spawntime="60" x="-1" y="-1"/>
<monster name="Ghostly visage" direction="2" spawntime="60" x="1" y="-1"/>
<monster name="Ghostly visage" direction="2" spawntime="60" x="3" y="-1"/>
<monster name="Ghostly visage" direction="2" spawntime="60" x="-3" y="1"/>
<monster name="Ghostly visage" direction="2" spawntime="60" x="-1" y="1"/>
<monster name="Ghostly visage" direction="2" spawntime="60" x="1" y="1"/>
<monster name="Ghostly visage" direction="2" spawntime="60" x="3" y="1"/>
<monster name="Ghostly visage" direction="2" spawntime="60" x="-3" y="3"/>
<monster name="Ghostly visage" direction="2" spawntime="60" x="-1" y="3"/>
<monster name="Ghostly visage" direction="2" spawntime="60" x="1" y="3"/>
<monster name="Ghostly visage" direction="2" spawntime="60" x="3" y="3"/>
<monster name="Ghostly visage" direction="2" spawntime="60" x="-3" y="5"/>
<monster name="Ghostly visage" direction="2" spawntime="60" x="-1" y="5"/>
<monster name="Ghostly visage" direction="2" spawntime="60" x="1" y="5"/>
<monster name="Ghostly visage" direction="2" spawntime="60" x="3" y="5"/>
</spawn>
<spawn centerx="945" centery="128" centerz="15" radius="5">
<monster name="Petrified Hell Hound" direction="2" spawntime="60" x="0" y="-1"/>
<monster name="Petrified Hell Hound" direction="2" spawntime="60" x="0" y="1"/>
</spawn>
<spawn centerx="953" centery="128" centerz="15" radius="5">
<monster name="Skeletor" direction="2" spawntime="60" x="-1" y="0"/>
</spawn>
<spawn centerx="961" centery="128" centerz="15" radius="5">
<monster name="Crypt Lord" direction="2" spawntime="60" x="-2" y="-2"/>
<monster name="Crypt Lord" direction="2" spawntime="60" x="2" y="-2"/>
<monster name="Crypt Lord" direction="2" spawntime="60" x="-2" y="2"/>
<monster name="Crypt Lord" direction="2" spawntime="60" x="2" y="2"/>
<monster name="Crypt Lord" direction="2" spawntime="60" x="-2" y="5"/>
<monster name="Crypt Lord" direction="2" spawntime="60" x="2" y="5"/>
</spawn>
<spawn centerx="1085" centery="128" centerz="15" radius="5">
<monster name="Hell screamer" direction="2" spawntime="60" x="-3" y="-2"/>
<monster name="Hell screamer" direction="2" spawntime="60" x="-1" y="-2"/>
<monster name="Hell screamer" direction="2" spawntime="60" x="1" y="-2"/>
<monster name="Hell screamer" direction="2" spawntime="60" x="-3" y="0"/>
<monster name="Hell screamer" direction="2" spawntime="60" x="-1" y="0"/>
<monster name="Hell screamer" direction="2" spawntime="60" x="1" y="0"/>
<monster name="Hell screamer" direction="2" spawntime="60" x="-3" y="2"/>
<monster name="Hell screamer" direction="2" spawntime="60" x="-1" y="2"/>
<monster name="Hell screamer" direction="2" spawntime="60" x="1" y="2"/>
<monster name="Hell screamer" direction="2" spawntime="60" x="-3" y="4"/>
<monster name="Hell screamer" direction="2" spawntime="60" x="-1" y="4"/>
<monster name="Hell screamer" direction="2" spawntime="60" x="1" y="4"/>
</spawn>
<spawn centerx="1109" centery="128" centerz="15" radius="5">
<monster name="Petrified Hell Hound" direction="2" spawntime="60" x="-1" y="-2"/>
<monster name="Petrified Hell Hound" direction="2" spawntime="60" x="1" y="-2"/>
<monster name="Petrified Hell Hound" direction="2" spawntime="60" x="3" y="-2"/>
<monster name="Petrified Hell Hound" direction="2" spawntime="60" x="-1" y="0"/>
<monster name="Petrified Hell Hound" direction="2" spawntime="60" x="1" y="0"/>
<monster name="Petrified Hell Hound" direction="2" spawntime="60" x="3" y="0"/>
<monster name="Petrified Hell Hound" direction="2" spawntime="60" x="-1" y="2"/>
<monster name="Petrified Hell Hound" direction="2" spawntime="60" x="1" y="2"/>
<monster name="Petrified Hell Hound" direction="2" spawntime="60" x="3" y="2"/>
<monster name="Petrified Hell Hound" direction="2" spawntime="60" x="-1" y="4"/>
<monster name="Petrified Hell Hound" direction="2" spawntime="60" x="1" y="4"/>
<monster name="Petrified Hell Hound" direction="2" spawntime="60" x="3" y="4"/>
</spawn>
<spawn centerx="293" centery="129" centerz="15" radius="5">
<monster name="Captain Jack" direction="2" spawntime="60" x="-3" y="-3"/>
<monster name="Captain Jack" direction="2" spawntime="60" x="-1" y="-3"/>
<monster name="Captain Jack" direction="2" spawntime="60" x="1" y="-3"/>
<monster name="Captain Jack" direction="2" spawntime="60" x="3" y="-3"/>
<monster name="Sibang" direction="2" spawntime="60" x="-3" y="1"/>
<monster name="Sibang" direction="2" spawntime="60" x="-1" y="1"/>
<monster name="Sibang" direction="2" spawntime="60" x="1" y="1"/>
<monster name="Sibang" direction="2" spawntime="60" x="3" y="1"/>
<monster name="Sibang" direction="2" spawntime="60" x="-3" y="3"/>
<monster name="Sibang" direction="2" spawntime="60" x="-1" y="3"/>
<monster name="Sibang" direction="2" spawntime="60" x="1" y="3"/>
<monster name="Sibang" direction="2" spawntime="60" x="3" y="3"/>
<monster name="Sibang" direction="2" spawntime="60" x="-3" y="5"/>
<monster name="Sibang" direction="2" spawntime="60" x="-1" y="5"/>
<monster name="Sibang" direction="2" spawntime="60" x="1" y="5"/>
<monster name="Sibang" direction="2" spawntime="60" x="3" y="5"/>
</spawn>
<spawn centerx="317" centery="129" centerz="15" radius="5">
<monster name="Flesh Fiend" direction="2" spawntime="60" x="-3" y="-3"/>
<monster name="Flesh Fiend" direction="2" spawntime="60" x="-1" y="-3"/>
<monster name="Flesh Fiend" direction="2" spawntime="60" x="1" y="-3"/>
<monster name="Flesh Fiend" direction="2" spawntime="60" x="3" y="-3"/>
<monster name="Plague Spitter" direction="2" spawntime="60" x="-3" y="1"/>
<monster name="Plague Spitter" direction="2" spawntime="60" x="-1" y="1"/>
<monster name="Plague Spitter" direction="2" spawntime="60" x="1" y="1"/>
<monster name="Plague Spitter" direction="2" spawntime="60" x="3" y="1"/>
<monster name="Plague Spitter" direction="2" spawntime="60" x="-3" y="3"/>
<monster name="Plague Spitter" direction="2" spawntime="60" x="-1" y="3"/>
<monster name="Plague Spitter" direction="2" spawntime="60" x="1" y="3"/>
<monster name="Plague Spitter" direction="2" spawntime="60" x="3" y="3"/>
<monster name="Plague Spitter" direction="2" spawntime="60" x="-3" y="5"/>
<monster name="Plague Spitter" direction="2" spawntime="60" x="-1" y="5"/>
<monster name="Plague Spitter" direction="2" spawntime="60" x="1" y="5"/>
<monster name="Plague Spitter" direction="2" spawntime="60" x="3" y="5"/>
</spawn>
<spawn centerx="597" centery="129" centerz="15" radius="5">
<monster name="Ghostly visage" direction="2" spawntime="60" x="-3" y="-3"/>
<monster name="Ghostly visage" direction="2" spawntime="60" x="-1" y="-3"/>
<monster name="Ghostly visage" direction="2" spawntime="60" x="1" y="-3"/>
<monster name="Ghostly visage" direction="2" spawntime="60" x="3" y="-3"/>
<monster name="Ghostly visage" direction="2" spawntime="60" x="-3" y="-1"/>
<monster name="Ghostly visage" direction="2" spawntime="60" x="-1" y="-1"/>
<monster name="Ghostly visage" direction="2" spawntime="60" x="1" y="-1"/>
<monster name="Ghostly visage" direction="2" spawntime="60" x="3" y="-1"/>
<monster name="Ghostly visage" direction="2" spawntime="60" x="-3" y="1"/>
<monster name="Ghostly visage" direction="2" spawntime="60" x="-1" y="1"/>
<monster name="Ghostly visage" direction="2" spawntime="60" x="1" y="1"/>
<monster name="Ghostly visage" direction="2" spawntime="60" x="3" y="1"/>
<monster name="Ghostly visage" direction="2" spawntime="60" x="-3" y="3"/>
<monster name="Ghostly visage" direction="2" spawntime="60" x="-1" y="3"/>
<monster name="Ghostly visage" direction="2" spawntime="60" x="1" y="3"/>
<monster name="Ghostly visage" direction="2" spawntime="60" x="3" y="3"/>
<monster name="Ghostly visage" direction="2" spawntime="60" x="-3" y="5"/>
<monster name="Ghostly visage" direction="2" spawntime="60" x="-1" y="5"/>
<monster name="Ghostly visage" direction="2" spawntime="60" x="1" y="5"/>
<monster name="Ghostly visage" direction="2" spawntime="60" x="3" y="5"/>
</spawn>
<spawn centerx="605" centery="129" centerz="15" radius="5">
<monster name="Petrified Hell Hound" direction="2" spawntime="60" x="0" y="-1"/>
<monster name="Petrified Hell Hound" direction="2" spawntime="60" x="0" y="1"/>
</spawn>
<spawn centerx="613" centery="129" centerz="15" radius="5">
<monster name="Skeletor" direction="2" spawntime="60" x="-1" y="0"/>
<monster name="Skeletor" direction="2" spawntime="60" x="-2" y="1"/>
</spawn>
<spawn centerx="621" centery="129" centerz="15" radius="5">
<monster name="Crypt Lord" direction="2" spawntime="60" x="-2" y="-2"/>
<monster name="Crypt Lord" direction="2" spawntime="60" x="1" y="-2"/>
<monster name="Crypt Lord" direction="2" spawntime="60" x="-2" y="2"/>
<monster name="Crypt Lord" direction="2" spawntime="60" x="1" y="2"/>
<monster name="Crypt Lord" direction="2" spawntime="60" x="-2" y="5"/>
<monster name="Crypt Lord" direction="2" spawntime="60" x="1" y="5"/>
</spawn>
<spawn centerx="866" centery="129" centerz="15" radius="5">
<monster name="Ghostly visage" direction="2" spawntime="60" x="-3" y="-3"/>
<monster name="Ghostly visage" direction="2" spawntime="60" x="-1" y="-3"/>
<monster name="Ghostly visage" direction="2" spawntime="60" x="1" y="-3"/>
<monster name="Ghostly visage" direction="2" spawntime="60" x="3" y="-3"/>
<monster name="Ghostly visage" direction="2" spawntime="60" x="-3" y="-1"/>
<monster name="Ghostly visage" direction="2" spawntime="60" x="-1" y="-1"/>
<monster name="Ghostly visage" direction="2" spawntime="60" x="1" y="-1"/>
<monster name="Ghostly visage" direction="2" spawntime="60" x="3" y="-1"/>
<monster name="Ghostly visage" direction="2" spawntime="60" x="-3" y="1"/>
<monster name="Ghostly visage" direction="2" spawntime="60" x="-1" y="1"/>
<monster name="Ghostly visage" direction="2" spawntime="60" x="1" y="1"/>
<monster name="Ghostly visage" direction="2" spawntime="60" x="3" y="1"/>
<monster name="Ghostly visage" direction="2" spawntime="60" x="-3" y="3"/>
<monster name="Ghostly visage" direction="2" spawntime="60" x="-1" y="3"/>
<monster name="Ghostly visage" direction="2" spawntime="60" x="1" y="3"/>
<monster name="Ghostly visage" direction="2" spawntime="60" x="3" y="3"/>
<monster name="Ghostly visage" direction="2" spawntime="60" x="-3" y="5"/>
<monster name="Ghostly visage" direction="2" spawntime="60" x="-1" y="5"/>
<monster name="Ghostly visage" direction="2" spawntime="60" x="1" y="5"/>
<monster name="Ghostly visage" direction="2" spawntime="60" x="3" y="5"/>
</spawn>
<spawn centerx="874" centery="129" centerz="15" radius="5">
<monster name="Petrified Hell Hound" direction="2" spawntime="60" x="0" y="-1"/>
<monster name="Petrified Hell Hound" direction="2" spawntime="60" x="0" y="1"/>
</spawn>
<spawn centerx="882" centery="129" centerz="15" radius="5">
<monster name="Skeletor" direction="2" spawntime="60" x="-1" y="0"/>
</spawn>
<spawn centerx="890" centery="129" centerz="15" radius="5">
<monster name="Crypt Lord" direction="2" spawntime="60" x="-2" y="-2"/>
<monster name="Crypt Lord" direction="2" spawntime="60" x="1" y="-2"/>
<monster name="Crypt Lord" direction="2" spawntime="60" x="-2" y="2"/>
<monster name="Crypt Lord" direction="2" spawntime="60" x="1" y="2"/>
<monster name="Crypt Lord" direction="2" spawntime="60" x="-2" y="5"/>
<monster name="Crypt Lord" direction="2" spawntime="60" x="1" y="5"/>
</spawn>
<spawn centerx="803" centery="130" centerz="15" radius="5">
<monster name="Ghostly visage" direction="2" spawntime="60" x="-3" y="-2"/>
<monster name="Ghostly visage" direction="2" spawntime="60" x="-1" y="-2"/>
<monster name="Ghostly visage" direction="2" spawntime="60" x="1" y="-2"/>
<monster name="Ghostly visage" direction="2" spawntime="60" x="3" y="-2"/>
<monster name="Ghostly visage" direction="2" spawntime="60" x="-3" y="0"/>
<monster name="Ghostly visage" direction="2" spawntime="60" x="-1" y="0"/>
<monster name="Ghostly visage" direction="2" spawntime="60" x="1" y="0"/>
<monster name="Ghostly visage" direction="2" spawntime="60" x="3" y="0"/>
<monster name="Ghostly visage" direction="2" spawntime="60" x="-3" y="2"/>
<monster name="Ghostly visage" direction="2" spawntime="60" x="-1" y="2"/>
<monster name="Ghostly visage" direction="2" spawntime="60" x="1" y="2"/>
<monster name="Ghostly visage" direction="2" spawntime="60" x="3" y="2"/>
<monster name="Ghostly visage" direction="2" spawntime="60" x="-3" y="4"/>
<monster name="Ghostly visage" direction="2" spawntime="60" x="-1" y="4"/>
<monster name="Ghostly visage" direction="2" spawntime="60" x="1" y="4"/>
<monster name="Ghostly visage" direction="2" spawntime="60" x="3" y="4"/>
</spawn>
<spawn centerx="827" centery="130" centerz="15" radius="5">
<monster name="Crypt Lord" direction="2" spawntime="60" x="-2" y="-1"/>
<monster name="Crypt Lord" direction="2" spawntime="60" x="1" y="-1"/>
<monster name="Crypt Lord" direction="2" spawntime="60" x="-2" y="3"/>
<monster name="Crypt Lord" direction="2" spawntime="60" x="1" y="3"/>
</spawn>
<spawn centerx="1010" centery="130" centerz="15" radius="5">
<monster name="Petrified Hell Hound" direction="2" spawntime="60" x="-3" y="2"/>
<monster name="Petrified Hell Hound" direction="2" spawntime="60" x="-1" y="2"/>
<monster name="Petrified Hell Hound" direction="2" spawntime="60" x="1" y="2"/>
<monster name="Petrified Hell Hound" direction="2" spawntime="60" x="3" y="2"/>
<monster name="Petrified Hell Hound" direction="2" spawntime="60" x="-3" y="4"/>
<monster name="Petrified Hell Hound" direction="2" spawntime="60" x="-1" y="4"/>
<monster name="Petrified Hell Hound" direction="2" spawntime="60" x="1" y="4"/>
<monster name="Petrified Hell Hound" direction="2" spawntime="60" x="3" y="4"/>
</spawn>
<spawn centerx="1048" centery="130" centerz="15" radius="5">
<monster name="Plague Spitter" direction="2" spawntime="60" x="-2" y="-1"/>
<monster name="Plague Spitter" direction="2" spawntime="60" x="-1" y="-1"/>
<monster name="Plague Spitter" direction="2" spawntime="60" x="-2" y="1"/>
<monster name="Plague Spitter" direction="2" spawntime="60" x="-1" y="1"/>
</spawn>
<spawn centerx="1054" centery="130" centerz="15" radius="5">
<monster name="Demonic Acolyte" direction="2" spawntime="60" x="2" y="0"/>
</spawn>
<spawn centerx="1063" centery="130" centerz="15" radius="5">
<monster name="Petrified Hell Hound" direction="2" spawntime="60" x="-3" y="-1"/>
<monster name="Petrified Hell Hound" direction="2" spawntime="60" x="-1" y="-1"/>
<monster name="Petrified Hell Hound" direction="2" spawntime="60" x="1" y="-1"/>
<monster name="Petrified Hell Hound" direction="2" spawntime="60" x="3" y="-1"/>
<monster name="Petrified Hell Hound" direction="2" spawntime="60" x="-3" y="1"/>
<monster name="Petrified Hell Hound" direction="2" spawntime="60" x="-1" y="1"/>
<monster name="Petrified Hell Hound" direction="2" spawntime="60" x="1" y="1"/>
<monster name="Petrified Hell Hound" direction="2" spawntime="60" x="3" y="1"/>
<monster name="Petrified Hell Hound" direction="2" spawntime="60" x="-3" y="3"/>
<monster name="Petrified Hell Hound" direction="2" spawntime="60" x="-1" y="3"/>
<monster name="Petrified Hell Hound" direction="2" spawntime="60" x="1" y="3"/>
<monster name="Petrified Hell Hound" direction="2" spawntime="60" x="3" y="3"/>
<monster name="Petrified Hell Hound" direction="2" spawntime="60" x="1" y="4"/>
<monster name="Petrified Hell Hound" direction="2" spawntime="60" x="-3" y="5"/>
<monster name="Petrified Hell Hound" direction="2" spawntime="60" x="-1" y="5"/>
<monster name="Petrified Hell Hound" direction="2" spawntime="60" x="1" y="5"/>
<monster name="Petrified Hell Hound" direction="2" spawntime="60" x="3" y="5"/>
</spawn>
<spawn centerx="230" centery="131" centerz="15" radius="5">
<monster name="Ghostly visage" direction="2" spawntime="60" x="-3" y="-3"/>
<monster name="Ghostly visage" direction="2" spawntime="60" x="-1" y="-3"/>
<monster name="Ghostly visage" direction="2" spawntime="60" x="1" y="-3"/>
<monster name="Ghostly visage" direction="2" spawntime="60" x="3" y="-3"/>
<monster name="Ghostly visage" direction="2" spawntime="60" x="-3" y="-1"/>
<monster name="Ghostly visage" direction="2" spawntime="60" x="-1" y="-1"/>
<monster name="Ghostly visage" direction="2" spawntime="60" x="1" y="-1"/>
<monster name="Ghostly visage" direction="2" spawntime="60" x="3" y="-1"/>
<monster name="Ghostly visage" direction="2" spawntime="60" x="-3" y="1"/>
<monster name="Ghostly visage" direction="2" spawntime="60" x="-1" y="1"/>
<monster name="Ghostly visage" direction="2" spawntime="60" x="1" y="1"/>
<monster name="Ghostly visage" direction="2" spawntime="60" x="3" y="1"/>
<monster name="Ghostly visage" direction="2" spawntime="60" x="-3" y="3"/>
<monster name="Ghostly visage" direction="2" spawntime="60" x="-1" y="3"/>
<monster name="Ghostly visage" direction="2" spawntime="60" x="1" y="3"/>
<monster name="Ghostly visage" direction="2" spawntime="60" x="3" y="3"/>
<monster name="Ghostly visage" direction="2" spawntime="60" x="-3" y="5"/>
<monster name="Ghostly visage" direction="2" spawntime="60" x="-1" y="5"/>
<monster name="Ghostly visage" direction="2" spawntime="60" x="1" y="5"/>
<monster name="Ghostly visage" direction="2" spawntime="60" x="3" y="5"/>
</spawn>
<spawn centerx="237" centery="131" centerz="15" radius="3">
<monster name="Petrified Hell Hound" direction="2" spawntime="60" x="1" y="-1"/>
<monster name="Petrified Hell Hound" direction="2" spawntime="60" x="1" y="1"/>
</spawn>
<spawn centerx="246" centery="131" centerz="15" radius="3">
<monster name="Skeletor" direction="2" spawntime="60" x="-1" y="0"/>
</spawn>
<spawn centerx="254" centery="131" centerz="15" radius="5">
<monster name="Crypt Lord" direction="2" spawntime="60" x="-2" y="-2"/>
<monster name="Crypt Lord" direction="2" spawntime="60" x="2" y="-2"/>
<monster name="Crypt Lord" direction="2" spawntime="60" x="-2" y="2"/>
<monster name="Crypt Lord" direction="2" spawntime="60" x="2" y="2"/>
<monster name="Crypt Lord" direction="2" spawntime="60" x="-2" y="5"/>
<monster name="Crypt Lord" direction="2" spawntime="60" x="2" y="5"/>
</spawn>
<spawn centerx="525" centery="131" centerz="15" radius="5">
<monster name="Flesh Fiend" direction="2" spawntime="60" x="-1" y="-1"/>
<monster name="Flesh Fiend" direction="2" spawntime="60" x="1" y="-1"/>
<monster name="Hell screamer" direction="2" spawntime="60" x="-5" y="1"/>
<monster name="Flesh Fiend" direction="2" spawntime="60" x="-1" y="1"/>
<monster name="Flesh Fiend" direction="2" spawntime="60" x="1" y="1"/>
<monster name="Ghostly visage" direction="2" spawntime="60" x="-5" y="5"/>
</spawn>
<spawn centerx="533" centery="131" centerz="15" radius="5">
<monster name="Nefarious Acolyte" direction="2" spawntime="60" x="-1" y="0"/>
<monster name="Petrified Hell Hound" direction="2" spawntime="60" x="5" y="1"/>
</spawn>
<spawn centerx="670" centery="131" centerz="15" radius="5">
<monster name="Hell screamer" direction="2" spawntime="60" x="-5" y="-1"/>
<monster name="Flesh Fiend" direction="2" spawntime="60" x="-1" y="-1"/>
<monster name="Flesh Fiend" direction="2" spawntime="60" x="1" y="-1"/>
<monster name="Hell screamer" direction="2" spawntime="60" x="-5" y="1"/>
<monster name="Flesh Fiend" direction="2" spawntime="60" x="-3" y="1"/>
<monster name="Flesh Fiend" direction="2" spawntime="60" x="-1" y="1"/>
<monster name="Flesh Fiend" direction="2" spawntime="60" x="1" y="1"/>
<monster name="Ghostly visage" direction="2" spawntime="60" x="-5" y="5"/>
</spawn>
<spawn centerx="678" centery="131" centerz="15" radius="5">
<monster name="Petrified Hell Hound" direction="2" spawntime="60" x="5" y="-1"/>
<monster name="Nefarious Acolyte" direction="2" spawntime="60" x="-1" y="0"/>
<monster name="Petrified Hell Hound" direction="2" spawntime="60" x="5" y="1"/>
</spawn>
<spawn centerx="812" centery="131" centerz="15" radius="5">
<monster name="Petrified Hell Hound" direction="2" spawntime="60" x="-1" y="-1"/>
<monster name="Petrified Hell Hound" direction="2" spawntime="60" x="-1" y="1"/>
</spawn>
<spawn centerx="819" centery="131" centerz="15" radius="5">
<monster name="Skeletor" direction="2" spawntime="60" x="-1" y="0"/>
</spawn>
<spawn centerx="662" centery="132" centerz="15" radius="5">
<monster name="Hell screamer" direction="2" spawntime="60" x="-3" y="-2"/>
<monster name="Hell screamer" direction="2" spawntime="60" x="-1" y="-2"/>
<monster name="Hell screamer" direction="2" spawntime="60" x="1" y="-2"/>
<monster name="Hell screamer" direction="2" spawntime="60" x="-3" y="0"/>
<monster name="Hell screamer" direction="2" spawntime="60" x="-1" y="0"/>
<monster name="Hell screamer" direction="2" spawntime="60" x="1" y="0"/>
<monster name="Ghostly visage" direction="2" spawntime="60" x="-3" y="4"/>
<monster name="Ghostly visage" direction="2" spawntime="60" x="-1" y="4"/>
<monster name="Ghostly visage" direction="2" spawntime="60" x="1" y="4"/>
</spawn>
<spawn centerx="686" centery="132" centerz="15" radius="5">
<monster name="Petrified Hell Hound" direction="2" spawntime="60" x="-1" y="-2"/>
<monster name="Petrified Hell Hound" direction="2" spawntime="60" x="1" y="-2"/>
<monster name="Petrified Hell Hound" direction="2" spawntime="60" x="3" y="-2"/>
<monster name="Petrified Hell Hound" direction="2" spawntime="60" x="-1" y="0"/>
<monster name="Petrified Hell Hound" direction="2" spawntime="60" x="1" y="0"/>
<monster name="Petrified Hell Hound" direction="2" spawntime="60" x="3" y="0"/>
<monster name="Crypt Lord" direction="2" spawntime="60" x="-2" y="4"/>
<monster name="Crypt Lord" direction="2" spawntime="60" x="1" y="4"/>
</spawn>
<spawn centerx="738" centery="132" centerz="15" radius="5">
<monster name="Ghostly visage" direction="2" spawntime="60" x="-3" y="-2"/>
<monster name="Ghostly visage" direction="2" spawntime="60" x="-1" y="-2"/>
<monster name="Ghostly visage" direction="2" spawntime="60" x="1" y="-2"/>
<monster name="Ghostly visage" direction="2" spawntime="60" x="-3" y="0"/>
<monster name="Ghostly visage" direction="2" spawntime="60" x="-1" y="0"/>
<monster name="Ghostly visage" direction="2" spawntime="60" x="1" y="0"/>
<monster name="Ghostly visage" direction="2" spawntime="60" x="3" y="0"/>
<monster name="Ghostly visage" direction="2" spawntime="60" x="-3" y="2"/>
<monster name="Ghostly visage" direction="2" spawntime="60" x="-1" y="2"/>
<monster name="Ghostly visage" direction="2" spawntime="60" x="1" y="2"/>
<monster name="Ghostly visage" direction="2" spawntime="60" x="3" y="2"/>
<monster name="Ghostly visage" direction="2" spawntime="60" x="-3" y="4"/>
<monster name="Ghostly visage" direction="2" spawntime="60" x="-1" y="4"/>
<monster name="Ghostly visage" direction="2" spawntime="60" x="1" y="4"/>
<monster name="Ghostly visage" direction="2" spawntime="60" x="3" y="4"/>
</spawn>
<spawn centerx="762" centery="132" centerz="15" radius="5">
<monster name="Crypt Lord" direction="2" spawntime="60" x="-2" y="-2"/>
<monster name="Crypt Lord" direction="2" spawntime="60" x="1" y="-2"/>
<monster name="Crypt Lord" direction="2" spawntime="60" x="-2" y="2"/>
<monster name="Crypt Lord" direction="2" spawntime="60" x="1" y="2"/>
<monster name="Crypt Lord" direction="2" spawntime="60" x="-2" y="4"/>
<monster name="Crypt Lord" direction="2" spawntime="60" x="1" y="4"/>
</spawn>
<spawn centerx="1039" centery="132" centerz="15" radius="5">
<monster name="Hell screamer" direction="2" spawntime="60" x="-3" y="-1"/>
<monster name="Hell screamer" direction="2" spawntime="60" x="-1" y="-1"/>
<monster name="Hell screamer" direction="2" spawntime="60" x="1" y="-1"/>
<monster name="Hell screamer" direction="2" spawntime="60" x="3" y="-1"/>
<monster name="Hell screamer" direction="2" spawntime="60" x="-3" y="1"/>
<monster name="Hell screamer" direction="2" spawntime="60" x="-1" y="1"/>
<monster name="Hell screamer" direction="2" spawntime="60" x="1" y="1"/>
<monster name="Hell screamer" direction="2" spawntime="60" x="3" y="1"/>
<monster name="Hell screamer" direction="2" spawntime="60" x="-3" y="3"/>
<monster name="Hell screamer" direction="2" spawntime="60" x="-1" y="3"/>
<monster name="Hell screamer" direction="2" spawntime="60" x="1" y="3"/>
<monster name="Hell screamer" direction="2" spawntime="60" x="3" y="3"/>
<monster name="Hell screamer" direction="2" spawntime="60" x="-3" y="5"/>
<monster name="Hell screamer" direction="2" spawntime="60" x="-1" y="5"/>
<monster name="Hell screamer" direction="2" spawntime="60" x="1" y="5"/>
<monster name="Hell screamer" direction="2" spawntime="60" x="3" y="5"/>
</spawn>
<spawn centerx="1162" centery="132" centerz="15" radius="5">
<monster name="Hell screamer" direction="2" spawntime="60" x="-5" y="0"/>
<monster name="Flesh Fiend" direction="2" spawntime="60" x="-2" y="2"/>
<monster name="Flesh Fiend" direction="2" spawntime="60" x="0" y="2"/>
<monster name="Hell screamer" direction="2" spawntime="60" x="-5" y="3"/>
<monster name="Flesh Fiend" direction="2" spawntime="60" x="0" y="4"/>
</spawn>
<spawn centerx="25" centery="133" centerz="15" radius="5">
<monster name="Ghostly visage" direction="2" spawntime="60" x="-3" y="-3"/>
<monster name="Ghostly visage" direction="2" spawntime="60" x="-1" y="-3"/>
<monster name="Ghostly visage" direction="2" spawntime="60" x="1" y="-3"/>
<monster name="Ghostly visage" direction="2" spawntime="60" x="3" y="-3"/>
<monster name="Ghostly visage" direction="2" spawntime="60" x="-3" y="-1"/>
<monster name="Ghostly visage" direction="2" spawntime="60" x="-1" y="-1"/>
<monster name="Ghostly visage" direction="2" spawntime="60" x="1" y="-1"/>
<monster name="Ghostly visage" direction="2" spawntime="60" x="3" y="-1"/>
<monster name="Ghostly visage" direction="2" spawntime="60" x="-3" y="1"/>
<monster name="Ghostly visage" direction="2" spawntime="60" x="-1" y="1"/>
<monster name="Ghostly visage" direction="2" spawntime="60" x="1" y="1"/>
<monster name="Ghostly visage" direction="2" spawntime="60" x="3" y="1"/>
<monster name="Ghostly visage" direction="2" spawntime="60" x="-3" y="3"/>
<monster name="Ghostly visage" direction="2" spawntime="60" x="-1" y="3"/>
<monster name="Ghostly visage" direction="2" spawntime="60" x="1" y="3"/>
<monster name="Ghostly visage" direction="2" spawntime="60" x="3" y="3"/>
</spawn>
<spawn centerx="49" centery="133" centerz="15" radius="5">
<monster name="Crypt Lord" direction="2" spawntime="60" x="-2" y="-3"/>
<monster name="Crypt Lord" direction="2" spawntime="60" x="2" y="-3"/>
<monster name="Crypt Lord" direction="2" spawntime="60" x="-2" y="1"/>
<monster name="Crypt Lord" direction="2" spawntime="60" x="2" y="1"/>
<monster name="Crypt Lord" direction="2" spawntime="60" x="-2" y="4"/>
<monster name="Crypt Lord" direction="2" spawntime="60" x="2" y="4"/>
</spawn>
<spawn centerx="1154" centery="133" centerz="15" radius="5">
<monster name="Hell screamer" direction="2" spawntime="60" x="-3" y="-1"/>
<monster name="Hell screamer" direction="2" spawntime="60" x="-1" y="-1"/>
<monster name="Hell screamer" direction="2" spawntime="60" x="1" y="-1"/>
<monster name="Hell screamer" direction="2" spawntime="60" x="-3" y="2"/>
<monster name="Hell screamer" direction="2" spawntime="60" x="-1" y="2"/>
<monster name="Hell screamer" direction="2" spawntime="60" x="1" y="2"/>
</spawn>
<spawn centerx="1178" centery="133" centerz="15" radius="5">
<monster name="Petrified Hell Hound" direction="2" spawntime="60" x="-3" y="-1"/>
<monster name="Petrified Hell Hound" direction="2" spawntime="60" x="-1" y="-1"/>
<monster name="Petrified Hell Hound" direction="2" spawntime="60" x="1" y="-1"/>
<monster name="Petrified Hell Hound" direction="2" spawntime="60" x="3" y="-1"/>
<monster name="Petrified Hell Hound" direction="2" spawntime="60" x="-3" y="1"/>
<monster name="Petrified Hell Hound" direction="2" spawntime="60" x="-1" y="1"/>
<monster name="Petrified Hell Hound" direction="2" spawntime="60" x="1" y="1"/>
<monster name="Petrified Hell Hound" direction="2" spawntime="60" x="3" y="1"/>
<monster name="Petrified Hell Hound" direction="2" spawntime="60" x="-3" y="3"/>
<monster name="Petrified Hell Hound" direction="2" spawntime="60" x="-1" y="3"/>
<monster name="Petrified Hell Hound" direction="2" spawntime="60" x="1" y="3"/>
<monster name="Petrified Hell Hound" direction="2" spawntime="60" x="3" y="3"/>
</spawn>
<spawn centerx="1170" centery="134" centerz="15" radius="5">
<monster name="Nefarious Acolyte" direction="2" spawntime="60" x="0" y="-1"/>
</spawn>
<spawn centerx="4945" centery="134" centerz="15" radius="5">
<monster name="The Creator" direction="2" spawntime="60" x="0" y="-1"/>
</spawn>
<spawn centerx="301" centery="135" centerz="15" radius="3">
<monster name="Ancient Necropharus" direction="2" spawntime="60" x="-1" y="-1"/>
<monster name="Ancient Necropharus" direction="2" spawntime="60" x="-1" y="1"/>
</spawn>
<spawn centerx="309" centery="135" centerz="15" radius="3">
<monster name="Crypt Lord" direction="2" spawntime="60" x="0" y="-1"/>
<monster name="Crypt Lord" direction="2" spawntime="60" x="0" y="1"/>
</spawn>
<spawn centerx="373" centery="135" centerz="15" radius="5">
<monster name="Ghostly visage" direction="2" spawntime="60" x="-3" y="-2"/>
<monster name="Ghostly visage" direction="2" spawntime="60" x="-1" y="-2"/>
<monster name="Ghostly visage" direction="2" spawntime="60" x="1" y="-2"/>
<monster name="Ghostly visage" direction="2" spawntime="60" x="3" y="-2"/>
<monster name="Ghostly visage" direction="2" spawntime="60" x="-3" y="0"/>
<monster name="Ghostly visage" direction="2" spawntime="60" x="-1" y="0"/>
<monster name="Ghostly visage" direction="2" spawntime="60" x="1" y="0"/>
<monster name="Ghostly visage" direction="2" spawntime="60" x="3" y="0"/>
<monster name="Ghostly visage" direction="2" spawntime="60" x="-3" y="2"/>
<monster name="Ghostly visage" direction="2" spawntime="60" x="-1" y="2"/>
<monster name="Ghostly visage" direction="2" spawntime="60" x="1" y="2"/>
<monster name="Ghostly visage" direction="2" spawntime="60" x="3" y="2"/>
</spawn>
<spawn centerx="397" centery="135" centerz="15" radius="5">
<monster name="Crypt Lord" direction="2" spawntime="60" x="-3" y="0"/>
<monster name="Crypt Lord" direction="2" spawntime="60" x="2" y="0"/>
<monster name="Crypt Lord" direction="2" spawntime="60" x="-3" y="3"/>
<monster name="Crypt Lord" direction="2" spawntime="60" x="2" y="3"/>
</spawn>
<spawn centerx="517" centery="135" centerz="15" radius="5">
<monster name="Hell screamer" direction="2" spawntime="60" x="-3" y="-3"/>
<monster name="Hell screamer" direction="2" spawntime="60" x="-1" y="-3"/>
<monster name="Hell screamer" direction="2" spawntime="60" x="1" y="-3"/>
<monster name="Ghostly visage" direction="2" spawntime="60" x="-3" y="1"/>
<monster name="Ghostly visage" direction="2" spawntime="60" x="-1" y="1"/>
<monster name="Ghostly visage" direction="2" spawntime="60" x="1" y="1"/>
<monster name="Ghostly visage" direction="2" spawntime="60" x="-3" y="3"/>
<monster name="Ghostly visage" direction="2" spawntime="60" x="-1" y="3"/>
<monster name="Ghostly visage" direction="2" spawntime="60" x="1" y="3"/>
<monster name="Ghostly visage" direction="2" spawntime="60" x="3" y="3"/>
<monster name="Ghostly visage" direction="2" spawntime="60" x="-3" y="5"/>
<monster name="Ghostly visage" direction="2" spawntime="60" x="-1" y="5"/>
<monster name="Ghostly visage" direction="2" spawntime="60" x="1" y="5"/>
<monster name="Ghostly visage" direction="2" spawntime="60" x="3" y="5"/>
</spawn>
<spawn centerx="541" centery="135" centerz="15" radius="5">
<monster name="Petrified Hell Hound" direction="2" spawntime="60" x="-1" y="-3"/>
<monster name="Petrified Hell Hound" direction="2" spawntime="60" x="1" y="-3"/>
<monster name="Petrified Hell Hound" direction="2" spawntime="60" x="3" y="-3"/>
<monster name="Crypt Lord" direction="2" spawntime="60" x="-2" y="1"/>
<monster name="Crypt Lord" direction="2" spawntime="60" x="1" y="1"/>
<monster name="Crypt Lord" direction="2" spawntime="60" x="-2" y="4"/>
<monster name="Crypt Lord" direction="2" spawntime="60" x="1" y="4"/>
</spawn>
<spawn centerx="986" centery="135" centerz="15" radius="5">
<monster name="Hell screamer" direction="2" spawntime="60" x="-3" y="-4"/>
<monster name="Hell screamer" direction="2" spawntime="60" x="-1" y="-4"/>
<monster name="Hell screamer" direction="2" spawntime="60" x="1" y="-4"/>
<monster name="Hell screamer" direction="2" spawntime="60" x="3" y="-4"/>
<monster name="Hell screamer" direction="2" spawntime="60" x="-3" y="-2"/>
<monster name="Hell screamer" direction="2" spawntime="60" x="-1" y="-2"/>
<monster name="Hell screamer" direction="2" spawntime="60" x="1" y="-2"/>
<monster name="Hell screamer" direction="2" spawntime="60" x="3" y="-2"/>
<monster name="Hell screamer" direction="2" spawntime="60" x="-3" y="0"/>
<monster name="Hell screamer" direction="2" spawntime="60" x="-1" y="0"/>
<monster name="Hell screamer" direction="2" spawntime="60" x="1" y="0"/>
<monster name="Hell screamer" direction="2" spawntime="60" x="3" y="0"/>
<monster name="Ghostly visage" direction="2" spawntime="60" x="-3" y="4"/>
<monster name="Ghostly visage" direction="2" spawntime="60" x="-1" y="4"/>
<monster name="Ghostly visage" direction="2" spawntime="60" x="1" y="4"/>
<monster name="Ghostly visage" direction="2" spawntime="60" x="3" y="4"/>
</spawn>
<spawn centerx="994" centery="135" centerz="15" radius="5">
<monster name="Flesh Fiend" direction="2" spawntime="60" x="-1" y="-1"/>
<monster name="Flesh Fiend" direction="2" spawntime="60" x="0" y="-1"/>
<monster name="Flesh Fiend" direction="2" spawntime="60" x="-1" y="0"/>
<monster name="Flesh Fiend" direction="2" spawntime="60" x="0" y="0"/>
</spawn>
<spawn centerx="1002" centery="135" centerz="15" radius="5">
<monster name="Nefarious Acolyte" direction="2" spawntime="60" x="-1" y="0"/>
<monster name="Petrified Hell Hound" direction="2" spawntime="60" x="5" y="1"/>
</spawn>
<spawn centerx="438" centery="136" centerz="15" radius="5">
<monster name="Ghostly visage" direction="2" spawntime="60" x="-3" y="-2"/>
<monster name="Ghostly visage" direction="2" spawntime="60" x="-1" y="-2"/>
<monster name="Ghostly visage" direction="2" spawntime="60" x="1" y="-2"/>
<monster name="Ghostly visage" direction="2" spawntime="60" x="3" y="-2"/>
<monster name="Ghostly visage" direction="2" spawntime="60" x="-3" y="0"/>
<monster name="Ghostly visage" direction="2" spawntime="60" x="-1" y="0"/>
<monster name="Ghostly visage" direction="2" spawntime="60" x="1" y="0"/>
<monster name="Ghostly visage" direction="2" spawntime="60" x="3" y="0"/>
<monster name="Ghostly visage" direction="2" spawntime="60" x="-3" y="2"/>
<monster name="Ghostly visage" direction="2" spawntime="60" x="-1" y="2"/>
<monster name="Ghostly visage" direction="2" spawntime="60" x="1" y="2"/>
<monster name="Ghostly visage" direction="2" spawntime="60" x="3" y="2"/>
</spawn>
<spawn centerx="462" centery="136" centerz="15" radius="5">
<monster name="Crypt Lord" direction="2" spawntime="60" x="-2" y="0"/>
<monster name="Crypt Lord" direction="2" spawntime="60" x="2" y="0"/>
<monster name="Crypt Lord" direction="2" spawntime="60" x="-2" y="3"/>
<monster name="Crypt Lord" direction="2" spawntime="60" x="2" y="3"/>
</spawn>
<spawn centerx="1010" centery="136" centerz="15" radius="5">
<monster name="Petrified Hell Hound" direction="2" spawntime="60" x="-1" y="0"/>
<monster name="Petrified Hell Hound" direction="2" spawntime="60" x="1" y="0"/>
<monster name="Petrified Hell Hound" direction="2" spawntime="60" x="3" y="0"/>
<monster name="Crypt Lord" direction="2" spawntime="60" x="-2" y="3"/>
<monster name="Crypt Lord" direction="2" spawntime="60" x="1" y="3"/>
</spawn>
<spawn centerx="1085" centery="136" centerz="15" radius="5">
<monster name="Hell screamer" direction="2" spawntime="60" x="-3" y="-2"/>
<monster name="Hell screamer" direction="2" spawntime="60" x="-1" y="-2"/>
<monster name="Hell screamer" direction="2" spawntime="60" x="1" y="-2"/>
<monster name="Hell screamer" direction="2" spawntime="60" x="3" y="-2"/>
<monster name="Hell screamer" direction="2" spawntime="60" x="-3" y="0"/>
<monster name="Hell screamer" direction="2" spawntime="60" x="-1" y="0"/>
<monster name="Hell screamer" direction="2" spawntime="60" x="1" y="0"/>
<monster name="Hell screamer" direction="2" spawntime="60" x="3" y="0"/>
<monster name="Hell screamer" direction="2" spawntime="60" x="-3" y="2"/>
<monster name="Hell screamer" direction="2" spawntime="60" x="-1" y="2"/>
<monster name="Hell screamer" direction="2" spawntime="60" x="1" y="2"/>
<monster name="Hell screamer" direction="2" spawntime="60" x="3" y="2"/>
</spawn>
<spawn centerx="1109" centery="136" centerz="15" radius="5">
<monster name="Petrified Hell Hound" direction="2" spawntime="60" x="-3" y="-2"/>
<monster name="Petrified Hell Hound" direction="2" spawntime="60" x="-1" y="-2"/>
<monster name="Petrified Hell Hound" direction="2" spawntime="60" x="1" y="-2"/>
<monster name="Petrified Hell Hound" direction="2" spawntime="60" x="3" y="-2"/>
<monster name="Petrified Hell Hound" direction="2" spawntime="60" x="-3" y="0"/>
<monster name="Petrified Hell Hound" direction="2" spawntime="60" x="-1" y="0"/>
<monster name="Petrified Hell Hound" direction="2" spawntime="60" x="1" y="0"/>
<monster name="Petrified Hell Hound" direction="2" spawntime="60" x="3" y="0"/>
<monster name="Petrified Hell Hound" direction="2" spawntime="60" x="-3" y="2"/>
<monster name="Petrified Hell Hound" direction="2" spawntime="60" x="-1" y="2"/>
<monster name="Petrified Hell Hound" direction="2" spawntime="60" x="1" y="2"/>
<monster name="Petrified Hell Hound" direction="2" spawntime="60" x="3" y="2"/>
</spawn>
<spawn centerx="937" centery="137" centerz="15" radius="5">
<monster name="Ghostly visage" direction="2" spawntime="60" x="-3" y="-2"/>
<monster name="Ghostly visage" direction="2" spawntime="60" x="-1" y="-2"/>
<monster name="Ghostly visage" direction="2" spawntime="60" x="1" y="-2"/>
<monster name="Ghostly visage" direction="2" spawntime="60" x="3" y="-2"/>
<monster name="Ghostly visage" direction="2" spawntime="60" x="-3" y="0"/>
<monster name="Ghostly visage" direction="2" spawntime="60" x="-1" y="0"/>
<monster name="Ghostly visage" direction="2" spawntime="60" x="1" y="0"/>
<monster name="Ghostly visage" direction="2" spawntime="60" x="3" y="0"/>
<monster name="Ghostly visage" direction="2" spawntime="60" x="-3" y="2"/>
<monster name="Ghostly visage" direction="2" spawntime="60" x="-1" y="2"/>
<monster name="Ghostly visage" direction="2" spawntime="60" x="1" y="2"/>
<monster name="Ghostly visage" direction="2" spawntime="60" x="3" y="2"/>
</spawn>
<spawn centerx="961" centery="137" centerz="15" radius="5">
<monster name="Crypt Lord" direction="2" spawntime="60" x="-2" y="0"/>
<monster name="Crypt Lord" direction="2" spawntime="60" x="2" y="0"/>
<monster name="Crypt Lord" direction="2" spawntime="60" x="-2" y="3"/>
<monster name="Crypt Lord" direction="2" spawntime="60" x="2" y="3"/>
</spawn>
<spawn centerx="1093" centery="137" centerz="15" radius="5">
<monster name="Flesh Fiend" direction="2" spawntime="60" x="-1" y="-1"/>
<monster name="Flesh Fiend" direction="2" spawntime="60" x="0" y="-1"/>
<monster name="Flesh Fiend" direction="2" spawntime="60" x="-1" y="0"/>
<monster name="Ghostly visage" direction="2" spawntime="60" x="-5" y="5"/>
</spawn>
<spawn centerx="1101" centery="137" centerz="15" radius="5">
<monster name="Demonic Acolyte" direction="2" spawntime="60" x="1" y="0"/>
</spawn>
<spawn centerx="293" centery="138" centerz="15" radius="5">
<monster name="Sibang" direction="2" spawntime="60" x="-3" y="-2"/>
<monster name="Sibang" direction="2" spawntime="60" x="-1" y="-2"/>
<monster name="Sibang" direction="2" spawntime="60" x="1" y="-2"/>
<monster name="Sibang" direction="2" spawntime="60" x="3" y="-2"/>
<monster name="Sibang" direction="2" spawntime="60" x="-3" y="0"/>
<monster name="Sibang" direction="2" spawntime="60" x="-1" y="0"/>
<monster name="Sibang" direction="2" spawntime="60" x="1" y="0"/>
<monster name="Sibang" direction="2" spawntime="60" x="3" y="0"/>
<monster name="Sibang" direction="2" spawntime="60" x="-3" y="2"/>
<monster name="Sibang" direction="2" spawntime="60" x="-1" y="2"/>
<monster name="Sibang" direction="2" spawntime="60" x="1" y="2"/>
<monster name="Sibang" direction="2" spawntime="60" x="3" y="2"/>
</spawn>
<spawn centerx="317" centery="138" centerz="15" radius="5">
<monster name="Plague Spitter" direction="2" spawntime="60" x="-3" y="-2"/>
<monster name="Plague Spitter" direction="2" spawntime="60" x="-1" y="-2"/>
<monster name="Plague Spitter" direction="2" spawntime="60" x="1" y="-2"/>
<monster name="Plague Spitter" direction="2" spawntime="60" x="3" y="-2"/>
<monster name="Plague Spitter" direction="2" spawntime="60" x="-3" y="0"/>
<monster name="Plague Spitter" direction="2" spawntime="60" x="-1" y="0"/>
<monster name="Plague Spitter" direction="2" spawntime="60" x="1" y="0"/>
<monster name="Plague Spitter" direction="2" spawntime="60" x="3" y="0"/>
<monster name="Plague Spitter" direction="2" spawntime="60" x="-3" y="2"/>
<monster name="Plague Spitter" direction="2" spawntime="60" x="-1" y="2"/>
<monster name="Plague Spitter" direction="2" spawntime="60" x="1" y="2"/>
<monster name="Plague Spitter" direction="2" spawntime="60" x="3" y="2"/>
</spawn>
<spawn centerx="597" centery="138" centerz="15" radius="5">
<monster name="Ghostly visage" direction="2" spawntime="60" x="-3" y="-2"/>
<monster name="Ghostly visage" direction="2" spawntime="60" x="-1" y="-2"/>
<monster name="Ghostly visage" direction="2" spawntime="60" x="1" y="-2"/>
<monster name="Ghostly visage" direction="2" spawntime="60" x="3" y="-2"/>
<monster name="Ghostly visage" direction="2" spawntime="60" x="-3" y="0"/>
<monster name="Ghostly visage" direction="2" spawntime="60" x="-1" y="0"/>
<monster name="Ghostly visage" direction="2" spawntime="60" x="1" y="0"/>
<monster name="Ghostly visage" direction="2" spawntime="60" x="3" y="0"/>
<monster name="Ghostly visage" direction="2" spawntime="60" x="-3" y="2"/>
<monster name="Ghostly visage" direction="2" spawntime="60" x="-1" y="2"/>
<monster name="Ghostly visage" direction="2" spawntime="60" x="1" y="2"/>
<monster name="Ghostly visage" direction="2" spawntime="60" x="3" y="2"/>
</spawn>
<spawn centerx="621" centery="138" centerz="15" radius="5">
<monster name="Crypt Lord" direction="2" spawntime="60" x="-2" y="0"/>
<monster name="Crypt Lord" direction="2" spawntime="60" x="1" y="0"/>
<monster name="Crypt Lord" direction="2" spawntime="60" x="-2" y="3"/>
<monster name="Crypt Lord" direction="2" spawntime="60" x="1" y="3"/>
</spawn>
<spawn centerx="866" centery="138" centerz="15" radius="5">
<monster name="Ghostly visage" direction="2" spawntime="60" x="-3" y="-2"/>
<monster name="Ghostly visage" direction="2" spawntime="60" x="-1" y="-2"/>
<monster name="Ghostly visage" direction="2" spawntime="60" x="1" y="-2"/>
<monster name="Ghostly visage" direction="2" spawntime="60" x="3" y="-2"/>
<monster name="Ghostly visage" direction="2" spawntime="60" x="-3" y="0"/>
<monster name="Ghostly visage" direction="2" spawntime="60" x="-1" y="0"/>
<monster name="Ghostly visage" direction="2" spawntime="60" x="1" y="0"/>
<monster name="Ghostly visage" direction="2" spawntime="60" x="3" y="0"/>
<monster name="Ghostly visage" direction="2" spawntime="60" x="-3" y="2"/>
<monster name="Ghostly visage" direction="2" spawntime="60" x="-1" y="2"/>
<monster name="Ghostly visage" direction="2" spawntime="60" x="1" y="2"/>
<monster name="Ghostly visage" direction="2" spawntime="60" x="3" y="2"/>
</spawn>
<spawn centerx="890" centery="138" centerz="15" radius="5">
<monster name="Crypt Lord" direction="2" spawntime="60" x="-2" y="0"/>
<monster name="Crypt Lord" direction="2" spawntime="60" x="1" y="0"/>
<monster name="Crypt Lord" direction="2" spawntime="60" x="-2" y="3"/>
<monster name="Crypt Lord" direction="2" spawntime="60" x="1" y="3"/>
</spawn>
<spawn centerx="1063" centery="138" centerz="15" radius="5">
<monster name="Petrified Hell Hound" direction="2" spawntime="60" x="-3" y="-1"/>
<monster name="Petrified Hell Hound" direction="2" spawntime="60" x="-1" y="-1"/>
<monster name="Petrified Hell Hound" direction="2" spawntime="60" x="1" y="-1"/>
<monster name="Petrified Hell Hound" direction="2" spawntime="60" x="3" y="-1"/>
<monster name="Petrified Hell Hound" direction="2" spawntime="60" x="-3" y="1"/>
<monster name="Petrified Hell Hound" direction="2" spawntime="60" x="-1" y="1"/>
<monster name="Petrified Hell Hound" direction="2" spawntime="60" x="1" y="1"/>
<monster name="Petrified Hell Hound" direction="2" spawntime="60" x="3" y="1"/>
<monster name="Petrified Hell Hound" direction="2" spawntime="60" x="-3" y="3"/>
<monster name="Petrified Hell Hound" direction="2" spawntime="60" x="-1" y="3"/>
<monster name="Petrified Hell Hound" direction="2" spawntime="60" x="1" y="3"/>
<monster name="Petrified Hell Hound" direction="2" spawntime="60" x="3" y="3"/>
</spawn>
<spawn centerx="803" centery="139" centerz="15" radius="5">
<monster name="Ghostly visage" direction="2" spawntime="60" x="-3" y="-3"/>
<monster name="Ghostly visage" direction="2" spawntime="60" x="-1" y="-3"/>
<monster name="Ghostly visage" direction="2" spawntime="60" x="1" y="-3"/>
<monster name="Ghostly visage" direction="2" spawntime="60" x="3" y="-3"/>
<monster name="Ghostly visage" direction="2" spawntime="60" x="-3" y="-1"/>
<monster name="Ghostly visage" direction="2" spawntime="60" x="-1" y="-1"/>
<monster name="Ghostly visage" direction="2" spawntime="60" x="1" y="-1"/>
<monster name="Ghostly visage" direction="2" spawntime="60" x="3" y="-1"/>
<monster name="Ghostly visage" direction="2" spawntime="60" x="-3" y="1"/>
<monster name="Ghostly visage" direction="2" spawntime="60" x="-1" y="1"/>
<monster name="Ghostly visage" direction="2" spawntime="60" x="1" y="1"/>
<monster name="Ghostly visage" direction="2" spawntime="60" x="3" y="1"/>
<monster name="Ghostly visage" direction="2" spawntime="60" x="-3" y="3"/>
<monster name="Ghostly visage" direction="2" spawntime="60" x="-1" y="3"/>
<monster name="Ghostly visage" direction="2" spawntime="60" x="1" y="3"/>
<monster name="Ghostly visage" direction="2" spawntime="60" x="3" y="3"/>
</spawn>
<spawn centerx="827" centery="139" centerz="15" radius="5">
<monster name="Crypt Lord" direction="2" spawntime="60" x="-2" y="-3"/>
<monster name="Crypt Lord" direction="2" spawntime="60" x="1" y="-3"/>
<monster name="Crypt Lord" direction="2" spawntime="60" x="-2" y="1"/>
<monster name="Crypt Lord" direction="2" spawntime="60" x="1" y="1"/>
<monster name="Crypt Lord" direction="2" spawntime="60" x="-2" y="4"/>
<monster name="Crypt Lord" direction="2" spawntime="60" x="1" y="4"/>
</spawn>
<spawn centerx="230" centery="140" centerz="15" radius="5">
<monster name="Ghostly visage" direction="2" spawntime="60" x="-3" y="-2"/>
<monster name="Ghostly visage" direction="2" spawntime="60" x="-1" y="-2"/>
<monster name="Ghostly visage" direction="2" spawntime="60" x="1" y="-2"/>
<monster name="Ghostly visage" direction="2" spawntime="60" x="3" y="-2"/>
<monster name="Ghostly visage" direction="2" spawntime="60" x="-3" y="0"/>
<monster name="Ghostly visage" direction="2" spawntime="60" x="-1" y="0"/>
<monster name="Ghostly visage" direction="2" spawntime="60" x="1" y="0"/>
<monster name="Ghostly visage" direction="2" spawntime="60" x="3" y="0"/>
<monster name="Ghostly visage" direction="2" spawntime="60" x="-3" y="2"/>
<monster name="Ghostly visage" direction="2" spawntime="60" x="-1" y="2"/>
<monster name="Ghostly visage" direction="2" spawntime="60" x="1" y="2"/>
<monster name="Ghostly visage" direction="2" spawntime="60" x="3" y="2"/>
</spawn>
<spawn centerx="254" centery="140" centerz="15" radius="5">
<monster name="Crypt Lord" direction="2" spawntime="60" x="-2" y="0"/>
<monster name="Crypt Lord" direction="2" spawntime="60" x="2" y="0"/>
<monster name="Crypt Lord" direction="2" spawntime="60" x="-2" y="3"/>
<monster name="Crypt Lord" direction="2" spawntime="60" x="2" y="3"/>
</spawn>
<spawn centerx="1039" centery="140" centerz="15" radius="5">
<monster name="Hell screamer" direction="2" spawntime="60" x="-3" y="-1"/>
<monster name="Hell screamer" direction="2" spawntime="60" x="-1" y="-1"/>
<monster name="Hell screamer" direction="2" spawntime="60" x="1" y="-1"/>
<monster name="Hell screamer" direction="2" spawntime="60" x="3" y="-1"/>
<monster name="Hell screamer" direction="2" spawntime="60" x="-3" y="1"/>
<monster name="Hell screamer" direction="2" spawntime="60" x="-1" y="1"/>
<monster name="Hell screamer" direction="2" spawntime="60" x="1" y="1"/>
<monster name="Hell screamer" direction="2" spawntime="60" x="3" y="1"/>
<monster name="Ghostly visage" direction="2" spawntime="60" x="-3" y="5"/>
<monster name="Ghostly visage" direction="2" spawntime="60" x="-1" y="5"/>
<monster name="Ghostly visage" direction="2" spawntime="60" x="1" y="5"/>
<monster name="Ghostly visage" direction="2" spawntime="60" x="3" y="5"/>
</spawn>
<spawn centerx="1048" centery="140" centerz="15" radius="5">
<monster name="Flesh Fiend" direction="2" spawntime="60" x="-2" y="-1"/>
<monster name="Flesh Fiend" direction="2" spawntime="60" x="-1" y="-1"/>
<monster name="Flesh Fiend" direction="2" spawntime="60" x="-2" y="0"/>
</spawn>
<spawn centerx="1054" centery="140" centerz="15" radius="5">
<monster name="Nefarious Acolyte" direction="2" spawntime="60" x="1" y="-1"/>
</spawn>
<spawn centerx="525" centery="141" centerz="15" radius="5">
<monster name="Petrified Hell Hound" direction="2" spawntime="60" x="0" y="-1"/>
<monster name="Ghostly visage" direction="2" spawntime="60" x="-5" y="1"/>
<monster name="Petrified Hell Hound" direction="2" spawntime="60" x="0" y="1"/>
<monster name="Ghostly visage" direction="2" spawntime="60" x="-5" y="3"/>
<monster name="Ghostly visage" direction="2" spawntime="60" x="-5" y="5"/>
</spawn>
<spawn centerx="533" centery="141" centerz="15" radius="5">
<monster name="Skeletor" direction="2" spawntime="60" x="-1" y="0"/>
</spawn>
<spawn centerx="662" centery="141" centerz="15" radius="5">
<monster name="Ghostly visage" direction="2" spawntime="60" x="-3" y="-3"/>
<monster name="Ghostly visage" direction="2" spawntime="60" x="-1" y="-3"/>
<monster name="Ghostly visage" direction="2" spawntime="60" x="1" y="-3"/>
<monster name="Ghostly visage" direction="2" spawntime="60" x="3" y="-3"/>
<monster name="Ghostly visage" direction="2" spawntime="60" x="-3" y="-1"/>
<monster name="Ghostly visage" direction="2" spawntime="60" x="-1" y="-1"/>
<monster name="Ghostly visage" direction="2" spawntime="60" x="1" y="-1"/>
<monster name="Ghostly visage" direction="2" spawntime="60" x="3" y="-1"/>
<monster name="Ghostly visage" direction="2" spawntime="60" x="-3" y="1"/>
<monster name="Ghostly visage" direction="2" spawntime="60" x="-1" y="1"/>
<monster name="Ghostly visage" direction="2" spawntime="60" x="1" y="1"/>
<monster name="Ghostly visage" direction="2" spawntime="60" x="3" y="1"/>
<monster name="Ghostly visage" direction="2" spawntime="60" x="-3" y="3"/>
<monster name="Ghostly visage" direction="2" spawntime="60" x="-1" y="3"/>
<monster name="Ghostly visage" direction="2" spawntime="60" x="1" y="3"/>
<monster name="Ghostly visage" direction="2" spawntime="60" x="3" y="3"/>
<monster name="Ghostly visage" direction="2" spawntime="60" x="-3" y="5"/>
<monster name="Ghostly visage" direction="2" spawntime="60" x="-1" y="5"/>
<monster name="Ghostly visage" direction="2" spawntime="60" x="1" y="5"/>
<monster name="Ghostly visage" direction="2" spawntime="60" x="3" y="5"/>
</spawn>
<spawn centerx="670" centery="141" centerz="15" radius="5">
<monster name="Petrified Hell Hound" direction="2" spawntime="60" x="0" y="-1"/>
<monster name="Petrified Hell Hound" direction="2" spawntime="60" x="0" y="1"/>
</spawn>
<spawn centerx="678" centery="141" centerz="15" radius="5">
<monster name="Skeletor" direction="2" spawntime="60" x="-1" y="0"/>
</spawn>
<spawn centerx="686" centery="141" centerz="15" radius="5">
<monster name="Crypt Lord" direction="2" spawntime="60" x="-2" y="-2"/>
<monster name="Crypt Lord" direction="2" spawntime="60" x="1" y="-2"/>
<monster name="Crypt Lord" direction="2" spawntime="60" x="-2" y="2"/>
<monster name="Crypt Lord" direction="2" spawntime="60" x="1" y="2"/>
<monster name="Crypt Lord" direction="2" spawntime="60" x="-2" y="5"/>
<monster name="Crypt Lord" direction="2" spawntime="60" x="1" y="5"/>
</spawn>
<spawn centerx="1154" centery="141" centerz="15" radius="5">
<monster name="Ghostly visage" direction="2" spawntime="60" x="-3" y="-2"/>
<monster name="Ghostly visage" direction="2" spawntime="60" x="-1" y="-2"/>
<monster name="Ghostly visage" direction="2" spawntime="60" x="1" y="-2"/>
<monster name="Ghostly visage" direction="2" spawntime="60" x="3" y="-2"/>
<monster name="Ghostly visage" direction="2" spawntime="60" x="-3" y="0"/>
<monster name="Ghostly visage" direction="2" spawntime="60" x="-1" y="0"/>
<monster name="Ghostly visage" direction="2" spawntime="60" x="1" y="0"/>
<monster name="Ghostly visage" direction="2" spawntime="60" x="3" y="0"/>
<monster name="Ghostly visage" direction="2" spawntime="60" x="-3" y="2"/>
<monster name="Ghostly visage" direction="2" spawntime="60" x="-1" y="2"/>
<monster name="Ghostly visage" direction="2" spawntime="60" x="1" y="2"/>
<monster name="Ghostly visage" direction="2" spawntime="60" x="3" y="2"/>
<monster name="Ghostly visage" direction="2" spawntime="60" x="-3" y="4"/>
<monster name="Ghostly visage" direction="2" spawntime="60" x="-1" y="4"/>
<monster name="Ghostly visage" direction="2" spawntime="60" x="1" y="4"/>
<monster name="Ghostly visage" direction="2" spawntime="60" x="3" y="4"/>
</spawn>
<spawn centerx="4958" centery="141" centerz="15" radius="10">
<monster name="Ghostly visage" direction="2" spawntime="60" x="-5" y="-4"/>
<monster name="Ghostly visage" direction="2" spawntime="60" x="-4" y="-3"/>
<monster name="Ghostly visage" direction="2" spawntime="60" x="4" y="-3"/>
<monster name="Ghostly visage" direction="2" spawntime="60" x="7" y="-3"/>
<monster name="Ghostly visage" direction="2" spawntime="60" x="0" y="-1"/>
<monster name="Ghostly visage" direction="2" spawntime="60" x="-4" y="1"/>
<monster name="Ghostly visage" direction="2" spawntime="60" x="-7" y="2"/>
<monster name="Ghostly visage" direction="2" spawntime="60" x="4" y="2"/>
<monster name="Ghostly visage" direction="2" spawntime="60" x="8" y="2"/>
<monster name="Ghostly visage" direction="2" spawntime="60" x="-3" y="3"/>
<monster name="Ghostly visage" direction="2" spawntime="60" x="3" y="5"/>
<monster name="Ghostly visage" direction="2" spawntime="60" x="1" y="6"/>
<monster name="Ghostly visage" direction="2" spawntime="60" x="-6" y="7"/>
<monster name="Ghostly visage" direction="2" spawntime="60" x="-3" y="7"/>
<monster name="Ghostly visage" direction="2" spawntime="60" x="7" y="7"/>
<monster name="Ghostly visage" direction="2" spawntime="60" x="-2" y="10"/>
</spawn>
<spawn centerx="4973" centery="141" centerz="15" radius="10">
<monster name="Ghostly visage" direction="2" spawntime="60" x="-1" y="-2"/>
<monster name="Ghostly visage" direction="2" spawntime="60" x="3" y="-2"/>
<monster name="Ghostly visage" direction="2" spawntime="60" x="-2" y="0"/>
<monster name="Ghostly visage" direction="2" spawntime="60" x="5" y="0"/>
<monster name="Ghostly visage" direction="2" spawntime="60" x="3" y="2"/>
<monster name="Ghostly visage" direction="2" spawntime="60" x="-4" y="4"/>
<monster name="Ghostly visage" direction="2" spawntime="60" x="-1" y="5"/>
<monster name="Ghostly visage" direction="2" spawntime="60" x="3" y="6"/>
<monster name="Ghostly visage" direction="2" spawntime="60" x="-2" y="8"/>
<monster name="Ghostly visage" direction="2" spawntime="60" x="5" y="8"/>
<monster name="Ghostly visage" direction="2" spawntime="60" x="-4" y="10"/>
<monster name="Ghostly visage" direction="2" spawntime="60" x="1" y="10"/>
</spawn>
<spawn centerx="1161" centery="142" centerz="15" radius="5">
<monster name="Petrified Hell Hound" direction="2" spawntime="60" x="-1" y="1"/>
<monster name="Petrified Hell Hound" direction="2" spawntime="60" x="2" y="1"/>
<monster name="Petrified Hell Hound" direction="2" spawntime="60" x="0" y="3"/>
<monster name="Ghostly visage" direction="2" spawntime="60" x="-4" y="5"/>
</spawn>
<spawn centerx="517" centery="143" centerz="15" radius="5">
<monster name="Ghostly visage" direction="2" spawntime="60" x="-3" y="-1"/>
<monster name="Ghostly visage" direction="2" spawntime="60" x="-1" y="-1"/>
<monster name="Ghostly visage" direction="2" spawntime="60" x="1" y="-1"/>
<monster name="Ghostly visage" direction="2" spawntime="60" x="-3" y="1"/>
<monster name="Ghostly visage" direction="2" spawntime="60" x="-1" y="1"/>
<monster name="Ghostly visage" direction="2" spawntime="60" x="1" y="1"/>
<monster name="Ghostly visage" direction="2" spawntime="60" x="-3" y="3"/>
<monster name="Ghostly visage" direction="2" spawntime="60" x="-1" y="3"/>
<monster name="Ghostly visage" direction="2" spawntime="60" x="1" y="3"/>
<monster name="Ghostly visage" direction="2" spawntime="60" x="-3" y="5"/>
<monster name="Ghostly visage" direction="2" spawntime="60" x="-1" y="5"/>
<monster name="Ghostly visage" direction="2" spawntime="60" x="1" y="5"/>
<monster name="Ghostly visage" direction="2" spawntime="60" x="3" y="5"/>
</spawn>
<spawn centerx="541" centery="143" centerz="15" radius="5">
<monster name="Crypt Lord" direction="2" spawntime="60" x="-2" y="0"/>
<monster name="Crypt Lord" direction="2" spawntime="60" x="1" y="0"/>
<monster name="Crypt Lord" direction="2" spawntime="60" x="-2" y="3"/>
<monster name="Crypt Lord" direction="2" spawntime="60" x="1" y="3"/>
</spawn>
<spawn centerx="1178" centery="143" centerz="15" radius="5">
<monster name="Crypt Lord" direction="2" spawntime="60" x="-2" y="-3"/>
<monster name="Crypt Lord" direction="2" spawntime="60" x="2" y="-3"/>
<monster name="Crypt Lord" direction="2" spawntime="60" x="-2" y="0"/>
<monster name="Crypt Lord" direction="2" spawntime="60" x="2" y="0"/>
<monster name="Crypt Lord" direction="2" spawntime="60" x="-2" y="3"/>
<monster name="Crypt Lord" direction="2" spawntime="60" x="2" y="3"/>
</spawn>
<spawn centerx="1085" centery="144" centerz="15" radius="5">
<monster name="Ghostly visage" direction="2" spawntime="60" x="-3" y="-2"/>
<monster name="Ghostly visage" direction="2" spawntime="60" x="-1" y="-2"/>
<monster name="Ghostly visage" direction="2" spawntime="60" x="1" y="-2"/>
<monster name="Ghostly visage" direction="2" spawntime="60" x="-3" y="0"/>
<monster name="Ghostly visage" direction="2" spawntime="60" x="-1" y="0"/>
<monster name="Ghostly visage" direction="2" spawntime="60" x="1" y="0"/>
<monster name="Ghostly visage" direction="2" spawntime="60" x="3" y="0"/>
<monster name="Ghostly visage" direction="2" spawntime="60" x="-3" y="2"/>
<monster name="Ghostly visage" direction="2" spawntime="60" x="-1" y="2"/>
<monster name="Ghostly visage" direction="2" spawntime="60" x="1" y="2"/>
<monster name="Ghostly visage" direction="2" spawntime="60" x="3" y="2"/>
<monster name="Ghostly visage" direction="2" spawntime="60" x="-3" y="4"/>
<monster name="Ghostly visage" direction="2" spawntime="60" x="-1" y="4"/>
<monster name="Ghostly visage" direction="2" spawntime="60" x="1" y="4"/>
<monster name="Ghostly visage" direction="2" spawntime="60" x="3" y="4"/>
</spawn>
<spawn centerx="1171" centery="144" centerz="15" radius="5">
<monster name="Skeletor" direction="2" spawntime="60" x="-1" y="1"/>
</spawn>
<spawn centerx="301" centery="145" centerz="15" radius="3">
<monster name="Plague Spitter" direction="2" spawntime="60" x="-2" y="-1"/>
<monster name="Plague Spitter" direction="2" spawntime="60" x="0" y="-1"/>
<monster name="Plague Spitter" direction="2" spawntime="60" x="-2" y="1"/>
<monster name="Plague Spitter" direction="2" spawntime="60" x="0" y="1"/>
</spawn>
<spawn centerx="309" centery="145" centerz="15" radius="3">
<monster name="Demonic Acolyte" direction="2" spawntime="60" x="-1" y="0"/>
</spawn>
<spawn centerx="986" centery="145" centerz="15" radius="5">
<monster name="Ghostly visage" direction="2" spawntime="60" x="-3" y="-4"/>
<monster name="Ghostly visage" direction="2" spawntime="60" x="-1" y="-4"/>
<monster name="Ghostly visage" direction="2" spawntime="60" x="1" y="-4"/>
<monster name="Ghostly visage" direction="2" spawntime="60" x="3" y="-4"/>
<monster name="Ghostly visage" direction="2" spawntime="60" x="-3" y="-2"/>
<monster name="Ghostly visage" direction="2" spawntime="60" x="-1" y="-2"/>
<monster name="Ghostly visage" direction="2" spawntime="60" x="1" y="-2"/>
<monster name="Ghostly visage" direction="2" spawntime="60" x="3" y="-2"/>
<monster name="Ghostly visage" direction="2" spawntime="60" x="-3" y="0"/>
<monster name="Ghostly visage" direction="2" spawntime="60" x="-1" y="0"/>
<monster name="Ghostly visage" direction="2" spawntime="60" x="1" y="0"/>
<monster name="Ghostly visage" direction="2" spawntime="60" x="3" y="0"/>
<monster name="Ghostly visage" direction="2" spawntime="60" x="-3" y="2"/>
<monster name="Ghostly visage" direction="2" spawntime="60" x="-1" y="2"/>
<monster name="Ghostly visage" direction="2" spawntime="60" x="1" y="2"/>
<monster name="Ghostly visage" direction="2" spawntime="60" x="3" y="2"/>
<monster name="Ghostly visage" direction="2" spawntime="60" x="-3" y="4"/>
<monster name="Ghostly visage" direction="2" spawntime="60" x="-1" y="4"/>
<monster name="Ghostly visage" direction="2" spawntime="60" x="1" y="4"/>
<monster name="Ghostly visage" direction="2" spawntime="60" x="3" y="4"/>
</spawn>
<spawn centerx="994" centery="145" centerz="15" radius="5">
<monster name="Petrified Hell Hound" direction="2" spawntime="60" x="-1" y="-1"/>
<monster name="Petrified Hell Hound" direction="2" spawntime="60" x="-1" y="1"/>
</spawn>
<spawn centerx="1003" centery="145" centerz="15" radius="5">
<monster name="Crypt Lord" direction="2" spawntime="60" x="5" y="-2"/>
<monster name="Skeletor" direction="2" spawntime="60" x="-1" y="0"/>
<monster name="Crypt Lord" direction="2" spawntime="60" x="5" y="1"/>
</spawn>
<spawn centerx="1012" centery="145" centerz="15" radius="5">
<monster name="Crypt Lord" direction="2" spawntime="60" x="-1" y="-2"/>
<monster name="Crypt Lord" direction="2" spawntime="60" x="-1" y="1"/>
</spawn>
<spawn centerx="1109" centery="145" centerz="15" radius="5">
<monster name="Crypt Lord" direction="2" spawntime="60" x="-2" y="-2"/>
<monster name="Crypt Lord" direction="2" spawntime="60" x="2" y="-2"/>
<monster name="Crypt Lord" direction="2" spawntime="60" x="-2" y="1"/>
<monster name="Crypt Lord" direction="2" spawntime="60" x="2" y="1"/>
<monster name="Crypt Lord" direction="2" spawntime="60" x="-2" y="4"/>
<monster name="Crypt Lord" direction="2" spawntime="60" x="2" y="4"/>
</spawn>
<spawn centerx="293" centery="147" centerz="15" radius="5">
<monster name="Soul Destroyer" direction="2" spawntime="60" x="-1" y="-2"/>
<monster name="Soul Destroyer" direction="2" spawntime="60" x="1" y="-2"/>
<monster name="Soul Destroyer" direction="2" spawntime="60" x="-1" y="1"/>
<monster name="Soul Destroyer" direction="2" spawntime="60" x="1" y="1"/>
<monster name="Soul Destroyer" direction="2" spawntime="60" x="-1" y="4"/>
<monster name="Soul Destroyer" direction="2" spawntime="60" x="1" y="4"/>
</spawn>
<spawn centerx="317" centery="147" centerz="15" radius="5">
<monster name="Petrified Hell Hound" direction="2" spawntime="60" x="-3" y="-3"/>
<monster name="Petrified Hell Hound" direction="2" spawntime="60" x="-1" y="-3"/>
<monster name="Petrified Hell Hound" direction="2" spawntime="60" x="1" y="-3"/>
<monster name="Petrified Hell Hound" direction="2" spawntime="60" x="3" y="-3"/>
<monster name="Petrified Hell Hound" direction="2" spawntime="60" x="-3" y="-1"/>
<monster name="Petrified Hell Hound" direction="2" spawntime="60" x="-1" y="-1"/>
<monster name="Petrified Hell Hound" direction="2" spawntime="60" x="1" y="-1"/>
<monster name="Petrified Hell Hound" direction="2" spawntime="60" x="3" y="-1"/>
<monster name="Petrified Hell Hound" direction="2" spawntime="60" x="-3" y="1"/>
<monster name="Petrified Hell Hound" direction="2" spawntime="60" x="-1" y="1"/>
<monster name="Petrified Hell Hound" direction="2" spawntime="60" x="1" y="1"/>
<monster name="Petrified Hell Hound" direction="2" spawntime="60" x="3" y="1"/>
<monster name="Petrified Hell Hound" direction="2" spawntime="60" x="-3" y="3"/>
<monster name="Petrified Hell Hound" direction="2" spawntime="60" x="-1" y="3"/>
<monster name="Petrified Hell Hound" direction="2" spawntime="60" x="1" y="3"/>
<monster name="Petrified Hell Hound" direction="2" spawntime="60" x="3" y="3"/>
<monster name="Petrified Hell Hound" direction="2" spawntime="60" x="-3" y="5"/>
<monster name="Petrified Hell Hound" direction="2" spawntime="60" x="-1" y="5"/>
<monster name="Petrified Hell Hound" direction="2" spawntime="60" x="1" y="5"/>
<monster name="Petrified Hell Hound" direction="2" spawntime="60" x="3" y="5"/>
</spawn>
<spawn centerx="1093" centery="147" centerz="15" radius="5">
<monster name="Petrified Hell Hound" direction="2" spawntime="60" x="-1" y="0"/>
<monster name="Petrified Hell Hound" direction="2" spawntime="60" x="-1" y="1"/>
<monster name="Ghostly visage" direction="2" spawntime="60" x="-5" y="3"/>
<monster name="Ghostly visage" direction="2" spawntime="60" x="-5" y="5"/>
</spawn>
<spawn centerx="1101" centery="147" centerz="15" radius="5">
<monster name="Skeletor" direction="2" spawntime="60" x="-1" y="-1"/>
</spawn>
<spawn centerx="1154" centery="147" centerz="15" radius="5">
<monster name="Ghostly visage" direction="2" spawntime="60" x="-3" y="0"/>
<monster name="Ghostly visage" direction="2" spawntime="60" x="-1" y="0"/>
<monster name="Ghostly visage" direction="2" spawntime="60" x="1" y="0"/>
<monster name="Ghostly visage" direction="2" spawntime="60" x="-3" y="2"/>
<monster name="Ghostly visage" direction="2" spawntime="60" x="-1" y="2"/>
<monster name="Ghostly visage" direction="2" spawntime="60" x="1" y="2"/>
<monster name="Ghostly visage" direction="2" spawntime="60" x="3" y="2"/>
<monster name="Ghostly visage" direction="2" spawntime="60" x="-3" y="4"/>
<monster name="Ghostly visage" direction="2" spawntime="60" x="-1" y="4"/>
<monster name="Ghostly visage" direction="2" spawntime="60" x="1" y="4"/>
<monster name="Ghostly visage" direction="2" spawntime="60" x="3" y="4"/>
</spawn>
<spawn centerx="1063" centery="148" centerz="15" radius="5">
<monster name="Crypt Lord" direction="2" spawntime="60" x="-2" y="-3"/>
<monster name="Crypt Lord" direction="2" spawntime="60" x="1" y="-3"/>
<monster name="Crypt Lord" direction="2" spawntime="60" x="-2" y="0"/>
<monster name="Crypt Lord" direction="2" spawntime="60" x="1" y="0"/>
<monster name="Crypt Lord" direction="2" spawntime="60" x="-2" y="3"/>
<monster name="Crypt Lord" direction="2" spawntime="60" x="1" y="3"/>
</spawn>
<spawn centerx="1039" centery="149" centerz="15" radius="5">
<monster name="Ghostly visage" direction="2" spawntime="60" x="-3" y="-2"/>
<monster name="Ghostly visage" direction="2" spawntime="60" x="-1" y="-2"/>
<monster name="Ghostly visage" direction="2" spawntime="60" x="1" y="-2"/>
<monster name="Ghostly visage" direction="2" spawntime="60" x="3" y="-2"/>
<monster name="Ghostly visage" direction="2" spawntime="60" x="-3" y="0"/>
<monster name="Ghostly visage" direction="2" spawntime="60" x="-1" y="0"/>
<monster name="Ghostly visage" direction="2" spawntime="60" x="1" y="0"/>
<monster name="Ghostly visage" direction="2" spawntime="60" x="3" y="0"/>
<monster name="Ghostly visage" direction="2" spawntime="60" x="-3" y="2"/>
<monster name="Ghostly visage" direction="2" spawntime="60" x="-1" y="2"/>
<monster name="Ghostly visage" direction="2" spawntime="60" x="1" y="2"/>
<monster name="Ghostly visage" direction="2" spawntime="60" x="3" y="2"/>
<monster name="Ghostly visage" direction="2" spawntime="60" x="-3" y="4"/>
<monster name="Ghostly visage" direction="2" spawntime="60" x="-1" y="4"/>
<monster name="Ghostly visage" direction="2" spawntime="60" x="1" y="4"/>
<monster name="Ghostly visage" direction="2" spawntime="60" x="3" y="4"/>
</spawn>
<spawn centerx="662" centery="150" centerz="15" radius="5">
<monster name="Ghostly visage" direction="2" spawntime="60" x="-3" y="-2"/>
<monster name="Ghostly visage" direction="2" spawntime="60" x="-1" y="-2"/>
<monster name="Ghostly visage" direction="2" spawntime="60" x="1" y="-2"/>
<monster name="Ghostly visage" direction="2" spawntime="60" x="3" y="-2"/>
<monster name="Ghostly visage" direction="2" spawntime="60" x="-3" y="0"/>
<monster name="Ghostly visage" direction="2" spawntime="60" x="-1" y="0"/>
<monster name="Ghostly visage" direction="2" spawntime="60" x="1" y="0"/>
<monster name="Ghostly visage" direction="2" spawntime="60" x="3" y="0"/>
<monster name="Ghostly visage" direction="2" spawntime="60" x="-3" y="2"/>
<monster name="Ghostly visage" direction="2" spawntime="60" x="-1" y="2"/>
<monster name="Ghostly visage" direction="2" spawntime="60" x="1" y="2"/>
<monster name="Ghostly visage" direction="2" spawntime="60" x="3" y="2"/>
</spawn>
<spawn centerx="686" centery="150" centerz="15" radius="5">
<monster name="Crypt Lord" direction="2" spawntime="60" x="-2" y="0"/>
<monster name="Crypt Lord" direction="2" spawntime="60" x="1" y="0"/>
<monster name="Crypt Lord" direction="2" spawntime="60" x="-2" y="3"/>
<monster name="Crypt Lord" direction="2" spawntime="60" x="1" y="3"/>
</spawn>
<spawn centerx="1047" centery="150" centerz="15" radius="5">
<monster name="Petrified Hell Hound" direction="2" spawntime="60" x="-1" y="-1"/>
<monster name="Petrified Hell Hound" direction="2" spawntime="60" x="-1" y="1"/>
<monster name="Ghostly visage" direction="2" spawntime="60" x="-5" y="5"/>
</spawn>
<spawn centerx="1054" centery="150" centerz="15" radius="5">
<monster name="Skeletor" direction="2" spawntime="60" x="1" y="0"/>
</spawn>
<spawn centerx="517" centery="152" centerz="15" radius="5">
<monster name="Ghostly visage" direction="2" spawntime="60" x="-3" y="-2"/>
<monster name="Ghostly visage" direction="2" spawntime="60" x="-1" y="-2"/>
<monster name="Ghostly visage" direction="2" spawntime="60" x="1" y="-2"/>
<monster name="Ghostly visage" direction="2" spawntime="60" x="3" y="-2"/>
<monster name="Ghostly visage" direction="2" spawntime="60" x="-3" y="0"/>
<monster name="Ghostly visage" direction="2" spawntime="60" x="-1" y="0"/>
<monster name="Ghostly visage" direction="2" spawntime="60" x="1" y="0"/>
<monster name="Ghostly visage" direction="2" spawntime="60" x="3" y="0"/>
</spawn>
<spawn centerx="541" centery="152" centerz="15" radius="5">
<monster name="Crypt Lord" direction="2" spawntime="60" x="-2" y="-2"/>
<monster name="Crypt Lord" direction="2" spawntime="60" x="1" y="-2"/>
<monster name="Crypt Lord" direction="2" spawntime="60" x="-2" y="1"/>
<monster name="Crypt Lord" direction="2" spawntime="60" x="1" y="1"/>
</spawn>
<spawn centerx="1085" centery="152" centerz="15" radius="5">
<monster name="Ghostly visage" direction="2" spawntime="60" x="-3" y="-2"/>
<monster name="Ghostly visage" direction="2" spawntime="60" x="-1" y="-2"/>
<monster name="Ghostly visage" direction="2" spawntime="60" x="1" y="-2"/>
<monster name="Ghostly visage" direction="2" spawntime="60" x="-3" y="0"/>
<monster name="Ghostly visage" direction="2" spawntime="60" x="-1" y="0"/>
<monster name="Ghostly visage" direction="2" spawntime="60" x="1" y="0"/>
<monster name="Ghostly visage" direction="2" spawntime="60" x="-3" y="2"/>
<monster name="Ghostly visage" direction="2" spawntime="60" x="-1" y="2"/>
<monster name="Ghostly visage" direction="2" spawntime="60" x="1" y="2"/>
<monster name="Ghostly visage" direction="2" spawntime="60" x="3" y="2"/>
<monster name="Ghostly visage" direction="2" spawntime="60" x="-3" y="4"/>
<monster name="Ghostly visage" direction="2" spawntime="60" x="-1" y="4"/>
<monster name="Ghostly visage" direction="2" spawntime="60" x="1" y="4"/>
<monster name="Ghostly visage" direction="2" spawntime="60" x="3" y="4"/>
</spawn>
<spawn centerx="1154" centery="153" centerz="15" radius="5">
<monster name="Ghostly visage" direction="2" spawntime="60" x="-3" y="0"/>
<monster name="Ghostly visage" direction="2" spawntime="60" x="-1" y="0"/>
<monster name="Ghostly visage" direction="2" spawntime="60" x="1" y="0"/>
<monster name="Ghostly visage" direction="2" spawntime="60" x="3" y="0"/>
<monster name="Ghostly visage" direction="2" spawntime="60" x="-3" y="2"/>
<monster name="Ghostly visage" direction="2" spawntime="60" x="-1" y="2"/>
<monster name="Ghostly visage" direction="2" spawntime="60" x="1" y="2"/>
<monster name="Ghostly visage" direction="2" spawntime="60" x="3" y="2"/>
<monster name="Ghostly visage" direction="2" spawntime="60" x="-3" y="4"/>
<monster name="Ghostly visage" direction="2" spawntime="60" x="-1" y="4"/>
<monster name="Ghostly visage" direction="2" spawntime="60" x="1" y="4"/>
<monster name="Ghostly visage" direction="2" spawntime="60" x="3" y="4"/>
</spawn>
<spawn centerx="1178" centery="153" centerz="15" radius="5">
<monster name="Crypt Lord" direction="2" spawntime="60" x="-2" y="-3"/>
<monster name="Crypt Lord" direction="2" spawntime="60" x="2" y="-3"/>
<monster name="Crypt Lord" direction="2" spawntime="60" x="-2" y="0"/>
<monster name="Crypt Lord" direction="2" spawntime="60" x="2" y="0"/>
<monster name="Crypt Lord" direction="2" spawntime="60" x="-2" y="3"/>
<monster name="Crypt Lord" direction="2" spawntime="60" x="2" y="3"/>
</spawn>
<spawn centerx="4945" centery="153" centerz="15" radius="5">
<monster name="The Creator" direction="2" spawntime="60" x="0" y="-1"/>
</spawn>
<spawn centerx="301" centery="155" centerz="15" radius="3">
<monster name="Flesh Fiend" direction="2" spawntime="60" x="-2" y="-1"/>
<monster name="Flesh Fiend" direction="2" spawntime="60" x="0" y="-1"/>
<monster name="Flesh Fiend" direction="2" spawntime="60" x="-2" y="1"/>
<monster name="Flesh Fiend" direction="2" spawntime="60" x="0" y="1"/>
</spawn>
<spawn centerx="309" centery="155" centerz="15" radius="3">
<monster name="Nefarious Acolyte" direction="2" spawntime="60" x="-1" y="0"/>
</spawn>
<spawn centerx="1009" centery="155" centerz="15" radius="5">
<monster name="Crypt Lord" direction="2" spawntime="60" x="-1" y="-4"/>
<monster name="Crypt Lord" direction="2" spawntime="60" x="2" y="-4"/>
<monster name="Crypt Lord" direction="2" spawntime="60" x="-1" y="-1"/>
<monster name="Crypt Lord" direction="2" spawntime="60" x="2" y="-1"/>
<monster name="Crypt Lord" direction="2" spawntime="60" x="-1" y="2"/>
<monster name="Crypt Lord" direction="2" spawntime="60" x="2" y="2"/>
</spawn>
<spawn centerx="4958" centery="155" centerz="15" radius="10">
<monster name="Ghostly visage" direction="2" spawntime="60" x="4" y="-3"/>
<monster name="Ghostly visage" direction="2" spawntime="60" x="7" y="-3"/>
<monster name="Ghostly visage" direction="2" spawntime="60" x="-6" y="-2"/>
<monster name="Ghostly visage" direction="2" spawntime="60" x="-2" y="-1"/>
<monster name="Ghostly visage" direction="2" spawntime="60" x="4" y="0"/>
<monster name="Ghostly visage" direction="2" spawntime="60" x="9" y="0"/>
<monster name="Ghostly visage" direction="2" spawntime="60" x="-6" y="2"/>
<monster name="Ghostly visage" direction="2" spawntime="60" x="-1" y="2"/>
<monster name="Ghostly visage" direction="2" spawntime="60" x="7" y="2"/>
<monster name="Ghostly visage" direction="2" spawntime="60" x="-6" y="5"/>
<monster name="Ghostly visage" direction="2" spawntime="60" x="2" y="5"/>
<monster name="Ghostly visage" direction="2" spawntime="60" x="5" y="5"/>
<monster name="Ghostly visage" direction="2" spawntime="60" x="10" y="5"/>
<monster name="Ghostly visage" direction="2" spawntime="60" x="-3" y="6"/>
<monster name="Ghostly visage" direction="2" spawntime="60" x="7" y="7"/>
<monster name="Ghostly visage" direction="2" spawntime="60" x="-1" y="8"/>
<monster name="Ghostly visage" direction="2" spawntime="60" x="-5" y="9"/>
<monster name="Ghostly visage" direction="2" spawntime="60" x="2" y="9"/>
<monster name="Ghostly visage" direction="2" spawntime="60" x="8" y="9"/>
</spawn>
<spawn centerx="4973" centery="155" centerz="15" radius="10">
<monster name="Ghostly visage" direction="2" spawntime="60" x="5" y="-3"/>
<monster name="Ghostly visage" direction="2" spawntime="60" x="3" y="0"/>
<monster name="Ghostly visage" direction="2" spawntime="60" x="-1" y="1"/>
<monster name="Ghostly visage" direction="2" spawntime="60" x="5" y="3"/>
<monster name="Ghostly visage" direction="2" spawntime="60" x="0" y="4"/>
<monster name="Ghostly visage" direction="2" spawntime="60" x="4" y="6"/>
<monster name="Ghostly visage" direction="2" spawntime="60" x="-3" y="7"/>
<monster name="Ghostly visage" direction="2" spawntime="60" x="2" y="7"/>
<monster name="Ghostly visage" direction="2" spawntime="60" x="0" y="9"/>
<monster name="Ghostly visage" direction="2" spawntime="60" x="5" y="9"/>
</spawn>
<spawn centerx="293" centery="156" centerz="15" radius="5">
<monster name="Soul Destroyer" direction="2" spawntime="60" x="-1" y="-2"/>
<monster name="Soul Destroyer" direction="2" spawntime="60" x="1" y="-2"/>
<monster name="Soul Destroyer" direction="2" spawntime="60" x="-1" y="1"/>
<monster name="Soul Destroyer" direction="2" spawntime="60" x="1" y="1"/>
<monster name="Soul Destroyer" direction="2" spawntime="60" x="-1" y="4"/>
<monster name="Soul Destroyer" direction="2" spawntime="60" x="1" y="4"/>
</spawn>
<spawn centerx="317" centery="156" centerz="15" radius="5">
<monster name="Petrified Hell Hound" direction="2" spawntime="60" x="-3" y="-2"/>
<monster name="Petrified Hell Hound" direction="2" spawntime="60" x="-1" y="-2"/>
<monster name="Petrified Hell Hound" direction="2" spawntime="60" x="1" y="-2"/>
<monster name="Petrified Hell Hound" direction="2" spawntime="60" x="3" y="-2"/>
<monster name="Petrified Hell Hound" direction="2" spawntime="60" x="-3" y="0"/>
<monster name="Petrified Hell Hound" direction="2" spawntime="60" x="-1" y="0"/>
<monster name="Petrified Hell Hound" direction="2" spawntime="60" x="1" y="0"/>
<monster name="Petrified Hell Hound" direction="2" spawntime="60" x="3" y="0"/>
<monster name="Crypt Lord" direction="2" spawntime="60" x="-2" y="4"/>
<monster name="Crypt Lord" direction="2" spawntime="60" x="1" y="4"/>
</spawn>
<spawn centerx="986" centery="156" centerz="15" radius="5">
<monster name="Ghostly visage" direction="2" spawntime="60" x="-3" y="-4"/>
<monster name="Ghostly visage" direction="2" spawntime="60" x="-1" y="-4"/>
<monster name="Ghostly visage" direction="2" spawntime="60" x="1" y="-4"/>
<monster name="Ghostly visage" direction="2" spawntime="60" x="3" y="-4"/>
<monster name="Ghostly visage" direction="2" spawntime="60" x="-3" y="-2"/>
<monster name="Ghostly visage" direction="2" spawntime="60" x="-1" y="-2"/>
<monster name="Ghostly visage" direction="2" spawntime="60" x="1" y="-2"/>
<monster name="Ghostly visage" direction="2" spawntime="60" x="3" y="-2"/>
<monster name="Ghostly visage" direction="2" spawntime="60" x="-3" y="0"/>
<monster name="Ghostly visage" direction="2" spawntime="60" x="-1" y="0"/>
<monster name="Ghostly visage" direction="2" spawntime="60" x="1" y="0"/>
<monster name="Ghostly visage" direction="2" spawntime="60" x="3" y="0"/>
</spawn>
<spawn centerx="1109" centery="156" centerz="15" radius="5">
<monster name="Crypt Lord" direction="2" spawntime="60" x="-2" y="-2"/>
<monster name="Crypt Lord" direction="2" spawntime="60" x="2" y="-2"/>
<monster name="Crypt Lord" direction="2" spawntime="60" x="-2" y="0"/>
<monster name="Crypt Lord" direction="2" spawntime="60" x="2" y="1"/>
<monster name="Crypt Lord" direction="2" spawntime="60" x="-2" y="3"/>
<monster name="Crypt Lord" direction="2" spawntime="60" x="2" y="3"/>
</spawn>
<spawn centerx="1039" centery="159" centerz="15" radius="5">
<monster name="Ghostly visage" direction="2" spawntime="60" x="-3" y="-4"/>
<monster name="Ghostly visage" direction="2" spawntime="60" x="-1" y="-4"/>
<monster name="Ghostly visage" direction="2" spawntime="60" x="1" y="-4"/>
<monster name="Ghostly visage" direction="2" spawntime="60" x="-3" y="-2"/>
<monster name="Ghostly visage" direction="2" spawntime="60" x="-1" y="-2"/>
<monster name="Ghostly visage" direction="2" spawntime="60" x="1" y="-2"/>
<monster name="Ghostly visage" direction="2" spawntime="60" x="3" y="-2"/>
<monster name="Ghostly visage" direction="2" spawntime="60" x="-3" y="0"/>
<monster name="Ghostly visage" direction="2" spawntime="60" x="-1" y="0"/>
<monster name="Ghostly visage" direction="2" spawntime="60" x="1" y="0"/>
<monster name="Ghostly visage" direction="2" spawntime="60" x="3" y="0"/>
<monster name="Ghostly visage" direction="2" spawntime="60" x="-3" y="2"/>
<monster name="Ghostly visage" direction="2" spawntime="60" x="-1" y="2"/>
<monster name="Ghostly visage" direction="2" spawntime="60" x="1" y="2"/>
<monster name="Ghostly visage" direction="2" spawntime="60" x="3" y="2"/>
<monster name="Ghostly visage" direction="2" spawntime="60" x="-3" y="4"/>
<monster name="Ghostly visage" direction="2" spawntime="60" x="-1" y="4"/>
<monster name="Ghostly visage" direction="2" spawntime="60" x="1" y="4"/>
<monster name="Ghostly visage" direction="2" spawntime="60" x="3" y="4"/>
</spawn>
<spawn centerx="1063" centery="159" centerz="15" radius="5">
<monster name="Crypt Lord" direction="2" spawntime="60" x="-2" y="-3"/>
<monster name="Crypt Lord" direction="2" spawntime="60" x="1" y="-3"/>
<monster name="Crypt Lord" direction="2" spawntime="60" x="-2" y="0"/>
<monster name="Crypt Lord" direction="2" spawntime="60" x="1" y="0"/>
<monster name="Crypt Lord" direction="2" spawntime="60" x="-2" y="3"/>
<monster name="Crypt Lord" direction="2" spawntime="60" x="1" y="3"/>
</spawn>
<spawn centerx="1085" centery="159" centerz="15" radius="5">
<monster name="Ghostly visage" direction="2" spawntime="60" x="-3" y="-1"/>
<monster name="Ghostly visage" direction="2" spawntime="60" x="-1" y="-1"/>
<monster name="Ghostly visage" direction="2" spawntime="60" x="1" y="-1"/>
<monster name="Ghostly visage" direction="2" spawntime="60" x="3" y="-1"/>
<monster name="Ghostly visage" direction="2" spawntime="60" x="-3" y="1"/>
<monster name="Ghostly visage" direction="2" spawntime="60" x="-1" y="1"/>
<monster name="Ghostly visage" direction="2" spawntime="60" x="1" y="1"/>
<monster name="Ghostly visage" direction="2" spawntime="60" x="3" y="1"/>
</spawn>
<spawn centerx="301" centery="165" centerz="15" radius="3">
<monster name="Azurewraith" direction="2" spawntime="60" x="-1" y="0"/>
</spawn>
<spawn centerx="309" centery="165" centerz="15" radius="3">
<monster name="Skeletor" direction="2" spawntime="60" x="-1" y="0"/>
</spawn>
<spawn centerx="317" centery="165" centerz="15" radius="5">
<monster name="Crypt Lord" direction="2" spawntime="60" x="-2" y="-2"/>
<monster name="Crypt Lord" direction="2" spawntime="60" x="1" y="-2"/>
<monster name="Crypt Lord" direction="2" spawntime="60" x="-2" y="2"/>
<monster name="Crypt Lord" direction="2" spawntime="60" x="1" y="2"/>
<monster name="Crypt Lord" direction="2" spawntime="60" x="-2" y="5"/>
<monster name="Crypt Lord" direction="2" spawntime="60" x="1" y="5"/>
</spawn>
<spawn centerx="293" centery="166" centerz="15" radius="5">
<monster name="Soul Destroyer" direction="2" spawntime="60" x="-1" y="-2"/>
<monster name="Soul Destroyer" direction="2" spawntime="60" x="1" y="-2"/>
<monster name="Soul Destroyer" direction="2" spawntime="60" x="-1" y="2"/>
<monster name="Soul Destroyer" direction="2" spawntime="60" x="1" y="2"/>
</spawn>
<spawn centerx="4945" centery="167" centerz="15" radius="5">
<monster name="Lizard King" direction="2" spawntime="60" x="0" y="1"/>
</spawn>
<spawn centerx="293" centery="174" centerz="15" radius="5">
<monster name="Soul Destroyer" direction="2" spawntime="60" x="-1" y="-2"/>
<monster name="Soul Destroyer" direction="2" spawntime="60" x="1" y="-2"/>
<monster name="Soul Destroyer" direction="2" spawntime="60" x="-1" y="2"/>
<monster name="Soul Destroyer" direction="2" spawntime="60" x="1" y="2"/>
</spawn>
<spawn centerx="317" centery="174" centerz="15" radius="5">
<monster name="Crypt Lord" direction="2" spawntime="60" x="-2" y="0"/>
<monster name="Crypt Lord" direction="2" spawntime="60" x="1" y="0"/>
<monster name="Crypt Lord" direction="2" spawntime="60" x="-2" y="3"/>
<monster name="Crypt Lord" direction="2" spawntime="60" x="1" y="3"/>
</spawn>
<spawn centerx="432" centery="287" centerz="15" radius="3">
<monster name="Hell screamer" direction="2" spawntime="60" x="-2" y="-2"/>
<monster name="Hell screamer" direction="2" spawntime="60" x="0" y="-2"/>
<monster name="Hell screamer" direction="2" spawntime="30" x="-1" y="-1"/>
<monster name="Hell screamer" direction="2" spawntime="60" x="-2" y="0"/>
<monster name="Hell screamer" direction="2" spawntime="60" x="0" y="1"/>
<monster name="Hell screamer" direction="2" spawntime="60" x="-1" y="2"/>
</spawn>
<spawn centerx="432" centery="293" centerz="15" radius="3">
<monster name="Hell screamer" direction="2" spawntime="60" x="0" y="-2"/>
<monster name="Hell screamer" direction="2" spawntime="60" x="-2" y="-1"/>
<monster name="Hell screamer" direction="2" spawntime="30" x="-1" y="0"/>
<monster name="Hell screamer" direction="2" spawntime="60" x="-2" y="1"/>
<monster name="Hell screamer" direction="2" spawntime="60" x="0" y="2"/>
</spawn>
<spawn centerx="432" centery="299" centerz="15" radius="3">
<monster name="Ghostly visage" direction="2" spawntime="60" x="-2" y="-2"/>
<monster name="Ghostly visage" direction="2" spawntime="60" x="0" y="-2"/>
<monster name="Ghostly visage" direction="2" spawntime="30" x="-1" y="0"/>
<monster name="Ghostly visage" direction="2" spawntime="60" x="-2" y="2"/>
<monster name="Ghostly visage" direction="2" spawntime="60" x="0" y="2"/>
</spawn>
<spawn centerx="432" centery="305" centerz="15" radius="3">
<monster name="Plague Spitter" direction="2" spawntime="30" x="-1" y="-1"/>
<monster name="Plague Spitter" direction="2" spawntime="30" x="-1" y="1"/>
</spawn>
<spawn centerx="432" centery="311" centerz="15" radius="3">
<monster name="Ghostly visage" direction="2" spawntime="60" x="-2" y="-2"/>
<monster name="Ghostly visage" direction="2" spawntime="30" x="0" y="-1"/>
<monster name="Ghostly visage" direction="2" spawntime="60" x="-2" y="0"/>
<monster name="Ghostly visage" direction="2" spawntime="60" x="0" y="1"/>
<monster name="Ghostly visage" direction="2" spawntime="60" x="-2" y="2"/>
</spawn>
<spawn centerx="432" centery="317" centerz="15" radius="3">
<monster name="Flesh Fiend" direction="2" spawntime="30" x="-2" y="-1"/>
<monster name="Flesh Fiend" direction="2" spawntime="30" x="-2" y="1"/>
</spawn>
<spawn centerx="432" centery="323" centerz="15" radius="3">
<monster name="Vlad Tepes" direction="2" spawntime="30" x="-2" y="-1"/>
<monster name="Vlad Tepes" direction="2" spawntime="60" x="0" y="-1"/>
<monster name="Vlad Tepes" direction="2" spawntime="30" x="-1" y="0"/>
<monster name="Vlad Tepes" direction="2" spawntime="30" x="-2" y="1"/>
<monster name="Vlad Tepes" direction="2" spawntime="60" x="0" y="1"/>
</spawn>
<spawn centerx="57" centery="324" centerz="15" radius="5">
<monster name="fire storm" direction="2" spawntime="60" x="4" y="-2"/>
<monster name="fire storm" direction="2" spawntime="60" x="4" y="-1"/>
<monster name="fire storm" direction="2" spawntime="60" x="4" y="0"/>
<monster name="fire storm" direction="2" spawntime="60" x="-3" y="1"/>
<monster name="fire storm" direction="2" spawntime="60" x="4" y="1"/>
<monster name="fire storm" direction="2" spawntime="60" x="-2" y="2"/>
<monster name="fire storm" direction="2" spawntime="60" x="4" y="2"/>
</spawn>
<spawn centerx="67" centery="324" centerz="15" radius="5">
<monster name="fire storm" direction="2" spawntime="60" x="-1" y="-2"/>
<monster name="fire storm" direction="2" spawntime="60" x="3" y="-2"/>
<monster name="fire storm" direction="2" spawntime="60" x="-1" y="-1"/>
<monster name="fire storm" direction="2" spawntime="60" x="3" y="-1"/>
<monster name="fire storm" direction="2" spawntime="60" x="-1" y="0"/>
<monster name="fire storm" direction="2" spawntime="60" x="3" y="0"/>
<monster name="fire storm" direction="2" spawntime="60" x="-1" y="1"/>
<monster name="fire storm" direction="2" spawntime="60" x="3" y="1"/>
<monster name="fire storm" direction="2" spawntime="60" x="-1" y="2"/>
<monster name="fire storm" direction="2" spawntime="60" x="3" y="2"/>
</spawn>
<spawn centerx="78" centery="324" centerz="15" radius="5">
<monster name="fire storm" direction="2" spawntime="60" x="-3" y="-2"/>
<monster name="fire storm" direction="2" spawntime="60" x="2" y="-2"/>
<monster name="fire storm" direction="2" spawntime="60" x="-3" y="-1"/>
<monster name="fire storm" direction="2" spawntime="60" x="2" y="-1"/>
<monster name="fire storm" direction="2" spawntime="60" x="-3" y="0"/>
<monster name="fire storm" direction="2" spawntime="60" x="2" y="0"/>
<monster name="fire storm" direction="2" spawntime="60" x="-3" y="1"/>
<monster name="fire storm" direction="2" spawntime="60" x="2" y="1"/>
<monster name="fire storm" direction="2" spawntime="60" x="-3" y="2"/>
<monster name="fire storm" direction="2" spawntime="60" x="2" y="2"/>
</spawn>
<spawn centerx="89" centery="324" centerz="15" radius="5">
<monster name="fire storm" direction="2" spawntime="60" x="-2" y="-2"/>
<monster name="fire storm" direction="2" spawntime="60" x="2" y="-2"/>
<monster name="fire storm" direction="2" spawntime="60" x="-2" y="-1"/>
<monster name="fire storm" direction="2" spawntime="60" x="2" y="-1"/>
<monster name="fire storm" direction="2" spawntime="60" x="-2" y="0"/>
<monster name="fire storm" direction="2" spawntime="60" x="2" y="0"/>
<monster name="fire storm" direction="2" spawntime="60" x="-2" y="1"/>
<monster name="fire storm" direction="2" spawntime="60" x="2" y="1"/>
<monster name="fire storm" direction="2" spawntime="60" x="-2" y="2"/>
<monster name="fire storm" direction="2" spawntime="60" x="2" y="2"/>
</spawn>
<spawn centerx="99" centery="324" centerz="15" radius="5">
<monster name="fire storm" direction="2" spawntime="60" x="-2" y="-2"/>
<monster name="fire storm" direction="2" spawntime="60" x="2" y="-2"/>
<monster name="fire storm" direction="2" spawntime="60" x="-2" y="-1"/>
<monster name="fire storm" direction="2" spawntime="60" x="2" y="-1"/>
<monster name="fire storm" direction="2" spawntime="60" x="-2" y="0"/>
<monster name="fire storm" direction="2" spawntime="60" x="2" y="0"/>
<monster name="fire storm" direction="2" spawntime="60" x="-2" y="1"/>
<monster name="fire storm" direction="2" spawntime="60" x="2" y="1"/>
<monster name="fire storm" direction="2" spawntime="60" x="-2" y="2"/>
<monster name="fire storm" direction="2" spawntime="60" x="2" y="2"/>
</spawn>
<spawn centerx="109" centery="324" centerz="15" radius="5">
<monster name="fire storm" direction="2" spawntime="60" x="-4" y="-2"/>
<monster name="fire storm" direction="2" spawntime="60" x="0" y="-2"/>
<monster name="fire storm" direction="2" spawntime="60" x="-4" y="-1"/>
<monster name="fire storm" direction="2" spawntime="60" x="0" y="-1"/>
<monster name="fire storm" direction="2" spawntime="60" x="-4" y="0"/>
<monster name="fire storm" direction="2" spawntime="60" x="-4" y="1"/>
<monster name="fire storm" direction="2" spawntime="60" x="0" y="1"/>
<monster name="fire storm" direction="2" spawntime="60" x="-4" y="2"/>
<monster name="fire storm" direction="2" spawntime="60" x="0" y="2"/>
</spawn>
<spawn centerx="133" centery="328" centerz="15" radius="5">
<monster name="fire storm" direction="2" spawntime="60" x="-2" y="-2"/>
<monster name="fire storm" direction="2" spawntime="60" x="1" y="-2"/>
<monster name="fire storm" direction="2" spawntime="60" x="0" y="-1"/>
<monster name="fire storm" direction="2" spawntime="60" x="2" y="0"/>
<monster name="fire storm" direction="2" spawntime="60" x="-2" y="1"/>
</spawn>
<spawn centerx="146" centery="328" centerz="15" radius="5">
<monster name="fire storm" direction="2" spawntime="60" x="-2" y="-2"/>
<monster name="fire storm" direction="2" spawntime="60" x="1" y="-2"/>
<monster name="fire storm" direction="2" spawntime="60" x="0" y="0"/>
<monster name="fire storm" direction="2" spawntime="60" x="-2" y="1"/>
<monster name="fire storm" direction="2" spawntime="60" x="2" y="1"/>
</spawn>
<spawn centerx="121" centery="329" centerz="15" radius="5">
<monster name="fire storm" direction="2" spawntime="60" x="0" y="-2"/>
<monster name="fire storm" direction="2" spawntime="60" x="-2" y="-1"/>
<monster name="fire storm" direction="2" spawntime="60" x="2" y="-1"/>
<monster name="fire storm" direction="2" spawntime="60" x="-2" y="1"/>
<monster name="fire storm" direction="2" spawntime="60" x="1" y="1"/>
</spawn>
<spawn centerx="432" centery="329" centerz="15" radius="3">
<monster name="Vlad Tepes" direction="2" spawntime="30" x="-2" y="-1"/>
<monster name="Vlad Tepes" direction="2" spawntime="60" x="0" y="-1"/>
<monster name="Vlad Tepes" direction="2" spawntime="30" x="-1" y="0"/>
<monster name="Vlad Tepes" direction="2" spawntime="30" x="-2" y="1"/>
<monster name="Vlad Tepes" direction="2" spawntime="60" x="0" y="1"/>
</spawn>
<spawn centerx="38" centery="330" centerz="15" radius="5">
<monster name="fire storm" direction="2" spawntime="60" x="0" y="-5"/>
<monster name="fire storm" direction="2" spawntime="60" x="-2" y="0"/>
<monster name="fire storm" direction="2" spawntime="60" x="-3" y="1"/>
<monster name="fire storm" direction="2" spawntime="60" x="0" y="2"/>
<monster name="fire storm" direction="2" spawntime="60" x="-1" y="3"/>
<monster name="fire storm" direction="2" spawntime="60" x="3" y="3"/>
</spawn>
<spawn centerx="27" centery="331" centerz="15" radius="5">
<monster name="fire storm" direction="2" spawntime="60" x="0" y="-5"/>
<monster name="fire storm" direction="2" spawntime="60" x="2" y="0"/>
<monster name="fire storm" direction="2" spawntime="60" x="-1" y="1"/>
<monster name="fire storm" direction="2" spawntime="60" x="2" y="2"/>
<monster name="fire storm" direction="2" spawntime="60" x="-2" y="3"/>
<monster name="fire storm" direction="2" spawntime="60" x="0" y="3"/>
</spawn>
<spawn centerx="49" centery="332" centerz="15" radius="5">
<monster name="fire storm" direction="2" spawntime="60" x="-1" y="0"/>
<monster name="fire storm" direction="2" spawntime="60" x="-3" y="1"/>
<monster name="fire storm" direction="2" spawntime="60" x="-1" y="2"/>
<monster name="fire storm" direction="2" spawntime="60" x="-2" y="3"/>
<monster name="fire storm" direction="2" spawntime="60" x="1" y="3"/>
</spawn>
<spawn centerx="72" centery="332" centerz="15" radius="5">
<monster name="Vlad Tepes" direction="2" spawntime="60" x="-1" y="-1"/>
<monster name="Vlad Tepes" direction="2" spawntime="60" x="1" y="0"/>
</spawn>
<spawn centerx="85" centery="332" centerz="15" radius="5">
<monster name="Ancient Necropharus" direction="2" spawntime="60" x="0" y="-2"/>
<monster name="Vlad Tepes" direction="2" spawntime="60" x="-1" y="0"/>
<monster name="Vlad Tepes" direction="2" spawntime="60" x="1" y="0"/>
<monster name="Ghostly visage" direction="2" spawntime="60" x="0" y="3"/>
<monster name="Ghostly visage" direction="2" spawntime="60" x="-1" y="4"/>
<monster name="Ghostly visage" direction="2" spawntime="60" x="0" y="4"/>
<monster name="Ghostly visage" direction="2" spawntime="60" x="1" y="4"/>
<monster name="Ghostly visage" direction="2" spawntime="60" x="-1" y="5"/>
<monster name="Ghostly visage" direction="2" spawntime="60" x="0" y="5"/>
<monster name="Ghostly visage" direction="2" spawntime="60" x="1" y="5"/>
</spawn>
<spawn centerx="97" centery="332" centerz="15" radius="5">
<monster name="Vlad Tepes" direction="2" spawntime="60" x="0" y="-1"/>
<monster name="Vlad Tepes" direction="2" spawntime="60" x="-1" y="0"/>
<monster name="Vlad Tepes" direction="2" spawntime="60" x="0" y="1"/>
</spawn>
<spawn centerx="108" centery="332" centerz="15" radius="5">
<monster name="Vlad Tepes" direction="2" spawntime="60" x="0" y="-1"/>
<monster name="Vlad Tepes" direction="2" spawntime="60" x="1" y="0"/>
</spawn>
<spawn centerx="432" centery="335" centerz="15" radius="3">
<monster name="Juggernaught" direction="2" spawntime="30" x="-1" y="-1"/>
<monster name="Juggernaught" direction="2" spawntime="30" x="1" y="-1"/>
<monster name="Juggernaught" direction="2" spawntime="30" x="-1" y="1"/>
<monster name="Juggernaught" direction="2" spawntime="30" x="1" y="1"/>
</spawn>
<spawn centerx="146" centery="338" centerz="15" radius="5">
<monster name="fire storm" direction="2" spawntime="60" x="3" y="-1"/>
<monster name="fire storm" direction="2" spawntime="60" x="-3" y="2"/>
<monster name="fire storm" direction="2" spawntime="60" x="2" y="2"/>
<monster name="fire storm" direction="2" spawntime="60" x="1" y="3"/>
</spawn>
<spawn centerx="133" centery="339" centerz="15" radius="5">
<monster name="fire storm" direction="2" spawntime="60" x="1" y="-1"/>
<monster name="fire storm" direction="2" spawntime="60" x="2" y="-1"/>
<monster name="fire storm" direction="2" spawntime="60" x="-3" y="2"/>
<monster name="fire storm" direction="2" spawntime="60" x="1" y="2"/>
</spawn>
<spawn centerx="63" centery="340" centerz="15" radius="5">
<monster name="Vlad Tepes" direction="2" spawntime="60" x="1" y="1"/>
<monster name="Vlad Tepes" direction="2" spawntime="60" x="-1" y="2"/>
<monster name="Demonic Summoner" direction="2" spawntime="60" x="-2" y="3"/>
</spawn>
<spawn centerx="85" centery="340" centerz="15" radius="5">
<monster name="Vlad Tepes" direction="2" spawntime="60" x="-1" y="0"/>
<monster name="Vlad Tepes" direction="2" spawntime="60" x="1" y="0"/>
<monster name="Ancient Necropharus" direction="2" spawntime="60" x="0" y="3"/>
</spawn>
<spawn centerx="97" centery="340" centerz="15" radius="5">
<monster name="Vlad Tepes" direction="2" spawntime="60" x="0" y="-1"/>
<monster name="Vlad Tepes" direction="2" spawntime="60" x="-1" y="0"/>
<monster name="Vlad Tepes" direction="2" spawntime="60" x="0" y="1"/>
<monster name="Demonic Summoner" direction="2" spawntime="60" x="-2" y="3"/>
</spawn>
<spawn centerx="107" centery="340" centerz="15" radius="5">
<monster name="Vlad Tepes" direction="2" spawntime="60" x="0" y="-1"/>
<monster name="Vlad Tepes" direction="2" spawntime="60" x="1" y="0"/>
<monster name="Vlad Tepes" direction="2" spawntime="60" x="0" y="1"/>
<monster name="Demonic Summoner" direction="2" spawntime="60" x="3" y="3"/>
</spawn>
<spawn centerx="121" centery="340" centerz="15" radius="5">
<monster name="fire storm" direction="2" spawntime="60" x="-1" y="-3"/>
<monster name="fire storm" direction="2" spawntime="60" x="-3" y="-1"/>
<monster name="fire storm" direction="2" spawntime="60" x="1" y="-1"/>
<monster name="fire storm" direction="2" spawntime="60" x="-1" y="0"/>
</spawn>
<spawn centerx="73" centery="341" centerz="15" radius="5">
<monster name="Vlad Tepes" direction="2" spawntime="60" x="1" y="0"/>
<monster name="Vlad Tepes" direction="2" spawntime="60" x="0" y="1"/>
<monster name="Demonic Summoner" direction="2" spawntime="60" x="3" y="2"/>
</spawn>
<spawn centerx="432" centery="341" centerz="15" radius="3">
<monster name="Grorlam" direction="2" spawntime="30" x="-1" y="-1"/>
<monster name="Grorlam" direction="2" spawntime="30" x="-2" y="0"/>
<monster name="Grorlam" direction="2" spawntime="30" x="-1" y="1"/>
</spawn>
<spawn centerx="39" centery="342" centerz="15" radius="5">
<monster name="fire storm" direction="2" spawntime="60" x="2" y="0"/>
<monster name="fire storm" direction="2" spawntime="60" x="-1" y="1"/>
<monster name="fire storm" direction="2" spawntime="60" x="1" y="2"/>
</spawn>
<spawn centerx="54" centery="343" centerz="15" radius="5">
<monster name="fire storm" direction="2" spawntime="60" x="3" y="-4"/>
<monster name="fire storm" direction="2" spawntime="60" x="-4" y="0"/>
<monster name="fire storm" direction="2" spawntime="60" x="-2" y="1"/>
<monster name="fire storm" direction="2" spawntime="60" x="-3" y="2"/>
<monster name="fire storm" direction="2" spawntime="60" x="-1" y="3"/>
</spawn>
<spawn centerx="27" centery="344" centerz="15" radius="5">
<monster name="fire storm" direction="2" spawntime="60" x="-2" y="1"/>
<monster name="fire storm" direction="2" spawntime="60" x="0" y="1"/>
<monster name="fire storm" direction="2" spawntime="60" x="-1" y="2"/>
</spawn>
<spawn centerx="141" centery="349" centerz="15" radius="5">
<monster name="fire storm" direction="2" spawntime="60" x="3" y="-1"/>
<monster name="fire storm" direction="2" spawntime="60" x="-3" y="1"/>
<monster name="fire storm" direction="2" spawntime="60" x="1" y="2"/>
</spawn>
<spawn centerx="105" centery="350" centerz="15" radius="5">
<monster name="Crypt Lord" direction="2" spawntime="10000" x="1" y="0"/>
</spawn>
<spawn centerx="67" centery="351" centerz="15" radius="5">
<monster name="Crypt Lord" direction="2" spawntime="10000" x="-1" y="0"/>
</spawn>
<spawn centerx="85" centery="351" centerz="15" radius="5">
<monster name="Petrified Hell Hound" direction="2" spawntime="60" x="0" y="-1"/>
<monster name="Plague Spitter" direction="2" spawntime="60" x="-4" y="0"/>
<monster name="Plague Spitter" direction="2" spawntime="60" x="5" y="0"/>
<monster name="Plague Spitter" direction="2" spawntime="60" x="1" y="5"/>
</spawn>
<spawn centerx="117" centery="352" centerz="15" radius="5">
<monster name="fire storm" direction="2" spawntime="60" x="-1" y="-3"/>
<monster name="fire storm" direction="2" spawntime="60" x="2" y="-2"/>
<monster name="fire storm" direction="2" spawntime="60" x="-1" y="1"/>
</spawn>
<spawn centerx="45" centery="355" centerz="15" radius="5">
<monster name="fire storm" direction="2" spawntime="60" x="-1" y="-2"/>
<monster name="fire storm" direction="2" spawntime="60" x="-3" y="-1"/>
<monster name="fire storm" direction="2" spawntime="60" x="-2" y="1"/>
</spawn>
<spawn centerx="129" centery="355" centerz="15" radius="5">
<monster name="fire storm" direction="2" spawntime="60" x="3" y="-2"/>
<monster name="fire storm" direction="2" spawntime="60" x="2" y="2"/>
<monster name="fire storm" direction="2" spawntime="60" x="-2" y="3"/>
</spawn>
<spawn centerx="55" centery="359" centerz="15" radius="5">
<monster name="fire storm" direction="2" spawntime="60" x="-1" y="-1"/>
<monster name="Vlad Tepes" direction="2" spawntime="60" x="5" y="-1"/>
<monster name="fire storm" direction="2" spawntime="60" x="-2" y="1"/>
<monster name="fire storm" direction="2" spawntime="60" x="0" y="2"/>
</spawn>
<spawn centerx="85" centery="360" centerz="15" radius="5">
<monster name="Petrified Hell Hound" direction="2" spawntime="60" x="-1" y="0"/>
<monster name="Petrified Hell Hound" direction="2" spawntime="60" x="1" y="0"/>
<monster name="Plague Spitter" direction="2" spawntime="60" x="-3" y="2"/>
</spawn>
<spawn centerx="63" centery="361" centerz="15" radius="5">
<monster name="Ghostly visage" direction="2" spawntime="60" x="0" y="-1"/>
<monster name="Ghostly visage" direction="2" spawntime="60" x="-1" y="0"/>
<monster name="Ghostly visage" direction="2" spawntime="60" x="1" y="0"/>
<monster name="Hell screamer" direction="2" spawntime="60" x="0" y="4"/>
</spawn>
<spawn centerx="73" centery="361" centerz="15" radius="5">
<monster name="Ghostly visage" direction="2" spawntime="60" x="0" y="-1"/>
<monster name="Ghostly visage" direction="2" spawntime="60" x="1" y="-1"/>
<monster name="Hell screamer" direction="2" spawntime="60" x="-2" y="1"/>
<monster name="Ghostly visage" direction="2" spawntime="60" x="1" y="1"/>
</spawn>
<spawn centerx="105" centery="361" centerz="15" radius="5">
<monster name="Demonic Summoner" direction="2" spawntime="60" x="1" y="-1"/>
<monster name="Demonic Summoner" direction="2" spawntime="60" x="1" y="1"/>
</spawn>
<spawn centerx="29" centery="363" centerz="15" radius="11">
<monster name="fire storm" direction="2" spawntime="60" x="-7" y="-8"/>
<monster name="fire storm" direction="2" spawntime="60" x="2" y="-8"/>
<monster name="fire storm" direction="2" spawntime="60" x="-8" y="-7"/>
<monster name="fire storm" direction="2" spawntime="60" x="5" y="-6"/>
<monster name="fire storm" direction="2" spawntime="60" x="2" y="-5"/>
<monster name="fire storm" direction="2" spawntime="60" x="-5" y="3"/>
<monster name="fire storm" direction="2" spawntime="60" x="-4" y="4"/>
<monster name="fire storm" direction="2" spawntime="60" x="6" y="6"/>
<monster name="fire storm" direction="2" spawntime="60" x="5" y="7"/>
<monster name="fire storm" direction="2" spawntime="60" x="4" y="8"/>
<monster name="Plague Spitter" direction="2" spawntime="60" x="7" y="11"/>
</spawn>
<spawn centerx="116" centery="363" centerz="15" radius="5">
<monster name="fire storm" direction="2" spawntime="60" x="2" y="-2"/>
<monster name="fire storm" direction="2" spawntime="60" x="-1" y="-1"/>
<monster name="fire storm" direction="2" spawntime="60" x="-2" y="2"/>
</spawn>
<spawn centerx="142" centery="365" centerz="15" radius="8">
<monster name="fire storm" direction="2" spawntime="60" x="2" y="-1"/>
<monster name="fire storm" direction="2" spawntime="60" x="-2" y="1"/>
</spawn>
<spawn centerx="47" centery="366" centerz="15" radius="5">
<monster name="fire storm" direction="2" spawntime="60" x="-2" y="-2"/>
<monster name="fire storm" direction="2" spawntime="60" x="1" y="-1"/>
<monster name="fire storm" direction="2" spawntime="60" x="-1" y="2"/>
</spawn>
<spawn centerx="96" centery="366" centerz="15" radius="5">
<monster name="Hell screamer" direction="2" spawntime="60" x="0" y="-1"/>
<monster name="Ghostly visage" direction="2" spawntime="60" x="-1" y="0"/>
<monster name="Vlad Tepes" direction="2" spawntime="60" x="1" y="0"/>
<monster name="Hell screamer" direction="2" spawntime="60" x="0" y="1"/>
<monster name="Ghostly visage" direction="2" spawntime="60" x="0" y="2"/>
<monster name="Ghostly visage" direction="2" spawntime="60" x="0" y="3"/>
</spawn>
<spawn centerx="126" centery="366" centerz="15" radius="5">
<monster name="fire storm" direction="2" spawntime="60" x="2" y="-1"/>
<monster name="fire storm" direction="2" spawntime="60" x="2" y="2"/>
<monster name="fire storm" direction="2" spawntime="60" x="-1" y="3"/>
</spawn>
<spawn centerx="63" centery="370" centerz="15" radius="5">
<monster name="Hell screamer" direction="2" spawntime="60" x="1" y="-1"/>
<monster name="Ghostly visage" direction="2" spawntime="60" x="-1" y="0"/>
<monster name="Ghostly visage" direction="2" spawntime="60" x="1" y="0"/>
<monster name="Vlad Tepes" direction="2" spawntime="60" x="-3" y="3"/>
</spawn>
<spawn centerx="81" centery="370" centerz="15" radius="5">
<monster name="Petrified Hell Hound" direction="2" spawntime="60" x="0" y="1"/>
<monster name="Vlad Tepes" direction="2" spawntime="60" x="-5" y="2"/>
<monster name="Plague Spitter" direction="2" spawntime="60" x="-1" y="3"/>
</spawn>
<spawn centerx="89" centery="370" centerz="15" radius="5">
<monster name="Plague Spitter" direction="2" spawntime="60" x="1" y="-3"/>
<monster name="Petrified Hell Hound" direction="2" spawntime="60" x="0" y="1"/>
</spawn>
<spawn centerx="106" centery="370" centerz="15" radius="5">
<monster name="Demonic Summoner" direction="2" spawntime="60" x="1" y="-1"/>
<monster name="Demonic Summoner" direction="2" spawntime="60" x="0" y="2"/>
</spawn>
<spawn centerx="74" centery="371" centerz="15" radius="5">
<monster name="Hell screamer" direction="2" spawntime="60" x="-1" y="-2"/>
<monster name="Ghostly visage" direction="2" spawntime="60" x="-1" y="0"/>
<monster name="Ghostly visage" direction="2" spawntime="60" x="1" y="0"/>
<monster name="Vlad Tepes" direction="2" spawntime="60" x="-1" y="1"/>
</spawn>
<spawn centerx="55" centery="372" centerz="15" radius="5">
<monster name="fire storm" direction="2" spawntime="60" x="2" y="-4"/>
<monster name="fire storm" direction="2" spawntime="60" x="0" y="1"/>
<monster name="fire storm" direction="2" spawntime="60" x="-2" y="3"/>
<monster name="fire storm" direction="2" spawntime="60" x="1" y="3"/>
</spawn>
<spawn centerx="117" centery="375" centerz="15" radius="5">
<monster name="Plague Spitter" direction="2" spawntime="60" x="5" y="0"/>
<monster name="fire storm" direction="2" spawntime="60" x="-3" y="1"/>
<monster name="fire storm" direction="2" spawntime="60" x="2" y="1"/>
<monster name="fire storm" direction="2" spawntime="60" x="0" y="3"/>
</spawn>
<spawn centerx="149" centery="375" centerz="15" radius="5">
<monster name="Plague Spitter" direction="2" spawntime="60" x="-5" y="0"/>
<monster name="Doom Lord" direction="2" spawntime="60" x="-1" y="0"/>
<monster name="Doom Lord" direction="2" spawntime="60" x="2" y="0"/>
</spawn>
<spawn centerx="22" centery="376" centerz="15" radius="5">
<monster name="Doom Lord" direction="2" spawntime="60" x="-1" y="0"/>
<monster name="Doom Lord" direction="2" spawntime="60" x="1" y="0"/>
<monster name="Plague Spitter" direction="2" spawntime="60" x="5" y="0"/>
</spawn>
<spawn centerx="82" centery="379" centerz="15" radius="5">
<monster name="Plague Spitter" direction="2" spawntime="60" x="3" y="0"/>
<monster name="Petrified Hell Hound" direction="2" spawntime="60" x="-1" y="1"/>
</spawn>
<spawn centerx="66" centery="380" centerz="15" radius="5">
<monster name="Demonic Acolyte" direction="2" spawntime="10000" x="-1" y="0"/>
</spawn>
<spawn centerx="88" centery="380" centerz="15" radius="5">
<monster name="Petrified Hell Hound" direction="2" spawntime="60" x="1" y="1"/>
</spawn>
<spawn centerx="103" centery="380" centerz="15" radius="5">
<monster name="Demonic Acolyte" direction="2" spawntime="10000" x="1" y="0"/>
</spawn>
<spawn centerx="53" centery="382" centerz="15" radius="5">
<monster name="fire storm" direction="2" spawntime="60" x="-1" y="1"/>
<monster name="fire storm" direction="2" spawntime="60" x="-2" y="2"/>
<monster name="fire storm" direction="2" spawntime="60" x="0" y="2"/>
</spawn>
<spawn centerx="37" centery="384" centerz="15" radius="14">
<monster name="Plague Spitter" direction="2" spawntime="60" x="9" y="-8"/>
<monster name="Ghostly visage" direction="2" spawntime="60" x="-8" y="-6"/>
<monster name="Ghostly visage" direction="2" spawntime="60" x="9" y="-6"/>
<monster name="Flesh Fiend" direction="2" spawntime="60" x="-2" y="-5"/>
<monster name="Plague Spitter" direction="2" spawntime="60" x="0" y="-5"/>
<monster name="Plague Spitter" direction="2" spawntime="60" x="9" y="-4"/>
<monster name="Plague Spitter" direction="2" spawntime="60" x="-9" y="-3"/>
<monster name="Ghostly visage" direction="2" spawntime="60" x="9" y="-1"/>
<monster name="Plague Spitter" direction="2" spawntime="60" x="-9" y="0"/>
<monster name="Ghostly visage" direction="2" spawntime="60" x="-4" y="1"/>
<monster name="Plague Spitter" direction="2" spawntime="60" x="7" y="1"/>
<monster name="Doom Lord" direction="2" spawntime="60" x="-14" y="4"/>
<monster name="Plague Spitter" direction="2" spawntime="60" x="-4" y="4"/>
<monster name="Ghostly visage" direction="2" spawntime="60" x="-9" y="5"/>
<monster name="Ghostly visage" direction="2" spawntime="60" x="3" y="5"/>
<monster name="Plague Spitter" direction="2" spawntime="60" x="6" y="5"/>
<monster name="Flesh Fiend" direction="2" spawntime="60" x="0" y="7"/>
<monster name="Plague Spitter" direction="2" spawntime="60" x="-5" y="8"/>
<monster name="Plague Spitter" direction="2" spawntime="60" x="3" y="10"/>
<monster name="Ghostly visage" direction="2" spawntime="60" x="-2" y="11"/>
<monster name="Flesh Fiend" direction="2" spawntime="60" x="2" y="12"/>
<monster name="Plague Spitter" direction="2" spawntime="60" x="-1" y="13"/>
<monster name="Flesh Fiend" direction="2" spawntime="60" x="1" y="13"/>
<monster name="Doom Lord" direction="2" spawntime="60" x="-14" y="14"/>
</spawn>
<spawn centerx="132" centery="385" centerz="15" radius="12">
<monster name="Plague Spitter" direction="2" spawntime="60" x="-5" y="-9"/>
<monster name="Plague Spitter" direction="2" spawntime="60" x="5" y="-8"/>
<monster name="Plague Spitter" direction="2" spawntime="60" x="-3" y="-6"/>
<monster name="Plague Spitter" direction="2" spawntime="60" x="10" y="-6"/>
<monster name="Plague Spitter" direction="2" spawntime="60" x="-8" y="-5"/>
<monster name="Plague Spitter" direction="2" spawntime="60" x="-4" y="-3"/>
<monster name="Plague Spitter" direction="2" spawntime="60" x="4" y="-3"/>
<monster name="Plague Spitter" direction="2" spawntime="60" x="5" y="0"/>
<monster name="Plague Spitter" direction="2" spawntime="60" x="-9" y="1"/>
<monster name="Plague Spitter" direction="2" spawntime="60" x="-4" y="4"/>
<monster name="Plague Spitter" direction="2" spawntime="60" x="10" y="4"/>
<monster name="Plague Spitter" direction="2" spawntime="60" x="3" y="6"/>
<monster name="Plague Spitter" direction="2" spawntime="60" x="-5" y="12"/>
</spawn>
<spawn centerx="117" centery="386" centerz="15" radius="5">
<monster name="fire storm" direction="2" spawntime="60" x="-3" y="1"/>
<monster name="fire storm" direction="2" spawntime="60" x="2" y="1"/>
<monster name="fire storm" direction="2" spawntime="60" x="0" y="3"/>
</spawn>
<spawn centerx="149" centery="387" centerz="15" radius="5">
<monster name="Doom Lord" direction="2" spawntime="60" x="2" y="-1"/>
<monster name="Doom Lord" direction="2" spawntime="60" x="2" y="0"/>
</spawn>
<spawn centerx="22" centery="388" centerz="15" radius="5">
<monster name="Doom Lord" direction="2" spawntime="60" x="-1" y="0"/>
</spawn>
<spawn centerx="63" centery="389" centerz="15" radius="5">
<monster name="Vlad Tepes" direction="2" spawntime="60" x="-3" y="-2"/>
<monster name="Ghostly visage" direction="2" spawntime="60" x="0" y="-1"/>
<monster name="Ghostly visage" direction="2" spawntime="60" x="-1" y="0"/>
<monster name="Ghostly visage" direction="2" spawntime="60" x="1" y="0"/>
</spawn>
<spawn centerx="74" centery="389" centerz="15" radius="5">
<monster name="Vlad Tepes" direction="2" spawntime="60" x="3" y="-2"/>
<monster name="Ghostly visage" direction="2" spawntime="60" x="0" y="-1"/>
<monster name="Ghostly visage" direction="2" spawntime="60" x="-1" y="0"/>
<monster name="Ghostly visage" direction="2" spawntime="60" x="1" y="0"/>
</spawn>
<spawn centerx="82" centery="389" centerz="15" radius="5">
<monster name="Plague Spitter" direction="2" spawntime="60" x="-2" y="0"/>
<monster name="Petrified Hell Hound" direction="2" spawntime="60" x="-1" y="1"/>
</spawn>
<spawn centerx="88" centery="389" centerz="15" radius="5">
<monster name="Petrified Hell Hound" direction="2" spawntime="60" x="0" y="1"/>
<monster name="Plague Spitter" direction="2" spawntime="60" x="3" y="1"/>
</spawn>
<spawn centerx="55" centery="390" centerz="15" radius="5">
<monster name="fire storm" direction="2" spawntime="60" x="-3" y="0"/>
<monster name="fire storm" direction="2" spawntime="60" x="-1" y="0"/>
<monster name="fire storm" direction="2" spawntime="60" x="-2" y="1"/>
</spawn>
<spawn centerx="97" centery="390" centerz="15" radius="5">
<monster name="Vlad Tepes" direction="2" spawntime="60" x="-3" y="-3"/>
<monster name="Vlad Tepes" direction="2" spawntime="60" x="-1" y="-3"/>
<monster name="Ghostly visage" direction="2" spawntime="60" x="-2" y="-1"/>
<monster name="Ghostly visage" direction="2" spawntime="60" x="2" y="0"/>
<monster name="Hell screamer" direction="2" spawntime="60" x="1" y="1"/>
<monster name="Ghostly visage" direction="2" spawntime="60" x="0" y="2"/>
</spawn>
<spawn centerx="107" centery="390" centerz="15" radius="5">
<monster name="Vlad Tepes" direction="2" spawntime="60" x="2" y="-3"/>
<monster name="Vlad Tepes" direction="2" spawntime="60" x="4" y="-3"/>
<monster name="Ghostly visage" direction="2" spawntime="60" x="1" y="-1"/>
<monster name="Ghostly visage" direction="2" spawntime="60" x="-2" y="0"/>
<monster name="Hell screamer" direction="2" spawntime="60" x="2" y="0"/>
<monster name="Ghostly visage" direction="2" spawntime="60" x="1" y="1"/>
</spawn>
<spawn centerx="116" centery="394" centerz="15" radius="5">
<monster name="Petrified Hell Hound" direction="2" spawntime="60" x="0" y="1"/>
</spawn>
<spawn centerx="22" centery="398" centerz="15" radius="5">
<monster name="Doom Lord" direction="2" spawntime="60" x="-1" y="0"/>
</spawn>
<spawn centerx="73" centery="398" centerz="15" radius="5">
<monster name="Ghostly visage" direction="2" spawntime="60" x="-1" y="0"/>
<monster name="Ghostly visage" direction="2" spawntime="60" x="1" y="0"/>
<monster name="Ghostly visage" direction="2" spawntime="60" x="0" y="1"/>
<monster name="Vlad Tepes" direction="2" spawntime="60" x="4" y="3"/>
</spawn>
<spawn centerx="97" centery="398" centerz="15" radius="5">
<monster name="Ghostly visage" direction="2" spawntime="60" x="-3" y="-1"/>
<monster name="Ghostly visage" direction="2" spawntime="60" x="-1" y="2"/>
<monster name="Ghostly visage" direction="2" spawntime="60" x="2" y="2"/>
</spawn>
<spawn centerx="108" centery="398" centerz="15" radius="5">
<monster name="Ghostly visage" direction="2" spawntime="60" x="-2" y="-1"/>
<monster name="Ghostly visage" direction="2" spawntime="60" x="1" y="-1"/>
<monster name="Ghostly visage" direction="2" spawntime="60" x="-1" y="2"/>
<monster name="Ghostly visage" direction="2" spawntime="60" x="2" y="2"/>
</spawn>
<spawn centerx="63" centery="399" centerz="15" radius="5">
<monster name="Ghostly visage" direction="2" spawntime="60" x="-1" y="0"/>
<monster name="Ghostly visage" direction="2" spawntime="60" x="1" y="0"/>
<monster name="Ghostly visage" direction="2" spawntime="60" x="0" y="1"/>
</spawn>
<spawn centerx="82" centery="399" centerz="15" radius="5">
<monster name="Plague Spitter" direction="2" spawntime="60" x="-2" y="1"/>
<monster name="Petrified Hell Hound" direction="2" spawntime="60" x="0" y="1"/>
</spawn>
<spawn centerx="88" centery="399" centerz="15" radius="5">
<monster name="Plague Spitter" direction="2" spawntime="60" x="2" y="0"/>
<monster name="Petrified Hell Hound" direction="2" spawntime="60" x="0" y="1"/>
</spawn>
<spawn centerx="149" centery="400" centerz="15" radius="5">
<monster name="Doom Lord" direction="2" spawntime="60" x="-2" y="-1"/>
<monster name="Plague Spitter" direction="2" spawntime="60" x="-5" y="0"/>
<monster name="Doom Lord" direction="2" spawntime="60" x="-2" y="0"/>
</spawn>
<spawn centerx="116" centery="402" centerz="15" radius="5">
<monster name="Doom Lord" direction="2" spawntime="60" x="-2" y="0"/>
<monster name="Doom Lord" direction="2" spawntime="60" x="2" y="2"/>
</spawn>
<spawn centerx="54" centery="403" centerz="15" radius="5">
<monster name="Doom Lord" direction="2" spawntime="60" x="-3" y="0"/>
<monster name="Doom Lord" direction="2" spawntime="60" x="2" y="0"/>
<monster name="Doom Lord" direction="2" spawntime="60" x="0" y="4"/>
</spawn>
<spawn centerx="37" centery="406" centerz="15" radius="12">
<monster name="Plague Spitter" direction="2" spawntime="60" x="5" y="-7"/>
<monster name="Plague Spitter" direction="2" spawntime="60" x="-4" y="-6"/>
<monster name="Ghostly visage" direction="2" spawntime="60" x="3" y="-3"/>
<monster name="Plague Spitter" direction="2" spawntime="60" x="-3" y="-1"/>
<monster name="Flesh Fiend" direction="2" spawntime="60" x="0" y="-1"/>
<monster name="Plague Spitter" direction="2" spawntime="60" x="2" y="-1"/>
<monster name="Plague Spitter" direction="2" spawntime="60" x="-10" y="0"/>
<monster name="Ghostly visage" direction="2" spawntime="60" x="-8" y="1"/>
<monster name="Plague Spitter" direction="2" spawntime="60" x="10" y="2"/>
<monster name="Ghostly visage" direction="2" spawntime="60" x="9" y="4"/>
<monster name="Plague Spitter" direction="2" spawntime="60" x="-7" y="5"/>
<monster name="Flesh Fiend" direction="2" spawntime="60" x="0" y="5"/>
<monster name="Plague Spitter" direction="2" spawntime="60" x="8" y="6"/>
<monster name="Plague Spitter" direction="2" spawntime="60" x="-2" y="10"/>
<monster name="Ghostly visage" direction="2" spawntime="60" x="0" y="10"/>
</spawn>
<spawn centerx="132" centery="406" centerz="15" radius="12">
<monster name="Plague Spitter" direction="2" spawntime="60" x="2" y="-7"/>
<monster name="Plague Spitter" direction="2" spawntime="60" x="-10" y="-6"/>
<monster name="Plague Spitter" direction="2" spawntime="60" x="6" y="-3"/>
<monster name="Plague Spitter" direction="2" spawntime="60" x="-6" y="-2"/>
<monster name="Plague Spitter" direction="2" spawntime="60" x="0" y="-1"/>
<monster name="Plague Spitter" direction="2" spawntime="60" x="12" y="0"/>
<monster name="Plague Spitter" direction="2" spawntime="60" x="-10" y="2"/>
<monster name="Plague Spitter" direction="2" spawntime="60" x="12" y="7"/>
<monster name="Plague Spitter" direction="2" spawntime="60" x="-4" y="9"/>
<monster name="Plague Spitter" direction="2" spawntime="60" x="5" y="9"/>
</spawn>
<spawn centerx="82" centery="408" centerz="15" radius="5">
<monster name="Petrified Hell Hound" direction="2" spawntime="60" x="0" y="1"/>
<monster name="Plague Spitter" direction="2" spawntime="60" x="4" y="1"/>
</spawn>
<spawn centerx="88" centery="408" centerz="15" radius="5">
<monster name="Petrified Hell Hound" direction="2" spawntime="60" x="0" y="1"/>
</spawn>
<spawn centerx="22" centery="409" centerz="15" radius="5">
<monster name="Doom Lord" direction="2" spawntime="60" x="-1" y="0"/>
<monster name="Doom Lord" direction="2" spawntime="60" x="1" y="0"/>
</spawn>
<spawn centerx="67" centery="409" centerz="15" radius="5">
<monster name="Nefarious Acolyte" direction="2" spawntime="10000" x="-1" y="0"/>
</spawn>
<spawn centerx="103" centery="409" centerz="15" radius="5">
<monster name="Nefarious Acolyte" direction="2" spawntime="10000" x="1" y="0"/>
</spawn>
<spawn centerx="54" centery="411" centerz="15" radius="5">
<monster name="Doom Lord" direction="2" spawntime="60" x="-2" y="0"/>
<monster name="Doom Lord" direction="2" spawntime="60" x="2" y="0"/>
</spawn>
<spawn centerx="116" centery="411" centerz="15" radius="5">
<monster name="Doom Lord" direction="2" spawntime="60" x="-2" y="-3"/>
<monster name="Doom Lord" direction="2" spawntime="60" x="1" y="-1"/>
</spawn>
<spawn centerx="149" centery="413" centerz="15" radius="5">
<monster name="Doom Lord" direction="2" spawntime="60" x="-2" y="0"/>
<monster name="Doom Lord" direction="2" spawntime="60" x="2" y="0"/>
</spawn>
<spawn centerx="82" centery="416" centerz="15" radius="5">
<monster name="Petrified Hell Hound" direction="2" spawntime="60" x="-2" y="0"/>
<monster name="Plague Spitter" direction="2" spawntime="60" x="-2" y="3"/>
</spawn>
<spawn centerx="88" centery="416" centerz="15" radius="5">
<monster name="Plague Spitter" direction="2" spawntime="60" x="0" y="-2"/>
<monster name="Petrified Hell Hound" direction="2" spawntime="60" x="1" y="1"/>
</spawn>
<spawn centerx="98" centery="418" centerz="15" radius="5">
<monster name="fire storm" direction="2" spawntime="60" x="0" y="-1"/>
<monster name="Hell screamer" direction="2" spawntime="60" x="-1" y="0"/>
<monster name="Hell screamer" direction="2" spawntime="60" x="1" y="0"/>
<monster name="Ghostly visage" direction="2" spawntime="60" x="0" y="1"/>
<monster name="Vlad Tepes" direction="2" spawntime="60" x="-3" y="4"/>
</spawn>
<spawn centerx="64" centery="419" centerz="15" radius="5">
<monster name="Vlad Tepes" direction="2" spawntime="60" x="-3" y="-1"/>
<monster name="Hell screamer" direction="2" spawntime="60" x="-1" y="-1"/>
<monster name="Vlad Tepes" direction="2" spawntime="60" x="-3" y="1"/>
<monster name="Hell screamer" direction="2" spawntime="60" x="-1" y="1"/>
<monster name="Hell screamer" direction="2" spawntime="60" x="3" y="4"/>
<monster name="Hell screamer" direction="2" spawntime="60" x="0" y="5"/>
</spawn>
<spawn centerx="73" centery="419" centerz="15" radius="5">
<monster name="Hell screamer" direction="2" spawntime="60" x="1" y="-1"/>
<monster name="Vlad Tepes" direction="2" spawntime="60" x="3" y="-1"/>
<monster name="Hell screamer" direction="2" spawntime="60" x="1" y="1"/>
<monster name="Vlad Tepes" direction="2" spawntime="60" x="3" y="1"/>
<monster name="Hell screamer" direction="2" spawntime="60" x="1" y="4"/>
<monster name="Hell screamer" direction="2" spawntime="60" x="1" y="5"/>
</spawn>
<spawn centerx="33" centery="422" centerz="15" radius="5">
<monster name="Doom Lord" direction="2" spawntime="60" x="0" y="-1"/>
<monster name="Doom Lord" direction="2" spawntime="60" x="0" y="2"/>
</spawn>
<spawn centerx="24" centery="423" centerz="15" radius="5">
<monster name="Doom Lord" direction="2" spawntime="60" x="-2" y="-1"/>
<monster name="Doom Lord" direction="2" spawntime="60" x="-2" y="2"/>
<monster name="Doom Lord" direction="2" spawntime="60" x="2" y="2"/>
</spawn>
<spawn centerx="140" centery="423" centerz="15" radius="5">
<monster name="Doom Lord" direction="2" spawntime="60" x="-2" y="-3"/>
<monster name="Doom Lord" direction="2" spawntime="60" x="3" y="1"/>
<monster name="Doom Lord" direction="2" spawntime="60" x="-2" y="3"/>
</spawn>
<spawn centerx="47" centery="425" centerz="15" radius="8">
<monster name="Doom Lord" direction="2" spawntime="60" x="4" y="-4"/>
<monster name="Doom Lord" direction="2" spawntime="60" x="-3" y="-2"/>
<monster name="Doom Lord" direction="2" spawntime="60" x="5" y="2"/>
<monster name="Doom Lord" direction="2" spawntime="60" x="-1" y="5"/>
</spawn>
<spawn centerx="82" centery="425" centerz="15" radius="5">
<monster name="Petrified Hell Hound" direction="2" spawntime="60" x="-2" y="0"/>
<monster name="Petrified Hell Hound" direction="2" spawntime="60" x="3" y="1"/>
<monster name="Plague Spitter" direction="2" spawntime="60" x="1" y="3"/>
</spawn>
<spawn centerx="89" centery="425" centerz="15" radius="5">
<monster name="Plague Spitter" direction="2" spawntime="60" x="0" y="-1"/>
<monster name="Petrified Hell Hound" direction="2" spawntime="60" x="1" y="1"/>
</spawn>
<spawn centerx="123" centery="425" centerz="15" radius="10">
<monster name="Doom Lord" direction="2" spawntime="60" x="-7" y="-6"/>
<monster name="Doom Lord" direction="2" spawntime="60" x="0" y="-5"/>
<monster name="Doom Lord" direction="2" spawntime="60" x="6" y="-5"/>
<monster name="Doom Lord" direction="2" spawntime="60" x="-7" y="1"/>
<monster name="Doom Lord" direction="2" spawntime="60" x="5" y="2"/>
<monster name="Doom Lord" direction="2" spawntime="60" x="-1" y="4"/>
</spawn>
<spawn centerx="108" centery="427" centerz="15" radius="5">
<monster name="fire storm" direction="2" spawntime="60" x="0" y="-1"/>
<monster name="Hell screamer" direction="2" spawntime="60" x="-1" y="0"/>
<monster name="Hell screamer" direction="2" spawntime="60" x="1" y="0"/>
<monster name="Ghostly visage" direction="2" spawntime="60" x="0" y="1"/>
</spawn>
<spawn centerx="97" centery="428" centerz="15" radius="5">
<monster name="Vlad Tepes" direction="2" spawntime="60" x="-2" y="-4"/>
<monster name="Hell screamer" direction="2" spawntime="60" x="-1" y="0"/>
<monster name="Hell screamer" direction="2" spawntime="60" x="1" y="0"/>
<monster name="Ghostly visage" direction="2" spawntime="60" x="0" y="1"/>
</spawn>
<spawn centerx="64" centery="429" centerz="15" radius="5">
<monster name="Hell screamer" direction="2" spawntime="60" x="3" y="-4"/>
<monster name="Vlad Tepes" direction="2" spawntime="60" x="-3" y="-1"/>
<monster name="Vlad Tepes" direction="2" spawntime="60" x="-3" y="1"/>
</spawn>
<spawn centerx="74" centery="429" centerz="15" radius="5">
<monster name="Hell screamer" direction="2" spawntime="60" x="0" y="-4"/>
<monster name="Vlad Tepes" direction="2" spawntime="60" x="2" y="-1"/>
<monster name="Vlad Tepes" direction="2" spawntime="60" x="2" y="1"/>
</spawn>
<spawn centerx="82" centery="436" centerz="15" radius="5">
<monster name="Petrified Hell Hound" direction="2" spawntime="60" x="0" y="-5"/>
<monster name="Plague Spitter" direction="2" spawntime="60" x="1" y="0"/>
<monster name="Petrified Hell Hound" direction="2" spawntime="60" x="-1" y="4"/>
</spawn>
<spawn centerx="89" centery="436" centerz="15" radius="5">
<monster name="Petrified Hell Hound" direction="2" spawntime="60" x="0" y="-5"/>
<monster name="Plague Spitter" direction="2" spawntime="60" x="2" y="-1"/>
<monster name="Petrified Hell Hound" direction="2" spawntime="60" x="1" y="3"/>
</spawn>
<spawn centerx="66" centery="438" centerz="15" radius="5">
<monster name="Skeletor" direction="2" spawntime="10000" x="-1" y="0"/>
</spawn>
<spawn centerx="104" centery="438" centerz="15" radius="5">
<monster name="Skeletor" direction="2" spawntime="10000" x="1" y="0"/>
</spawn>
<spawn centerx="48" centery="443" centerz="15" radius="10">
<monster name="Doom Lord" direction="2" spawntime="60" x="-1" y="-8"/>
<monster name="Doom Lord" direction="2" spawntime="60" x="3" y="-5"/>
<monster name="Doom Lord" direction="2" spawntime="60" x="-5" y="-4"/>
<monster name="Doom Lord" direction="2" spawntime="60" x="-6" y="3"/>
<monster name="Doom Lord" direction="2" spawntime="60" x="6" y="4"/>
<monster name="Doom Lord" direction="2" spawntime="60" x="1" y="7"/>
</spawn>
<spawn centerx="83" centery="445" centerz="15" radius="5">
<monster name="Petrified Hell Hound" direction="2" spawntime="60" x="0" y="-1"/>
<monster name="Petrified Hell Hound" direction="2" spawntime="60" x="5" y="5"/>
</spawn>
<spawn centerx="122" centery="445" centerz="15" radius="12">
<monster name="Doom Lord" direction="2" spawntime="60" x="1" y="-9"/>
<monster name="Doom Lord" direction="2" spawntime="60" x="-5" y="-8"/>
<monster name="Doom Lord" direction="2" spawntime="60" x="-6" y="-7"/>
<monster name="Doom Lord" direction="2" spawntime="60" x="7" y="-6"/>
<monster name="Doom Lord" direction="2" spawntime="60" x="-8" y="-3"/>
<monster name="Doom Lord" direction="2" spawntime="60" x="2" y="-2"/>
<monster name="Hell screamer" direction="2" spawntime="60" x="-12" y="0"/>
<monster name="Doom Lord" direction="2" spawntime="60" x="-2" y="0"/>
<monster name="Doom Lord" direction="2" spawntime="60" x="1" y="1"/>
<monster name="Doom Lord" direction="2" spawntime="60" x="8" y="1"/>
<monster name="Doom Lord" direction="2" spawntime="60" x="-8" y="4"/>
<monster name="Doom Lord" direction="2" spawntime="60" x="7" y="5"/>
<monster name="Doom Lord" direction="2" spawntime="60" x="-4" y="7"/>
<monster name="Doom Lord" direction="2" spawntime="60" x="2" y="9"/>
</spawn>
<spawn centerx="63" centery="448" centerz="15" radius="5">
<monster name="Hell screamer" direction="2" spawntime="60" x="-1" y="-1"/>
<monster name="Hell screamer" direction="2" spawntime="60" x="2" y="-1"/>
<monster name="Hell screamer" direction="2" spawntime="60" x="5" y="0"/>
<monster name="Hell screamer" direction="2" spawntime="60" x="-1" y="2"/>
<monster name="Hell screamer" direction="2" spawntime="60" x="2" y="2"/>
</spawn>
<spawn centerx="73" centery="448" centerz="15" radius="5">
<monster name="Hell screamer" direction="2" spawntime="60" x="-1" y="-1"/>
<monster name="Hell screamer" direction="2" spawntime="60" x="2" y="-1"/>
<monster name="Hell screamer" direction="2" spawntime="60" x="-1" y="2"/>
<monster name="Hell screamer" direction="2" spawntime="60" x="2" y="2"/>
<monster name="Hell screamer" direction="2" spawntime="60" x="0" y="5"/>
</spawn>
<spawn centerx="98" centery="449" centerz="15" radius="5">
<monster name="Hell screamer" direction="2" spawntime="60" x="-3" y="-4"/>
<monster name="Hell screamer" direction="2" spawntime="60" x="5" y="-3"/>
<monster name="Hell screamer" direction="2" spawntime="60" x="0" y="-1"/>
<monster name="Hell screamer" direction="2" spawntime="60" x="-1" y="0"/>
<monster name="Hell screamer" direction="2" spawntime="60" x="3" y="2"/>
<monster name="Hell screamer" direction="2" spawntime="60" x="-4" y="3"/>
<monster name="Hell screamer" direction="2" spawntime="60" x="2" y="3"/>
<monster name="Hell screamer" direction="2" spawntime="60" x="5" y="3"/>
</spawn>
<spawn centerx="107" centery="449" centerz="15" radius="5">
<monster name="Hell screamer" direction="2" spawntime="60" x="-2" y="-1"/>
<monster name="Hell screamer" direction="2" spawntime="60" x="-1" y="0"/>
<monster name="Hell screamer" direction="2" spawntime="60" x="0" y="1"/>
<monster name="Hell screamer" direction="2" spawntime="60" x="1" y="2"/>
<monster name="Hell screamer" direction="2" spawntime="60" x="-1" y="5"/>
</spawn>
<spawn centerx="89" centery="450" centerz="15" radius="5">
<monster name="Petrified Hell Hound" direction="2" spawntime="60" x="1" y="0"/>
<monster name="Petrified Hell Hound" direction="2" spawntime="60" x="2" y="0"/>
</spawn>
<spawn centerx="63" centery="456" centerz="15" radius="5">
<monster name="Hell screamer" direction="2" spawntime="60" x="-1" y="-1"/>
<monster name="Hell screamer" direction="2" spawntime="60" x="2" y="-1"/>
<monster name="Hell screamer" direction="2" spawntime="60" x="5" y="0"/>
<monster name="Hell screamer" direction="2" spawntime="60" x="-1" y="2"/>
<monster name="Hell screamer" direction="2" spawntime="60" x="2" y="2"/>
</spawn>
<spawn centerx="100" centery="458" centerz="15" radius="5">
<monster name="Hell screamer" direction="2" spawntime="60" x="5" y="-3"/>
<monster name="Hell screamer" direction="2" spawntime="60" x="0" y="-2"/>
<monster name="Hell screamer" direction="2" spawntime="60" x="4" y="-2"/>
<monster name="Hell screamer" direction="2" spawntime="60" x="-5" y="-1"/>
<monster name="Hell screamer" direction="2" spawntime="60" x="1" y="-1"/>
<monster name="Hell screamer" direction="2" spawntime="60" x="-2" y="2"/>
<monster name="Hell screamer" direction="2" spawntime="60" x="4" y="2"/>
</spawn>
<spawn centerx="109" centery="458" centerz="15" radius="5">
<monster name="Hell screamer" direction="2" spawntime="60" x="-1" y="0"/>
<monster name="Hell screamer" direction="2" spawntime="60" x="-2" y="1"/>
<monster name="Hell screamer" direction="2" spawntime="60" x="2" y="1"/>
</spawn>
<spawn centerx="50" centery="459" centerz="15" radius="5">
<monster name="Doom Lord" direction="2" spawntime="60" x="-1" y="0"/>
<monster name="Doom Lord" direction="2" spawntime="60" x="2" y="0"/>
<monster name="Doom Lord" direction="2" spawntime="60" x="-2" y="5"/>
</spawn>
<spawn centerx="78" centery="460" centerz="15" radius="5">
<monster name="Hell screamer" direction="2" spawntime="60" x="-1" y="-4"/>
<monster name="Hell screamer" direction="2" spawntime="60" x="-2" y="-3"/>
<monster name="Hell screamer" direction="2" spawntime="60" x="-1" y="-3"/>
<monster name="Hell screamer" direction="2" spawntime="60" x="-5" y="0"/>
<monster name="Hell screamer" direction="2" spawntime="60" x="0" y="1"/>
<monster name="Hell screamer" direction="2" spawntime="60" x="2" y="2"/>
<monster name="Hell screamer" direction="2" spawntime="60" x="-1" y="3"/>
</spawn>
<spawn centerx="91" centery="460" centerz="15" radius="5">
<monster name="Hell screamer" direction="2" spawntime="60" x="3" y="-4"/>
<monster name="Hell screamer" direction="2" spawntime="60" x="3" y="-3"/>
<monster name="Hell screamer" direction="2" spawntime="60" x="-1" y="1"/>
<monster name="Hell screamer" direction="2" spawntime="60" x="-3" y="2"/>
<monster name="Hell screamer" direction="2" spawntime="60" x="-1" y="3"/>
</spawn>
<spawn centerx="121" centery="464" centerz="15" radius="8">
<monster name="Doom Lord" direction="2" spawntime="60" x="-4" y="-4"/>
<monster name="Doom Lord" direction="2" spawntime="60" x="3" y="-2"/>
<monster name="Doom Lord" direction="2" spawntime="60" x="7" y="1"/>
<monster name="Doom Lord" direction="2" spawntime="60" x="-5" y="2"/>
<monster name="Doom Lord" direction="2" spawntime="60" x="2" y="5"/>
</spawn>
<spawn centerx="60" centery="466" centerz="15" radius="5">
<monster name="Doom Lord" direction="2" spawntime="60" x="-2" y="-2"/>
<monster name="Doom Lord" direction="2" spawntime="60" x="2" y="2"/>
</spawn>
<spawn centerx="110" centery="467" centerz="15" radius="5">
<monster name="Doom Lord" direction="2" spawntime="60" x="-2" y="-2"/>
<monster name="Doom Lord" direction="2" spawntime="60" x="0" y="-1"/>
<monster name="Doom Lord" direction="2" spawntime="60" x="1" y="2"/>
</spawn>
<spawn centerx="47" centery="468" centerz="15" radius="5">
<monster name="Doom Lord" direction="2" spawntime="60" x="-3" y="0"/>
<monster name="Doom Lord" direction="2" spawntime="60" x="-2" y="2"/>
</spawn>
<spawn centerx="75" centery="474" centerz="15" radius="10">
<monster name="Doom Lord" direction="2" spawntime="60" x="3" y="-5"/>
<monster name="Doom Lord" direction="2" spawntime="60" x="-3" y="-4"/>
<monster name="Doom Lord" direction="2" spawntime="60" x="-6" y="2"/>
<monster name="Doom Lord" direction="2" spawntime="60" x="4" y="2"/>
</spawn>
<spawn centerx="95" centery="475" centerz="15" radius="10">
<monster name="Doom Lord" direction="2" spawntime="60" x="4" y="-5"/>
<monster name="Doom Lord" direction="2" spawntime="60" x="-3" y="-4"/>
<monster name="Doom Lord" direction="2" spawntime="60" x="5" y="0"/>
<monster name="Doom Lord" direction="2" spawntime="60" x="-2" y="4"/>
</spawn>
<spawn centerx="487" centery="67" centerz="7" radius="5">
<monster name="void terror" direction="2" spawntime="30" x="0" y="0"/>
<monster name="The Soul" direction="2" spawntime="15" x="-1" y="2"/>
<monster name="The Soul" direction="2" spawntime="14" x="1" y="2"/>
</spawn>
</spawns>
